196
#Here is the number of lines required: 47
##start
Qro8 1 1
##end
Xrp5 2 2
Wxq6 5 5
Vak9 8 8
Gtf0 12 12
Mqr8 16 16
Ywa5 17 17
Grg2 20 20
Ixl5 23 23
Oh_1 26 26
Bkt3 29 29
Gps6 33 33
Cf_6 38 38
H_p0 41 41
Xqj6 42 42
Svd4 43 43
Kpo1 46 46
Xp_4 51 51
Zxd0 54 54
Fg_0 59 59
Abt2 62 62
Zx_5 67 67
Ixg3 72 72
Bgs0 75 75
Qt_7 77 77
Wza4 81 81
Ipp8 86 86
Db_3 90 90
Xvz9 93 93
Zqs9 96 96
Xfz1 99 99
B_d9 103 103
Hcw2 105 105
Iy_7 108 108
Asj5 113 113
Wnl3 118 118
Mls0 121 121
Sft4 123 123
Y_i4 125 125
Xpi7 129 129
Vlf6 134 134
Yhg9 137 137
Tk_8 140 140
Gyx9 143 143
Tku2 148 148
Vah3 151 151
Sor0 154 154
Snh0 158 158
Aij8 163 163
Jqt2 165 165
Tro9 167 167
Dlx2 170 170
Aye7 174 174
E_d6 178 178
Dyf9 183 183
Woc9 188 188
Kau1 191 191
Afp5 195 195
Xh_8 197 197
Xfj7 199 199
Wr_2 200 200
Vpg5 201 201
Mst6 204 204
Prk7 206 206
Wka1 207 207
Ieq1 210 210
Rld4 211 211
Hdg5 213 213
W_l2 217 217
Vso6 220 220
Uvx4 223 223
Rod1 227 227
Fkr6 231 231
Meq7 235 235
Dm_6 240 240
Yks2 243 243
Acl7 247 247
Fji5 249 249
Pxq2 254 254
Ham3 256 256
Aip3 260 260
Zwe4 261 261
Yld8 263 263
Kde9 265 265
Gup0 270 270
Kgc2 273 273
Xju9 276 276
Vek1 279 279
Eze7 282 282
Piq4 285 285
Jwz5 288 288
Efn8 292 292
Sfh0 294 294
Yso2 298 298
Bkc9 300 300
Knz5 302 302
Cxu5 304 304
Vbi0 306 306
Ots0 308 308
Key6 311 311
Hyv9 316 316
C_x1 321 321
Ayt1 325 325
Jzn3 326 326
Ind1 329 329
Joj8 333 333
Ab_6 338 338
Fbl3 341 341
Ocu1 345 345
V_p0 349 349
E_g2 352 352
Ixs2 357 357
Iib4 359 359
Voj7 363 363
Ngj5 365 365
Nml1 367 367
Pzm0 370 370
Off0 372 372
Vbf3 376 376
Ou_9 379 379
Egn9 381 381
Rgm1 385 385
Byw0 388 388
Duq0 390 390
Zdp5 391 391
Iek6 395 395
Oeq1 400 400
Wup7 403 403
Ims4 406 406
G_y7 407 407
Dov3 410 410
Fxu0 412 412
Uda9 416 416
Ooz5 417 417
Tjm7 420 420
Mat1 422 422
A_z2 427 427
Cuc0 430 430
Tjl1 433 433
Uym4 434 434
Zaw2 435 435
Ncq7 440 440
Njc4 445 445
Npc0 449 449
Sku6 454 454
Vwb8 455 455
Wyu2 456 456
Cyr4 459 459
Sbe4 464 464
Pmd2 468 468
Wat0 469 469
Nzb5 474 474
Ap_5 477 477
B_z5 479 479
Gke4 484 484
Xbc3 488 488
O_i6 489 489
O_m0 494 494
Ojr9 496 496
Tmu2 500 500
J_m0 502 502
Bvu9 503 503
Z_l2 508 508
Gml0 512 512
Z_r2 515 515
Hkg7 519 519
Jtz3 521 521
Olj6 525 525
Smi1 527 527
Rxg0 528 528
Bxd8 530 530
Ewp4 534 534
Pqt3 536 536
Qrq1 541 541
Hzg9 543 543
E_r1 546 546
Zv_2 551 551
Cka9 555 555
Bqa2 557 557
Hfx7 559 559
Awq6 563 563
Rxy7 567 567
F_w8 569 569
M_d0 574 574
Diq9 577 577
Jmm0 582 582
Dap8 584 584
To_2 588 588
Ygg5 590 590
Ilg1 595 595
Ofj6 596 596
Hhw4 600 600
Sbx6 605 605
Xmb5 608 608
Ie_9 609 609
F_x0 610 610
Myd6 615 615
Taq6 618 618
Glb0 620 620
Jyd6 625 625
Bnd3 628 628
Bkj6 633 633
Ihl1 637 637
Ktq8 641 641
Edx6 644 644
Znu5 648 648
Ylq5 650 650
Byb8 655 655
Wtl5 658 658
Hje4 662 662
Vxt8 667 667
Wdm1 668 668
Ph_4 670 670
Tbg0 672 672
Rfv5 674 674
Dnx3 677 677
B_m1 679 679
N_g3 682 682
Fia6 685 685
Akb5 688 688
Tsz2 691 691
Khb8 693 693
Dqj8 695 695
Icg9 698 698
Fel5 699 699
Xy_7 701 701
Mix5 705 705
Asp6 707 707
P_s9 712 712
Afn3 715 715
Glw6 718 718
Opt8 723 723
Iyb9 728 728
Eop3 732 732
Zyo8 736 736
Iu_4 739 739
Na_7 743 743
Uom0 744 744
Kxc4 746 746
M_c0 749 749
O__8 753 753
Pjt9 757 757
Rxg5 759 759
Ewr4 761 761
Thr8 763 763
Asf6 766 766
Scd0 768 768
Hbm8 769 769
Nof3 773 773
Ant4 777 777
Zll6 780 780
Iws4 785 785
Z_p5 787 787
Qaf0 789 789
Dbv4 793 793
Tjv0 796 796
X_m8 799 799
Atm6 803 803
Gfm1 806 806
I_t6 811 811
Ruv2 813 813
Uo_9 815 815
Eeb8 818 818
Kec0 821 821
Cex3 823 823
Url8 826 826
Fmh6 829 829
Nrq8 832 832
How2 836 836
Tsp8 841 841
Dmt4 844 844
Xx_3 847 847
Izb2 852 852
P_j6 856 856
Xuc7 859 859
Jgd3 860 860
Nft1 864 864
Hs_7 867 867
Zas7 871 871
Vuz3 875 875
Xor7 878 878
Zm_4 881 881
Siq1 885 885
Ktk1 888 888
Ujj6 890 890
Joz6 892 892
Ysv5 896 896
Kze7 898 898
Rzf9 901 901
Cac0 903 903
Gyk8 905 905
Zxe0 910 910
Fig3 915 915
Vxa1 920 920
Jxa7 925 925
S_k9 929 929
Hsx7 934 934
Ezx6 938 938
Hcc1 940 940
Tj_2 944 944
Gxu7 947 947
Fkq4 951 951
Uvm9 954 954
M__1 957 957
Jyp5 960 960
Yil4 962 962
Qrp9 965 965
Yqn5 969 969
Srp4 974 974
Ver2 977 977
Zuz7 980 980
Miz5 983 983
Cd_3 986 986
Qgv1 991 991
Uji6 993 993
Flh8 995 995
Pht2 999 999
Qvh4 1002 1002
Mky8 1005 1005
Ubu9 1008 1008
Dyb3 1012 1012
Czs3 1015 1015
Txc8 1016 1016
Jsf7 1019 1019
Ida3 1024 1024
Vxz4 1027 1027
Rft9 1030 1030
Sl_0 1033 1033
Sbf9 1036 1036
Ejx1 1038 1038
Bef9 1040 1040
Jkl7 1043 1043
Zoc2 1046 1046
Urc0 1049 1049
Zqp4 1054 1054
Aen1 1058 1058
D__9 1060 1060
Xwl9 1063 1063
Ojf7 1064 1064
Xtm2 1067 1067
Ypm5 1070 1070
Wly0 1075 1075
Uzh7 1077 1077
Ouu0 1082 1082
Qnu6 1084 1084
I_s7 1085 1085
Txl7 1087 1087
Myo6 1089 1089
Itq3 1093 1093
Fhz0 1097 1097
Axi2 1101 1101
D_g7 1103 1103
Ewf0 1107 1107
Wqf8 1108 1108
Flh6 1111 1111
Plk4 1114 1114
Xze8 1117 1117
Zym5 1121 1121
Aed7 1125 1125
Gxh1 1129 1129
Gay9 1134 1134
Mbx1 1137 1137
Xo_6 1142 1142
Jwv8 1144 1144
Zll3 1147 1147
Kpp2 1149 1149
Sbv2 1151 1151
Vit3 1154 1154
Bog3 1155 1155
Byg1 1160 1160
Xkv9 1164 1164
Qgx7 1169 1169
Khg4 1172 1172
Wqd2 1176 1176
Qw_9 1181 1181
Kbl8 1185 1185
Vln8 1188 1188
Zym1 1190 1190
Cth8 1193 1193
Jtz5 1197 1197
Wgf8 1199 1199
I_o0 1203 1203
Sii7 1207 1207
Qnf5 1211 1211
Nzb3 1213 1213
A_x4 1218 1218
Ape9 1223 1223
Xum4 1225 1225
Ywo3 1230 1230
Jfb0 1235 1235
Afa6 1236 1236
E_t5 1241 1241
Kpx3 1244 1244
Cfp5 1249 1249
Njt9 1254 1254
Noz5 1259 1259
Ajh5 1264 1264
Kqb3 1269 1269
X_z2 1273 1273
Yxn9 1276 1276
Wpe6 1277 1277
Xjf4 1278 1278
Eym0 1283 1283
Cmv8 1285 1285
Ozj1 1288 1288
Iyu8 1292 1292
Ael6 1295 1295
Dep0 1298 1298
Jt_0 1301 1301
Mkw5 1303 1303
Qow6 1306 1306
Zx_4 1308 1308
Ru_3 1311 1311
Kon0 1315 1315
Oya9 1316 1316
Ejm3 1318 1318
O_p0 1321 1321
Vvx5 1322 1322
J__4 1326 1326
P_q0 1328 1328
Gsr7 1331 1331
Ezy7 1334 1334
Wum6 1337 1337
Huz3 1339 1339
Plr0 1342 1342
P_v7 1344 1344
Zl_8 1348 1348
Me_4 1351 1351
Fq_3 1356 1356
Ro_4 1359 1359
Fxm1 1363 1363
Alg8 1365 1365
Xez8 1367 1367
Jhs0 1368 1368
Jk_5 1370 1370
Edx1 1374 1374
Xos5 1375 1375
Eku3 1378 1378
Hld0 1381 1381
Pyf0 1385 1385
Fpx1 1388 1388
Nwj5 1391 1391
Nyo4 1394 1394
Qg_4 1396 1396
Nwh3 1399 1399
R_w6 1401 1401
Dxe2 1403 1403
Kxf1 1407 1407
Yha5 1408 1408
Svk0 1410 1410
Ic_1 1411 1411
Xc_7 1415 1415
O_p1 1418 1418
Ttb4 1421 1421
G_d5 1425 1425
Jsh8 1429 1429
Cm_0 1432 1432
O_u9 1436 1436
S_f7 1439 1439
Ryo7 1441 1441
R__1 1445 1445
Wxb1 1448 1448
Egc0 1451 1451
Ztq8 1452 1452
Jya5 1456 1456
Nay9 1457 1457
Wjn1 1458 1458
Zzg0 1459 1459
Klm3 1462 1462
Pux3 1464 1464
Bbe0 1466 1466
Erj9 1468 1468
Ra_2 1472 1472
Shg6 1475 1475
Qs_8 1479 1479
Mez9 1481 1481
Ylr3 1484 1484
Zbq4 1488 1488
Nhy6 1490 1490
Zcx0 1491 1491
V_x6 1493 1493
Jrt4 1496 1496
Dg_0 1498 1498
Cpy4 1501 1501
Cfv5 1506 1506
Ccq2 1509 1509
Mqd5 1512 1512
Ecu9 1516 1516
Mtx9 1518 1518
Anb3 1521 1521
Rzv1 1523 1523
Vhu4 1526 1526
Mop5 1529 1529
Ryw2 1532 1532
Pnn9 1537 1537
Tsm5 1538 1538
Ig_3 1543 1543
Ygz4 1547 1547
Fqh9 1550 1550
Xks7 1554 1554
Q_s5 1556 1556
Zgg2 1559 1559
Txp0 1560 1560
Q_l4 1565 1565
Kwd6 1569 1569
Iwt9 1572 1572
Ihl4 1574 1574
V_f2 1579 1579
Yhn6 1582 1582
S_f6 1585 1585
Nav7 1587 1587
Yix8 1590 1590
Yqw8 1593 1593
X_t6 1595 1595
Ytq0 1598 1598
Fbv2 1602 1602
Ywn0 1607 1607
Vvx0 1610 1610
Ghu5 1614 1614
Hs_0 1617 1617
Yff0 1618 1618
Edq1 1622 1622
Kqv8 1625 1625
Bmg5 1628 1628
Nji1 1632 1632
Ehe9 1634 1634
Pnr3 1635 1635
Ptf8 1638 1638
Aej6 1640 1640
Zgp4 1644 1644
Jrx3 1647 1647
Xcb1 1652 1652
Fja9 1655 1655
Muj3 1660 1660
Wag3 1665 1665
Wma7 1667 1667
Gmf1 1672 1672
Djj2 1676 1676
Jlw7 1678 1678
Izm5 1681 1681
Ilu8 1686 1686
J_n1 1688 1688
Tvv0 1692 1692
Hzt7 1696 1696
F_u5 1699 1699
Dif1 1700 1700
Jrw0 1703 1703
Ogq4 1707 1707
F_g3 1710 1710
Okc7 1713 1713
Jvx8 1716 1716
Uxa3 1719 1719
Wpn5 1722 1722
Ctw6 1725 1725
Vmu4 1729 1729
Xj_3 1732 1732
Urq9 1735 1735
Wz_8 1737 1737
Bhp1 1739 1739
Qvo2 1743 1743
Cdk3 1746 1746
Ko_0 1750 1750
Wl_3 1752 1752
Sll6 1755 1755
Wn_0 1757 1757
Fow8 1760 1760
Tqb1 1763 1763
Pbn5 1767 1767
Pyb7 1771 1771
Cox8 1776 1776
Jch1 1779 1779
C_n6 1783 1783
Wls7 1786 1786
Euy3 1789 1789
Cfi6 1791 1791
Uoo8 1794 1794
Ite3 1798 1798
Mip1 1801 1801
Qox5 1803 1803
Qvh9 1805 1805
Cyi8 1807 1807
P_r8 1809 1809
Gpm6 1812 1812
Weu5 1815 1815
Ouo9 1817 1817
Guv2 1819 1819
Uqv7 1822 1822
Slp9 1825 1825
V_m9 1828 1828
Zmw9 1832 1832
Ubl4 1833 1833
Fmi6 1837 1837
Kbu6 1841 1841
Mxg0 1844 1844
Krt2 1846 1846
Thf1 1848 1848
Mdl4 1852 1852
Gjx1 1855 1855
Tly0 1856 1856
Crs6 1861 1861
Hlc1 1862 1862
Mdl3 1865 1865
Mfv0 1868 1868
Njg9 1872 1872
Nlb6 1875 1875
Hul6 1876 1876
Tun7 1878 1878
Yb_1 1879 1879
Jb_6 1881 1881
Yfl8 1884 1884
R_a1 1885 1885
Yaq1 1887 1887
Xee6 1892 1892
V_q6 1893 1893
Idt2 1896 1896
Xzh9 1898 1898
Qa_7 1902 1902
Dvt3 1906 1906
Pwv8 1908 1908
Kk_4 1912 1912
Nw_9 1915 1915
Wof7 1916 1916
Wue0 1920 1920
Mgi9 1921 1921
Sbu3 1925 1925
Fba0 1929 1929
Km_7 1932 1932
X_k4 1934 1934
Ezb8 1935 1935
Zvg6 1937 1937
Pec9 1939 1939
Dlb1 1943 1943
Sgq1 1946 1946
I_o4 1950 1950
Jxh4 1951 1951
Kqy7 1953 1953
Vyk7 1957 1957
Oea3 1961 1961
Kyr2 1964 1964
Nnl6 1969 1969
Hhq2 1971 1971
Wnx5 1975 1975
C_s5 1977 1977
Zrn7 1980 1980
Aby5 1984 1984
W_h7 1987 1987
Gjb7 1990 1990
Gur4 1991 1991
Ilz1 1995 1995
Oj_4 1998 1998
G_w1 2001 2001
Ves1 2005 2005
Bld5 2008 2008
Cuh8 2009 2009
Wni6 2014 2014
Ucn8 2019 2019
Dmn0 2021 2021
Oey4 2025 2025
Frk3 2029 2029
Fu_2 2032 2032
Ujj7 2036 2036
Gyb9 2040 2040
Dls3 2043 2043
Ior7 2047 2047
Frx8 2050 2050
Qgv8 2052 2052
Dvv4 2057 2057
Fit1 2060 2060
Ssp4 2063 2063
Fay9 2065 2065
C__7 2069 2069
Bhl8 2072 2072
Ppg9 2075 2075
Zqk1 2077 2077
Gip4 2082 2082
Vbo5 2084 2084
Hua5 2088 2088
Emx7 2090 2090
Cgg3 2093 2093
Qcm9 2097 2097
Ine0 2099 2099
Omf8 2102 2102
Ti_5 2104 2104
Nxt0 2105 2105
Klc1 2108 2108
Mla4 2109 2109
Sdf2 2110 2110
Qfx3 2115 2115
Bjn2 2118 2118
Hra1 2122 2122
Qzq4 2123 2123
Mpq7 2126 2126
Krl7 2128 2128
Ycy9 2133 2133
Tg_9 2134 2134
Vat8 2139 2139
Znl3 2142 2142
Pxg2 2147 2147
Qua1 2150 2150
Sxr3 2154 2154
Zqu1 2158 2158
Fdl6 2163 2163
Jkp5 2165 2165
T__6 2169 2169
Jls5 2173 2173
Sci6 2174 2174
Ktt5 2179 2179
Cuy2 2180 2180
Tjx8 2184 2184
Nxi6 2188 2188
Twx6 2191 2191
Ton1 2195 2195
Ey_4 2199 2199
Waw3 2204 2204
Hba6 2206 2206
Mwo5 2209 2209
Toy3 2210 2210
Kpr9 2211 2211
Pmn6 2212 2212
Die5 2214 2214
Bnr8 2217 2217
K_c8 2220 2220
Ub_0 2224 2224
Toe9 2226 2226
Peg0 2228 2228
Pt_5 2230 2230
X_r0 2235 2235
Oet8 2239 2239
Oxw4 2242 2242
Izc4 2244 2244
Sxl5 2249 2249
Doc5 2253 2253
Kju1 2256 2256
F_q4 2260 2260
Njy3 2263 2263
Jxz6 2266 2266
Zg_1 2269 2269
J_a8 2271 2271
Rbw0 2272 2272
Mvi2 2275 2275
Mqj1 2279 2279
G_c0 2282 2282
Mfl1 2284 2284
Bww3 2285 2285
Dxm7 2288 2288
E_p2 2291 2291
Obe5 2294 2294
Zze8 2295 2295
Xli3 2298 2298
Qss8 2301 2301
Fmv9 2304 2304
Ogm2 2309 2309
Yzw3 2310 2310
Ejg9 2312 2312
O__6 2315 2315
Evj9 2316 2316
Pkv1 2320 2320
Nwk1 2323 2323
Fvh3 2327 2327
S_d4 2330 2330
Top0 2332 2332
Cgl1 2336 2336
Fhe6 2340 2340
Eig9 2344 2344
Jrw3 2345 2345
Zon8 2347 2347
Ijq4 2352 2352
Mcm0 2354 2354
Adk2 2356 2356
Nwk8 2357 2357
Eyb1 2360 2360
Pak3 2364 2364
Ksy2 2367 2367
Pzz2 2370 2370
W_b7 2371 2371
Kvz9 2374 2374
Xkw0 2377 2377
Znf1 2381 2381
Dyi0 2382 2382
Sae8 2385 2385
Udw7 2389 2389
V_j1 2392 2392
Xpf4 2394 2394
Wkf7 2396 2396
Jlc2 2401 2401
Rnx5 2403 2403
Kml3 2407 2407
Iqy0 2409 2409
Idf5 2410 2410
Qj_0 2412 2412
Axq4 2413 2413
Znt7 2416 2416
Q_q5 2419 2419
Pdh0 2421 2421
Xbc6 2422 2422
Yvk1 2424 2424
R__9 2427 2427
Scm9 2429 2429
Flv2 2431 2431
Rmi9 2433 2433
Afi2 2436 2436
Jex9 2438 2438
Ylw0 2441 2441
O_b3 2445 2445
Xci7 2448 2448
Tdz2 2450 2450
Qb_5 2452 2452
Bsq6 2455 2455
R__2 2458 2458
Kdr7 2463 2463
Kgz0 2467 2467
Oo_8 2471 2471
Dnd4 2475 2475
Fqh5 2480 2480
Ybu6 2484 2484
Rjc6 2486 2486
Mel9 2487 2487
Uzj6 2490 2490
Xpn8 2495 2495
O__4 2500 2500
Fsu2 2503 2503
Epm9 2505 2505
Ocn3 2510 2510
Uko2 2511 2511
Vos6 2515 2515
Eeu8 2519 2519
Sex1 2523 2523
Vtf7 2527 2527
Mpf7 2530 2530
Prl7 2531 2531
Ysq2 2536 2536
Ak_9 2539 2539
Cqd3 2542 2542
Iuw6 2544 2544
Fbd4 2548 2548
Chs0 2552 2552
Ip_0 2554 2554
Rav8 2555 2555
Bux3 2559 2559
B_x9 2560 2560
Agg1 2565 2565
Qy_8 2567 2567
Hza5 2570 2570
Wff9 2573 2573
Bla4 2575 2575
Ejq7 2577 2577
Ry_6 2581 2581
Cja9 2584 2584
Rmt3 2587 2587
U_q9 2591 2591
O_m5 2594 2594
Csz9 2596 2596
Jpv0 2599 2599
Is_4 2603 2603
Qmj6 2604 2604
Asc4 2608 2608
Mlm8 2610 2610
Nim1 2614 2614
Vbm2 2618 2618
Tdh1 2620 2620
Alz3 2624 2624
Uyu2 2628 2628
Ylf3 2631 2631
K_o5 2633 2633
Wmr9 2638 2638
Ami8 2641 2641
X_o0 2642 2642
Cqt9 2643 2643
Ic_0 2648 2648
Yv_5 2651 2651
Yuk8 2655 2655
Ms_8 2659 2659
Qfs4 2662 2662
N_i2 2665 2665
Ejb3 2667 2667
Xup6 2668 2668
Dlw2 2669 2669
Zgt1 2670 2670
Npq0 2674 2674
Bbz1 2678 2678
Fhi7 2683 2683
D_o3 2686 2686
Kcm1 2691 2691
Aww3 2694 2694
Xbp3 2696 2696
Msv5 2699 2699
Nma0 2702 2702
Tsz7 2705 2705
Slm1 2709 2709
Oed8 2714 2714
Zay2 2716 2716
Wgi0 2718 2718
Ona0 2720 2720
Kly8 2723 2723
Av_8 2726 2726
Bwn9 2730 2730
Xld0 2735 2735
Bil8 2736 2736
Xch3 2739 2739
Fnl9 2744 2744
Dsb5 2747 2747
Hhz8 2750 2750
Bmo1 2754 2754
Zv_0 2758 2758
Wh_5 2761 2761
Yn_0 2764 2764
Eo_0 2765 2765
Ise3 2767 2767
Rlk4 2769 2769
S__9 2772 2772
Ezi0 2774 2774
Mwu5 2776 2776
Mwd8 2780 2780
Glu0 2781 2781
Czu7 2785 2785
Ooa2 2786 2786
D_l1 2789 2789
Sgx8 2792 2792
Sxx6 2796 2796
Dlq7 2799 2799
Wvb5 2801 2801
Wrs0 2802 2802
Exb9 2806 2806
Mgb8 2810 2810
Yvq8 2815 2815
Xrd9 2819 2819
Ve_3 2823 2823
Tk_6 2828 2828
Aqp6 2829 2829
Vhs9 2832 2832
Rgs7 2834 2834
Xez9 2838 2838
Uje8 2841 2841
Qwz9 2845 2845
Zan7 2849 2849
Ojh8 2851 2851
Fv_6 2852 2852
Cvt6 2856 2856
Kf_3 2858 2858
Qiy7 2863 2863
Uvu5 2865 2865
Tpz8 2867 2867
T_x1 2871 2871
Ghq4 2873 2873
Uen2 2877 2877
Fns1 2878 2878
Enr2 2879 2879
Twz4 2882 2882
Wg_7 2885 2885
Mju7 2889 2889
Tij9 2891 2891
Q_y5 2895 2895
Sot7 2899 2899
I_y9 2900 2900
Dvo4 2904 2904
Qb_2 2905 2905
M_l9 2908 2908
Rg_8 2913 2913
Gex9 2914 2914
Yjp0 2917 2917
Nkl8 2919 2919
Avd5 2924 2924
Vkb2 2928 2928
Fhs0 2931 2931
Mcb5 2935 2935
Huc0 2940 2940
Wne5 2941 2941
Tuq9 2945 2945
Wal6 2947 2947
Vla7 2951 2951
Huf4 2954 2954
Wm_4 2958 2958
Hdk2 2961 2961
Mvj6 2963 2963
Mtv8 2966 2966
Bpt6 2967 2967
U_s2 2971 2971
Mgc4 2975 2975
Zcg0 2979 2979
Qu_3 2982 2982
Odk9 2986 2986
Ag_3 2988 2988
Ncy1 2991 2991
Tzw3 2994 2994
R_k3 2996 2996
Nuq8 3000 3000
Fqh6 3002 3002
W_m5 3006 3006
Ozz7 3010 3010
Clz3 3014 3014
Soj6 3016 3016
Yyo8 3018 3018
Xzk2 3021 3021
Zki7 3024 3024
Hg_3 3027 3027
Cbs6 3028 3028
Nhm6 3032 3032
Tkb8 3035 3035
B_f2 3039 3039
Eml9 3042 3042
Qbd7 3047 3047
Iez1 3050 3050
Upl5 3053 3053
Awl9 3055 3055
Bvb6 3058 3058
Vzh3 3063 3063
Bzf3 3067 3067
Dds3 3069 3069
Twc7 3072 3072
E__1 3075 3075
Mgy8 3077 3077
Uyy6 3082 3082
Ywi9 3085 3085
Qoc0 3087 3087
Ppf9 3092 3092
Njd3 3097 3097
Eyp8 3099 3099
Vwt3 3101 3101
Jev6 3105 3105
Ebk4 3107 3107
Utl1 3108 3108
Sat0 3109 3109
Ano2 3112 3112
Yjb1 3113 3113
Cau2 3118 3118
Yrc7 3121 3121
Aah4 3124 3124
Vpe9 3127 3127
Cic7 3132 3132
Uoy5 3134 3134
Hnw4 3135 3135
Wea0 3137 3137
Tdd0 3141 3141
Tqq1 3145 3145
Gzr9 3148 3148
Zyq0 3153 3153
Cos6 3157 3157
Jxd3 3158 3158
Ejk2 3162 3162
Bnt0 3166 3166
Ipo7 3168 3168
Mok7 3171 3171
Qve6 3174 3174
Tt_0 3178 3178
Tnl7 3180 3180
Iog0 3183 3183
Fsg8 3184 3184
Iew8 3188 3188
Aul2 3190 3190
Ono8 3193 3193
Twi4 3197 3197
Xpl6 3199 3199
Ddx6 3200 3200
Yg_1 3205 3205
Cag3 3209 3209
Bwj3 3211 3211
Ipg1 3216 3216
Jnu1 3219 3219
Kyi7 3222 3222
Sab0 3226 3226
Ndy1 3228 3228
J_v7 3230 3230
Nro9 3234 3234
Cyo8 3235 3235
Mpr8 3237 3237
Brn7 3241 3241
Fwc2 3246 3246
Yia9 3249 3249
Dcg2 3251 3251
Quh5 3254 3254
Xo_7 3256 3256
Bqq3 3258 3258
J_h3 3262 3262
Csr1 3264 3264
Ghg2 3266 3266
Ssj8 3270 3270
Sjy9 3273 3273
Idd5 3277 3277
Zik0 3282 3282
Ado3 3287 3287
Eua2 3290 3290
Ssh2 3293 3293
Bvd8 3296 3296
Hw_9 3300 3300
Cks3 3304 3304
Jjb2 3306 3306
Bnu0 3309 3309
Vhj3 3312 3312
Gaa7 3317 3317
Zzt2 3321 3321
Dht0 3326 3326
Oyg2 3329 3329
E_c7 3331 3331
Xtq0 3334 3334
Qxd2 3336 3336
O_o3 3338 3338
Emm1 3342 3342
Kbw6 3343 3343
Zte7 3346 3346
Gfk9 3350 3350
Icq9 3353 3353
Atr0 3354 3354
Vp_2 3355 3355
Tpu0 3357 3357
Uvb7 3361 3361
Sdg2 3364 3364
A__7 3369 3369
Tcj6 3371 3371
Nd_2 3374 3374
Nxk8 3377 3377
Kom9 3381 3381
Yso3 3384 3384
Ygb9 3387 3387
Hky3 3392 3392
Wjx0 3393 3393
Oer7 3398 3398
Sub8 3402 3402
Y_v2 3404 3404
Xqg0 3408 3408
Vfe5 3410 3410
Sxq1 3412 3412
Qir6 3413 3413
Rjy0 3415 3415
Niv4 3417 3417
W_s4 3421 3421
Tlt2 3423 3423
Tc_1 3425 3425
Yvj9 3427 3427
Fib6 3430 3430
Gmo7 3432 3432
Pwl2 3436 3436
Jes5 3440 3440
Hfn5 3443 3443
Tmt0 3446 3446
Caz5 3448 3448
Epq9 3451 3451
Oa_8 3456 3456
Kdf2 3459 3459
Izl6 3461 3461
Swh9 3465 3465
Zpm9 3467 3467
Kya0 3471 3471
M_v3 3474 3474
Odt7 3476 3476
Dbe5 3477 3477
Gpd7 3481 3481
Zis9 3485 3485
Ecq5 3487 3487
Qdx4 3489 3489
Cyq8 3493 3493
Rxh8 3497 3497
Kmk4 3502 3502
Hc_0 3505 3505
Dan2 3507 3507
A_u3 3510 3510
Ihy7 3515 3515
Mqo8 3520 3520
Dq_4 3524 3524
Pse6 3526 3526
Gm_3 3529 3529
Dbk8 3531 3531
Fad7 3534 3534
Tqt2 3538 3538
Ycy5 3541 3541
Dqq1 3543 3543
Zzp5 3547 3547
Fs_0 3549 3549
Bzj6 3552 3552
Ihj0 3555 3555
O_c2 3559 3559
Eot8 3562 3562
Dym6 3566 3566
Xpp1 3570 3570
Oxj6 3573 3573
W_g6 3575 3575
Vac6 3577 3577
Hag8 3581 3581
Srw3 3585 3585
Pxg3 3587 3587
Kmk2 3591 3591
Ewk8 3594 3594
O_p5 3598 3598
Bu_2 3601 3601
Xgy8 3602 3602
Vn_5 3604 3604
Tph0 3607 3607
Ji_7 3609 3609
Ydr6 3612 3612
Bez1 3617 3617
Tcl9 3618 3618
Yhe9 3620 3620
Qbe8 3623 3623
Xev7 3628 3628
Iqg9 3633 3633
Ywk5 3635 3635
Hcn5 3639 3639
U_w3 3643 3643
U_g1 3647 3647
Qzq8 3648 3648
Gcn0 3652 3652
J_r8 3655 3655
Qen4 3659 3659
Cjw0 3662 3662
Urh3 3666 3666
Tvw2 3671 3671
Zsa9 3674 3674
Kfy6 3679 3679
Ymq3 3684 3684
Tce4 3689 3689
Soo4 3692 3692
Wpw3 3693 3693
Sln9 3697 3697
Dko0 3700 3700
Ksk2 3704 3704
Cye8 3707 3707
Itv1 3708 3708
Der0 3711 3711
U_g6 3714 3714
Yep9 3718 3718
Zys3 3721 3721
Cpz0 3726 3726
Vjg0 3728 3728
Wo_7 3731 3731
Ebi7 3732 3732
Mlf8 3733 3733
Nhr3 3735 3735
Qrt1 3738 3738
Zyf7 3741 3741
Awz0 3745 3745
Uee6 3747 3747
Yht2 3750 3750
Gi_5 3755 3755
Ijp4 3757 3757
Feo5 3760 3760
Pno7 3762 3762
Vuu7 3766 3766
Ae_7 3771 3771
Ajt2 3774 3774
Zja5 3777 3777
Zpk9 3779 3779
Nib6 3781 3781
Sec7 3783 3783
Swo7 3786 3786
Il_3 3788 3788
Haj9 3790 3790
Hmz1 3793 3793
Dst7 3796 3796
Afl7 3799 3799
Glp4 3803 3803
Bdv5 3807 3807
Ms_6 3809 3809
Vud6 3811 3811
Rwb0 3814 3814
Njz3 3818 3818
Cjm9 3821 3821
Uf_8 3823 3823
Aly4 3824 3824
Jbh5 3826 3826
Oau9 3829 3829
Iu_0 3833 3833
Qdp3 3836 3836
F_g2 3839 3839
Yky3 3840 3840
Cux2 3844 3844
Jab2 3848 3848
Xro1 3850 3850
Rwv7 3853 3853
Ufx4 3856 3856
Iqo8 3858 3858
Txe9 3860 3860
Txb8 3862 3862
Cqo7 3864 3864
Arw8 3866 3866
J_q8 3870 3870
Jhe1 3874 3874
Qx_6 3877 3877
Byi6 3879 3879
Nhn5 3883 3883
Max4 3888 3888
Acn8 3891 3891
Pet4 3893 3893
Pen6 3896 3896
Ys_7 3899 3899
Igt7 3903 3903
Rta6 3904 3904
Bcb0 3906 3906
Mlt2 3910 3910
Rpp4 3915 3915
Wxz6 3917 3917
Wwp0 3919 3919
Ooo0 3921 3921
Fyp9 3923 3923
Gyu3 3927 3927
Tej3 3930 3930
Pan6 3931 3931
Et_3 3936 3936
Evi7 3940 3940
Rrd0 3945 3945
Ssu3 3947 3947
Wwx6 3951 3951
Gec0 3954 3954
Fxj7 3955 3955
Jnn2 3958 3958
Oxv5 3961 3961
Fqy5 3966 3966
Vrl4 3969 3969
Ao_4 3971 3971
Jgf4 3974 3974
Ffn5 3977 3977
Hyz8 3979 3979
Mrh8 3984 3984
Qei4 3986 3986
Fth4 3988 3988
G_f8 3991 3991
Qfr7 3995 3995
Adv2 3998 3998
Pmu7 4001 4001
Syh6 4004 4004
Cxo0 4005 4005
D_s3 4008 4008
Nay4 4011 4011
Wze2 4014 4014
Yof4 4017 4017
Uf_4 4020 4020
Mpu1 4023 4023
Cu_9 4027 4027
Hmy1 4029 4029
Sfe1 4033 4033
Cez2 4036 4036
Ucz7 4039 4039
Hir3 4041 4041
Hcj0 4043 4043
Otr2 4046 4046
Ggk3 4048 4048
G_x9 4052 4052
Iu_8 4053 4053
Exf0 4056 4056
Oix3 4059 4059
Ukj9 4062 4062
Gem6 4066 4066
Ga_3 4068 4068
Eqh0 4072 4072
H_n4 4073 4073
X_y2 4078 4078
Sbr2 4082 4082
Xzm2 4083 4083
Hrw1 4085 4085
Dwg6 4089 4089
Gbi1 4094 4094
O_h6 4096 4096
Ixs8 4098 4098
Wxl9 4101 4101
Pul7 4105 4105
Zpf1 4106 4106
Dic3 4109 4109
Tcj1 4114 4114
Otb0 4116 4116
Aeg2 4118 4118
Tqh8 4120 4120
Sik4 4123 4123
Ccx0 4127 4127
Ps_3 4130 4130
G_m4 4132 4132
Ngc1 4134 4134
Fnv0 4137 4137
Mtv4 4139 4139
Umh5 4142 4142
Yfd5 4144 4144
Pxo2 4147 4147
Ptg1 4149 4149
Wyf0 4152 4152
Bo_5 4156 4156
Aho5 4160 4160
Xcf1 4162 4162
Rpt7 4164 4164
Iyp3 4168 4168
Ols9 4169 4169
Xmy8 4172 4172
Qfw5 4175 4175
Nzt3 4176 4176
J_l0 4178 4178
Sst7 4179 4179
Tw_8 4182 4182
Izp6 4186 4186
Qiu3 4191 4191
Wla6 4196 4196
Bgo0 4198 4198
Zis0 4200 4200
Jfg5 4202 4202
Gxc2 4203 4203
Igt2 4208 4208
Msf0 4211 4211
Gy_2 4215 4215
Tqb5 4217 4217
Zoh9 4219 4219
Wyq6 4221 4221
Xzp6 4225 4225
Uhu5 4228 4228
Deb6 4232 4232
V_l6 4234 4234
Hrw5 4236 4236
Dwd5 4239 4239
Ikz2 4241 4241
Apx2 4246 4246
Zoe4 4250 4250
W__8 4252 4252
M__2 4253 4253
Vc_6 4254 4254
Gud9 4257 4257
Chc8 4259 4259
Mjy7 4260 4260
Axa7 4262 4262
Ao_9 4267 4267
Qyz3 4269 4269
Pyy7 4274 4274
Mwy3 4277 4277
Vcu5 4280 4280
X_y7 4282 4282
Zcq2 4283 4283
Bar5 4287 4287
Prv6 4290 4290
Wez1 4292 4292
Wc_8 4295 4295
Pkp7 4298 4298
W_u3 4301 4301
Ke_0 4303 4303
Icp8 4308 4308
Rul4 4311 4311
Tji5 4312 4312
Xow0 4314 4314
Hu_6 4317 4317
Pzv7 4320 4320
Z_w3 4322 4322
Pr_4 4326 4326
Ary4 4329 4329
Iw_4 4331 4331
Imv3 4334 4334
Mof9 4336 4336
Ccg7 4340 4340
Rwi2 4342 4342
Dtk5 4346 4346
M_p2 4348 4348
Dge8 4350 4350
Vcs5 4354 4354
Qtp7 4359 4359
Gtb4 4362 4362
Qau4 4364 4364
Jxl7 4366 4366
Car0 4369 4369
Nmw5 4371 4371
Tid6 4373 4373
Jya7 4377 4377
Usa3 4379 4379
Ncv2 4382 4382
Z_k9 4385 4385
Edy0 4389 4389
Fho1 4393 4393
Zqe1 4395 4395
Ywr9 4398 4398
Vhg9 4403 4403
Zep3 4406 4406
Jre4 4408 4408
Zwv9 4413 4413
Rdv7 4415 4415
Dfn8 4419 4419
Xdt4 4422 4422
Yq_0 4425 4425
Cxf4 4427 4427
Z_r7 4430 4430
Rqw1 4433 4433
Qss2 4434 4434
Q_p3 4438 4438
Bdx8 4442 4442
Ext9 4445 4445
Ftl6 4449 4449
Bbq7 4451 4451
Weo1 4454 4454
Mcu0 4458 4458
Y_t2 4462 4462
Gpc3 4466 4466
Qdm5 4469 4469
Rig8 4473 4473
Pun6 4477 4477
Mv_3 4478 4478
Ygu8 4480 4480
Zr_7 4482 4482
Vop5 4484 4484
Ghl1 4488 4488
F__1 4489 4489
Tta2 4492 4492
I_c2 4493 4493
Zns5 4495 4495
Nuk6 4500 4500
Xck2 4502 4502
Mqv0 4505 4505
Axh2 4507 4507
Epp0 4509 4509
Bao8 4513 4513
A_l9 4516 4516
Ykh2 4519 4519
Sif9 4521 4521
X__1 4526 4526
Wek5 4529 4529
Ypx4 4533 4533
Cwn4 4535 4535
Mva1 4539 4539
Kjc4 4542 4542
Q_u5 4545 4545
Mjr1 4548 4548
Znp3 4552 4552
H_x6 4553 4553
Qbf2 4556 4556
Fao4 4559 4559
Rft1 4561 4561
Qsa9 4562 4562
Eno1 4565 4565
Shv2 4569 4569
Ebd2 4572 4572
Fiu7 4576 4576
W_m8 4580 4580
Jqt7 4583 4583
Ei_8 4587 4587
Ilu3 4591 4591
Knl2 4595 4595
Na_4 4598 4598
Csb8 4601 4601
O_j5 4603 4603
Emf8 4606 4606
E__5 4610 4610
Hvz3 4612 4612
Nsm5 4617 4617
Krf7 4619 4619
Hib1 4623 4623
Qja9 4627 4627
Nwk7 4631 4631
Vc_2 4633 4633
Cez0 4637 4637
Ily5 4641 4641
Ntw9 4644 4644
Z_v4 4646 4646
Zem4 4649 4649
Bit0 4652 4652
Dlg5 4656 4656
Yhl5 4659 4659
Mtp8 4661 4661
Ycw7 4663 4663
Utv3 4664 4664
Yhh1 4667 4667
Uql3 4671 4671
Dn_1 4676 4676
Pgg2 4678 4678
Sbd1 4681 4681
Hge4 4683 4683
Ffc6 4686 4686
Swi5 4689 4689
Swe7 4693 4693
Mef9 4698 4698
Mxy9 4701 4701
Hpf4 4706 4706
Kon7 4709 4709
Vac4 4710 4710
Yxy1 4713 4713
Iww3 4717 4717
Wqe0 4721 4721
Unn0 4725 4725
Feu5 4727 4727
Aam5 4731 4731
Dhp5 4735 4735
Jge5 4737 4737
Pod8 4739 4739
Qsj0 4741 4741
Dfe5 4746 4746
W_f5 4750 4750
Ppo6 4752 4752
Ylv9 4756 4756
Ejy7 4759 4759
I__6 4761 4761
W_o2 4764 4764
Ezj2 4768 4768
Un_9 4769 4769
Ujy1 4773 4773
Grf4 4775 4775
Pkx1 4776 4776
Efe1 4780 4780
Jex7 4784 4784
Oau5 4788 4788
Ooz3 4790 4790
Pms5 4793 4793
Rai8 4797 4797
Upz7 4800 4800
Ttw9 4803 4803
Dst4 4808 4808
Oye0 4810 4810
Cxp9 4814 4814
G_i5 4819 4819
Pcg0 4822 4822
Tjs8 4826 4826
Mkz6 4828 4828
Gxz3 4831 4831
Csu1 4834 4834
De_1 4837 4837
Ece3 4838 4838
Rgp7 4840 4840
Zrz3 4841 4841
Cwu4 4843 4843
Iqg6 4846 4846
A_m7 4849 4849
Hac9 4852 4852
Pfo7 4853 4853
Nlv7 4857 4857
Wam2 4859 4859
Eai3 4864 4864
Bqk2 4866 4866
Oov6 4869 4869
Ywq5 4873 4873
Sic9 4876 4876
Tol2 4880 4880
Pze1 4883 4883
Qez4 4885 4885
Yed3 4889 4889
Mdy2 4894 4894
Zhr5 4899 4899
Mlp6 4902 4902
Mph6 4906 4906
Ed_5 4908 4908
Xoj6 4912 4912
Tt_9 4916 4916
Uiw7 4918 4918
Rzj8 4921 4921
Vtz9 4925 4925
Akm1 4928 4928
Mvo9 4930 4930
Zlo4 4935 4935
U_e9 4939 4939
Ydp6 4943 4943
Bgd8 4944 4944
Uuh9 4947 4947
Vmz6 4950 4950
Ufe2 4954 4954
F_b0 4955 4955
Zkc8 4958 4958
Bfe6 4962 4962
Wqe7 4965 4965
Rgg7 4970 4970
Byc3 4972 4972
Dgg7 4975 4975
Sah3 4979 4979
Ao_0 4982 4982
Idz0 4984 4984
Xf_9 4988 4988
Kij9 4993 4993
Dsd6 4996 4996
Cui5 4999 4999
Jml1 5001 5001
Zhc9 5004 5004
Tvh6 5008 5008
Ziy9 5009 5009
Kqf6 5013 5013
Al_0 5017 5017
Ams0 5020 5020
A_f9 5022 5022
Uyv9 5025 5025
Ruz0 5028 5028
Odv7 5031 5031
Elk7 5035 5035
Uea3 5038 5038
Vay5 5041 5041
Cxj4 5042 5042
Toq6 5044 5044
Gvw8 5046 5046
Rtk5 5050 5050
Or_5 5055 5055
K_v0 5060 5060
T_y0 5063 5063
Bwm3 5066 5066
Ntz5 5068 5068
Xst9 5069 5069
Nlx7 5070 5070
Ezx7 5071 5071
E_o7 5074 5074
Uz_0 5077 5077
Vgi8 5081 5081
Jmt1 5085 5085
Qkz2 5087 5087
Bqm7 5089 5089
Jnd0 5094 5094
Glq9 5098 5098
Uwb9 5103 5103
Hiu9 5106 5106
Dgy7 5109 5109
Hej7 5112 5112
S_l4 5116 5116
Bbl6 5119 5119
Bzq4 5120 5120
Cqo8 5124 5124
Nfl1 5127 5127
Bhg9 5131 5131
Jtx0 5136 5136
Mlu7 5137 5137
Hng4 5140 5140
Pjm1 5143 5143
Wkd1 5148 5148
Ceq7 5152 5152
Hsn5 5154 5154
Vqa7 5157 5157
Jbe2 5159 5159
Qfy6 5160 5160
Ylu3 5164 5164
Er_1 5168 5168
K_d4 5171 5171
Xtg5 5174 5174
Wot7 5176 5176
Brz0 5178 5178
Gqp0 5181 5181
Gnf4 5184 5184
Tyq7 5187 5187
Jfd4 5191 5191
Sgj1 5195 5195
Z_a3 5200 5200
Pav0 5205 5205
Dkp5 5207 5207
Q_n0 5208 5208
Grt7 5210 5210
Fkp5 5214 5214
Hm_1 5217 5217
Ur_9 5221 5221
Gzg1 5223 5223
Nhk4 5226 5226
Wwu4 5229 5229
Csy3 5234 5234
Nb_7 5239 5239
Wlm2 5242 5242
Nkh1 5243 5243
Iqr9 5244 5244
Zco9 5245 5245
Akq8 5250 5250
Zka1 5253 5253
Hkb5 5256 5256
Rsd6 5260 5260
Akj5 5264 5264
Tlg2 5265 5265
H_m3 5266 5266
Z_f9 5268 5268
Ebs4 5271 5271
Dfa9 5275 5275
Qn_7 5279 5279
Xr_6 5281 5281
Ryg5 5285 5285
Gjy8 5286 5286
Hte6 5288 5288
Yqu5 5291 5291
Kac2 5294 5294
Jsl3 5298 5298
Eor3 5299 5299
Un_0 5302 5302
Ftt0 5304 5304
Qbe9 5306 5306
Uni1 5308 5308
Nkd1 5310 5310
Teg5 5312 5312
Tjc2 5313 5313
Uw_7 5315 5315
Fbe1 5319 5319
Uiq2 5323 5323
Z_i4 5327 5327
Swc8 5332 5332
Rso9 5337 5337
Dmq3 5340 5340
W_d9 5344 5344
Mvq4 5348 5348
Ric2 5349 5349
Qlt3 5351 5351
Ggl3 5355 5355
Rza4 5360 5360
Glq4 5362 5362
C_u0 5366 5366
Op_3 5371 5371
Wpb2 5374 5374
Inl3 5377 5377
Jm_8 5380 5380
Gje1 5382 5382
Flb7 5386 5386
Xwf2 5389 5389
Zzc2 5390 5390
Xed9 5394 5394
Hff9 5397 5397
U_s8 5402 5402
P_q2 5404 5404
Aou1 5408 5408
Wtc4 5411 5411
A_e4 5413 5413
Uxv7 5418 5418
C_y9 5421 5421
H__7 5426 5426
Xqp8 5428 5428
Gqk0 5430 5430
Bmt0 5433 5433
Fmd7 5436 5436
Pfl8 5438 5438
J_y5 5441 5441
Fax0 5444 5444
Udg9 5447 5447
W__2 5450 5450
Wiw8 5453 5453
Oox6 5458 5458
Iow6 5463 5463
G_d2 5465 5465
Fkh5 5467 5467
Jzi8 5470 5470
Bqr1 5473 5473
Adq7 5476 5476
Jjm5 5478 5478
Txf3 5480 5480
Rbg4 5481 5481
Bpa7 5482 5482
Ekj5 5484 5484
Eev6 5489 5489
Kon5 5494 5494
Qqb5 5499 5499
Ymd7 5501 5501
Oiq2 5505 5505
Eon4 5510 5510
Eaj5 5514 5514
Ydd5 5518 5518
Cef2 5523 5523
F_j6 5525 5525
Msr6 5527 5527
Cms5 5532 5532
Haq3 5534 5534
Sxj6 5537 5537
Ydv2 5540 5540
Oaq9 5542 5542
Oas7 5545 5545
Qhw6 5547 5547
Sjq9 5549 5549
Kzw0 5552 5552
Ibx4 5557 5557
Qjt6 5561 5561
I__4 5566 5566
Mmd5 5569 5569
Csf4 5572 5572
Faq7 5574 5574
Aq_0 5576 5576
Zzk6 5579 5579
X_x4 5584 5584
Vmr9 5587 5587
Boo5 5592 5592
Abo6 5595 5595
J_e4 5597 5597
Hxy7 5600 5600
Xll3 5602 5602
Xtb1 5604 5604
Zkh1 5609 5609
Aqo8 5612 5612
Hqq2 5617 5617
Ep_4 5622 5622
Crn8 5624 5624
Dxa6 5629 5629
Rfm3 5633 5633
Zdd7 5635 5635
Zie4 5637 5637
Qex4 5640 5640
S_x0 5641 5641
Iwf3 5646 5646
Vig2 5649 5649
Fkw8 5654 5654
Gxp7 5656 5656
Uot5 5661 5661
Ewk0 5664 5664
Cjp1 5668 5668
Ylh5 5671 5671
Urg6 5676 5676
Unh7 5678 5678
Kdi2 5681 5681
Dkk6 5684 5684
Qi_7 5686 5686
Jfn8 5690 5690
Sgb1 5694 5694
D_f3 5695 5695
Drz8 5699 5699
Rgi8 5701 5701
Nv_0 5702 5702
Bmu3 5706 5706
Dlg2 5711 5711
Wm_2 5714 5714
Ugp3 5717 5717
Fgi0 5721 5721
Ttf7 5725 5725
Sbk6 5728 5728
D_f8 5732 5732
Wjh4 5736 5736
Iq_2 5739 5739
H_b3 5744 5744
Nj_2 5748 5748
Ury7 5751 5751
Qne4 5753 5753
Cfe4 5758 5758
Myg3 5762 5762
Rhk2 5763 5763
Dvw0 5765 5765
Qrk0 5768 5768
Mqz0 5772 5772
Q__6 5774 5774
Ipt3 5776 5776
Fe_0 5779 5779
Btn3 5783 5783
Pri8 5788 5788
Jju6 5790 5790
Kfp3 5792 5792
Wnj3 5796 5796
Vpz0 5800 5800
Tib1 5802 5802
Ikf7 5805 5805
Tpk7 5808 5808
Eyb5 5812 5812
Ww_5 5817 5817
Hjj0 5822 5822
Mqi3 5827 5827
Wpu3 5830 5830
S_f4 5831 5831
Awf2 5834 5834
Jvj8 5837 5837
Evs0 5840 5840
Htb4 5844 5844
Okl8 5847 5847
Kq_9 5849 5849
Hog6 5851 5851
Swf6 5852 5852
Xhi3 5856 5856
Tvx0 5861 5861
Bdc0 5863 5863
Ngu2 5866 5866
Dn_3 5869 5869
Soa8 5873 5873
N_a4 5875 5875
Buk8 5880 5880
Xvt8 5885 5885
Qd_3 5886 5886
Xao2 5891 5891
Dst3 5894 5894
Mqp2 5899 5899
Vel6 5901 5901
Kju5 5904 5904
Qil8 5906 5906
Nlq0 5907 5907
Evw5 5908 5908
Ukg4 5912 5912
Tyu2 5915 5915
Xev2 5918 5918
P_r5 5921 5921
Hbo3 5925 5925
Sfb0 5928 5928
Naq4 5930 5930
Krv5 5933 5933
Eqp4 5935 5935
Fqw9 5939 5939
K_f9 5940 5940
Qpt0 5944 5944
D_i8 5949 5949
Gza9 5952 5952
Ghj1 5956 5956
Mbh7 5959 5959
Cta7 5962 5962
Tze9 5966 5966
Xzs2 5968 5968
Xeo2 5972 5972
Ngx4 5973 5973
Bwi8 5976 5976
Wux3 5978 5978
Txk1 5982 5982
Ppp4 5985 5985
Cgg6 5989 5989
J__7 5993 5993
Pzb5 5994 5994
E_w1 5997 5997
Ujm1 5999 5999
Ih_1 6001 6001
Ai_7 6005 6005
Ivo2 6007 6007
Pqb6 6011 6011
Ftw7 6015 6015
Bfg6 6017 6017
Iin2 6020 6020
Gmf2 6022 6022
Hsf6 6025 6025
Ccf9 6028 6028
Sg_0 6030 6030
Ywf1 6032 6032
Nos7 6033 6033
Tjy1 6035 6035
Sfs7 6038 6038
Mrs7 6043 6043
Qr_5 6046 6046
Vzr1 6049 6049
Ree1 6052 6052
Qsx1 6054 6054
Euo6 6057 6057
H_n3 6060 6060
Etw3 6063 6063
Ccv7 6067 6067
Ycx0 6070 6070
Qxq1 6071 6071
Vyy4 6074 6074
Iwr7 6078 6078
Y_h3 6082 6082
Cax2 6086 6086
Mqf0 6090 6090
Eli7 6092 6092
Kfv4 6097 6097
Csa8 6100 6100
Zmu2 6103 6103
Sat1 6106 6106
Cts0 6110 6110
Csr6 6112 6112
Jnx5 6116 6116
Rgv0 6121 6121
Cwg4 6124 6124
Fpv2 6128 6128
Ovi3 6133 6133
Mmi2 6135 6135
Nhj3 6136 6136
Cxv8 6138 6138
Xtb5 6141 6141
X_r2 6142 6142
Exx5 6146 6146
Qep2 6148 6148
T_r8 6150 6150
Aw_5 6153 6153
Izp4 6155 6155
Xgr2 6157 6157
Rzo8 6161 6161
Tl_7 6164 6164
Ys_6 6167 6167
Og_2 6169 6169
Ajm6 6170 6170
Uho1 6173 6173
Jyg5 6178 6178
Vkz0 6181 6181
Evw4 6182 6182
Kem6 6185 6185
Bly0 6186 6186
Uvr1 6187 6187
Hpd9 6188 6188
Jir0 6191 6191
Ttl8 6193 6193
M_f8 6197 6197
P_w9 6198 6198
Hr_9 6202 6202
Ttq1 6203 6203
Xnh8 6208 6208
Ywz5 6211 6211
Uav3 6214 6214
Vjd4 6217 6217
Gd_2 6220 6220
E_x4 6223 6223
Dsd9 6228 6228
I_q6 6229 6229
E_y8 6233 6233
Fyp7 6236 6236
Tkq6 6240 6240
Dus0 6243 6243
Zia4 6248 6248
Jt_8 6252 6252
Yln8 6256 6256
Zwr6 6258 6258
Jsw3 6260 6260
Vtb1 6262 6262
Pwo7 6264 6264
Vkl7 6269 6269
Vxu3 6271 6271
Bsi2 6272 6272
Meb9 6277 6277
Kxv1 6282 6282
Com8 6285 6285
E_l2 6289 6289
Oeu9 6291 6291
Pmv1 6295 6295
Hck6 6297 6297
Bsg1 6299 6299
Yms7 6302 6302
Vdk2 6305 6305
Taw2 6309 6309
Hpl4 6311 6311
T_n8 6315 6315
Kau0 6319 6319
Gzg8 6322 6322
Mny2 6326 6326
Csq9 6327 6327
Fkd7 6331 6331
Zuj6 6336 6336
Imu4 6338 6338
Xpd1 6340 6340
Gas6 6344 6344
Vrq4 6349 6349
Njt9-Vrq4
Oov6-Wxq6
Toy3-Dwg6
Nxi6-Twx6
Vat8-Vak9
Vah3-Mqr8
Dmt4-Grg2
Pri8-Imu4
Zvg6-Ixl5
Ekj5-Oh_1
Njt9-Bkt3
Mdl4-Gps6
Mdy2-Cf_6
Nb_7-Zuj6
Nb_7-H_p0
Hrw5-Fkd7
Mlu7-Svd4
Vvx5-Xp_4
Na_4-Zxd0
Ixs2-T_n8
Xed9-Hpl4
Tib1-Abt2
Knz5-Zx_5
Boo5-Taw2
Kf_3-Pse6
Upz7-Ixg3
Ikf7-Bsg1
Xos5-Wza4
Pqb6-Hck6
Epp0-Pmv1
Fmv9-Ogm2
Iwr7-Oeu9
Jxd3-Ipp8
Tmu2-Com8
Jm_8-Meb9
Zyo8-Bsi2
Fq_3-Zqs9
Dge8-Xfz1
Iy_7-Vkl7
Xgy8-Bu_2
Pnn9-Pwo7
Cfi6-Hcw2
Kxf1-Iy_7
Gup0-Zwr6
Jfd4-Sft4
Z_v4-Y_i4
E_d6-Xpi7
Cmv8-Dus0
Jwv8-Yhg9
O_p0-Tk_8
Dhp5-Vah3
Rwv7-Xro1
Vud6-Ms_6
Knz5-Sor0
Wni6-I_q6
Aho5-Aij8
Zay2-Xch3
Zx_4-Dsd9
Pjt9-Tro9
Xwl9-Uav3
Piq4-Aye7
Ip_0-Wxl9
Rfm3-Woc9
Ipg1-Xnh8
Ceq7-Ttq1
Ikz2-Hr_9
O_u9-P_w9
Fiu7-M_f8
Vxz4-Afp5
W_m8-Ttl8
Kyr2-Xfj7
Izl6-Mcb5
D_g7-Wr_2
Or_5-Jir0
Xdt4-Hpd9
Bhl8-Mst6
Tcj1-Wka1
E_c7-Cau2
Ghj1-Ieq1
Jfn8-Evw4
Sat1-Uho1
Inl3-Hdg5
S__9-Fad7
Kyi7-Uvx4
Bo_5-Ys_6
E_g2-Rzo8
X_x4-Xgr2
E__1-Mgy8
Iqg6-Izp4
Zki7-Y_v2
Itq3-Fji5
Flh6-Pxq2
Diq9-Aw_5
Bnt0-Mok7
Tqt2-Uvu5
Dnd4-Mlt2
G_d2-Aip3
Bvb6-Vzh3
Mqi3-Zwe4
Uyv9-Yld8
Pkv1-Fvh3
Vbi0-X_r2
Mbh7-Cxv8
Jtz3-Xju9
Dge8-Nhj3
Yso3-Kom9
Hte6-Eze7
Ouu0-Piq4
Taq6-Ovi3
Uoo8-Cwg4
Aou1-Rgv0
Iww3-Efn8
Eeb8-Cts0
Wwp0-Qua1
Odt7-M_v3
P_q0-Csa8
Zik0-Idd5
Yed3-Eli7
Jxh4-Bkc9
Oj_4-Knz5
Wvb5-Wrs0
Utl1-Sat0
Efe1-Vbi0
Mwo5-O_h6
Bwn9-U_w3
Zrz3-Iwr7
Gjx1-Ind1
Ti_5-Ab_6
Flv2-Ooo0
Odk9-Ag_3
Ou_9-Fbl3
Aby5-Vyy4
Hw_9-Bvd8
Fyp9-O_b3
Fib6-Yvj9
Nsm5-V_p0
Mdl3-Ccv7
Ewr4-Etw3
Vtz9-H_n3
Vbf3-Euo6
Buk8-Vzr1
Uvb7-Bvb6
P_q2-Mrs7
Smi1-Sfs7
Yed3-Vbf3
Uf_4-Ejg9
Sex1-Ktt5
Swf6-Egn9
Yuk8-Vjg0
G_f8-Pak3
Sif9-Gmf2
Kju1-Gem6
Yzw3-Hmy1
Xkv9-Byw0
Jfg5-Bfg6
Aqp6-Zzp5
Vos6-Eeu8
R__2-Kdr7
Nkl8-Hfn5
Na_7-Ih_1
Txf3-Ujm1
Evi7-Et_3
Znf1-Xci7
Upz7-Cgg6
Wh_5-Dvo4
Q_y5-Hc_0
Tbg0-Wux3
D_l1-Qb_2
Bld5-G_y7
Cox8-Dov3
Ghu5-Fxu0
Jb_6-Ooz5
Eot8-Sgx8
Naq4-Tjm7
Njy3-Jxz6
Sxj6-Xeo2
Nma0-Xev7
Gyb9-Cta7
Dym6-Tpz8
Cuh8-Cuc0
Qen4-Ji_7
Oaq9-Uym4
Hej7-Zaw2
Gml0-Gza9
Ruv2-Njc4
A__7-Eyp8
A_e4-Npc0
Iu_0-Oau9
Jvj8-Wyu2
Euy3-Eqp4
Zoh9-Sfb0
A_l9-Sbe4
Nwk1-Top0
Yuk8-Wpw3
A_l9-Nzb5
Dq_4-Mqo8
Gyb9-Ap_5
P_q2-P_r5
Ylv9-Xev2
Bwj3-E_p2
Wqe7-B_z5
Mmd5-Gke4
Cm_0-Evw5
Mtp8-Nlq0
Zyf7-Qrt1
Jnd0-Vel6
Alg8-Tmu2
Ior7-Mqp2
Iwt9-Dst3
Dmq3-Gml0
Ubu9-Z_r2
Zv_0-Srw3
Rft1-Xvt8
Ccx0-Sik4
Bcb0-Prl7
Akq8-Buk8
Znu5-Jtz3
Dfa9-Olj6
Ak_9-Chs0
Nhm6-Tnl7
G_m4-Dn_3
Jch1-Ngu2
Ktk1-Smi1
Zis9-Gpd7
Rai8-Rxg0
Ru_3-Bdc0
Rfm3-Bxd8
Plr0-Ewp4
Csu1-Qrq1
Rgg7-Xhi3
Mwy3-Swf6
Zqu1-Fdl6
W__2-Zv_2
Iqg6-Hog6
Ww_5-Bqa2
Ed_5-Okl8
Fyp9-Bsq6
Xjf4-Evs0
Yvq8-Xrd9
Ygz4-Awf2
Frx8-S_f4
Qjt6-Jmm0
Pyf0-Dap8
Crs6-Mqi3
Ocn3-Uko2
Jgf4-Ao_4
Ru_3-Ww_5
Mtv4-Ikf7
Tsz7-Wgi0
Wm_4-Mgc4
Fu_2-Tib1
Zgg2-Vpz0
X_y2-Toe9
Nwj5-Ilg1
Aq_0-Kfp3
Rso9-Xmb5
Imv3-Pri8
D_f3-Ie_9
Pze1-F_x0
Okc7-Myd6
Ona0-Vhs9
Kjc4-Ipt3
Zka1-Q__6
K_c8-H_n4
G_d2-Mqz0
Hxy7-Rhk2
C_n6-Myg3
Cox8-Cfe4
Zki7-Tkb8
Mqd5-Ury7
Uee6-Zgt1
O_p0-D_f8
Gpm6-Sbk6
Wl_3-Bnd3
Adq7-Ttf7
Ktk1-Ugp3
K_c8-Pt_5
Bnt0-Brn7
Hcj0-Hir3
Oj_4-Edx6
Mlu7-Nv_0
Vxz4-Byb8
Ncy1-Clz3
Grf4-Hje4
Ant4-Rgi8
Bqm7-Vxt8
Ms_8-Wh_5
Xtm2-Wdm1
Gsr7-D_f3
Igt7-Ph_4
Vit3-Sgb1
Sjq9-Tbg0
Vat8-Rfv5
Znp3-Dkk6
Pht2-Unh7
Hza5-Njz3
Wek5-Urg6
Ms_8-Dsb5
Ncv2-Fia6
Yxy1-Akb5
Mvo9-Uot5
Rai8-Fkw8
Ite3-Vig2
Cpy4-Tsz2
Sec7-Yv_5
Eua2-Vpe9
Zqe1-Khb8
Krl7-Iwf3
Ao_9-S_x0
Njg9-Fel5
D_o3-Itv1
I_o0-Xy_7
Pnr3-Zie4
Sbd1-Mix5
Wma7-P_s9
Sah3-Dxa6
Qwz9-Zan7
Ntz5-Afn3
Zqe1-Opt8
Hra1-Ep_4
Jhs0-Iyb9
Iow6-Aqo8
Ssj8-Gzr9
Rqw1-Iu_4
Slp9-Na_7
Ei_8-Uom0
Hm_1-Hxy7
Wff9-Sec7
Omf8-Pgg2
Hpf4-Zoh9
Ycw7-Erj9
Uuh9-Ssp4
Qsa9-Hs_0
Ywk5-Rqw1
Jqt7-Zoe4
Xdt4-Mwo5
Il_3-Cjm9
Anb3-Wma7
Rg_8-Q_y5
Gbi1-Ebd2
Mwy3-Ite3
Wff9-Rwb0
Sae8-Jlc2
Uiw7-C_s5
Ig_3-W__8
Ssj8-Hvz3
Fhi7-U_g6
Q_s5-Ydr6
G_c0-Ylr3
Mqj1-Ylr3
Cuh8-Zpm9
Ebk4-Cks3
Sae8-Ebi7
Hw_9-Ano2
Ip_0-Yvk1
Fja9-Axh2
Ndy1-Mph6
Njg9-Ine0
Hac9-Xcb1
Pnn9-Z_r7
Kmk4-Ygb9
Ior7-Ihl4
Ylr3-Rg_8
Cjm9-Iuw6
Iqg9-Q_l4
Qxd2-E__5
Mdy2-J_l0
Mxg0-Q_s5
W_o2-Ctw6
Oxw4-Gxz3
Jch1-Nxt0
Qau4-Zvg6
Ghq4-Ano2
Ubl4-Ntw9
W_o2-Vmu4
Qyz3-Feu5
Ece3-Twc7
Rqw1-Gud9
Vla7-Wal6
Oau5-W__8
Q_y5-Niv4
Oer7-Bbq7
Mva1-Tw_8
V_f2-J_n1
Ptf8-Tun7
Csz9-Yky3
Tvw2-Jbh5
Tcj1-Cxf4
Fqh5-Igt7
Rxh8-Ghq4
Ubl4-Rwb0
Xzh9-Ycy9
V_f2-Cqo7
Fja9-Dg_0
Cwn4-J_v7
Hag8-Fv_6
Djj2-Msv5
Zys3-Fqy5
Guv2-Mtx9
Ssj8-Ghg2
K_o5-Tdh1
Gbi1-W_g6
G_m4-Tqh8
Xmy8-Odk9
Ouo9-Emf8
Vyk7-Jsh8
Ikz2-Ppo6
Yfd5-F__1
Tt_9-Wn_0
Xup6-Znf1
Gmf1-Tsm5
Aeg2-Yep9
Bbe0-Ed_5
Zis0-Znp3
Vc_2-Fiu7
Krt2-Zoe4
X_r0-Oet8
Fib6-Zpm9
Kya0-Nuk6
Wni6-Csu1
Zr_7-Qja9
Yxy1-Vtf7
Rwi2-Ryo7
Iew8-Kjc4
Ipg1-Ine0
O_j5-Hra1
Egc0-Fao4
Fiu7-Ebd2
Slm1-Apx2
Jjb2-Yyo8
Qu_3-Zcx0
J_l0-Ey_4
Oov6-Iu_8
Dds3-Bld5
Eno1-Zqk1
Ncy1-Zcg0
Boo5-Abo6
Vmr9-Pjt9
X_x4-Vmr9
Zzk6-X_x4
Thr8-Ewr4
Csf4-Faq7
Scd0-Csf4
I__4-Mmd5
Zll6-Ant4
Tjv0-Dbv4
X_m8-Kzw0
Qhw6-Sjq9
Ydv2-Oaq9
Gfm1-Sxj6
I_t6-Gfm1
Haq3-I_t6
Cms5-Haq3
Ruv2-Cms5
Eeb8-Uo_9
Eon4-Cex3
Fmh6-Oiq2
Nrq8-Fmh6
How2-Nrq8
Tsp8-How2
Dmt4-Tsp8
Xx_3-Dmt4
Izb2-Ymd7
Qqb5-Izb2
Xuc7-P_j6
Jgd3-Xuc7
Nft1-Jgd3
Hs_7-Nft1
Eev6-Kon5
Vuz3-Bpa7
Jjm5-Txf3
Zm_4-Adq7
Bqr1-Zm_4
Siq1-Bqr1
Jzi8-Siq1
Fkh5-Jzi8
Ysv5-Joz6
G_d2-Ysv5
Oox6-Iow6
W__2-Wiw8
Kze7-W__2
Xrp5-Cac0
Gyk8-Udg9
Zxe0-Gyk8
Fax0-Fig3
J_y5-Fax0
Bmt0-Vxa1
Gqk0-Jxa7
Xqp8-Hcc1
Uxv7-C_y9
U_s8-P_q2
Xed9-Srp4
Zzc2-Xed9
Flb7-Xwf2
Jm_8-Gje1
Qro8-Inl3
Wpb2-Zuz7
C_u0-Op_3
Cd_3-Miz5
Glq4-Qgv1
Uji6-Glq4
Rza4-Uji6
Qlt3-Ggl3
Pht2-Flh8
Ric2-Pht2
W_d9-Mvq4
Dmq3-Mky8
Ubu9-Dmq3
Dyb3-Ubu9
Czs3-Dyb3
Txc8-Czs3
Jsf7-Txc8
Rso9-Jsf7
Sl_0-Rft9
Ejx1-Uiq2
Jkl7-Bef9
Urc0-Zoc2
Zqp4-Urc0
Uw_7-Fbe1
Tjc2-Uw_7
Nkd1-Teg5
Uni1-Nkd1
Qbe9-Uni1
Eor3-Un_0
Jsl3-Eor3
Ojf7-Xwl9
Wly0-Ypm5
I_s7-Qnu6
Xr_6-I_s7
Qn_7-Xr_6
Z_f9-Ebs4
H_m3-Z_f9
Tlg2-Myo6
Itq3-Tlg2
Akj5-Itq3
Fhz0-Rsd6
Axi2-Fhz0
D_g7-Axi2
Ewf0-D_g7
Flh6-Wqf8
Hkb5-Xze8
Zka1-Hkb5
Zym5-Zka1
Zco9-Akq8
Gxh1-Aed7
Iqr9-Gxh1
Nb_7-Wlm2
Gay9-Nb_7
Mbx1-Gay9
Csy3-Xo_6
Zll3-Jwv8
Ur_9-Kpp2
Q_n0-Grt7
Sbv2-Q_n0
Xrp5-Sbv2
Vit3-Dkp5
Byg1-Bog3
Z_a3-Pav0
Qgx7-Xkv9
Kbl8-Qw_9
Gnf4-Kbl8
Vln8-Gqp0
Jtz5-Cth8
Wgf8-Brz0
I_o0-Wgf8
Xtg5-Wot7
Er_1-Sii7
Ylu3-Er_1
Qfy6-Ylu3
Qnf5-Qfy6
Nzb3-Qnf5
Vqa7-A_x4
Ape9-Vqa7
Xum4-Ape9
Hsn5-Xum4
Ceq7-Ywo3
E_t5-Mlu7
Jtx0-Kpx3
Nfl1-Bhg9
S_l4-Bbl6
Hej7-Kqb3
Xrp5-Hej7
Hiu9-Dgy7
Uwb9-Hiu9
Glq9-Uwb9
Jnd0-Glq9
X_z2-Bqm7
Yxn9-X_z2
Cmv8-Eym0
Jmt1-Cmv8
Ozj1-Jmt1
Iyu8-Ozj1
Dep0-Ael6
Jt_0-Dep0
Mkw5-Vgi8
E_o7-Uz_0
Qow6-E_o7
Xst9-Nlx7
Ntz5-Xst9
T_y0-Bwm3
Zx_4-T_y0
Ru_3-Zx_4
O_p0-Ejm3
Vvx5-O_p0
Ezy7-Gsr7
Qro8-Rtk5
Wum6-Gvw8
Huz3-Toq6
Vay5-Plr0
Uea3-P_v7
Elk7-Zl_8
Ruz0-Odv7
Fq_3-Ruz0
Ro_4-Fq_3
Uyv9-Ro_4
Fxm1-Uyv9
A_f9-Fxm1
Ams0-A_f9
Al_0-Ams0
Alg8-Al_0
Jhs0-Xez8
Jk_5-Jhs0
Edx1-Jk_5
Xos5-Edx1
Eku3-Xos5
Hld0-Eku3
Pyf0-Hld0
Xrp5-Pyf0
Nwj5-Kqf6
Ziy9-Nwj5
Tvh6-Nyo4
Jml1-Zhc9
Qg_4-Jml1
Cui5-Qg_4
Dsd6-Cui5
Kij9-Dsd6
Nwh3-Kij9
Dxe2-Idz0
Ao_0-Dxe2
Kxf1-Ao_0
Sah3-Kxf1
Yha5-Sah3
Svk0-Yha5
Ic_1-Svk0
Rgg7-Byc3
O_p1-Wqe7
Qro8-Ttb4
Cm_0-Xrp5
Bfe6-Xrp5
Zkc8-Bfe6
F_b0-Cm_0
Ufe2-F_b0
Zlo4-Ryo7
Uuh9-Ryo7
Zlo4-S_f7
Bgd8-Zlo4
U_e9-Ydp6
Wxb1-R__1
Egc0-Wxb1
Tt_9-Nay9
Vtz9-Akm1
Zzg0-Wjn1
Rzj8-Zzg0
Bbe0-Pux3
Pze1-Bbe0
Mph6-Bbe0
Mlp6-Mph6
Erj9-Yed3
Shg6-Qez4
Ywq5-Shg6
Ra_2-Shg6
Ywq5-Tol2
Zbq4-Ywq5
Mez9-Qs_8
Zbq4-Mez9
Oov6-Zbq4
Bqk2-Ylr3
Wam2-Bqk2
Pfo7-Wam2
Zcx0-Eai3
Pfo7-Zcx0
Nlv7-V_x6
Iqg6-Nlv7
Dg_0-Iqg6
A_m7-Hac9
Jrt4-Dg_0
De_1-Cwu4
Anb3-De_1
Zrz3-De_1
Cpy4-Rgp7
Anb3-Ece3
Pcg0-Anb3
Mqd5-Ccq2
Rzv1-Tjs8
Oye0-Rzv1
Mop5-Cxp9
Ryw2-Mop5
Dst4-Mop5
Ttw9-Dst4
Ygz4-Ryw2
Rai8-Ryw2
Pnn9-Ygz4
Ig_3-Tsm5
Pkx1-Oau5
Q_s5-Pkx1
Efe1-Jex7
Xks7-Q_s5
Grf4-Xks7
Q_l4-Ejy7
Zgg2-Ejy7
Un_9-Zgg2
I__6-W_o2
Q_l4-I__6
Ylv9-Q_l4
Ppo6-Txp0
W_f5-Ppo6
Iwt9-Dfe5
Kwd6-Iwt9
Yhn6-Pod8
Yix8-Yhn6
Ihl4-Yhn6
Jge5-Ihl4
Dhp5-V_f2
Aam5-Dhp5
Wqe0-Unn0
Nav7-S_f6
X_t6-Nav7
Ywn0-X_t6
Iww3-X_t6
Yxy1-Yqw8
Ywn0-Vac4
Qro8-Ywn0
Hpf4-Xrp5
Mxy9-Vvx0
Hs_0-Mxy9
Ghu5-Hs_0
Mef9-Ghu5
Yff0-Hge4
Swi5-Yff0
Edq1-Ffc6
Mpr8-Kqv8
Nro9-Mpr8
Sbd1-Mpr8
Bmg5-Sbd1
Pgg2-Bmg5
Dn_1-Pgg2
Nji1-Uql3
Yhh1-Nji1
Ehe9-Yhh1
Ndy1-J_v7
Jnu1-Ddx6
Cag3-Jnu1
Pnr3-Ndy1
Aej6-Ptf8
Fsg8-Ycw7
Wm_4-Fsg8
Mtp8-Fsg8
Rjy0-Mtp8
Odk9-Fqh6
Ado3-Wm_4
G_x9-Wjx0
Ado3-G_x9
Soj6-Ado3
Qbd7-Ado3
B_f2-Eml9
Nd_2-B_f2
Qu_3-Soj6
Bnu0-Soj6
Qu_3-Gmo7
Sjy9-Qu_3
Dlg5-Yhl5
Jrx3-Dlg5
Sjy9-Jrx3
Wea0-Sjy9
Muj3-Fja9
Bit0-Muj3
Wea0-Wag3
Cyq8-Wea0
Ecq5-Rxh8
Avd5-Ecq5
Twc7-Ghq4
Z_v4-Zem4
Tc_1-Uyy6
Izc4-Oxw4
Uen2-Tc_1
Qwz9-Sln9
D_o3-Der0
Ksk2-D_o3
Ntw9-Gmf1
Ily5-Ntw9
Djj2-Aqp6
Ymq3-Cez0
Zsa9-Kfy6
Ip_0-Qiy7
Izm5-Jlw7
Fqh5-Qja9
Ysq2-Vos6
Ejb3-Ak_9
Hib1-J_n1
Krf7-Hib1
Ebi7-Cux2
Udw7-Sae8
Cja9-Ebi7
Iu_0-Cja9
Zys3-Hza5
Qro8-Zys3
Tvv0-Zys3
Nsm5-Tvv0
Hzt7-Nsm5
F_u5-Hzt7
Qro8-Dif1
Hvz3-Xrp5
Qxd2-Hvz3
Ejk2-Qxd2
Dht0-E__5
E_c7-Oyg2
O_o3-E_c7
E__1-O_o3
Tzw3-W_s4
Ncy1-Tzw3
Wg_7-Ncy1
Emf8-Wg_7
Zqu1-Emf8
Wal6-Zqu1
O_j5-Wal6
Csb8-O_j5
Mvj6-Csb8
Fv_6-Mvj6
Tuq9-Epq9
Yso3-Tuq9
Cpz0-Yso3
Jrw0-Yso3
F_g3-Ogq4
Qfs4-Kly8
Zyf7-Qfs4
Yep9-B_x9
Jbh5-B_x9
Knl2-Jbh5
Ilu3-Knl2
Tqh8-Ilu3
Msv5-Yep9
Nma0-Msv5
Jvx8-Msv5
Uxa3-Jvx8
Nma0-W_m8
Wpn5-Nma0
Ctw6-Wpn5
Fiu7-Ctw6
Vmu4-Fiu7
Rpp4-Rrd0
Jab2-Rpp4
Vbm2-Jab2
Iuw6-Qb_5
Rjc6-Qb_5
Pet4-Rjc6
Acn8-Pet4
Jhe1-Acn8
J_q8-Jhe1
Iuw6-J_q8
Agg1-Iuw6
Fbd4-Iuw6
Ejq7-Fbd4
Znt7-Agg1
Tdz2-Wxz6
Vrl4-Znt7
Evi7-Znt7
Gyu3-Ylw0
Shv2-Urq9
Wz_8-Shv2
Bhp1-Wz_8
Wl_3-Xrp5
Eno1-Xrp5
Qvo2-Eno1
Cdk3-Qsa9
Ko_0-Wl_3
Qbf2-Sll6
H_x6-Qbf2
Wn_0-H_x6
Qve6-Znp3
Tt_0-Qve6
Tqb1-Qve6
Q_u5-Mjr1
Cwn4-Mva1
Cox8-Cwn4
Iew8-Cox8
Ypx4-Iew8
C_n6-Wek5
X__1-C_n6
Ykh2-Sif9
Aul2-Ykh2
Wls7-Aul2
Euy3-Wls7
Cfi6-Euy3
A_l9-Cfi6
Eua2-Kyi7
Cks3-Eua2
U_s2-Uoy5
Rg_8-Gex9
Huc0-U_s2
Bao8-Nuq8
Twz4-Bao8
Huc0-Sot7
Ite3-Wne5
Dds3-Ppf9
Qox5-Ppf9
Dds3-Qvh9
Cyi8-Dds3
Cos6-Yia9
Hw_9-Zik0
Mqv0-Dcg2
P_r8-Mqv0
Xck2-P_r8
Weu5-Gpm6
Kf_3-Jxd3
Ouo9-Jxd3
Guv2-Ouo9
Slp9-Uqv7
Kf_3-Slp9
Exb9-Kf_3
Zns5-Kf_3
I_c2-Zns5
V_m9-I_c2
Exb9-Tta2
Yvq8-Mgb8
Kdf2-Rgs7
Ywk5-Aww3
Yn_0-Vn_5
Eo_0-Yn_0
Fmi6-G_m4
F__1-Fmi6
Tvw2-Kbu6
Krt2-Mxg0
Dnd4-Odt7
Dnd4-O__4
Vud6-Ry_6
Zr_7-Vud6
Pzz2-Mdl4
Bla4-Adk2
Tly0-Ygu8
Fth4-Ffn5
Wkf7-Xpf4
Fyp9-Rwv7
Txb8-Fyp9
Idf5-Qj_0
Jlc2-Idf5
Mpf7-Txb8
Bux3-Qdp3
Hlc1-Mv_3
Qro8-Hlc1
Nlb6-Rig8
Mdl3-Nlb6
Njg9-Mfv0
Qdm5-Njg9
Ipg1-Qdm5
Gpc3-Hul6
Y_t2-Gpc3
Twi4-Y_t2
Tun7-Ey_4
Ggk3-Yb_1
Zze8-Ggk3
Iog0-Bwj3
Mcu0-Xli3
Iog0-Ton1
Njd3-Iog0
Njd3-Yzw3
Vhj3-Njd3
Bbq7-Njd3
Tpu0-Vhj3
Xzk2-Xqg0
Hky3-Xzk2
Tpu0-Hky3
Jb_6-Ftl6
Yfl8-Jb_6
J_h3-Yjb1
Bnt0-J_h3
Ghg2-Bnt0
Zyq0-Ghg2
Cyo8-Ipo7
Swh9-Izl6
Zpm9-Swh9
Kmk4-Zpm9
A__7-Kmk4
R_a1-Kmk4
Ext9-R_a1
Bdx8-Ext9
Kya0-A__7
Yaq1-A__7
Qss2-V_q6
Kya0-Idt2
Sxx6-Kya0
Ycy5-Vac6
Xez9-Ycy5
Uje8-Xez9
Tmt0-Zki7
Tcj6-Zki7
Tmt0-Tsz7
Ona0-Tmt0
D_l1-T_x1
Wff9-Ona0
Z_r7-Ona0
Qa_7-Xzh9
Wff9-Qa_7
Vuu7-Csz9
Pmn6-Vuu7
Dvt3-Pmn6
Slm1-Av_8
Cxf4-Av_8
Yq_0-Cxf4
Slm1-Yq_0
Oed8-Slm1
Cjw0-Oed8
Qen4-Bwn9
W_g6-J_r8
Mwo5-W_g6
Xdt4-Hrw1
Igt7-Xdt4
O_p5-Ic_0
Cqo7-O_p5
Evj9-Cqo7
Zpf1-Dfn8
Pkv1-Zpf1
Nay4-Pkv1
O__6-Evj9
Uf_4-Yof4
Qro8-Uf_4
Rdv7-Uf_4
Kk_4-Zwv9
Qro8-Kk_4
Edy0-Xrp5
Nw_9-Xrp5
Wue0-Wof7
Zep3-Wue0
Edy0-Zep3
Usa3-Edy0
Zqe1-Ywr9
Usa3-Mgi9
Jya7-Sbu3
Tid6-Jya7
Ezb8-Car0
Pec9-Ezb8
Km_7-Fba0
X_k4-Km_7
Pec9-X_k4
I_o4-Pec9
Jxl7-Zvg6
Qau4-Jxl7
Jxh4-I_o4
Jxh4-Sgq1
Vcs5-Qtp7
Dge8-Vcs5
Vyk7-Dge8
Rwi2-Dtk5
Kyr2-Rwi2
Mof9-Iw_4
Imv3-Mof9
Z_w3-Imv3
Wnx5-Z_w3
Ary4-Z_w3
Pr_4-Nnl6
Zrn7-Pzv7
Aby5-Zrn7
Hu_6-Zrn7
C_s5-Hu_6
Xow0-C_s5
Tji5-Xow0
Rul4-Tji5
Ilz1-Aby5
Icp8-Aby5
W_h7-Ilz1
W_u3-Gur4
Pkp7-W_u3
Cu_9-Mpu1
Fmv9-Cu_9
Wez1-Qss8
Oj_4-Wez1
G_w1-Oj_4
Prv6-G_w1
Otr2-Hcj0
Bww3-Otr2
Sfe1-Otr2
Bar5-Sfe1
Bww3-Obe5
Iu_8-Zcq2
Mqj1-Iu_8
Cez2-Exf0
Ves1-J_a8
Vcu5-X_y7
Eqh0-Ukj9
Bld5-Ukj9
Eqh0-Doc5
Sxl5-Eqh0
Cuh8-Eqh0
M_l9-Bpt6
Yjp0-Nkl8
Njy3-Yjp0
Kmk2-Nxi6
Ezi0-Kmk2
Tph0-Ewk8
Gcn0-Tph0
Soo4-Gcn0
S__9-Gcn0
Hcn5-S__9
Fnl9-Ise3
U_g1-Fnl9
Nim1-U_g1
Afl7-U_g1
O_m5-Nim1
Oxj6-O_m5
Ucn8-Pyy7
Sci6-Tcj1
Yuk8-Oxj6
Tej3-Yvk1
Yuk8-Jex9
Ybu6-Yuk8
Ybu6-Haj9
Zpk9-Il_3
Dst7-Zpk9
Hmz1-Zpk9
Jpv0-Hmz1
Dst7-Jpv0
Xpn8-Dst7
Nwk1-Xpn8
G_f8-Xpn8
Qro8-Nwk1
Qro8-Mjy7
Mtv4-Xrp5
Gud9-Chc8
Oey4-Dmn0
Frk3-Oey4
Mwu5-Mtv4
Vc_6-Mtv4
M__2-Fu_2
Ms_8-Mwu5
Zoe4-Ms_8
Wwp0-Yky3
Rmi9-Wwp0
Apx2-Afi2
Iqg9-Dlq7
Gbi1-Dlq7
Xup6-Gbi1
Dlw2-Xup6
Tce4-Dlw2
Iqg9-Tce4
Urh3-Iqg9
Waw3-Ikz2
Cgl1-Urh3
Dls3-Pxg2
Dwd5-Dls3
S_d4-Ior7
Cxo0-S_d4
Qei4-Cxo0
Qgv8-Frx8
Dvv4-V_l6
Vtf7-Qei4
Ssu3-Jnn2
Qro8-Vtf7
Deb6-Vtf7
Uhu5-Deb6
Xzp6-Uhu5
Wyq6-Xzp6
Fit1-Xrp5
Ssp4-Fit1
Fay9-Ssp4
Bhl8-Fay9
Tqb5-Zoh9
C__7-Gy_2
Hua5-Zqk1
Ppg9-Msf0
Hua5-Ppg9
Zis0-Vbo5
Omf8-Zis0
Emx7-Zis0
Tw_8-Omf8
Bgo0-Omf8
Cgg3-Bgo0
Qcm9-Cgg3
Tw_8-Ine0
Qiu3-Ti_5
Mla4-Izp6
Kbw6-Mla4
Sst7-Mla4
Klc1-Sst7
J_l0-Klc1
Kbw6-J_l0
Nzt3-Qoc0
Qfw5-Nzt3
Xmy8-Qfw5
Zte7-Sdf2
Nxk8-Zte7
Ssh2-Ebk4
Jev6-Ssh2
Niv4-Nxk8
Oer7-Jjb2
Q_y5-Oer7
Enr2-Q_y5
Sdg2-Q_y5
Yrc7-Sdg2
Enr2-A_u3
Ve_3-Enr2
Zis9-Enr2
Tk_6-Bzj6
Ve_3-Tk_6
Tij9-Ve_3
Fhs0-Tij9
Ihj0-Ssj8
Vkb2-Dbk8
Ygb9-Vkb2
Jes5-Ygb9
Atr0-Ygb9
W_m5-Sub8
Vp_2-Iez1
Tjx8-Rpt7
Vp_2-Cuy2
Hag8-Vp_2
Qzq4-Hag8
Xcf1-Qzq4
Aho5-Xcf1
Dqq1-Mpq7
Wyf0-Dqq1
Ptg1-Krl7
Sbr2-Ptg1
Sxr3-Sbr2
Fs_0-Fhi7
Ycy9-Fhi7
Tg_9-Pxo2
R__9-Ydr6
Mel9-Max4
R__2-Mel9
Scm9-Flv2
R__9-Scm9
Ijq4-R__9
Cqd3-Ijq4
Mcm0-Ijq4
Rnx5-Ksy2
Kml3-Rnx5
Gec0-Cqd3
Gi_5-Cqd3
Arw8-Gi_5
Fsu2-Epm9
Jgf4-Gec0
Jkp5-Otb0
Jls5-Jkp5
Jgf4-Jls5
Adv2-Eyb1
Eig9-Nwk8
Jrw3-Zon8
Eig9-Syh6
Qro8-Eig9
Vat8-Umh5
Znl3-Vat8
Qro8-Znl3
Umh5-Eig9
Syh6-Jrw3
Zon8-Nwk8
Nwk8-Adv2
Eyb1-Jgf4
Nwk8-Jgf4
Otb0-Oo_8
Oo_8-Iqy0
Iqy0-Gec0
Gec0-Fsu2
Epm9-Arw8
Cqd3-Pul7
Pul7-Kml3
Ksy2-Mcm0
Ijq4-Hyz8
Hyz8-Znf1
Znf1-R__9
Flv2-R__2
Max4-Ydr6
Ydr6-Hhz8
Hhz8-Bmo1
Bmo1-Fs_0
Ydr6-Fs_0
Fs_0-Yfd5
Yfd5-Tg_9
Pxo2-Ycy9
Fhi7-Sxr3
Krl7-Wyf0
Fhi7-Dqq1
Mpq7-Bo_5
Bo_5-Aho5
Dqq1-Hag8
Hag8-Mwd8
Mwd8-Eot8
Eot8-Vp_2
Cuy2-Tjx8
Rpt7-Hra1
Hra1-Iez1
Iez1-Iyp3
Iyp3-Ols9
Ols9-Jes5
Iez1-Jes5
Jes5-Qir6
Qir6-W_m5
Sub8-Upl5
Upl5-Atr0
Dbk8-Ihj0
Ygb9-Ihj0
Ssj8-Fhs0
Ihj0-Ve_3
Bzj6-Bjn2
Bjn2-Qfx3
Qfx3-Zis9
A_u3-Gfk9
Gfk9-Yrc7
Jjb2-Tqq1
Tqq1-Ywi9
Ywi9-Niv4
Q_y5-Nxk8
Nxk8-Awl9
Awl9-Jev6
Ebk4-Gaa7
Gaa7-Zte7
Sdf2-Xmy8
Qoc0-Kbw6
Zte7-Kbw6
Izp6-Nxt0
Nxt0-Qiu3
Ti_5-Tw_8
Mla4-Tw_8
Ine0-Wla6
Wla6-Qcm9
Omf8-Jfg5
Jfg5-Emx7
Vbo5-Gxc2
Gxc2-Gip4
Gip4-Igt2
Igt2-Hua5
Zis0-Hua5
Msf0-Zqk1
Zqk1-C__7
Gy_2-Tqb5
Zoh9-Bhl8
Zqk1-Bhl8
Bhl8-Xrp5
Qro8-Wyq6
Vtf7-Ssu3
Jnn2-Dyi0
Dyi0-Qei4
Qei4-Dvv4
V_l6-Qgv8
Frx8-Cxo0
Ior7-Ccx0
Ccx0-Fhe6
Fhe6-Cgl1
Cxo0-Cgl1
Cgl1-Pmu7
Pmu7-Hrw5
Hrw5-Dwd5
Pxg2-Urh3
Urh3-Waw3
Ikz2-Gyb9
Gyb9-Iqg9
Dlq7-Qx_6
Qx_6-Apx2
Afi2-Rmi9
Dlq7-Yky3
Yky3-Kpr9
Kpr9-Fnv0
Fnv0-Zoe4
Yky3-Ms_8
Ms_8-Aeg2
Aeg2-W__8
W__8-Ujj7
Ujj7-Mwu5
Mwu5-M__2
Fu_2-Vc_6
Mtv4-Frk3
Dmn0-Gud9
Chc8-Xrp5
Mjy7-Axa7
Axa7-Ao_9
Ao_9-Nwk1
Nwk1-Qfr7
Qfr7-G_f8
Xpn8-Qyz3
Qyz3-Ps_3
Ps_3-Dst7
Il_3-Is_4
Is_4-Tdh1
Tdh1-Cjm9
Cjm9-Ybu6
Zpk9-Ybu6
Haj9-Feo5
Feo5-Uee6
Uee6-Yuk8
Jex9-Tej3
Yvk1-Oxj6
Oxj6-Sci6
Tcj1-Ucn8
Pyy7-Ngc1
Ngc1-O_m5
O_m5-X_o0
X_o0-Cqt9
Cqt9-Nim1
Nim1-Rwb0
Rwb0-Rmt3
Rmt3-Afl7
Ise3-Kcm1
U_g1-Kcm1
Kcm1-Die5
Die5-Xzm2
Xzm2-K_c8
K_c8-Soo4
Kcm1-Soo4
Soo4-Hcn5
Gcn0-X_r0
X_r0-Wni6
Wni6-Mfl1
Mfl1-Tph0
Ewk8-Ezi0
Nxi6-Njy3
Tph0-Yjp0
Nkl8-Zcg0
Zcg0-Sxl5
Yjp0-Sxl5
Sxl5-Fib6
Fib6-M_l9
Bpt6-Cuh8
Doc5-Bld5
Ukj9-Zg_1
Zg_1-Mwy3
Mwy3-Vcu5
X_y7-Ves1
Ukj9-J_a8
J_a8-Rbw0
Rbw0-Oix3
Oix3-Cez2
J_a8-Exf0
Exf0-Mqj1
Zcq2-Bww3
Exf0-Bww3
Obe5-Bar5
Hcj0-Prv6
Otr2-Qss8
Qss8-Fmv9
Mpu1-Wc_8
Qss8-Wc_8
Wc_8-Pkp7
Gur4-Gjb7
Gjb7-W_h7
Wc_8-Ilz1
Ilz1-Ke_0
Ke_0-Icp8
Aby5-Rul4
Pzv7-Hhq2
Hhq2-Wnx5
Zrn7-Wnx5
Wnx5-Pr_4
Nnl6-Ary4
Z_w3-Iw_4
Iw_4-Ccg7
Ccg7-Oea3
Oea3-Kyr2
Iw_4-Kyr2
Dtk5-Kqy7
Kqy7-M_p2
M_p2-Vyk7
Kyr2-Vyk7
Qtp7-Jxh4
Vyk7-Jxh4
Sgq1-Dlb1
Dlb1-Gtb4
Gtb4-I_o4
I_o4-Qau4
Zvg6-Pec9
Fba0-Ezb8
Car0-Nmw5
Nmw5-Tid6
Ezb8-Sbu3
Sbu3-Ncv2
Ncv2-Z_k9
Z_k9-Usa3
Sbu3-Usa3
Mgi9-Fho1
Fho1-Zqe1
Ywr9-Vhg9
Vhg9-Edy0
Wof7-Jre4
Jre4-Nw_9
Zwv9-Rdv7
Yof4-O__6
Uf_4-Evj9
Evj9-Nay4
Dfn8-Pwv8
Pwv8-Cqo7
Cqo7-Aly4
Aly4-Asc4
Asc4-Uyu2
Uyu2-Pno7
Pno7-X_y2
X_y2-O_p5
Ic_0-Wmr9
Wmr9-K_o5
K_o5-Qzq8
O_p5-Qzq8
Qzq8-Igt7
Hrw1-Mwo5
Qzq8-W_g6
J_r8-Qen4
Bwn9-Cjw0
W_g6-Slm1
Av_8-Dvt3
Csz9-Wff9
Av_8-Wff9
Xzh9-Z_r7
Ona0-D_l1
T_x1-Tmt0
Tsz7-Cye8
Cye8-Npq0
Npq0-Rqw1
Rqw1-Tcj6
Zki7-Uje8
Vac6-Ooa2
Ooa2-Czu7
Zki7-Czu7
Czu7-O_c2
O_c2-Sxx6
Czu7-Kya0
Idt2-Qss2
V_q6-Xee6
Xee6-Yaq1
A__7-Q_p3
Q_p3-Bdx8
Izl6-Vfe5
Vfe5-Cyo8
Kmk4-Cyo8
Ipo7-Zyq0
Cyo8-Yjb1
Yjb1-Yfl8
Ftl6-Dxm7
Dxm7-Tpu0
Yjb1-Tpu0
Xqg0-Vhj3
Vhj3-G_c0
G_c0-Bbq7
Yzw3-Weo1
Weo1-Iog0
Ton1-Mcu0
Xli3-Ucz7
Ucz7-Bwj3
Bwj3-Zze8
Yb_1-Tun7
Ey_4-Twi4
Bwj3-Twi4
Hul6-Ipg1
Twi4-Ipg1
Mfv0-Mdl3
Ipg1-Nlb6
Rig8-Pun6
Pun6-Xrp5
Nlb6-Xrp5
Mv_3-Rav8
Qro8-Rav8
Rav8-Bux3
Qdp3-Mpf7
Rav8-Txb8
Txb8-Jlc2
Qj_0-Axq4
Axq4-Fyp9
Rwv7-Crs6
Crs6-Wkf7
Xpf4-Fth4
Fyp9-Fth4
Ffn5-Tly0
Ygu8-Gjx1
Gjx1-Bla4
Fth4-Bla4
Adk2-Pzz2
Mdl4-Zr_7
Bla4-Vud6
Ry_6-Ocn3
Ocn3-Dnd4
Vud6-Dnd4
O__4-Byi6
Byi6-Odt7
Odt7-Vop5
Vop5-Thf1
Thf1-Ghl1
Ghl1-Krt2
Mxg0-Tvw2
Odt7-Tvw2
Kbu6-F__1
G_m4-Ubl4
Ubl4-Tqt2
Tvw2-Tqt2
Tqt2-Eo_0
Vn_5-Yhe9
Yhe9-Tcl9
Tcl9-Dq_4
Tqt2-Dq_4
Dq_4-Ywk5
Aww3-Xld0
Xld0-Kdf2
Dq_4-Kdf2
Rgs7-Yvq8
Mgb8-Exb9
Kdf2-Exb9
Tta2-Zmw9
Zmw9-V_m9
Uqv7-Nuk6
Nuk6-Guv2
Jxd3-Weu5
Gpm6-Xck2
Jxd3-Dcg2
Dcg2-Hw_9
Zik0-Cos6
Yia9-Cyi8
Dcg2-Dds3
Qvh9-Axh2
Axh2-Epp0
Epp0-Qox5
Ppf9-Mip1
Mip1-Ite3
Wne5-Huc0
Ppf9-Huc0
Sot7-Dan2
Dan2-Twz4
Nuq8-U_s2
U_s2-Dbe5
Dbe5-Rg_8
Gex9-Uoo8
Uoo8-Uoy5
Uoy5-Aah4
Aah4-Cks3
Uoy5-Kyi7
Kyi7-A_l9
Kyi7-Aul2
Sif9-X__1
Wek5-Sab0
Aul2-Sab0
Sab0-Jch1
Jch1-Ypx4
Sab0-Iew8
Mva1-Pyb7
Pyb7-Kjc4
Kjc4-Tt_0
Iew8-Tt_0
Tt_0-Q_u5
Mjr1-Pbn5
Pbn5-Tqb1
Znp3-Wn_0
Sll6-Fow8
Qve6-Fow8
Fow8-Fao4
Fao4-Rft1
Rft1-Ko_0
Fow8-Wl_3
Wl_3-Cdk3
Qsa9-Qvo2
Qro8-Bhp1
Urq9-Xj_3
Xj_3-Vrl4
Qro8-Vrl4
Vrl4-Fqy5
Fqy5-Gyu3
Ylw0-Evi7
Znt7-Tdz2
Wxz6-Agg1
Agg1-Ejq7
Qb_5-Vbm2
Qb_5-Rrd0
Rrd0-Ebd2
Ebd2-Vmu4
Rrd0-Nma0
W_m8-Uxa3
Msv5-Okc7
Okc7-Jqt7
Jqt7-Ei_8
Ei_8-Yep9
Yep9-Tqh8
B_x9-Glp4
Glp4-Qmj6
Qmj6-Zyf7
Kly8-Cpz0
B_x9-Cpz0
Cpz0-Na_4
Na_4-F_g3
Ogq4-Jrw0
Epq9-Oa_8
Oa_8-Fv_6
Yso3-Mvj6
Mvj6-Wal6
Wal6-Wg_7
W_s4-Zzt2
Zzt2-Ano2
Wg_7-Ano2
Ano2-E__1
Oyg2-Dht0
Ano2-E__5
E__5-Ejk2
E__5-Xrp5
Dif1-F_u5
Hza5-Txe9
Txe9-Iu_0
Zys3-Ebi7
Ebi7-Udw7
Sae8-Xkw0
Xkw0-Cux2
Cux2-Krf7
J_n1-Ilu8
Ilu8-Ejb3
Cux2-Ejb3
Ak_9-Ysq2
Vos6-Pan6
Ejb3-Pan6
Pan6-Rta6
Rta6-Fqh5
Qja9-Ip_0
Pan6-Ip_0
Ip_0-Nwk7
Nwk7-Vc_2
Vc_2-Izm5
Jlw7-Qiy7
Qiy7-Zsa9
Kfy6-Zay2
Zay2-Ymq3
Qiy7-Ymq3
Cez0-Djj2
Ymq3-Aqp6
Aqp6-Ily5
Gmf1-Qwz9
Aqp6-Qwz9
Qwz9-Xbp3
Xbp3-Ksk2
Der0-U_g6
U_g6-Sln9
Sln9-Zv_0
Zv_0-Xpp1
Xpp1-Dym6
Dym6-I_y9
Sln9-I_y9
I_y9-Ihy7
Ihy7-Uen2
I_y9-Tc_1
Tc_1-Izc4
Oxw4-Oet8
Oet8-Uyy6
Uyy6-Vla7
Vla7-Huf4
Huf4-Twc7
Uyy6-Twc7
Twc7-Z_v4
Zem4-Wma7
Wma7-Ghq4
Ghq4-Avd5
Rxh8-Cyq8
Ghq4-Wea0
Wag3-Bit0
Fja9-Xcb1
Xcb1-Sjy9
Yhl5-Zgp4
Zgp4-Qu_3
Gmo7-Bnu0
Soj6-Yyo8
Yyo8-Nd_2
Eml9-Qbd7
Wjx0-Nhm6
Nhm6-Wm_4
Wm_4-Odk9
Fqh6-Rjy0
Ycw7-Utv3
Utv3-Aej6
Ptf8-Pnr3
Fsg8-Ndy1
Ndy1-Cag3
Ddx6-Ono8
Ono8-J_v7
J_v7-Ehe9
Uql3-Nro9
J_v7-Nro9
Nro9-Dn_1
Kqv8-Edq1
Ffc6-Swi5
Mpr8-Hge4
Hge4-Swe7
Swe7-Mef9
Hge4-Hs_0
Vvx0-Hpf4
Hs_0-Xrp5
Qro8-Fbv2
Fbv2-Kon7
Kon7-Ytq0
Ytq0-Ywn0
Vac4-Yxy1
Yqw8-Iww3
S_f6-Wqe0
Unn0-Feu5
Feu5-Yix8
X_t6-Yix8
Yix8-Aam5
V_f2-Jge5
Pod8-Qsj0
Qsj0-Kwd6
Yhn6-Iwt9
Dfe5-W_f5
Txp0-Ylv9
Iwt9-Q_l4
W_o2-Ezj2
Ezj2-Un_9
Ejy7-Ujy1
Ujy1-Grf4
Ejy7-Q_s5
Q_s5-Fqh9
Fqh9-Efe1
Jex7-Pkx1
Oau5-Ig_3
Tsm5-Pnn9
Pkx1-Ygz4
Ygz4-Ooz3
Ooz3-Pms5
Pms5-Rai8
Ryw2-Vhu4
Vhu4-Upz7
Upz7-Ttw9
Cxp9-G_i5
G_i5-Oye0
Mop5-Oye0
Tjs8-Mkz6
Mkz6-Gxz3
Gxz3-Csu1
Csu1-Pcg0
Oye0-Pcg0
Pcg0-Mtx9
Mtx9-Ecu9
Ecu9-Mqd5
Ccq2-Anb3
Ece3-Cfv5
Cfv5-Cpy4
Rgp7-Zrz3
Cwu4-Jrt4
De_1-Dg_0
Dg_0-A_m7
Hac9-Iqg6
V_x6-Pfo7
Iqg6-Pfo7
Eai3-Nhy6
Nhy6-Wam2
Ylr3-Oov6
Wam2-Zbq4
Qs_8-Sic9
Sic9-Ywq5
Tol2-Ra_2
Qez4-Erj9
Yed3-Mdy2
Mdy2-Zhr5
Zhr5-Pze1
Shg6-Pze1
Pze1-Mlp6
Bbe0-Klm3
Klm3-Ed_5
Ed_5-Xoj6
Xoj6-Pux3
Pux3-Uiw7
Uiw7-Rzj8
Wjn1-Tt_9
Pux3-Tt_9
Tt_9-Vtz9
Akm1-Jya5
Jya5-Nay9
Nay9-Egc0
R__1-Mvo9
Mvo9-Ztq8
Nay9-Ztq8
Ztq8-U_e9
Ydp6-Bgd8
Ztq8-Zlo4
S_f7-O_u9
O_u9-Uuh9
Ryo7-Vmz6
Vmz6-Ufe2
Ryo7-Cm_0
Cm_0-Jsh8
Jsh8-G_d5
G_d5-Zkc8
Ttb4-O_p1
Wqe7-Rgg7
Byc3-Xc_7
Xc_7-Dgg7
Dgg7-Ic_1
Idz0-Xf_9
Xf_9-R_w6
R_w6-Nwh3
Zhc9-Tvh6
Nyo4-Ziy9
Kqf6-Fpx1
Xez8-Alg8
Odv7-Me_4
Me_4-Elk7
Zl_8-Uea3
P_v7-Vay5
Plr0-Cxj4
Cxj4-Huz3
Toq6-Wum6
Rtk5-Ezy7
Gsr7-Or_5
Or_5-P_q0
P_q0-J__4
J__4-Vvx5
Ejm3-Oya9
Oya9-K_v0
K_v0-Kon0
Kon0-Ru_3
Bwm3-Ntz5
Nlx7-Ezx7
Ezx7-Qow6
Uz_0-Mkw5
Vgi8-Jt_0
Ael6-Iyu8
Eym0-Qkz2
Qkz2-Xjf4
Xjf4-Wpe6
Wpe6-Yxn9
Bqm7-Jnd0
Kqb3-S_l4
Bbl6-Ajh5
Ajh5-Noz5
Noz5-Bzq4
Bzq4-Njt9
Njt9-Cqo8
Cqo8-Nfl1
Bhg9-Cfp5
Cfp5-Jtx0
Kpx3-E_t5
Mlu7-Afa6
Afa6-Jfb0
Jfb0-Hng4
Hng4-Pjm1
Pjm1-Wkd1
Wkd1-Ceq7
Ywo3-Hsn5
A_x4-Jbe2
Jbe2-Nzb3
Sii7-K_d4
K_d4-Xtg5
Wot7-I_o0
Brz0-Jtz5
Cth8-Zym1
Qro8-Vln8
Gqp0-Gnf4
Qw_9-Tyq7
Tyq7-Wqd2
Wqd2-Khg4
Khg4-Jfd4
Jfd4-Sgj1
Sgj1-Qgx7
Xkv9-Z_a3
Pav0-Byg1
Bog3-Vit3
Grt7-Fkp5
Fkp5-Hm_1
Hm_1-Ur_9
Kpp2-Gzg1
Gzg1-Nhk4
Nhk4-Wwu4
Wwu4-Zll3
Jwv8-Csy3
Xo_6-Mbx1
Qro8-Nkh1
Nkh1-Iqr9
Aed7-Zco9
Akq8-Zym5
Xze8-Plk4
Plk4-Flh6
Wqf8-Ewf0
Rsd6-Akj5
Myo6-Txl7
Txl7-H_m3
Ebs4-Dfa9
Dfa9-Qn_7
Qnu6-Ouu0
Ouu0-Ryg5
Ryg5-Uzh7
Uzh7-Wly0
Ypm5-Xtm2
Xtm2-Gjy8
Gjy8-Hte6
Hte6-Ojf7
Xwl9-Yqu5
Yqu5-Kac2
Kac2-D__9
D__9-Jsl3
Un_0-Aen1
Xrp5-Ftt0
Ftt0-Qbe9
Teg5-Tjc2
Fbe1-Zqp4
Zoc2-Jkl7
Bef9-Ejx1
Uiq2-Sbf9
Sbf9-Sl_0
Rft9-Z_i4
Z_i4-Swc8
Swc8-Vxz4
Vxz4-Ida3
Ida3-Rso9
Mky8-Qvh4
Qvh4-W_d9
Mvq4-Ric2
Flh8-Qlt3
Ggl3-Rza4
Qgv1-Cd_3
Miz5-C_u0
Op_3-Wpb2
Inl3-Jm_8
Gje1-Ver2
Ver2-Flb7
Xwf2-Zzc2
Srp4-Hff9
Hff9-Yqn5
Yqn5-U_s8
P_q2-Qrp9
Qrp9-Yil4
Yil4-Jyp5
Jyp5-M__1
M__1-Aou1
Aou1-Wtc4
Wtc4-A_e4
A_e4-Uxv7
C_y9-H__7
H__7-Uvm9
Uvm9-Fkq4
Fkq4-Gxu7
Gxu7-Tj_2
Tj_2-Xqp8
Hcc1-Ezx6
Ezx6-Hsx7
Hsx7-S_k9
S_k9-Gqk0
Jxa7-Bmt0
Vxa1-Fmd7
Fmd7-Pfl8
Pfl8-J_y5
Fig3-Zxe0
Cac0-Rzf9
Rzf9-Kze7
Wiw8-Oox6
Iow6-G_d2
Joz6-Ujj6
Ujj6-Ktk1
Ktk1-Fkh5
Adq7-Jjm5
Txf3-Xor7
Xor7-Rbg4
Rbg4-Vuz3
Bpa7-Ekj5
Ekj5-Eev6
Kon5-Zas7
Zas7-Hs_7
P_j6-Qqb5
Ymd7-Xx_3
Oiq2-Url8
Qro8-Eon4
Cex3-Eaj5
Eaj5-Ydd5
Ydd5-Cef2
Cef2-Kec0
Kec0-Eeb8
Uo_9-F_j6
F_j6-Msr6
Msr6-Ruv2
Sxj6-Atm6
Atm6-Ydv2
Oaq9-Oas7
Oas7-Qhw6
Sjq9-X_m8
Kzw0-Tjv0
Dbv4-Qaf0
Xrp5-Z_p5
Z_p5-Iws4
Iws4-Ibx4
Ibx4-Zll6
Ant4-Nof3
Nof3-Qjt6
Qjt6-Hbm8
Hbm8-I__4
Mmd5-Scd0
Faq7-Aq_0
Aq_0-Asf6
Asf6-Thr8
Ewr4-Rxg5
Rxg5-Zzk6
Pjt9-O__8
O__8-M_c0
M_c0-Kxc4
Kxc4-Boo5
Axh2-Ssj8
Jb_6-Zgp4
Jkp5-Ccx0
Urh3-Kml3
O_j5-Tta2
Ujy1-Uxa3
Wl_3-Hs_0
Zhr5-Pnr3
Cye8-Aww3
Nuq8-Xzk2
Waw3-Vbm2
Otb0-Iqy0
Afi2-Pyy7
Pr_4-Wxb1
Idf5-Txb8
Kcm1-Rqw1
Vvx0-Wl_3
Mjr1-Wjn1
Vn_5-Xbp3
Qzq8-Ikz2
Ycy5-Rgs7
Wff9-Jbh5
M_l9-Cyq8
Dst7-Oo_8
Vac6-Zki7
Tw_8-Bbe0
Qgv8-Dfn8
Gpc3-W_u3
Tly0-Rjc6
Mpf7-Txe9
Vop5-Djj2
W_m8-Slm1
Ygu8-Ejb3
Sbr2-Qmj6
Mlp6-Hul6
O_o3-Ygb9
Zpm9-Ghq4
Ei_8-Cez0
Fu_2-Pms5
Iyp3-Xee6
Na_4-Ryw2
Fhi7-Qfs4
Gur4-Ndy1
Rzv1-O_j5
Jya5-Ffc6
Dlb1-Jxh4
Fit1-Zlo4
Qez4-Fsg8
Ywq5-Wm_4
Ghl1-Okc7
Gxc2-Tt_9
Vhg9-Fho1
Yix8-Cqo7
Wof7-Zep3
Dxm7-Yfl8
W__8-Qa_7
Qx_6-Byi6
Ihy7-Mwd8
Fit1-Uuh9
Bfe6-Vyk7
Fow8-Hua5
Mcu0-Rjy0
Adk2-Mcm0
Dcg2-Zpm9
Xkw0-Qei4
I__6-Ctw6
Ghg2-Qxd2
Csb8-V_m9
Il_3-Rjc6
Qzq4-Na_4
Wxb1-Msf0
Tg_9-Ujj7
Ttw9-Xzm2
Dtk5-Ufe2
Oov6-Vhj3
G_c0-Iu_8
V_q6-Ccq2
Pze1-Y_t2
Dwd5-Pod8
Npq0-Cpz0
Hac9-Dg_0
G_w1-Wls7
Ykh2-Qez4
Pux3-Nro9
Xee6-Ols9
V_x6-Tk_6
Rzv1-Hra1
R__1-Hge4
Yhe9-D_o3
Bww3-G_x9
Flv2-Rmi9
Hag8-G_i5
Ycy9-Gmf1
X_t6-V_l6
Fhs0-Qxd2
X__1-Qez4
Dan2-A_u3
Dvt3-Okc7
Yvk1-Rrd0
Ksy2-Ppo6
Wma7-Mqv0
Cfv5-Jes5
Ry_6-Yuk8
Tjs8-O_j5
Pms5-Ptg1
Nlv7-Dlg5
Xoj6-Cgg3
Swh9-M_l9
Mip1-X_y7
Yzw3-Bar5
Ilu3-Qa_7
Zrz3-R_a1
O_m5-Jex7
Sab0-W_h7
Mpr8-Sll6
Hs_0-Cdk3
Bld5-Bit0
Ra_2-Xmy8
Swi5-Gxc2
Il_3-O_p5
Njg9-Pyb7
Vqa7-J_e4
Hmz1-Ylf3
Cag3-Xpl6
Udw7-V_j1
Cja9-Ajt2
Tvw2-Zyo8
Ouo9-Xll3
Zr_7-Xtb1
Ycw7-Eop3
Ke_0-Zkh1
Zcx0-Hqq2
Yq_0-Glw6
Weu5-Crn8
Ajh5-Rfm3
Ncv2-Asp6
P_r8-Zdd7
Qjt6-Qex4
Ghg2-Csr1
Jnn2-Xbc6
Ycy9-Icg9
Ajt2-Ami8
Iow6-Dqj8
Doc5-Kju1
Dlq7-Wvb5
Na_4-Gxp7
Nfl1-Ewk0
Xbp3-Cjp1
Fho1-Ylh5
Txp0-N_g3
Nyo4-B_m1
Plk4-Dnx3
Mef9-Kdi2
Dvv4-Qi_7
Iu_4-Jfn8
Ydd5-Drz8
Cqo7-Sex1
Kbw6-Bzf3
Jkp5-T__6
Bao8-Wtl5
Wyf0-Ylq5
Wma7-Znu5
Fib6-Cbs6
Tcl9-Bez1
Xli3-Ktq8
V_q6-Bmu3
Ip_0-Ixs8
Tc_1-Tlt2
Huz3-Ihl1
Fqy5-Q_q5
Zik0-Bqq3
Qfw5-Dlg2
Uql3-Wm_2
Fbe1-Fgi0
Nkh1-Bkj6
C_y9-Wjh4
Bhg9-Jyd6
O_c2-Gm_3
Mtv4-Iq_2
Wkf7-H_b3
Bnd3-Nj_2
O__6-Wze2
Plk4-Qne4
Awl9-Uvb7
Znf1-Bcb0
Iow6-Glb0
Hvz3-Dvw0
Nay9-Qrk0
I_o0-Fe_0
Oyg2-Vwt3
Wma7-Btn3
Csb8-Taq6
Txc8-Jju6
Ezx6-Sbx6
Ejy7-Hhw4
Gxu7-Ofj6
Mjy7-Wnj3
Hsx7-Ygg5
Vpe9-Cic7
Fq_3-Tpk7
Gxh1-Eyb5
Bqm7-To_2
Ooz3-Hjj0
Glb0-Wpu3
Nwk8-Kvz9
Kxf1-Diq9
Mwo5-Toy3
Jhs0-M_d0
Kk_4-F_w8
C_s5-Rxy7
Jrt4-Awq6
Ewk0-Jvj8
Qfr7-Pen6
Ffc6-Htb4
Gvw8-Hfx7
Cxf4-Kq_9
Wxb1-Cka9
Epm9-F_g2
Fth4-W_b7
Fqy5-Oxv5
Kwd6-E_r1
Xy_7-Hzg9
Uwb9-Tvx0
Huz3-Pqt3
Sxx6-Dic3
Oov6-Soa8
Oix3-Mvi2
Agg1-Qy_8
Zm_4-N_a4
Ghq4-Mju7
Hua5-Hkg7
G_m4-Qd_3
Mmd5-Z_l2
Mcu0-Xao2
Msr6-Bvu9
Glb0-J_m0
Yyo8-Sxq1
Aho5-Ojr9
Hac9-Kju5
Zuz7-Qil8
Qei4-Ys_7
Qsa9-O_m0
Ypm5-O_i6
Sbd1-Xbc3
Tsp8-Ukg4
Bdc0-Tyu2
Cks3-Utl1
Sjq9-Wat0
P_q0-Hbo3
Ep_4-Pmd2
Hac9-Naq4
Sbr2-Krv5
Vay5-Cyr4
Xwl9-Fqw9
Csz9-Ijp4
Nlq0-K_f9
Bnu0-Fwc2
Ebi7-Dko0
Bmt0-Vwb8
R__1-Sku6
Elk7-Qpt0
Niv4-R_k3
Tdh1-Zja5
I__6-Ncq7
Mvq4-D_i8
Hac9-Ghj1
Asc4-Nib6
Ebi7-Bbz1
Plr0-Tjl1
Csr1-Hnw4
Zx_4-Mbh7
Bdc0-A_z2
Vcu5-Tze9
Sah3-Mat1
Omf8-Xzs2
Kk_4-Uda9
Asc4-Mlm8
Zon8-Nhn5
T_y0-Ngx4
O_j5-Bwi8
Hqq2-Ims4
Ylu3-Txk1
Jyp5-Ppp4
Zhr5-J__7
Wne5-Wup7
Ajt2-Alz3
X_x4-Oeq1
X_x4-Pzb5
Wof7-E_w1
Zco9-Iek6
Toe9-Peg0
F_g2-Nhr3
Sgq1-Ai_7
Ezy7-Ivo2
Gtb4-Pqb6
Oaq9-Zdp5
Uiw7-Ftw7
Yxy1-Duq0
Zqp4-Iin2
Qfw5-Hsf6
Yix8-Ccf9
Xtb1-Sg_0
Dlb1-Ywf1
Ru_3-Rgm1
Noz5-Nos7
Z_r2-Tjy1
Die5-Bnr8
Nhk4-Ou_9
Sub8-Hg_3
Izb2-Off0
Kac2-Pzm0
Afi2-Nml1
Zcx0-Ngj5
I_c2-Qr_5
Txl7-Voj7
Unn0-Ree1
Bqq3-Xo_7
Cac0-Qsx1
Ukj9-F_q4
Mdl3-Iib4
K_c8-Ub_0
Qbe9-Ixs2
Xck2-E_g2
Uvm9-Ycx0
Sub8-Icq9
Tvv0-Qxq1
Yb_1-Ocu1
Ves1-Joj8
Dbv4-Jzn3
Wma7-Ayt1
Wn_0-C_x1
Pzv7-Hyv9
Iqy0-Wwx6
Nsm5-Y_h3
Rmt3-U_q9
Qei4-Kgz0
Jmm0-Key6
Rhk2-Ots0
Yix8-Cax2
Vhu4-Cxu5
Cd_3-Mqf0
Eqh0-Ga_3
Scd0-Kfv4
Eli7-Zmu2
Qfy6-Sat1
Aou1-Yso2
Tlg2-Sfh0
Sif9-Csr6
Dge8-Jnx5
Omf8-Fpv2
Ddx6-Yg_1
Mrs7-Jwz5
Wgf8-Mmi2
Ggl3-Vek1
Jnx5-Xtb5
Uee6-Wo_7
Nhy6-Exx5
Vwb8-Kgc2
Kq_9-Qep2
Brz0-Gup0
Wnx5-Kde9
Vbm2-Mlf8
Jzn3-Ham3
Tvx0-T_r8
Tqt2-Ojh8
Znp3-Acl7
Fho1-Yks2
Iwr7-Dm_6
Csb8-Meq7
Qfs4-N_i2
Gex9-Fkr6
Kdi2-Rod1
Hqq2-Tl_7
Edx1-Vso6
F_w8-Og_2
Kac2-Ajm6
Ep_4-W_l2
W_m5-Ozz7
Av_8-Pxg3
Zay2-Qbe8
Gmf1-Jyg5
Byg1-Vkz0
Zdd7-Rld4
Dyi0-Pdh0
Ed_5-Kem6
Aly4-Uf_8
Jgd3-Bly0
Gpc3-Prk7
Pms5-Uvr1
Pul7-Hba6
Jgd3-Vpg5
Ylf3-Yht2
W_b7-Xh_8
Pkv1-D_s3
Tmt0-Hdk2
Yxy1-Kau1
Vln8-Dyf9
Kqy7-Ywz5
Iyu8-E_d6
Klc1-Dlx2
Xtb5-Vjd4
Mla4-Gd_2
Is_4-Swo7
Dqq1-Qdx4
Zgg2-E_x4
Tg_9-Jqt2
Jes5-Pwl2
Xo_7-Quh5
Ccf9-Snh0
H_x6-E_y8
Jlc2-Fxj7
Ydr6-Xgy8
Ewf0-Tku2
D_i8-Fyp7
Alz3-Ae_7
Bog3-Tkq6
J_m0-Gyx9
E_t5-Vlf6
Alg8-Zia4
Uee6-Awz0
Tw_8-Jt_8
Cja9-Bdv5
Xor7-Mls0
Ww_5-Wnl3
Hlc1-Yln8
Xkw0-Mrh8
Mst6-Asj5
Jgd3-Jsw3
Ntz5-Vtb1
Uyy6-Xtq0
Wm_4-Caz5
Op_3-B_d9
Txe9-Iqo8
Nhn5-Uzj6
Dxe2-Vxu3
Dov3-Xvz9
Etw3-Db_3
Vmr9-Kxv1
Z_w3-E_l2
Nma0-Bil8
Vkb2-Mtv8
Mwd8-Glu0
Xvt8-Qt_7
Ano2-Tdd0
Twz4-Yms7
Ttb4-Bgs0
Sbe4-Vdk2
Pyf0-Kau0
Ida3-Fg_0
Nhy6-Gzg8
Wc_8-Mny2
Zdp5-Kpo1
Mqi3-Csq9
Dcg2-Xqj6
Fad7-Cvt6
Pyf0-Xpd1
Izp6-Gas6
Ise3-Rlk4
W_o2-Ywa5
Hra1-Gtf0
Ghq4-Fns1
Wjx0-Emm1
Ak_9-Ufx4
#Here is the number of lines required: 47

L1-Ywn0 L2-Rav8 L3-Zys3 L4-Uf_4 L5-Eig9 L6-Vrl4 L7-Nwk1 L8-Vtf7
L1-X_t6 L9-Ywn0 L2-Txb8 L10-Rav8 L3-Ebi7 L11-Zys3 L4-Evj9 L12-Uf_4 L5-Nwk8 L13-Eig9 L6-Znt7 L14-Vrl4 L7-Xpn8 L15-Nwk1 L8-Qei4 L16-Vtf7
L1-Yix8 L9-X_t6 L17-Ywn0 L2-Fyp9 L10-Txb8 L18-Rav8 L3-Cux2 L11-Ebi7 L19-Zys3 L4-Cqo7 L12-Evj9 L20-Uf_4 L5-Jgf4 L13-Nwk8 L21-Eig9 L6-Agg1 L14-Znt7 L22-Vrl4 L7-Dst7 L15-Xpn8 L23-Nwk1 L8-Cxo0 L16-Qei4 L24-Vtf7
L1-Yhn6 L9-Yix8 L17-X_t6 L25-Ywn0 L2-Fth4 L10-Fyp9 L18-Txb8 L26-Rav8 L3-Ejb3 L11-Cux2 L19-Ebi7 L27-Zys3 L4-O_p5 L12-Cqo7 L20-Evj9 L28-Uf_4 L5-Gec0 L13-Jgf4 L21-Nwk8 L29-Eig9 L6-Iuw6 L14-Agg1 L22-Znt7 L30-Vrl4 L7-Zpk9 L15-Dst7 L23-Xpn8 L31-Nwk1 L8-Cgl1 L16-Cxo0 L24-Qei4 L32-Vtf7
L1-Iwt9 L9-Yhn6 L17-Yix8 L25-X_t6 L33-Ywn0 L2-Bla4 L10-Fth4 L18-Fyp9 L26-Txb8 L34-Rav8 L3-Pan6 L11-Ejb3 L19-Cux2 L27-Ebi7 L35-Zys3 L4-Qzq8 L12-O_p5 L20-Cqo7 L28-Evj9 L36-Uf_4 L5-Cqd3 L13-Gec0 L21-Jgf4 L29-Nwk8 L37-Eig9 L6-Qb_5 L14-Iuw6 L22-Agg1 L30-Znt7 L38-Vrl4 L7-Ybu6 L15-Zpk9 L23-Dst7 L31-Xpn8 L39-Nwk1 L8-Urh3 L16-Cgl1 L24-Cxo0 L32-Qei4 L40-Vtf7
L1-Q_l4 L9-Iwt9 L17-Yhn6 L25-Yix8 L33-X_t6 L41-Ywn0 L2-Vud6 L10-Bla4 L18-Fth4 L26-Fyp9 L34-Txb8 L42-Rav8 L3-Ip_0 L11-Pan6 L19-Ejb3 L27-Cux2 L35-Ebi7 L43-Zys3 L4-W_g6 L12-Qzq8 L20-O_p5 L28-Cqo7 L36-Evj9 L44-Uf_4 L5-Ijq4 L13-Cqd3 L21-Gec0 L29-Jgf4 L37-Nwk8 L45-Eig9 L6-Rrd0 L14-Qb_5 L22-Iuw6 L30-Agg1 L38-Znt7 L46-Vrl4 L7-Yuk8 L15-Ybu6 L23-Zpk9 L31-Dst7 L39-Xpn8 L47-Nwk1 L8-Iqg9 L16-Urh3 L24-Cgl1 L32-Cxo0 L40-Qei4 L48-Vtf7
L1-Ejy7 L9-Q_l4 L17-Iwt9 L25-Yhn6 L33-Yix8 L41-X_t6 L49-Ywn0 L2-Dnd4 L10-Vud6 L18-Bla4 L26-Fth4 L34-Fyp9 L42-Txb8 L50-Rav8 L3-Qiy7 L11-Ip_0 L19-Pan6 L27-Ejb3 L35-Cux2 L43-Ebi7 L51-Zys3 L4-Slm1 L12-W_g6 L20-Qzq8 L28-O_p5 L36-Cqo7 L44-Evj9 L52-Uf_4 L5-R__9 L13-Ijq4 L21-Cqd3 L29-Gec0 L37-Jgf4 L45-Nwk8 L53-Eig9 L6-Nma0 L14-Rrd0 L22-Qb_5 L30-Iuw6 L38-Agg1 L46-Znt7 L54-Vrl4 L7-Oxj6 L15-Yuk8 L23-Ybu6 L31-Zpk9 L39-Dst7 L47-Xpn8 L55-Nwk1 L8-Dlq7 L16-Iqg9 L24-Urh3 L32-Cgl1 L40-Cxo0 L48-Qei4 L56-Vtf7
L1-Q_s5 L9-Ejy7 L17-Q_l4 L25-Iwt9 L33-Yhn6 L41-Yix8 L49-X_t6 L57-Ywn0 L2-Odt7 L10-Dnd4 L18-Vud6 L26-Bla4 L34-Fth4 L42-Fyp9 L50-Txb8 L58-Rav8 L3-Ymq3 L11-Qiy7 L19-Ip_0 L27-Pan6 L35-Ejb3 L43-Cux2 L51-Ebi7 L59-Zys3 L4-Av_8 L12-Slm1 L20-W_g6 L28-Qzq8 L36-O_p5 L44-Cqo7 L52-Evj9 L60-Uf_4 L5-Ydr6 L13-R__9 L21-Ijq4 L29-Cqd3 L37-Gec0 L45-Jgf4 L53-Nwk8 L61-Eig9 L6-Msv5 L14-Nma0 L22-Rrd0 L30-Qb_5 L38-Iuw6 L46-Agg1 L54-Znt7 L62-Vrl4 L7-O_m5 L15-Oxj6 L23-Yuk8 L31-Ybu6 L39-Zpk9 L47-Dst7 L55-Xpn8 L63-Nwk1 L8-Yky3 L16-Dlq7 L24-Iqg9 L32-Urh3 L40-Cgl1 L48-Cxo0 L56-Qei4 L64-Vtf7
L1-Pkx1 L9-Q_s5 L17-Ejy7 L25-Q_l4 L33-Iwt9 L41-Yhn6 L49-Yix8 L57-X_t6 L65-Ywn0 L2-Tvw2 L10-Odt7 L18-Dnd4 L26-Vud6 L34-Bla4 L42-Fth4 L50-Fyp9 L58-Txb8 L66-Rav8 L3-Aqp6 L11-Ymq3 L19-Qiy7 L27-Ip_0 L35-Pan6 L43-Ejb3 L51-Cux2 L59-Ebi7 L67-Zys3 L4-Wff9 L12-Av_8 L20-Slm1 L28-W_g6 L36-Qzq8 L44-O_p5 L52-Cqo7 L60-Evj9 L68-Uf_4 L5-Fs_0 L13-Ydr6 L21-R__9 L29-Ijq4 L37-Cqd3 L45-Gec0 L53-Jgf4 L61-Nwk8 L69-Eig9 L6-Yep9 L14-Msv5 L22-Nma0 L30-Rrd0 L38-Qb_5 L46-Iuw6 L54-Agg1 L62-Znt7 L70-Vrl4 L7-Nim1 L15-O_m5 L23-Oxj6 L31-Yuk8 L39-Ybu6 L47-Zpk9 L55-Dst7 L63-Xpn8 L71-Nwk1 L8-Ms_8 L16-Yky3 L24-Dlq7 L32-Iqg9 L40-Urh3 L48-Cgl1 L56-Cxo0 L64-Qei4 L72-Vtf7
L1-Ygz4 L9-Pkx1 L17-Q_s5 L25-Ejy7 L33-Q_l4 L41-Iwt9 L49-Yhn6 L57-Yix8 L65-X_t6 L73-Ywn0 L2-Tqt2 L10-Tvw2 L18-Odt7 L26-Dnd4 L34-Vud6 L42-Bla4 L50-Fth4 L58-Fyp9 L66-Txb8 L74-Rav8 L3-Qwz9 L11-Aqp6 L19-Ymq3 L27-Qiy7 L35-Ip_0 L43-Pan6 L51-Ejb3 L59-Cux2 L67-Ebi7 L75-Zys3 L4-Ona0 L12-Wff9 L20-Av_8 L28-Slm1 L36-W_g6 L44-Qzq8 L52-O_p5 L60-Cqo7 L68-Evj9 L76-Uf_4 L5-Fhi7 L13-Fs_0 L21-Ydr6 L29-R__9 L37-Ijq4 L45-Cqd3 L53-Gec0 L61-Jgf4 L69-Nwk8 L77-Eig9 L6-B_x9 L14-Yep9 L22-Msv5 L30-Nma0 L38-Rrd0 L46-Qb_5 L54-Iuw6 L62-Agg1 L70-Znt7 L78-Vrl4 L7-U_g1 L15-Nim1 L23-O_m5 L31-Oxj6 L39-Yuk8 L47-Ybu6 L55-Zpk9 L63-Dst7 L71-Xpn8 L79-Nwk1 L8-Mwu5 L16-Ms_8 L24-Yky3 L32-Dlq7 L40-Iqg9 L48-Urh3 L56-Cgl1 L64-Cxo0 L72-Qei4 L80-Vtf7
L1-Ryw2 L9-Ygz4 L17-Pkx1 L25-Q_s5 L33-Ejy7 L41-Q_l4 L49-Iwt9 L57-Yhn6 L65-Yix8 L73-X_t6 L81-Ywn0 L2-Dq_4 L10-Tqt2 L18-Tvw2 L26-Odt7 L34-Dnd4 L42-Vud6 L50-Bla4 L58-Fth4 L66-Fyp9 L74-Txb8 L82-Rav8 L3-Sln9 L11-Qwz9 L19-Aqp6 L27-Ymq3 L35-Qiy7 L43-Ip_0 L51-Pan6 L59-Ejb3 L67-Cux2 L75-Ebi7 L83-Zys3 L4-Tmt0 L12-Ona0 L20-Wff9 L28-Av_8 L36-Slm1 L44-W_g6 L52-Qzq8 L60-O_p5 L68-Cqo7 L76-Evj9 L84-Uf_4 L5-Dqq1 L13-Fhi7 L21-Fs_0 L29-Ydr6 L37-R__9 L45-Ijq4 L53-Cqd3 L61-Gec0 L69-Jgf4 L77-Nwk8 L85-Eig9 L6-Cpz0 L14-B_x9 L22-Yep9 L30-Msv5 L38-Nma0 L46-Rrd0 L54-Qb_5 L62-Iuw6 L70-Agg1 L78-Znt7 L86-Vrl4 L7-Kcm1 L15-U_g1 L23-Nim1 L31-O_m5 L39-Oxj6 L47-Yuk8 L55-Ybu6 L63-Zpk9 L71-Dst7 L79-Xpn8 L87-Nwk1 L8-Mtv4 L16-Mwu5 L24-Ms_8 L32-Yky3 L40-Dlq7 L48-Iqg9 L56-Urh3 L64-Cgl1 L72-Cxo0 L80-Qei4 L88-Vtf7
L1-Mop5 L9-Ryw2 L17-Ygz4 L25-Pkx1 L33-Q_s5 L41-Ejy7 L49-Q_l4 L57-Iwt9 L65-Yhn6 L73-Yix8 L81-X_t6 L89-Ywn0 L2-Kdf2 L10-Dq_4 L18-Tqt2 L26-Tvw2 L34-Odt7 L42-Dnd4 L50-Vud6 L58-Bla4 L66-Fth4 L74-Fyp9 L82-Txb8 L90-Rav8 L3-I_y9 L11-Sln9 L19-Qwz9 L27-Aqp6 L35-Ymq3 L43-Qiy7 L51-Ip_0 L59-Pan6 L67-Ejb3 L75-Cux2 L83-Ebi7 L91-Zys3 L4-Zki7 L12-Tmt0 L20-Ona0 L28-Wff9 L36-Av_8 L44-Slm1 L52-W_g6 L60-Qzq8 L68-O_p5 L76-Cqo7 L84-Evj9 L92-Uf_4 L5-Hag8 L13-Dqq1 L21-Fhi7 L29-Fs_0 L37-Ydr6 L45-R__9 L53-Ijq4 L61-Cqd3 L69-Gec0 L77-Jgf4 L85-Nwk8 L93-Eig9 L6-Yso3 L14-Cpz0 L22-B_x9 L30-Yep9 L38-Msv5 L46-Nma0 L54-Rrd0 L62-Qb_5 L70-Iuw6 L78-Agg1 L86-Znt7 L94-Vrl4 L7-Rqw1 L15-Kcm1 L23-U_g1 L31-Nim1 L39-O_m5 L47-Oxj6 L55-Yuk8 L63-Ybu6 L71-Zpk9 L79-Dst7 L87-Xpn8 L95-Nwk1 L8-Xrp5 L16-Mtv4 L24-Mwu5 L32-Ms_8 L40-Yky3 L48-Dlq7 L56-Iqg9 L64-Urh3 L72-Cgl1 L80-Cxo0 L88-Qei4 L96-Vtf7
L1-Oye0 L9-Mop5 L17-Ryw2 L25-Ygz4 L33-Pkx1 L41-Q_s5 L49-Ejy7 L57-Q_l4 L65-Iwt9 L73-Yhn6 L81-Yix8 L89-X_t6 L97-Ywn0 L2-Exb9 L10-Kdf2 L18-Dq_4 L26-Tqt2 L34-Tvw2 L42-Odt7 L50-Dnd4 L58-Vud6 L66-Bla4 L74-Fth4 L82-Fyp9 L90-Txb8 L98-Rav8 L3-Tc_1 L11-I_y9 L19-Sln9 L27-Qwz9 L35-Aqp6 L43-Ymq3 L51-Qiy7 L59-Ip_0 L67-Pan6 L75-Ejb3 L83-Cux2 L91-Ebi7 L99-Zys3 L4-Czu7 L12-Zki7 L20-Tmt0 L28-Ona0 L36-Wff9 L44-Av_8 L52-Slm1 L60-W_g6 L68-Qzq8 L76-O_p5 L84-Cqo7 L92-Evj9 L100-Uf_4 L5-Vp_2 L13-Hag8 L21-Dqq1 L29-Fhi7 L37-Fs_0 L45-Ydr6 L53-R__9 L61-Ijq4 L69-Cqd3 L77-Gec0 L85-Jgf4 L93-Nwk8 L101-Eig9 L6-Mvj6 L14-Yso3 L22-Cpz0 L30-B_x9 L38-Yep9 L46-Msv5 L54-Nma0 L62-Rrd0 L70-Qb_5 L78-Iuw6 L86-Agg1 L94-Znt7 L102-Vrl4 L7-Gud9 L15-Rqw1 L23-Kcm1 L31-U_g1 L39-Nim1 L47-O_m5 L55-Oxj6 L63-Yuk8 L71-Ybu6 L79-Zpk9 L87-Dst7 L95-Xpn8 L103-Nwk1 L16-Xrp5 L24-Mtv4 L32-Mwu5 L40-Ms_8 L48-Yky3 L56-Dlq7 L64-Iqg9 L72-Urh3 L80-Cgl1 L88-Cxo0 L96-Qei4 L104-Vtf7
L1-Pcg0 L9-Oye0 L17-Mop5 L25-Ryw2 L33-Ygz4 L41-Pkx1 L49-Q_s5 L57-Ejy7 L65-Q_l4 L73-Iwt9 L81-Yhn6 L89-Yix8 L97-X_t6 L105-Ywn0 L2-Kf_3 L10-Exb9 L18-Kdf2 L26-Dq_4 L34-Tqt2 L42-Tvw2 L50-Odt7 L58-Dnd4 L66-Vud6 L74-Bla4 L82-Fth4 L90-Fyp9 L98-Txb8 L106-Rav8 L3-Uyy6 L11-Tc_1 L19-I_y9 L27-Sln9 L35-Qwz9 L43-Aqp6 L51-Ymq3 L59-Qiy7 L67-Ip_0 L75-Pan6 L83-Ejb3 L91-Cux2 L99-Ebi7 L107-Zys3 L4-Kya0 L12-Czu7 L20-Zki7 L28-Tmt0 L36-Ona0 L44-Wff9 L52-Av_8 L60-Slm1 L68-W_g6 L76-Qzq8 L84-O_p5 L92-Cqo7 L100-Evj9 L108-Uf_4 L5-Iez1 L13-Vp_2 L21-Hag8 L29-Dqq1 L37-Fhi7 L45-Fs_0 L53-Ydr6 L61-R__9 L69-Ijq4 L77-Cqd3 L85-Gec0 L93-Jgf4 L101-Nwk8 L109-Eig9 L6-Wal6 L14-Mvj6 L22-Yso3 L30-Cpz0 L38-B_x9 L46-Yep9 L54-Msv5 L62-Nma0 L70-Rrd0 L78-Qb_5 L86-Iuw6 L94-Agg1 L102-Znt7 L110-Vrl4 L7-Chc8 L15-Gud9 L23-Rqw1 L31-Kcm1 L39-U_g1 L47-Nim1 L55-O_m5 L63-Oxj6 L71-Yuk8 L79-Ybu6 L87-Zpk9 L95-Dst7 L103-Xpn8 L111-Nwk1 L24-Xrp5 L32-Mtv4 L40-Mwu5 L48-Ms_8 L56-Yky3 L64-Dlq7 L72-Iqg9 L80-Urh3 L88-Cgl1 L96-Cxo0 L104-Qei4 L112-Vtf7
L1-Anb3 L9-Pcg0 L17-Oye0 L25-Mop5 L33-Ryw2 L41-Ygz4 L49-Pkx1 L57-Q_s5 L65-Ejy7 L73-Q_l4 L81-Iwt9 L89-Yhn6 L97-Yix8 L105-X_t6 L113-Ywn0 L2-Jxd3 L10-Kf_3 L18-Exb9 L26-Kdf2 L34-Dq_4 L42-Tqt2 L50-Tvw2 L58-Odt7 L66-Dnd4 L74-Vud6 L82-Bla4 L90-Fth4 L98-Fyp9 L106-Txb8 L114-Rav8 L3-Twc7 L11-Uyy6 L19-Tc_1 L27-I_y9 L35-Sln9 L43-Qwz9 L51-Aqp6 L59-Ymq3 L67-Qiy7 L75-Ip_0 L83-Pan6 L91-Ejb3 L99-Cux2 L107-Ebi7 L115-Zys3 L4-A__7 L12-Kya0 L20-Czu7 L28-Zki7 L36-Tmt0 L44-Ona0 L52-Wff9 L60-Av_8 L68-Slm1 L76-W_g6 L84-Qzq8 L92-O_p5 L100-Cqo7 L108-Evj9 L116-Uf_4 L5-Jes5 L13-Iez1 L21-Vp_2 L29-Hag8 L37-Dqq1 L45-Fhi7 L53-Fs_0 L61-Ydr6 L69-R__9 L77-Ijq4 L85-Cqd3 L93-Gec0 L101-Jgf4 L109-Nwk8 L117-Eig9 L6-Wg_7 L14-Wal6 L22-Mvj6 L30-Yso3 L38-Cpz0 L46-B_x9 L54-Yep9 L62-Msv5 L70-Nma0 L78-Rrd0 L86-Qb_5 L94-Iuw6 L102-Agg1 L110-Znt7 L118-Vrl4 L7-Xrp5 L15-Chc8 L23-Gud9 L31-Rqw1 L39-Kcm1 L47-U_g1 L55-Nim1 L63-O_m5 L71-Oxj6 L79-Yuk8 L87-Ybu6 L95-Zpk9 L103-Dst7 L111-Xpn8 L119-Nwk1 L32-Xrp5 L40-Mtv4 L48-Mwu5 L56-Ms_8 L64-Yky3 L72-Dlq7 L80-Iqg9 L88-Urh3 L96-Cgl1 L104-Cxo0 L112-Qei4 L120-Vtf7
L1-De_1 L9-Anb3 L17-Pcg0 L25-Oye0 L33-Mop5 L41-Ryw2 L49-Ygz4 L57-Pkx1 L65-Q_s5 L73-Ejy7 L81-Q_l4 L89-Iwt9 L97-Yhn6 L105-Yix8 L113-X_t6 L121-Ywn0 L2-Dcg2 L10-Jxd3 L18-Kf_3 L26-Exb9 L34-Kdf2 L42-Dq_4 L50-Tqt2 L58-Tvw2 L66-Odt7 L74-Dnd4 L82-Vud6 L90-Bla4 L98-Fth4 L106-Fyp9 L114-Txb8 L122-Rav8 L3-Ghq4 L11-Twc7 L19-Uyy6 L27-Tc_1 L35-I_y9 L43-Sln9 L51-Qwz9 L59-Aqp6 L67-Ymq3 L75-Qiy7 L83-Ip_0 L91-Pan6 L99-Ejb3 L107-Cux2 L115-Ebi7 L123-Zys3 L4-Kmk4 L12-A__7 L20-Kya0 L28-Czu7 L36-Zki7 L44-Tmt0 L52-Ona0 L60-Wff9 L68-Av_8 L76-Slm1 L84-W_g6 L92-Qzq8 L100-O_p5 L108-Cqo7 L116-Evj9 L124-Uf_4 L5-Ygb9 L13-Jes5 L21-Iez1 L29-Vp_2 L37-Hag8 L45-Dqq1 L53-Fhi7 L61-Fs_0 L69-Ydr6 L77-R__9 L85-Ijq4 L93-Cqd3 L101-Gec0 L109-Jgf4 L117-Nwk8 L125-Eig9 L6-Ano2 L14-Wg_7 L22-Wal6 L30-Mvj6 L38-Yso3 L46-Cpz0 L54-B_x9 L62-Yep9 L70-Msv5 L78-Nma0 L86-Rrd0 L94-Qb_5 L102-Iuw6 L110-Agg1 L118-Znt7 L126-Vrl4 L15-Xrp5 L23-Chc8 L31-Gud9 L39-Rqw1 L47-Kcm1 L55-U_g1 L63-Nim1 L71-O_m5 L79-Oxj6 L87-Yuk8 L95-Ybu6 L103-Zpk9 L111-Dst7 L119-Xpn8 L127-Nwk1 L40-Xrp5 L48-Mtv4 L56-Mwu5 L64-Ms_8 L72-Yky3 L80-Dlq7 L88-Iqg9 L96-Urh3 L104-Cgl1 L112-Cxo0 L120-Qei4 L128-Vtf7
L1-Dg_0 L9-De_1 L17-Anb3 L25-Pcg0 L33-Oye0 L41-Mop5 L49-Ryw2 L57-Ygz4 L65-Pkx1 L73-Q_s5 L81-Ejy7 L89-Q_l4 L97-Iwt9 L105-Yhn6 L113-Yix8 L121-X_t6 L129-Ywn0 L2-Dds3 L10-Dcg2 L18-Jxd3 L26-Kf_3 L34-Exb9 L42-Kdf2 L50-Dq_4 L58-Tqt2 L66-Tvw2 L74-Odt7 L82-Dnd4 L90-Vud6 L98-Bla4 L106-Fth4 L114-Fyp9 L122-Txb8 L130-Rav8 L3-Wea0 L11-Ghq4 L19-Twc7 L27-Uyy6 L35-Tc_1 L43-I_y9 L51-Sln9 L59-Qwz9 L67-Aqp6 L75-Ymq3 L83-Qiy7 L91-Ip_0 L99-Pan6 L107-Ejb3 L115-Cux2 L123-Ebi7 L131-Zys3 L4-Cyo8 L12-Kmk4 L20-A__7 L28-Kya0 L36-Czu7 L44-Zki7 L52-Tmt0 L60-Ona0 L68-Wff9 L76-Av_8 L84-Slm1 L92-W_g6 L100-Qzq8 L108-O_p5 L116-Cqo7 L124-Evj9 L132-Uf_4 L5-Ihj0 L13-Ygb9 L21-Jes5 L29-Iez1 L37-Vp_2 L45-Hag8 L53-Dqq1 L61-Fhi7 L69-Fs_0 L77-Ydr6 L85-R__9 L93-Ijq4 L101-Cqd3 L109-Gec0 L117-Jgf4 L125-Nwk8 L133-Eig9 L6-E__5 L14-Ano2 L22-Wg_7 L30-Wal6 L38-Mvj6 L46-Yso3 L54-Cpz0 L62-B_x9 L70-Yep9 L78-Msv5 L86-Nma0 L94-Rrd0 L102-Qb_5 L110-Iuw6 L118-Agg1 L126-Znt7 L134-Vrl4 L23-Xrp5 L31-Chc8 L39-Gud9 L47-Rqw1 L55-Kcm1 L63-U_g1 L71-Nim1 L79-O_m5 L87-Oxj6 L95-Yuk8 L103-Ybu6 L111-Zpk9 L119-Dst7 L127-Xpn8 L135-Nwk1 L48-Xrp5 L56-Mtv4 L64-Mwu5 L72-Ms_8 L80-Yky3 L88-Dlq7 L96-Iqg9 L104-Urh3 L112-Cgl1 L120-Cxo0 L128-Qei4 L136-Vtf7
L1-Iqg6 L9-Dg_0 L17-De_1 L25-Anb3 L33-Pcg0 L41-Oye0 L49-Mop5 L57-Ryw2 L65-Ygz4 L73-Pkx1 L81-Q_s5 L89-Ejy7 L97-Q_l4 L105-Iwt9 L113-Yhn6 L121-Yix8 L129-X_t6 L137-Ywn0 L2-Ppf9 L10-Dds3 L18-Dcg2 L26-Jxd3 L34-Kf_3 L42-Exb9 L50-Kdf2 L58-Dq_4 L66-Tqt2 L74-Tvw2 L82-Odt7 L90-Dnd4 L98-Vud6 L106-Bla4 L114-Fth4 L122-Fyp9 L130-Txb8 L138-Rav8 L3-Sjy9 L11-Wea0 L19-Ghq4 L27-Twc7 L35-Uyy6 L43-Tc_1 L51-I_y9 L59-Sln9 L67-Qwz9 L75-Aqp6 L83-Ymq3 L91-Qiy7 L99-Ip_0 L107-Pan6 L115-Ejb3 L123-Cux2 L131-Ebi7 L139-Zys3 L4-Yjb1 L12-Cyo8 L20-Kmk4 L28-A__7 L36-Kya0 L44-Czu7 L52-Zki7 L60-Tmt0 L68-Ona0 L76-Wff9 L84-Av_8 L92-Slm1 L100-W_g6 L108-Qzq8 L116-O_p5 L124-Cqo7 L132-Evj9 L140-Uf_4 L5-Ssj8 L13-Ihj0 L21-Ygb9 L29-Jes5 L37-Iez1 L45-Vp_2 L53-Hag8 L61-Dqq1 L69-Fhi7 L77-Fs_0 L85-Ydr6 L93-R__9 L101-Ijq4 L109-Cqd3 L117-Gec0 L125-Jgf4 L133-Nwk8 L141-Eig9 L6-Xrp5 L14-E__5 L22-Ano2 L30-Wg_7 L38-Wal6 L46-Mvj6 L54-Yso3 L62-Cpz0 L70-B_x9 L78-Yep9 L86-Msv5 L94-Nma0 L102-Rrd0 L110-Qb_5 L118-Iuw6 L126-Agg1 L134-Znt7 L142-Vrl4 L31-Xrp5 L39-Chc8 L47-Gud9 L55-Rqw1 L63-Kcm1 L71-U_g1 L79-Nim1 L87-O_m5 L95-Oxj6 L103-Yuk8 L111-Ybu6 L119-Zpk9 L127-Dst7 L135-Xpn8 L143-Nwk1 L56-Xrp5 L64-Mtv4 L72-Mwu5 L80-Ms_8 L88-Yky3 L96-Dlq7 L104-Iqg9 L112-Urh3 L120-Cgl1 L128-Cxo0 L136-Qei4 L144-Vtf7
L1-Pfo7 L9-Iqg6 L17-Dg_0 L25-De_1 L33-Anb3 L41-Pcg0 L49-Oye0 L57-Mop5 L65-Ryw2 L73-Ygz4 L81-Pkx1 L89-Q_s5 L97-Ejy7 L105-Q_l4 L113-Iwt9 L121-Yhn6 L129-Yix8 L137-X_t6 L145-Ywn0 L2-Huc0 L10-Ppf9 L18-Dds3 L26-Dcg2 L34-Jxd3 L42-Kf_3 L50-Exb9 L58-Kdf2 L66-Dq_4 L74-Tqt2 L82-Tvw2 L90-Odt7 L98-Dnd4 L106-Vud6 L114-Bla4 L122-Fth4 L130-Fyp9 L138-Txb8 L146-Rav8 L3-Qu_3 L11-Sjy9 L19-Wea0 L27-Ghq4 L35-Twc7 L43-Uyy6 L51-Tc_1 L59-I_y9 L67-Sln9 L75-Qwz9 L83-Aqp6 L91-Ymq3 L99-Qiy7 L107-Ip_0 L115-Pan6 L123-Ejb3 L131-Cux2 L139-Ebi7 L147-Zys3 L4-Tpu0 L12-Yjb1 L20-Cyo8 L28-Kmk4 L36-A__7 L44-Kya0 L52-Czu7 L60-Zki7 L68-Tmt0 L76-Ona0 L84-Wff9 L92-Av_8 L100-Slm1 L108-W_g6 L116-Qzq8 L124-O_p5 L132-Cqo7 L140-Evj9 L148-Uf_4 L5-Hvz3 L13-Ssj8 L21-Ihj0 L29-Ygb9 L37-Jes5 L45-Iez1 L53-Vp_2 L61-Hag8 L69-Dqq1 L77-Fhi7 L85-Fs_0 L93-Ydr6 L101-R__9 L109-Ijq4 L117-Cqd3 L125-Gec0 L133-Jgf4 L141-Nwk8 L149-Eig9 L14-Xrp5 L22-E__5 L30-Ano2 L38-Wg_7 L46-Wal6 L54-Mvj6 L62-Yso3 L70-Cpz0 L78-B_x9 L86-Yep9 L94-Msv5 L102-Nma0 L110-Rrd0 L118-Qb_5 L126-Iuw6 L134-Agg1 L142-Znt7 L150-Vrl4 L39-Xrp5 L47-Chc8 L55-Gud9 L63-Rqw1 L71-Kcm1 L79-U_g1 L87-Nim1 L95-O_m5 L103-Oxj6 L111-Yuk8 L119-Ybu6 L127-Zpk9 L135-Dst7 L143-Xpn8 L151-Nwk1 L64-Xrp5 L72-Mtv4 L80-Mwu5 L88-Ms_8 L96-Yky3 L104-Dlq7 L112-Iqg9 L120-Urh3 L128-Cgl1 L136-Cxo0 L144-Qei4 L152-Vtf7
L1-Wam2 L9-Pfo7 L17-Iqg6 L25-Dg_0 L33-De_1 L41-Anb3 L49-Pcg0 L57-Oye0 L65-Mop5 L73-Ryw2 L81-Ygz4 L89-Pkx1 L97-Q_s5 L105-Ejy7 L113-Q_l4 L121-Iwt9 L129-Yhn6 L137-Yix8 L145-X_t6 L153-Ywn0 L2-U_s2 L10-Huc0 L18-Ppf9 L26-Dds3 L34-Dcg2 L42-Jxd3 L50-Kf_3 L58-Exb9 L66-Kdf2 L74-Dq_4 L82-Tqt2 L90-Tvw2 L98-Odt7 L106-Dnd4 L114-Vud6 L122-Bla4 L130-Fth4 L138-Fyp9 L146-Txb8 L154-Rav8 L3-Soj6 L11-Qu_3 L19-Sjy9 L27-Wea0 L35-Ghq4 L43-Twc7 L51-Uyy6 L59-Tc_1 L67-I_y9 L75-Sln9 L83-Qwz9 L91-Aqp6 L99-Ymq3 L107-Qiy7 L115-Ip_0 L123-Pan6 L131-Ejb3 L139-Cux2 L147-Ebi7 L155-Zys3 L4-Vhj3 L12-Tpu0 L20-Yjb1 L28-Cyo8 L36-Kmk4 L44-A__7 L52-Kya0 L60-Czu7 L68-Zki7 L76-Tmt0 L84-Ona0 L92-Wff9 L100-Av_8 L108-Slm1 L116-W_g6 L124-Qzq8 L132-O_p5 L140-Cqo7 L148-Evj9 L156-Uf_4 L5-Xrp5 L13-Hvz3 L21-Ssj8 L29-Ihj0 L37-Ygb9 L45-Jes5 L53-Iez1 L61-Vp_2 L69-Hag8 L77-Dqq1 L85-Fhi7 L93-Fs_0 L101-Ydr6 L109-R__9 L117-Ijq4 L125-Cqd3 L133-Gec0 L141-Jgf4 L149-Nwk8 L157-Eig9 L22-Xrp5 L30-E__5 L38-Ano2 L46-Wg_7 L54-Wal6 L62-Mvj6 L70-Yso3 L78-Cpz0 L86-B_x9 L94-Yep9 L102-Msv5 L110-Nma0 L118-Rrd0 L126-Qb_5 L134-Iuw6 L142-Agg1 L150-Znt7 L158-Vrl4 L47-Xrp5 L55-Chc8 L63-Gud9 L71-Rqw1 L79-Kcm1 L87-U_g1 L95-Nim1 L103-O_m5 L111-Oxj6 L119-Yuk8 L127-Ybu6 L135-Zpk9 L143-Dst7 L151-Xpn8 L159-Nwk1 L72-Xrp5 L80-Mtv4 L88-Mwu5 L96-Ms_8 L104-Yky3 L112-Dlq7 L120-Iqg9 L128-Urh3 L136-Cgl1 L144-Cxo0 L152-Qei4 L160-Vtf7
L1-Zbq4 L9-Wam2 L17-Pfo7 L25-Iqg6 L33-Dg_0 L41-De_1 L49-Anb3 L57-Pcg0 L65-Oye0 L73-Mop5 L81-Ryw2 L89-Ygz4 L97-Pkx1 L105-Q_s5 L113-Ejy7 L121-Q_l4 L129-Iwt9 L137-Yhn6 L145-Yix8 L153-X_t6 L161-Ywn0 L2-Uoy5 L10-U_s2 L18-Huc0 L26-Ppf9 L34-Dds3 L42-Dcg2 L50-Jxd3 L58-Kf_3 L66-Exb9 L74-Kdf2 L82-Dq_4 L90-Tqt2 L98-Tvw2 L106-Odt7 L114-Dnd4 L122-Vud6 L130-Bla4 L138-Fth4 L146-Fyp9 L154-Txb8 L162-Rav8 L3-Ado3 L11-Soj6 L19-Qu_3 L27-Sjy9 L35-Wea0 L43-Ghq4 L51-Twc7 L59-Uyy6 L67-Tc_1 L75-I_y9 L83-Sln9 L91-Qwz9 L99-Aqp6 L107-Ymq3 L115-Qiy7 L123-Ip_0 L131-Pan6 L139-Ejb3 L147-Cux2 L155-Ebi7 L163-Zys3 L4-Njd3 L12-Vhj3 L20-Tpu0 L28-Yjb1 L36-Cyo8 L44-Kmk4 L52-A__7 L60-Kya0 L68-Czu7 L76-Zki7 L84-Tmt0 L92-Ona0 L100-Wff9 L108-Av_8 L116-Slm1 L124-W_g6 L132-Qzq8 L140-O_p5 L148-Cqo7 L156-Evj9 L164-Uf_4 L13-Xrp5 L21-Hvz3 L29-Ssj8 L37-Ihj0 L45-Ygb9 L53-Jes5 L61-Iez1 L69-Vp_2 L77-Hag8 L85-Dqq1 L93-Fhi7 L101-Fs_0 L109-Ydr6 L117-R__9 L125-Ijq4 L133-Cqd3 L141-Gec0 L149-Jgf4 L157-Nwk8 L165-Eig9 L30-Xrp5 L38-E__5 L46-Ano2 L54-Wg_7 L62-Wal6 L70-Mvj6 L78-Yso3 L86-Cpz0 L94-B_x9 L102-Yep9 L110-Msv5 L118-Nma0 L126-Rrd0 L134-Qb_5 L142-Iuw6 L150-Agg1 L158-Znt7 L166-Vrl4 L55-Xrp5 L63-Chc8 L71-Gud9 L79-Rqw1 L87-Kcm1 L95-U_g1 L103-Nim1 L111-O_m5 L119-Oxj6 L127-Yuk8 L135-Ybu6 L143-Zpk9 L151-Dst7 L159-Xpn8 L167-Nwk1 L80-Xrp5 L88-Mtv4 L96-Mwu5 L104-Ms_8 L112-Yky3 L120-Dlq7 L128-Iqg9 L136-Urh3 L144-Cgl1 L152-Cxo0 L160-Qei4 L168-Vtf7
L1-Ywq5 L9-Zbq4 L17-Wam2 L25-Pfo7 L33-Iqg6 L41-Dg_0 L49-De_1 L57-Anb3 L65-Pcg0 L73-Oye0 L81-Mop5 L89-Ryw2 L97-Ygz4 L105-Pkx1 L113-Q_s5 L121-Ejy7 L129-Q_l4 L137-Iwt9 L145-Yhn6 L153-Yix8 L161-X_t6 L169-Ywn0 L2-Kyi7 L10-Uoy5 L18-U_s2 L26-Huc0 L34-Ppf9 L42-Dds3 L50-Dcg2 L58-Jxd3 L66-Kf_3 L74-Exb9 L82-Kdf2 L90-Dq_4 L98-Tqt2 L106-Tvw2 L114-Odt7 L122-Dnd4 L130-Vud6 L138-Bla4 L146-Fth4 L154-Fyp9 L162-Txb8 L170-Rav8 L3-Wm_4 L11-Ado3 L19-Soj6 L27-Qu_3 L35-Sjy9 L43-Wea0 L51-Ghq4 L59-Twc7 L67-Uyy6 L75-Tc_1 L83-I_y9 L91-Sln9 L99-Qwz9 L107-Aqp6 L115-Ymq3 L123-Qiy7 L131-Ip_0 L139-Pan6 L147-Ejb3 L155-Cux2 L163-Ebi7 L171-Zys3 L4-Iog0 L12-Njd3 L20-Vhj3 L28-Tpu0 L36-Yjb1 L44-Cyo8 L52-Kmk4 L60-A__7 L68-Kya0 L76-Czu7 L84-Zki7 L92-Tmt0 L100-Ona0 L108-Wff9 L116-Av_8 L124-Slm1 L132-W_g6 L140-Qzq8 L148-O_p5 L156-Cqo7 L164-Evj9 L172-Uf_4 L21-Xrp5 L29-Hvz3 L37-Ssj8 L45-Ihj0 L53-Ygb9 L61-Jes5 L69-Iez1 L77-Vp_2 L85-Hag8 L93-Dqq1 L101-Fhi7 L109-Fs_0 L117-Ydr6 L125-R__9 L133-Ijq4 L141-Cqd3 L149-Gec0 L157-Jgf4 L165-Nwk8 L173-Eig9 L38-Xrp5 L46-E__5 L54-Ano2 L62-Wg_7 L70-Wal6 L78-Mvj6 L86-Yso3 L94-Cpz0 L102-B_x9 L110-Yep9 L118-Msv5 L126-Nma0 L134-Rrd0 L142-Qb_5 L150-Iuw6 L158-Agg1 L166-Znt7 L174-Vrl4 L63-Xrp5 L71-Chc8 L79-Gud9 L87-Rqw1 L95-Kcm1 L103-U_g1 L111-Nim1 L119-O_m5 L127-Oxj6 L135-Yuk8 L143-Ybu6 L151-Zpk9 L159-Dst7 L167-Xpn8 L175-Nwk1 L88-Xrp5 L96-Mtv4 L104-Mwu5 L112-Ms_8 L120-Yky3 L128-Dlq7 L136-Iqg9 L144-Urh3 L152-Cgl1 L160-Cxo0 L168-Qei4 L176-Vtf7
L1-Shg6 L9-Ywq5 L17-Zbq4 L25-Wam2 L33-Pfo7 L41-Iqg6 L49-Dg_0 L57-De_1 L65-Anb3 L73-Pcg0 L81-Oye0 L89-Mop5 L97-Ryw2 L105-Ygz4 L113-Pkx1 L121-Q_s5 L129-Ejy7 L137-Q_l4 L145-Iwt9 L153-Yhn6 L161-Yix8 L169-X_t6 L177-Ywn0 L2-Aul2 L10-Kyi7 L18-Uoy5 L26-U_s2 L34-Huc0 L42-Ppf9 L50-Dds3 L58-Dcg2 L66-Jxd3 L74-Kf_3 L82-Exb9 L90-Kdf2 L98-Dq_4 L106-Tqt2 L114-Tvw2 L122-Odt7 L130-Dnd4 L138-Vud6 L146-Bla4 L154-Fth4 L162-Fyp9 L170-Txb8 L178-Rav8 L3-Fsg8 L11-Wm_4 L19-Ado3 L27-Soj6 L35-Qu_3 L43-Sjy9 L51-Wea0 L59-Ghq4 L67-Twc7 L75-Uyy6 L83-Tc_1 L91-I_y9 L99-Sln9 L107-Qwz9 L115-Aqp6 L123-Ymq3 L131-Qiy7 L139-Ip_0 L147-Pan6 L155-Ejb3 L163-Cux2 L171-Ebi7 L179-Zys3 L4-Bwj3 L12-Iog0 L20-Njd3 L28-Vhj3 L36-Tpu0 L44-Yjb1 L52-Cyo8 L60-Kmk4 L68-A__7 L76-Kya0 L84-Czu7 L92-Zki7 L100-Tmt0 L108-Ona0 L116-Wff9 L124-Av_8 L132-Slm1 L140-W_g6 L148-Qzq8 L156-O_p5 L164-Cqo7 L172-Evj9 L180-Uf_4 L29-Xrp5 L37-Hvz3 L45-Ssj8 L53-Ihj0 L61-Ygb9 L69-Jes5 L77-Iez1 L85-Vp_2 L93-Hag8 L101-Dqq1 L109-Fhi7 L117-Fs_0 L125-Ydr6 L133-R__9 L141-Ijq4 L149-Cqd3 L157-Gec0 L165-Jgf4 L173-Nwk8 L181-Eig9 L46-Xrp5 L54-E__5 L62-Ano2 L70-Wg_7 L78-Wal6 L86-Mvj6 L94-Yso3 L102-Cpz0 L110-B_x9 L118-Yep9 L126-Msv5 L134-Nma0 L142-Rrd0 L150-Qb_5 L158-Iuw6 L166-Agg1 L174-Znt7 L182-Vrl4 L71-Xrp5 L79-Chc8 L87-Gud9 L95-Rqw1 L103-Kcm1 L111-U_g1 L119-Nim1 L127-O_m5 L135-Oxj6 L143-Yuk8 L151-Ybu6 L159-Zpk9 L167-Dst7 L175-Xpn8 L183-Nwk1 L96-Xrp5 L104-Mtv4 L112-Mwu5 L120-Ms_8 L128-Yky3 L136-Dlq7 L144-Iqg9 L152-Urh3 L160-Cgl1 L168-Cxo0 L176-Qei4 L184-Vtf7
L1-Pze1 L9-Shg6 L17-Ywq5 L25-Zbq4 L33-Wam2 L41-Pfo7 L49-Iqg6 L57-Dg_0 L65-De_1 L73-Anb3 L81-Pcg0 L89-Oye0 L97-Mop5 L105-Ryw2 L113-Ygz4 L121-Pkx1 L129-Q_s5 L137-Ejy7 L145-Q_l4 L153-Iwt9 L161-Yhn6 L169-Yix8 L177-X_t6 L185-Ywn0 L2-Sab0 L10-Aul2 L18-Kyi7 L26-Uoy5 L34-U_s2 L42-Huc0 L50-Ppf9 L58-Dds3 L66-Dcg2 L74-Jxd3 L82-Kf_3 L90-Exb9 L98-Kdf2 L106-Dq_4 L114-Tqt2 L122-Tvw2 L130-Odt7 L138-Dnd4 L146-Vud6 L154-Bla4 L162-Fth4 L170-Fyp9 L178-Txb8 L186-Rav8 L3-Ndy1 L11-Fsg8 L19-Wm_4 L27-Ado3 L35-Soj6 L43-Qu_3 L51-Sjy9 L59-Wea0 L67-Ghq4 L75-Twc7 L83-Uyy6 L91-Tc_1 L99-I_y9 L107-Sln9 L115-Qwz9 L123-Aqp6 L131-Ymq3 L139-Qiy7 L147-Ip_0 L155-Pan6 L163-Ejb3 L171-Cux2 L179-Ebi7 L187-Zys3 L4-Twi4 L12-Bwj3 L20-Iog0 L28-Njd3 L36-Vhj3 L44-Tpu0 L52-Yjb1 L60-Cyo8 L68-Kmk4 L76-A__7 L84-Kya0 L92-Czu7 L100-Zki7 L108-Tmt0 L116-Ona0 L124-Wff9 L132-Av_8 L140-Slm1 L148-W_g6 L156-Qzq8 L164-O_p5 L172-Cqo7 L180-Evj9 L188-Uf_4 L37-Xrp5 L45-Hvz3 L53-Ssj8 L61-Ihj0 L69-Ygb9 L77-Jes5 L85-Iez1 L93-Vp_2 L101-Hag8 L109-Dqq1 L117-Fhi7 L125-Fs_0 L133-Ydr6 L141-R__9 L149-Ijq4 L157-Cqd3 L165-Gec0 L173-Jgf4 L181-Nwk8 L189-Eig9 L54-Xrp5 L62-E__5 L70-Ano2 L78-Wg_7 L86-Wal6 L94-Mvj6 L102-Yso3 L110-Cpz0 L118-B_x9 L126-Yep9 L134-Msv5 L142-Nma0 L150-Rrd0 L158-Qb_5 L166-Iuw6 L174-Agg1 L182-Znt7 L190-Vrl4 L79-Xrp5 L87-Chc8 L95-Gud9 L103-Rqw1 L111-Kcm1 L119-U_g1 L127-Nim1 L135-O_m5 L143-Oxj6 L151-Yuk8 L159-Ybu6 L167-Zpk9 L175-Dst7 L183-Xpn8 L191-Nwk1 L104-Xrp5 L112-Mtv4 L120-Mwu5 L128-Ms_8 L136-Yky3 L144-Dlq7 L152-Iqg9 L160-Urh3 L168-Cgl1 L176-Cxo0 L184-Qei4 L192-Vtf7
L1-Bbe0 L9-Pze1 L17-Shg6 L25-Ywq5 L33-Zbq4 L41-Wam2 L49-Pfo7 L57-Iqg6 L65-Dg_0 L73-De_1 L81-Anb3 L89-Pcg0 L97-Oye0 L105-Mop5 L113-Ryw2 L121-Ygz4 L129-Pkx1 L137-Q_s5 L145-Ejy7 L153-Q_l4 L161-Iwt9 L169-Yhn6 L177-Yix8 L185-X_t6 L2-Iew8 L10-Sab0 L18-Aul2 L26-Kyi7 L34-Uoy5 L42-U_s2 L50-Huc0 L58-Ppf9 L66-Dds3 L74-Dcg2 L82-Jxd3 L90-Kf_3 L98-Exb9 L106-Kdf2 L114-Dq_4 L122-Tqt2 L130-Tvw2 L138-Odt7 L146-Dnd4 L154-Vud6 L162-Bla4 L170-Fth4 L178-Fyp9 L186-Txb8 L3-J_v7 L11-Ndy1 L19-Fsg8 L27-Wm_4 L35-Ado3 L43-Soj6 L51-Qu_3 L59-Sjy9 L67-Wea0 L75-Ghq4 L83-Twc7 L91-Uyy6 L99-Tc_1 L107-I_y9 L115-Sln9 L123-Qwz9 L131-Aqp6 L139-Ymq3 L147-Qiy7 L155-Ip_0 L163-Pan6 L171-Ejb3 L179-Cux2 L187-Ebi7 L4-Ipg1 L12-Twi4 L20-Bwj3 L28-Iog0 L36-Njd3 L44-Vhj3 L52-Tpu0 L60-Yjb1 L68-Cyo8 L76-Kmk4 L84-A__7 L92-Kya0 L100-Czu7 L108-Zki7 L116-Tmt0 L124-Ona0 L132-Wff9 L140-Av_8 L148-Slm1 L156-W_g6 L164-Qzq8 L172-O_p5 L180-Cqo7 L188-Evj9 L45-Xrp5 L53-Hvz3 L61-Ssj8 L69-Ihj0 L77-Ygb9 L85-Jes5 L93-Iez1 L101-Vp_2 L109-Hag8 L117-Dqq1 L125-Fhi7 L133-Fs_0 L141-Ydr6 L149-R__9 L157-Ijq4 L165-Cqd3 L173-Gec0 L181-Jgf4 L189-Nwk8 L193-Eig9 L62-Xrp5 L70-E__5 L78-Ano2 L86-Wg_7 L94-Wal6 L102-Mvj6 L110-Yso3 L118-Cpz0 L126-B_x9 L134-Yep9 L142-Msv5 L150-Nma0 L158-Rrd0 L166-Qb_5 L174-Iuw6 L182-Agg1 L190-Znt7 L194-Vrl4 L87-Xrp5 L95-Chc8 L103-Gud9 L111-Rqw1 L119-Kcm1 L127-U_g1 L135-Nim1 L143-O_m5 L151-Oxj6 L159-Yuk8 L167-Ybu6 L175-Zpk9 L183-Dst7 L191-Xpn8 L195-Nwk1 L112-Xrp5 L120-Mtv4 L128-Mwu5 L136-Ms_8 L144-Yky3 L152-Dlq7 L160-Iqg9 L168-Urh3 L176-Cgl1 L184-Cxo0 L192-Qei4 L196-Vtf7
L1-Pux3 L9-Bbe0 L17-Pze1 L25-Shg6 L33-Ywq5 L41-Zbq4 L49-Wam2 L57-Pfo7 L65-Iqg6 L73-Dg_0 L81-De_1 L89-Anb3 L97-Pcg0 L105-Oye0 L113-Mop5 L121-Ryw2 L129-Ygz4 L137-Pkx1 L145-Q_s5 L153-Ejy7 L161-Q_l4 L169-Iwt9 L177-Yhn6 L185-Yix8 L2-Tt_0 L10-Iew8 L18-Sab0 L26-Aul2 L34-Kyi7 L42-Uoy5 L50-U_s2 L58-Huc0 L66-Ppf9 L74-Dds3 L82-Dcg2 L90-Jxd3 L98-Kf_3 L106-Exb9 L114-Kdf2 L122-Dq_4 L130-Tqt2 L138-Tvw2 L146-Odt7 L154-Dnd4 L162-Vud6 L170-Bla4 L178-Fth4 L186-Fyp9 L3-Nro9 L11-J_v7 L19-Ndy1 L27-Fsg8 L35-Wm_4 L43-Ado3 L51-Soj6 L59-Qu_3 L67-Sjy9 L75-Wea0 L83-Ghq4 L91-Twc7 L99-Uyy6 L107-Tc_1 L115-I_y9 L123-Sln9 L131-Qwz9 L139-Aqp6 L147-Ymq3 L155-Qiy7 L163-Ip_0 L171-Pan6 L179-Ejb3 L187-Cux2 L4-Nlb6 L12-Ipg1 L20-Twi4 L28-Bwj3 L36-Iog0 L44-Njd3 L52-Vhj3 L60-Tpu0 L68-Yjb1 L76-Cyo8 L84-Kmk4 L92-A__7 L100-Kya0 L108-Czu7 L116-Zki7 L124-Tmt0 L132-Ona0 L140-Wff9 L148-Av_8 L156-Slm1 L164-W_g6 L172-Qzq8 L180-O_p5 L188-Cqo7 L53-Xrp5 L61-Hvz3 L69-Ssj8 L77-Ihj0 L85-Ygb9 L93-Jes5 L101-Iez1 L109-Vp_2 L117-Hag8 L125-Dqq1 L133-Fhi7 L141-Fs_0 L149-Ydr6 L157-R__9 L165-Ijq4 L173-Cqd3 L181-Gec0 L189-Jgf4 L193-Nwk8 L70-Xrp5 L78-E__5 L86-Ano2 L94-Wg_7 L102-Wal6 L110-Mvj6 L118-Yso3 L126-Cpz0 L134-B_x9 L142-Yep9 L150-Msv5 L158-Nma0 L166-Rrd0 L174-Qb_5 L182-Iuw6 L190-Agg1 L194-Znt7 L95-Xrp5 L103-Chc8 L111-Gud9 L119-Rqw1 L127-Kcm1 L135-U_g1 L143-Nim1 L151-O_m5 L159-Oxj6 L167-Yuk8 L175-Ybu6 L183-Zpk9 L191-Dst7 L195-Xpn8 L120-Xrp5 L128-Mtv4 L136-Mwu5 L144-Ms_8 L152-Yky3 L160-Dlq7 L168-Iqg9 L176-Urh3 L184-Cgl1 L192-Cxo0 L196-Qei4
L1-Tt_9 L9-Pux3 L17-Bbe0 L25-Pze1 L33-Shg6 L41-Ywq5 L49-Zbq4 L57-Wam2 L65-Pfo7 L73-Iqg6 L81-Dg_0 L89-De_1 L97-Anb3 L105-Pcg0 L113-Oye0 L121-Mop5 L129-Ryw2 L137-Ygz4 L145-Pkx1 L153-Q_s5 L161-Ejy7 L169-Q_l4 L177-Iwt9 L185-Yhn6 L2-Qve6 L10-Tt_0 L18-Iew8 L26-Sab0 L34-Aul2 L42-Kyi7 L50-Uoy5 L58-U_s2 L66-Huc0 L74-Ppf9 L82-Dds3 L90-Dcg2 L98-Jxd3 L106-Kf_3 L114-Exb9 L122-Kdf2 L130-Dq_4 L138-Tqt2 L146-Tvw2 L154-Odt7 L162-Dnd4 L170-Vud6 L178-Bla4 L186-Fth4 L3-Mpr8 L11-Nro9 L19-J_v7 L27-Ndy1 L35-Fsg8 L43-Wm_4 L51-Ado3 L59-Soj6 L67-Qu_3 L75-Sjy9 L83-Wea0 L91-Ghq4 L99-Twc7 L107-Uyy6 L115-Tc_1 L123-I_y9 L131-Sln9 L139-Qwz9 L147-Aqp6 L155-Ymq3 L163-Qiy7 L171-Ip_0 L179-Pan6 L187-Ejb3 L4-Xrp5 L12-Nlb6 L20-Ipg1 L28-Twi4 L36-Bwj3 L44-Iog0 L52-Njd3 L60-Vhj3 L68-Tpu0 L76-Yjb1 L84-Cyo8 L92-Kmk4 L100-A__7 L108-Kya0 L116-Czu7 L124-Zki7 L132-Tmt0 L140-Ona0 L148-Wff9 L156-Av_8 L164-Slm1 L172-W_g6 L180-Qzq8 L188-O_p5 L61-Xrp5 L69-Hvz3 L77-Ssj8 L85-Ihj0 L93-Ygb9 L101-Jes5 L109-Iez1 L117-Vp_2 L125-Hag8 L133-Dqq1 L141-Fhi7 L149-Fs_0 L157-Ydr6 L165-R__9 L173-Ijq4 L181-Cqd3 L189-Gec0 L193-Jgf4 L78-Xrp5 L86-E__5 L94-Ano2 L102-Wg_7 L110-Wal6 L118-Mvj6 L126-Yso3 L134-Cpz0 L142-B_x9 L150-Yep9 L158-Msv5 L166-Nma0 L174-Rrd0 L182-Qb_5 L190-Iuw6 L194-Agg1 L103-Xrp5 L111-Chc8 L119-Gud9 L127-Rqw1 L135-Kcm1 L143-U_g1 L151-Nim1 L159-O_m5 L167-Oxj6 L175-Yuk8 L183-Ybu6 L191-Zpk9 L195-Dst7 L128-Xrp5 L136-Mtv4 L144-Mwu5 L152-Ms_8 L160-Yky3 L168-Dlq7 L176-Iqg9 L184-Urh3 L192-Cgl1 L196-Cxo0
L1-Nay9 L9-Tt_9 L17-Pux3 L25-Bbe0 L33-Pze1 L41-Shg6 L49-Ywq5 L57-Zbq4 L65-Wam2 L73-Pfo7 L81-Iqg6 L89-Dg_0 L97-De_1 L105-Anb3 L113-Pcg0 L121-Oye0 L129-Mop5 L137-Ryw2 L145-Ygz4 L153-Pkx1 L161-Q_s5 L169-Ejy7 L177-Q_l4 L185-Iwt9 L2-Fow8 L10-Qve6 L18-Tt_0 L26-Iew8 L34-Sab0 L42-Aul2 L50-Kyi7 L58-Uoy5 L66-U_s2 L74-Huc0 L82-Ppf9 L90-Dds3 L98-Dcg2 L106-Jxd3 L114-Kf_3 L122-Exb9 L130-Kdf2 L138-Dq_4 L146-Tqt2 L154-Tvw2 L162-Odt7 L170-Dnd4 L178-Vud6 L186-Bla4 L3-Hge4 L11-Mpr8 L19-Nro9 L27-J_v7 L35-Ndy1 L43-Fsg8 L51-Wm_4 L59-Ado3 L67-Soj6 L75-Qu_3 L83-Sjy9 L91-Wea0 L99-Ghq4 L107-Twc7 L115-Uyy6 L123-Tc_1 L131-I_y9 L139-Sln9 L147-Qwz9 L155-Aqp6 L163-Ymq3 L171-Qiy7 L179-Ip_0 L187-Pan6 L12-Xrp5 L20-Nlb6 L28-Ipg1 L36-Twi4 L44-Bwj3 L52-Iog0 L60-Njd3 L68-Vhj3 L76-Tpu0 L84-Yjb1 L92-Cyo8 L100-Kmk4 L108-A__7 L116-Kya0 L124-Czu7 L132-Zki7 L140-Tmt0 L148-Ona0 L156-Wff9 L164-Av_8 L172-Slm1 L180-W_g6 L188-Qzq8 L69-Xrp5 L77-Hvz3 L85-Ssj8 L93-Ihj0 L101-Ygb9 L109-Jes5 L117-Iez1 L125-Vp_2 L133-Hag8 L141-Dqq1 L149-Fhi7 L157-Fs_0 L165-Ydr6 L173-R__9 L181-Ijq4 L189-Cqd3 L193-Gec0 L86-Xrp5 L94-E__5 L102-Ano2 L110-Wg_7 L118-Wal6 L126-Mvj6 L134-Yso3 L142-Cpz0 L150-B_x9 L158-Yep9 L166-Msv5 L174-Nma0 L182-Rrd0 L190-Qb_5 L194-Iuw6 L111-Xrp5 L119-Chc8 L127-Gud9 L135-Rqw1 L143-Kcm1 L151-U_g1 L159-Nim1 L167-O_m5 L175-Oxj6 L183-Yuk8 L191-Ybu6 L195-Zpk9 L136-Xrp5 L144-Mtv4 L152-Mwu5 L160-Ms_8 L168-Yky3 L176-Dlq7 L184-Iqg9 L192-Urh3 L196-Cgl1
L1-Ztq8 L9-Nay9 L17-Tt_9 L25-Pux3 L33-Bbe0 L41-Pze1 L49-Shg6 L57-Ywq5 L65-Zbq4 L73-Wam2 L81-Pfo7 L89-Iqg6 L97-Dg_0 L105-De_1 L113-Anb3 L121-Pcg0 L129-Oye0 L137-Mop5 L145-Ryw2 L153-Ygz4 L161-Pkx1 L169-Q_s5 L177-Ejy7 L185-Q_l4 L2-Wl_3 L10-Fow8 L18-Qve6 L26-Tt_0 L34-Iew8 L42-Sab0 L50-Aul2 L58-Kyi7 L66-Uoy5 L74-U_s2 L82-Huc0 L90-Ppf9 L98-Dds3 L106-Dcg2 L114-Jxd3 L122-Kf_3 L130-Exb9 L138-Kdf2 L146-Dq_4 L154-Tqt2 L162-Tvw2 L170-Odt7 L178-Dnd4 L186-Vud6 L3-Hs_0 L11-Hge4 L19-Mpr8 L27-Nro9 L35-J_v7 L43-Ndy1 L51-Fsg8 L59-Wm_4 L67-Ado3 L75-Soj6 L83-Qu_3 L91-Sjy9 L99-Wea0 L107-Ghq4 L115-Twc7 L123-Uyy6 L131-Tc_1 L139-I_y9 L147-Sln9 L155-Qwz9 L163-Aqp6 L171-Ymq3 L179-Qiy7 L187-Ip_0 L20-Xrp5 L28-Nlb6 L36-Ipg1 L44-Twi4 L52-Bwj3 L60-Iog0 L68-Njd3 L76-Vhj3 L84-Tpu0 L92-Yjb1 L100-Cyo8 L108-Kmk4 L116-A__7 L124-Kya0 L132-Czu7 L140-Zki7 L148-Tmt0 L156-Ona0 L164-Wff9 L172-Av_8 L180-Slm1 L188-W_g6 L77-Xrp5 L85-Hvz3 L93-Ssj8 L101-Ihj0 L109-Ygb9 L117-Jes5 L125-Iez1 L133-Vp_2 L141-Hag8 L149-Dqq1 L157-Fhi7 L165-Fs_0 L173-Ydr6 L181-R__9 L189-Ijq4 L193-Cqd3 L94-Xrp5 L102-E__5 L110-Ano2 L118-Wg_7 L126-Wal6 L134-Mvj6 L142-Yso3 L150-Cpz0 L158-B_x9 L166-Yep9 L174-Msv5 L182-Nma0 L190-Rrd0 L194-Qb_5 L119-Xrp5 L127-Chc8 L135-Gud9 L143-Rqw1 L151-Kcm1 L159-U_g1 L167-Nim1 L175-O_m5 L183-Oxj6 L191-Yuk8 L195-Ybu6 L144-Xrp5 L152-Mtv4 L160-Mwu5 L168-Ms_8 L176-Yky3 L184-Dlq7 L192-Iqg9 L196-Urh3
L1-Zlo4 L9-Ztq8 L17-Nay9 L25-Tt_9 L33-Pux3 L41-Bbe0 L49-Pze1 L57-Shg6 L65-Ywq5 L73-Zbq4 L81-Wam2 L89-Pfo7 L97-Iqg6 L105-Dg_0 L113-De_1 L121-Anb3 L129-Pcg0 L137-Oye0 L145-Mop5 L153-Ryw2 L161-Ygz4 L169-Pkx1 L177-Q_s5 L185-Ejy7 L2-Xrp5 L10-Wl_3 L18-Fow8 L26-Qve6 L34-Tt_0 L42-Iew8 L50-Sab0 L58-Aul2 L66-Kyi7 L74-Uoy5 L82-U_s2 L90-Huc0 L98-Ppf9 L106-Dds3 L114-Dcg2 L122-Jxd3 L130-Kf_3 L138-Exb9 L146-Kdf2 L154-Dq_4 L162-Tqt2 L170-Tvw2 L178-Odt7 L186-Dnd4 L3-Xrp5 L11-Hs_0 L19-Hge4 L27-Mpr8 L35-Nro9 L43-J_v7 L51-Ndy1 L59-Fsg8 L67-Wm_4 L75-Ado3 L83-Soj6 L91-Qu_3 L99-Sjy9 L107-Wea0 L115-Ghq4 L123-Twc7 L131-Uyy6 L139-Tc_1 L147-I_y9 L155-Sln9 L163-Qwz9 L171-Aqp6 L179-Ymq3 L187-Qiy7 L28-Xrp5 L36-Nlb6 L44-Ipg1 L52-Twi4 L60-Bwj3 L68-Iog0 L76-Njd3 L84-Vhj3 L92-Tpu0 L100-Yjb1 L108-Cyo8 L116-Kmk4 L124-A__7 L132-Kya0 L140-Czu7 L148-Zki7 L156-Tmt0 L164-Ona0 L172-Wff9 L180-Av_8 L188-Slm1 L85-Xrp5 L93-Hvz3 L101-Ssj8 L109-Ihj0 L117-Ygb9 L125-Jes5 L133-Iez1 L141-Vp_2 L149-Hag8 L157-Dqq1 L165-Fhi7 L173-Fs_0 L181-Ydr6 L189-R__9 L193-Ijq4 L102-Xrp5 L110-E__5 L118-Ano2 L126-Wg_7 L134-Wal6 L142-Mvj6 L150-Yso3 L158-Cpz0 L166-B_x9 L174-Yep9 L182-Msv5 L190-Nma0 L194-Rrd0 L127-Xrp5 L135-Chc8 L143-Gud9 L151-Rqw1 L159-Kcm1 L167-U_g1 L175-Nim1 L183-O_m5 L191-Oxj6 L195-Yuk8 L152-Xrp5 L160-Mtv4 L168-Mwu5 L176-Ms_8 L184-Yky3 L192-Dlq7 L196-Iqg9
L1-Fit1 L9-Zlo4 L17-Ztq8 L25-Nay9 L33-Tt_9 L41-Pux3 L49-Bbe0 L57-Pze1 L65-Shg6 L73-Ywq5 L81-Zbq4 L89-Wam2 L97-Pfo7 L105-Iqg6 L113-Dg_0 L121-De_1 L129-Anb3 L137-Pcg0 L145-Oye0 L153-Mop5 L161-Ryw2 L169-Ygz4 L177-Pkx1 L185-Q_s5 L10-Xrp5 L18-Wl_3 L26-Fow8 L34-Qve6 L42-Tt_0 L50-Iew8 L58-Sab0 L66-Aul2 L74-Kyi7 L82-Uoy5 L90-U_s2 L98-Huc0 L106-Ppf9 L114-Dds3 L122-Dcg2 L130-Jxd3 L138-Kf_3 L146-Exb9 L154-Kdf2 L162-Dq_4 L170-Tqt2 L178-Tvw2 L186-Odt7 L11-Xrp5 L19-Hs_0 L27-Hge4 L35-Mpr8 L43-Nro9 L51-J_v7 L59-Ndy1 L67-Fsg8 L75-Wm_4 L83-Ado3 L91-Soj6 L99-Qu_3 L107-Sjy9 L115-Wea0 L123-Ghq4 L131-Twc7 L139-Uyy6 L147-Tc_1 L155-I_y9 L163-Sln9 L171-Qwz9 L179-Aqp6 L187-Ymq3 L36-Xrp5 L44-Nlb6 L52-Ipg1 L60-Twi4 L68-Bwj3 L76-Iog0 L84-Njd3 L92-Vhj3 L100-Tpu0 L108-Yjb1 L116-Cyo8 L124-Kmk4 L132-A__7 L140-Kya0 L148-Czu7 L156-Zki7 L164-Tmt0 L172-Ona0 L180-Wff9 L188-Av_8 L93-Xrp5 L101-Hvz3 L109-Ssj8 L117-Ihj0 L125-Ygb9 L133-Jes5 L141-Iez1 L149-Vp_2 L157-Hag8 L165-Dqq1 L173-Fhi7 L181-Fs_0 L189-Ydr6 L193-R__9 L110-Xrp5 L118-E__5 L126-Ano2 L134-Wg_7 L142-Wal6 L150-Mvj6 L158-Yso3 L166-Cpz0 L174-B_x9 L182-Yep9 L190-Msv5 L194-Nma0 L135-Xrp5 L143-Chc8 L151-Gud9 L159-Rqw1 L167-Kcm1 L175-U_g1 L183-Nim1 L191-O_m5 L195-Oxj6 L160-Xrp5 L168-Mtv4 L176-Mwu5 L184-Ms_8 L192-Yky3 L196-Dlq7
L1-Xrp5 L9-Fit1 L17-Zlo4 L25-Ztq8 L33-Nay9 L41-Tt_9 L49-Pux3 L57-Bbe0 L65-Pze1 L73-Shg6 L81-Ywq5 L89-Zbq4 L97-Wam2 L105-Pfo7 L113-Iqg6 L121-Dg_0 L129-De_1 L137-Anb3 L145-Pcg0 L153-Oye0 L161-Mop5 L169-Ryw2 L177-Ygz4 L185-Pkx1 L18-Xrp5 L26-Wl_3 L34-Fow8 L42-Qve6 L50-Tt_0 L58-Iew8 L66-Sab0 L74-Aul2 L82-Kyi7 L90-Uoy5 L98-U_s2 L106-Huc0 L114-Ppf9 L122-Dds3 L130-Dcg2 L138-Jxd3 L146-Kf_3 L154-Exb9 L162-Kdf2 L170-Dq_4 L178-Tqt2 L186-Tvw2 L19-Xrp5 L27-Hs_0 L35-Hge4 L43-Mpr8 L51-Nro9 L59-J_v7 L67-Ndy1 L75-Fsg8 L83-Wm_4 L91-Ado3 L99-Soj6 L107-Qu_3 L115-Sjy9 L123-Wea0 L131-Ghq4 L139-Twc7 L147-Uyy6 L155-Tc_1 L163-I_y9 L171-Sln9 L179-Qwz9 L187-Aqp6 L44-Xrp5 L52-Nlb6 L60-Ipg1 L68-Twi4 L76-Bwj3 L84-Iog0 L92-Njd3 L100-Vhj3 L108-Tpu0 L116-Yjb1 L124-Cyo8 L132-Kmk4 L140-A__7 L148-Kya0 L156-Czu7 L164-Zki7 L172-Tmt0 L180-Ona0 L188-Wff9 L101-Xrp5 L109-Hvz3 L117-Ssj8 L125-Ihj0 L133-Ygb9 L141-Jes5 L149-Iez1 L157-Vp_2 L165-Hag8 L173-Dqq1 L181-Fhi7 L189-Fs_0 L193-Ydr6 L118-Xrp5 L126-E__5 L134-Ano2 L142-Wg_7 L150-Wal6 L158-Mvj6 L166-Yso3 L174-Cpz0 L182-B_x9 L190-Yep9 L194-Msv5 L143-Xrp5 L151-Chc8 L159-Gud9 L167-Rqw1 L175-Kcm1 L183-U_g1 L191-Nim1 L195-O_m5 L168-Xrp5 L176-Mtv4 L184-Mwu5 L192-Ms_8 L196-Yky3
L9-Xrp5 L17-Fit1 L25-Zlo4 L33-Ztq8 L41-Nay9 L49-Tt_9 L57-Pux3 L65-Bbe0 L73-Pze1 L81-Shg6 L89-Ywq5 L97-Zbq4 L105-Wam2 L113-Pfo7 L121-Iqg6 L129-Dg_0 L137-De_1 L145-Anb3 L153-Pcg0 L161-Oye0 L169-Mop5 L177-Ryw2 L185-Ygz4 L26-Xrp5 L34-Wl_3 L42-Fow8 L50-Qve6 L58-Tt_0 L66-Iew8 L74-Sab0 L82-Aul2 L90-Kyi7 L98-Uoy5 L106-U_s2 L114-Huc0 L122-Ppf9 L130-Dds3 L138-Dcg2 L146-Jxd3 L154-Kf_3 L162-Exb9 L170-Kdf2 L178-Dq_4 L186-Tqt2 L27-Xrp5 L35-Hs_0 L43-Hge4 L51-Mpr8 L59-Nro9 L67-J_v7 L75-Ndy1 L83-Fsg8 L91-Wm_4 L99-Ado3 L107-Soj6 L115-Qu_3 L123-Sjy9 L131-Wea0 L139-Ghq4 L147-Twc7 L155-Uyy6 L163-Tc_1 L171-I_y9 L179-Sln9 L187-Qwz9 L52-Xrp5 L60-Nlb6 L68-Ipg1 L76-Twi4 L84-Bwj3 L92-Iog0 L100-Njd3 L108-Vhj3 L116-Tpu0 L124-Yjb1 L132-Cyo8 L140-Kmk4 L148-A__7 L156-Kya0 L164-Czu7 L172-Zki7 L180-Tmt0 L188-Ona0 L109-Xrp5 L117-Hvz3 L125-Ssj8 L133-Ihj0 L141-Ygb9 L149-Jes5 L157-Iez1 L165-Vp_2 L173-Hag8 L181-Dqq1 L189-Fhi7 L193-Fs_0 L126-Xrp5 L134-E__5 L142-Ano2 L150-Wg_7 L158-Wal6 L166-Mvj6 L174-Yso3 L182-Cpz0 L190-B_x9 L194-Yep9 L151-Xrp5 L159-Chc8 L167-Gud9 L175-Rqw1 L183-Kcm1 L191-U_g1 L195-Nim1 L176-Xrp5 L184-Mtv4 L192-Mwu5 L196-Ms_8
L17-Xrp5 L25-Fit1 L33-Zlo4 L41-Ztq8 L49-Nay9 L57-Tt_9 L65-Pux3 L73-Bbe0 L81-Pze1 L89-Shg6 L97-Ywq5 L105-Zbq4 L113-Wam2 L121-Pfo7 L129-Iqg6 L137-Dg_0 L145-De_1 L153-Anb3 L161-Pcg0 L169-Oye0 L177-Mop5 L185-Ryw2 L34-Xrp5 L42-Wl_3 L50-Fow8 L58-Qve6 L66-Tt_0 L74-Iew8 L82-Sab0 L90-Aul2 L98-Kyi7 L106-Uoy5 L114-U_s2 L122-Huc0 L130-Ppf9 L138-Dds3 L146-Dcg2 L154-Jxd3 L162-Kf_3 L170-Exb9 L178-Kdf2 L186-Dq_4 L35-Xrp5 L43-Hs_0 L51-Hge4 L59-Mpr8 L67-Nro9 L75-J_v7 L83-Ndy1 L91-Fsg8 L99-Wm_4 L107-Ado3 L115-Soj6 L123-Qu_3 L131-Sjy9 L139-Wea0 L147-Ghq4 L155-Twc7 L163-Uyy6 L171-Tc_1 L179-I_y9 L187-Sln9 L60-Xrp5 L68-Nlb6 L76-Ipg1 L84-Twi4 L92-Bwj3 L100-Iog0 L108-Njd3 L116-Vhj3 L124-Tpu0 L132-Yjb1 L140-Cyo8 L148-Kmk4 L156-A__7 L164-Kya0 L172-Czu7 L180-Zki7 L188-Tmt0 L117-Xrp5 L125-Hvz3 L133-Ssj8 L141-Ihj0 L149-Ygb9 L157-Jes5 L165-Iez1 L173-Vp_2 L181-Hag8 L189-Dqq1 L193-Fhi7 L134-Xrp5 L142-E__5 L150-Ano2 L158-Wg_7 L166-Wal6 L174-Mvj6 L182-Yso3 L190-Cpz0 L194-B_x9 L159-Xrp5 L167-Chc8 L175-Gud9 L183-Rqw1 L191-Kcm1 L195-U_g1 L184-Xrp5 L192-Mtv4 L196-Mwu5
L25-Xrp5 L33-Fit1 L41-Zlo4 L49-Ztq8 L57-Nay9 L65-Tt_9 L73-Pux3 L81-Bbe0 L89-Pze1 L97-Shg6 L105-Ywq5 L113-Zbq4 L121-Wam2 L129-Pfo7 L137-Iqg6 L145-Dg_0 L153-De_1 L161-Anb3 L169-Pcg0 L177-Oye0 L185-Mop5 L42-Xrp5 L50-Wl_3 L58-Fow8 L66-Qve6 L74-Tt_0 L82-Iew8 L90-Sab0 L98-Aul2 L106-Kyi7 L114-Uoy5 L122-U_s2 L130-Huc0 L138-Ppf9 L146-Dds3 L154-Dcg2 L162-Jxd3 L170-Kf_3 L178-Exb9 L186-Kdf2 L43-Xrp5 L51-Hs_0 L59-Hge4 L67-Mpr8 L75-Nro9 L83-J_v7 L91-Ndy1 L99-Fsg8 L107-Wm_4 L115-Ado3 L123-Soj6 L131-Qu_3 L139-Sjy9 L147-Wea0 L155-Ghq4 L163-Twc7 L171-Uyy6 L179-Tc_1 L187-I_y9 L68-Xrp5 L76-Nlb6 L84-Ipg1 L92-Twi4 L100-Bwj3 L108-Iog0 L116-Njd3 L124-Vhj3 L132-Tpu0 L140-Yjb1 L148-Cyo8 L156-Kmk4 L164-A__7 L172-Kya0 L180-Czu7 L188-Zki7 L125-Xrp5 L133-Hvz3 L141-Ssj8 L149-Ihj0 L157-Ygb9 L165-Jes5 L173-Iez1 L181-Vp_2 L189-Hag8 L193-Dqq1 L142-Xrp5 L150-E__5 L158-Ano2 L166-Wg_7 L174-Wal6 L182-Mvj6 L190-Yso3 L194-Cpz0 L167-Xrp5 L175-Chc8 L183-Gud9 L191-Rqw1 L195-Kcm1 L192-Xrp5 L196-Mtv4
L33-Xrp5 L41-Fit1 L49-Zlo4 L57-Ztq8 L65-Nay9 L73-Tt_9 L81-Pux3 L89-Bbe0 L97-Pze1 L105-Shg6 L113-Ywq5 L121-Zbq4 L129-Wam2 L137-Pfo7 L145-Iqg6 L153-Dg_0 L161-De_1 L169-Anb3 L177-Pcg0 L185-Oye0 L50-Xrp5 L58-Wl_3 L66-Fow8 L74-Qve6 L82-Tt_0 L90-Iew8 L98-Sab0 L106-Aul2 L114-Kyi7 L122-Uoy5 L130-U_s2 L138-Huc0 L146-Ppf9 L154-Dds3 L162-Dcg2 L170-Jxd3 L178-Kf_3 L186-Exb9 L51-Xrp5 L59-Hs_0 L67-Hge4 L75-Mpr8 L83-Nro9 L91-J_v7 L99-Ndy1 L107-Fsg8 L115-Wm_4 L123-Ado3 L131-Soj6 L139-Qu_3 L147-Sjy9 L155-Wea0 L163-Ghq4 L171-Twc7 L179-Uyy6 L187-Tc_1 L76-Xrp5 L84-Nlb6 L92-Ipg1 L100-Twi4 L108-Bwj3 L116-Iog0 L124-Njd3 L132-Vhj3 L140-Tpu0 L148-Yjb1 L156-Cyo8 L164-Kmk4 L172-A__7 L180-Kya0 L188-Czu7 L133-Xrp5 L141-Hvz3 L149-Ssj8 L157-Ihj0 L165-Ygb9 L173-Jes5 L181-Iez1 L189-Vp_2 L193-Hag8 L150-Xrp5 L158-E__5 L166-Ano2 L174-Wg_7 L182-Wal6 L190-Mvj6 L194-Yso3 L175-Xrp5 L183-Chc8 L191-Gud9 L195-Rqw1 L196-Xrp5
L41-Xrp5 L49-Fit1 L57-Zlo4 L65-Ztq8 L73-Nay9 L81-Tt_9 L89-Pux3 L97-Bbe0 L105-Pze1 L113-Shg6 L121-Ywq5 L129-Zbq4 L137-Wam2 L145-Pfo7 L153-Iqg6 L161-Dg_0 L169-De_1 L177-Anb3 L185-Pcg0 L58-Xrp5 L66-Wl_3 L74-Fow8 L82-Qve6 L90-Tt_0 L98-Iew8 L106-Sab0 L114-Aul2 L122-Kyi7 L130-Uoy5 L138-U_s2 L146-Huc0 L154-Ppf9 L162-Dds3 L170-Dcg2 L178-Jxd3 L186-Kf_3 L59-Xrp5 L67-Hs_0 L75-Hge4 L83-Mpr8 L91-Nro9 L99-J_v7 L107-Ndy1 L115-Fsg8 L123-Wm_4 L131-Ado3 L139-Soj6 L147-Qu_3 L155-Sjy9 L163-Wea0 L171-Ghq4 L179-Twc7 L187-Uyy6 L84-Xrp5 L92-Nlb6 L100-Ipg1 L108-Twi4 L116-Bwj3 L124-Iog0 L132-Njd3 L140-Vhj3 L148-Tpu0 L156-Yjb1 L164-Cyo8 L172-Kmk4 L180-A__7 L188-Kya0 L141-Xrp5 L149-Hvz3 L157-Ssj8 L165-Ihj0 L173-Ygb9 L181-Jes5 L189-Iez1 L193-Vp_2 L158-Xrp5 L166-E__5 L174-Ano2 L182-Wg_7 L190-Wal6 L194-Mvj6 L183-Xrp5 L191-Chc8 L195-Gud9
L49-Xrp5 L57-Fit1 L65-Zlo4 L73-Ztq8 L81-Nay9 L89-Tt_9 L97-Pux3 L105-Bbe0 L113-Pze1 L121-Shg6 L129-Ywq5 L137-Zbq4 L145-Wam2 L153-Pfo7 L161-Iqg6 L169-Dg_0 L177-De_1 L185-Anb3 L66-Xrp5 L74-Wl_3 L82-Fow8 L90-Qve6 L98-Tt_0 L106-Iew8 L114-Sab0 L122-Aul2 L130-Kyi7 L138-Uoy5 L146-U_s2 L154-Huc0 L162-Ppf9 L170-Dds3 L178-Dcg2 L186-Jxd3 L67-Xrp5 L75-Hs_0 L83-Hge4 L91-Mpr8 L99-Nro9 L107-J_v7 L115-Ndy1 L123-Fsg8 L131-Wm_4 L139-Ado3 L147-Soj6 L155-Qu_3 L163-Sjy9 L171-Wea0 L179-Ghq4 L187-Twc7 L92-Xrp5 L100-Nlb6 L108-Ipg1 L116-Twi4 L124-Bwj3 L132-Iog0 L140-Njd3 L148-Vhj3 L156-Tpu0 L164-Yjb1 L172-Cyo8 L180-Kmk4 L188-A__7 L149-Xrp5 L157-Hvz3 L165-Ssj8 L173-Ihj0 L181-Ygb9 L189-Jes5 L193-Iez1 L166-Xrp5 L174-E__5 L182-Ano2 L190-Wg_7 L194-Wal6 L191-Xrp5 L195-Chc8
L57-Xrp5 L65-Fit1 L73-Zlo4 L81-Ztq8 L89-Nay9 L97-Tt_9 L105-Pux3 L113-Bbe0 L121-Pze1 L129-Shg6 L137-Ywq5 L145-Zbq4 L153-Wam2 L161-Pfo7 L169-Iqg6 L177-Dg_0 L185-De_1 L74-Xrp5 L82-Wl_3 L90-Fow8 L98-Qve6 L106-Tt_0 L114-Iew8 L122-Sab0 L130-Aul2 L138-Kyi7 L146-Uoy5 L154-U_s2 L162-Huc0 L170-Ppf9 L178-Dds3 L186-Dcg2 L75-Xrp5 L83-Hs_0 L91-Hge4 L99-Mpr8 L107-Nro9 L115-J_v7 L123-Ndy1 L131-Fsg8 L139-Wm_4 L147-Ado3 L155-Soj6 L163-Qu_3 L171-Sjy9 L179-Wea0 L187-Ghq4 L100-Xrp5 L108-Nlb6 L116-Ipg1 L124-Twi4 L132-Bwj3 L140-Iog0 L148-Njd3 L156-Vhj3 L164-Tpu0 L172-Yjb1 L180-Cyo8 L188-Kmk4 L157-Xrp5 L165-Hvz3 L173-Ssj8 L181-Ihj0 L189-Ygb9 L193-Jes5 L174-Xrp5 L182-E__5 L190-Ano2 L194-Wg_7 L195-Xrp5
L65-Xrp5 L73-Fit1 L81-Zlo4 L89-Ztq8 L97-Nay9 L105-Tt_9 L113-Pux3 L121-Bbe0 L129-Pze1 L137-Shg6 L145-Ywq5 L153-Zbq4 L161-Wam2 L169-Pfo7 L177-Iqg6 L185-Dg_0 L82-Xrp5 L90-Wl_3 L98-Fow8 L106-Qve6 L114-Tt_0 L122-Iew8 L130-Sab0 L138-Aul2 L146-Kyi7 L154-Uoy5 L162-U_s2 L170-Huc0 L178-Ppf9 L186-Dds3 L83-Xrp5 L91-Hs_0 L99-Hge4 L107-Mpr8 L115-Nro9 L123-J_v7 L131-Ndy1 L139-Fsg8 L147-Wm_4 L155-Ado3 L163-Soj6 L171-Qu_3 L179-Sjy9 L187-Wea0 L108-Xrp5 L116-Nlb6 L124-Ipg1 L132-Twi4 L140-Bwj3 L148-Iog0 L156-Njd3 L164-Vhj3 L172-Tpu0 L180-Yjb1 L188-Cyo8 L165-Xrp5 L173-Hvz3 L181-Ssj8 L189-Ihj0 L193-Ygb9 L182-Xrp5 L190-E__5 L194-Ano2
L73-Xrp5 L81-Fit1 L89-Zlo4 L97-Ztq8 L105-Nay9 L113-Tt_9 L121-Pux3 L129-Bbe0 L137-Pze1 L145-Shg6 L153-Ywq5 L161-Zbq4 L169-Wam2 L177-Pfo7 L185-Iqg6 L90-Xrp5 L98-Wl_3 L106-Fow8 L114-Qve6 L122-Tt_0 L130-Iew8 L138-Sab0 L146-Aul2 L154-Kyi7 L162-Uoy5 L170-U_s2 L178-Huc0 L186-Ppf9 L91-Xrp5 L99-Hs_0 L107-Hge4 L115-Mpr8 L123-Nro9 L131-J_v7 L139-Ndy1 L147-Fsg8 L155-Wm_4 L163-Ado3 L171-Soj6 L179-Qu_3 L187-Sjy9 L116-Xrp5 L124-Nlb6 L132-Ipg1 L140-Twi4 L148-Bwj3 L156-Iog0 L164-Njd3 L172-Vhj3 L180-Tpu0 L188-Yjb1 L173-Xrp5 L181-Hvz3 L189-Ssj8 L193-Ihj0 L190-Xrp5 L194-E__5
L81-Xrp5 L89-Fit1 L97-Zlo4 L105-Ztq8 L113-Nay9 L121-Tt_9 L129-Pux3 L137-Bbe0 L145-Pze1 L153-Shg6 L161-Ywq5 L169-Zbq4 L177-Wam2 L185-Pfo7 L98-Xrp5 L106-Wl_3 L114-Fow8 L122-Qve6 L130-Tt_0 L138-Iew8 L146-Sab0 L154-Aul2 L162-Kyi7 L170-Uoy5 L178-U_s2 L186-Huc0 L99-Xrp5 L107-Hs_0 L115-Hge4 L123-Mpr8 L131-Nro9 L139-J_v7 L147-Ndy1 L155-Fsg8 L163-Wm_4 L171-Ado3 L179-Soj6 L187-Qu_3 L124-Xrp5 L132-Nlb6 L140-Ipg1 L148-Twi4 L156-Bwj3 L164-Iog0 L172-Njd3 L180-Vhj3 L188-Tpu0 L181-Xrp5 L189-Hvz3 L193-Ssj8 L194-Xrp5
L89-Xrp5 L97-Fit1 L105-Zlo4 L113-Ztq8 L121-Nay9 L129-Tt_9 L137-Pux3 L145-Bbe0 L153-Pze1 L161-Shg6 L169-Ywq5 L177-Zbq4 L185-Wam2 L106-Xrp5 L114-Wl_3 L122-Fow8 L130-Qve6 L138-Tt_0 L146-Iew8 L154-Sab0 L162-Aul2 L170-Kyi7 L178-Uoy5 L186-U_s2 L107-Xrp5 L115-Hs_0 L123-Hge4 L131-Mpr8 L139-Nro9 L147-J_v7 L155-Ndy1 L163-Fsg8 L171-Wm_4 L179-Ado3 L187-Soj6 L132-Xrp5 L140-Nlb6 L148-Ipg1 L156-Twi4 L164-Bwj3 L172-Iog0 L180-Njd3 L188-Vhj3 L189-Xrp5 L193-Hvz3
L97-Xrp5 L105-Fit1 L113-Zlo4 L121-Ztq8 L129-Nay9 L137-Tt_9 L145-Pux3 L153-Bbe0 L161-Pze1 L169-Shg6 L177-Ywq5 L185-Zbq4 L114-Xrp5 L122-Wl_3 L130-Fow8 L138-Qve6 L146-Tt_0 L154-Iew8 L162-Sab0 L170-Aul2 L178-Kyi7 L186-Uoy5 L115-Xrp5 L123-Hs_0 L131-Hge4 L139-Mpr8 L147-Nro9 L155-J_v7 L163-Ndy1 L171-Fsg8 L179-Wm_4 L187-Ado3 L140-Xrp5 L148-Nlb6 L156-Ipg1 L164-Twi4 L172-Bwj3 L180-Iog0 L188-Njd3 L193-Xrp5
L105-Xrp5 L113-Fit1 L121-Zlo4 L129-Ztq8 L137-Nay9 L145-Tt_9 L153-Pux3 L161-Bbe0 L169-Pze1 L177-Shg6 L185-Ywq5 L122-Xrp5 L130-Wl_3 L138-Fow8 L146-Qve6 L154-Tt_0 L162-Iew8 L170-Sab0 L178-Aul2 L186-Kyi7 L123-Xrp5 L131-Hs_0 L139-Hge4 L147-Mpr8 L155-Nro9 L163-J_v7 L171-Ndy1 L179-Fsg8 L187-Wm_4 L148-Xrp5 L156-Nlb6 L164-Ipg1 L172-Twi4 L180-Bwj3 L188-Iog0
L113-Xrp5 L121-Fit1 L129-Zlo4 L137-Ztq8 L145-Nay9 L153-Tt_9 L161-Pux3 L169-Bbe0 L177-Pze1 L185-Shg6 L130-Xrp5 L138-Wl_3 L146-Fow8 L154-Qve6 L162-Tt_0 L170-Iew8 L178-Sab0 L186-Aul2 L131-Xrp5 L139-Hs_0 L147-Hge4 L155-Mpr8 L163-Nro9 L171-J_v7 L179-Ndy1 L187-Fsg8 L156-Xrp5 L164-Nlb6 L172-Ipg1 L180-Twi4 L188-Bwj3
L121-Xrp5 L129-Fit1 L137-Zlo4 L145-Ztq8 L153-Nay9 L161-Tt_9 L169-Pux3 L177-Bbe0 L185-Pze1 L138-Xrp5 L146-Wl_3 L154-Fow8 L162-Qve6 L170-Tt_0 L178-Iew8 L186-Sab0 L139-Xrp5 L147-Hs_0 L155-Hge4 L163-Mpr8 L171-Nro9 L179-J_v7 L187-Ndy1 L164-Xrp5 L172-Nlb6 L180-Ipg1 L188-Twi4
L129-Xrp5 L137-Fit1 L145-Zlo4 L153-Ztq8 L161-Nay9 L169-Tt_9 L177-Pux3 L185-Bbe0 L146-Xrp5 L154-Wl_3 L162-Fow8 L170-Qve6 L178-Tt_0 L186-Iew8 L147-Xrp5 L155-Hs_0 L163-Hge4 L171-Mpr8 L179-Nro9 L187-J_v7 L172-Xrp5 L180-Nlb6 L188-Ipg1
L137-Xrp5 L145-Fit1 L153-Zlo4 L161-Ztq8 L169-Nay9 L177-Tt_9 L185-Pux3 L154-Xrp5 L162-Wl_3 L170-Fow8 L178-Qve6 L186-Tt_0 L155-Xrp5 L163-Hs_0 L171-Hge4 L179-Mpr8 L187-Nro9 L180-Xrp5 L188-Nlb6
L145-Xrp5 L153-Fit1 L161-Zlo4 L169-Ztq8 L177-Nay9 L185-Tt_9 L162-Xrp5 L170-Wl_3 L178-Fow8 L186-Qve6 L163-Xrp5 L171-Hs_0 L179-Hge4 L187-Mpr8 L188-Xrp5
L153-Xrp5 L161-Fit1 L169-Zlo4 L177-Ztq8 L185-Nay9 L170-Xrp5 L178-Wl_3 L186-Fow8 L171-Xrp5 L179-Hs_0 L187-Hge4
L161-Xrp5 L169-Fit1 L177-Zlo4 L185-Ztq8 L178-Xrp5 L186-Wl_3 L179-Xrp5 L187-Hs_0
L169-Xrp5 L177-Fit1 L185-Zlo4 L186-Xrp5 L187-Xrp5
L177-Xrp5 L185-Fit1
L185-Xrp5
