1
#Here is the number of lines required: 27
##start
Dvj5 2 2
##end
Tqx0 5 5
Cgw1 7 7
Zhn2 11 11
Rdo5 14 14
Hwz6 16 16
Ppe8 21 21
Pz_5 24 24
Vtm3 27 27
Ai_2 30 30
Cjg5 33 33
Aun2 36 36
Ijz4 39 39
Vjc4 41 41
Wfq3 43 43
Ayi0 45 45
Ufe1 48 48
W_a0 52 52
Ig_1 56 56
Ncb5 61 61
Pmv9 65 65
Vcx1 70 70
Nv_0 73 73
Hf_7 74 74
Bxd9 79 79
Gge8 83 83
Bpy8 86 86
Cd_1 88 88
Sen8 90 90
Nqe0 92 92
Pym0 94 94
Dqb4 97 97
Jxm9 99 99
Bd_7 103 103
Hxq8 107 107
Ewb4 112 112
Cfq1 116 116
W_z1 117 117
Ypu4 118 118
Pub0 121 121
Xop0 122 122
Dxz9 124 124
X_c3 128 128
Unr6 132 132
Hjt7 136 136
Yse6 140 140
Odx6 145 145
Xgy3 148 148
Bzg0 152 152
Yuk3 155 155
Jpf2 158 158
Fos8 160 160
Bxt2 164 164
Osq7 166 166
Okc7 167 167
Cwb8 171 171
Pcw6 174 174
Hlm2 177 177
Pco1 179 179
Iqy0 182 182
Dpo4 185 185
Bfj0 189 189
Jok0 191 191
Atw6 194 194
Ism9 197 197
Vlj4 199 199
Ycx4 203 203
Pq_0 204 204
I_y6 207 207
Kem3 208 208
Gvg0 209 209
Ajs5 213 213
Tro5 217 217
Nbl8 219 219
Cde2 220 220
Mge1 222 222
Yow3 224 224
Psh5 226 226
Nbc7 230 230
Vmm3 235 235
Iqy4 236 236
A_h9 239 239
Vdb3 243 243
Xhj1 244 244
Sel7 246 246
Zc_7 249 249
Rsq3 251 251
Th_7 254 254
Yuu6 256 256
Jre6 258 258
Qr_4 260 260
Jlj3 263 263
Gis0 266 266
Jyb5 268 268
Ktw9 272 272
Etb6 276 276
Wsa7 278 278
Qdt8 281 281
Nxb2 282 282
Vrk7 287 287
Cdm0 289 289
Yag6 294 294
Sga9 296 296
Yla5 301 301
T_h2 305 305
Ucp8 307 307
Mw_2 311 311
Wrm4 315 315
Ony6 318 318
I_w2 319 319
Tvk5 321 321
X_c8 325 325
P_m6 329 329
D_g3 332 332
Nfh5 336 336
Qoz8 339 339
Eat1 344 344
Fq_3 348 348
Hcq2 351 351
Jpi3 355 355
I_b2 360 360
Rho9 365 365
Ilz8 369 369
Sj_3 371 371
W_k0 374 374
Bqp2 377 377
Duq6 379 379
Xxl8 381 381
Jou6 385 385
Cdd5 388 388
Avo2 390 390
Pbp6 394 394
Zuk6 395 395
Sbv7 399 399
Rfh8 400 400
Ckz6 401 401
Nrv4 406 406
Nxl5 407 407
Ruu6 409 409
Hj_3 413 413
Y__6 417 417
Ofs0 419 419
Wc_4 421 421
Cqx0 424 424
Oef2 425 425
Mww5 429 429
Nys7 434 434
Zvq1 437 437
Vcl0 438 438
Kqi6 442 442
Och4 445 445
Egi3 448 448
Dgl1 451 451
Use1 455 455
Awg4 457 457
Iq_6 461 461
Xcu8 466 466
Ckm1 467 467
Qjo9 470 470
Ios3 472 472
Fik7 473 473
Krq1 475 475
Bdl4 479 479
Mmr0 482 482
Unh9 487 487
Tfd3 489 489
Gsl6 493 493
Sj_0 496 496
Z_p1 499 499
Pzf2 500 500
Elo1 505 505
Jvb6 508 508
Est3 513 513
Ngz8 517 517
Nvl2 521 521
Ofg3 524 524
Af_9 528 528
Kkz5 532 532
Gwc4 534 534
Yr_4 538 538
N__3 542 542
Gs_1 546 546
Vcw4 549 549
Jtq2 553 553
Cah6 556 556
Vhi6 559 559
Bow0 564 564
Ugl9 568 568
Xdy6 570 570
Hrp8 574 574
Av_5 576 576
W_x3 580 580
Oit2 583 583
Cua8 586 586
Bx_3 589 589
Gap4 592 592
Ba_9 595 595
Ryy3 597 597
Uxi8 601 601
Zq_3 603 603
Xzl0 606 606
Ftr6 609 609
Vmm5 613 613
Yl_3 615 615
Wzn5 618 618
B_y5 620 620
Ym_1 622 622
O__1 627 627
Qau5 630 630
Kyc4 633 633
Eno7 638 638
Pwc3 642 642
Gz_7 644 644
Bff4 648 648
Dgy8 651 651
Uid9 654 654
Olr2 658 658
Cl_4 660 660
Gkz2 665 665
Ssu1 668 668
Uo_1 673 673
N_c9 676 676
Rg_6 681 681
Hym3 686 686
Ac_3 688 688
E__2 690 690
Xam4 692 692
Unf0 696 696
Nx_4 700 700
Npm7 703 703
Twu4 706 706
Bjq8 709 709
Mgq6 711 711
Tws6 714 714
Arc0 718 718
Gqv5 721 721
Gj_1 725 725
Wh_7 727 727
Hk_0 730 730
Uuv9 733 733
Vxp0 736 736
Jm_3 739 739
Ue_8 743 743
B_j8 746 746
X_q1 751 751
Kr_9 756 756
Sao2 759 759
Hsm8 762 762
Jwq3 767 767
Gyx3 771 771
Naj9 774 774
Ntj8 779 779
Pw_2 783 783
Ssq5 787 787
A_a1 789 789
Rui8 792 792
Jsi2 795 795
Bkk2 798 798
Fqs3 800 800
Yj_6 804 804
Ohb3 807 807
Qor5 811 811
Tli5 814 814
Tn_4 816 816
Bch9 818 818
Jrd2 823 823
Eds2 824 824
J_a9 829 829
Zrn3 830 830
Kiy0 833 833
Ppw7 838 838
Fkv9 841 841
Mjx6 844 844
Abe0 848 848
Upw7 852 852
Ifr1 855 855
Bvg3 859 859
Mvf7 862 862
Ead8 865 865
Upi2 868 868
Zme8 869 869
Mul2 874 874
Gy_6 877 877
Act5 881 881
Xor5 885 885
Hke5 887 887
Eqx7 890 890
Sfm3 894 894
Pgt2 896 896
Ulm2 901 901
Jij3 904 904
Rca8 905 905
Vys7 907 907
Ayn2 911 911
Fjl1 914 914
Ome4 917 917
Kec7 920 920
Duu8 924 924
Kke5 926 926
M_v5 930 930
Scm0 933 933
Gbl3 935 935
Zr_3 939 939
Yls5 942 942
Vsa7 944 944
Nm_0 945 945
Euv1 949 949
M__4 952 952
Rmz8 955 955
Dwd3 956 956
Iin9 959 959
Fri2 960 960
Aba9 965 965
Srt5 970 970
Bbr7 973 973
Mbt4 975 975
Rbe5 978 978
Gox3 979 979
Woj6 982 982
Srb8 985 985
Gmb4 987 987
Txg8 992 992
Olp9 995 995
Qle8 998 998
Vzj7 1001 1001
W_e4 1003 1003
Dkn6 1005 1005
Vex7 1009 1009
Nes6 1012 1012
Eqm2 1014 1014
Qvl0 1018 1018
Nxh2 1023 1023
Xxj6 1026 1026
Awg6 1029 1029
Ckb1 1033 1033
R_h9 1037 1037
Uer1 1039 1039
Fqi8 1042 1042
Omk7 1045 1045
Rab2 1048 1048
Anj3 1052 1052
Ofk4 1055 1055
Rsh2 1058 1058
Io_1 1061 1061
O_h6 1062 1062
Wrg5 1067 1067
Amn0 1070 1070
Qrt7 1072 1072
Ssj4 1075 1075
Imp2 1079 1079
Ale4 1083 1083
Dep1 1086 1086
Qnf6 1088 1088
Zaf0 1092 1092
Clw4 1097 1097
Fw_2 1100 1100
Vyz2 1104 1104
Ofo1 1107 1107
Bav5 1111 1111
Vzg3 1113 1113
Whg9 1114 1114
Dr_0 1118 1118
S_y7 1119 1119
Dsm7 1122 1122
Nnw3 1124 1124
Ej_4 1128 1128
Mix0 1131 1131
Twa3 1134 1134
Usl7 1137 1137
Bpd2 1139 1139
Fnu0 1142 1142
Thc8 1146 1146
Fwb9 1149 1149
Qis3 1152 1152
Ajg5 1153 1153
Koa6 1158 1158
Ej_9 1161 1161
Shq3 1164 1164
Khj6 1165 1165
Uce3 1168 1168
Zqb9 1170 1170
P_p5 1174 1174
Cmx8 1175 1175
Zwz4 1177 1177
Ujf5 1180 1180
Rlm3 1181 1181
Pdr6 1183 1183
Xcc2 1186 1186
Aqx1 1188 1188
Hd_3 1190 1190
Mj_6 1193 1193
Qgn7 1197 1197
Jer0 1199 1199
Efc4 1203 1203
Wqi8 1208 1208
Bac4 1211 1211
Zyx0 1215 1215
Vpp9 1219 1219
Gqo3 1222 1222
Us_9 1226 1226
Adr6 1228 1228
Mhs8 1231 1231
Nbp6 1232 1232
Rqq3 1237 1237
Eks5 1241 1241
Hjh7 1245 1245
Ubq0 1250 1250
Gxv9 1253 1253
Qeu8 1255 1255
Dmw0 1259 1259
Fiu0 1263 1263
H_m8 1265 1265
Ggh7 1266 1266
Tze6 1267 1267
Vkn3 1269 1269
Afx8 1272 1272
Qli2 1275 1275
Bhx0 1276 1276
Fx_8 1280 1280
Cpr7 1284 1284
Igj9 1288 1288
Vl_3 1290 1290
Tqr5 1293 1293
Wpt9 1294 1294
E_r2 1299 1299
Uvm2 1303 1303
Hvg6 1306 1306
Pi_8 1308 1308
Zhg8 1310 1310
Wrv0 1314 1314
Tu_9 1316 1316
Rhl0 1318 1318
Rnp9 1321 1321
Dlp0 1324 1324
Vce9 1328 1328
Zmt0 1331 1331
Y_k0 1334 1334
Wgs7 1337 1337
Uwp6 1341 1341
Whn5 1346 1346
Csj7 1349 1349
V__1 1353 1353
Juw4 1355 1355
Euz2 1357 1357
Qk_2 1361 1361
Hqu9 1364 1364
Nxt6 1366 1366
Xwh0 1369 1369
K_y8 1370 1370
Ehg8 1373 1373
Dg_1 1376 1376
Irh1 1380 1380
Q_j7 1383 1383
Fwk1 1388 1388
Udc4 1389 1389
Eez2 1392 1392
Epf1 1396 1396
Gab3 1397 1397
Dqc6 1401 1401
V_g8 1404 1404
Wlv2 1405 1405
Gum8 1407 1407
Hdh9 1412 1412
Paw8 1414 1414
Ooo1 1417 1417
Xze2 1420 1420
Uzu2 1421 1421
Mg_8 1424 1424
J_m8 1427 1427
Pvt5 1429 1429
Nam1 1432 1432
Xgi3 1433 1433
Cdr3 1436 1436
Ph_6 1441 1441
Kwo3 1444 1444
Aou7 1447 1447
Gkg2 1451 1451
Ggz3 1452 1452
Qpg1 1453 1453
Xmj0 1456 1456
Ehw6 1458 1458
Xwt3 1461 1461
Yms1 1464 1464
Vxz5 1468 1468
Udk3 1472 1472
Qn_6 1475 1475
Dny1 1478 1478
K_p7 1482 1482
Dtl0 1484 1484
Tki4 1487 1487
Pde1 1491 1491
Vbh8 1494 1494
H_r4 1499 1499
Myi3 1502 1502
Fy_1 1506 1506
Pzm9 1507 1507
Fjg0 1511 1511
Vvx7 1516 1516
Qnp8 1518 1518
Qdf4 1522 1522
Cin7 1525 1525
Q__3 1527 1527
Nxa2 1529 1529
R_y8 1532 1532
Fzl7 1535 1535
Nlb8 1538 1538
Zqo8 1540 1540
Usr5 1541 1541
Eqv0 1542 1542
Fkf7 1547 1547
Gge8-Fkf7
Qoz8-Nlb8
Nnw3-Hwz6
Tn_4-Fzl7
Aun2-Ppe8
Nx_4-R_y8
Woj6-Pz_5
Cqx0-Ai_2
Hqu9-Nxa2
Yag6-Cin7
Gmb4-Vjc4
Tli5-Qdf4
Vys7-Qnp8
Pi_8-Vvx7
Bac4-Ufe1
Nqe0-Fjg0
Gbl3-W_a0
Qli2-Pmv9
Gqo3-Vcx1
Ckm1-Fy_1
Sen8-Hf_7
B_j8-Bxd9
Fw_2-Myi3
Arc0-Cd_1
E_r2-H_r4
Sbv7-Vbh8
Jyb5-Pde1
Xop0-Pym0
Yj_6-Qn_6
Hvg6-Udk3
Dsm7-Xwt3
Efc4-Xmj0
Vkn3-Qpg1
Eqm2-Aou7
Amn0-Xop0
Cl_4-X_c3
Vcw4-Cdr3
K_y8-Unr6
Euv1-Nam1
Uer1-Odx6
Tfd3-J_m8
Jwq3-Xgy3
Jpf2-Tqx0
Fos8-Jpf2
Xze2-Fos8
Bxt2-Xze2
Ooo1-Bxt2
Osq7-Ooo1
Paw8-Okc7
Cwb8-Paw8
Gum8-Hdh9
Wlv2-Gum8
Pcw6-Dqc6
Gab3-Pcw6
Eez2-Hlm2
Pco1-Eez2
Iqy0-Pco1
Udc4-Iqy0
Q_j7-Fwk1
Bfj0-Irh1
Dg_1-Bfj0
K_y8-Ehg8
Qk_2-Hqu9
Atw6-Jok0
Euz2-Atw6
Ycx4-Juw4
Csj7-V__1
Pq_0-Csj7
Kem3-I_y6
Ajs5-Uwp6
Wgs7-Nbl8
Cde2-Wgs7
Mge1-Cde2
Yow3-Mge1
Vce9-Zmt0
Dlp0-Vce9
Psh5-Rhl0
Nbc7-Tu_9
Wrv0-Vmm3
Zhg8-Wrv0
Pi_8-Iqy4
Uvm2-A_h9
E_r2-Uvm2
Tqr5-Wpt9
Vl_3-Tqr5
Xhj1-Vdb3
Zc_7-Sel7
Rsq3-Zc_7
Yuu6-Th_7
Jre6-Yuu6
Qr_4-Jre6
Jlj3-Qr_4
Igj9-Jlj3
Gis0-Igj9
Cpr7-Gis0
Fx_8-Cpr7
Ktw9-Jyb5
Vkn3-Afx8
Etb6-Vkn3
Wsa7-Etb6
Qdt8-H_m8
Fiu0-Nxb2
Vrk7-Fiu0
Yag6-Cdm0
Sga9-Yag6
Eks5-Yla5
Gqo3-Us_9
Wrm4-Mw_2
Wqi8-Ony6
I_w2-Wqi8
Efc4-I_w2
Hd_3-Mj_6
P_m6-X_c8
D_g3-P_m6
Qoz8-Nfh5
Eat1-Aqx1
Xcc2-Eat1
Pdr6-Fq_3
Hcq2-Pdr6
Rlm3-I_b2
Zwz4-Ujf5
Rho9-Zwz4
P_p5-Sj_3
Zqb9-Tqx0
Uce3-Zqb9
Khj6-Uce3
Shq3-Khj6
Ej_9-Shq3
Koa6-Ej_9
Qis3-Ajg5
Duq6-Qis3
Xxl8-Duq6
Jou6-Fwb9
Fnu0-Thc8
Avo2-Fnu0
Pbp6-Avo2
Zuk6-Pbp6
Rfh8-Sbv7
Hj_3-Ruu6
Bpd2-Hj_3
Usl7-Bpd2
Wc_4-Nnw3
S_y7-Dsm7
Dr_0-S_y7
Mww5-Oef2
Vzg3-Whg9
Zvq1-Bav5
Kqi6-Ofo1
Vyz2-Kqi6
Egi3-Och4
Zaf0-Clw4
Dgl1-Dep1
Ale4-Dgl1
Imp2-Ale4
Use1-Imp2
Awg4-Use1
Ssj4-Awg4
Iq_6-Amn0
Io_1-Ckm1
Rsh2-Io_1
Ofk4-Rsh2
Anj3-Qjo9
Omk7-Fik7
Krq1-Omk7
Fqi8-Krq1
Bdl4-Fqi8
Mmr0-Bdl4
Uer1-Mmr0
Dvj5-Uer1
R_h9-Tqx0
Unh9-R_h9
Sj_0-Gsl6
Z_p1-Sj_0
Awg6-Z_p1
Xxj6-Awg6
Jvb6-Nxh2
Eqm2-Qvl0
Ngz8-Est3
Vex7-Ngz8
Nvl2-Vex7
Dkn6-Nvl2
W_e4-Dkn6
Ofg3-Vzj7
Yr_4-Gwc4
Olp9-Qle8
N__3-Olp9
Txg8-N__3
Gmb4-Txg8
Srb8-Vcw4
Vhi6-Cah6
Woj6-Vhi6
Ugl9-Bow0
Gox3-Ugl9
Xdy6-Gox3
Hrp8-Rbe5
Mbt4-Av_5
Bbr7-Mbt4
Oit2-W_x3
Cua8-Oit2
Bx_3-Cua8
Gap4-Bx_3
Fri2-Ba_9
Iin9-Fri2
Rmz8-Uxi8
Zq_3-Rmz8
M__4-Xzl0
Euv1-M__4
Ftr6-Euv1
Vmm5-Ftr6
Yl_3-Nm_0
Wzn5-Yl_3
Vsa7-Wzn5
Yls5-Vsa7
Scm0-Gbl3
O__1-Ym_1
Duu8-O__1
Dvj5-Duu8
Qau5-Kec7
Eno7-Ome4
Ayn2-Fjl1
Jij3-Rca8
Ulm2-Jij3
Gz_7-Pwc3
Sfm3-Gz_7
Eqx7-Sfm3
Xor5-Bff4
Gy_6-Act5
Zme8-Mul2
Upi2-Zme8
Dgy8-Upi2
Ifr1-Olr2
Gkz2-Cl_4
Upw7-Gkz2
Abe0-Upw7
Ssu1-Abe0
Mjx6-Uo_1
N_c9-Mjx6
Ac_3-Hym3
Eds2-Ac_3
Jrd2-Eds2
Bch9-Jrd2
Xam4-E__2
Tn_4-Xam4
Qor5-Tli5
Nx_4-Qor5
Yj_6-Ohb3
Bkk2-Fqs3
Twu4-Bkk2
Rui8-Jsi2
Bjq8-Rui8
A_a1-Bjq8
Pw_2-Arc0
Gqv5-Pw_2
Wh_7-Naj9
Jwq3-Gyx3
Hsm8-Uuv9
Vxp0-Hsm8
Sao2-Vxp0
Kr_9-Sao2
Ue_8-B_j8
Dvj5-Ue_8
B_j8-X_q1
X_q1-Kr_9
Uuv9-Jwq3
Gyx3-Hk_0
Hk_0-Wh_7
Naj9-Gj_1
Gj_1-Ntj8
Ntj8-Gqv5
Arc0-Tws6
Tws6-Ssq5
Ssq5-Mgq6
Mgq6-A_a1
Jsi2-Jm_3
Jm_3-Tqx0
Dvj5-Twu4
Fqs3-Yj_6
Ohb3-Npm7
Npm7-Nx_4
Tli5-Unf0
Unf0-Tn_4
E__2-Bch9
Hym3-Rg_6
Rg_6-J_a9
J_a9-Zrn3
Zrn3-Kiy0
Kiy0-Ppw7
Ppw7-Fkv9
Fkv9-N_c9
Uo_1-Ssu1
Cl_4-Ifr1
Olr2-Bvg3
Bvg3-Mvf7
Mvf7-Uid9
Uid9-Ead8
Ead8-Dgy8
Mul2-Gy_6
Act5-Xor5
Bff4-Hke5
Hke5-Eqx7
Pwc3-Pgt2
Pgt2-Ulm2
Rca8-Vys7
Vys7-Ayn2
Fjl1-Eno7
Ome4-Kyc4
Kyc4-Qau5
Kec7-Tqx0
Ym_1-Kke5
Kke5-M_v5
M_v5-Scm0
Gbl3-B_y5
B_y5-Zr_3
Zr_3-Yls5
Nm_0-Vmm5
Xzl0-Zq_3
Uxi8-Dwd3
Dwd3-Ryy3
Ryy3-Iin9
Ba_9-Aba9
Aba9-Srt5
Srt5-Gap4
W_x3-Bbr7
Av_5-Hrp8
Rbe5-Xdy6
Bow0-Woj6
Cah6-Jtq2
Jtq2-Srb8
Vcw4-Gs_1
Gs_1-Gmb4
Qle8-Yr_4
Gwc4-Kkz5
Kkz5-Af_9
Af_9-Ofg3
Vzj7-W_e4
Est3-Nes6
Nes6-Eqm2
Qvl0-Jvb6
Nxh2-Elo1
Elo1-Pzf2
Pzf2-Xxj6
Gsl6-Ckb1
Ckb1-Tfd3
Tfd3-Unh9
Fik7-Rab2
Rab2-Ios3
Ios3-Anj3
Qjo9-Ofk4
Ckm1-Xcu8
Xcu8-O_h6
O_h6-Wrg5
Wrg5-Iq_6
Amn0-Qrt7
Qrt7-Ssj4
Dep1-Qnf6
Qnf6-Zaf0
Clw4-Fw_2
Fw_2-Egi3
Och4-Vyz2
Ofo1-Vcl0
Vcl0-Zvq1
Bav5-Vzg3
Whg9-Nys7
Nys7-Mww5
Oef2-Cqx0
Cqx0-Dr_0
Dsm7-Wc_4
Nnw3-Ofs0
Ofs0-Ej_4
Ej_4-Mix0
Mix0-Y__6
Y__6-Twa3
Twa3-Usl7
Ruu6-Nxl5
Nxl5-Nrv4
Nrv4-Ckz6
Ckz6-Rfh8
Sbv7-Zuk6
Thc8-Cdd5
Cdd5-Jou6
Fwb9-Xxl8
Ajg5-Koa6
Dvj5-Bqp2
Bqp2-W_k0
W_k0-P_p5
Sj_3-Cmx8
Cmx8-Ilz8
Ilz8-Rho9
Ujf5-Rlm3
I_b2-Jpi3
Jpi3-Hcq2
Fq_3-Xcc2
Aqx1-Qoz8
Nfh5-D_g3
X_c8-Tvk5
Tvk5-Hd_3
Mj_6-Qgn7
Qgn7-Jer0
Jer0-Efc4
Ony6-Bac4
Bac4-Wrm4
Mw_2-Ucp8
Ucp8-Zyx0
Zyx0-Vpp9
Vpp9-Gqo3
Us_9-Adr6
Adr6-Mhs8
Mhs8-Nbp6
Nbp6-Rqq3
Rqq3-T_h2
T_h2-Eks5
Yla5-Hjh7
Hjh7-Ubq0
Ubq0-Sga9
Cdm0-Gxv9
Gxv9-Qeu8
Qeu8-Dmw0
Dmw0-Vrk7
Nxb2-Qdt8
H_m8-Ggh7
Ggh7-Tze6
Tze6-Tqx0
Dvj5-Wsa7
Afx8-Qli2
Qli2-Bhx0
Bhx0-Ktw9
Jyb5-Fx_8
Th_7-Rsq3
Sel7-Xhj1
Vdb3-Vl_3
Wpt9-E_r2
A_h9-Hvg6
Hvg6-Pi_8
Iqy4-Zhg8
Vmm3-Nbc7
Tu_9-Psh5
Rhl0-Rnp9
Rnp9-Dlp0
Zmt0-Y_k0
Y_k0-Yow3
Nbl8-Tro5
Tro5-Ajs5
Uwp6-Gvg0
Gvg0-Whn5
Whn5-Kem3
I_y6-Pq_0
V__1-Ycx4
Juw4-Vlj4
Vlj4-Ism9
Ism9-Euz2
Jok0-Qk_2
Hqu9-Nxt6
Nxt6-Xwh0
Xwh0-K_y8
Ehg8-Dg_1
Irh1-Q_j7
Fwk1-Dpo4
Dpo4-Udc4
Hlm2-Epf1
Epf1-Gab3
Dqc6-V_g8
V_g8-Wlv2
Hdh9-Cwb8
Okc7-Osq7
Vex7-Yuk3
Fwb9-Uzu2
I_y6-Mg_8
Xze2-Bzg0
Xwh0-Pvt5
Jou6-Yse6
Nxt6-Hjt7
Tze6-Xgi3
Eat1-Ph_6
Qor5-Dxz9
Krq1-Kwo3
Omk7-Pub0
Rab2-Gkg2
Yuu6-Ggz3
Hd_3-Ypu4
Pco1-W_z1
Pzf2-Cfq1
Ue_8-Ehw6
Ofk4-Yms1
Abe0-Ewb4
Ntj8-Vxz5
Ftr6-Hxq8
Yj_6-Bd_7
Epf1-Jxm9
Egi3-Dny1
Mj_6-Dqb4
Zwz4-K_p7
I_b2-Dtl0
Nnw3-Nqe0
S_y7-Sen8
Ggz3-Tki4
Fik7-Bpy8
Cde2-Gge8
Io_1-Nv_0
Wh_7-Ncb5
J_a9-Ig_1
Nam1-Pzm9
Fos8-Ayi0
W_z1-Wfq3
Zaf0-Q__3
Epf1-Ijz4
P_p5-Aun2
Rho9-Cjg5
Eds2-Vtm3
Yr_4-Rdo5
H_m8-Zqo8
Ngz8-Usr5
Uvm2-Zhn2
Pzm9-Cgw1
Imp2-Eqv0
#Here is the number of lines required: 27

L1-Ue_8
L1-B_j8
L1-X_q1
L1-Kr_9
L1-Sao2
L1-Vxp0
L1-Hsm8
L1-Uuv9
L1-Jwq3
L1-Gyx3
L1-Hk_0
L1-Wh_7
L1-Naj9
L1-Gj_1
L1-Ntj8
L1-Gqv5
L1-Pw_2
L1-Arc0
L1-Tws6
L1-Ssq5
L1-Mgq6
L1-A_a1
L1-Bjq8
L1-Rui8
L1-Jsi2
L1-Jm_3
L1-Tqx0
