120
#Here is the number of lines required: 33
##start
Kmp8 2 2
##end
G_e9 6 6
Kti6 9 9
Plg5 14 14
Nky9 15 15
W_t3 19 19
Wld8 22 22
S_t9 25 25
Sts8 27 27
Qbj1 31 31
Wrw2 32 32
Cga0 36 36
Gvk2 40 40
Pgq8 43 43
Ex_3 44 44
Tm_1 47 47
Oki1 50 50
Rht6 51 51
Jjv7 54 54
Cwj2 57 57
M__8 61 61
Qdr5 65 65
X_t4 66 66
Jnv6 69 69
Urb0 72 72
Tpe4 76 76
Weq2 78 78
Is_1 83 83
Puz2 86 86
Tkl0 89 89
Vfl7 93 93
Wvd9 96 96
Rfi2 99 99
Qec2 100 100
Dtf7 103 103
Cng2 104 104
Too6 108 108
Kid6 109 109
Nq_9 112 112
Ndu0 116 116
R_v0 117 117
Oai7 119 119
K_d6 123 123
Aal2 126 126
Dje1 131 131
J_a8 134 134
Ai_8 136 136
Wsq1 139 139
Jdn5 142 142
Gor7 146 146
J_i7 149 149
M_s3 152 152
Afe9 153 153
U_l7 154 154
Q_i7 159 159
Oaf4 161 161
Rjw3 163 163
Ihb0 166 166
Usm2 169 169
Rjs3 173 173
Nvs3 175 175
Ctx2 178 178
Op_9 182 182
Gru9 185 185
G_v9 189 189
Ref1 191 191
Ncm4 194 194
Yfx4 199 199
Unw3 203 203
Yzp3 206 206
Xgw0 210 210
Wcy0 215 215
Tzf0 218 218
Crp4 219 219
Bml4 221 221
Hp_2 223 223
Inr5 227 227
Wtj5 229 229
Xvk2 234 234
Mn_2 236 236
Adk3 241 241
S__9 243 243
Pa_4 246 246
Jtn5 250 250
Grd9 253 253
Cgp2 257 257
Y_a5 259 259
Njc2 262 262
Oii6 265 265
Tiv4 269 269
Jdu3 274 274
Vuy5 277 277
Fke2 279 279
Kon8 284 284
Ot_2 287 287
Qub7 291 291
I_w1 294 294
Ckc0 297 297
Zca4 300 300
Xjz1 303 303
Szv7 305 305
Pui6 308 308
Ddo1 313 313
Nro4 315 315
Eum2 317 317
Yqf7 318 318
Uni4 323 323
Xnu8 328 328
I_i2 331 331
Gvu0 335 335
Jlw0 337 337
Uwp9 342 342
Uzi5 345 345
Tte7 348 348
Qoi4 352 352
Euw3 355 355
Wch3 358 358
I_c8 363 363
Eek4 366 366
Gof5 370 370
Etb7 374 374
Jsf8 377 377
Qp_1 380 380
T_v4 383 383
Tvi7 385 385
Gbl2 389 389
Yaq3 390 390
Fwp7 393 393
Yrk2 397 397
Xhk3 402 402
Vq_3 405 405
Ptc2 410 410
Gtl7 413 413
Enw1 417 417
Ved9 421 421
Pus1 422 422
Ekh7 425 425
Tlp6 428 428
Ozv9 433 433
Q_v2 435 435
C_k9 438 438
Dmk6 440 440
Rq_0 445 445
Yue8 449 449
Af_6 452 452
B_z4 453 453
Ctw0 455 455
Dgw8 458 458
Npo3 459 459
Yxk8 461 461
Vtg7 466 466
Nek2 469 469
Rzz1 470 470
Wo_7 474 474
Wgq3 475 475
Klr9 480 480
Umb9 485 485
Zy_3 487 487
Rwl2 490 490
Cic4 494 494
N__0 498 498
Eh_7 502 502
Gxd7 504 504
Yig1 505 505
Dzu7 506 506
N_g9 509 509
Hbe6 513 513
X_h6 514 514
Fjl9 517 517
Jkb9 519 519
Gwh7 520 520
Xje7 524 524
Taw6 529 529
Imc2 530 530
Jx_5 532 532
Ysa9 536 536
Idu9 537 537
Bar4 539 539
Uly0 543 543
Acp2 545 545
Bdl5 548 548
Bpg9 552 552
Hk_0 554 554
Mpw1 557 557
Gin9 559 559
Qir6 562 562
Cgg4 565 565
Kvs5 570 570
Gmk3 574 574
Hqz8 578 578
Bip8 579 579
Gti8 582 582
Whm3 586 586
Qt_1 588 588
Tau6 591 591
Hvn0 593 593
Xl_3 595 595
Xhr7 598 598
Pqx2 601 601
Qf_2 604 604
Ckk6 607 607
Yzo8 610 610
Koh1 614 614
Bxt4 616 616
D_p6 619 619
Bsh5 621 621
X_j2 625 625
Gfr7 628 628
Wxz4 632 632
Ivt6 636 636
Nw_2 637 637
C_e9 641 641
B_y1 646 646
Kav8 647 647
Teq3 652 652
Srx0 655 655
Ki_3 662 662
Kwh6 664 664
Ftb0 666 666
Cem1 669 669
Oqz1 672 672
Hg_5 676 676
Wha5 679 679
Siv4 682 682
Jn_9 686 686
Cad6 691 691
V_e5 694 694
Ayp9 696 696
Yl_5 699 699
Vx_0 702 702
Zno1 705 705
Ji_1 707 707
Mk_3 710 710
Wte1 712 712
Euz1 715 715
Oky0 719 719
Sld6 722 722
Bry6 725 725
Hby7 729 729
Kei3 734 734
Hcy7 736 736
Dy_3 737 737
Xx_7 739 739
S_m4 744 744
Zla6 749 749
Wyy9 752 752
Roo0 755 755
Zbz5 760 760
F_s1 763 763
Qta2 766 766
Ruu8 769 769
A__9 774 774
Gia3 779 779
Xji0 781 781
Sip5 782 782
Olz6 785 785
Www2 788 788
Hvy7 791 791
Oea9 795 795
Ous0 798 798
Gjt8 799 799
Uoq1 802 802
Xpj8 805 805
Pii2 809 809
Idg8 813 813
Wte5 815 815
T_q9 817 817
I_p3 819 819
Nem4 824 824
Krk3 827 827
Ker6 828 828
Pen6 830 830
Xyc1 833 833
Ovh4 835 835
Trn3 839 839
Pyh1 842 842
Ujl6 843 843
Xnl1 847 847
Czd9 850 850
Ulk5 853 853
Csx0 856 856
Rhp8 859 859
Slj8 862 862
Ux_5 865 865
Gnk8 867 867
Tfd3 870 870
Kiq6 873 873
Eat5 874 874
J_q8 875 875
Oev3 879 879
Ahb9 882 882
Q_e2 886 886
Fmo8 888 888
Iq_9 891 891
Awg1 894 894
Rpa1 897 897
Gpg7 899 899
Ftt1 901 901
Zm_8 902 902
C_h7 905 905
Ehy7 908 908
Frz8 911 911
Kg_9 912 912
Psl2 915 915
A_i4 917 917
Ypl9 919 919
Vcl1 923 923
Aqe5 925 925
Dsn3 928 928
Zf_3 931 931
Fjn1 935 935
De_5 937 937
Jmj2 940 940
Q__6 942 942
Izx2 943 943
Ozq8 945 945
Mlx4 949 949
Epg2 951 951
S_f9 952 952
Z_n2 956 956
Day8 958 958
Ytc0 963 963
Hum0 966 966
Acx4 969 969
Guf6 972 972
Hwx4 973 973
V_q4 976 976
Dat6 979 979
Pfl6 983 983
Yab9 986 986
D_j8 990 990
Jyz9 993 993
Ktf0 995 995
Der0 998 998
Vtn4 1000 1000
Kzo1 1001 1001
Wyc8 1003 1003
Qyg2 1005 1005
Kpa0 1009 1009
S_v3 1012 1012
Mkq9 1017 1017
Q_n4 1020 1020
Zby3 1022 1022
Xt_6 1025 1025
Vsa0 1030 1030
Qju1 1032 1032
Tko0 1037 1037
Izw0 1041 1041
Vvw8 1045 1045
P_d1 1047 1047
R_h4 1048 1048
Iib7 1050 1050
Evv6 1054 1054
Xxh3 1057 1057
Rql1 1062 1062
Kgw9 1066 1066
V_z1 1068 1068
Sjr5 1071 1071
Bze1 1076 1076
Yzy9 1081 1081
O__1 1084 1084
Qba9 1086 1086
X_k6 1090 1090
Xpv4 1093 1093
Rem6 1095 1095
Oz_6 1097 1097
Io_7 1098 1098
Imt1 1100 1100
Nqk1 1102 1102
Xiq1 1106 1106
Ywh4 1110 1110
Cop3 1113 1113
Bbv2 1116 1116
Jvg3 1118 1118
Zhw2 1120 1120
Bjr9 1123 1123
Tpe6 1126 1126
Onk8 1128 1128
Hmz2 1131 1131
Rto7 1133 1133
Mpk3 1136 1136
Ffl0 1137 1137
Zok7 1141 1141
Eew8 1144 1144
Xpt4 1145 1145
Z_c8 1150 1150
K__7 1152 1152
Xvr6 1153 1153
Pjb5 1156 1156
Nbs6 1159 1159
Dzk9 1162 1162
Vfx3 1165 1165
Pju5 1170 1170
Wcr7 1172 1172
Rff7 1175 1175
Sp_3 1176 1176
Vcy8 1181 1181
Eur2 1182 1182
Vso9 1186 1186
Gu_8 1189 1189
U_l4 1194 1194
Crr7 1196 1196
Zxp5 1198 1198
Gfi6 1201 1201
Bcm1 1204 1204
Smn0 1208 1208
Ezj4 1212 1212
Heq3 1213 1213
Fde7 1215 1215
E_q4 1220 1220
Oay3 1223 1223
Dws4 1226 1226
Z_g5 1230 1230
Viu3 1233 1233
Unm2 1237 1237
Taw6-Plg5
G_v9-Nky9
De_5-Viu3
Hwx4-Z_g5
Trn3-Qbj1
Ot_2-Dws4
Gia3-Gvk2
Yl_5-Pgq8
Qp_1-Ex_3
Tiv4-Tm_1
Rfi2-Oki1
Jjv7-Rht6
Heq3-M__8
Ezj4-Heq3
Smn0-Ezj4
Qdr5-Smn0
Gfi6-Bcm1
Zxp5-Gfi6
Crr7-X_t4
U_l4-Crr7
Urb0-Jnv6
Gu_8-Urb0
Vcy8-Eur2
Puz2-Is_1
Tkl0-Puz2
Wvd9-Wcr7
Rfi2-Wvd9
Dtf7-Qec2
Cng2-Dtf7
Pju5-Cng2
Vfx3-Pju5
Kid6-Too6
Nq_9-Kid6
Pjb5-Nq_9
Ndu0-Pjb5
R_v0-Ndu0
Z_c8-K_d6
Aal2-G_e9
Dje1-Aal2
J_a8-Dje1
Ai_8-J_a8
Jdn5-Wsq1
Gor7-Ffl0
M_s3-J_i7
Mpk3-Afe9
Rto7-Mpk3
Tpe6-Onk8
U_l7-Tpe6
Q_i7-U_l7
Rjs3-Zhw2
Nvs3-Jvg3
Gru9-Bbv2
Ref1-G_e9
Cop3-Ref1
Io_7-Xgw0
Wcy0-Io_7
Tzf0-Oz_6
Bml4-Crp4
Hp_2-Bml4
Rem6-Inr5
Wtj5-Rem6
Adk3-Xpv4
S__9-Adk3
Pa_4-S__9
Jtn5-Pa_4
Grd9-Jtn5
Cgp2-Grd9
X_k6-Cgp2
Jdu3-G_e9
Fke2-Vuy5
Yzy9-Fke2
Bze1-Yzy9
Kon8-Kgw9
Xxh3-Rql1
Evv6-Xxh3
P_d1-R_h4
Vvw8-P_d1
Izw0-Vvw8
Ckc0-Izw0
Qju1-Tko0
Zca4-Xt_6
Szv7-Xjz1
Zby3-Szv7
Qyg2-Kpa0
Kzo1-Wyc8
Vtn4-Kzo1
Der0-Vtn4
Eum2-Der0
Jyz9-Yqf7
Xnu8-Uni4
Pfl6-Xnu8
Jlw0-V_q4
Hwx4-Uwp9
Uzi5-Hwx4
Guf6-G_e9
Acx4-Guf6
Qoi4-Tte7
Z_n2-Day8
Mlx4-Epg2
Ozq8-Mlx4
Wch3-Q__6
Jmj2-Wch3
I_c8-Fjn1
Zf_3-I_c8
Kmp8-Zf_3
Eek4-G_e9
Aqe5-Dsn3
Ypl9-Vcl1
Gof5-Ypl9
Psl2-A_i4
Kg_9-Psl2
Frz8-Kg_9
Zm_8-C_h7
Tvi7-T_v4
Gbl2-Tvi7
Gpg7-Gbl2
Rpa1-Gpg7
Yaq3-Rpa1
Kmp8-Yaq3
Fwp7-Awg1
Iq_9-Fwp7
Yrk2-Iq_9
Fmo8-Yrk2
Oev3-Ahb9
J_q8-Oev3
Xhk3-Tfd3
Gnk8-Vq_3
Ptc2-Gnk8
Rhp8-G_e9
Enw1-Gtl7
Csx0-Enw1
Ved9-Csx0
Ulk5-Ved9
Pus1-Ulk5
Tlp6-Ekh7
Ozv9-Tlp6
C_k9-Xnl1
Ujl6-C_k9
Trn3-Pyh1
Rq_0-Pen6
Yue8-Rq_0
Ker6-Yue8
Krk3-G_e9
Af_6-Krk3
Nem4-Af_6
B_z4-Nem4
T_q9-I_p3
Wte5-T_q9
Ctw0-Idg8
Rzz1-Nek2
Srx0-G_e9
Wo_7-Srx0
Www2-Hvy7
Umb9-Klr9
Sip5-Zy_3
Xji0-Sip5
A__9-Gia3
N__0-A__9
Gxd7-G_e9
Zbz5-F_s1
Roo0-Dzu7
N_g9-Roo0
Hbe6-N_g9
X_h6-Hbe6
Fjl9-X_h6
Gwh7-Jkb9
Xje7-Gwh7
Zla6-Wyy9
S_m4-Zla6
Jx_5-S_m4
Idu9-Ysa9
Kmp8-Idu9
Uly0-Bar4
Acp2-Uly0
Hcy7-Dy_3
Kei3-Hcy7
Gin9-Mpw1
Qir6-Hby7
Bry6-Qir6
Hqz8-Gmk3
Bip8-G_e9
Whm3-Euz1
Tau6-Wte1
Mk_3-Xhr7
Qf_2-Pqx2
Ckk6-Qf_2
Koh1-Yzo8
D_p6-Bxt4
Kmp8-Vx_0
Ayp9-Yl_5
Bsh5-Ayp9
V_e5-Bsh5
Cad6-X_j2
Gfr7-Cad6
Jn_9-Gfr7
Siv4-Jn_9
Wxz4-Siv4
Ivt6-Wxz4
Wha5-Ivt6
Hg_5-Wha5
Oqz1-Hg_5
C_e9-Cem1
Kwh6-Kav8
Teq3-Ki_3
Kmp8-Teq3
Ki_3-Kwh6
Kav8-Ftb0
Ftb0-B_y1
B_y1-C_e9
Cem1-Nw_2
Nw_2-Oqz1
X_j2-V_e5
Yl_5-G_e9
Vx_0-D_p6
Bxt4-Zno1
Zno1-Ji_1
Ji_1-Koh1
Yzo8-Ckk6
Pqx2-Mk_3
Xhr7-Xl_3
Xl_3-Hvn0
Hvn0-Tau6
Wte1-Qt_1
Qt_1-Whm3
Euz1-Gti8
Gti8-Bip8
Kmp8-Hqz8
Gmk3-Kvs5
Kvs5-Oky0
Oky0-Cgg4
Cgg4-Sld6
Sld6-Bry6
Hby7-Gin9
Mpw1-Hk_0
Hk_0-Kei3
Dy_3-Bpg9
Bpg9-Xx_7
Xx_7-Bdl5
Bdl5-Acp2
Bar4-G_e9
Ysa9-Jx_5
Wyy9-Imc2
Imc2-Taw6
Taw6-Xje7
Jkb9-Fjl9
Dzu7-Zbz5
F_s1-Yig1
Yig1-Qta2
Qta2-Ruu8
Ruu8-Gxd7
Kmp8-Eh_7
Eh_7-N__0
Gia3-Cic4
Cic4-Rwl2
Rwl2-Xji0
Zy_3-Olz6
Olz6-Umb9
Klr9-Wgq3
Wgq3-Www2
Hvy7-Wo_7
Kmp8-Rzz1
Nek2-Oea9
Oea9-Vtg7
Vtg7-Ous0
Ous0-Yxk8
Yxk8-Npo3
Npo3-Gjt8
Gjt8-Uoq1
Uoq1-Xpj8
Xpj8-Dgw8
Dgw8-Pii2
Pii2-Ctw0
Idg8-Wte5
I_p3-B_z4
Kmp8-Ker6
Pen6-Dmk6
Dmk6-Xyc1
Xyc1-Ovh4
Ovh4-Trn3
Pyh1-Ujl6
Xnl1-Q_v2
Q_v2-Ozv9
Ekh7-Czd9
Czd9-Pus1
Gtl7-Rhp8
Kmp8-Slj8
Slj8-Ux_5
Ux_5-Ptc2
Vq_3-Xhk3
Tfd3-Kiq6
Kiq6-Eat5
Eat5-J_q8
Ahb9-Q_e2
Q_e2-Fmo8
Awg1-G_e9
T_v4-Ftt1
Ftt1-Zm_8
C_h7-Qp_1
Qp_1-Ehy7
Ehy7-Jsf8
Jsf8-Etb7
Etb7-Frz8
A_i4-Gof5
Vcl1-Aqe5
Dsn3-Eek4
Fjn1-De_5
De_5-Jmj2
Q__6-Izx2
Izx2-Ozq8
Epg2-S_f9
S_f9-Euw3
Euw3-Z_n2
Day8-Ytc0
Ytc0-Qoi4
Tte7-Hum0
Hum0-Acx4
Kmp8-Uzi5
Uwp9-Jlw0
V_q4-Gvu0
Gvu0-I_i2
I_i2-Dat6
Dat6-Pfl6
Uni4-Yab9
Yab9-D_j8
D_j8-Jyz9
Yqf7-Ktf0
Ktf0-Eum2
Wyc8-Qyg2
Kpa0-G_e9
Kmp8-S_v3
S_v3-Nro4
Nro4-Mkq9
Mkq9-Ddo1
Ddo1-Q_n4
Q_n4-Pui6
Pui6-Zby3
Xjz1-Zca4
Xt_6-Vsa0
Vsa0-Qju1
Tko0-Ckc0
R_h4-Iib7
Iib7-I_w1
I_w1-Qub7
Qub7-Evv6
Rql1-Ot_2
Ot_2-Kon8
Kgw9-V_z1
V_z1-Sjr5
Sjr5-Bze1
Vuy5-Jdu3
Kmp8-Tiv4
Tiv4-O__1
O__1-Oii6
Oii6-Njc2
Njc2-Qba9
Qba9-Y_a5
Y_a5-X_k6
Xpv4-Mn_2
Mn_2-Xvk2
Xvk2-Wtj5
Inr5-Hp_2
Crp4-Tzf0
Oz_6-Wcy0
Xgw0-Yzp3
Yzp3-Unw3
Unw3-Imt1
Imt1-Nqk1
Nqk1-Xiq1
Xiq1-Yfx4
Yfx4-Ywh4
Ywh4-Ncm4
Ncm4-Cop3
Kmp8-G_v9
G_v9-Gru9
Bbv2-Op_9
Op_9-Ctx2
Ctx2-Nvs3
Jvg3-Rjs3
Zhw2-Usm2
Usm2-Ihb0
Ihb0-Bjr9
Bjr9-Rjw3
Rjw3-Oaf4
Oaf4-Q_i7
Onk8-Hmz2
Hmz2-Rto7
Afe9-M_s3
J_i7-Gor7
Ffl0-Zok7
Zok7-Eew8
Eew8-Xpt4
Xpt4-Jdn5
Wsq1-Ai_8
Kmp8-Z_c8
K_d6-K__7
K__7-Oai7
Oai7-Xvr6
Xvr6-R_v0
Too6-Nbs6
Nbs6-Dzk9
Dzk9-Vfx3
Qec2-Rfi2
Wcr7-Rff7
Rff7-Vfl7
Vfl7-Tkl0
Is_1-Weq2
Weq2-Sp_3
Sp_3-Vcy8
Eur2-Tpe4
Tpe4-Vso9
Vso9-Gu_8
Jnv6-U_l4
X_t4-Zxp5
Bcm1-Qdr5
M__8-Fde7
Fde7-Cwj2
Cwj2-Jjv7
Rht6-G_e9
Gfr7-E_q4
Jdn5-Cga0
Uni4-Oay3
Jn_9-Wrw2
Wsq1-Sts8
U_l4-S_t9
Sp_3-Wld8
Tfd3-W_t3
Aal2-Kti6
Xt_6-Unm2
#Here is the number of lines required: 33

L1-Ker6 L2-Uzi5 L3-Teq3 L4-Idu9 L5-Yaq3 L6-Rzz1 L7-Vx_0 L8-Zf_3 L9-Hqz8 L10-Slj8 L11-Eh_7
L1-Yue8 L12-Ker6 L2-Hwx4 L13-Uzi5 L3-Ki_3 L14-Teq3 L4-Ysa9 L15-Idu9 L5-Rpa1 L16-Yaq3 L6-Nek2 L17-Rzz1 L7-D_p6 L18-Vx_0 L8-I_c8 L19-Zf_3 L9-Gmk3 L20-Hqz8 L10-Ux_5 L21-Slj8 L11-N__0 L22-Eh_7
L1-Rq_0 L12-Yue8 L23-Ker6 L2-Uwp9 L13-Hwx4 L24-Uzi5 L3-Kwh6 L14-Ki_3 L25-Teq3 L4-Jx_5 L15-Ysa9 L26-Idu9 L5-Gpg7 L16-Rpa1 L27-Yaq3 L6-Oea9 L17-Nek2 L28-Rzz1 L7-Bxt4 L18-D_p6 L29-Vx_0 L8-Fjn1 L19-I_c8 L30-Zf_3 L9-Kvs5 L20-Gmk3 L31-Hqz8 L10-Ptc2 L21-Ux_5 L32-Slj8 L11-A__9 L22-N__0 L33-Eh_7
L1-Pen6 L12-Rq_0 L23-Yue8 L34-Ker6 L2-Jlw0 L13-Uwp9 L24-Hwx4 L35-Uzi5 L3-Kav8 L14-Kwh6 L25-Ki_3 L36-Teq3 L4-S_m4 L15-Jx_5 L26-Ysa9 L37-Idu9 L5-Gbl2 L16-Gpg7 L27-Rpa1 L38-Yaq3 L6-Vtg7 L17-Oea9 L28-Nek2 L39-Rzz1 L7-Zno1 L18-Bxt4 L29-D_p6 L40-Vx_0 L8-De_5 L19-Fjn1 L30-I_c8 L41-Zf_3 L9-Oky0 L20-Kvs5 L31-Gmk3 L42-Hqz8 L10-Gnk8 L21-Ptc2 L32-Ux_5 L43-Slj8 L11-Gia3 L22-A__9 L33-N__0 L44-Eh_7
L1-Dmk6 L12-Pen6 L23-Rq_0 L34-Yue8 L45-Ker6 L2-V_q4 L13-Jlw0 L24-Uwp9 L35-Hwx4 L46-Uzi5 L3-Ftb0 L14-Kav8 L25-Kwh6 L36-Ki_3 L47-Teq3 L4-Zla6 L15-S_m4 L26-Jx_5 L37-Ysa9 L48-Idu9 L5-Tvi7 L16-Gbl2 L27-Gpg7 L38-Rpa1 L49-Yaq3 L6-Ous0 L17-Vtg7 L28-Oea9 L39-Nek2 L50-Rzz1 L7-Ji_1 L18-Zno1 L29-Bxt4 L40-D_p6 L51-Vx_0 L8-Jmj2 L19-De_5 L30-Fjn1 L41-I_c8 L52-Zf_3 L9-Cgg4 L20-Oky0 L31-Kvs5 L42-Gmk3 L53-Hqz8 L10-Vq_3 L21-Gnk8 L32-Ptc2 L43-Ux_5 L54-Slj8 L11-Cic4 L22-Gia3 L33-A__9 L44-N__0 L55-Eh_7
L1-Xyc1 L12-Dmk6 L23-Pen6 L34-Rq_0 L45-Yue8 L56-Ker6 L2-Gvu0 L13-V_q4 L24-Jlw0 L35-Uwp9 L46-Hwx4 L57-Uzi5 L3-B_y1 L14-Ftb0 L25-Kav8 L36-Kwh6 L47-Ki_3 L58-Teq3 L4-Wyy9 L15-Zla6 L26-S_m4 L37-Jx_5 L48-Ysa9 L59-Idu9 L5-T_v4 L16-Tvi7 L27-Gbl2 L38-Gpg7 L49-Rpa1 L60-Yaq3 L6-Yxk8 L17-Ous0 L28-Vtg7 L39-Oea9 L50-Nek2 L61-Rzz1 L7-Koh1 L18-Ji_1 L29-Zno1 L40-Bxt4 L51-D_p6 L62-Vx_0 L8-Wch3 L19-Jmj2 L30-De_5 L41-Fjn1 L52-I_c8 L63-Zf_3 L9-Sld6 L20-Cgg4 L31-Oky0 L42-Kvs5 L53-Gmk3 L64-Hqz8 L10-Xhk3 L21-Vq_3 L32-Gnk8 L43-Ptc2 L54-Ux_5 L65-Slj8 L11-Rwl2 L22-Cic4 L33-Gia3 L44-A__9 L55-N__0 L66-Eh_7
L1-Ovh4 L12-Xyc1 L23-Dmk6 L34-Pen6 L45-Rq_0 L56-Yue8 L67-Ker6 L2-I_i2 L13-Gvu0 L24-V_q4 L35-Jlw0 L46-Uwp9 L57-Hwx4 L68-Uzi5 L3-C_e9 L14-B_y1 L25-Ftb0 L36-Kav8 L47-Kwh6 L58-Ki_3 L69-Teq3 L4-Imc2 L15-Wyy9 L26-Zla6 L37-S_m4 L48-Jx_5 L59-Ysa9 L70-Idu9 L5-Ftt1 L16-T_v4 L27-Tvi7 L38-Gbl2 L49-Gpg7 L60-Rpa1 L71-Yaq3 L6-Npo3 L17-Yxk8 L28-Ous0 L39-Vtg7 L50-Oea9 L61-Nek2 L72-Rzz1 L7-Yzo8 L18-Koh1 L29-Ji_1 L40-Zno1 L51-Bxt4 L62-D_p6 L73-Vx_0 L8-Q__6 L19-Wch3 L30-Jmj2 L41-De_5 L52-Fjn1 L63-I_c8 L74-Zf_3 L9-Bry6 L20-Sld6 L31-Cgg4 L42-Oky0 L53-Kvs5 L64-Gmk3 L75-Hqz8 L10-Tfd3 L21-Xhk3 L32-Vq_3 L43-Gnk8 L54-Ptc2 L65-Ux_5 L76-Slj8 L11-Xji0 L22-Rwl2 L33-Cic4 L44-Gia3 L55-A__9 L66-N__0 L77-Eh_7
L1-Trn3 L12-Ovh4 L23-Xyc1 L34-Dmk6 L45-Pen6 L56-Rq_0 L67-Yue8 L78-Ker6 L2-Dat6 L13-I_i2 L24-Gvu0 L35-V_q4 L46-Jlw0 L57-Uwp9 L68-Hwx4 L79-Uzi5 L3-Cem1 L14-C_e9 L25-B_y1 L36-Ftb0 L47-Kav8 L58-Kwh6 L69-Ki_3 L80-Teq3 L4-Taw6 L15-Imc2 L26-Wyy9 L37-Zla6 L48-S_m4 L59-Jx_5 L70-Ysa9 L81-Idu9 L5-Zm_8 L16-Ftt1 L27-T_v4 L38-Tvi7 L49-Gbl2 L60-Gpg7 L71-Rpa1 L82-Yaq3 L6-Gjt8 L17-Npo3 L28-Yxk8 L39-Ous0 L50-Vtg7 L61-Oea9 L72-Nek2 L83-Rzz1 L7-Ckk6 L18-Yzo8 L29-Koh1 L40-Ji_1 L51-Zno1 L62-Bxt4 L73-D_p6 L84-Vx_0 L8-Izx2 L19-Q__6 L30-Wch3 L41-Jmj2 L52-De_5 L63-Fjn1 L74-I_c8 L85-Zf_3 L9-Qir6 L20-Bry6 L31-Sld6 L42-Cgg4 L53-Oky0 L64-Kvs5 L75-Gmk3 L86-Hqz8 L10-Kiq6 L21-Tfd3 L32-Xhk3 L43-Vq_3 L54-Gnk8 L65-Ptc2 L76-Ux_5 L87-Slj8 L11-Sip5 L22-Xji0 L33-Rwl2 L44-Cic4 L55-Gia3 L66-A__9 L77-N__0 L88-Eh_7
L1-Pyh1 L12-Trn3 L23-Ovh4 L34-Xyc1 L45-Dmk6 L56-Pen6 L67-Rq_0 L78-Yue8 L89-Ker6 L2-Pfl6 L13-Dat6 L24-I_i2 L35-Gvu0 L46-V_q4 L57-Jlw0 L68-Uwp9 L79-Hwx4 L90-Uzi5 L3-Nw_2 L14-Cem1 L25-C_e9 L36-B_y1 L47-Ftb0 L58-Kav8 L69-Kwh6 L80-Ki_3 L91-Teq3 L4-Xje7 L15-Taw6 L26-Imc2 L37-Wyy9 L48-Zla6 L59-S_m4 L70-Jx_5 L81-Ysa9 L92-Idu9 L5-C_h7 L16-Zm_8 L27-Ftt1 L38-T_v4 L49-Tvi7 L60-Gbl2 L71-Gpg7 L82-Rpa1 L93-Yaq3 L6-Uoq1 L17-Gjt8 L28-Npo3 L39-Yxk8 L50-Ous0 L61-Vtg7 L72-Oea9 L83-Nek2 L94-Rzz1 L7-Qf_2 L18-Ckk6 L29-Yzo8 L40-Koh1 L51-Ji_1 L62-Zno1 L73-Bxt4 L84-D_p6 L95-Vx_0 L8-Ozq8 L19-Izx2 L30-Q__6 L41-Wch3 L52-Jmj2 L63-De_5 L74-Fjn1 L85-I_c8 L96-Zf_3 L9-Hby7 L20-Qir6 L31-Bry6 L42-Sld6 L53-Cgg4 L64-Oky0 L75-Kvs5 L86-Gmk3 L97-Hqz8 L10-Eat5 L21-Kiq6 L32-Tfd3 L43-Xhk3 L54-Vq_3 L65-Gnk8 L76-Ptc2 L87-Ux_5 L98-Slj8 L11-Zy_3 L22-Sip5 L33-Xji0 L44-Rwl2 L55-Cic4 L66-Gia3 L77-A__9 L88-N__0 L99-Eh_7
L1-Ujl6 L12-Pyh1 L23-Trn3 L34-Ovh4 L45-Xyc1 L56-Dmk6 L67-Pen6 L78-Rq_0 L89-Yue8 L100-Ker6 L2-Xnu8 L13-Pfl6 L24-Dat6 L35-I_i2 L46-Gvu0 L57-V_q4 L68-Jlw0 L79-Uwp9 L90-Hwx4 L101-Uzi5 L3-Oqz1 L14-Nw_2 L25-Cem1 L36-C_e9 L47-B_y1 L58-Ftb0 L69-Kav8 L80-Kwh6 L91-Ki_3 L102-Teq3 L4-Gwh7 L15-Xje7 L26-Taw6 L37-Imc2 L48-Wyy9 L59-Zla6 L70-S_m4 L81-Jx_5 L92-Ysa9 L103-Idu9 L5-Qp_1 L16-C_h7 L27-Zm_8 L38-Ftt1 L49-T_v4 L60-Tvi7 L71-Gbl2 L82-Gpg7 L93-Rpa1 L104-Yaq3 L6-Xpj8 L17-Uoq1 L28-Gjt8 L39-Npo3 L50-Yxk8 L61-Ous0 L72-Vtg7 L83-Oea9 L94-Nek2 L105-Rzz1 L7-Pqx2 L18-Qf_2 L29-Ckk6 L40-Yzo8 L51-Koh1 L62-Ji_1 L73-Zno1 L84-Bxt4 L95-D_p6 L106-Vx_0 L8-Mlx4 L19-Ozq8 L30-Izx2 L41-Q__6 L52-Wch3 L63-Jmj2 L74-De_5 L85-Fjn1 L96-I_c8 L107-Zf_3 L9-Mpw1 L20-Hby7 L31-Qir6 L42-Bry6 L53-Sld6 L64-Cgg4 L75-Oky0 L86-Kvs5 L97-Gmk3 L108-Hqz8 L10-J_q8 L21-Eat5 L32-Kiq6 L43-Tfd3 L54-Xhk3 L65-Vq_3 L76-Gnk8 L87-Ptc2 L98-Ux_5 L109-Slj8 L11-Olz6 L22-Zy_3 L33-Sip5 L44-Xji0 L55-Rwl2 L66-Cic4 L77-Gia3 L88-A__9 L99-N__0 L110-Eh_7
L1-C_k9 L12-Ujl6 L23-Pyh1 L34-Trn3 L45-Ovh4 L56-Xyc1 L67-Dmk6 L78-Pen6 L89-Rq_0 L100-Yue8 L2-Uni4 L13-Xnu8 L24-Pfl6 L35-Dat6 L46-I_i2 L57-Gvu0 L68-V_q4 L79-Jlw0 L90-Uwp9 L101-Hwx4 L111-Uzi5 L3-Hg_5 L14-Oqz1 L25-Nw_2 L36-Cem1 L47-C_e9 L58-B_y1 L69-Ftb0 L80-Kav8 L91-Kwh6 L102-Ki_3 L112-Teq3 L4-Jkb9 L15-Gwh7 L26-Xje7 L37-Taw6 L48-Imc2 L59-Wyy9 L70-Zla6 L81-S_m4 L92-Jx_5 L103-Ysa9 L113-Idu9 L5-Ehy7 L16-Qp_1 L27-C_h7 L38-Zm_8 L49-Ftt1 L60-T_v4 L71-Tvi7 L82-Gbl2 L93-Gpg7 L104-Rpa1 L114-Yaq3 L6-Dgw8 L17-Xpj8 L28-Uoq1 L39-Gjt8 L50-Npo3 L61-Yxk8 L72-Ous0 L83-Vtg7 L94-Oea9 L105-Nek2 L115-Rzz1 L7-Mk_3 L18-Pqx2 L29-Qf_2 L40-Ckk6 L51-Yzo8 L62-Koh1 L73-Ji_1 L84-Zno1 L95-Bxt4 L106-D_p6 L116-Vx_0 L8-Epg2 L19-Mlx4 L30-Ozq8 L41-Izx2 L52-Q__6 L63-Wch3 L74-Jmj2 L85-De_5 L96-Fjn1 L107-I_c8 L117-Zf_3 L9-Hk_0 L20-Mpw1 L31-Hby7 L42-Qir6 L53-Bry6 L64-Sld6 L75-Cgg4 L86-Oky0 L97-Kvs5 L108-Gmk3 L118-Hqz8 L10-Oev3 L21-J_q8 L32-Eat5 L43-Kiq6 L54-Tfd3 L65-Xhk3 L76-Vq_3 L87-Gnk8 L98-Ptc2 L109-Ux_5 L119-Slj8 L11-Umb9 L22-Olz6 L33-Zy_3 L44-Sip5 L55-Xji0 L66-Rwl2 L77-Cic4 L88-Gia3 L99-A__9 L110-N__0 L120-Eh_7
L1-Xnl1 L12-C_k9 L23-Ujl6 L34-Pyh1 L45-Trn3 L56-Ovh4 L67-Xyc1 L78-Dmk6 L89-Pen6 L100-Rq_0 L2-Yab9 L13-Uni4 L24-Xnu8 L35-Pfl6 L46-Dat6 L57-I_i2 L68-Gvu0 L79-V_q4 L90-Jlw0 L101-Uwp9 L111-Hwx4 L3-Wha5 L14-Hg_5 L25-Oqz1 L36-Nw_2 L47-Cem1 L58-C_e9 L69-B_y1 L80-Ftb0 L91-Kav8 L102-Kwh6 L112-Ki_3 L4-Fjl9 L15-Jkb9 L26-Gwh7 L37-Xje7 L48-Taw6 L59-Imc2 L70-Wyy9 L81-Zla6 L92-S_m4 L103-Jx_5 L113-Ysa9 L5-Jsf8 L16-Ehy7 L27-Qp_1 L38-C_h7 L49-Zm_8 L60-Ftt1 L71-T_v4 L82-Tvi7 L93-Gbl2 L104-Gpg7 L114-Rpa1 L6-Pii2 L17-Dgw8 L28-Xpj8 L39-Uoq1 L50-Gjt8 L61-Npo3 L72-Yxk8 L83-Ous0 L94-Vtg7 L105-Oea9 L115-Nek2 L7-Xhr7 L18-Mk_3 L29-Pqx2 L40-Qf_2 L51-Ckk6 L62-Yzo8 L73-Koh1 L84-Ji_1 L95-Zno1 L106-Bxt4 L116-D_p6 L8-S_f9 L19-Epg2 L30-Mlx4 L41-Ozq8 L52-Izx2 L63-Q__6 L74-Wch3 L85-Jmj2 L96-De_5 L107-Fjn1 L117-I_c8 L9-Kei3 L20-Hk_0 L31-Mpw1 L42-Hby7 L53-Qir6 L64-Bry6 L75-Sld6 L86-Cgg4 L97-Oky0 L108-Kvs5 L118-Gmk3 L10-Ahb9 L21-Oev3 L32-J_q8 L43-Eat5 L54-Kiq6 L65-Tfd3 L76-Xhk3 L87-Vq_3 L98-Gnk8 L109-Ptc2 L119-Ux_5 L11-Klr9 L22-Umb9 L33-Olz6 L44-Zy_3 L55-Sip5 L66-Xji0 L77-Rwl2 L88-Cic4 L99-Gia3 L110-A__9 L120-N__0
L1-Q_v2 L12-Xnl1 L23-C_k9 L34-Ujl6 L45-Pyh1 L56-Trn3 L67-Ovh4 L78-Xyc1 L89-Dmk6 L100-Pen6 L2-D_j8 L13-Yab9 L24-Uni4 L35-Xnu8 L46-Pfl6 L57-Dat6 L68-I_i2 L79-Gvu0 L90-V_q4 L101-Jlw0 L111-Uwp9 L3-Ivt6 L14-Wha5 L25-Hg_5 L36-Oqz1 L47-Nw_2 L58-Cem1 L69-C_e9 L80-B_y1 L91-Ftb0 L102-Kav8 L112-Kwh6 L4-X_h6 L15-Fjl9 L26-Jkb9 L37-Gwh7 L48-Xje7 L59-Taw6 L70-Imc2 L81-Wyy9 L92-Zla6 L103-S_m4 L113-Jx_5 L5-Etb7 L16-Jsf8 L27-Ehy7 L38-Qp_1 L49-C_h7 L60-Zm_8 L71-Ftt1 L82-T_v4 L93-Tvi7 L104-Gbl2 L114-Gpg7 L6-Ctw0 L17-Pii2 L28-Dgw8 L39-Xpj8 L50-Uoq1 L61-Gjt8 L72-Npo3 L83-Yxk8 L94-Ous0 L105-Vtg7 L115-Oea9 L7-Xl_3 L18-Xhr7 L29-Mk_3 L40-Pqx2 L51-Qf_2 L62-Ckk6 L73-Yzo8 L84-Koh1 L95-Ji_1 L106-Zno1 L116-Bxt4 L8-Euw3 L19-S_f9 L30-Epg2 L41-Mlx4 L52-Ozq8 L63-Izx2 L74-Q__6 L85-Wch3 L96-Jmj2 L107-De_5 L117-Fjn1 L9-Hcy7 L20-Kei3 L31-Hk_0 L42-Mpw1 L53-Hby7 L64-Qir6 L75-Bry6 L86-Sld6 L97-Cgg4 L108-Oky0 L118-Kvs5 L10-Q_e2 L21-Ahb9 L32-Oev3 L43-J_q8 L54-Eat5 L65-Kiq6 L76-Tfd3 L87-Xhk3 L98-Vq_3 L109-Gnk8 L119-Ptc2 L11-Wgq3 L22-Klr9 L33-Umb9 L44-Olz6 L55-Zy_3 L66-Sip5 L77-Xji0 L88-Rwl2 L99-Cic4 L110-Gia3 L120-A__9
L1-Ozv9 L12-Q_v2 L23-Xnl1 L34-C_k9 L45-Ujl6 L56-Pyh1 L67-Trn3 L78-Ovh4 L89-Xyc1 L100-Dmk6 L2-Jyz9 L13-D_j8 L24-Yab9 L35-Uni4 L46-Xnu8 L57-Pfl6 L68-Dat6 L79-I_i2 L90-Gvu0 L101-V_q4 L111-Jlw0 L3-Wxz4 L14-Ivt6 L25-Wha5 L36-Hg_5 L47-Oqz1 L58-Nw_2 L69-Cem1 L80-C_e9 L91-B_y1 L102-Ftb0 L112-Kav8 L4-Hbe6 L15-X_h6 L26-Fjl9 L37-Jkb9 L48-Gwh7 L59-Xje7 L70-Taw6 L81-Imc2 L92-Wyy9 L103-Zla6 L113-S_m4 L5-Frz8 L16-Etb7 L27-Jsf8 L38-Ehy7 L49-Qp_1 L60-C_h7 L71-Zm_8 L82-Ftt1 L93-T_v4 L104-Tvi7 L114-Gbl2 L6-Idg8 L17-Ctw0 L28-Pii2 L39-Dgw8 L50-Xpj8 L61-Uoq1 L72-Gjt8 L83-Npo3 L94-Yxk8 L105-Ous0 L115-Vtg7 L7-Hvn0 L18-Xl_3 L29-Xhr7 L40-Mk_3 L51-Pqx2 L62-Qf_2 L73-Ckk6 L84-Yzo8 L95-Koh1 L106-Ji_1 L116-Zno1 L8-Z_n2 L19-Euw3 L30-S_f9 L41-Epg2 L52-Mlx4 L63-Ozq8 L74-Izx2 L85-Q__6 L96-Wch3 L107-Jmj2 L117-De_5 L9-Dy_3 L20-Hcy7 L31-Kei3 L42-Hk_0 L53-Mpw1 L64-Hby7 L75-Qir6 L86-Bry6 L97-Sld6 L108-Cgg4 L118-Oky0 L10-Fmo8 L21-Q_e2 L32-Ahb9 L43-Oev3 L54-J_q8 L65-Eat5 L76-Kiq6 L87-Tfd3 L98-Xhk3 L109-Vq_3 L119-Gnk8 L11-Www2 L22-Wgq3 L33-Klr9 L44-Umb9 L55-Olz6 L66-Zy_3 L77-Sip5 L88-Xji0 L99-Rwl2 L110-Cic4 L120-Gia3
L1-Tlp6 L12-Ozv9 L23-Q_v2 L34-Xnl1 L45-C_k9 L56-Ujl6 L67-Pyh1 L78-Trn3 L89-Ovh4 L100-Xyc1 L2-Yqf7 L13-Jyz9 L24-D_j8 L35-Yab9 L46-Uni4 L57-Xnu8 L68-Pfl6 L79-Dat6 L90-I_i2 L101-Gvu0 L111-V_q4 L3-Siv4 L14-Wxz4 L25-Ivt6 L36-Wha5 L47-Hg_5 L58-Oqz1 L69-Nw_2 L80-Cem1 L91-C_e9 L102-B_y1 L112-Ftb0 L4-N_g9 L15-Hbe6 L26-X_h6 L37-Fjl9 L48-Jkb9 L59-Gwh7 L70-Xje7 L81-Taw6 L92-Imc2 L103-Wyy9 L113-Zla6 L5-Kg_9 L16-Frz8 L27-Etb7 L38-Jsf8 L49-Ehy7 L60-Qp_1 L71-C_h7 L82-Zm_8 L93-Ftt1 L104-T_v4 L114-Tvi7 L6-Wte5 L17-Idg8 L28-Ctw0 L39-Pii2 L50-Dgw8 L61-Xpj8 L72-Uoq1 L83-Gjt8 L94-Npo3 L105-Yxk8 L115-Ous0 L7-Tau6 L18-Hvn0 L29-Xl_3 L40-Xhr7 L51-Mk_3 L62-Pqx2 L73-Qf_2 L84-Ckk6 L95-Yzo8 L106-Koh1 L116-Ji_1 L8-Day8 L19-Z_n2 L30-Euw3 L41-S_f9 L52-Epg2 L63-Mlx4 L74-Ozq8 L85-Izx2 L96-Q__6 L107-Wch3 L117-Jmj2 L9-Bpg9 L20-Dy_3 L31-Hcy7 L42-Kei3 L53-Hk_0 L64-Mpw1 L75-Hby7 L86-Qir6 L97-Bry6 L108-Sld6 L118-Cgg4 L10-Yrk2 L21-Fmo8 L32-Q_e2 L43-Ahb9 L54-Oev3 L65-J_q8 L76-Eat5 L87-Kiq6 L98-Tfd3 L109-Xhk3 L119-Vq_3 L11-Hvy7 L22-Www2 L33-Wgq3 L44-Klr9 L55-Umb9 L66-Olz6 L77-Zy_3 L88-Sip5 L99-Xji0 L110-Rwl2 L120-Cic4
L1-Ekh7 L12-Tlp6 L23-Ozv9 L34-Q_v2 L45-Xnl1 L56-C_k9 L67-Ujl6 L78-Pyh1 L89-Trn3 L100-Ovh4 L2-Ktf0 L13-Yqf7 L24-Jyz9 L35-D_j8 L46-Yab9 L57-Uni4 L68-Xnu8 L79-Pfl6 L90-Dat6 L101-I_i2 L111-Gvu0 L3-Jn_9 L14-Siv4 L25-Wxz4 L36-Ivt6 L47-Wha5 L58-Hg_5 L69-Oqz1 L80-Nw_2 L91-Cem1 L102-C_e9 L112-B_y1 L4-Roo0 L15-N_g9 L26-Hbe6 L37-X_h6 L48-Fjl9 L59-Jkb9 L70-Gwh7 L81-Xje7 L92-Taw6 L103-Imc2 L113-Wyy9 L5-Psl2 L16-Kg_9 L27-Frz8 L38-Etb7 L49-Jsf8 L60-Ehy7 L71-Qp_1 L82-C_h7 L93-Zm_8 L104-Ftt1 L114-T_v4 L6-T_q9 L17-Wte5 L28-Idg8 L39-Ctw0 L50-Pii2 L61-Dgw8 L72-Xpj8 L83-Uoq1 L94-Gjt8 L105-Npo3 L115-Yxk8 L7-Wte1 L18-Tau6 L29-Hvn0 L40-Xl_3 L51-Xhr7 L62-Mk_3 L73-Pqx2 L84-Qf_2 L95-Ckk6 L106-Yzo8 L116-Koh1 L8-Ytc0 L19-Day8 L30-Z_n2 L41-Euw3 L52-S_f9 L63-Epg2 L74-Mlx4 L85-Ozq8 L96-Izx2 L107-Q__6 L117-Wch3 L9-Xx_7 L20-Bpg9 L31-Dy_3 L42-Hcy7 L53-Kei3 L64-Hk_0 L75-Mpw1 L86-Hby7 L97-Qir6 L108-Bry6 L118-Sld6 L10-Iq_9 L21-Yrk2 L32-Fmo8 L43-Q_e2 L54-Ahb9 L65-Oev3 L76-J_q8 L87-Eat5 L98-Kiq6 L109-Tfd3 L119-Xhk3 L11-Wo_7 L22-Hvy7 L33-Www2 L44-Wgq3 L55-Klr9 L66-Umb9 L77-Olz6 L88-Zy_3 L99-Sip5 L110-Xji0 L120-Rwl2
L1-Czd9 L12-Ekh7 L23-Tlp6 L34-Ozv9 L45-Q_v2 L56-Xnl1 L67-C_k9 L78-Ujl6 L89-Pyh1 L100-Trn3 L2-Eum2 L13-Ktf0 L24-Yqf7 L35-Jyz9 L46-D_j8 L57-Yab9 L68-Uni4 L79-Xnu8 L90-Pfl6 L101-Dat6 L111-I_i2 L3-Gfr7 L14-Jn_9 L25-Siv4 L36-Wxz4 L47-Ivt6 L58-Wha5 L69-Hg_5 L80-Oqz1 L91-Nw_2 L102-Cem1 L112-C_e9 L4-Dzu7 L15-Roo0 L26-N_g9 L37-Hbe6 L48-X_h6 L59-Fjl9 L70-Jkb9 L81-Gwh7 L92-Xje7 L103-Taw6 L113-Imc2 L5-A_i4 L16-Psl2 L27-Kg_9 L38-Frz8 L49-Etb7 L60-Jsf8 L71-Ehy7 L82-Qp_1 L93-C_h7 L104-Zm_8 L114-Ftt1 L6-I_p3 L17-T_q9 L28-Wte5 L39-Idg8 L50-Ctw0 L61-Pii2 L72-Dgw8 L83-Xpj8 L94-Uoq1 L105-Gjt8 L115-Npo3 L7-Qt_1 L18-Wte1 L29-Tau6 L40-Hvn0 L51-Xl_3 L62-Xhr7 L73-Mk_3 L84-Pqx2 L95-Qf_2 L106-Ckk6 L116-Yzo8 L8-Qoi4 L19-Ytc0 L30-Day8 L41-Z_n2 L52-Euw3 L63-S_f9 L74-Epg2 L85-Mlx4 L96-Ozq8 L107-Izx2 L117-Q__6 L9-Bdl5 L20-Xx_7 L31-Bpg9 L42-Dy_3 L53-Hcy7 L64-Kei3 L75-Hk_0 L86-Mpw1 L97-Hby7 L108-Qir6 L118-Bry6 L10-Fwp7 L21-Iq_9 L32-Yrk2 L43-Fmo8 L54-Q_e2 L65-Ahb9 L76-Oev3 L87-J_q8 L98-Eat5 L109-Kiq6 L119-Tfd3 L11-Srx0 L22-Wo_7 L33-Hvy7 L44-Www2 L55-Wgq3 L66-Klr9 L77-Umb9 L88-Olz6 L99-Zy_3 L110-Sip5 L120-Xji0
L1-Pus1 L12-Czd9 L23-Ekh7 L34-Tlp6 L45-Ozv9 L56-Q_v2 L67-Xnl1 L78-C_k9 L89-Ujl6 L100-Pyh1 L2-Der0 L13-Eum2 L24-Ktf0 L35-Yqf7 L46-Jyz9 L57-D_j8 L68-Yab9 L79-Uni4 L90-Xnu8 L101-Pfl6 L111-Dat6 L3-Cad6 L14-Gfr7 L25-Jn_9 L36-Siv4 L47-Wxz4 L58-Ivt6 L69-Wha5 L80-Hg_5 L91-Oqz1 L102-Nw_2 L112-Cem1 L4-Zbz5 L15-Dzu7 L26-Roo0 L37-N_g9 L48-Hbe6 L59-X_h6 L70-Fjl9 L81-Jkb9 L92-Gwh7 L103-Xje7 L113-Taw6 L5-Gof5 L16-A_i4 L27-Psl2 L38-Kg_9 L49-Frz8 L60-Etb7 L71-Jsf8 L82-Ehy7 L93-Qp_1 L104-C_h7 L114-Zm_8 L6-B_z4 L17-I_p3 L28-T_q9 L39-Wte5 L50-Idg8 L61-Ctw0 L72-Pii2 L83-Dgw8 L94-Xpj8 L105-Uoq1 L115-Gjt8 L7-Whm3 L18-Qt_1 L29-Wte1 L40-Tau6 L51-Hvn0 L62-Xl_3 L73-Xhr7 L84-Mk_3 L95-Pqx2 L106-Qf_2 L116-Ckk6 L8-Tte7 L19-Qoi4 L30-Ytc0 L41-Day8 L52-Z_n2 L63-Euw3 L74-S_f9 L85-Epg2 L96-Mlx4 L107-Ozq8 L117-Izx2 L9-Acp2 L20-Bdl5 L31-Xx_7 L42-Bpg9 L53-Dy_3 L64-Hcy7 L75-Kei3 L86-Hk_0 L97-Mpw1 L108-Hby7 L118-Qir6 L10-Awg1 L21-Fwp7 L32-Iq_9 L43-Yrk2 L54-Fmo8 L65-Q_e2 L76-Ahb9 L87-Oev3 L98-J_q8 L109-Eat5 L119-Kiq6 L11-G_e9 L22-Srx0 L33-Wo_7 L44-Hvy7 L55-Www2 L66-Wgq3 L77-Klr9 L88-Umb9 L99-Olz6 L110-Zy_3 L120-Sip5
L1-Ulk5 L12-Pus1 L23-Czd9 L34-Ekh7 L45-Tlp6 L56-Ozv9 L67-Q_v2 L78-Xnl1 L89-C_k9 L100-Ujl6 L2-Vtn4 L13-Der0 L24-Eum2 L35-Ktf0 L46-Yqf7 L57-Jyz9 L68-D_j8 L79-Yab9 L90-Uni4 L101-Xnu8 L111-Pfl6 L3-X_j2 L14-Cad6 L25-Gfr7 L36-Jn_9 L47-Siv4 L58-Wxz4 L69-Ivt6 L80-Wha5 L91-Hg_5 L102-Oqz1 L112-Nw_2 L4-F_s1 L15-Zbz5 L26-Dzu7 L37-Roo0 L48-N_g9 L59-Hbe6 L70-X_h6 L81-Fjl9 L92-Jkb9 L103-Gwh7 L113-Xje7 L5-Ypl9 L16-Gof5 L27-A_i4 L38-Psl2 L49-Kg_9 L60-Frz8 L71-Etb7 L82-Jsf8 L93-Ehy7 L104-Qp_1 L114-C_h7 L6-Nem4 L17-B_z4 L28-I_p3 L39-T_q9 L50-Wte5 L61-Idg8 L72-Ctw0 L83-Pii2 L94-Dgw8 L105-Xpj8 L115-Uoq1 L7-Euz1 L18-Whm3 L29-Qt_1 L40-Wte1 L51-Tau6 L62-Hvn0 L73-Xl_3 L84-Xhr7 L95-Mk_3 L106-Pqx2 L116-Qf_2 L8-Hum0 L19-Tte7 L30-Qoi4 L41-Ytc0 L52-Day8 L63-Z_n2 L74-Euw3 L85-S_f9 L96-Epg2 L107-Mlx4 L117-Ozq8 L9-Uly0 L20-Acp2 L31-Bdl5 L42-Xx_7 L53-Bpg9 L64-Dy_3 L75-Hcy7 L86-Kei3 L97-Hk_0 L108-Mpw1 L118-Hby7 L10-G_e9 L21-Awg1 L32-Fwp7 L43-Iq_9 L54-Yrk2 L65-Fmo8 L76-Q_e2 L87-Ahb9 L98-Oev3 L109-J_q8 L119-Eat5 L22-G_e9 L33-Srx0 L44-Wo_7 L55-Hvy7 L66-Www2 L77-Wgq3 L88-Klr9 L99-Umb9 L110-Olz6 L120-Zy_3
L1-Ved9 L12-Ulk5 L23-Pus1 L34-Czd9 L45-Ekh7 L56-Tlp6 L67-Ozv9 L78-Q_v2 L89-Xnl1 L100-C_k9 L2-Kzo1 L13-Vtn4 L24-Der0 L35-Eum2 L46-Ktf0 L57-Yqf7 L68-Jyz9 L79-D_j8 L90-Yab9 L101-Uni4 L111-Xnu8 L3-V_e5 L14-X_j2 L25-Cad6 L36-Gfr7 L47-Jn_9 L58-Siv4 L69-Wxz4 L80-Ivt6 L91-Wha5 L102-Hg_5 L112-Oqz1 L4-Yig1 L15-F_s1 L26-Zbz5 L37-Dzu7 L48-Roo0 L59-N_g9 L70-Hbe6 L81-X_h6 L92-Fjl9 L103-Jkb9 L113-Gwh7 L5-Vcl1 L16-Ypl9 L27-Gof5 L38-A_i4 L49-Psl2 L60-Kg_9 L71-Frz8 L82-Etb7 L93-Jsf8 L104-Ehy7 L114-Qp_1 L6-Af_6 L17-Nem4 L28-B_z4 L39-I_p3 L50-T_q9 L61-Wte5 L72-Idg8 L83-Ctw0 L94-Pii2 L105-Dgw8 L115-Xpj8 L7-Gti8 L18-Euz1 L29-Whm3 L40-Qt_1 L51-Wte1 L62-Tau6 L73-Hvn0 L84-Xl_3 L95-Xhr7 L106-Mk_3 L116-Pqx2 L8-Acx4 L19-Hum0 L30-Tte7 L41-Qoi4 L52-Ytc0 L63-Day8 L74-Z_n2 L85-Euw3 L96-S_f9 L107-Epg2 L117-Mlx4 L9-Bar4 L20-Uly0 L31-Acp2 L42-Bdl5 L53-Xx_7 L64-Bpg9 L75-Dy_3 L86-Hcy7 L97-Kei3 L108-Hk_0 L118-Mpw1 L21-G_e9 L32-Awg1 L43-Fwp7 L54-Iq_9 L65-Yrk2 L76-Fmo8 L87-Q_e2 L98-Ahb9 L109-Oev3 L119-J_q8 L33-G_e9 L44-Srx0 L55-Wo_7 L66-Hvy7 L77-Www2 L88-Wgq3 L99-Klr9 L110-Umb9 L120-Olz6
L1-Csx0 L12-Ved9 L23-Ulk5 L34-Pus1 L45-Czd9 L56-Ekh7 L67-Tlp6 L78-Ozv9 L89-Q_v2 L100-Xnl1 L2-Wyc8 L13-Kzo1 L24-Vtn4 L35-Der0 L46-Eum2 L57-Ktf0 L68-Yqf7 L79-Jyz9 L90-D_j8 L101-Yab9 L111-Uni4 L3-Bsh5 L14-V_e5 L25-X_j2 L36-Cad6 L47-Gfr7 L58-Jn_9 L69-Siv4 L80-Wxz4 L91-Ivt6 L102-Wha5 L112-Hg_5 L4-Qta2 L15-Yig1 L26-F_s1 L37-Zbz5 L48-Dzu7 L59-Roo0 L70-N_g9 L81-Hbe6 L92-X_h6 L103-Fjl9 L113-Jkb9 L5-Aqe5 L16-Vcl1 L27-Ypl9 L38-Gof5 L49-A_i4 L60-Psl2 L71-Kg_9 L82-Frz8 L93-Etb7 L104-Jsf8 L114-Ehy7 L6-Krk3 L17-Af_6 L28-Nem4 L39-B_z4 L50-I_p3 L61-T_q9 L72-Wte5 L83-Idg8 L94-Ctw0 L105-Pii2 L115-Dgw8 L7-Bip8 L18-Gti8 L29-Euz1 L40-Whm3 L51-Qt_1 L62-Wte1 L73-Tau6 L84-Hvn0 L95-Xl_3 L106-Xhr7 L116-Mk_3 L8-Guf6 L19-Acx4 L30-Hum0 L41-Tte7 L52-Qoi4 L63-Ytc0 L74-Day8 L85-Z_n2 L96-Euw3 L107-S_f9 L117-Epg2 L9-G_e9 L20-Bar4 L31-Uly0 L42-Acp2 L53-Bdl5 L64-Xx_7 L75-Bpg9 L86-Dy_3 L97-Hcy7 L108-Kei3 L118-Hk_0 L32-G_e9 L43-Awg1 L54-Fwp7 L65-Iq_9 L76-Yrk2 L87-Fmo8 L98-Q_e2 L109-Ahb9 L119-Oev3 L44-G_e9 L55-Srx0 L66-Wo_7 L77-Hvy7 L88-Www2 L99-Wgq3 L110-Klr9 L120-Umb9
L1-Enw1 L12-Csx0 L23-Ved9 L34-Ulk5 L45-Pus1 L56-Czd9 L67-Ekh7 L78-Tlp6 L89-Ozv9 L100-Q_v2 L2-Qyg2 L13-Wyc8 L24-Kzo1 L35-Vtn4 L46-Der0 L57-Eum2 L68-Ktf0 L79-Yqf7 L90-Jyz9 L101-D_j8 L111-Yab9 L3-Ayp9 L14-Bsh5 L25-V_e5 L36-X_j2 L47-Cad6 L58-Gfr7 L69-Jn_9 L80-Siv4 L91-Wxz4 L102-Ivt6 L112-Wha5 L4-Ruu8 L15-Qta2 L26-Yig1 L37-F_s1 L48-Zbz5 L59-Dzu7 L70-Roo0 L81-N_g9 L92-Hbe6 L103-X_h6 L113-Fjl9 L5-Dsn3 L16-Aqe5 L27-Vcl1 L38-Ypl9 L49-Gof5 L60-A_i4 L71-Psl2 L82-Kg_9 L93-Frz8 L104-Etb7 L114-Jsf8 L6-G_e9 L17-Krk3 L28-Af_6 L39-Nem4 L50-B_z4 L61-I_p3 L72-T_q9 L83-Wte5 L94-Idg8 L105-Ctw0 L115-Pii2 L7-G_e9 L18-Bip8 L29-Gti8 L40-Euz1 L51-Whm3 L62-Qt_1 L73-Wte1 L84-Tau6 L95-Hvn0 L106-Xl_3 L116-Xhr7 L8-G_e9 L19-Guf6 L30-Acx4 L41-Hum0 L52-Tte7 L63-Qoi4 L74-Ytc0 L85-Day8 L96-Z_n2 L107-Euw3 L117-S_f9 L20-G_e9 L31-Bar4 L42-Uly0 L53-Acp2 L64-Bdl5 L75-Xx_7 L86-Bpg9 L97-Dy_3 L108-Hcy7 L118-Kei3 L43-G_e9 L54-Awg1 L65-Fwp7 L76-Iq_9 L87-Yrk2 L98-Fmo8 L109-Q_e2 L119-Ahb9 L55-G_e9 L66-Srx0 L77-Wo_7 L88-Hvy7 L99-Www2 L110-Wgq3 L120-Klr9
L1-Gtl7 L12-Enw1 L23-Csx0 L34-Ved9 L45-Ulk5 L56-Pus1 L67-Czd9 L78-Ekh7 L89-Tlp6 L100-Ozv9 L2-Kpa0 L13-Qyg2 L24-Wyc8 L35-Kzo1 L46-Vtn4 L57-Der0 L68-Eum2 L79-Ktf0 L90-Yqf7 L101-Jyz9 L111-D_j8 L3-Yl_5 L14-Ayp9 L25-Bsh5 L36-V_e5 L47-X_j2 L58-Cad6 L69-Gfr7 L80-Jn_9 L91-Siv4 L102-Wxz4 L112-Ivt6 L4-Gxd7 L15-Ruu8 L26-Qta2 L37-Yig1 L48-F_s1 L59-Zbz5 L70-Dzu7 L81-Roo0 L92-N_g9 L103-Hbe6 L113-X_h6 L5-Eek4 L16-Dsn3 L27-Aqe5 L38-Vcl1 L49-Ypl9 L60-Gof5 L71-A_i4 L82-Psl2 L93-Kg_9 L104-Frz8 L114-Etb7 L17-G_e9 L28-Krk3 L39-Af_6 L50-Nem4 L61-B_z4 L72-I_p3 L83-T_q9 L94-Wte5 L105-Idg8 L115-Ctw0 L18-G_e9 L29-Bip8 L40-Gti8 L51-Euz1 L62-Whm3 L73-Qt_1 L84-Wte1 L95-Tau6 L106-Hvn0 L116-Xl_3 L19-G_e9 L30-Guf6 L41-Acx4 L52-Hum0 L63-Tte7 L74-Qoi4 L85-Ytc0 L96-Day8 L107-Z_n2 L117-Euw3 L31-G_e9 L42-Bar4 L53-Uly0 L64-Acp2 L75-Bdl5 L86-Xx_7 L97-Bpg9 L108-Dy_3 L118-Hcy7 L54-G_e9 L65-Awg1 L76-Fwp7 L87-Iq_9 L98-Yrk2 L109-Fmo8 L119-Q_e2 L66-G_e9 L77-Srx0 L88-Wo_7 L99-Hvy7 L110-Www2 L120-Wgq3
L1-Rhp8 L12-Gtl7 L23-Enw1 L34-Csx0 L45-Ved9 L56-Ulk5 L67-Pus1 L78-Czd9 L89-Ekh7 L100-Tlp6 L2-G_e9 L13-Kpa0 L24-Qyg2 L35-Wyc8 L46-Kzo1 L57-Vtn4 L68-Der0 L79-Eum2 L90-Ktf0 L101-Yqf7 L111-Jyz9 L3-G_e9 L14-Yl_5 L25-Ayp9 L36-Bsh5 L47-V_e5 L58-X_j2 L69-Cad6 L80-Gfr7 L91-Jn_9 L102-Siv4 L112-Wxz4 L4-G_e9 L15-Gxd7 L26-Ruu8 L37-Qta2 L48-Yig1 L59-F_s1 L70-Zbz5 L81-Dzu7 L92-Roo0 L103-N_g9 L113-Hbe6 L5-G_e9 L16-Eek4 L27-Dsn3 L38-Aqe5 L49-Vcl1 L60-Ypl9 L71-Gof5 L82-A_i4 L93-Psl2 L104-Kg_9 L114-Frz8 L28-G_e9 L39-Krk3 L50-Af_6 L61-Nem4 L72-B_z4 L83-I_p3 L94-T_q9 L105-Wte5 L115-Idg8 L29-G_e9 L40-Bip8 L51-Gti8 L62-Euz1 L73-Whm3 L84-Qt_1 L95-Wte1 L106-Tau6 L116-Hvn0 L30-G_e9 L41-Guf6 L52-Acx4 L63-Hum0 L74-Tte7 L85-Qoi4 L96-Ytc0 L107-Day8 L117-Z_n2 L42-G_e9 L53-Bar4 L64-Uly0 L75-Acp2 L86-Bdl5 L97-Xx_7 L108-Bpg9 L118-Dy_3 L65-G_e9 L76-Awg1 L87-Fwp7 L98-Iq_9 L109-Yrk2 L119-Fmo8 L77-G_e9 L88-Srx0 L99-Wo_7 L110-Hvy7 L120-Www2
L1-G_e9 L12-Rhp8 L23-Gtl7 L34-Enw1 L45-Csx0 L56-Ved9 L67-Ulk5 L78-Pus1 L89-Czd9 L100-Ekh7 L13-G_e9 L24-Kpa0 L35-Qyg2 L46-Wyc8 L57-Kzo1 L68-Vtn4 L79-Der0 L90-Eum2 L101-Ktf0 L111-Yqf7 L14-G_e9 L25-Yl_5 L36-Ayp9 L47-Bsh5 L58-V_e5 L69-X_j2 L80-Cad6 L91-Gfr7 L102-Jn_9 L112-Siv4 L15-G_e9 L26-Gxd7 L37-Ruu8 L48-Qta2 L59-Yig1 L70-F_s1 L81-Zbz5 L92-Dzu7 L103-Roo0 L113-N_g9 L16-G_e9 L27-Eek4 L38-Dsn3 L49-Aqe5 L60-Vcl1 L71-Ypl9 L82-Gof5 L93-A_i4 L104-Psl2 L114-Kg_9 L39-G_e9 L50-Krk3 L61-Af_6 L72-Nem4 L83-B_z4 L94-I_p3 L105-T_q9 L115-Wte5 L40-G_e9 L51-Bip8 L62-Gti8 L73-Euz1 L84-Whm3 L95-Qt_1 L106-Wte1 L116-Tau6 L41-G_e9 L52-Guf6 L63-Acx4 L74-Hum0 L85-Tte7 L96-Qoi4 L107-Ytc0 L117-Day8 L53-G_e9 L64-Bar4 L75-Uly0 L86-Acp2 L97-Bdl5 L108-Xx_7 L118-Bpg9 L76-G_e9 L87-Awg1 L98-Fwp7 L109-Iq_9 L119-Yrk2 L88-G_e9 L99-Srx0 L110-Wo_7 L120-Hvy7
L12-G_e9 L23-Rhp8 L34-Gtl7 L45-Enw1 L56-Csx0 L67-Ved9 L78-Ulk5 L89-Pus1 L100-Czd9 L24-G_e9 L35-Kpa0 L46-Qyg2 L57-Wyc8 L68-Kzo1 L79-Vtn4 L90-Der0 L101-Eum2 L111-Ktf0 L25-G_e9 L36-Yl_5 L47-Ayp9 L58-Bsh5 L69-V_e5 L80-X_j2 L91-Cad6 L102-Gfr7 L112-Jn_9 L26-G_e9 L37-Gxd7 L48-Ruu8 L59-Qta2 L70-Yig1 L81-F_s1 L92-Zbz5 L103-Dzu7 L113-Roo0 L27-G_e9 L38-Eek4 L49-Dsn3 L60-Aqe5 L71-Vcl1 L82-Ypl9 L93-Gof5 L104-A_i4 L114-Psl2 L50-G_e9 L61-Krk3 L72-Af_6 L83-Nem4 L94-B_z4 L105-I_p3 L115-T_q9 L51-G_e9 L62-Bip8 L73-Gti8 L84-Euz1 L95-Whm3 L106-Qt_1 L116-Wte1 L52-G_e9 L63-Guf6 L74-Acx4 L85-Hum0 L96-Tte7 L107-Qoi4 L117-Ytc0 L64-G_e9 L75-Bar4 L86-Uly0 L97-Acp2 L108-Bdl5 L118-Xx_7 L87-G_e9 L98-Awg1 L109-Fwp7 L119-Iq_9 L99-G_e9 L110-Srx0 L120-Wo_7
L23-G_e9 L34-Rhp8 L45-Gtl7 L56-Enw1 L67-Csx0 L78-Ved9 L89-Ulk5 L100-Pus1 L35-G_e9 L46-Kpa0 L57-Qyg2 L68-Wyc8 L79-Kzo1 L90-Vtn4 L101-Der0 L111-Eum2 L36-G_e9 L47-Yl_5 L58-Ayp9 L69-Bsh5 L80-V_e5 L91-X_j2 L102-Cad6 L112-Gfr7 L37-G_e9 L48-Gxd7 L59-Ruu8 L70-Qta2 L81-Yig1 L92-F_s1 L103-Zbz5 L113-Dzu7 L38-G_e9 L49-Eek4 L60-Dsn3 L71-Aqe5 L82-Vcl1 L93-Ypl9 L104-Gof5 L114-A_i4 L61-G_e9 L72-Krk3 L83-Af_6 L94-Nem4 L105-B_z4 L115-I_p3 L62-G_e9 L73-Bip8 L84-Gti8 L95-Euz1 L106-Whm3 L116-Qt_1 L63-G_e9 L74-Guf6 L85-Acx4 L96-Hum0 L107-Tte7 L117-Qoi4 L75-G_e9 L86-Bar4 L97-Uly0 L108-Acp2 L118-Bdl5 L98-G_e9 L109-Awg1 L119-Fwp7 L110-G_e9 L120-Srx0
L34-G_e9 L45-Rhp8 L56-Gtl7 L67-Enw1 L78-Csx0 L89-Ved9 L100-Ulk5 L46-G_e9 L57-Kpa0 L68-Qyg2 L79-Wyc8 L90-Kzo1 L101-Vtn4 L111-Der0 L47-G_e9 L58-Yl_5 L69-Ayp9 L80-Bsh5 L91-V_e5 L102-X_j2 L112-Cad6 L48-G_e9 L59-Gxd7 L70-Ruu8 L81-Qta2 L92-Yig1 L103-F_s1 L113-Zbz5 L49-G_e9 L60-Eek4 L71-Dsn3 L82-Aqe5 L93-Vcl1 L104-Ypl9 L114-Gof5 L72-G_e9 L83-Krk3 L94-Af_6 L105-Nem4 L115-B_z4 L73-G_e9 L84-Bip8 L95-Gti8 L106-Euz1 L116-Whm3 L74-G_e9 L85-Guf6 L96-Acx4 L107-Hum0 L117-Tte7 L86-G_e9 L97-Bar4 L108-Uly0 L118-Acp2 L109-G_e9 L119-Awg1 L120-G_e9
L45-G_e9 L56-Rhp8 L67-Gtl7 L78-Enw1 L89-Csx0 L100-Ved9 L57-G_e9 L68-Kpa0 L79-Qyg2 L90-Wyc8 L101-Kzo1 L111-Vtn4 L58-G_e9 L69-Yl_5 L80-Ayp9 L91-Bsh5 L102-V_e5 L112-X_j2 L59-G_e9 L70-Gxd7 L81-Ruu8 L92-Qta2 L103-Yig1 L113-F_s1 L60-G_e9 L71-Eek4 L82-Dsn3 L93-Aqe5 L104-Vcl1 L114-Ypl9 L83-G_e9 L94-Krk3 L105-Af_6 L115-Nem4 L84-G_e9 L95-Bip8 L106-Gti8 L116-Euz1 L85-G_e9 L96-Guf6 L107-Acx4 L117-Hum0 L97-G_e9 L108-Bar4 L118-Uly0 L119-G_e9
L56-G_e9 L67-Rhp8 L78-Gtl7 L89-Enw1 L100-Csx0 L68-G_e9 L79-Kpa0 L90-Qyg2 L101-Wyc8 L111-Kzo1 L69-G_e9 L80-Yl_5 L91-Ayp9 L102-Bsh5 L112-V_e5 L70-G_e9 L81-Gxd7 L92-Ruu8 L103-Qta2 L113-Yig1 L71-G_e9 L82-Eek4 L93-Dsn3 L104-Aqe5 L114-Vcl1 L94-G_e9 L105-Krk3 L115-Af_6 L95-G_e9 L106-Bip8 L116-Gti8 L96-G_e9 L107-Guf6 L117-Acx4 L108-G_e9 L118-Bar4
L67-G_e9 L78-Rhp8 L89-Gtl7 L100-Enw1 L79-G_e9 L90-Kpa0 L101-Qyg2 L111-Wyc8 L80-G_e9 L91-Yl_5 L102-Ayp9 L112-Bsh5 L81-G_e9 L92-Gxd7 L103-Ruu8 L113-Qta2 L82-G_e9 L93-Eek4 L104-Dsn3 L114-Aqe5 L105-G_e9 L115-Krk3 L106-G_e9 L116-Bip8 L107-G_e9 L117-Guf6 L118-G_e9
L78-G_e9 L89-Rhp8 L100-Gtl7 L90-G_e9 L101-Kpa0 L111-Qyg2 L91-G_e9 L102-Yl_5 L112-Ayp9 L92-G_e9 L103-Gxd7 L113-Ruu8 L93-G_e9 L104-Eek4 L114-Dsn3 L115-G_e9 L116-G_e9 L117-G_e9
L89-G_e9 L100-Rhp8 L101-G_e9 L111-Kpa0 L102-G_e9 L112-Yl_5 L103-G_e9 L113-Gxd7 L104-G_e9 L114-Eek4
L100-G_e9 L111-G_e9 L112-G_e9 L113-G_e9 L114-G_e9
