87
#Here is the number of lines required: 28
##start
Iap8 2 2
##end
D_d9 5 5
Yn_6 7 7
Bfp2 10 10
Vlb1 15 15
Php5 20 20
Pvx1 23 23
Xap0 26 26
Mdx8 27 27
Meq4 31 31
Fz_3 34 34
S_m5 38 38
Av_8 39 39
Vvx2 44 44
Fxh3 49 49
Haj7 53 53
Tyc3 57 57
Uhh8 59 59
Jev4 63 63
Omo2 66 66
V_g4 71 71
Aoq0 74 74
Flm5 79 79
Rso9 84 84
Utz3 89 89
Vlx1 91 91
Ivq8 93 93
Mnm8 96 96
Rvz0 98 98
Axo3 100 100
Ark1 103 103
Eqb6 106 106
Hiv2 111 111
Mol4 113 113
Fzp5 115 115
Xtb9 119 119
Csi8 120 120
Ejz4 124 124
P_h8 126 126
Zyb5 130 130
Npt5 134 134
Ikb7 138 138
Pwx0 141 141
Mot9 144 144
Aww0 146 146
Tgj0 149 149
Tjl4 151 151
Tek8 155 155
Deh1 157 157
Jhb4 160 160
Ycj4 163 163
Jv_0 167 167
Tba6 169 169
Hzh5 171 171
Vv_9 175 175
Rpi4 179 179
Poq3 182 182
Obu2 183 183
Uem1 185 185
Hoq8 189 189
Ife7 192 192
Owe3 195 195
Z_q2 198 198
Rlj2 199 199
Auj3 202 202
S_f7 206 206
Tuk4 209 209
Ycr0 212 212
Sfq2 215 215
Qux8 219 219
Ama1 221 221
Hun8 223 223
Gvp1 228 228
Adt8 231 231
Ybm1 234 234
F__6 238 238
Edl3 243 243
Zxf5 246 246
Pwu1 247 247
Izo2 251 251
Veq4 255 255
Olc8 256 256
Pvq5 259 259
Iuf5 262 262
Vyp3 263 263
Tvm9 264 264
Jeu7 267 267
T__5 270 270
C_a8 272 272
End4 275 275
Tgg9 279 279
Bqh3 283 283
Mcw0 286 286
Xwm4 288 288
Evs2 291 291
Uax6 294 294
Gfy6 297 297
Xsh9 301 301
P_t1 304 304
Wnr0 307 307
Hvg6 309 309
Ryr2 311 311
Goa1 314 314
Ggt0 317 317
Xqm7 319 319
Mam2 320 320
P_t0 323 323
Mwv3 325 325
Xle1 328 328
Cbw5 330 330
Dwj2 335 335
Gcd8 336 336
Eik8 339 339
Xgs8 343 343
Sws6 346 346
Bk_2 348 348
B_j7 350 350
Joc5 354 354
Hvc9 357 357
Tid0 360 360
Hys5 363 363
Skf5 367 367
Gjk8 369 369
Bwy3 372 372
Jx_0 375 375
Hhv0 378 378
Ptl6 381 381
Dju0 384 384
Nxs6 385 385
Btk7 390 390
Tmk1 394 394
Kpj5 395 395
Uq_8 397 397
C_u1 401 401
Fwo2 403 403
Q_t3 407 407
Grh6 411 411
Fyl4 412 412
Xao3 415 415
Vom7 417 417
Xyx7 420 420
Juh4 423 423
Rbw6 425 425
Mom6 430 430
Wmy2 433 433
Qwr4 436 436
Jpa4 440 440
Ejm4 441 441
Azl2 445 445
Rsa4 450 450
Bcz6 454 454
Wuk7 455 455
Xyr0 460 460
Sfh6 462 462
Ujl0 467 467
Jyd7 471 471
Onk7 476 476
Pgp9 481 481
Ksj0 482 482
Hnz6 484 484
Ryl4 486 486
Vbb6 489 489
Hsr9 493 493
Iwf8 497 497
N_s4 504 504
Ayc7 506 506
Qja9 509 509
Jxl8 511 511
Nqn4 514 514
F_d3 517 517
Vuq1 521 521
Kpp5 526 526
Hxd4 528 528
Xiz5 530 530
Npu4 533 533
Zaa2 534 534
Puk0 536 536
Xwl2 539 539
Qdk6 543 543
M_c5 545 545
Yb_6 548 548
Ivk2 552 552
Zrk0 554 554
Tim3 558 558
Ngv4 560 560
Efc6 563 563
Ujf4 567 567
Toj0 572 572
Fpc0 577 577
Znb3 578 578
Gfh5 581 581
Htz0 584 584
Dak5 589 589
Acs9 592 592
Psl2 595 595
Chb1 600 600
Nbh3 603 603
Zsf8 607 607
Fpl4 611 611
Bqt6 614 614
Ckn3 617 617
Y_j3 620 620
Aas7 624 624
Wo_5 626 626
Ato0 628 628
Vrd7 633 633
Tbp7 636 636
G_b8 640 640
Pju1 642 642
Yef8 644 644
Djv5 646 646
Ezl9 649 649
Fav4 653 653
Ygu0 656 656
Kjn8 659 659
Rqy5 664 664
Xts3 666 666
Idu1 667 667
Qvt1 670 670
Mra5 671 671
Qop7 675 675
Tc_3 678 678
Mg_3 681 681
Wvg7 686 686
Jpd6 689 689
Yna6 694 694
Nka2 697 697
Y__8 700 700
Xhh4 701 701
Dsm0 703 703
Eh_0 706 706
Hov0 707 707
Jdp0 711 711
Xbu2 714 714
Ib_4 716 716
Jql9 720 720
Kqy8 723 723
B_k1 726 726
Xas3 728 728
Zwk3 731 731
D_e2 736 736
Ixs2 738 738
Q_i0 742 742
Izm1 743 743
Ven2 745 745
Fij6 749 749
Ydj4 753 753
Xns0 754 754
Fmg5 755 755
Ez_6 760 760
E_b6 763 763
Mpz9 764 764
Ugt0 767 767
Gfv7 769 769
Wcx1 771 771
Paw9 773 773
Hsd7 775 775
Ztu9 779 779
Sek4 784 784
Uyo0 787 787
Pk_1 790 790
Rtx0 792 792
Jug3 793 793
Yfx5 796 796
Kfg0 801 801
Uji6 803 803
Kjs0 806 806
Umq8 807 807
A_r8 812 812
Gss1 817 817
Cam3 818 818
Dfh3 821 821
Bcp4 825 825
Nxg4 827 827
Zim1 831 831
Mbe9 833 833
Qen7 837 837
Dxn7 838 838
Fmh7 841 841
Vls4 842 842
Peb8 845 845
Quz0 847 847
Q_l9 850 850
Dgz2 852 852
Sfn9 855 855
Znl3 856 856
Hac4 860 860
Nfk1 864 864
Rwn4 867 867
R_z3 871 871
Ukp5 875 875
Odb1 876 876
Oqa4 878 878
Ggm5 881 881
Qtj5 885 885
Klj7 890 890
M__2 894 894
Qoj7 896 896
Aaq9 899 899
Szi9 901 901
Bzx4 904 904
Hyq2 906 906
B_v1 908 908
Edo1 910 910
Qrq3 913 913
Ypg4 916 916
Clv8 917 917
Xjq0 920 920
Egh7 923 923
Mtt3 925 925
U__8 930 930
Qqs8 933 933
Hvd6 935 935
Aff7 939 939
Tkk4 941 941
Tai0 943 943
Hd_3 944 944
Qzq4 947 947
Dxr5 951 951
Rmo5 952 952
Zxz1 955 955
E__7 958 958
Tim0 962 962
Azv1 965 965
Qwb0 970 970
Q_z6 975 975
Kib8 977 977
Fnb4 980 980
Qaa9 985 985
De_7 988 988
Sf_5 992 992
Nlr1 996 996
Axa3 999 999
Qce4 1001 1001
Hpp0 1004 1004
Vmw6 1007 1007
Prl0 1009 1009
Fqt4 1012 1012
Fpg7 1017 1017
Kjd0 1019 1019
Rwn4-Yn_6
Tai0-Php5
Fxh3-Fpg7
Adt8-Prl0
Bwy3-Vmw6
Kpp5-Pvx1
Jpa4-Xap0
Meq4-D_d9
Fz_3-Meq4
Qaa9-De_7
Av_8-S_m5
Haj7-Fnb4
Omo2-Qwb0
Azv1-V_g4
Tim0-Azv1
E__7-Rso9
Zxz1-E__7
Rmo5-Zxz1
Qzq4-Dxr5
Utz3-Hd_3
Ivq8-Vlx1
Mnm8-Ivq8
Rvz0-Mnm8
Tai0-Rvz0
Aff7-Ark1
Hvd6-Aff7
Qqs8-Hvd6
Egh7-Mtt3
Eqb6-Xjq0
Iap8-Eqb6
Hiv2-D_d9
Clv8-Hiv2
Ypg4-Clv8
Qrq3-Mol4
Xtb9-Fzp5
Csi8-Xtb9
Ejz4-Csi8
P_h8-Ejz4
Zyb5-P_h8
Npt5-Zyb5
Edo1-Npt5
Ikb7-Edo1
B_v1-Pwx0
Hyq2-B_v1
Bzx4-Hyq2
Mot9-Aaq9
Qoj7-Mot9
Aww0-Qoj7
Tek8-Klj7
Deh1-Tek8
Ycj4-Qtj5
Tba6-Oqa4
Poq3-Rpi4
Obu2-Poq3
R_z3-Ukp5
Hoq8-R_z3
Rwn4-Hoq8
Ife7-D_d9
Hac4-Nfk1
Z_q2-Znl3
Sfn9-Z_q2
Dgz2-Sfn9
Rlj2-Dgz2
Q_l9-Rlj2
Peb8-Ycr0
Sfq2-Vls4
Qux8-Sfq2
Dxn7-Fmh7
Qen7-Dxn7
Ama1-Mbe9
Hun8-Ama1
Gvp1-Hun8
Adt8-Gvp1
Zim1-Adt8
Nxg4-Ybm1
Dfh3-Zxf5
Pwu1-Dfh3
Cam3-Pwu1
Izo2-Gss1
A_r8-Izo2
Umq8-N_s4
Olc8-Umq8
Uji6-Kjs0
Kfg0-Uji6
Jeu7-Yfx5
Jug3-Jeu7
T__5-Jug3
Iap8-Rtx0
C_a8-D_d9
Sek4-Tgg9
Xwm4-Mcw0
Evs2-Xwm4
Wcx1-Evs2
Gfv7-Wcx1
Uax6-Gfv7
Ugt0-Uax6
E_b6-Mpz9
Gfy6-E_b6
Ydj4-Xns0
Xsh9-D_e2
Iap8-P_t1
Xas3-Zwk3
B_k1-Xas3
Kqy8-Wnr0
Jql9-Ryr2
Goa1-Jql9
Ib_4-Mam2
Xbu2-Ib_4
Hov0-Jdp0
Eh_0-Hov0
Xhh4-Dsm0
P_t0-Xhh4
Iap8-Mwv3
Dwj2-Nka2
Yna6-Dwj2
Mg_3-Wvg7
Xgs8-Eik8
Sws6-Xgs8
Mra5-Qop7
Qvt1-Mra5
Idu1-Qvt1
Iap8-Idu1
Xts3-D_d9
Kjn8-Joc5
Hvc9-Kjn8
Ezl9-Fav4
Hys5-Ezl9
Djv5-Hys5
Pju1-Gjk8
Iap8-Pju1
Vrd7-Tbp7
Jx_0-Ato0
Hhv0-Aas7
Y_j3-Hhv0
Dju0-Ptl6
Nxs6-Ckn3
Btk7-Nxs6
Fpl4-Bqt6
Tmk1-Fpl4
Iap8-Fwo2
Zsf8-D_d9
Nbh3-Zsf8
Q_t3-Nbh3
Acs9-Grh6
Fyl4-Dak5
Htz0-Fyl4
Gfh5-Htz0
Xao3-Gfh5
Znb3-Xao3
Fpc0-Znb3
Vom7-Toj0
Ujf4-Vom7
Iap8-Ujf4
Tim3-Ngv4
Zrk0-Tim3
Juh4-Zrk0
Ivk2-Juh4
Rbw6-Ivk2
Ejm4-Jpa4
Azl2-Ejm4
M_c5-Azl2
Qdk6-M_c5
Xyr0-Wuk7
Iap8-Xyr0
Sfh6-D_d9
Ujl0-Puk0
Zaa2-Ujl0
Xiz5-Npu4
Hxd4-Xiz5
Jyd7-Hxd4
Pgp9-Onk7
Hnz6-Ksj0
Kpp5-Hnz6
Vuq1-Kpp5
Vbb6-Ryl4
Hsr9-Vbb6
Iap8-Ayc7
Ayc7-Qja9
Qja9-Jxl8
Jxl8-Nqn4
Nqn4-F_d3
F_d3-Iwf8
Iwf8-Hsr9
Ryl4-Vuq1
Ksj0-Pgp9
Onk7-Jyd7
Npu4-Zaa2
Puk0-Sfh6
Wuk7-Bcz6
Bcz6-Xwl2
Xwl2-Rsa4
Rsa4-Qdk6
Jpa4-Qwr4
Qwr4-Wmy2
Wmy2-Mom6
Mom6-Yb_6
Yb_6-Rbw6
Ngv4-Efc6
Efc6-Xyx7
Xyx7-D_d9
Toj0-Fpc0
Dak5-Acs9
Grh6-Psl2
Psl2-Chb1
Chb1-Q_t3
Fwo2-C_u1
C_u1-Uq_8
Uq_8-Kpj5
Kpj5-Tmk1
Bqt6-Btk7
Ckn3-Dju0
Ptl6-Y_j3
Aas7-Wo_5
Wo_5-Jx_0
Ato0-Vrd7
Tbp7-G_b8
G_b8-Bwy3
Bwy3-D_d9
Gjk8-Yef8
Yef8-Skf5
Skf5-Djv5
Fav4-Tid0
Tid0-Ygu0
Ygu0-Hvc9
Joc5-B_j7
B_j7-Rqy5
Rqy5-Bk_2
Bk_2-Xts3
Qop7-Tc_3
Tc_3-Sws6
Eik8-Mg_3
Wvg7-Gcd8
Gcd8-Jpd6
Jpd6-Yna6
Nka2-Cbw5
Cbw5-Xle1
Xle1-D_d9
Mwv3-Y__8
Y__8-P_t0
Dsm0-Eh_0
Jdp0-Xbu2
Mam2-Xqm7
Xqm7-Ggt0
Ggt0-Goa1
Ryr2-Hvg6
Hvg6-Kqy8
Wnr0-B_k1
Zwk3-D_d9
P_t1-Xsh9
D_e2-Ixs2
Ixs2-Q_i0
Q_i0-Izm1
Izm1-Ven2
Ven2-Fij6
Fij6-Ydj4
Xns0-Fmg5
Fmg5-Ez_6
Ez_6-Gfy6
Mpz9-D_d9
Iap8-Ugt0
Mcw0-Paw9
Paw9-Hsd7
Hsd7-Bqh3
Bqh3-Ztu9
Ztu9-Sek4
Tgg9-Uyo0
Uyo0-End4
End4-Pk_1
Pk_1-C_a8
Rtx0-T__5
Yfx5-Tvm9
Tvm9-Vyp3
Vyp3-Iuf5
Iuf5-Kfg0
Kjs0-Pvq5
Pvq5-Olc8
N_s4-D_d9
Iap8-Veq4
Veq4-A_r8
Gss1-Cam3
Zxf5-Edl3
Edl3-Bcp4
Bcp4-F__6
F__6-Nxg4
Ybm1-Zim1
Mbe9-Qen7
Fmh7-Qux8
Vls4-Peb8
Ycr0-Tuk4
Tuk4-S_f7
S_f7-Auj3
Auj3-Quz0
Quz0-Q_l9
Znl3-Owe3
Owe3-Hac4
Nfk1-Ife7
Iap8-Rwn4
Ukp5-Odb1
Odb1-Uem1
Uem1-Obu2
Rpi4-Vv_9
Vv_9-Hzh5
Hzh5-Tba6
Oqa4-Ggm5
Ggm5-Jv_0
Jv_0-Ycj4
Qtj5-Jhb4
Jhb4-Deh1
Klj7-Tjl4
Tjl4-Tgj0
Tgj0-M__2
M__2-Aww0
Aaq9-Szi9
Szi9-Bzx4
Pwx0-Ikb7
Fzp5-Qrq3
Mol4-Ypg4
Xjq0-Egh7
Mtt3-U__8
U__8-Qqs8
Ark1-Tkk4
Tkk4-Axo3
Axo3-Tai0
Vlx1-Utz3
Hd_3-Qzq4
Dxr5-Rmo5
Rso9-Flm5
Flm5-Aoq0
Aoq0-Tim0
V_g4-Omo2
Qwb0-Jev4
Jev4-Q_z6
Q_z6-Uhh8
Uhh8-Tyc3
Tyc3-Kib8
Kib8-Haj7
Fnb4-Fxh3
Fxh3-Vvx2
Vvx2-Av_8
S_m5-Qaa9
De_7-Fz_3
Btk7-Mdx8
Tba6-Sf_5
Nxg4-Nlr1
Tim0-Axa3
Dxr5-Qce4
Ugt0-Hpp0
Xap0-Fqt4
Bcz6-Vlb1
Gfv7-Kjd0
Ygu0-Bfp2
#Here is the number of lines required: 28

L1-Xyr0 L2-Fwo2 L3-Mwv3 L4-Ugt0 L5-Ujf4 L6-Pju1 L7-Idu1 L8-Rtx0 L9-P_t1
L1-Wuk7 L10-Xyr0 L2-C_u1 L11-Fwo2 L3-Y__8 L12-Mwv3 L4-Uax6 L13-Ugt0 L5-Vom7 L14-Ujf4 L6-Gjk8 L15-Pju1 L7-Qvt1 L16-Idu1 L8-T__5 L17-Rtx0 L9-Xsh9 L18-P_t1
L1-Bcz6 L10-Wuk7 L19-Xyr0 L2-Uq_8 L11-C_u1 L20-Fwo2 L3-P_t0 L12-Y__8 L21-Mwv3 L4-Gfv7 L13-Uax6 L22-Ugt0 L5-Toj0 L14-Vom7 L23-Ujf4 L6-Yef8 L15-Gjk8 L24-Pju1 L7-Mra5 L16-Qvt1 L25-Idu1 L8-Jug3 L17-T__5 L26-Rtx0 L9-D_e2 L18-Xsh9 L27-P_t1
L1-Xwl2 L10-Bcz6 L19-Wuk7 L28-Xyr0 L2-Kpj5 L11-Uq_8 L20-C_u1 L29-Fwo2 L3-Xhh4 L12-P_t0 L21-Y__8 L30-Mwv3 L4-Wcx1 L13-Gfv7 L22-Uax6 L31-Ugt0 L5-Fpc0 L14-Toj0 L23-Vom7 L32-Ujf4 L6-Skf5 L15-Yef8 L24-Gjk8 L33-Pju1 L7-Qop7 L16-Mra5 L25-Qvt1 L34-Idu1 L8-Jeu7 L17-Jug3 L26-T__5 L35-Rtx0 L9-Ixs2 L18-D_e2 L27-Xsh9 L36-P_t1
L1-Rsa4 L10-Xwl2 L19-Bcz6 L28-Wuk7 L37-Xyr0 L2-Tmk1 L11-Kpj5 L20-Uq_8 L29-C_u1 L38-Fwo2 L3-Dsm0 L12-Xhh4 L21-P_t0 L30-Y__8 L39-Mwv3 L4-Evs2 L13-Wcx1 L22-Gfv7 L31-Uax6 L40-Ugt0 L5-Znb3 L14-Fpc0 L23-Toj0 L32-Vom7 L41-Ujf4 L6-Djv5 L15-Skf5 L24-Yef8 L33-Gjk8 L42-Pju1 L7-Tc_3 L16-Qop7 L25-Mra5 L34-Qvt1 L43-Idu1 L8-Yfx5 L17-Jeu7 L26-Jug3 L35-T__5 L44-Rtx0 L9-Q_i0 L18-Ixs2 L27-D_e2 L36-Xsh9 L45-P_t1
L1-Qdk6 L10-Rsa4 L19-Xwl2 L28-Bcz6 L37-Wuk7 L46-Xyr0 L2-Fpl4 L11-Tmk1 L20-Kpj5 L29-Uq_8 L38-C_u1 L47-Fwo2 L3-Eh_0 L12-Dsm0 L21-Xhh4 L30-P_t0 L39-Y__8 L48-Mwv3 L4-Xwm4 L13-Evs2 L22-Wcx1 L31-Gfv7 L40-Uax6 L49-Ugt0 L5-Xao3 L14-Znb3 L23-Fpc0 L32-Toj0 L41-Vom7 L50-Ujf4 L6-Hys5 L15-Djv5 L24-Skf5 L33-Yef8 L42-Gjk8 L51-Pju1 L7-Sws6 L16-Tc_3 L25-Qop7 L34-Mra5 L43-Qvt1 L52-Idu1 L8-Tvm9 L17-Yfx5 L26-Jeu7 L35-Jug3 L44-T__5 L53-Rtx0 L9-Izm1 L18-Q_i0 L27-Ixs2 L36-D_e2 L45-Xsh9 L54-P_t1
L1-M_c5 L10-Qdk6 L19-Rsa4 L28-Xwl2 L37-Bcz6 L46-Wuk7 L55-Xyr0 L2-Bqt6 L11-Fpl4 L20-Tmk1 L29-Kpj5 L38-Uq_8 L47-C_u1 L56-Fwo2 L3-Hov0 L12-Eh_0 L21-Dsm0 L30-Xhh4 L39-P_t0 L48-Y__8 L57-Mwv3 L4-Mcw0 L13-Xwm4 L22-Evs2 L31-Wcx1 L40-Gfv7 L49-Uax6 L58-Ugt0 L5-Gfh5 L14-Xao3 L23-Znb3 L32-Fpc0 L41-Toj0 L50-Vom7 L59-Ujf4 L6-Ezl9 L15-Hys5 L24-Djv5 L33-Skf5 L42-Yef8 L51-Gjk8 L60-Pju1 L7-Xgs8 L16-Sws6 L25-Tc_3 L34-Qop7 L43-Mra5 L52-Qvt1 L61-Idu1 L8-Vyp3 L17-Tvm9 L26-Yfx5 L35-Jeu7 L44-Jug3 L53-T__5 L62-Rtx0 L9-Ven2 L18-Izm1 L27-Q_i0 L36-Ixs2 L45-D_e2 L54-Xsh9 L63-P_t1
L1-Azl2 L10-M_c5 L19-Qdk6 L28-Rsa4 L37-Xwl2 L46-Bcz6 L55-Wuk7 L64-Xyr0 L2-Btk7 L11-Bqt6 L20-Fpl4 L29-Tmk1 L38-Kpj5 L47-Uq_8 L56-C_u1 L65-Fwo2 L3-Jdp0 L12-Hov0 L21-Eh_0 L30-Dsm0 L39-Xhh4 L48-P_t0 L57-Y__8 L66-Mwv3 L4-Paw9 L13-Mcw0 L22-Xwm4 L31-Evs2 L40-Wcx1 L49-Gfv7 L58-Uax6 L67-Ugt0 L5-Htz0 L14-Gfh5 L23-Xao3 L32-Znb3 L41-Fpc0 L50-Toj0 L59-Vom7 L68-Ujf4 L6-Fav4 L15-Ezl9 L24-Hys5 L33-Djv5 L42-Skf5 L51-Yef8 L60-Gjk8 L69-Pju1 L7-Eik8 L16-Xgs8 L25-Sws6 L34-Tc_3 L43-Qop7 L52-Mra5 L61-Qvt1 L70-Idu1 L8-Iuf5 L17-Vyp3 L26-Tvm9 L35-Yfx5 L44-Jeu7 L53-Jug3 L62-T__5 L71-Rtx0 L9-Fij6 L18-Ven2 L27-Izm1 L36-Q_i0 L45-Ixs2 L54-D_e2 L63-Xsh9 L72-P_t1
L1-Ejm4 L10-Azl2 L19-M_c5 L28-Qdk6 L37-Rsa4 L46-Xwl2 L55-Bcz6 L64-Wuk7 L73-Xyr0 L2-Nxs6 L11-Btk7 L20-Bqt6 L29-Fpl4 L38-Tmk1 L47-Kpj5 L56-Uq_8 L65-C_u1 L74-Fwo2 L3-Xbu2 L12-Jdp0 L21-Hov0 L30-Eh_0 L39-Dsm0 L48-Xhh4 L57-P_t0 L66-Y__8 L75-Mwv3 L4-Hsd7 L13-Paw9 L22-Mcw0 L31-Xwm4 L40-Evs2 L49-Wcx1 L58-Gfv7 L67-Uax6 L76-Ugt0 L5-Fyl4 L14-Htz0 L23-Gfh5 L32-Xao3 L41-Znb3 L50-Fpc0 L59-Toj0 L68-Vom7 L77-Ujf4 L6-Tid0 L15-Fav4 L24-Ezl9 L33-Hys5 L42-Djv5 L51-Skf5 L60-Yef8 L69-Gjk8 L78-Pju1 L7-Mg_3 L16-Eik8 L25-Xgs8 L34-Sws6 L43-Tc_3 L52-Qop7 L61-Mra5 L70-Qvt1 L79-Idu1 L8-Kfg0 L17-Iuf5 L26-Vyp3 L35-Tvm9 L44-Yfx5 L53-Jeu7 L62-Jug3 L71-T__5 L80-Rtx0 L9-Ydj4 L18-Fij6 L27-Ven2 L36-Izm1 L45-Q_i0 L54-Ixs2 L63-D_e2 L72-Xsh9 L81-P_t1
L1-Jpa4 L10-Ejm4 L19-Azl2 L28-M_c5 L37-Qdk6 L46-Rsa4 L55-Xwl2 L64-Bcz6 L73-Wuk7 L2-Ckn3 L11-Nxs6 L20-Btk7 L29-Bqt6 L38-Fpl4 L47-Tmk1 L56-Kpj5 L65-Uq_8 L74-C_u1 L3-Ib_4 L12-Xbu2 L21-Jdp0 L30-Hov0 L39-Eh_0 L48-Dsm0 L57-Xhh4 L66-P_t0 L75-Y__8 L4-Bqh3 L13-Hsd7 L22-Paw9 L31-Mcw0 L40-Xwm4 L49-Evs2 L58-Wcx1 L67-Gfv7 L76-Uax6 L82-Ugt0 L5-Dak5 L14-Fyl4 L23-Htz0 L32-Gfh5 L41-Xao3 L50-Znb3 L59-Fpc0 L68-Toj0 L77-Vom7 L83-Ujf4 L6-Ygu0 L15-Tid0 L24-Fav4 L33-Ezl9 L42-Hys5 L51-Djv5 L60-Skf5 L69-Yef8 L78-Gjk8 L84-Pju1 L7-Wvg7 L16-Mg_3 L25-Eik8 L34-Xgs8 L43-Sws6 L52-Tc_3 L61-Qop7 L70-Mra5 L79-Qvt1 L85-Idu1 L8-Uji6 L17-Kfg0 L26-Iuf5 L35-Vyp3 L44-Tvm9 L53-Yfx5 L62-Jeu7 L71-Jug3 L80-T__5 L86-Rtx0 L9-Xns0 L18-Ydj4 L27-Fij6 L36-Ven2 L45-Izm1 L54-Q_i0 L63-Ixs2 L72-D_e2 L81-Xsh9 L87-P_t1
L1-Qwr4 L10-Jpa4 L19-Ejm4 L28-Azl2 L37-M_c5 L46-Qdk6 L55-Rsa4 L64-Xwl2 L73-Bcz6 L2-Dju0 L11-Ckn3 L20-Nxs6 L29-Btk7 L38-Bqt6 L47-Fpl4 L56-Tmk1 L65-Kpj5 L74-Uq_8 L3-Mam2 L12-Ib_4 L21-Xbu2 L30-Jdp0 L39-Hov0 L48-Eh_0 L57-Dsm0 L66-Xhh4 L75-P_t0 L4-Ztu9 L13-Bqh3 L22-Hsd7 L31-Paw9 L40-Mcw0 L49-Xwm4 L58-Evs2 L67-Wcx1 L76-Gfv7 L82-Uax6 L5-Acs9 L14-Dak5 L23-Fyl4 L32-Htz0 L41-Gfh5 L50-Xao3 L59-Znb3 L68-Fpc0 L77-Toj0 L83-Vom7 L6-Hvc9 L15-Ygu0 L24-Tid0 L33-Fav4 L42-Ezl9 L51-Hys5 L60-Djv5 L69-Skf5 L78-Yef8 L84-Gjk8 L7-Gcd8 L16-Wvg7 L25-Mg_3 L34-Eik8 L43-Xgs8 L52-Sws6 L61-Tc_3 L70-Qop7 L79-Mra5 L85-Qvt1 L8-Kjs0 L17-Uji6 L26-Kfg0 L35-Iuf5 L44-Vyp3 L53-Tvm9 L62-Yfx5 L71-Jeu7 L80-Jug3 L86-T__5 L9-Fmg5 L18-Xns0 L27-Ydj4 L36-Fij6 L45-Ven2 L54-Izm1 L63-Q_i0 L72-Ixs2 L81-D_e2 L87-Xsh9
L1-Wmy2 L10-Qwr4 L19-Jpa4 L28-Ejm4 L37-Azl2 L46-M_c5 L55-Qdk6 L64-Rsa4 L73-Xwl2 L2-Ptl6 L11-Dju0 L20-Ckn3 L29-Nxs6 L38-Btk7 L47-Bqt6 L56-Fpl4 L65-Tmk1 L74-Kpj5 L3-Xqm7 L12-Mam2 L21-Ib_4 L30-Xbu2 L39-Jdp0 L48-Hov0 L57-Eh_0 L66-Dsm0 L75-Xhh4 L4-Sek4 L13-Ztu9 L22-Bqh3 L31-Hsd7 L40-Paw9 L49-Mcw0 L58-Xwm4 L67-Evs2 L76-Wcx1 L82-Gfv7 L5-Grh6 L14-Acs9 L23-Dak5 L32-Fyl4 L41-Htz0 L50-Gfh5 L59-Xao3 L68-Znb3 L77-Fpc0 L83-Toj0 L6-Kjn8 L15-Hvc9 L24-Ygu0 L33-Tid0 L42-Fav4 L51-Ezl9 L60-Hys5 L69-Djv5 L78-Skf5 L84-Yef8 L7-Jpd6 L16-Gcd8 L25-Wvg7 L34-Mg_3 L43-Eik8 L52-Xgs8 L61-Sws6 L70-Tc_3 L79-Qop7 L85-Mra5 L8-Pvq5 L17-Kjs0 L26-Uji6 L35-Kfg0 L44-Iuf5 L53-Vyp3 L62-Tvm9 L71-Yfx5 L80-Jeu7 L86-Jug3 L9-Ez_6 L18-Fmg5 L27-Xns0 L36-Ydj4 L45-Fij6 L54-Ven2 L63-Izm1 L72-Q_i0 L81-Ixs2 L87-D_e2
L1-Mom6 L10-Wmy2 L19-Qwr4 L28-Jpa4 L37-Ejm4 L46-Azl2 L55-M_c5 L64-Qdk6 L73-Rsa4 L2-Y_j3 L11-Ptl6 L20-Dju0 L29-Ckn3 L38-Nxs6 L47-Btk7 L56-Bqt6 L65-Fpl4 L74-Tmk1 L3-Ggt0 L12-Xqm7 L21-Mam2 L30-Ib_4 L39-Xbu2 L48-Jdp0 L57-Hov0 L66-Eh_0 L75-Dsm0 L4-Tgg9 L13-Sek4 L22-Ztu9 L31-Bqh3 L40-Hsd7 L49-Paw9 L58-Mcw0 L67-Xwm4 L76-Evs2 L82-Wcx1 L5-Psl2 L14-Grh6 L23-Acs9 L32-Dak5 L41-Fyl4 L50-Htz0 L59-Gfh5 L68-Xao3 L77-Znb3 L83-Fpc0 L6-Joc5 L15-Kjn8 L24-Hvc9 L33-Ygu0 L42-Tid0 L51-Fav4 L60-Ezl9 L69-Hys5 L78-Djv5 L84-Skf5 L7-Yna6 L16-Jpd6 L25-Gcd8 L34-Wvg7 L43-Mg_3 L52-Eik8 L61-Xgs8 L70-Sws6 L79-Tc_3 L85-Qop7 L8-Olc8 L17-Pvq5 L26-Kjs0 L35-Uji6 L44-Kfg0 L53-Iuf5 L62-Vyp3 L71-Tvm9 L80-Yfx5 L86-Jeu7 L9-Gfy6 L18-Ez_6 L27-Fmg5 L36-Xns0 L45-Ydj4 L54-Fij6 L63-Ven2 L72-Izm1 L81-Q_i0 L87-Ixs2
L1-Yb_6 L10-Mom6 L19-Wmy2 L28-Qwr4 L37-Jpa4 L46-Ejm4 L55-Azl2 L64-M_c5 L73-Qdk6 L2-Hhv0 L11-Y_j3 L20-Ptl6 L29-Dju0 L38-Ckn3 L47-Nxs6 L56-Btk7 L65-Bqt6 L74-Fpl4 L3-Goa1 L12-Ggt0 L21-Xqm7 L30-Mam2 L39-Ib_4 L48-Xbu2 L57-Jdp0 L66-Hov0 L75-Eh_0 L4-Uyo0 L13-Tgg9 L22-Sek4 L31-Ztu9 L40-Bqh3 L49-Hsd7 L58-Paw9 L67-Mcw0 L76-Xwm4 L82-Evs2 L5-Chb1 L14-Psl2 L23-Grh6 L32-Acs9 L41-Dak5 L50-Fyl4 L59-Htz0 L68-Gfh5 L77-Xao3 L83-Znb3 L6-B_j7 L15-Joc5 L24-Kjn8 L33-Hvc9 L42-Ygu0 L51-Tid0 L60-Fav4 L69-Ezl9 L78-Hys5 L84-Djv5 L7-Dwj2 L16-Yna6 L25-Jpd6 L34-Gcd8 L43-Wvg7 L52-Mg_3 L61-Eik8 L70-Xgs8 L79-Sws6 L85-Tc_3 L8-Umq8 L17-Olc8 L26-Pvq5 L35-Kjs0 L44-Uji6 L53-Kfg0 L62-Iuf5 L71-Vyp3 L80-Tvm9 L86-Yfx5 L9-E_b6 L18-Gfy6 L27-Ez_6 L36-Fmg5 L45-Xns0 L54-Ydj4 L63-Fij6 L72-Ven2 L81-Izm1 L87-Q_i0
L1-Rbw6 L10-Yb_6 L19-Mom6 L28-Wmy2 L37-Qwr4 L46-Jpa4 L55-Ejm4 L64-Azl2 L73-M_c5 L2-Aas7 L11-Hhv0 L20-Y_j3 L29-Ptl6 L38-Dju0 L47-Ckn3 L56-Nxs6 L65-Btk7 L74-Bqt6 L3-Jql9 L12-Goa1 L21-Ggt0 L30-Xqm7 L39-Mam2 L48-Ib_4 L57-Xbu2 L66-Jdp0 L75-Hov0 L4-End4 L13-Uyo0 L22-Tgg9 L31-Sek4 L40-Ztu9 L49-Bqh3 L58-Hsd7 L67-Paw9 L76-Mcw0 L82-Xwm4 L5-Q_t3 L14-Chb1 L23-Psl2 L32-Grh6 L41-Acs9 L50-Dak5 L59-Fyl4 L68-Htz0 L77-Gfh5 L83-Xao3 L6-Rqy5 L15-B_j7 L24-Joc5 L33-Kjn8 L42-Hvc9 L51-Ygu0 L60-Tid0 L69-Fav4 L78-Ezl9 L84-Hys5 L7-Nka2 L16-Dwj2 L25-Yna6 L34-Jpd6 L43-Gcd8 L52-Wvg7 L61-Mg_3 L70-Eik8 L79-Xgs8 L85-Sws6 L8-N_s4 L17-Umq8 L26-Olc8 L35-Pvq5 L44-Kjs0 L53-Uji6 L62-Kfg0 L71-Iuf5 L80-Vyp3 L86-Tvm9 L9-Mpz9 L18-E_b6 L27-Gfy6 L36-Ez_6 L45-Fmg5 L54-Xns0 L63-Ydj4 L72-Fij6 L81-Ven2 L87-Izm1
L1-Ivk2 L10-Rbw6 L19-Yb_6 L28-Mom6 L37-Wmy2 L46-Qwr4 L55-Jpa4 L64-Ejm4 L73-Azl2 L2-Wo_5 L11-Aas7 L20-Hhv0 L29-Y_j3 L38-Ptl6 L47-Dju0 L56-Ckn3 L65-Nxs6 L74-Btk7 L3-Ryr2 L12-Jql9 L21-Goa1 L30-Ggt0 L39-Xqm7 L48-Mam2 L57-Ib_4 L66-Xbu2 L75-Jdp0 L4-Pk_1 L13-End4 L22-Uyo0 L31-Tgg9 L40-Sek4 L49-Ztu9 L58-Bqh3 L67-Hsd7 L76-Paw9 L82-Mcw0 L5-Nbh3 L14-Q_t3 L23-Chb1 L32-Psl2 L41-Grh6 L50-Acs9 L59-Dak5 L68-Fyl4 L77-Htz0 L83-Gfh5 L6-Bk_2 L15-Rqy5 L24-B_j7 L33-Joc5 L42-Kjn8 L51-Hvc9 L60-Ygu0 L69-Tid0 L78-Fav4 L84-Ezl9 L7-Cbw5 L16-Nka2 L25-Dwj2 L34-Yna6 L43-Jpd6 L52-Gcd8 L61-Wvg7 L70-Mg_3 L79-Eik8 L85-Xgs8 L8-D_d9 L17-N_s4 L26-Umq8 L35-Olc8 L44-Pvq5 L53-Kjs0 L62-Uji6 L71-Kfg0 L80-Iuf5 L86-Vyp3 L9-D_d9 L18-Mpz9 L27-E_b6 L36-Gfy6 L45-Ez_6 L54-Fmg5 L63-Xns0 L72-Ydj4 L81-Fij6 L87-Ven2
L1-Juh4 L10-Ivk2 L19-Rbw6 L28-Yb_6 L37-Mom6 L46-Wmy2 L55-Qwr4 L64-Jpa4 L73-Ejm4 L2-Jx_0 L11-Wo_5 L20-Aas7 L29-Hhv0 L38-Y_j3 L47-Ptl6 L56-Dju0 L65-Ckn3 L74-Nxs6 L3-Hvg6 L12-Ryr2 L21-Jql9 L30-Goa1 L39-Ggt0 L48-Xqm7 L57-Mam2 L66-Ib_4 L75-Xbu2 L4-C_a8 L13-Pk_1 L22-End4 L31-Uyo0 L40-Tgg9 L49-Sek4 L58-Ztu9 L67-Bqh3 L76-Hsd7 L82-Paw9 L5-Zsf8 L14-Nbh3 L23-Q_t3 L32-Chb1 L41-Psl2 L50-Grh6 L59-Acs9 L68-Dak5 L77-Fyl4 L83-Htz0 L6-Xts3 L15-Bk_2 L24-Rqy5 L33-B_j7 L42-Joc5 L51-Kjn8 L60-Hvc9 L69-Ygu0 L78-Tid0 L84-Fav4 L7-Xle1 L16-Cbw5 L25-Nka2 L34-Dwj2 L43-Yna6 L52-Jpd6 L61-Gcd8 L70-Wvg7 L79-Mg_3 L85-Eik8 L17-D_d9 L26-N_s4 L35-Umq8 L44-Olc8 L53-Pvq5 L62-Kjs0 L71-Uji6 L80-Kfg0 L86-Iuf5 L18-D_d9 L27-Mpz9 L36-E_b6 L45-Gfy6 L54-Ez_6 L63-Fmg5 L72-Xns0 L81-Ydj4 L87-Fij6
L1-Zrk0 L10-Juh4 L19-Ivk2 L28-Rbw6 L37-Yb_6 L46-Mom6 L55-Wmy2 L64-Qwr4 L73-Jpa4 L2-Ato0 L11-Jx_0 L20-Wo_5 L29-Aas7 L38-Hhv0 L47-Y_j3 L56-Ptl6 L65-Dju0 L74-Ckn3 L3-Kqy8 L12-Hvg6 L21-Ryr2 L30-Jql9 L39-Goa1 L48-Ggt0 L57-Xqm7 L66-Mam2 L75-Ib_4 L4-D_d9 L13-C_a8 L22-Pk_1 L31-End4 L40-Uyo0 L49-Tgg9 L58-Sek4 L67-Ztu9 L76-Bqh3 L82-Hsd7 L5-D_d9 L14-Zsf8 L23-Nbh3 L32-Q_t3 L41-Chb1 L50-Psl2 L59-Grh6 L68-Acs9 L77-Dak5 L83-Fyl4 L6-D_d9 L15-Xts3 L24-Bk_2 L33-Rqy5 L42-B_j7 L51-Joc5 L60-Kjn8 L69-Hvc9 L78-Ygu0 L84-Tid0 L7-D_d9 L16-Xle1 L25-Cbw5 L34-Nka2 L43-Dwj2 L52-Yna6 L61-Jpd6 L70-Gcd8 L79-Wvg7 L85-Mg_3 L26-D_d9 L35-N_s4 L44-Umq8 L53-Olc8 L62-Pvq5 L71-Kjs0 L80-Uji6 L86-Kfg0 L27-D_d9 L36-Mpz9 L45-E_b6 L54-Gfy6 L63-Ez_6 L72-Fmg5 L81-Xns0 L87-Ydj4
L1-Tim3 L10-Zrk0 L19-Juh4 L28-Ivk2 L37-Rbw6 L46-Yb_6 L55-Mom6 L64-Wmy2 L73-Qwr4 L2-Vrd7 L11-Ato0 L20-Jx_0 L29-Wo_5 L38-Aas7 L47-Hhv0 L56-Y_j3 L65-Ptl6 L74-Dju0 L3-Wnr0 L12-Kqy8 L21-Hvg6 L30-Ryr2 L39-Jql9 L48-Goa1 L57-Ggt0 L66-Xqm7 L75-Mam2 L13-D_d9 L22-C_a8 L31-Pk_1 L40-End4 L49-Uyo0 L58-Tgg9 L67-Sek4 L76-Ztu9 L82-Bqh3 L14-D_d9 L23-Zsf8 L32-Nbh3 L41-Q_t3 L50-Chb1 L59-Psl2 L68-Grh6 L77-Acs9 L83-Dak5 L15-D_d9 L24-Xts3 L33-Bk_2 L42-Rqy5 L51-B_j7 L60-Joc5 L69-Kjn8 L78-Hvc9 L84-Ygu0 L16-D_d9 L25-Xle1 L34-Cbw5 L43-Nka2 L52-Dwj2 L61-Yna6 L70-Jpd6 L79-Gcd8 L85-Wvg7 L35-D_d9 L44-N_s4 L53-Umq8 L62-Olc8 L71-Pvq5 L80-Kjs0 L86-Uji6 L36-D_d9 L45-Mpz9 L54-E_b6 L63-Gfy6 L72-Ez_6 L81-Fmg5 L87-Xns0
L1-Ngv4 L10-Tim3 L19-Zrk0 L28-Juh4 L37-Ivk2 L46-Rbw6 L55-Yb_6 L64-Mom6 L73-Wmy2 L2-Tbp7 L11-Vrd7 L20-Ato0 L29-Jx_0 L38-Wo_5 L47-Aas7 L56-Hhv0 L65-Y_j3 L74-Ptl6 L3-B_k1 L12-Wnr0 L21-Kqy8 L30-Hvg6 L39-Ryr2 L48-Jql9 L57-Goa1 L66-Ggt0 L75-Xqm7 L22-D_d9 L31-C_a8 L40-Pk_1 L49-End4 L58-Uyo0 L67-Tgg9 L76-Sek4 L82-Ztu9 L23-D_d9 L32-Zsf8 L41-Nbh3 L50-Q_t3 L59-Chb1 L68-Psl2 L77-Grh6 L83-Acs9 L24-D_d9 L33-Xts3 L42-Bk_2 L51-Rqy5 L60-B_j7 L69-Joc5 L78-Kjn8 L84-Hvc9 L25-D_d9 L34-Xle1 L43-Cbw5 L52-Nka2 L61-Dwj2 L70-Yna6 L79-Jpd6 L85-Gcd8 L44-D_d9 L53-N_s4 L62-Umq8 L71-Olc8 L80-Pvq5 L86-Kjs0 L45-D_d9 L54-Mpz9 L63-E_b6 L72-Gfy6 L81-Ez_6 L87-Fmg5
L1-Efc6 L10-Ngv4 L19-Tim3 L28-Zrk0 L37-Juh4 L46-Ivk2 L55-Rbw6 L64-Yb_6 L73-Mom6 L2-G_b8 L11-Tbp7 L20-Vrd7 L29-Ato0 L38-Jx_0 L47-Wo_5 L56-Aas7 L65-Hhv0 L74-Y_j3 L3-Xas3 L12-B_k1 L21-Wnr0 L30-Kqy8 L39-Hvg6 L48-Ryr2 L57-Jql9 L66-Goa1 L75-Ggt0 L31-D_d9 L40-C_a8 L49-Pk_1 L58-End4 L67-Uyo0 L76-Tgg9 L82-Sek4 L32-D_d9 L41-Zsf8 L50-Nbh3 L59-Q_t3 L68-Chb1 L77-Psl2 L83-Grh6 L33-D_d9 L42-Xts3 L51-Bk_2 L60-Rqy5 L69-B_j7 L78-Joc5 L84-Kjn8 L34-D_d9 L43-Xle1 L52-Cbw5 L61-Nka2 L70-Dwj2 L79-Yna6 L85-Jpd6 L53-D_d9 L62-N_s4 L71-Umq8 L80-Olc8 L86-Pvq5 L54-D_d9 L63-Mpz9 L72-E_b6 L81-Gfy6 L87-Ez_6
L1-Xyx7 L10-Efc6 L19-Ngv4 L28-Tim3 L37-Zrk0 L46-Juh4 L55-Ivk2 L64-Rbw6 L73-Yb_6 L2-Bwy3 L11-G_b8 L20-Tbp7 L29-Vrd7 L38-Ato0 L47-Jx_0 L56-Wo_5 L65-Aas7 L74-Hhv0 L3-Zwk3 L12-Xas3 L21-B_k1 L30-Wnr0 L39-Kqy8 L48-Hvg6 L57-Ryr2 L66-Jql9 L75-Goa1 L40-D_d9 L49-C_a8 L58-Pk_1 L67-End4 L76-Uyo0 L82-Tgg9 L41-D_d9 L50-Zsf8 L59-Nbh3 L68-Q_t3 L77-Chb1 L83-Psl2 L42-D_d9 L51-Xts3 L60-Bk_2 L69-Rqy5 L78-B_j7 L84-Joc5 L43-D_d9 L52-Xle1 L61-Cbw5 L70-Nka2 L79-Dwj2 L85-Yna6 L62-D_d9 L71-N_s4 L80-Umq8 L86-Olc8 L63-D_d9 L72-Mpz9 L81-E_b6 L87-Gfy6
L1-D_d9 L10-Xyx7 L19-Efc6 L28-Ngv4 L37-Tim3 L46-Zrk0 L55-Juh4 L64-Ivk2 L73-Rbw6 L2-D_d9 L11-Bwy3 L20-G_b8 L29-Tbp7 L38-Vrd7 L47-Ato0 L56-Jx_0 L65-Wo_5 L74-Aas7 L3-D_d9 L12-Zwk3 L21-Xas3 L30-B_k1 L39-Wnr0 L48-Kqy8 L57-Hvg6 L66-Ryr2 L75-Jql9 L49-D_d9 L58-C_a8 L67-Pk_1 L76-End4 L82-Uyo0 L50-D_d9 L59-Zsf8 L68-Nbh3 L77-Q_t3 L83-Chb1 L51-D_d9 L60-Xts3 L69-Bk_2 L78-Rqy5 L84-B_j7 L52-D_d9 L61-Xle1 L70-Cbw5 L79-Nka2 L85-Dwj2 L71-D_d9 L80-N_s4 L86-Umq8 L72-D_d9 L81-Mpz9 L87-E_b6
L10-D_d9 L19-Xyx7 L28-Efc6 L37-Ngv4 L46-Tim3 L55-Zrk0 L64-Juh4 L73-Ivk2 L11-D_d9 L20-Bwy3 L29-G_b8 L38-Tbp7 L47-Vrd7 L56-Ato0 L65-Jx_0 L74-Wo_5 L12-D_d9 L21-Zwk3 L30-Xas3 L39-B_k1 L48-Wnr0 L57-Kqy8 L66-Hvg6 L75-Ryr2 L58-D_d9 L67-C_a8 L76-Pk_1 L82-End4 L59-D_d9 L68-Zsf8 L77-Nbh3 L83-Q_t3 L60-D_d9 L69-Xts3 L78-Bk_2 L84-Rqy5 L61-D_d9 L70-Xle1 L79-Cbw5 L85-Nka2 L80-D_d9 L86-N_s4 L81-D_d9 L87-Mpz9
L19-D_d9 L28-Xyx7 L37-Efc6 L46-Ngv4 L55-Tim3 L64-Zrk0 L73-Juh4 L20-D_d9 L29-Bwy3 L38-G_b8 L47-Tbp7 L56-Vrd7 L65-Ato0 L74-Jx_0 L21-D_d9 L30-Zwk3 L39-Xas3 L48-B_k1 L57-Wnr0 L66-Kqy8 L75-Hvg6 L67-D_d9 L76-C_a8 L82-Pk_1 L68-D_d9 L77-Zsf8 L83-Nbh3 L69-D_d9 L78-Xts3 L84-Bk_2 L70-D_d9 L79-Xle1 L85-Cbw5 L86-D_d9 L87-D_d9
L28-D_d9 L37-Xyx7 L46-Efc6 L55-Ngv4 L64-Tim3 L73-Zrk0 L29-D_d9 L38-Bwy3 L47-G_b8 L56-Tbp7 L65-Vrd7 L74-Ato0 L30-D_d9 L39-Zwk3 L48-Xas3 L57-B_k1 L66-Wnr0 L75-Kqy8 L76-D_d9 L82-C_a8 L77-D_d9 L83-Zsf8 L78-D_d9 L84-Xts3 L79-D_d9 L85-Xle1
L37-D_d9 L46-Xyx7 L55-Efc6 L64-Ngv4 L73-Tim3 L38-D_d9 L47-Bwy3 L56-G_b8 L65-Tbp7 L74-Vrd7 L39-D_d9 L48-Zwk3 L57-Xas3 L66-B_k1 L75-Wnr0 L82-D_d9 L83-D_d9 L84-D_d9 L85-D_d9
L46-D_d9 L55-Xyx7 L64-Efc6 L73-Ngv4 L47-D_d9 L56-Bwy3 L65-G_b8 L74-Tbp7 L48-D_d9 L57-Zwk3 L66-Xas3 L75-B_k1
L55-D_d9 L64-Xyx7 L73-Efc6 L56-D_d9 L65-Bwy3 L74-G_b8 L57-D_d9 L66-Zwk3 L75-Xas3
L64-D_d9 L73-Xyx7 L65-D_d9 L74-Bwy3 L66-D_d9 L75-Zwk3
L73-D_d9 L74-D_d9 L75-D_d9
