115
#Here is the number of lines required: 33
##start
Zhi8 4 4
##end
Ky_0 6 6
Gjd9 7 7
Ryc7 11 11
Waa1 13 13
Usn2 18 18
Nb_5 23 23
Tsw0 27 27
Ugs9 29 29
Xvl5 34 34
Xgo5 38 38
Xuh2 41 41
Ijg2 46 46
Tfo3 49 49
Mxu4 50 50
Bwy5 53 53
Cz_9 54 54
F_j5 57 57
Thp7 62 62
Hzw2 65 65
Mkb9 68 68
Avl1 70 70
Avl4 71 71
Vi_7 74 74
Zeo9 77 77
Spb1 78 78
Pln0 81 81
Ouo6 83 83
Emo4 85 85
Trc5 87 87
V_u9 90 90
Ehx0 92 92
Ayd5 97 97
T_d7 100 100
Awq6 105 105
Mss8 108 108
Heu8 111 111
Ozv7 114 114
Qao6 118 118
Unf5 119 119
Pqq9 123 123
Mgp9 125 125
Ngb9 128 128
Zzn5 133 133
Kag3 136 136
Hxe2 137 137
Mai4 140 140
Bi_0 144 144
Qwn7 147 147
A_w0 149 149
Uaq7 152 152
Psi1 156 156
Ozl5 160 160
Ekg1 164 164
Hch9 169 169
Qrr9 174 174
Ewd3 178 178
Hxp2 181 181
Hjd0 184 184
Pci9 186 186
Xwa6 187 187
Kmf1 190 190
Gvv1 193 193
Rpv3 196 196
K_e3 200 200
Gdb8 203 203
C_k9 207 207
Tcp6 212 212
Jbo3 215 215
Eiy3 217 217
Vgi0 222 222
Xvc5 227 227
Awf5 230 230
Fpk7 231 231
Cnz9 234 234
Jbu9 235 235
Mrv9 238 238
Ypr4 242 242
Bc_1 244 244
Kwo1 247 247
Dm_3 252 252
Ehm4 255 255
Iae6 258 258
Zva7 262 262
Hox5 264 264
Dzh5 266 266
Xbl5 270 270
Ztr3 271 271
Gjs7 274 274
V_u4 279 279
Isx3 284 284
Gtr7 286 286
Bgq8 289 289
Uz_3 291 291
Mwy7 295 295
Yhm3 300 300
Hpz6 301 301
Sz_8 303 303
Iim6 306 306
Mzt8 309 309
Uv_0 313 313
U_l4 316 316
Bpc7 317 317
Yrm4 319 319
M_r8 322 322
Pad5 325 325
Kmx0 326 326
Zp_8 329 329
Nki3 330 330
Roe1 333 333
Fvi7 336 336
Oyg9 339 339
Aan9 344 344
Xqp9 346 346
Qdz1 348 348
Fmd0 351 351
C_j2 354 354
Fue7 358 358
Sio6 361 361
Oa_6 363 363
Txz8 367 367
Iyz2 370 370
Ixl8 372 372
Ryw0 375 375
Auo4 380 380
Usn1 383 383
Qpm8 388 388
Hbs7 391 391
M_t2 395 395
Uab3 398 398
Tys5 401 401
C_l0 403 403
Gyk7 404 404
Wad4 405 405
Zjx3 407 407
S_t5 412 412
Egl2 415 415
Rts4 417 417
Cky4 421 421
Jfg5 424 424
Fwe3 428 428
Hxl7 431 431
Wfw9 432 432
Hea0 436 436
Moe2 439 439
Tpk3 443 443
Fdl2 446 446
V_w0 451 451
Rte8 453 453
J_s9 456 456
K_i5 459 459
Bpb4 461 461
Bvg3 464 464
Svz1 468 468
Fp_4 469 469
P_i7 471 471
Gxq5 474 474
Hgo8 476 476
Dpy0 478 478
Yc_6 479 479
Uno0 482 482
Ptk9 483 483
Xca7 485 485
Gic0 490 490
J_j3 491 491
Qfo7 496 496
Ogj7 498 498
Tkk8 501 501
Zns3 504 504
Elm9 508 508
Rda6 511 511
Nnv4 514 514
Owc7 517 517
Jev9 519 519
Qzt6 522 522
Euz3 524 524
Bhm6 527 527
Wwf3 529 529
Knw3 531 531
Eha5 532 532
Ju_9 535 535
Ukw7 538 538
Ogd0 540 540
Mzy8 541 541
Xor6 545 545
Vfj6 548 548
Ggx7 550 550
Jgq6 552 552
Pxf6 555 555
Kc_8 556 556
Sjy4 559 559
Fql8 561 561
Tck5 563 563
W_p5 566 566
Bdv9 569 569
Nrb4 573 573
Rae1 575 575
Uqg2 578 578
Rmn0 579 579
Qkl3 584 584
Fxx2 586 586
Ere3 587 587
Rix1 590 590
Fn_4 593 593
Wur6 597 597
Iy_9 601 601
Oaq5 603 603
Ckw7 606 606
Cdi1 609 609
Tjm3 612 612
Ik_2 616 616
Jyk1 620 620
Igm3 624 624
Qop7 627 627
Awe1 630 630
Xrh9 635 635
Ozb2 640 640
Slp7 642 642
Oc_6 643 643
Oko6 646 646
Oo_1 649 649
Pvq2 654 654
Uj_8 656 656
Cth9 660 660
Clm4 665 665
Exn7 667 667
Zop5 671 671
Uk_4 672 672
Xxb8 674 674
Hij2 679 679
Sft3 683 683
Ecc4 685 685
Vmn9 688 688
Yio8 691 691
Elv8 695 695
Aum1 697 697
H_b9 701 701
T_m0 704 704
X_v8 706 706
Gj_1 710 710
A_r8 712 712
Oyt0 713 713
I_v5 714 714
Sxx9 716 716
Spe8 719 719
Jph7 720 720
Nip4 722 722
Nzt3 723 723
Bxw7 725 725
Fxh5 728 728
Cwp8 733 733
Zkm4 736 736
Nnn3 738 738
M_e5 743 743
Joc8 745 745
Z_d3 747 747
Zgg1 750 750
Pgg2 753 753
Imh8 756 756
Aea8 759 759
Myu5 763 763
Zdp0 767 767
Osa3 772 772
Dy_9 776 776
If_0 778 778
Dsj8 780 780
Yxc4 781 781
Die6 782 782
Iqi5 787 787
B_c2 789 789
Hzk2 791 791
Oql6 794 794
Iad9 797 797
Coz1 801 801
Aew9 802 802
Hpv9 805 805
Fj_8 806 806
Gko2 807 807
H_j5 812 812
Mfa7 813 813
Bnx0 814 814
Doj3 818 818
Qmq4 821 821
Nvt1 823 823
Rhr0 827 827
Zjq4 830 830
P_j5 834 834
Els7 837 837
Btg9 840 840
Nc_9 842 842
Jyi3 845 845
Ny_0 850 850
Kbk9 853 853
Xia6 854 854
G_c2 857 857
New6 858 858
Aym3 862 862
O_b1 864 864
Yzv5 865 865
Ury3 867 867
Asz8 869 869
T_x1 872 872
Qrd2 875 875
Pdr2 878 878
Rqy4 882 882
Fop5 887 887
Cdz7 891 891
Pwh7 894 894
Udr6 896 896
Y_g6 898 898
Kfv1 901 901
Wr_5 904 904
Tvd8 908 908
Ump6 911 911
Xzo8 915 915
Vws9 917 917
Vkb6 920 920
F_b0 923 923
Aof6 925 925
Frg4 927 927
Mct0 930 930
Uxh7 933 933
Bhx1 936 936
Sbx0 939 939
Abu4 943 943
Ggw4 946 946
Z_x0 949 949
Jtn8 954 954
Ndc4 957 957
Upq2 959 959
Eyq2 963 963
Tss3 967 967
Pgx3 969 969
Nn_6 971 971
Tue4 975 975
Tmo1 979 979
Gpf9 982 982
Gt_2 986 986
Yjs5 988 988
Fgn1 990 990
Agw5 992 992
Flp0 994 994
Uta6 998 998
J_m6 1002 1002
Rfh5 1006 1006
Rqy9 1009 1009
Fdl1 1013 1013
Fqx5 1015 1015
D_z0 1018 1018
Gcl0 1020 1020
Krw7 1024 1024
Ave8 1029 1029
Fof5 1032 1032
Mpp0 1034 1034
K__3 1037 1037
Muz1 1041 1041
Jwv0 1042 1042
Dvf8 1045 1045
Drs5 1049 1049
Url8 1052 1052
Ytf2 1055 1055
Etv2 1057 1057
Okz6 1061 1061
Zji1 1062 1062
Dai9 1066 1066
Nji6 1069 1069
Ukk4 1072 1072
Wpa0 1075 1075
Bv_0 1078 1078
Zek8 1080 1080
Xdw4 1082 1082
Kr_7 1087 1087
Cje5 1091 1091
Zsl7 1094 1094
Jlu5 1096 1096
Ea_9 1097 1097
Iif1 1099 1099
Uw_2 1100 1100
Bkg8 1103 1103
Xog7 1107 1107
Z_l2 1111 1111
Jgo8 1114 1114
Ywz5 1118 1118
Psy0 1119 1119
Aqz8 1122 1122
Bwf4 1126 1126
Mwl6 1130 1130
Yho4 1133 1133
Dju8 1137 1137
I_f9 1140 1140
Xzd2 1142 1142
H_i2 1145 1145
Igl3 1148 1148
Eon1 1149 1149
Fil0 1153 1153
Vn_9 1155 1155
Ftt1 1160 1160
Iny5 1161 1161
S_a7 1166 1166
Tlf7 1168 1168
Wi_1 1170 1170
Ojd5 1172 1172
Ctr9 1175 1175
Jxn4 1177 1177
O_s6 1178 1178
Uii5 1181 1181
Ndn9 1184 1184
Yao7 1188 1188
Rvu9 1189 1189
Sep5 1191 1191
J_z7 1194 1194
Yqy5 1197 1197
Psc7 1201 1201
Npc9 1202 1202
Eum4 1206 1206
Vlq6 1210 1210
Sxw4 1215 1215
Vvj4 1217 1217
Sgu3 1218 1218
Irm3 1222 1222
Ral1 1224 1224
Tz_3 1226 1226
Hz_0 1229 1229
Gos5 1232 1232
F_f9 1236 1236
F__2 1239 1239
Hzu5 1241 1241
Ad_0 1244 1244
A_z6 1248 1248
Swe9 1250 1250
Ryy5 1253 1253
Dgg3 1257 1257
Ygf2 1260 1260
Kxi9 1262 1262
Oyt6 1265 1265
Scb7 1266 1266
Zuc1 1269 1269
Pms1 1272 1272
Bwq6 1274 1274
Ygv3 1278 1278
Mrr0 1282 1282
Yku9 1286 1286
R_j8 1288 1288
Eko4 1289 1289
Fsi1 1293 1293
S_i8 1298 1298
Zab5 1301 1301
Ipj0 1304 1304
Boa6 1306 1306
Evg4 1308 1308
Fc_3 1311 1311
N_e5 1314 1314
Mvr3 1315 1315
Wpr1 1319 1319
Hqb5 1321 1321
Nfm7 1324 1324
Fyy5 1328 1328
Ow_8 1331 1331
Zh_0 1335 1335
Szc4 1339 1339
Bsr9 1341 1341
Kxu7 1343 1343
Xeh4 1346 1346
Cav5 1349 1349
Gpq1 1352 1352
Bwd2 1356 1356
N_b7 1357 1357
Huk1 1362 1362
Myb1 1367 1367
Cdv6 1369 1369
Dbh3 1371 1371
Ydr4 1373 1373
Mpp5 1375 1375
Eyo9 1377 1377
Hai2 1380 1380
Evx8 1382 1382
Z_r2 1385 1385
Ocz7 1387 1387
Xus2 1390 1390
Uqu4 1392 1392
Av_8 1393 1393
Nak2 1397 1397
Euo2 1401 1401
Shm1 1403 1403
H_e4 1406 1406
Hme8 1409 1409
Eyy9 1412 1412
Pvi9 1415 1415
Qal6 1418 1418
Oeq1 1423 1423
Iga5 1425 1425
Stm1 1428 1428
P__5 1430 1430
Azr1 1434 1434
Men5 1437 1437
Ayn9 1440 1440
Xdn1 1442 1442
Yqb3 1445 1445
Gtm5 1448 1448
Vd_7 1451 1451
Qjm1 1453 1453
Slg7 1458 1458
Qyf0 1459 1459
Ckv4 1462 1462
Ctv2 1465 1465
Nvx9 1468 1468
Tyi1 1473 1473
Vyn9 1474 1474
Bun7 1478 1478
Ehh0 1480 1480
Hpy6 1483 1483
Obg7 1486 1486
Fcn6 1488 1488
Eaq2 1492 1492
Hmw2 1495 1495
Hlv4 1497 1497
C_e7 1501 1501
Q__0 1504 1504
Afy6 1507 1507
Pud4 1508 1508
Bv_7 1509 1509
Zdt7 1512 1512
Dne6 1516 1516
Mdc3 1519 1519
Pco1 1523 1523
Boy0 1526 1526
Qdk4 1531 1531
Pla8 1533 1533
Rdh9 1536 1536
Oc_1 1539 1539
Avi4 1542 1542
Rvo2 1545 1545
Sfm6 1549 1549
Twk9 1551 1551
Wgg4 1553 1553
Ce_3 1556 1556
Uib7 1558 1558
Uwj5 1562 1562
Awq6-Uwj5
Tck5-Gjd9
Heu8-Ryc7
Eum4-Uib7
Shm1-Ce_3
Ave8-Twk9
Qdk4-Waa1
Wpr1-Sfm6
Rfh5-Avi4
Wpa0-Pla8
Azr1-Boy0
Pvi9-Pco1
Mpp5-Dne6
Mxu4-Zdt7
Zdp0-Pud4
Mwl6-Tsw0
Yrm4-Afy6
Irm3-Q__0
Ztr3-Ugs9
Ju_9-Xgo5
Mzy8-Hmw2
Gpf9-Xuh2
Iga5-Fcn6
Mgp9-Ijg2
Krw7-Cz_9
Vn_9-Hpy6
Eyy9-Tyi1
Fn_4-Hzw2
Abu4-Mkb9
Ju_9-Avl4
Jgo8-Vi_7
Rts4-Zeo9
Xqp9-Qyf0
Ygv3-Spb1
Hme8-Yqb3
W_p5-Trc5
Pqq9-V_u9
Hai2-Ehx0
Zab5-Ayd5
Elm9-Ayn9
Rqy4-Awq6
M_r8-Pqq9
Bgq8-Iga5
Sgu3-Kag3
Myb1-Bi_0
Shm1-Qwn7
Hox5-H_e4
Hpz6-Shm1
Jlu5-Uaq7
Xqp9-Euo2
Uz_3-Av_8
Owc7-Ewd3
Tss3-Xus2
Ukk4-Hxp2
Rts4-Ocz7
Nvt1-Pci9
Hbs7-Evx8
Gko2-Xwa6
Elv8-Eyo9
Fdl2-Dbh3
Hzk2-K_e3
Ad_0-Cdv6
Rfh5-Myb1
Qfo7-Bwd2
Ypr4-Gpq1
Gj_1-Cav5
Zh_0-Eiy3
Bvg3-Kxu7
Pxf6-Szc4
Eyq2-Ow_8
Fgn1-Cnz9
Bwq6-Fyy5
Btg9-Nfm7
Url8-Hqb5
Iyz2-Mvr3
Clm4-N_e5
Vlq6-Mrv9
Oyt0-Zab5
Dm_3-Kwo1
Yku9-R_j8
Iae6-Mrr0
Bwq6-Ygv3
Hox5-Bwq6
Dzh5-Hox5
Xbl5-Dzh5
Ztr3-Xbl5
Pms1-Gjs7
V_u4-Pms1
Isx3-V_u4
Gtr7-Zuc1
Bgq8-Gtr7
Scb7-Bgq8
Uz_3-Oyt6
Kxi9-Uz_3
Hpz6-Yhm3
A_z6-Swe9
Sz_8-A_z6
Mzt8-Iim6
Hzu5-Uv_0
U_l4-Hzu5
Bpc7-U_l4
Yrm4-Bpc7
F__2-Yrm4
M_r8-F_f9
Gos5-M_r8
Hz_0-Gos5
Ral1-Tz_3
Vvj4-Sgu3
Pad5-Vvj4
Vlq6-Sxw4
Kmx0-Vlq6
Eum4-Kmx0
Zp_8-Eum4
Psc7-Npc9
Sep5-J_z7
Rvu9-Sep5
Yao7-Rvu9
Roe1-Yao7
Fvi7-Roe1
Oyg9-Fvi7
Ndn9-Oyg9
Xqp9-Aan9
Uii5-Fmd0
C_j2-Jxn4
Ctr9-C_j2
Ojd5-Ctr9
Fue7-Ojd5
Sio6-Wi_1
Tlf7-Ky_0
Txz8-Oa_6
Iyz2-S_a7
Ixl8-Iyz2
Ryw0-Ixl8
Ftt1-Iny5
Fil0-Vn_9
Igl3-Eon1
Auo4-Igl3
Usn1-H_i2
Qpm8-Usn1
Uab3-M_t2
Dju8-Uab3
Yho4-Tys5
Bwf4-Mwl6
Aqz8-Bwf4
Zjx3-Wad4
S_t5-Ywz5
Egl2-S_t5
Jgo8-Rts4
Z_l2-Jgo8
Cky4-Z_l2
Xog7-Cky4
Bkg8-Xog7
Uw_2-Fwe3
Zhi8-Hxl7
Iif1-Ky_0
Ea_9-Iif1
Zsl7-Jlu5
Hea0-Xdw4
Zek8-Hea0
Moe2-Bv_0
Tpk3-Moe2
Wpa0-Tpk3
Ukk4-Wpa0
Dai9-Nji6
Zji1-Dai9
V_w0-Etv2
Rte8-V_w0
Url8-Ytf2
K_i5-J_s9
Bpb4-K_i5
Bvg3-Bpb4
P_i7-Fp_4
Gxq5-P_i7
Drs5-Hgo8
Dpy0-Drs5
Ptk9-Uno0
Dvf8-Xca7
Muz1-Jwv0
Mpp0-K__3
Fof5-Mpp0
Krw7-Ave8
Gcl0-Krw7
Zhi8-Gcl0
Tkk8-D_z0
Zns3-Tkk8
Rda6-Elm9
Fqx5-Rda6
Fdl1-Nnv4
J_m6-Rfh5
Flp0-Uta6
Agw5-Flp0
Jev9-Agw5
Qzt6-Jev9
Euz3-Qzt6
Fgn1-Euz3
Wwf3-Bhm6
Zhi8-Knw3
Eha5-Ky_0
Ukw7-Ju_9
Ogd0-Ukw7
Mzy8-Gt_2
Gpf9-Mzy8
Tmo1-Gpf9
Tue4-Tmo1
Vfj6-Xor6
Pgx3-Nn_6
Eyq2-Tss3
Upq2-Eyq2
Jgq6-Upq2
Sjy4-Ndc4
Tck5-Fql8
W_p5-Tck5
Nrb4-Bdv9
Rae1-Jtn8
Uqg2-Rae1
Z_x0-Uqg2
Rmn0-Abu4
Bhx1-Rix1
Fn_4-Bhx1
Wur6-Uxh7
Iy_9-Wur6
Oaq5-Iy_9
Ckw7-Mct0
Cdi1-Ckw7
Ik_2-Tjm3
Zhi8-Frg4
Aof6-Ky_0
F_b0-Aof6
Vkb6-F_b0
Vws9-Vkb6
Xzo8-Vws9
Jyk1-Xzo8
Qop7-Ump6
Tvd8-Qop7
Awe1-Tvd8
Wr_5-Xrh9
Kfv1-Wr_5
Slp7-Y_g6
Udr6-Oc_6
Oo_1-Cdz7
Uj_8-Pvq2
Rqy4-Fop5
Exn7-Pdr2
Qrd2-Exn7
Zop5-Qrd2
T_x1-Zop5
Ecc4-Sft3
Yio8-Vmn9
Elv8-Yio8
Zhi8-Elv8
Aum1-Asz8
H_b9-Ury3
Yzv5-H_b9
Aym3-T_m0
New6-X_v8
G_c2-New6
Xia6-G_c2
A_r8-Gj_1
Kbk9-A_r8
Oyt0-Kbk9
I_v5-Oyt0
Jyi3-Ny_0
Spe8-Sxx9
Jph7-Spe8
Nip4-Jph7
Zhi8-Nip4
Btg9-Ky_0
Els7-Btg9
Rhr0-Zjq4
Nvt1-Rhr0
Bxw7-Nzt3
Zkm4-H_j5
Fj_8-Ky_0
Nnn3-Fj_8
Joc8-Hpv9
Zgg1-Z_d3
Pgg2-Zgg1
Aew9-Imh8
Coz1-Aew9
Aea8-Coz1
Oql6-Iad9
B_c2-Hzk2
Dy_9-If_0
Myu5-Dy_9
Osa3-Myu5
Zhi8-Osa3
If_0-Dsj8
Dsj8-Yxc4
Yxc4-Die6
Die6-Iqi5
Iqi5-B_c2
Hzk2-Oql6
Iad9-Aea8
Imh8-Pgg2
Z_d3-Joc8
Hpv9-M_e5
M_e5-Nnn3
Zhi8-Gko2
Gko2-Zkm4
H_j5-Cwp8
Cwp8-Mfa7
Mfa7-Bnx0
Bnx0-Fxh5
Fxh5-Doj3
Doj3-Qmq4
Qmq4-Bxw7
Nzt3-Nvt1
Zjq4-P_j5
P_j5-Els7
Sxx9-Nc_9
Nc_9-Jyi3
Ny_0-I_v5
Gj_1-Xia6
X_v8-Aym3
T_m0-O_b1
O_b1-Yzv5
Ury3-Aum1
Asz8-Ky_0
Vmn9-Ecc4
Sft3-Hij2
Hij2-Xxb8
Xxb8-Uk_4
Uk_4-T_x1
Pdr2-Clm4
Clm4-Rqy4
Fop5-Cth9
Cth9-Uj_8
Pvq2-Oo_1
Cdz7-Ky_0
Zhi8-Oko6
Oko6-Pwh7
Pwh7-Udr6
Oc_6-Slp7
Y_g6-Ozb2
Ozb2-Kfv1
Xrh9-Awe1
Ump6-Igm3
Igm3-Jyk1
Frg4-Ik_2
Tjm3-Cdi1
Mct0-Oaq5
Uxh7-Fn_4
Rix1-Sbx0
Sbx0-Ere3
Ere3-Fxx2
Fxx2-Qkl3
Qkl3-Ky_0
Zhi8-Rmn0
Abu4-Ggw4
Ggw4-Z_x0
Jtn8-Nrb4
Bdv9-W_p5
Fql8-Sjy4
Ndc4-Kc_8
Kc_8-Zdp0
Zdp0-Ky_0
Zhi8-Pxf6
Pxf6-Jgq6
Tss3-Ggx7
Ggx7-Pgx3
Nn_6-Vfj6
Xor6-Tue4
Gt_2-Yjs5
Yjs5-Ogd0
Ju_9-Eha5
Knw3-Wwf3
Bhm6-Fgn1
Uta6-J_m6
Rfh5-Rqy9
Rqy9-Owc7
Owc7-Fdl1
Nnv4-Fqx5
Elm9-Zns3
D_z0-Ky_0
Ave8-Ogj7
Ogj7-Qfo7
Qfo7-J_j3
J_j3-Fof5
K__3-Muz1
Jwv0-Gic0
Gic0-Dvf8
Xca7-Ptk9
Uno0-Yc_6
Yc_6-Dpy0
Hgo8-Gxq5
Fp_4-Svz1
Svz1-Bvg3
J_s9-Url8
Ytf2-Rte8
Etv2-Fdl2
Fdl2-Okz6
Okz6-Zji1
Nji6-Ukk4
Bv_0-Zek8
Xdw4-Kr_7
Kr_7-Cje5
Cje5-Wfw9
Wfw9-Zsl7
Jlu5-Ea_9
Hxl7-Uw_2
Fwe3-Jfg5
Jfg5-Bkg8
Rts4-Egl2
Ywz5-Psy0
Psy0-Zjx3
Wad4-Gyk7
Gyk7-Aqz8
Mwl6-C_l0
C_l0-Yho4
Tys5-Dju8
M_t2-I_f9
I_f9-Hbs7
Hbs7-Xzd2
Xzd2-Qpm8
H_i2-Auo4
Eon1-Fil0
Vn_9-Ftt1
Iny5-Ryw0
S_a7-Txz8
Oa_6-Tlf7
Zhi8-Sio6
Wi_1-Fue7
Jxn4-O_s6
O_s6-Uii5
Fmd0-Qdz1
Qdz1-Xqp9
Aan9-Ndn9
J_z7-Yqy5
Yqy5-Psc7
Npc9-Nki3
Nki3-Zp_8
Sxw4-Pad5
Sgu3-Irm3
Irm3-Ral1
Tz_3-Hz_0
F_f9-F__2
Uv_0-Ad_0
Ad_0-Mzt8
Iim6-Ky_0
Zhi8-Sz_8
Swe9-Ryy5
Ryy5-Hpz6
Yhm3-Mwy7
Mwy7-Dgg3
Dgg3-Ygf2
Ygf2-Kxi9
Oyt6-Scb7
Zuc1-Isx3
Gjs7-Ztr3
Ygv3-Zva7
Zva7-Iae6
Mrr0-Yku9
R_j8-Ehm4
Ehm4-Dm_3
Kwo1-Bc_1
Bc_1-Eko4
Eko4-Fsi1
Fsi1-Ky_0
Mwl6-Ypr4
Bc_1-S_i8
Ygf2-Ipj0
Flp0-Boa6
Sgu3-Evg4
Fop5-Fc_3
Aea8-Wpr1
Sxw4-Jbu9
Fp_4-Fpk7
Dsj8-Awf5
Uxh7-Zh_0
Swe9-Xvc5
Bpb4-Vgi0
Bnx0-Bsr9
F__2-Xeh4
Tjm3-Jbo3
Eon1-Tcp6
Jxn4-N_b7
Ury3-Huk1
Boa6-C_k9
Jbo3-Gdb8
Zab5-Ydr4
Qrd2-Mpp5
Kbk9-Rpv3
Zji1-Hai2
G_c2-Gvv1
Fop5-Kmf1
Zh_0-Z_r2
Sgu3-Hjd0
Agw5-Qrr9
O_s6-Hch9
Uj_8-Uqu4
Jwv0-Ekg1
Aum1-Nak2
T_m0-Ozl5
Gpq1-Psi1
Vn_9-A_w0
Slp7-Mai4
Fop5-Hme8
Rix1-Hxe2
Ywz5-Zzn5
Elv8-Eyy9
Fop5-Ngb9
Hbs7-Pvi9
Qpm8-Mgp9
Wfw9-Qal6
Mfa7-Oeq1
Eyy9-Unf5
Ryw0-Stm1
Dvf8-P__5
Pvq2-Qao6
Xxb8-Ozv7
Dgg3-Azr1
Bxw7-Men5
K_i5-Heu8
Uqg2-Mss8
Wi_1-T_d7
Bwq6-Xdn1
Ny_0-Gtm5
Dju8-Emo4
Uta6-Ouo6
Cnz9-Pln0
Awe1-Vd_7
Ryw0-Qjm1
Rhr0-Slg7
Xwa6-Ckv4
O_b1-Ctv2
Ytf2-Avl1
J_j3-Nvx9
Jyi3-Thp7
Xrh9-Vyn9
Zji1-Bun7
Auo4-Ehh0
P__5-F_j5
Oeq1-Bwy5
Tjm3-Obg7
Asz8-Mxu4
Nfm7-Tfo3
Ftt1-Eaq2
Fxx2-Hlv4
Sft3-Xvl5
Cth9-C_e7
Elm9-Nb_5
Rda6-Bv_7
Xvc5-Mdc3
Zzn5-Qdk4
Ral1-Rdh9
Roe1-Usn2
Cdi1-Oc_1
Fdl2-Rvo2
Oko6-Wgg4
#Here is the number of lines required: 33

L1-Osa3 L2-Nip4 L3-Knw3 L4-Oko6 L5-Elv8 L6-Pxf6 L7-Gko2 L8-Frg4 L9-Rmn0
L1-Myu5 L10-Osa3 L2-Jph7 L11-Nip4 L3-Wwf3 L12-Knw3 L4-Pwh7 L13-Oko6 L5-Yio8 L14-Elv8 L6-Jgq6 L15-Pxf6 L7-Zkm4 L16-Gko2 L8-Ik_2 L17-Frg4 L9-Abu4 L18-Rmn0
L1-Dy_9 L10-Myu5 L19-Osa3 L2-Spe8 L11-Jph7 L20-Nip4 L3-Bhm6 L12-Wwf3 L21-Knw3 L4-Udr6 L13-Pwh7 L22-Oko6 L5-Vmn9 L14-Yio8 L23-Elv8 L6-Upq2 L15-Jgq6 L24-Pxf6 L7-H_j5 L16-Zkm4 L25-Gko2 L8-Tjm3 L17-Ik_2 L26-Frg4 L9-Ggw4 L18-Abu4 L27-Rmn0
L1-If_0 L10-Dy_9 L19-Myu5 L28-Osa3 L2-Sxx9 L11-Spe8 L20-Jph7 L29-Nip4 L3-Fgn1 L12-Bhm6 L21-Wwf3 L30-Knw3 L4-Oc_6 L13-Udr6 L22-Pwh7 L31-Oko6 L5-Ecc4 L14-Vmn9 L23-Yio8 L32-Elv8 L6-Eyq2 L15-Upq2 L24-Jgq6 L33-Pxf6 L7-Cwp8 L16-H_j5 L25-Zkm4 L34-Gko2 L8-Cdi1 L17-Tjm3 L26-Ik_2 L35-Frg4 L9-Z_x0 L18-Ggw4 L27-Abu4 L36-Rmn0
L1-Dsj8 L10-If_0 L19-Dy_9 L28-Myu5 L37-Osa3 L2-Nc_9 L11-Sxx9 L20-Spe8 L29-Jph7 L38-Nip4 L3-Euz3 L12-Fgn1 L21-Bhm6 L30-Wwf3 L39-Knw3 L4-Slp7 L13-Oc_6 L22-Udr6 L31-Pwh7 L40-Oko6 L5-Sft3 L14-Ecc4 L23-Vmn9 L32-Yio8 L41-Elv8 L6-Tss3 L15-Eyq2 L24-Upq2 L33-Jgq6 L42-Pxf6 L7-Mfa7 L16-Cwp8 L25-H_j5 L34-Zkm4 L43-Gko2 L8-Ckw7 L17-Cdi1 L26-Tjm3 L35-Ik_2 L44-Frg4 L9-Uqg2 L18-Z_x0 L27-Ggw4 L36-Abu4 L45-Rmn0
L1-Yxc4 L10-Dsj8 L19-If_0 L28-Dy_9 L37-Myu5 L46-Osa3 L2-Jyi3 L11-Nc_9 L20-Sxx9 L29-Spe8 L38-Jph7 L47-Nip4 L3-Qzt6 L12-Euz3 L21-Fgn1 L30-Bhm6 L39-Wwf3 L48-Knw3 L4-Y_g6 L13-Slp7 L22-Oc_6 L31-Udr6 L40-Pwh7 L49-Oko6 L5-Hij2 L14-Sft3 L23-Ecc4 L32-Vmn9 L41-Yio8 L50-Elv8 L6-Ggx7 L15-Tss3 L24-Eyq2 L33-Upq2 L42-Jgq6 L51-Pxf6 L7-Bnx0 L16-Mfa7 L25-Cwp8 L34-H_j5 L43-Zkm4 L52-Gko2 L8-Mct0 L17-Ckw7 L26-Cdi1 L35-Tjm3 L44-Ik_2 L53-Frg4 L9-Rae1 L18-Uqg2 L27-Z_x0 L36-Ggw4 L45-Abu4 L54-Rmn0
L1-Die6 L10-Yxc4 L19-Dsj8 L28-If_0 L37-Dy_9 L46-Myu5 L55-Osa3 L2-Ny_0 L11-Jyi3 L20-Nc_9 L29-Sxx9 L38-Spe8 L47-Jph7 L56-Nip4 L3-Jev9 L12-Qzt6 L21-Euz3 L30-Fgn1 L39-Bhm6 L48-Wwf3 L57-Knw3 L4-Ozb2 L13-Y_g6 L22-Slp7 L31-Oc_6 L40-Udr6 L49-Pwh7 L58-Oko6 L5-Xxb8 L14-Hij2 L23-Sft3 L32-Ecc4 L41-Vmn9 L50-Yio8 L59-Elv8 L6-Pgx3 L15-Ggx7 L24-Tss3 L33-Eyq2 L42-Upq2 L51-Jgq6 L60-Pxf6 L7-Fxh5 L16-Bnx0 L25-Mfa7 L34-Cwp8 L43-H_j5 L52-Zkm4 L61-Gko2 L8-Oaq5 L17-Mct0 L26-Ckw7 L35-Cdi1 L44-Tjm3 L53-Ik_2 L62-Frg4 L9-Jtn8 L18-Rae1 L27-Uqg2 L36-Z_x0 L45-Ggw4 L54-Abu4 L63-Rmn0
L1-Iqi5 L10-Die6 L19-Yxc4 L28-Dsj8 L37-If_0 L46-Dy_9 L55-Myu5 L64-Osa3 L2-I_v5 L11-Ny_0 L20-Jyi3 L29-Nc_9 L38-Sxx9 L47-Spe8 L56-Jph7 L65-Nip4 L3-Agw5 L12-Jev9 L21-Qzt6 L30-Euz3 L39-Fgn1 L48-Bhm6 L57-Wwf3 L66-Knw3 L4-Kfv1 L13-Ozb2 L22-Y_g6 L31-Slp7 L40-Oc_6 L49-Udr6 L58-Pwh7 L67-Oko6 L5-Uk_4 L14-Xxb8 L23-Hij2 L32-Sft3 L41-Ecc4 L50-Vmn9 L59-Yio8 L68-Elv8 L6-Nn_6 L15-Pgx3 L24-Ggx7 L33-Tss3 L42-Eyq2 L51-Upq2 L60-Jgq6 L69-Pxf6 L7-Doj3 L16-Fxh5 L25-Bnx0 L34-Mfa7 L43-Cwp8 L52-H_j5 L61-Zkm4 L70-Gko2 L8-Iy_9 L17-Oaq5 L26-Mct0 L35-Ckw7 L44-Cdi1 L53-Tjm3 L62-Ik_2 L71-Frg4 L9-Nrb4 L18-Jtn8 L27-Rae1 L36-Uqg2 L45-Z_x0 L54-Ggw4 L63-Abu4 L72-Rmn0
L1-B_c2 L10-Iqi5 L19-Die6 L28-Yxc4 L37-Dsj8 L46-If_0 L55-Dy_9 L64-Myu5 L73-Osa3 L2-Oyt0 L11-I_v5 L20-Ny_0 L29-Jyi3 L38-Nc_9 L47-Sxx9 L56-Spe8 L65-Jph7 L74-Nip4 L3-Flp0 L12-Agw5 L21-Jev9 L30-Qzt6 L39-Euz3 L48-Fgn1 L57-Bhm6 L66-Wwf3 L75-Knw3 L4-Wr_5 L13-Kfv1 L22-Ozb2 L31-Y_g6 L40-Slp7 L49-Oc_6 L58-Udr6 L67-Pwh7 L76-Oko6 L5-T_x1 L14-Uk_4 L23-Xxb8 L32-Hij2 L41-Sft3 L50-Ecc4 L59-Vmn9 L68-Yio8 L77-Elv8 L6-Vfj6 L15-Nn_6 L24-Pgx3 L33-Ggx7 L42-Tss3 L51-Eyq2 L60-Upq2 L69-Jgq6 L78-Pxf6 L7-Qmq4 L16-Doj3 L25-Fxh5 L34-Bnx0 L43-Mfa7 L52-Cwp8 L61-H_j5 L70-Zkm4 L79-Gko2 L8-Wur6 L17-Iy_9 L26-Oaq5 L35-Mct0 L44-Ckw7 L53-Cdi1 L62-Tjm3 L71-Ik_2 L80-Frg4 L9-Bdv9 L18-Nrb4 L27-Jtn8 L36-Rae1 L45-Uqg2 L54-Z_x0 L63-Ggw4 L72-Abu4 L81-Rmn0
L1-Hzk2 L10-B_c2 L19-Iqi5 L28-Die6 L37-Yxc4 L46-Dsj8 L55-If_0 L64-Dy_9 L73-Myu5 L82-Osa3 L2-Kbk9 L11-Oyt0 L20-I_v5 L29-Ny_0 L38-Jyi3 L47-Nc_9 L56-Sxx9 L65-Spe8 L74-Jph7 L83-Nip4 L3-Uta6 L12-Flp0 L21-Agw5 L30-Jev9 L39-Qzt6 L48-Euz3 L57-Fgn1 L66-Bhm6 L75-Wwf3 L84-Knw3 L4-Xrh9 L13-Wr_5 L22-Kfv1 L31-Ozb2 L40-Y_g6 L49-Slp7 L58-Oc_6 L67-Udr6 L76-Pwh7 L85-Oko6 L5-Zop5 L14-T_x1 L23-Uk_4 L32-Xxb8 L41-Hij2 L50-Sft3 L59-Ecc4 L68-Vmn9 L77-Yio8 L86-Elv8 L6-Xor6 L15-Vfj6 L24-Nn_6 L33-Pgx3 L42-Ggx7 L51-Tss3 L60-Eyq2 L69-Upq2 L78-Jgq6 L87-Pxf6 L7-Bxw7 L16-Qmq4 L25-Doj3 L34-Fxh5 L43-Bnx0 L52-Mfa7 L61-Cwp8 L70-H_j5 L79-Zkm4 L88-Gko2 L8-Uxh7 L17-Wur6 L26-Iy_9 L35-Oaq5 L44-Mct0 L53-Ckw7 L62-Cdi1 L71-Tjm3 L80-Ik_2 L89-Frg4 L9-W_p5 L18-Bdv9 L27-Nrb4 L36-Jtn8 L45-Rae1 L54-Uqg2 L63-Z_x0 L72-Ggw4 L81-Abu4 L90-Rmn0
L1-Oql6 L10-Hzk2 L19-B_c2 L28-Iqi5 L37-Die6 L46-Yxc4 L55-Dsj8 L64-If_0 L73-Dy_9 L82-Myu5 L91-Osa3 L2-A_r8 L11-Kbk9 L20-Oyt0 L29-I_v5 L38-Ny_0 L47-Jyi3 L56-Nc_9 L65-Sxx9 L74-Spe8 L83-Jph7 L92-Nip4 L3-J_m6 L12-Uta6 L21-Flp0 L30-Agw5 L39-Jev9 L48-Qzt6 L57-Euz3 L66-Fgn1 L75-Bhm6 L84-Wwf3 L93-Knw3 L4-Awe1 L13-Xrh9 L22-Wr_5 L31-Kfv1 L40-Ozb2 L49-Y_g6 L58-Slp7 L67-Oc_6 L76-Udr6 L85-Pwh7 L94-Oko6 L5-Qrd2 L14-Zop5 L23-T_x1 L32-Uk_4 L41-Xxb8 L50-Hij2 L59-Sft3 L68-Ecc4 L77-Vmn9 L86-Yio8 L95-Elv8 L6-Tue4 L15-Xor6 L24-Vfj6 L33-Nn_6 L42-Pgx3 L51-Ggx7 L60-Tss3 L69-Eyq2 L78-Upq2 L87-Jgq6 L96-Pxf6 L7-Nzt3 L16-Bxw7 L25-Qmq4 L34-Doj3 L43-Fxh5 L52-Bnx0 L61-Mfa7 L70-Cwp8 L79-H_j5 L88-Zkm4 L97-Gko2 L8-Fn_4 L17-Uxh7 L26-Wur6 L35-Iy_9 L44-Oaq5 L53-Mct0 L62-Ckw7 L71-Cdi1 L80-Tjm3 L89-Ik_2 L98-Frg4 L9-Tck5 L18-W_p5 L27-Bdv9 L36-Nrb4 L45-Jtn8 L54-Rae1 L63-Uqg2 L72-Z_x0 L81-Ggw4 L90-Abu4 L99-Rmn0
L1-Iad9 L10-Oql6 L19-Hzk2 L28-B_c2 L37-Iqi5 L46-Die6 L55-Yxc4 L64-Dsj8 L73-If_0 L82-Dy_9 L91-Myu5 L100-Osa3 L2-Gj_1 L11-A_r8 L20-Kbk9 L29-Oyt0 L38-I_v5 L47-Ny_0 L56-Jyi3 L65-Nc_9 L74-Sxx9 L83-Spe8 L92-Jph7 L101-Nip4 L3-Rfh5 L12-J_m6 L21-Uta6 L30-Flp0 L39-Agw5 L48-Jev9 L57-Qzt6 L66-Euz3 L75-Fgn1 L84-Bhm6 L93-Wwf3 L102-Knw3 L4-Tvd8 L13-Awe1 L22-Xrh9 L31-Wr_5 L40-Kfv1 L49-Ozb2 L58-Y_g6 L67-Slp7 L76-Oc_6 L85-Udr6 L94-Pwh7 L103-Oko6 L5-Exn7 L14-Qrd2 L23-Zop5 L32-T_x1 L41-Uk_4 L50-Xxb8 L59-Hij2 L68-Sft3 L77-Ecc4 L86-Vmn9 L95-Yio8 L104-Elv8 L6-Tmo1 L15-Tue4 L24-Xor6 L33-Vfj6 L42-Nn_6 L51-Pgx3 L60-Ggx7 L69-Tss3 L78-Eyq2 L87-Upq2 L96-Jgq6 L105-Pxf6 L7-Nvt1 L16-Nzt3 L25-Bxw7 L34-Qmq4 L43-Doj3 L52-Fxh5 L61-Bnx0 L70-Mfa7 L79-Cwp8 L88-H_j5 L97-Zkm4 L106-Gko2 L8-Bhx1 L17-Fn_4 L26-Uxh7 L35-Wur6 L44-Iy_9 L53-Oaq5 L62-Mct0 L71-Ckw7 L80-Cdi1 L89-Tjm3 L98-Ik_2 L107-Frg4 L9-Fql8 L18-Tck5 L27-W_p5 L36-Bdv9 L45-Nrb4 L54-Jtn8 L63-Rae1 L72-Uqg2 L81-Z_x0 L90-Ggw4 L99-Abu4 L108-Rmn0
L1-Aea8 L10-Iad9 L19-Oql6 L28-Hzk2 L37-B_c2 L46-Iqi5 L55-Die6 L64-Yxc4 L73-Dsj8 L82-If_0 L91-Dy_9 L100-Myu5 L2-Xia6 L11-Gj_1 L20-A_r8 L29-Kbk9 L38-Oyt0 L47-I_v5 L56-Ny_0 L65-Jyi3 L74-Nc_9 L83-Sxx9 L92-Spe8 L101-Jph7 L3-Rqy9 L12-Rfh5 L21-J_m6 L30-Uta6 L39-Flp0 L48-Agw5 L57-Jev9 L66-Qzt6 L75-Euz3 L84-Fgn1 L93-Bhm6 L102-Wwf3 L109-Knw3 L4-Qop7 L13-Tvd8 L22-Awe1 L31-Xrh9 L40-Wr_5 L49-Kfv1 L58-Ozb2 L67-Y_g6 L76-Slp7 L85-Oc_6 L94-Udr6 L103-Pwh7 L110-Oko6 L5-Pdr2 L14-Exn7 L23-Qrd2 L32-Zop5 L41-T_x1 L50-Uk_4 L59-Xxb8 L68-Hij2 L77-Sft3 L86-Ecc4 L95-Vmn9 L104-Yio8 L111-Elv8 L6-Gpf9 L15-Tmo1 L24-Tue4 L33-Xor6 L42-Vfj6 L51-Nn_6 L60-Pgx3 L69-Ggx7 L78-Tss3 L87-Eyq2 L96-Upq2 L105-Jgq6 L112-Pxf6 L7-Rhr0 L16-Nvt1 L25-Nzt3 L34-Bxw7 L43-Qmq4 L52-Doj3 L61-Fxh5 L70-Bnx0 L79-Mfa7 L88-Cwp8 L97-H_j5 L106-Zkm4 L113-Gko2 L8-Rix1 L17-Bhx1 L26-Fn_4 L35-Uxh7 L44-Wur6 L53-Iy_9 L62-Oaq5 L71-Mct0 L80-Ckw7 L89-Cdi1 L98-Tjm3 L107-Ik_2 L114-Frg4 L9-Sjy4 L18-Fql8 L27-Tck5 L36-W_p5 L45-Bdv9 L54-Nrb4 L63-Jtn8 L72-Rae1 L81-Uqg2 L90-Z_x0 L99-Ggw4 L108-Abu4 L115-Rmn0
L1-Coz1 L10-Aea8 L19-Iad9 L28-Oql6 L37-Hzk2 L46-B_c2 L55-Iqi5 L64-Die6 L73-Yxc4 L82-Dsj8 L91-If_0 L100-Dy_9 L2-G_c2 L11-Xia6 L20-Gj_1 L29-A_r8 L38-Kbk9 L47-Oyt0 L56-I_v5 L65-Ny_0 L74-Jyi3 L83-Nc_9 L92-Sxx9 L101-Spe8 L3-Owc7 L12-Rqy9 L21-Rfh5 L30-J_m6 L39-Uta6 L48-Flp0 L57-Agw5 L66-Jev9 L75-Qzt6 L84-Euz3 L93-Fgn1 L102-Bhm6 L109-Wwf3 L4-Ump6 L13-Qop7 L22-Tvd8 L31-Awe1 L40-Xrh9 L49-Wr_5 L58-Kfv1 L67-Ozb2 L76-Y_g6 L85-Slp7 L94-Oc_6 L103-Udr6 L110-Pwh7 L5-Clm4 L14-Pdr2 L23-Exn7 L32-Qrd2 L41-Zop5 L50-T_x1 L59-Uk_4 L68-Xxb8 L77-Hij2 L86-Sft3 L95-Ecc4 L104-Vmn9 L111-Yio8 L6-Mzy8 L15-Gpf9 L24-Tmo1 L33-Tue4 L42-Xor6 L51-Vfj6 L60-Nn_6 L69-Pgx3 L78-Ggx7 L87-Tss3 L96-Eyq2 L105-Upq2 L112-Jgq6 L7-Zjq4 L16-Rhr0 L25-Nvt1 L34-Nzt3 L43-Bxw7 L52-Qmq4 L61-Doj3 L70-Fxh5 L79-Bnx0 L88-Mfa7 L97-Cwp8 L106-H_j5 L113-Zkm4 L8-Sbx0 L17-Rix1 L26-Bhx1 L35-Fn_4 L44-Uxh7 L53-Wur6 L62-Iy_9 L71-Oaq5 L80-Mct0 L89-Ckw7 L98-Cdi1 L107-Tjm3 L114-Ik_2 L9-Ndc4 L18-Sjy4 L27-Fql8 L36-Tck5 L45-W_p5 L54-Bdv9 L63-Nrb4 L72-Jtn8 L81-Rae1 L90-Uqg2 L99-Z_x0 L108-Ggw4 L115-Abu4
L1-Aew9 L10-Coz1 L19-Aea8 L28-Iad9 L37-Oql6 L46-Hzk2 L55-B_c2 L64-Iqi5 L73-Die6 L82-Yxc4 L91-Dsj8 L100-If_0 L2-New6 L11-G_c2 L20-Xia6 L29-Gj_1 L38-A_r8 L47-Kbk9 L56-Oyt0 L65-I_v5 L74-Ny_0 L83-Jyi3 L92-Nc_9 L101-Sxx9 L3-Fdl1 L12-Owc7 L21-Rqy9 L30-Rfh5 L39-J_m6 L48-Uta6 L57-Flp0 L66-Agw5 L75-Jev9 L84-Qzt6 L93-Euz3 L102-Fgn1 L109-Bhm6 L4-Igm3 L13-Ump6 L22-Qop7 L31-Tvd8 L40-Awe1 L49-Xrh9 L58-Wr_5 L67-Kfv1 L76-Ozb2 L85-Y_g6 L94-Slp7 L103-Oc_6 L110-Udr6 L5-Rqy4 L14-Clm4 L23-Pdr2 L32-Exn7 L41-Qrd2 L50-Zop5 L59-T_x1 L68-Uk_4 L77-Xxb8 L86-Hij2 L95-Sft3 L104-Ecc4 L111-Vmn9 L6-Gt_2 L15-Mzy8 L24-Gpf9 L33-Tmo1 L42-Tue4 L51-Xor6 L60-Vfj6 L69-Nn_6 L78-Pgx3 L87-Ggx7 L96-Tss3 L105-Eyq2 L112-Upq2 L7-P_j5 L16-Zjq4 L25-Rhr0 L34-Nvt1 L43-Nzt3 L52-Bxw7 L61-Qmq4 L70-Doj3 L79-Fxh5 L88-Bnx0 L97-Mfa7 L106-Cwp8 L113-H_j5 L8-Ere3 L17-Sbx0 L26-Rix1 L35-Bhx1 L44-Fn_4 L53-Uxh7 L62-Wur6 L71-Iy_9 L80-Oaq5 L89-Mct0 L98-Ckw7 L107-Cdi1 L114-Tjm3 L9-Kc_8 L18-Ndc4 L27-Sjy4 L36-Fql8 L45-Tck5 L54-W_p5 L63-Bdv9 L72-Nrb4 L81-Jtn8 L90-Rae1 L99-Uqg2 L108-Z_x0 L115-Ggw4
L1-Imh8 L10-Aew9 L19-Coz1 L28-Aea8 L37-Iad9 L46-Oql6 L55-Hzk2 L64-B_c2 L73-Iqi5 L82-Die6 L91-Yxc4 L100-Dsj8 L2-X_v8 L11-New6 L20-G_c2 L29-Xia6 L38-Gj_1 L47-A_r8 L56-Kbk9 L65-Oyt0 L74-I_v5 L83-Ny_0 L92-Jyi3 L101-Nc_9 L3-Nnv4 L12-Fdl1 L21-Owc7 L30-Rqy9 L39-Rfh5 L48-J_m6 L57-Uta6 L66-Flp0 L75-Agw5 L84-Jev9 L93-Qzt6 L102-Euz3 L109-Fgn1 L4-Jyk1 L13-Igm3 L22-Ump6 L31-Qop7 L40-Tvd8 L49-Awe1 L58-Xrh9 L67-Wr_5 L76-Kfv1 L85-Ozb2 L94-Y_g6 L103-Slp7 L110-Oc_6 L5-Fop5 L14-Rqy4 L23-Clm4 L32-Pdr2 L41-Exn7 L50-Qrd2 L59-Zop5 L68-T_x1 L77-Uk_4 L86-Xxb8 L95-Hij2 L104-Sft3 L111-Ecc4 L6-Yjs5 L15-Gt_2 L24-Mzy8 L33-Gpf9 L42-Tmo1 L51-Tue4 L60-Xor6 L69-Vfj6 L78-Nn_6 L87-Pgx3 L96-Ggx7 L105-Tss3 L112-Eyq2 L7-Els7 L16-P_j5 L25-Zjq4 L34-Rhr0 L43-Nvt1 L52-Nzt3 L61-Bxw7 L70-Qmq4 L79-Doj3 L88-Fxh5 L97-Bnx0 L106-Mfa7 L113-Cwp8 L8-Fxx2 L17-Ere3 L26-Sbx0 L35-Rix1 L44-Bhx1 L53-Fn_4 L62-Uxh7 L71-Wur6 L80-Iy_9 L89-Oaq5 L98-Mct0 L107-Ckw7 L114-Cdi1 L9-Zdp0 L18-Kc_8 L27-Ndc4 L36-Sjy4 L45-Fql8 L54-Tck5 L63-W_p5 L72-Bdv9 L81-Nrb4 L90-Jtn8 L99-Rae1 L108-Uqg2 L115-Z_x0
L1-Pgg2 L10-Imh8 L19-Aew9 L28-Coz1 L37-Aea8 L46-Iad9 L55-Oql6 L64-Hzk2 L73-B_c2 L82-Iqi5 L91-Die6 L100-Yxc4 L2-Aym3 L11-X_v8 L20-New6 L29-G_c2 L38-Xia6 L47-Gj_1 L56-A_r8 L65-Kbk9 L74-Oyt0 L83-I_v5 L92-Ny_0 L101-Jyi3 L3-Fqx5 L12-Nnv4 L21-Fdl1 L30-Owc7 L39-Rqy9 L48-Rfh5 L57-J_m6 L66-Uta6 L75-Flp0 L84-Agw5 L93-Jev9 L102-Qzt6 L109-Euz3 L4-Xzo8 L13-Jyk1 L22-Igm3 L31-Ump6 L40-Qop7 L49-Tvd8 L58-Awe1 L67-Xrh9 L76-Wr_5 L85-Kfv1 L94-Ozb2 L103-Y_g6 L110-Slp7 L5-Cth9 L14-Fop5 L23-Rqy4 L32-Clm4 L41-Pdr2 L50-Exn7 L59-Qrd2 L68-Zop5 L77-T_x1 L86-Uk_4 L95-Xxb8 L104-Hij2 L111-Sft3 L6-Ogd0 L15-Yjs5 L24-Gt_2 L33-Mzy8 L42-Gpf9 L51-Tmo1 L60-Tue4 L69-Xor6 L78-Vfj6 L87-Nn_6 L96-Pgx3 L105-Ggx7 L112-Tss3 L7-Btg9 L16-Els7 L25-P_j5 L34-Zjq4 L43-Rhr0 L52-Nvt1 L61-Nzt3 L70-Bxw7 L79-Qmq4 L88-Doj3 L97-Fxh5 L106-Bnx0 L113-Mfa7 L8-Qkl3 L17-Fxx2 L26-Ere3 L35-Sbx0 L44-Rix1 L53-Bhx1 L62-Fn_4 L71-Uxh7 L80-Wur6 L89-Iy_9 L98-Oaq5 L107-Mct0 L114-Ckw7 L9-Ky_0 L18-Zdp0 L27-Kc_8 L36-Ndc4 L45-Sjy4 L54-Fql8 L63-Tck5 L72-W_p5 L81-Bdv9 L90-Nrb4 L99-Jtn8 L108-Rae1 L115-Uqg2
L1-Zgg1 L10-Pgg2 L19-Imh8 L28-Aew9 L37-Coz1 L46-Aea8 L55-Iad9 L64-Oql6 L73-Hzk2 L82-B_c2 L91-Iqi5 L100-Die6 L2-T_m0 L11-Aym3 L20-X_v8 L29-New6 L38-G_c2 L47-Xia6 L56-Gj_1 L65-A_r8 L74-Kbk9 L83-Oyt0 L92-I_v5 L101-Ny_0 L3-Rda6 L12-Fqx5 L21-Nnv4 L30-Fdl1 L39-Owc7 L48-Rqy9 L57-Rfh5 L66-J_m6 L75-Uta6 L84-Flp0 L93-Agw5 L102-Jev9 L109-Qzt6 L4-Vws9 L13-Xzo8 L22-Jyk1 L31-Igm3 L40-Ump6 L49-Qop7 L58-Tvd8 L67-Awe1 L76-Xrh9 L85-Wr_5 L94-Kfv1 L103-Ozb2 L110-Y_g6 L5-Uj_8 L14-Cth9 L23-Fop5 L32-Rqy4 L41-Clm4 L50-Pdr2 L59-Exn7 L68-Qrd2 L77-Zop5 L86-T_x1 L95-Uk_4 L104-Xxb8 L111-Hij2 L6-Ukw7 L15-Ogd0 L24-Yjs5 L33-Gt_2 L42-Mzy8 L51-Gpf9 L60-Tmo1 L69-Tue4 L78-Xor6 L87-Vfj6 L96-Nn_6 L105-Pgx3 L112-Ggx7 L7-Ky_0 L16-Btg9 L25-Els7 L34-P_j5 L43-Zjq4 L52-Rhr0 L61-Nvt1 L70-Nzt3 L79-Bxw7 L88-Qmq4 L97-Doj3 L106-Fxh5 L113-Bnx0 L8-Ky_0 L17-Qkl3 L26-Fxx2 L35-Ere3 L44-Sbx0 L53-Rix1 L62-Bhx1 L71-Fn_4 L80-Uxh7 L89-Wur6 L98-Iy_9 L107-Oaq5 L114-Mct0 L18-Ky_0 L27-Zdp0 L36-Kc_8 L45-Ndc4 L54-Sjy4 L63-Fql8 L72-Tck5 L81-W_p5 L90-Bdv9 L99-Nrb4 L108-Jtn8 L115-Rae1
L1-Z_d3 L10-Zgg1 L19-Pgg2 L28-Imh8 L37-Aew9 L46-Coz1 L55-Aea8 L64-Iad9 L73-Oql6 L82-Hzk2 L91-B_c2 L100-Iqi5 L2-O_b1 L11-T_m0 L20-Aym3 L29-X_v8 L38-New6 L47-G_c2 L56-Xia6 L65-Gj_1 L74-A_r8 L83-Kbk9 L92-Oyt0 L101-I_v5 L3-Elm9 L12-Rda6 L21-Fqx5 L30-Nnv4 L39-Fdl1 L48-Owc7 L57-Rqy9 L66-Rfh5 L75-J_m6 L84-Uta6 L93-Flp0 L102-Agw5 L109-Jev9 L4-Vkb6 L13-Vws9 L22-Xzo8 L31-Jyk1 L40-Igm3 L49-Ump6 L58-Qop7 L67-Tvd8 L76-Awe1 L85-Xrh9 L94-Wr_5 L103-Kfv1 L110-Ozb2 L5-Pvq2 L14-Uj_8 L23-Cth9 L32-Fop5 L41-Rqy4 L50-Clm4 L59-Pdr2 L68-Exn7 L77-Qrd2 L86-Zop5 L95-T_x1 L104-Uk_4 L111-Xxb8 L6-Ju_9 L15-Ukw7 L24-Ogd0 L33-Yjs5 L42-Gt_2 L51-Mzy8 L60-Gpf9 L69-Tmo1 L78-Tue4 L87-Xor6 L96-Vfj6 L105-Nn_6 L112-Pgx3 L16-Ky_0 L25-Btg9 L34-Els7 L43-P_j5 L52-Zjq4 L61-Rhr0 L70-Nvt1 L79-Nzt3 L88-Bxw7 L97-Qmq4 L106-Doj3 L113-Fxh5 L17-Ky_0 L26-Qkl3 L35-Fxx2 L44-Ere3 L53-Sbx0 L62-Rix1 L71-Bhx1 L80-Fn_4 L89-Uxh7 L98-Wur6 L107-Iy_9 L114-Oaq5 L27-Ky_0 L36-Zdp0 L45-Kc_8 L54-Ndc4 L63-Sjy4 L72-Fql8 L81-Tck5 L90-W_p5 L99-Bdv9 L108-Nrb4 L115-Jtn8
L1-Joc8 L10-Z_d3 L19-Zgg1 L28-Pgg2 L37-Imh8 L46-Aew9 L55-Coz1 L64-Aea8 L73-Iad9 L82-Oql6 L91-Hzk2 L100-B_c2 L2-Yzv5 L11-O_b1 L20-T_m0 L29-Aym3 L38-X_v8 L47-New6 L56-G_c2 L65-Xia6 L74-Gj_1 L83-A_r8 L92-Kbk9 L101-Oyt0 L3-Zns3 L12-Elm9 L21-Rda6 L30-Fqx5 L39-Nnv4 L48-Fdl1 L57-Owc7 L66-Rqy9 L75-Rfh5 L84-J_m6 L93-Uta6 L102-Flp0 L109-Agw5 L4-F_b0 L13-Vkb6 L22-Vws9 L31-Xzo8 L40-Jyk1 L49-Igm3 L58-Ump6 L67-Qop7 L76-Tvd8 L85-Awe1 L94-Xrh9 L103-Wr_5 L110-Kfv1 L5-Oo_1 L14-Pvq2 L23-Uj_8 L32-Cth9 L41-Fop5 L50-Rqy4 L59-Clm4 L68-Pdr2 L77-Exn7 L86-Qrd2 L95-Zop5 L104-T_x1 L111-Uk_4 L6-Eha5 L15-Ju_9 L24-Ukw7 L33-Ogd0 L42-Yjs5 L51-Gt_2 L60-Mzy8 L69-Gpf9 L78-Tmo1 L87-Tue4 L96-Xor6 L105-Vfj6 L112-Nn_6 L25-Ky_0 L34-Btg9 L43-Els7 L52-P_j5 L61-Zjq4 L70-Rhr0 L79-Nvt1 L88-Nzt3 L97-Bxw7 L106-Qmq4 L113-Doj3 L26-Ky_0 L35-Qkl3 L44-Fxx2 L53-Ere3 L62-Sbx0 L71-Rix1 L80-Bhx1 L89-Fn_4 L98-Uxh7 L107-Wur6 L114-Iy_9 L36-Ky_0 L45-Zdp0 L54-Kc_8 L63-Ndc4 L72-Sjy4 L81-Fql8 L90-Tck5 L99-W_p5 L108-Bdv9 L115-Nrb4
L1-Hpv9 L10-Joc8 L19-Z_d3 L28-Zgg1 L37-Pgg2 L46-Imh8 L55-Aew9 L64-Coz1 L73-Aea8 L82-Iad9 L91-Oql6 L100-Hzk2 L2-H_b9 L11-Yzv5 L20-O_b1 L29-T_m0 L38-Aym3 L47-X_v8 L56-New6 L65-G_c2 L74-Xia6 L83-Gj_1 L92-A_r8 L101-Kbk9 L3-Tkk8 L12-Zns3 L21-Elm9 L30-Rda6 L39-Fqx5 L48-Nnv4 L57-Fdl1 L66-Owc7 L75-Rqy9 L84-Rfh5 L93-J_m6 L102-Uta6 L109-Flp0 L4-Aof6 L13-F_b0 L22-Vkb6 L31-Vws9 L40-Xzo8 L49-Jyk1 L58-Igm3 L67-Ump6 L76-Qop7 L85-Tvd8 L94-Awe1 L103-Xrh9 L110-Wr_5 L5-Cdz7 L14-Oo_1 L23-Pvq2 L32-Uj_8 L41-Cth9 L50-Fop5 L59-Rqy4 L68-Clm4 L77-Pdr2 L86-Exn7 L95-Qrd2 L104-Zop5 L111-T_x1 L6-Ky_0 L15-Eha5 L24-Ju_9 L33-Ukw7 L42-Ogd0 L51-Yjs5 L60-Gt_2 L69-Mzy8 L78-Gpf9 L87-Tmo1 L96-Tue4 L105-Xor6 L112-Vfj6 L34-Ky_0 L43-Btg9 L52-Els7 L61-P_j5 L70-Zjq4 L79-Rhr0 L88-Nvt1 L97-Nzt3 L106-Bxw7 L113-Qmq4 L35-Ky_0 L44-Qkl3 L53-Fxx2 L62-Ere3 L71-Sbx0 L80-Rix1 L89-Bhx1 L98-Fn_4 L107-Uxh7 L114-Wur6 L45-Ky_0 L54-Zdp0 L63-Kc_8 L72-Ndc4 L81-Sjy4 L90-Fql8 L99-Tck5 L108-W_p5 L115-Bdv9
L1-M_e5 L10-Hpv9 L19-Joc8 L28-Z_d3 L37-Zgg1 L46-Pgg2 L55-Imh8 L64-Aew9 L73-Coz1 L82-Aea8 L91-Iad9 L100-Oql6 L2-Ury3 L11-H_b9 L20-Yzv5 L29-O_b1 L38-T_m0 L47-Aym3 L56-X_v8 L65-New6 L74-G_c2 L83-Xia6 L92-Gj_1 L101-A_r8 L3-D_z0 L12-Tkk8 L21-Zns3 L30-Elm9 L39-Rda6 L48-Fqx5 L57-Nnv4 L66-Fdl1 L75-Owc7 L84-Rqy9 L93-Rfh5 L102-J_m6 L109-Uta6 L4-Ky_0 L13-Aof6 L22-F_b0 L31-Vkb6 L40-Vws9 L49-Xzo8 L58-Jyk1 L67-Igm3 L76-Ump6 L85-Qop7 L94-Tvd8 L103-Awe1 L110-Xrh9 L5-Ky_0 L14-Cdz7 L23-Oo_1 L32-Pvq2 L41-Uj_8 L50-Cth9 L59-Fop5 L68-Rqy4 L77-Clm4 L86-Pdr2 L95-Exn7 L104-Qrd2 L111-Zop5 L15-Ky_0 L24-Eha5 L33-Ju_9 L42-Ukw7 L51-Ogd0 L60-Yjs5 L69-Gt_2 L78-Mzy8 L87-Gpf9 L96-Tmo1 L105-Tue4 L112-Xor6 L43-Ky_0 L52-Btg9 L61-Els7 L70-P_j5 L79-Zjq4 L88-Rhr0 L97-Nvt1 L106-Nzt3 L113-Bxw7 L44-Ky_0 L53-Qkl3 L62-Fxx2 L71-Ere3 L80-Sbx0 L89-Rix1 L98-Bhx1 L107-Fn_4 L114-Uxh7 L54-Ky_0 L63-Zdp0 L72-Kc_8 L81-Ndc4 L90-Sjy4 L99-Fql8 L108-Tck5 L115-W_p5
L1-Nnn3 L10-M_e5 L19-Hpv9 L28-Joc8 L37-Z_d3 L46-Zgg1 L55-Pgg2 L64-Imh8 L73-Aew9 L82-Coz1 L91-Aea8 L100-Iad9 L2-Aum1 L11-Ury3 L20-H_b9 L29-Yzv5 L38-O_b1 L47-T_m0 L56-Aym3 L65-X_v8 L74-New6 L83-G_c2 L92-Xia6 L101-Gj_1 L3-Ky_0 L12-D_z0 L21-Tkk8 L30-Zns3 L39-Elm9 L48-Rda6 L57-Fqx5 L66-Nnv4 L75-Fdl1 L84-Owc7 L93-Rqy9 L102-Rfh5 L109-J_m6 L13-Ky_0 L22-Aof6 L31-F_b0 L40-Vkb6 L49-Vws9 L58-Xzo8 L67-Jyk1 L76-Igm3 L85-Ump6 L94-Qop7 L103-Tvd8 L110-Awe1 L14-Ky_0 L23-Cdz7 L32-Oo_1 L41-Pvq2 L50-Uj_8 L59-Cth9 L68-Fop5 L77-Rqy4 L86-Clm4 L95-Pdr2 L104-Exn7 L111-Qrd2 L24-Ky_0 L33-Eha5 L42-Ju_9 L51-Ukw7 L60-Ogd0 L69-Yjs5 L78-Gt_2 L87-Mzy8 L96-Gpf9 L105-Tmo1 L112-Tue4 L52-Ky_0 L61-Btg9 L70-Els7 L79-P_j5 L88-Zjq4 L97-Rhr0 L106-Nvt1 L113-Nzt3 L53-Ky_0 L62-Qkl3 L71-Fxx2 L80-Ere3 L89-Sbx0 L98-Rix1 L107-Bhx1 L114-Fn_4 L63-Ky_0 L72-Zdp0 L81-Kc_8 L90-Ndc4 L99-Sjy4 L108-Fql8 L115-Tck5
L1-Fj_8 L10-Nnn3 L19-M_e5 L28-Hpv9 L37-Joc8 L46-Z_d3 L55-Zgg1 L64-Pgg2 L73-Imh8 L82-Aew9 L91-Coz1 L100-Aea8 L2-Asz8 L11-Aum1 L20-Ury3 L29-H_b9 L38-Yzv5 L47-O_b1 L56-T_m0 L65-Aym3 L74-X_v8 L83-New6 L92-G_c2 L101-Xia6 L12-Ky_0 L21-D_z0 L30-Tkk8 L39-Zns3 L48-Elm9 L57-Rda6 L66-Fqx5 L75-Nnv4 L84-Fdl1 L93-Owc7 L102-Rqy9 L109-Rfh5 L22-Ky_0 L31-Aof6 L40-F_b0 L49-Vkb6 L58-Vws9 L67-Xzo8 L76-Jyk1 L85-Igm3 L94-Ump6 L103-Qop7 L110-Tvd8 L23-Ky_0 L32-Cdz7 L41-Oo_1 L50-Pvq2 L59-Uj_8 L68-Cth9 L77-Fop5 L86-Rqy4 L95-Clm4 L104-Pdr2 L111-Exn7 L33-Ky_0 L42-Eha5 L51-Ju_9 L60-Ukw7 L69-Ogd0 L78-Yjs5 L87-Gt_2 L96-Mzy8 L105-Gpf9 L112-Tmo1 L61-Ky_0 L70-Btg9 L79-Els7 L88-P_j5 L97-Zjq4 L106-Rhr0 L113-Nvt1 L62-Ky_0 L71-Qkl3 L80-Fxx2 L89-Ere3 L98-Sbx0 L107-Rix1 L114-Bhx1 L72-Ky_0 L81-Zdp0 L90-Kc_8 L99-Ndc4 L108-Sjy4 L115-Fql8
L1-Ky_0 L10-Fj_8 L19-Nnn3 L28-M_e5 L37-Hpv9 L46-Joc8 L55-Z_d3 L64-Zgg1 L73-Pgg2 L82-Imh8 L91-Aew9 L100-Coz1 L2-Ky_0 L11-Asz8 L20-Aum1 L29-Ury3 L38-H_b9 L47-Yzv5 L56-O_b1 L65-T_m0 L74-Aym3 L83-X_v8 L92-New6 L101-G_c2 L21-Ky_0 L30-D_z0 L39-Tkk8 L48-Zns3 L57-Elm9 L66-Rda6 L75-Fqx5 L84-Nnv4 L93-Fdl1 L102-Owc7 L109-Rqy9 L31-Ky_0 L40-Aof6 L49-F_b0 L58-Vkb6 L67-Vws9 L76-Xzo8 L85-Jyk1 L94-Igm3 L103-Ump6 L110-Qop7 L32-Ky_0 L41-Cdz7 L50-Oo_1 L59-Pvq2 L68-Uj_8 L77-Cth9 L86-Fop5 L95-Rqy4 L104-Clm4 L111-Pdr2 L42-Ky_0 L51-Eha5 L60-Ju_9 L69-Ukw7 L78-Ogd0 L87-Yjs5 L96-Gt_2 L105-Mzy8 L112-Gpf9 L70-Ky_0 L79-Btg9 L88-Els7 L97-P_j5 L106-Zjq4 L113-Rhr0 L71-Ky_0 L80-Qkl3 L89-Fxx2 L98-Ere3 L107-Sbx0 L114-Rix1 L81-Ky_0 L90-Zdp0 L99-Kc_8 L108-Ndc4 L115-Sjy4
L10-Ky_0 L19-Fj_8 L28-Nnn3 L37-M_e5 L46-Hpv9 L55-Joc8 L64-Z_d3 L73-Zgg1 L82-Pgg2 L91-Imh8 L100-Aew9 L11-Ky_0 L20-Asz8 L29-Aum1 L38-Ury3 L47-H_b9 L56-Yzv5 L65-O_b1 L74-T_m0 L83-Aym3 L92-X_v8 L101-New6 L30-Ky_0 L39-D_z0 L48-Tkk8 L57-Zns3 L66-Elm9 L75-Rda6 L84-Fqx5 L93-Nnv4 L102-Fdl1 L109-Owc7 L40-Ky_0 L49-Aof6 L58-F_b0 L67-Vkb6 L76-Vws9 L85-Xzo8 L94-Jyk1 L103-Igm3 L110-Ump6 L41-Ky_0 L50-Cdz7 L59-Oo_1 L68-Pvq2 L77-Uj_8 L86-Cth9 L95-Fop5 L104-Rqy4 L111-Clm4 L51-Ky_0 L60-Eha5 L69-Ju_9 L78-Ukw7 L87-Ogd0 L96-Yjs5 L105-Gt_2 L112-Mzy8 L79-Ky_0 L88-Btg9 L97-Els7 L106-P_j5 L113-Zjq4 L80-Ky_0 L89-Qkl3 L98-Fxx2 L107-Ere3 L114-Sbx0 L90-Ky_0 L99-Zdp0 L108-Kc_8 L115-Ndc4
L19-Ky_0 L28-Fj_8 L37-Nnn3 L46-M_e5 L55-Hpv9 L64-Joc8 L73-Z_d3 L82-Zgg1 L91-Pgg2 L100-Imh8 L20-Ky_0 L29-Asz8 L38-Aum1 L47-Ury3 L56-H_b9 L65-Yzv5 L74-O_b1 L83-T_m0 L92-Aym3 L101-X_v8 L39-Ky_0 L48-D_z0 L57-Tkk8 L66-Zns3 L75-Elm9 L84-Rda6 L93-Fqx5 L102-Nnv4 L109-Fdl1 L49-Ky_0 L58-Aof6 L67-F_b0 L76-Vkb6 L85-Vws9 L94-Xzo8 L103-Jyk1 L110-Igm3 L50-Ky_0 L59-Cdz7 L68-Oo_1 L77-Pvq2 L86-Uj_8 L95-Cth9 L104-Fop5 L111-Rqy4 L60-Ky_0 L69-Eha5 L78-Ju_9 L87-Ukw7 L96-Ogd0 L105-Yjs5 L112-Gt_2 L88-Ky_0 L97-Btg9 L106-Els7 L113-P_j5 L89-Ky_0 L98-Qkl3 L107-Fxx2 L114-Ere3 L99-Ky_0 L108-Zdp0 L115-Kc_8
L28-Ky_0 L37-Fj_8 L46-Nnn3 L55-M_e5 L64-Hpv9 L73-Joc8 L82-Z_d3 L91-Zgg1 L100-Pgg2 L29-Ky_0 L38-Asz8 L47-Aum1 L56-Ury3 L65-H_b9 L74-Yzv5 L83-O_b1 L92-T_m0 L101-Aym3 L48-Ky_0 L57-D_z0 L66-Tkk8 L75-Zns3 L84-Elm9 L93-Rda6 L102-Fqx5 L109-Nnv4 L58-Ky_0 L67-Aof6 L76-F_b0 L85-Vkb6 L94-Vws9 L103-Xzo8 L110-Jyk1 L59-Ky_0 L68-Cdz7 L77-Oo_1 L86-Pvq2 L95-Uj_8 L104-Cth9 L111-Fop5 L69-Ky_0 L78-Eha5 L87-Ju_9 L96-Ukw7 L105-Ogd0 L112-Yjs5 L97-Ky_0 L106-Btg9 L113-Els7 L98-Ky_0 L107-Qkl3 L114-Fxx2 L108-Ky_0 L115-Zdp0
L37-Ky_0 L46-Fj_8 L55-Nnn3 L64-M_e5 L73-Hpv9 L82-Joc8 L91-Z_d3 L100-Zgg1 L38-Ky_0 L47-Asz8 L56-Aum1 L65-Ury3 L74-H_b9 L83-Yzv5 L92-O_b1 L101-T_m0 L57-Ky_0 L66-D_z0 L75-Tkk8 L84-Zns3 L93-Elm9 L102-Rda6 L109-Fqx5 L67-Ky_0 L76-Aof6 L85-F_b0 L94-Vkb6 L103-Vws9 L110-Xzo8 L68-Ky_0 L77-Cdz7 L86-Oo_1 L95-Pvq2 L104-Uj_8 L111-Cth9 L78-Ky_0 L87-Eha5 L96-Ju_9 L105-Ukw7 L112-Ogd0 L106-Ky_0 L113-Btg9 L107-Ky_0 L114-Qkl3 L115-Ky_0
L46-Ky_0 L55-Fj_8 L64-Nnn3 L73-M_e5 L82-Hpv9 L91-Joc8 L100-Z_d3 L47-Ky_0 L56-Asz8 L65-Aum1 L74-Ury3 L83-H_b9 L92-Yzv5 L101-O_b1 L66-Ky_0 L75-D_z0 L84-Tkk8 L93-Zns3 L102-Elm9 L109-Rda6 L76-Ky_0 L85-Aof6 L94-F_b0 L103-Vkb6 L110-Vws9 L77-Ky_0 L86-Cdz7 L95-Oo_1 L104-Pvq2 L111-Uj_8 L87-Ky_0 L96-Eha5 L105-Ju_9 L112-Ukw7 L113-Ky_0 L114-Ky_0
L55-Ky_0 L64-Fj_8 L73-Nnn3 L82-M_e5 L91-Hpv9 L100-Joc8 L56-Ky_0 L65-Asz8 L74-Aum1 L83-Ury3 L92-H_b9 L101-Yzv5 L75-Ky_0 L84-D_z0 L93-Tkk8 L102-Zns3 L109-Elm9 L85-Ky_0 L94-Aof6 L103-F_b0 L110-Vkb6 L86-Ky_0 L95-Cdz7 L104-Oo_1 L111-Pvq2 L96-Ky_0 L105-Eha5 L112-Ju_9
L64-Ky_0 L73-Fj_8 L82-Nnn3 L91-M_e5 L100-Hpv9 L65-Ky_0 L74-Asz8 L83-Aum1 L92-Ury3 L101-H_b9 L84-Ky_0 L93-D_z0 L102-Tkk8 L109-Zns3 L94-Ky_0 L103-Aof6 L110-F_b0 L95-Ky_0 L104-Cdz7 L111-Oo_1 L105-Ky_0 L112-Eha5
L73-Ky_0 L82-Fj_8 L91-Nnn3 L100-M_e5 L74-Ky_0 L83-Asz8 L92-Aum1 L101-Ury3 L93-Ky_0 L102-D_z0 L109-Tkk8 L103-Ky_0 L110-Aof6 L104-Ky_0 L111-Cdz7 L112-Ky_0
L82-Ky_0 L91-Fj_8 L100-Nnn3 L83-Ky_0 L92-Asz8 L101-Aum1 L102-Ky_0 L109-D_z0 L110-Ky_0 L111-Ky_0
L91-Ky_0 L100-Fj_8 L92-Ky_0 L101-Asz8 L109-Ky_0
L100-Ky_0 L101-Ky_0
