155
#Here is the number of lines required: 35
##start
Oxw2 3 3
##end
P_l2 4 4
Aym3 8 8
Pby6 12 12
Feo3 15 15
Sih1 16 16
Knu2 18 18
Tiq3 20 20
Smy2 25 25
Xlq4 29 29
Goi8 33 33
Qvy2 37 37
Zso4 41 41
Ewi6 44 44
Xga3 46 46
Aos9 50 50
Nhh9 52 52
T_l4 57 57
Upw9 62 62
Rmu5 67 67
Wal3 70 70
M_b6 71 71
Tlf6 74 74
H_y8 77 77
Jzk4 80 80
Xgz1 85 85
Kal6 88 88
Dbb3 92 92
Fsd7 95 95
Ayg1 98 98
Ggf1 100 100
Eh_1 104 104
Nqi1 108 108
Uef3 112 112
Uog7 114 114
Afz0 118 118
Vda9 119 119
M_p9 120 120
Yxi9 124 124
Hkd4 128 128
Wem6 130 130
Sfp6 132 132
Oil4 134 134
Wmq4 136 136
Fal4 141 141
Wpw9 144 144
Buw8 145 145
Vcp4 150 150
Gd_2 153 153
C_a1 156 156
Hla9 161 161
Etz7 165 165
Ci_3 168 168
Jrq5 173 173
Ajy7 176 176
Jt_7 180 180
Dpe5 183 183
Urj3 186 186
Ghx4 188 188
Rcd4 192 192
Yje3 193 193
Ttw1 194 194
I_s4 195 195
Us_5 198 198
Mco4 202 202
Kd_4 205 205
Tqs8 210 210
Eae8 215 215
Av_2 218 218
Yth8 219 219
Tmn2 220 220
Oiy6 224 224
Wtb2 229 229
Txr9 231 231
Wof7 232 232
Tvj0 237 237
Oym9 242 242
Gow5 244 244
Xzq5 247 247
Zks6 250 250
Qfc4 253 253
Tai9 255 255
Po_3 258 258
Rbh3 263 263
Py_5 267 267
Fit9 269 269
Vsl1 272 272
M_w0 276 276
Gm_0 281 281
Ptg4 283 283
Wov7 286 286
Rvk3 289 289
Ufn3 293 293
Yih1 296 296
Thr9 299 299
Uzj1 301 301
Sms2 304 304
Vmz0 306 306
Zir8 308 308
Hmq5 311 311
Ptv6 314 314
Zgv2 317 317
Rjn1 320 320
Rcv6 324 324
Ylg9 325 325
Qeo5 328 328
Eir0 330 330
Hhu1 332 332
Nni7 335 335
Smj0 338 338
Suz2 343 343
Wpz7 346 346
Qih8 349 349
Idr5 352 352
T_d8 356 356
Wop2 358 358
Oul8 361 361
Vjn3 363 363
Pbv3 366 366
Yfb1 369 369
Gm_5 370 370
Ghw1 373 373
Uhh3 375 375
U__5 379 379
Qmp5 384 384
Wyo2 388 388
Qza9 392 392
Ecv4 394 394
Wax0 398 398
Pzp2 402 402
Ggu8 406 406
Unj2 409 409
Ypr3 412 412
Igt5 417 417
F_m7 421 421
Gdu8 423 423
Umk6 425 425
Qsc1 428 428
Fta0 431 431
Qdt1 433 433
Bzu4 436 436
Yvn4 439 439
O_v3 440 440
Pz_5 443 443
Yqw2 445 445
Tbo5 449 449
Sb_2 452 452
Ecm7 456 456
Ff_6 460 460
Xu_9 464 464
Uqf5 467 467
Eqn0 472 472
S__8 475 475
Dfa6 480 480
Ebw8 482 482
Ynx2 485 485
Bfd5 488 488
Mnj1 491 491
Dsp8 494 494
Plc8 496 496
Ntz2 499 499
Swf1 504 504
Nzi1 506 506
Uiv2 510 510
Sfo2 513 513
Bxq2 517 517
H_a2 521 521
O_q3 522 522
Guq3 524 524
Kfw8 526 526
Wqb6 529 529
Jpm1 532 532
Cqs5 535 535
Q_h1 537 537
Cwz8 542 542
Ysy6 546 546
Gmp3 548 548
Qsw6 550 550
Gxy5 551 551
Pqc7 555 555
Ovf7 560 560
Kvk2 563 563
Wsf3 567 567
Ef_8 569 569
Qjf3 572 572
Js_5 575 575
G_s0 577 577
Bdl8 581 581
A_p5 585 585
Xiy9 589 589
Mnh9 591 591
Tjb4 595 595
Hvz6 598 598
Ihp9 600 600
V_o1 604 604
Vxa5 609 609
Cdq3 614 614
Bie4 618 618
T_h6 623 623
Pcb9 626 626
Gzd6 628 628
Wjv8 631 631
Cdr2 634 634
Iof5 639 639
Krn2 643 643
K_n7 645 645
Krs5 647 647
Zlx4 651 651
Fzp2 655 655
Erp9 658 658
Tef4 661 661
Jgy4 665 665
Uxv1 670 670
Nqy9 672 672
Pai3 675 675
Ulp6 678 678
Yay6 684 684
Ukv3 686 686
Wrd5 689 689
Oh_2 693 693
E_y2 698 698
Zwh6 701 701
Zup6 703 703
Uin3 706 706
Ygh6 709 709
Sta9 713 713
Dr_8 717 717
Yyh4 721 721
Fum9 725 725
Vna9 727 727
Suz0 730 730
Gqh5 733 733
Jik6 735 735
Ri_4 740 740
Upk7 744 744
Bxg2 748 748
Jhh1 750 750
Uq_3 753 753
Hjr1 756 756
Jd_7 757 757
Ivx5 758 758
Smy6 762 762
Rgh2 765 765
Xle7 766 766
Wsv4 771 771
Xjk7 773 773
Pgs7 775 775
Ghg7 777 777
Ynh2 780 780
Ydh4 784 784
Xig6 786 786
Qvq0 791 791
Jek9 793 793
Nku2 796 796
Vxm3 800 800
Aib4 803 803
G_i2 806 806
B_t3 807 807
H_o4 808 808
Mek8 810 810
Hfd3 814 814
Crd3 817 817
Jnd9 819 819
Y_y2 822 822
Bqu2 824 824
Kb_4 827 827
Ybc3 830 830
Ane9 833 833
Vzd0 835 835
Tjs0 837 837
Wjt4 839 839
Rsq3 840 840
C_z7 843 843
Gyz9 848 848
Pni6 850 850
K_l9 854 854
Mjx0 859 859
Rjv0 862 862
Sgf1 864 864
Wso4 866 866
Cnx8 868 868
Xdg0 869 869
Gid1 871 871
Osy8 873 873
Wi_0 877 877
Rkd9 880 880
Wta8 881 881
Clf2 886 886
K_a2 891 891
Htg8 893 893
Cdm1 894 894
K_o9 898 898
Dcv0 899 899
Rub0 903 903
Hrg0 907 907
Tit4 912 912
Mj_7 914 914
O_g7 917 917
Zxc3 920 920
Kyc5 924 924
Pcb0 926 926
Fga0 930 930
Xoj7 935 935
Sef3 938 938
Y_q7 942 942
A__2 945 945
E_j0 949 949
Xpz2 950 950
Zhc6 955 955
Eit8 958 958
Bfm9 963 963
Rum5 966 966
Pbh2 969 969
Grj2 973 973
Sxg2 974 974
X_c2 977 977
Ymt3 979 979
Fyn9 981 981
Atn3 984 984
Hqn1 986 986
Nir7 989 989
Uey5 991 991
Zrs9 994 994
Qpo4 997 997
Tdi2 1002 1002
Vtk1 1006 1006
Qjy4 1009 1009
Mhk6 1014 1014
Yb_4 1017 1017
Neh2 1018 1018
Rob1 1023 1023
Cey5 1025 1025
Wnx0 1029 1029
I_z7 1031 1031
Aso9 1034 1034
Aiz2 1037 1037
Tpq3 1042 1042
Ywm3 1044 1044
Tgz1 1046 1046
Qrr2 1049 1049
Jcb9 1052 1052
Mnq7 1055 1055
Stw7 1059 1059
Pgt6 1062 1062
Cqi6 1066 1066
Rfy1 1069 1069
Tsd9 1072 1072
Dza1 1076 1076
Et_4 1079 1079
Axq7 1082 1082
Mxp4 1084 1084
Swc1 1089 1089
Diz3 1094 1094
Ird4 1095 1095
Edy0 1097 1097
Otb8 1100 1100
Zyn6 1105 1105
Toc7 1110 1110
Mtn2 1113 1113
A_g6 1118 1118
Wld2 1121 1121
Od_4 1125 1125
Bje9 1127 1127
Glr3 1129 1129
Xzp8 1133 1133
E_n8 1137 1137
Sm_0 1140 1140
Xrs8 1143 1143
Hqd5 1147 1147
Hnb0 1150 1150
Xqe6 1154 1154
Edw4 1158 1158
Yno4 1161 1161
Yif1 1165 1165
Yl_9 1170 1170
Jiu4 1172 1172
Wsm2 1174 1174
Agc1 1179 1179
Nmn1 1181 1181
Itb4 1184 1184
Gp_6 1188 1188
Iso8 1190 1190
Tb_5 1191 1191
Fnn6 1195 1195
Nfp3 1197 1197
Jrx5 1202 1202
Awt4 1206 1206
Uss5 1209 1209
Whq4 1213 1213
Soi9 1218 1218
Y_p7 1222 1222
Hhp4 1225 1225
Dat0 1226 1226
Fji3 1230 1230
Mvp0 1233 1233
Qs_2 1236 1236
Dxp6 1239 1239
Tvn1 1240 1240
Ngo1 1242 1242
Xdw9 1245 1245
X_q4 1250 1250
Bku3 1253 1253
Rwv9 1256 1256
Hrw0 1259 1259
Ued4 1264 1264
Og_3 1268 1268
Jh_2 1272 1272
Cyu5 1276 1276
Zzi4 1279 1279
Mh_8 1283 1283
Wlx1 1285 1285
Pau7 1288 1288
Azo9 1290 1290
Zun0 1292 1292
Dq_9 1295 1295
Egu6 1299 1299
Y_a5 1301 1301
Rvy6 1304 1304
Pks8 1305 1305
Bx_5 1307 1307
Gvb7 1311 1311
Opc7 1313 1313
Rsp1 1315 1315
Cap5 1319 1319
Snh7 1323 1323
Ndh9 1325 1325
Bzz0 1330 1330
Opn3 1334 1334
U_h7 1339 1339
Ipn0 1344 1344
A_c2 1347 1347
Foi8 1349 1349
Wu_9 1353 1353
F_a9 1354 1354
Dqz8 1357 1357
Zpx7 1361 1361
Vlh0 1365 1365
Dtw4 1368 1368
Qts5 1371 1371
Bdj0 1376 1376
Axy1 1377 1377
Bhk9 1379 1379
O_g7-Aym3
Upw9-Sih1
Glr3-Knu2
Vcp4-Tiq3
Bzz0-Goi8
Pz_5-Bdj0
Uq_3-Qvy2
Aib4-Dqz8
Ri_4-Zso4
Yb_4-Wu_9
Dfa6-Ewi6
Cqs5-Xga3
Cdm1-Nhh9
Kfw8-Ipn0
Uey5-Upw9
Tdi2-Opn3
Rjv0-Ndh9
Zxc3-Cap5
Dza1-Opc7
Ghx4-Gvb7
Uzj1-Tlf6
Y_a5-Pks8
Osy8-H_y8
Bdl8-Egu6
Wax0-Jzk4
Wtb2-Dq_9
Guq3-Xgz1
Tjb4-Ggf1
Kvk2-Wlx1
Jd_7-Zzi4
X_q4-Uef3
Dr_8-Jh_2
Ovf7-Uog7
Erp9-Afz0
Hla9-Og_3
Q_h1-Hrw0
Rcd4-M_p9
Fzp2-Bku3
Jgy4-Yxi9
Tpq3-Xdw9
Ysy6-Hkd4
Mxp4-Wem6
Bfm9-Mvp0
Hnb0-Dat0
Tit4-Fal4
Yif1-Hhp4
Wqb6-Wpw9
Rfy1-Y_p7
Rjv0-Buw8
Oym9-Gd_2
Jhh1-Uss5
Fyn9-C_a1
Hla9-Jrx5
Etz7-Hla9
Fnn6-Nfp3
Tb_5-Fnn6
Iso8-Jrq5
Ajy7-Iso8
Dpe5-Jt_7
Itb4-Urj3
Wsm2-Agc1
Rcd4-Jiu4
Yje3-Yif1
Edw4-Ttw1
Xqe6-Us_5
Hnb0-Xqe6
Kd_4-Mco4
Oxw2-Kd_4
Sm_0-P_l2
Tqs8-Sm_0
Xzp8-Eae8
Glr3-Av_2
Bje9-Yth8
Od_4-Bje9
A_g6-Wld2
Mtn2-A_g6
Tmn2-Mtn2
Oiy6-Toc7
Zyn6-Wtb2
Txr9-Edy0
Wof7-Txr9
Tvj0-Wof7
Oym9-Tvj0
Diz3-Ird4
Xzq5-Gow5
Qfc4-Zks6
Swc1-Qfc4
Tai9-Axq7
Po_3-Tai9
Dza1-Et_4
Tsd9-Dza1
Rbh3-Tsd9
Py_5-Rbh3
Rfy1-Fit9
Cqi6-Vsl1
Pgt6-Cqi6
Stw7-Pgt6
Mnq7-Stw7
M_w0-Mnq7
Gm_0-M_w0
Wov7-Ptg4
Qrr2-Jcb9
Tgz1-Qrr2
Tpq3-Ywm3
Aiz2-Rvk3
I_z7-Aso9
Ufn3-Wnx0
Thr9-Yih1
Cey5-Uzj1
Rob1-Cey5
Sms2-Rob1
Vmz0-Sms2
Ptv6-Mhk6
Ylg9-Rcv6
Qeo5-P_l2
Vtk1-Qeo5
Tdi2-Vtk1
Hhu1-Eir0
Zrs9-Hhu1
Nni7-Zrs9
Smj0-Uey5
Wpz7-Hqn1
Idr5-Atn3
Oul8-Fyn9
Ymt3-Oul8
X_c2-Ymt3
Oxw2-X_c2
Sxg2-P_l2
Vjn3-Sxg2
Pbv3-Grj2
Yfb1-Pbh2
Gm_5-Yfb1
Ghw1-Gm_5
Uhh3-Ghw1
U__5-Uhh3
Xpz2-Ecv4
Wax0-Xpz2
A__2-E_j0
Ulp6-P_l2
Sef3-Pzp2
Pcb0-Fga0
Kyc5-Pcb0
Zxc3-Unj2
Ypr3-Zxc3
O_g7-Ypr3
Tit4-Mj_7
Igt5-P_l2
F_m7-Igt5
K_o9-Dcv0
K_a2-Htg8
Umk6-Gdu8
Qsc1-Umk6
Fta0-Qsc1
Qdt1-Fta0
Clf2-Qdt1
Wta8-Clf2
Bzu4-Wta8
O_v3-Yvn4
Rkd9-O_v3
Oxw2-Osy8
Pz_5-P_l2
Cnx8-Yqw2
Sb_2-Sgf1
Ff_6-Ecm7
Xu_9-Ff_6
Rjv0-Uqf5
Mjx0-Rjv0
Pni6-K_l9
Eqn0-Gyz9
Oxw2-Eqn0
S__8-P_l2
Ebw8-C_z7
Ynx2-Ebw8
Rsq3-Bfd5
Wjt4-Rsq3
Tjs0-Wjt4
Mnj1-Tjs0
Vzd0-Plc8
Ane9-Ntz2
Swf1-Ybc3
Kb_4-Swf1
Nzi1-Bqu2
Y_y2-Nzi1
H_a2-Bxq2
Jnd9-H_a2
Hfd3-Crd3
Kfw8-Mek8
Jpm1-Wqb6
Cqs5-Jpm1
Q_h1-Cqs5
H_o4-Q_h1
Cwz8-H_o4
Ysy6-B_t3
G_i2-Ysy6
Vxm3-Gmp3
Oxw2-Vxm3
Nku2-P_l2
Qsw6-Nku2
Gxy5-Jek9
Qvq0-Gxy5
Ydh4-Xig6
Ynh2-Ovf7
Ghg7-Ynh2
Kvk2-Ghg7
Wsf3-Kvk2
Qjf3-Pgs7
Js_5-Qjf3
Xjk7-Js_5
Wsv4-Xjk7
Xle7-Wsv4
Rgh2-Xle7
Oxw2-G_s0
Hjr1-Jd_7
Uq_3-Bdl8
Xiy9-A_p5
Bxg2-Jhh1
Mnh9-Ri_4
Jik6-Tjb4
Hvz6-Jik6
Ihp9-Hvz6
V_o1-Ihp9
Oxw2-Vxa5
Cdq3-Suz0
Vna9-Cdq3
Bie4-Fum9
T_h6-Yyh4
Dr_8-T_h6
Ygh6-Wjv8
Iof5-Cdr2
Krn2-Iof5
Oxw2-Uin3
Zup6-P_l2
Zwh6-Krs5
E_y2-Zwh6
Yay6-Erp9
Tef4-Yay6
Oxw2-Pai3
Pai3-Nqy9
Nqy9-Uxv1
Uxv1-Jgy4
Jgy4-Tef4
Erp9-Ukv3
Ukv3-Fzp2
Fzp2-Wrd5
Wrd5-Zlx4
Zlx4-Oh_2
Oh_2-E_y2
Krs5-K_n7
K_n7-Zup6
Uin3-Krn2
Cdr2-Ygh6
Wjv8-Gzd6
Gzd6-Sta9
Sta9-Pcb9
Pcb9-Dr_8
Yyh4-Bie4
Fum9-Vna9
Suz0-Gqh5
Gqh5-P_l2
Vxa5-V_o1
Tjb4-Mnh9
Ri_4-Upk7
Upk7-Bxg2
Jhh1-Xiy9
A_p5-Uq_3
Bdl8-Hjr1
Jd_7-P_l2
G_s0-Ivx5
Ivx5-Smy6
Smy6-Rgh2
Pgs7-Ef_8
Ef_8-Wsf3
Ovf7-Ydh4
Xig6-Pqc7
Pqc7-Qvq0
Jek9-Qsw6
Gmp3-Aib4
Aib4-G_i2
B_t3-Cwz8
Wqb6-Kfw8
Mek8-Hfd3
Crd3-Guq3
Guq3-O_q3
O_q3-Jnd9
Bxq2-Sfo2
Sfo2-P_l2
Oxw2-Uiv2
Uiv2-Y_y2
Bqu2-Kb_4
Ybc3-Ane9
Ntz2-Vzd0
Plc8-Dsp8
Dsp8-Mnj1
Bfd5-Ynx2
C_z7-Dfa6
Dfa6-S__8
Gyz9-Pni6
K_l9-Mjx0
Uqf5-Xu_9
Ecm7-Sb_2
Sgf1-Tbo5
Tbo5-Wso4
Wso4-Cnx8
Yqw2-Xdg0
Xdg0-Gid1
Gid1-Pz_5
Osy8-Wi_0
Wi_0-Rkd9
Yvn4-Bzu4
Gdu8-K_a2
Htg8-Cdm1
Cdm1-K_o9
Dcv0-Rub0
Rub0-F_m7
Oxw2-Hrg0
Hrg0-Tit4
Mj_7-O_g7
Unj2-Kyc5
Fga0-Ggu8
Ggu8-Xoj7
Xoj7-Sef3
Pzp2-Ulp6
Oxw2-Y_q7
Y_q7-A__2
E_j0-Wax0
Ecv4-Qza9
Qza9-Zhc6
Zhc6-Wyo2
Wyo2-Eit8
Eit8-Qmp5
Qmp5-Bfm9
Bfm9-Rum5
Rum5-U__5
Pbh2-Pbv3
Grj2-Vjn3
Fyn9-Wop2
Wop2-T_d8
T_d8-Idr5
Atn3-Qih8
Qih8-Wpz7
Hqn1-Nir7
Nir7-Suz2
Suz2-Smj0
Uey5-Nni7
Eir0-Qpo4
Qpo4-Tdi2
Oxw2-Ylg9
Rcv6-Rjn1
Rjn1-Qjy4
Qjy4-Zgv2
Zgv2-Ptv6
Mhk6-Hmq5
Hmq5-Yb_4
Yb_4-Neh2
Neh2-Zir8
Zir8-Vmz0
Uzj1-Thr9
Yih1-Ufn3
Wnx0-I_z7
Aso9-Aiz2
Rvk3-Tpq3
Ywm3-Tgz1
Jcb9-Wov7
Ptg4-Gm_0
Vsl1-Rfy1
Fit9-Py_5
Et_4-P_l2
Oxw2-Po_3
Axq7-Mxp4
Mxp4-Swc1
Zks6-Xzq5
Gow5-Diz3
Ird4-Oym9
Edy0-Otb8
Otb8-Zyn6
Wtb2-Oiy6
Toc7-Tmn2
Wld2-Od_4
Yth8-Glr3
Av_2-Xzp8
Eae8-E_n8
E_n8-Tqs8
Mco4-Xrs8
Xrs8-Hqd5
Hqd5-Hnb0
Us_5-I_s4
I_s4-Edw4
Ttw1-Yno4
Yno4-Yje3
Yif1-Yl_9
Yl_9-Rcd4
Jiu4-Wsm2
Agc1-Ghx4
Ghx4-Nmn1
Nmn1-Itb4
Urj3-Dpe5
Jt_7-Gp_6
Gp_6-Ajy7
Jrq5-Tb_5
Nfp3-Ci_3
Ci_3-Etz7
Jrx5-P_l2
Zlx4-Awt4
Gp_6-Whq4
Gqh5-Vcp4
Xoj7-Soi9
Ggu8-Wmq4
Jgy4-Oil4
Cwz8-Sfp6
Yqw2-Fji3
Igt5-Qs_2
Suz2-Dxp6
Tjs0-Tvn1
Xrs8-Ngo1
Zwh6-X_q4
Bdl8-Rwv9
Mjx0-Vda9
Zir8-Ued4
Zrs9-Cyu5
Gzd6-Nqi1
Iso8-Mh_8
Cqi6-Eh_1
Smy6-Ayg1
Zrs9-Pau7
Vjn3-Fsd7
Yfb1-Dbb3
V_o1-Kal6
Wnx0-Azo9
Mjx0-Zun0
Mvp0-Y_a5
Xig6-Rvy6
Ane9-Bx_5
Jhh1-Rsp1
Wqb6-Snh7
Aiz2-M_b6
Etz7-Bzz0
Mxp4-Wal3
Ri_4-U_h7
Pz_5-Rmu5
Pcb9-T_l4
Yje3-A_c2
M_b6-Aos9
Idr5-Foi8
Ajy7-F_a9
Egu6-Zpx7
Qvq0-Vlh0
Fal4-Dtw4
Wrd5-Qts5
Uss5-Axy1
Nqy9-Xlq4
Afz0-Bhk9
Vxa5-Smy2
Gvb7-Feo3
Nhh9-Pby6
#Here is the number of lines required: 35

L1-Y_q7 L2-X_c2 L3-Uiv2 L4-Vxm3 L5-Osy8 L6-Eqn0 L7-Krn2 L8-Pai3 L9-Vxa5 L10-Hrg0
L1-A__2 L11-Y_q7 L2-Ymt3 L12-X_c2 L3-Y_y2 L13-Uiv2 L4-Gmp3 L14-Vxm3 L5-Wi_0 L15-Osy8 L6-Gyz9 L16-Eqn0 L7-Iof5 L17-Krn2 L8-Nqy9 L18-Pai3 L9-V_o1 L19-Vxa5 L10-Tit4 L20-Hrg0
L1-E_j0 L11-A__2 L21-Y_q7 L2-Oul8 L12-Ymt3 L22-X_c2 L3-Nzi1 L13-Y_y2 L23-Uiv2 L4-Aib4 L14-Gmp3 L24-Vxm3 L5-Rkd9 L15-Wi_0 L25-Osy8 L6-Pni6 L16-Gyz9 L26-Eqn0 L7-Cdr2 L17-Iof5 L27-Krn2 L8-Uxv1 L18-Nqy9 L28-Pai3 L9-Ihp9 L19-V_o1 L29-Vxa5 L10-Mj_7 L20-Tit4 L30-Hrg0
L1-Wax0 L11-E_j0 L21-A__2 L31-Y_q7 L2-Fyn9 L12-Oul8 L22-Ymt3 L32-X_c2 L3-Bqu2 L13-Nzi1 L23-Y_y2 L33-Uiv2 L4-G_i2 L14-Aib4 L24-Gmp3 L34-Vxm3 L5-O_v3 L15-Rkd9 L25-Wi_0 L35-Osy8 L6-K_l9 L16-Pni6 L26-Gyz9 L36-Eqn0 L7-Ygh6 L17-Cdr2 L27-Iof5 L37-Krn2 L8-Jgy4 L18-Uxv1 L28-Nqy9 L38-Pai3 L9-Hvz6 L19-Ihp9 L29-V_o1 L39-Vxa5 L10-O_g7 L20-Mj_7 L30-Tit4 L40-Hrg0
L1-Xpz2 L11-Wax0 L21-E_j0 L31-A__2 L41-Y_q7 L2-Wop2 L12-Fyn9 L22-Oul8 L32-Ymt3 L42-X_c2 L3-Kb_4 L13-Bqu2 L23-Nzi1 L33-Y_y2 L43-Uiv2 L4-Ysy6 L14-G_i2 L24-Aib4 L34-Gmp3 L44-Vxm3 L5-Yvn4 L15-O_v3 L25-Rkd9 L35-Wi_0 L45-Osy8 L6-Mjx0 L16-K_l9 L26-Pni6 L36-Gyz9 L46-Eqn0 L7-Wjv8 L17-Ygh6 L27-Cdr2 L37-Iof5 L47-Krn2 L8-Tef4 L18-Jgy4 L28-Uxv1 L38-Nqy9 L48-Pai3 L9-Jik6 L19-Hvz6 L29-Ihp9 L39-V_o1 L49-Vxa5 L10-Ypr3 L20-O_g7 L30-Mj_7 L40-Tit4 L50-Hrg0
L1-Ecv4 L11-Xpz2 L21-Wax0 L31-E_j0 L41-A__2 L51-Y_q7 L2-T_d8 L12-Wop2 L22-Fyn9 L32-Oul8 L42-Ymt3 L52-X_c2 L3-Swf1 L13-Kb_4 L23-Bqu2 L33-Nzi1 L43-Y_y2 L53-Uiv2 L4-B_t3 L14-Ysy6 L24-G_i2 L34-Aib4 L44-Gmp3 L54-Vxm3 L5-Bzu4 L15-Yvn4 L25-O_v3 L35-Rkd9 L45-Wi_0 L55-Osy8 L6-Rjv0 L16-Mjx0 L26-K_l9 L36-Pni6 L46-Gyz9 L56-Eqn0 L7-Gzd6 L17-Wjv8 L27-Ygh6 L37-Cdr2 L47-Iof5 L57-Krn2 L8-Yay6 L18-Tef4 L28-Jgy4 L38-Uxv1 L48-Nqy9 L58-Pai3 L9-Tjb4 L19-Jik6 L29-Hvz6 L39-Ihp9 L49-V_o1 L59-Vxa5 L10-Zxc3 L20-Ypr3 L30-O_g7 L40-Mj_7 L50-Tit4 L60-Hrg0
L1-Qza9 L11-Ecv4 L21-Xpz2 L31-Wax0 L41-E_j0 L51-A__2 L61-Y_q7 L2-Idr5 L12-T_d8 L22-Wop2 L32-Fyn9 L42-Oul8 L52-Ymt3 L62-X_c2 L3-Ybc3 L13-Swf1 L23-Kb_4 L33-Bqu2 L43-Nzi1 L53-Y_y2 L63-Uiv2 L4-Cwz8 L14-B_t3 L24-Ysy6 L34-G_i2 L44-Aib4 L54-Gmp3 L64-Vxm3 L5-Wta8 L15-Bzu4 L25-Yvn4 L35-O_v3 L45-Rkd9 L55-Wi_0 L65-Osy8 L6-Uqf5 L16-Rjv0 L26-Mjx0 L36-K_l9 L46-Pni6 L56-Gyz9 L66-Eqn0 L7-Sta9 L17-Gzd6 L27-Wjv8 L37-Ygh6 L47-Cdr2 L57-Iof5 L67-Krn2 L8-Erp9 L18-Yay6 L28-Tef4 L38-Jgy4 L48-Uxv1 L58-Nqy9 L68-Pai3 L9-Mnh9 L19-Tjb4 L29-Jik6 L39-Hvz6 L49-Ihp9 L59-V_o1 L69-Vxa5 L10-Unj2 L20-Zxc3 L30-Ypr3 L40-O_g7 L50-Mj_7 L60-Tit4 L70-Hrg0
L1-Zhc6 L11-Qza9 L21-Ecv4 L31-Xpz2 L41-Wax0 L51-E_j0 L61-A__2 L71-Y_q7 L2-Atn3 L12-Idr5 L22-T_d8 L32-Wop2 L42-Fyn9 L52-Oul8 L62-Ymt3 L72-X_c2 L3-Ane9 L13-Ybc3 L23-Swf1 L33-Kb_4 L43-Bqu2 L53-Nzi1 L63-Y_y2 L73-Uiv2 L4-H_o4 L14-Cwz8 L24-B_t3 L34-Ysy6 L44-G_i2 L54-Aib4 L64-Gmp3 L74-Vxm3 L5-Clf2 L15-Wta8 L25-Bzu4 L35-Yvn4 L45-O_v3 L55-Rkd9 L65-Wi_0 L75-Osy8 L6-Xu_9 L16-Uqf5 L26-Rjv0 L36-Mjx0 L46-K_l9 L56-Pni6 L66-Gyz9 L76-Eqn0 L7-Pcb9 L17-Sta9 L27-Gzd6 L37-Wjv8 L47-Ygh6 L57-Cdr2 L67-Iof5 L77-Krn2 L8-Ukv3 L18-Erp9 L28-Yay6 L38-Tef4 L48-Jgy4 L58-Uxv1 L68-Nqy9 L78-Pai3 L9-Ri_4 L19-Mnh9 L29-Tjb4 L39-Jik6 L49-Hvz6 L59-Ihp9 L69-V_o1 L79-Vxa5 L10-Kyc5 L20-Unj2 L30-Zxc3 L40-Ypr3 L50-O_g7 L60-Mj_7 L70-Tit4 L80-Hrg0
L1-Wyo2 L11-Zhc6 L21-Qza9 L31-Ecv4 L41-Xpz2 L51-Wax0 L61-E_j0 L71-A__2 L81-Y_q7 L2-Qih8 L12-Atn3 L22-Idr5 L32-T_d8 L42-Wop2 L52-Fyn9 L62-Oul8 L72-Ymt3 L82-X_c2 L3-Ntz2 L13-Ane9 L23-Ybc3 L33-Swf1 L43-Kb_4 L53-Bqu2 L63-Nzi1 L73-Y_y2 L83-Uiv2 L4-Q_h1 L14-H_o4 L24-Cwz8 L34-B_t3 L44-Ysy6 L54-G_i2 L64-Aib4 L74-Gmp3 L84-Vxm3 L5-Qdt1 L15-Clf2 L25-Wta8 L35-Bzu4 L45-Yvn4 L55-O_v3 L65-Rkd9 L75-Wi_0 L85-Osy8 L6-Ff_6 L16-Xu_9 L26-Uqf5 L36-Rjv0 L46-Mjx0 L56-K_l9 L66-Pni6 L76-Gyz9 L86-Eqn0 L7-Dr_8 L17-Pcb9 L27-Sta9 L37-Gzd6 L47-Wjv8 L57-Ygh6 L67-Cdr2 L77-Iof5 L87-Krn2 L8-Fzp2 L18-Ukv3 L28-Erp9 L38-Yay6 L48-Tef4 L58-Jgy4 L68-Uxv1 L78-Nqy9 L88-Pai3 L9-Upk7 L19-Ri_4 L29-Mnh9 L39-Tjb4 L49-Jik6 L59-Hvz6 L69-Ihp9 L79-V_o1 L89-Vxa5 L10-Pcb0 L20-Kyc5 L30-Unj2 L40-Zxc3 L50-Ypr3 L60-O_g7 L70-Mj_7 L80-Tit4 L90-Hrg0
L1-Eit8 L11-Wyo2 L21-Zhc6 L31-Qza9 L41-Ecv4 L51-Xpz2 L61-Wax0 L71-E_j0 L81-A__2 L91-Y_q7 L2-Wpz7 L12-Qih8 L22-Atn3 L32-Idr5 L42-T_d8 L52-Wop2 L62-Fyn9 L72-Oul8 L82-Ymt3 L92-X_c2 L3-Vzd0 L13-Ntz2 L23-Ane9 L33-Ybc3 L43-Swf1 L53-Kb_4 L63-Bqu2 L73-Nzi1 L83-Y_y2 L93-Uiv2 L4-Cqs5 L14-Q_h1 L24-H_o4 L34-Cwz8 L44-B_t3 L54-Ysy6 L64-G_i2 L74-Aib4 L84-Gmp3 L94-Vxm3 L5-Fta0 L15-Qdt1 L25-Clf2 L35-Wta8 L45-Bzu4 L55-Yvn4 L65-O_v3 L75-Rkd9 L85-Wi_0 L95-Osy8 L6-Ecm7 L16-Ff_6 L26-Xu_9 L36-Uqf5 L46-Rjv0 L56-Mjx0 L66-K_l9 L76-Pni6 L86-Gyz9 L96-Eqn0 L7-T_h6 L17-Dr_8 L27-Pcb9 L37-Sta9 L47-Gzd6 L57-Wjv8 L67-Ygh6 L77-Cdr2 L87-Iof5 L97-Krn2 L8-Wrd5 L18-Fzp2 L28-Ukv3 L38-Erp9 L48-Yay6 L58-Tef4 L68-Jgy4 L78-Uxv1 L88-Nqy9 L98-Pai3 L9-Bxg2 L19-Upk7 L29-Ri_4 L39-Mnh9 L49-Tjb4 L59-Jik6 L69-Hvz6 L79-Ihp9 L89-V_o1 L99-Vxa5 L10-Fga0 L20-Pcb0 L30-Kyc5 L40-Unj2 L50-Zxc3 L60-Ypr3 L70-O_g7 L80-Mj_7 L90-Tit4 L100-Hrg0
L1-Qmp5 L11-Eit8 L21-Wyo2 L31-Zhc6 L41-Qza9 L51-Ecv4 L61-Xpz2 L71-Wax0 L81-E_j0 L91-A__2 L101-Y_q7 L2-Hqn1 L12-Wpz7 L22-Qih8 L32-Atn3 L42-Idr5 L52-T_d8 L62-Wop2 L72-Fyn9 L82-Oul8 L92-Ymt3 L102-X_c2 L3-Plc8 L13-Vzd0 L23-Ntz2 L33-Ane9 L43-Ybc3 L53-Swf1 L63-Kb_4 L73-Bqu2 L83-Nzi1 L93-Y_y2 L103-Uiv2 L4-Jpm1 L14-Cqs5 L24-Q_h1 L34-H_o4 L44-Cwz8 L54-B_t3 L64-Ysy6 L74-G_i2 L84-Aib4 L94-Gmp3 L104-Vxm3 L5-Qsc1 L15-Fta0 L25-Qdt1 L35-Clf2 L45-Wta8 L55-Bzu4 L65-Yvn4 L75-O_v3 L85-Rkd9 L95-Wi_0 L105-Osy8 L6-Sb_2 L16-Ecm7 L26-Ff_6 L36-Xu_9 L46-Uqf5 L56-Rjv0 L66-Mjx0 L76-K_l9 L86-Pni6 L96-Gyz9 L106-Eqn0 L7-Yyh4 L17-T_h6 L27-Dr_8 L37-Pcb9 L47-Sta9 L57-Gzd6 L67-Wjv8 L77-Ygh6 L87-Cdr2 L97-Iof5 L107-Krn2 L8-Zlx4 L18-Wrd5 L28-Fzp2 L38-Ukv3 L48-Erp9 L58-Yay6 L68-Tef4 L78-Jgy4 L88-Uxv1 L98-Nqy9 L108-Pai3 L9-Jhh1 L19-Bxg2 L29-Upk7 L39-Ri_4 L49-Mnh9 L59-Tjb4 L69-Jik6 L79-Hvz6 L89-Ihp9 L99-V_o1 L109-Vxa5 L10-Ggu8 L20-Fga0 L30-Pcb0 L40-Kyc5 L50-Unj2 L60-Zxc3 L70-Ypr3 L80-O_g7 L90-Mj_7 L100-Tit4 L110-Hrg0
L1-Bfm9 L11-Qmp5 L21-Eit8 L31-Wyo2 L41-Zhc6 L51-Qza9 L61-Ecv4 L71-Xpz2 L81-Wax0 L91-E_j0 L101-A__2 L111-Y_q7 L2-Nir7 L12-Hqn1 L22-Wpz7 L32-Qih8 L42-Atn3 L52-Idr5 L62-T_d8 L72-Wop2 L82-Fyn9 L92-Oul8 L102-Ymt3 L112-X_c2 L3-Dsp8 L13-Plc8 L23-Vzd0 L33-Ntz2 L43-Ane9 L53-Ybc3 L63-Swf1 L73-Kb_4 L83-Bqu2 L93-Nzi1 L103-Y_y2 L113-Uiv2 L4-Wqb6 L14-Jpm1 L24-Cqs5 L34-Q_h1 L44-H_o4 L54-Cwz8 L64-B_t3 L74-Ysy6 L84-G_i2 L94-Aib4 L104-Gmp3 L114-Vxm3 L5-Umk6 L15-Qsc1 L25-Fta0 L35-Qdt1 L45-Clf2 L55-Wta8 L65-Bzu4 L75-Yvn4 L85-O_v3 L95-Rkd9 L105-Wi_0 L115-Osy8 L6-Sgf1 L16-Sb_2 L26-Ecm7 L36-Ff_6 L46-Xu_9 L56-Uqf5 L66-Rjv0 L76-Mjx0 L86-K_l9 L96-Pni6 L106-Gyz9 L116-Eqn0 L7-Bie4 L17-Yyh4 L27-T_h6 L37-Dr_8 L47-Pcb9 L57-Sta9 L67-Gzd6 L77-Wjv8 L87-Ygh6 L97-Cdr2 L107-Iof5 L117-Krn2 L8-Oh_2 L18-Zlx4 L28-Wrd5 L38-Fzp2 L48-Ukv3 L58-Erp9 L68-Yay6 L78-Tef4 L88-Jgy4 L98-Uxv1 L108-Nqy9 L118-Pai3 L9-Xiy9 L19-Jhh1 L29-Bxg2 L39-Upk7 L49-Ri_4 L59-Mnh9 L69-Tjb4 L79-Jik6 L89-Hvz6 L99-Ihp9 L109-V_o1 L119-Vxa5 L10-Xoj7 L20-Ggu8 L30-Fga0 L40-Pcb0 L50-Kyc5 L60-Unj2 L70-Zxc3 L80-Ypr3 L90-O_g7 L100-Mj_7 L110-Tit4 L120-Hrg0
L1-Rum5 L11-Bfm9 L21-Qmp5 L31-Eit8 L41-Wyo2 L51-Zhc6 L61-Qza9 L71-Ecv4 L81-Xpz2 L91-Wax0 L101-E_j0 L111-A__2 L121-Y_q7 L2-Suz2 L12-Nir7 L22-Hqn1 L32-Wpz7 L42-Qih8 L52-Atn3 L62-Idr5 L72-T_d8 L82-Wop2 L92-Fyn9 L102-Oul8 L112-Ymt3 L122-X_c2 L3-Mnj1 L13-Dsp8 L23-Plc8 L33-Vzd0 L43-Ntz2 L53-Ane9 L63-Ybc3 L73-Swf1 L83-Kb_4 L93-Bqu2 L103-Nzi1 L113-Y_y2 L123-Uiv2 L4-Kfw8 L14-Wqb6 L24-Jpm1 L34-Cqs5 L44-Q_h1 L54-H_o4 L64-Cwz8 L74-B_t3 L84-Ysy6 L94-G_i2 L104-Aib4 L114-Gmp3 L124-Vxm3 L5-Gdu8 L15-Umk6 L25-Qsc1 L35-Fta0 L45-Qdt1 L55-Clf2 L65-Wta8 L75-Bzu4 L85-Yvn4 L95-O_v3 L105-Rkd9 L115-Wi_0 L125-Osy8 L6-Tbo5 L16-Sgf1 L26-Sb_2 L36-Ecm7 L46-Ff_6 L56-Xu_9 L66-Uqf5 L76-Rjv0 L86-Mjx0 L96-K_l9 L106-Pni6 L116-Gyz9 L126-Eqn0 L7-Fum9 L17-Bie4 L27-Yyh4 L37-T_h6 L47-Dr_8 L57-Pcb9 L67-Sta9 L77-Gzd6 L87-Wjv8 L97-Ygh6 L107-Cdr2 L117-Iof5 L127-Krn2 L8-E_y2 L18-Oh_2 L28-Zlx4 L38-Wrd5 L48-Fzp2 L58-Ukv3 L68-Erp9 L78-Yay6 L88-Tef4 L98-Jgy4 L108-Uxv1 L118-Nqy9 L128-Pai3 L9-A_p5 L19-Xiy9 L29-Jhh1 L39-Bxg2 L49-Upk7 L59-Ri_4 L69-Mnh9 L79-Tjb4 L89-Jik6 L99-Hvz6 L109-Ihp9 L119-V_o1 L129-Vxa5 L10-Sef3 L20-Xoj7 L30-Ggu8 L40-Fga0 L50-Pcb0 L60-Kyc5 L70-Unj2 L80-Zxc3 L90-Ypr3 L100-O_g7 L110-Mj_7 L120-Tit4 L130-Hrg0
L1-U__5 L11-Rum5 L21-Bfm9 L31-Qmp5 L41-Eit8 L51-Wyo2 L61-Zhc6 L71-Qza9 L81-Ecv4 L91-Xpz2 L101-Wax0 L111-E_j0 L121-A__2 L131-Y_q7 L2-Smj0 L12-Suz2 L22-Nir7 L32-Hqn1 L42-Wpz7 L52-Qih8 L62-Atn3 L72-Idr5 L82-T_d8 L92-Wop2 L102-Fyn9 L112-Oul8 L122-Ymt3 L132-X_c2 L3-Tjs0 L13-Mnj1 L23-Dsp8 L33-Plc8 L43-Vzd0 L53-Ntz2 L63-Ane9 L73-Ybc3 L83-Swf1 L93-Kb_4 L103-Bqu2 L113-Nzi1 L123-Y_y2 L133-Uiv2 L4-Mek8 L14-Kfw8 L24-Wqb6 L34-Jpm1 L44-Cqs5 L54-Q_h1 L64-H_o4 L74-Cwz8 L84-B_t3 L94-Ysy6 L104-G_i2 L114-Aib4 L124-Gmp3 L134-Vxm3 L5-K_a2 L15-Gdu8 L25-Umk6 L35-Qsc1 L45-Fta0 L55-Qdt1 L65-Clf2 L75-Wta8 L85-Bzu4 L95-Yvn4 L105-O_v3 L115-Rkd9 L125-Wi_0 L135-Osy8 L6-Wso4 L16-Tbo5 L26-Sgf1 L36-Sb_2 L46-Ecm7 L56-Ff_6 L66-Xu_9 L76-Uqf5 L86-Rjv0 L96-Mjx0 L106-K_l9 L116-Pni6 L126-Gyz9 L136-Eqn0 L7-Vna9 L17-Fum9 L27-Bie4 L37-Yyh4 L47-T_h6 L57-Dr_8 L67-Pcb9 L77-Sta9 L87-Gzd6 L97-Wjv8 L107-Ygh6 L117-Cdr2 L127-Iof5 L137-Krn2 L8-Zwh6 L18-E_y2 L28-Oh_2 L38-Zlx4 L48-Wrd5 L58-Fzp2 L68-Ukv3 L78-Erp9 L88-Yay6 L98-Tef4 L108-Jgy4 L118-Uxv1 L128-Nqy9 L138-Pai3 L9-Uq_3 L19-A_p5 L29-Xiy9 L39-Jhh1 L49-Bxg2 L59-Upk7 L69-Ri_4 L79-Mnh9 L89-Tjb4 L99-Jik6 L109-Hvz6 L119-Ihp9 L129-V_o1 L139-Vxa5 L10-Pzp2 L20-Sef3 L30-Xoj7 L40-Ggu8 L50-Fga0 L60-Pcb0 L70-Kyc5 L80-Unj2 L90-Zxc3 L100-Ypr3 L110-O_g7 L120-Mj_7 L130-Tit4 L140-Hrg0
L1-Uhh3 L11-U__5 L21-Rum5 L31-Bfm9 L41-Qmp5 L51-Eit8 L61-Wyo2 L71-Zhc6 L81-Qza9 L91-Ecv4 L101-Xpz2 L111-Wax0 L121-E_j0 L131-A__2 L141-Y_q7 L2-Uey5 L12-Smj0 L22-Suz2 L32-Nir7 L42-Hqn1 L52-Wpz7 L62-Qih8 L72-Atn3 L82-Idr5 L92-T_d8 L102-Wop2 L112-Fyn9 L122-Oul8 L132-Ymt3 L142-X_c2 L3-Wjt4 L13-Tjs0 L23-Mnj1 L33-Dsp8 L43-Plc8 L53-Vzd0 L63-Ntz2 L73-Ane9 L83-Ybc3 L93-Swf1 L103-Kb_4 L113-Bqu2 L123-Nzi1 L133-Y_y2 L143-Uiv2 L4-Hfd3 L14-Mek8 L24-Kfw8 L34-Wqb6 L44-Jpm1 L54-Cqs5 L64-Q_h1 L74-H_o4 L84-Cwz8 L94-B_t3 L104-Ysy6 L114-G_i2 L124-Aib4 L134-Gmp3 L144-Vxm3 L5-Htg8 L15-K_a2 L25-Gdu8 L35-Umk6 L45-Qsc1 L55-Fta0 L65-Qdt1 L75-Clf2 L85-Wta8 L95-Bzu4 L105-Yvn4 L115-O_v3 L125-Rkd9 L135-Wi_0 L145-Osy8 L6-Cnx8 L16-Wso4 L26-Tbo5 L36-Sgf1 L46-Sb_2 L56-Ecm7 L66-Ff_6 L76-Xu_9 L86-Uqf5 L96-Rjv0 L106-Mjx0 L116-K_l9 L126-Pni6 L136-Gyz9 L146-Eqn0 L7-Cdq3 L17-Vna9 L27-Fum9 L37-Bie4 L47-Yyh4 L57-T_h6 L67-Dr_8 L77-Pcb9 L87-Sta9 L97-Gzd6 L107-Wjv8 L117-Ygh6 L127-Cdr2 L137-Iof5 L147-Krn2 L8-Krs5 L18-Zwh6 L28-E_y2 L38-Oh_2 L48-Zlx4 L58-Wrd5 L68-Fzp2 L78-Ukv3 L88-Erp9 L98-Yay6 L108-Tef4 L118-Jgy4 L128-Uxv1 L138-Nqy9 L148-Pai3 L9-Bdl8 L19-Uq_3 L29-A_p5 L39-Xiy9 L49-Jhh1 L59-Bxg2 L69-Upk7 L79-Ri_4 L89-Mnh9 L99-Tjb4 L109-Jik6 L119-Hvz6 L129-Ihp9 L139-V_o1 L149-Vxa5 L10-Ulp6 L20-Pzp2 L30-Sef3 L40-Xoj7 L50-Ggu8 L60-Fga0 L70-Pcb0 L80-Kyc5 L90-Unj2 L100-Zxc3 L110-Ypr3 L120-O_g7 L130-Mj_7 L140-Tit4 L150-Hrg0
L1-Ghw1 L11-Uhh3 L21-U__5 L31-Rum5 L41-Bfm9 L51-Qmp5 L61-Eit8 L71-Wyo2 L81-Zhc6 L91-Qza9 L101-Ecv4 L111-Xpz2 L121-Wax0 L131-E_j0 L141-A__2 L2-Nni7 L12-Uey5 L22-Smj0 L32-Suz2 L42-Nir7 L52-Hqn1 L62-Wpz7 L72-Qih8 L82-Atn3 L92-Idr5 L102-T_d8 L112-Wop2 L122-Fyn9 L132-Oul8 L142-Ymt3 L3-Rsq3 L13-Wjt4 L23-Tjs0 L33-Mnj1 L43-Dsp8 L53-Plc8 L63-Vzd0 L73-Ntz2 L83-Ane9 L93-Ybc3 L103-Swf1 L113-Kb_4 L123-Bqu2 L133-Nzi1 L143-Y_y2 L4-Crd3 L14-Hfd3 L24-Mek8 L34-Kfw8 L44-Wqb6 L54-Jpm1 L64-Cqs5 L74-Q_h1 L84-H_o4 L94-Cwz8 L104-B_t3 L114-Ysy6 L124-G_i2 L134-Aib4 L144-Gmp3 L5-Cdm1 L15-Htg8 L25-K_a2 L35-Gdu8 L45-Umk6 L55-Qsc1 L65-Fta0 L75-Qdt1 L85-Clf2 L95-Wta8 L105-Bzu4 L115-Yvn4 L125-O_v3 L135-Rkd9 L145-Wi_0 L6-Yqw2 L16-Cnx8 L26-Wso4 L36-Tbo5 L46-Sgf1 L56-Sb_2 L66-Ecm7 L76-Ff_6 L86-Xu_9 L96-Uqf5 L106-Rjv0 L116-Mjx0 L126-K_l9 L136-Pni6 L146-Gyz9 L151-Eqn0 L7-Suz0 L17-Cdq3 L27-Vna9 L37-Fum9 L47-Bie4 L57-Yyh4 L67-T_h6 L77-Dr_8 L87-Pcb9 L97-Sta9 L107-Gzd6 L117-Wjv8 L127-Ygh6 L137-Cdr2 L147-Iof5 L152-Krn2 L8-K_n7 L18-Krs5 L28-Zwh6 L38-E_y2 L48-Oh_2 L58-Zlx4 L68-Wrd5 L78-Fzp2 L88-Ukv3 L98-Erp9 L108-Yay6 L118-Tef4 L128-Jgy4 L138-Uxv1 L148-Nqy9 L153-Pai3 L9-Hjr1 L19-Bdl8 L29-Uq_3 L39-A_p5 L49-Xiy9 L59-Jhh1 L69-Bxg2 L79-Upk7 L89-Ri_4 L99-Mnh9 L109-Tjb4 L119-Jik6 L129-Hvz6 L139-Ihp9 L149-V_o1 L154-Vxa5 L10-P_l2 L20-Ulp6 L30-Pzp2 L40-Sef3 L50-Xoj7 L60-Ggu8 L70-Fga0 L80-Pcb0 L90-Kyc5 L100-Unj2 L110-Zxc3 L120-Ypr3 L130-O_g7 L140-Mj_7 L150-Tit4 L155-Hrg0
L1-Gm_5 L11-Ghw1 L21-Uhh3 L31-U__5 L41-Rum5 L51-Bfm9 L61-Qmp5 L71-Eit8 L81-Wyo2 L91-Zhc6 L101-Qza9 L111-Ecv4 L121-Xpz2 L131-Wax0 L141-E_j0 L2-Zrs9 L12-Nni7 L22-Uey5 L32-Smj0 L42-Suz2 L52-Nir7 L62-Hqn1 L72-Wpz7 L82-Qih8 L92-Atn3 L102-Idr5 L112-T_d8 L122-Wop2 L132-Fyn9 L142-Oul8 L3-Bfd5 L13-Rsq3 L23-Wjt4 L33-Tjs0 L43-Mnj1 L53-Dsp8 L63-Plc8 L73-Vzd0 L83-Ntz2 L93-Ane9 L103-Ybc3 L113-Swf1 L123-Kb_4 L133-Bqu2 L143-Nzi1 L4-Guq3 L14-Crd3 L24-Hfd3 L34-Mek8 L44-Kfw8 L54-Wqb6 L64-Jpm1 L74-Cqs5 L84-Q_h1 L94-H_o4 L104-Cwz8 L114-B_t3 L124-Ysy6 L134-G_i2 L144-Aib4 L5-K_o9 L15-Cdm1 L25-Htg8 L35-K_a2 L45-Gdu8 L55-Umk6 L65-Qsc1 L75-Fta0 L85-Qdt1 L95-Clf2 L105-Wta8 L115-Bzu4 L125-Yvn4 L135-O_v3 L145-Rkd9 L6-Xdg0 L16-Yqw2 L26-Cnx8 L36-Wso4 L46-Tbo5 L56-Sgf1 L66-Sb_2 L76-Ecm7 L86-Ff_6 L96-Xu_9 L106-Uqf5 L116-Rjv0 L126-Mjx0 L136-K_l9 L146-Pni6 L151-Gyz9 L7-Gqh5 L17-Suz0 L27-Cdq3 L37-Vna9 L47-Fum9 L57-Bie4 L67-Yyh4 L77-T_h6 L87-Dr_8 L97-Pcb9 L107-Sta9 L117-Gzd6 L127-Wjv8 L137-Ygh6 L147-Cdr2 L152-Iof5 L8-Zup6 L18-K_n7 L28-Krs5 L38-Zwh6 L48-E_y2 L58-Oh_2 L68-Zlx4 L78-Wrd5 L88-Fzp2 L98-Ukv3 L108-Erp9 L118-Yay6 L128-Tef4 L138-Jgy4 L148-Uxv1 L153-Nqy9 L9-Jd_7 L19-Hjr1 L29-Bdl8 L39-Uq_3 L49-A_p5 L59-Xiy9 L69-Jhh1 L79-Bxg2 L89-Upk7 L99-Ri_4 L109-Mnh9 L119-Tjb4 L129-Jik6 L139-Hvz6 L149-Ihp9 L154-V_o1 L20-P_l2 L30-Ulp6 L40-Pzp2 L50-Sef3 L60-Xoj7 L70-Ggu8 L80-Fga0 L90-Pcb0 L100-Kyc5 L110-Unj2 L120-Zxc3 L130-Ypr3 L140-O_g7 L150-Mj_7 L155-Tit4
L1-Yfb1 L11-Gm_5 L21-Ghw1 L31-Uhh3 L41-U__5 L51-Rum5 L61-Bfm9 L71-Qmp5 L81-Eit8 L91-Wyo2 L101-Zhc6 L111-Qza9 L121-Ecv4 L131-Xpz2 L141-Wax0 L2-Hhu1 L12-Zrs9 L22-Nni7 L32-Uey5 L42-Smj0 L52-Suz2 L62-Nir7 L72-Hqn1 L82-Wpz7 L92-Qih8 L102-Atn3 L112-Idr5 L122-T_d8 L132-Wop2 L142-Fyn9 L3-Ynx2 L13-Bfd5 L23-Rsq3 L33-Wjt4 L43-Tjs0 L53-Mnj1 L63-Dsp8 L73-Plc8 L83-Vzd0 L93-Ntz2 L103-Ane9 L113-Ybc3 L123-Swf1 L133-Kb_4 L143-Bqu2 L4-O_q3 L14-Guq3 L24-Crd3 L34-Hfd3 L44-Mek8 L54-Kfw8 L64-Wqb6 L74-Jpm1 L84-Cqs5 L94-Q_h1 L104-H_o4 L114-Cwz8 L124-B_t3 L134-Ysy6 L144-G_i2 L5-Dcv0 L15-K_o9 L25-Cdm1 L35-Htg8 L45-K_a2 L55-Gdu8 L65-Umk6 L75-Qsc1 L85-Fta0 L95-Qdt1 L105-Clf2 L115-Wta8 L125-Bzu4 L135-Yvn4 L145-O_v3 L6-Gid1 L16-Xdg0 L26-Yqw2 L36-Cnx8 L46-Wso4 L56-Tbo5 L66-Sgf1 L76-Sb_2 L86-Ecm7 L96-Ff_6 L106-Xu_9 L116-Uqf5 L126-Rjv0 L136-Mjx0 L146-K_l9 L151-Pni6 L7-P_l2 L17-Gqh5 L27-Suz0 L37-Cdq3 L47-Vna9 L57-Fum9 L67-Bie4 L77-Yyh4 L87-T_h6 L97-Dr_8 L107-Pcb9 L117-Sta9 L127-Gzd6 L137-Wjv8 L147-Ygh6 L152-Cdr2 L8-P_l2 L18-Zup6 L28-K_n7 L38-Krs5 L48-Zwh6 L58-E_y2 L68-Oh_2 L78-Zlx4 L88-Wrd5 L98-Fzp2 L108-Ukv3 L118-Erp9 L128-Yay6 L138-Tef4 L148-Jgy4 L153-Uxv1 L9-P_l2 L19-Jd_7 L29-Hjr1 L39-Bdl8 L49-Uq_3 L59-A_p5 L69-Xiy9 L79-Jhh1 L89-Bxg2 L99-Upk7 L109-Ri_4 L119-Mnh9 L129-Tjb4 L139-Jik6 L149-Hvz6 L154-Ihp9 L30-P_l2 L40-Ulp6 L50-Pzp2 L60-Sef3 L70-Xoj7 L80-Ggu8 L90-Fga0 L100-Pcb0 L110-Kyc5 L120-Unj2 L130-Zxc3 L140-Ypr3 L150-O_g7 L155-Mj_7
L1-Pbh2 L11-Yfb1 L21-Gm_5 L31-Ghw1 L41-Uhh3 L51-U__5 L61-Rum5 L71-Bfm9 L81-Qmp5 L91-Eit8 L101-Wyo2 L111-Zhc6 L121-Qza9 L131-Ecv4 L141-Xpz2 L2-Eir0 L12-Hhu1 L22-Zrs9 L32-Nni7 L42-Uey5 L52-Smj0 L62-Suz2 L72-Nir7 L82-Hqn1 L92-Wpz7 L102-Qih8 L112-Atn3 L122-Idr5 L132-T_d8 L142-Wop2 L3-Ebw8 L13-Ynx2 L23-Bfd5 L33-Rsq3 L43-Wjt4 L53-Tjs0 L63-Mnj1 L73-Dsp8 L83-Plc8 L93-Vzd0 L103-Ntz2 L113-Ane9 L123-Ybc3 L133-Swf1 L143-Kb_4 L4-Jnd9 L14-O_q3 L24-Guq3 L34-Crd3 L44-Hfd3 L54-Mek8 L64-Kfw8 L74-Wqb6 L84-Jpm1 L94-Cqs5 L104-Q_h1 L114-H_o4 L124-Cwz8 L134-B_t3 L144-Ysy6 L5-Rub0 L15-Dcv0 L25-K_o9 L35-Cdm1 L45-Htg8 L55-K_a2 L65-Gdu8 L75-Umk6 L85-Qsc1 L95-Fta0 L105-Qdt1 L115-Clf2 L125-Wta8 L135-Bzu4 L145-Yvn4 L6-Pz_5 L16-Gid1 L26-Xdg0 L36-Yqw2 L46-Cnx8 L56-Wso4 L66-Tbo5 L76-Sgf1 L86-Sb_2 L96-Ecm7 L106-Ff_6 L116-Xu_9 L126-Uqf5 L136-Rjv0 L146-Mjx0 L151-K_l9 L17-P_l2 L27-Gqh5 L37-Suz0 L47-Cdq3 L57-Vna9 L67-Fum9 L77-Bie4 L87-Yyh4 L97-T_h6 L107-Dr_8 L117-Pcb9 L127-Sta9 L137-Gzd6 L147-Wjv8 L152-Ygh6 L18-P_l2 L28-Zup6 L38-K_n7 L48-Krs5 L58-Zwh6 L68-E_y2 L78-Oh_2 L88-Zlx4 L98-Wrd5 L108-Fzp2 L118-Ukv3 L128-Erp9 L138-Yay6 L148-Tef4 L153-Jgy4 L19-P_l2 L29-Jd_7 L39-Hjr1 L49-Bdl8 L59-Uq_3 L69-A_p5 L79-Xiy9 L89-Jhh1 L99-Bxg2 L109-Upk7 L119-Ri_4 L129-Mnh9 L139-Tjb4 L149-Jik6 L154-Hvz6 L40-P_l2 L50-Ulp6 L60-Pzp2 L70-Sef3 L80-Xoj7 L90-Ggu8 L100-Fga0 L110-Pcb0 L120-Kyc5 L130-Unj2 L140-Zxc3 L150-Ypr3 L155-O_g7
L1-Pbv3 L11-Pbh2 L21-Yfb1 L31-Gm_5 L41-Ghw1 L51-Uhh3 L61-U__5 L71-Rum5 L81-Bfm9 L91-Qmp5 L101-Eit8 L111-Wyo2 L121-Zhc6 L131-Qza9 L141-Ecv4 L2-Qpo4 L12-Eir0 L22-Hhu1 L32-Zrs9 L42-Nni7 L52-Uey5 L62-Smj0 L72-Suz2 L82-Nir7 L92-Hqn1 L102-Wpz7 L112-Qih8 L122-Atn3 L132-Idr5 L142-T_d8 L3-C_z7 L13-Ebw8 L23-Ynx2 L33-Bfd5 L43-Rsq3 L53-Wjt4 L63-Tjs0 L73-Mnj1 L83-Dsp8 L93-Plc8 L103-Vzd0 L113-Ntz2 L123-Ane9 L133-Ybc3 L143-Swf1 L4-H_a2 L14-Jnd9 L24-O_q3 L34-Guq3 L44-Crd3 L54-Hfd3 L64-Mek8 L74-Kfw8 L84-Wqb6 L94-Jpm1 L104-Cqs5 L114-Q_h1 L124-H_o4 L134-Cwz8 L144-B_t3 L5-F_m7 L15-Rub0 L25-Dcv0 L35-K_o9 L45-Cdm1 L55-Htg8 L65-K_a2 L75-Gdu8 L85-Umk6 L95-Qsc1 L105-Fta0 L115-Qdt1 L125-Clf2 L135-Wta8 L145-Bzu4 L6-P_l2 L16-Pz_5 L26-Gid1 L36-Xdg0 L46-Yqw2 L56-Cnx8 L66-Wso4 L76-Tbo5 L86-Sgf1 L96-Sb_2 L106-Ecm7 L116-Ff_6 L126-Xu_9 L136-Uqf5 L146-Rjv0 L151-Mjx0 L27-P_l2 L37-Gqh5 L47-Suz0 L57-Cdq3 L67-Vna9 L77-Fum9 L87-Bie4 L97-Yyh4 L107-T_h6 L117-Dr_8 L127-Pcb9 L137-Sta9 L147-Gzd6 L152-Wjv8 L28-P_l2 L38-Zup6 L48-K_n7 L58-Krs5 L68-Zwh6 L78-E_y2 L88-Oh_2 L98-Zlx4 L108-Wrd5 L118-Fzp2 L128-Ukv3 L138-Erp9 L148-Yay6 L153-Tef4 L29-P_l2 L39-Jd_7 L49-Hjr1 L59-Bdl8 L69-Uq_3 L79-A_p5 L89-Xiy9 L99-Jhh1 L109-Bxg2 L119-Upk7 L129-Ri_4 L139-Mnh9 L149-Tjb4 L154-Jik6 L50-P_l2 L60-Ulp6 L70-Pzp2 L80-Sef3 L90-Xoj7 L100-Ggu8 L110-Fga0 L120-Pcb0 L130-Kyc5 L140-Unj2 L150-Zxc3 L155-Ypr3
L1-Grj2 L11-Pbv3 L21-Pbh2 L31-Yfb1 L41-Gm_5 L51-Ghw1 L61-Uhh3 L71-U__5 L81-Rum5 L91-Bfm9 L101-Qmp5 L111-Eit8 L121-Wyo2 L131-Zhc6 L141-Qza9 L2-Tdi2 L12-Qpo4 L22-Eir0 L32-Hhu1 L42-Zrs9 L52-Nni7 L62-Uey5 L72-Smj0 L82-Suz2 L92-Nir7 L102-Hqn1 L112-Wpz7 L122-Qih8 L132-Atn3 L142-Idr5 L3-Dfa6 L13-C_z7 L23-Ebw8 L33-Ynx2 L43-Bfd5 L53-Rsq3 L63-Wjt4 L73-Tjs0 L83-Mnj1 L93-Dsp8 L103-Plc8 L113-Vzd0 L123-Ntz2 L133-Ane9 L143-Ybc3 L4-Bxq2 L14-H_a2 L24-Jnd9 L34-O_q3 L44-Guq3 L54-Crd3 L64-Hfd3 L74-Mek8 L84-Kfw8 L94-Wqb6 L104-Jpm1 L114-Cqs5 L124-Q_h1 L134-H_o4 L144-Cwz8 L5-Igt5 L15-F_m7 L25-Rub0 L35-Dcv0 L45-K_o9 L55-Cdm1 L65-Htg8 L75-K_a2 L85-Gdu8 L95-Umk6 L105-Qsc1 L115-Fta0 L125-Qdt1 L135-Clf2 L145-Wta8 L16-P_l2 L26-Pz_5 L36-Gid1 L46-Xdg0 L56-Yqw2 L66-Cnx8 L76-Wso4 L86-Tbo5 L96-Sgf1 L106-Sb_2 L116-Ecm7 L126-Ff_6 L136-Xu_9 L146-Uqf5 L151-Rjv0 L37-P_l2 L47-Gqh5 L57-Suz0 L67-Cdq3 L77-Vna9 L87-Fum9 L97-Bie4 L107-Yyh4 L117-T_h6 L127-Dr_8 L137-Pcb9 L147-Sta9 L152-Gzd6 L38-P_l2 L48-Zup6 L58-K_n7 L68-Krs5 L78-Zwh6 L88-E_y2 L98-Oh_2 L108-Zlx4 L118-Wrd5 L128-Fzp2 L138-Ukv3 L148-Erp9 L153-Yay6 L39-P_l2 L49-Jd_7 L59-Hjr1 L69-Bdl8 L79-Uq_3 L89-A_p5 L99-Xiy9 L109-Jhh1 L119-Bxg2 L129-Upk7 L139-Ri_4 L149-Mnh9 L154-Tjb4 L60-P_l2 L70-Ulp6 L80-Pzp2 L90-Sef3 L100-Xoj7 L110-Ggu8 L120-Fga0 L130-Pcb0 L140-Kyc5 L150-Unj2 L155-Zxc3
L1-Vjn3 L11-Grj2 L21-Pbv3 L31-Pbh2 L41-Yfb1 L51-Gm_5 L61-Ghw1 L71-Uhh3 L81-U__5 L91-Rum5 L101-Bfm9 L111-Qmp5 L121-Eit8 L131-Wyo2 L141-Zhc6 L2-Vtk1 L12-Tdi2 L22-Qpo4 L32-Eir0 L42-Hhu1 L52-Zrs9 L62-Nni7 L72-Uey5 L82-Smj0 L92-Suz2 L102-Nir7 L112-Hqn1 L122-Wpz7 L132-Qih8 L142-Atn3 L3-S__8 L13-Dfa6 L23-C_z7 L33-Ebw8 L43-Ynx2 L53-Bfd5 L63-Rsq3 L73-Wjt4 L83-Tjs0 L93-Mnj1 L103-Dsp8 L113-Plc8 L123-Vzd0 L133-Ntz2 L143-Ane9 L4-Sfo2 L14-Bxq2 L24-H_a2 L34-Jnd9 L44-O_q3 L54-Guq3 L64-Crd3 L74-Hfd3 L84-Mek8 L94-Kfw8 L104-Wqb6 L114-Jpm1 L124-Cqs5 L134-Q_h1 L144-H_o4 L5-P_l2 L15-Igt5 L25-F_m7 L35-Rub0 L45-Dcv0 L55-K_o9 L65-Cdm1 L75-Htg8 L85-K_a2 L95-Gdu8 L105-Umk6 L115-Qsc1 L125-Fta0 L135-Qdt1 L145-Clf2 L26-P_l2 L36-Pz_5 L46-Gid1 L56-Xdg0 L66-Yqw2 L76-Cnx8 L86-Wso4 L96-Tbo5 L106-Sgf1 L116-Sb_2 L126-Ecm7 L136-Ff_6 L146-Xu_9 L151-Uqf5 L47-P_l2 L57-Gqh5 L67-Suz0 L77-Cdq3 L87-Vna9 L97-Fum9 L107-Bie4 L117-Yyh4 L127-T_h6 L137-Dr_8 L147-Pcb9 L152-Sta9 L48-P_l2 L58-Zup6 L68-K_n7 L78-Krs5 L88-Zwh6 L98-E_y2 L108-Oh_2 L118-Zlx4 L128-Wrd5 L138-Fzp2 L148-Ukv3 L153-Erp9 L49-P_l2 L59-Jd_7 L69-Hjr1 L79-Bdl8 L89-Uq_3 L99-A_p5 L109-Xiy9 L119-Jhh1 L129-Bxg2 L139-Upk7 L149-Ri_4 L154-Mnh9 L70-P_l2 L80-Ulp6 L90-Pzp2 L100-Sef3 L110-Xoj7 L120-Ggu8 L130-Fga0 L140-Pcb0 L150-Kyc5 L155-Unj2
L1-Sxg2 L11-Vjn3 L21-Grj2 L31-Pbv3 L41-Pbh2 L51-Yfb1 L61-Gm_5 L71-Ghw1 L81-Uhh3 L91-U__5 L101-Rum5 L111-Bfm9 L121-Qmp5 L131-Eit8 L141-Wyo2 L2-Qeo5 L12-Vtk1 L22-Tdi2 L32-Qpo4 L42-Eir0 L52-Hhu1 L62-Zrs9 L72-Nni7 L82-Uey5 L92-Smj0 L102-Suz2 L112-Nir7 L122-Hqn1 L132-Wpz7 L142-Qih8 L3-P_l2 L13-S__8 L23-Dfa6 L33-C_z7 L43-Ebw8 L53-Ynx2 L63-Bfd5 L73-Rsq3 L83-Wjt4 L93-Tjs0 L103-Mnj1 L113-Dsp8 L123-Plc8 L133-Vzd0 L143-Ntz2 L4-P_l2 L14-Sfo2 L24-Bxq2 L34-H_a2 L44-Jnd9 L54-O_q3 L64-Guq3 L74-Crd3 L84-Hfd3 L94-Mek8 L104-Kfw8 L114-Wqb6 L124-Jpm1 L134-Cqs5 L144-Q_h1 L15-P_l2 L25-Igt5 L35-F_m7 L45-Rub0 L55-Dcv0 L65-K_o9 L75-Cdm1 L85-Htg8 L95-K_a2 L105-Gdu8 L115-Umk6 L125-Qsc1 L135-Fta0 L145-Qdt1 L36-P_l2 L46-Pz_5 L56-Gid1 L66-Xdg0 L76-Yqw2 L86-Cnx8 L96-Wso4 L106-Tbo5 L116-Sgf1 L126-Sb_2 L136-Ecm7 L146-Ff_6 L151-Xu_9 L57-P_l2 L67-Gqh5 L77-Suz0 L87-Cdq3 L97-Vna9 L107-Fum9 L117-Bie4 L127-Yyh4 L137-T_h6 L147-Dr_8 L152-Pcb9 L58-P_l2 L68-Zup6 L78-K_n7 L88-Krs5 L98-Zwh6 L108-E_y2 L118-Oh_2 L128-Zlx4 L138-Wrd5 L148-Fzp2 L153-Ukv3 L59-P_l2 L69-Jd_7 L79-Hjr1 L89-Bdl8 L99-Uq_3 L109-A_p5 L119-Xiy9 L129-Jhh1 L139-Bxg2 L149-Upk7 L154-Ri_4 L80-P_l2 L90-Ulp6 L100-Pzp2 L110-Sef3 L120-Xoj7 L130-Ggu8 L140-Fga0 L150-Pcb0 L155-Kyc5
L1-P_l2 L11-Sxg2 L21-Vjn3 L31-Grj2 L41-Pbv3 L51-Pbh2 L61-Yfb1 L71-Gm_5 L81-Ghw1 L91-Uhh3 L101-U__5 L111-Rum5 L121-Bfm9 L131-Qmp5 L141-Eit8 L2-P_l2 L12-Qeo5 L22-Vtk1 L32-Tdi2 L42-Qpo4 L52-Eir0 L62-Hhu1 L72-Zrs9 L82-Nni7 L92-Uey5 L102-Smj0 L112-Suz2 L122-Nir7 L132-Hqn1 L142-Wpz7 L13-P_l2 L23-S__8 L33-Dfa6 L43-C_z7 L53-Ebw8 L63-Ynx2 L73-Bfd5 L83-Rsq3 L93-Wjt4 L103-Tjs0 L113-Mnj1 L123-Dsp8 L133-Plc8 L143-Vzd0 L14-P_l2 L24-Sfo2 L34-Bxq2 L44-H_a2 L54-Jnd9 L64-O_q3 L74-Guq3 L84-Crd3 L94-Hfd3 L104-Mek8 L114-Kfw8 L124-Wqb6 L134-Jpm1 L144-Cqs5 L25-P_l2 L35-Igt5 L45-F_m7 L55-Rub0 L65-Dcv0 L75-K_o9 L85-Cdm1 L95-Htg8 L105-K_a2 L115-Gdu8 L125-Umk6 L135-Qsc1 L145-Fta0 L46-P_l2 L56-Pz_5 L66-Gid1 L76-Xdg0 L86-Yqw2 L96-Cnx8 L106-Wso4 L116-Tbo5 L126-Sgf1 L136-Sb_2 L146-Ecm7 L151-Ff_6 L67-P_l2 L77-Gqh5 L87-Suz0 L97-Cdq3 L107-Vna9 L117-Fum9 L127-Bie4 L137-Yyh4 L147-T_h6 L152-Dr_8 L68-P_l2 L78-Zup6 L88-K_n7 L98-Krs5 L108-Zwh6 L118-E_y2 L128-Oh_2 L138-Zlx4 L148-Wrd5 L153-Fzp2 L69-P_l2 L79-Jd_7 L89-Hjr1 L99-Bdl8 L109-Uq_3 L119-A_p5 L129-Xiy9 L139-Jhh1 L149-Bxg2 L154-Upk7 L90-P_l2 L100-Ulp6 L110-Pzp2 L120-Sef3 L130-Xoj7 L140-Ggu8 L150-Fga0 L155-Pcb0
L11-P_l2 L21-Sxg2 L31-Vjn3 L41-Grj2 L51-Pbv3 L61-Pbh2 L71-Yfb1 L81-Gm_5 L91-Ghw1 L101-Uhh3 L111-U__5 L121-Rum5 L131-Bfm9 L141-Qmp5 L12-P_l2 L22-Qeo5 L32-Vtk1 L42-Tdi2 L52-Qpo4 L62-Eir0 L72-Hhu1 L82-Zrs9 L92-Nni7 L102-Uey5 L112-Smj0 L122-Suz2 L132-Nir7 L142-Hqn1 L23-P_l2 L33-S__8 L43-Dfa6 L53-C_z7 L63-Ebw8 L73-Ynx2 L83-Bfd5 L93-Rsq3 L103-Wjt4 L113-Tjs0 L123-Mnj1 L133-Dsp8 L143-Plc8 L24-P_l2 L34-Sfo2 L44-Bxq2 L54-H_a2 L64-Jnd9 L74-O_q3 L84-Guq3 L94-Crd3 L104-Hfd3 L114-Mek8 L124-Kfw8 L134-Wqb6 L144-Jpm1 L35-P_l2 L45-Igt5 L55-F_m7 L65-Rub0 L75-Dcv0 L85-K_o9 L95-Cdm1 L105-Htg8 L115-K_a2 L125-Gdu8 L135-Umk6 L145-Qsc1 L56-P_l2 L66-Pz_5 L76-Gid1 L86-Xdg0 L96-Yqw2 L106-Cnx8 L116-Wso4 L126-Tbo5 L136-Sgf1 L146-Sb_2 L151-Ecm7 L77-P_l2 L87-Gqh5 L97-Suz0 L107-Cdq3 L117-Vna9 L127-Fum9 L137-Bie4 L147-Yyh4 L152-T_h6 L78-P_l2 L88-Zup6 L98-K_n7 L108-Krs5 L118-Zwh6 L128-E_y2 L138-Oh_2 L148-Zlx4 L153-Wrd5 L79-P_l2 L89-Jd_7 L99-Hjr1 L109-Bdl8 L119-Uq_3 L129-A_p5 L139-Xiy9 L149-Jhh1 L154-Bxg2 L100-P_l2 L110-Ulp6 L120-Pzp2 L130-Sef3 L140-Xoj7 L150-Ggu8 L155-Fga0
L21-P_l2 L31-Sxg2 L41-Vjn3 L51-Grj2 L61-Pbv3 L71-Pbh2 L81-Yfb1 L91-Gm_5 L101-Ghw1 L111-Uhh3 L121-U__5 L131-Rum5 L141-Bfm9 L22-P_l2 L32-Qeo5 L42-Vtk1 L52-Tdi2 L62-Qpo4 L72-Eir0 L82-Hhu1 L92-Zrs9 L102-Nni7 L112-Uey5 L122-Smj0 L132-Suz2 L142-Nir7 L33-P_l2 L43-S__8 L53-Dfa6 L63-C_z7 L73-Ebw8 L83-Ynx2 L93-Bfd5 L103-Rsq3 L113-Wjt4 L123-Tjs0 L133-Mnj1 L143-Dsp8 L34-P_l2 L44-Sfo2 L54-Bxq2 L64-H_a2 L74-Jnd9 L84-O_q3 L94-Guq3 L104-Crd3 L114-Hfd3 L124-Mek8 L134-Kfw8 L144-Wqb6 L45-P_l2 L55-Igt5 L65-F_m7 L75-Rub0 L85-Dcv0 L95-K_o9 L105-Cdm1 L115-Htg8 L125-K_a2 L135-Gdu8 L145-Umk6 L66-P_l2 L76-Pz_5 L86-Gid1 L96-Xdg0 L106-Yqw2 L116-Cnx8 L126-Wso4 L136-Tbo5 L146-Sgf1 L151-Sb_2 L87-P_l2 L97-Gqh5 L107-Suz0 L117-Cdq3 L127-Vna9 L137-Fum9 L147-Bie4 L152-Yyh4 L88-P_l2 L98-Zup6 L108-K_n7 L118-Krs5 L128-Zwh6 L138-E_y2 L148-Oh_2 L153-Zlx4 L89-P_l2 L99-Jd_7 L109-Hjr1 L119-Bdl8 L129-Uq_3 L139-A_p5 L149-Xiy9 L154-Jhh1 L110-P_l2 L120-Ulp6 L130-Pzp2 L140-Sef3 L150-Xoj7 L155-Ggu8
L31-P_l2 L41-Sxg2 L51-Vjn3 L61-Grj2 L71-Pbv3 L81-Pbh2 L91-Yfb1 L101-Gm_5 L111-Ghw1 L121-Uhh3 L131-U__5 L141-Rum5 L32-P_l2 L42-Qeo5 L52-Vtk1 L62-Tdi2 L72-Qpo4 L82-Eir0 L92-Hhu1 L102-Zrs9 L112-Nni7 L122-Uey5 L132-Smj0 L142-Suz2 L43-P_l2 L53-S__8 L63-Dfa6 L73-C_z7 L83-Ebw8 L93-Ynx2 L103-Bfd5 L113-Rsq3 L123-Wjt4 L133-Tjs0 L143-Mnj1 L44-P_l2 L54-Sfo2 L64-Bxq2 L74-H_a2 L84-Jnd9 L94-O_q3 L104-Guq3 L114-Crd3 L124-Hfd3 L134-Mek8 L144-Kfw8 L55-P_l2 L65-Igt5 L75-F_m7 L85-Rub0 L95-Dcv0 L105-K_o9 L115-Cdm1 L125-Htg8 L135-K_a2 L145-Gdu8 L76-P_l2 L86-Pz_5 L96-Gid1 L106-Xdg0 L116-Yqw2 L126-Cnx8 L136-Wso4 L146-Tbo5 L151-Sgf1 L97-P_l2 L107-Gqh5 L117-Suz0 L127-Cdq3 L137-Vna9 L147-Fum9 L152-Bie4 L98-P_l2 L108-Zup6 L118-K_n7 L128-Krs5 L138-Zwh6 L148-E_y2 L153-Oh_2 L99-P_l2 L109-Jd_7 L119-Hjr1 L129-Bdl8 L139-Uq_3 L149-A_p5 L154-Xiy9 L120-P_l2 L130-Ulp6 L140-Pzp2 L150-Sef3 L155-Xoj7
L41-P_l2 L51-Sxg2 L61-Vjn3 L71-Grj2 L81-Pbv3 L91-Pbh2 L101-Yfb1 L111-Gm_5 L121-Ghw1 L131-Uhh3 L141-U__5 L42-P_l2 L52-Qeo5 L62-Vtk1 L72-Tdi2 L82-Qpo4 L92-Eir0 L102-Hhu1 L112-Zrs9 L122-Nni7 L132-Uey5 L142-Smj0 L53-P_l2 L63-S__8 L73-Dfa6 L83-C_z7 L93-Ebw8 L103-Ynx2 L113-Bfd5 L123-Rsq3 L133-Wjt4 L143-Tjs0 L54-P_l2 L64-Sfo2 L74-Bxq2 L84-H_a2 L94-Jnd9 L104-O_q3 L114-Guq3 L124-Crd3 L134-Hfd3 L144-Mek8 L65-P_l2 L75-Igt5 L85-F_m7 L95-Rub0 L105-Dcv0 L115-K_o9 L125-Cdm1 L135-Htg8 L145-K_a2 L86-P_l2 L96-Pz_5 L106-Gid1 L116-Xdg0 L126-Yqw2 L136-Cnx8 L146-Wso4 L151-Tbo5 L107-P_l2 L117-Gqh5 L127-Suz0 L137-Cdq3 L147-Vna9 L152-Fum9 L108-P_l2 L118-Zup6 L128-K_n7 L138-Krs5 L148-Zwh6 L153-E_y2 L109-P_l2 L119-Jd_7 L129-Hjr1 L139-Bdl8 L149-Uq_3 L154-A_p5 L130-P_l2 L140-Ulp6 L150-Pzp2 L155-Sef3
L51-P_l2 L61-Sxg2 L71-Vjn3 L81-Grj2 L91-Pbv3 L101-Pbh2 L111-Yfb1 L121-Gm_5 L131-Ghw1 L141-Uhh3 L52-P_l2 L62-Qeo5 L72-Vtk1 L82-Tdi2 L92-Qpo4 L102-Eir0 L112-Hhu1 L122-Zrs9 L132-Nni7 L142-Uey5 L63-P_l2 L73-S__8 L83-Dfa6 L93-C_z7 L103-Ebw8 L113-Ynx2 L123-Bfd5 L133-Rsq3 L143-Wjt4 L64-P_l2 L74-Sfo2 L84-Bxq2 L94-H_a2 L104-Jnd9 L114-O_q3 L124-Guq3 L134-Crd3 L144-Hfd3 L75-P_l2 L85-Igt5 L95-F_m7 L105-Rub0 L115-Dcv0 L125-K_o9 L135-Cdm1 L145-Htg8 L96-P_l2 L106-Pz_5 L116-Gid1 L126-Xdg0 L136-Yqw2 L146-Cnx8 L151-Wso4 L117-P_l2 L127-Gqh5 L137-Suz0 L147-Cdq3 L152-Vna9 L118-P_l2 L128-Zup6 L138-K_n7 L148-Krs5 L153-Zwh6 L119-P_l2 L129-Jd_7 L139-Hjr1 L149-Bdl8 L154-Uq_3 L140-P_l2 L150-Ulp6 L155-Pzp2
L61-P_l2 L71-Sxg2 L81-Vjn3 L91-Grj2 L101-Pbv3 L111-Pbh2 L121-Yfb1 L131-Gm_5 L141-Ghw1 L62-P_l2 L72-Qeo5 L82-Vtk1 L92-Tdi2 L102-Qpo4 L112-Eir0 L122-Hhu1 L132-Zrs9 L142-Nni7 L73-P_l2 L83-S__8 L93-Dfa6 L103-C_z7 L113-Ebw8 L123-Ynx2 L133-Bfd5 L143-Rsq3 L74-P_l2 L84-Sfo2 L94-Bxq2 L104-H_a2 L114-Jnd9 L124-O_q3 L134-Guq3 L144-Crd3 L85-P_l2 L95-Igt5 L105-F_m7 L115-Rub0 L125-Dcv0 L135-K_o9 L145-Cdm1 L106-P_l2 L116-Pz_5 L126-Gid1 L136-Xdg0 L146-Yqw2 L151-Cnx8 L127-P_l2 L137-Gqh5 L147-Suz0 L152-Cdq3 L128-P_l2 L138-Zup6 L148-K_n7 L153-Krs5 L129-P_l2 L139-Jd_7 L149-Hjr1 L154-Bdl8 L150-P_l2 L155-Ulp6
L71-P_l2 L81-Sxg2 L91-Vjn3 L101-Grj2 L111-Pbv3 L121-Pbh2 L131-Yfb1 L141-Gm_5 L72-P_l2 L82-Qeo5 L92-Vtk1 L102-Tdi2 L112-Qpo4 L122-Eir0 L132-Hhu1 L142-Zrs9 L83-P_l2 L93-S__8 L103-Dfa6 L113-C_z7 L123-Ebw8 L133-Ynx2 L143-Bfd5 L84-P_l2 L94-Sfo2 L104-Bxq2 L114-H_a2 L124-Jnd9 L134-O_q3 L144-Guq3 L95-P_l2 L105-Igt5 L115-F_m7 L125-Rub0 L135-Dcv0 L145-K_o9 L116-P_l2 L126-Pz_5 L136-Gid1 L146-Xdg0 L151-Yqw2 L137-P_l2 L147-Gqh5 L152-Suz0 L138-P_l2 L148-Zup6 L153-K_n7 L139-P_l2 L149-Jd_7 L154-Hjr1 L155-P_l2
L81-P_l2 L91-Sxg2 L101-Vjn3 L111-Grj2 L121-Pbv3 L131-Pbh2 L141-Yfb1 L82-P_l2 L92-Qeo5 L102-Vtk1 L112-Tdi2 L122-Qpo4 L132-Eir0 L142-Hhu1 L93-P_l2 L103-S__8 L113-Dfa6 L123-C_z7 L133-Ebw8 L143-Ynx2 L94-P_l2 L104-Sfo2 L114-Bxq2 L124-H_a2 L134-Jnd9 L144-O_q3 L105-P_l2 L115-Igt5 L125-F_m7 L135-Rub0 L145-Dcv0 L126-P_l2 L136-Pz_5 L146-Gid1 L151-Xdg0 L147-P_l2 L152-Gqh5 L148-P_l2 L153-Zup6 L149-P_l2 L154-Jd_7
L91-P_l2 L101-Sxg2 L111-Vjn3 L121-Grj2 L131-Pbv3 L141-Pbh2 L92-P_l2 L102-Qeo5 L112-Vtk1 L122-Tdi2 L132-Qpo4 L142-Eir0 L103-P_l2 L113-S__8 L123-Dfa6 L133-C_z7 L143-Ebw8 L104-P_l2 L114-Sfo2 L124-Bxq2 L134-H_a2 L144-Jnd9 L115-P_l2 L125-Igt5 L135-F_m7 L145-Rub0 L136-P_l2 L146-Pz_5 L151-Gid1 L152-P_l2 L153-P_l2 L154-P_l2
L101-P_l2 L111-Sxg2 L121-Vjn3 L131-Grj2 L141-Pbv3 L102-P_l2 L112-Qeo5 L122-Vtk1 L132-Tdi2 L142-Qpo4 L113-P_l2 L123-S__8 L133-Dfa6 L143-C_z7 L114-P_l2 L124-Sfo2 L134-Bxq2 L144-H_a2 L125-P_l2 L135-Igt5 L145-F_m7 L146-P_l2 L151-Pz_5
L111-P_l2 L121-Sxg2 L131-Vjn3 L141-Grj2 L112-P_l2 L122-Qeo5 L132-Vtk1 L142-Tdi2 L123-P_l2 L133-S__8 L143-Dfa6 L124-P_l2 L134-Sfo2 L144-Bxq2 L135-P_l2 L145-Igt5 L151-P_l2
L121-P_l2 L131-Sxg2 L141-Vjn3 L122-P_l2 L132-Qeo5 L142-Vtk1 L133-P_l2 L143-S__8 L134-P_l2 L144-Sfo2 L145-P_l2
L131-P_l2 L141-Sxg2 L132-P_l2 L142-Qeo5 L143-P_l2 L144-P_l2
L141-P_l2 L142-P_l2
