15
#Here is the number of lines required: 31
##start
Pk_0 4 4
##end
Ugr8 6 6
Jdw4 7 7
Ago1 10 10
C_t9 15 15
Eab5 18 18
Bi_7 21 21
Zaa5 23 23
V_a1 26 26
Jof5 27 27
Ijd3 28 28
Qrs6 32 32
Tvf8 34 34
Imy7 37 37
Xzs7 39 39
D_r8 41 41
Tdf9 45 45
Sod8 48 48
Jdm9 51 51
Dbk2 53 53
Qoi8 55 55
Deb7 58 58
Ucx2 61 61
Mfr2 66 66
Wc_7 70 70
Kxo4 74 74
Zan1 77 77
Gpq0 79 79
Gad1 81 81
Dxd0 85 85
My_1 88 88
Fnt4 91 91
Zmc7 93 93
Oir5 97 97
Xqo6 101 101
Q__5 104 104
Kmf1 107 107
Axm7 110 110
Fth9 111 111
Mv_2 113 113
Gy_7 116 116
Hyk7 119 119
Kni3 121 121
Qry6 126 126
Nab8 131 131
Zbq7 136 136
Zpv8 139 139
Xjf3 142 142
Xds6 146 146
Omb4 147 147
Puf8 152 152
Uao3 156 156
Ksc8 157 157
Hqu5 160 160
Mqk8 162 162
Zjx3 164 164
Cnh0 166 166
W_v1 168 168
Ehg2 171 171
Jzq0 174 174
Wvr4 175 175
Bbl6 179 179
Kfv5 182 182
J_l6 186 186
Qzg7 187 187
Wt_2 189 189
Vzs6 194 194
Rly4 197 197
Phn0 198 198
Jle5 200 200
Hmr9 202 202
Hl_1 206 206
W_w9 208 208
Vuc5 212 212
Vne5 213 213
Vsw6 216 216
Oic9 218 218
Tts7 222 222
X_x8 225 225
Rad6 230 230
Eri6 233 233
Tgg5 235 235
Isg2 238 238
Ow_2 243 243
Yt_2 247 247
Qlv1 248 248
Rls0 250 250
Qtp2 253 253
Ypb8 255 255
Fbj9 258 258
Nle4 262 262
Jyw9 265 265
Gss0 268 268
Dnx9 270 270
Kci6 272 272
Mtq8 275 275
B_e7 278 278
Cxg8 280 280
Z_j3 284 284
Jmb8 286 286
R_b5 289 289
Yxh3 293 293
Uny4 295 295
Mgv7 296 296
Zye2 299 299
Ykr4 303 303
Anp2 306 306
Jbw4 310 310
Pw_3 315 315
Tlm1 317 317
Zkv9 321 321
Tpq9 323 323
Mrx3 326 326
Dlt3 330 330
Fas1 333 333
Tgg6 336 336
H_f8 341 341
Uvm6 342 342
Ibx3 344 344
Vns2 348 348
Neo3 351 351
T_n6 354 354
Xtg2 359 359
Awq2 362 362
Mxt8 366 366
Ggo6 368 368
Vsa5 371 371
Qsb0 376 376
Vh_0 379 379
R_c6 384 384
Igo1 386 386
Oth1 388 388
Yr_7 391 391
Co_1 396 396
Kef1 399 399
Etv4 403 403
Kss2 407 407
Dox0 408 408
Kox4 413 413
Aoi6 416 416
Dck1 421 421
Qyj8 425 425
A_t5 428 428
Emh5 432 432
Wpq6 436 436
Izd7 437 437
Mum3 439 439
Qkx8 444 444
Jl_6 447 447
Zon0 450 450
Ujg0 453 453
O_c4 457 457
Ybb2 459 459
Rww9 462 462
Bnc5 463 463
Yxi3 466 466
Fau3 469 469
Avc2 473 473
Npk6 476 476
Cct2 481 481
Qjh5 485 485
Zwr3 487 487
M_l3 492 492
Nfg5 496 496
Oqo8 498 498
Kxe4 502 502
Ize4 504 504
Wsd5 507 507
Qeg3 510 510
I_j6 513 513
Gqz6 518 518
P_b6 520 520
Tid6 522 522
Dfh5 524 524
X__0 527 527
C_f2 529 529
Dgh2 532 532
Njq5 533 533
Gmf5 536 536
Mdi7 539 539
Fwv5 542 542
Xzt4 545 545
R_m5 547 547
Tng2 550 550
Cdm3 554 554
Rib1 558 558
Nig6 562 562
Wrt4 564 564
Oun4 566 566
Clc7 570 570
Uef1 573 573
M_i6 576 576
Inl2 581 581
Hyh5 585 585
Zvp8 587 587
Iia4 590 590
Cuw4 593 593
Zhv4 598 598
Skd4 602 602
Yyz9 604 604
Gya5 607 607
Qca2 608 608
Phv1 612 612
Wkv4 616 616
Hgb4 619 619
Uvm0 624 624
Rec6 625 625
Bef2 628 628
X_b1 631 631
Miv6 635 635
Igl5 638 638
Cry9 640 640
Qo_5 644 644
Ja_6 646 646
Cnv4 647 647
Cxl9 649 649
Qfg3 652 652
Xwo5 653 653
Mcb5 655 655
Vgp1 659 659
Hp_2 662 662
Kwi8 665 665
Bjh8 668 668
A__8 673 673
Uzh8 676 676
Jta9 679 679
Sw_6 682 682
Yop7 683 683
Hxj3 686 686
Rfg2 687 687
Heg3 690 690
Q_s4 695 695
Aqz1 699 699
Ci_7 700 700
Uml3 705 705
W_k0 708 708
Rzu5 712 712
P_e7 717 717
Vtu5 720 720
Qp_2 723 723
Wqf5 727 727
Aij9 731 731
Rsj6 733 733
Bkt5 737 737
Tn_0 739 739
Oyx5 742 742
Aut2 746 746
Rrz4 749 749
Fhl5 752 752
Xju3 754 754
Jfp7 757 757
T_l2 758 758
V_a4 761 761
Imk0 767 767
Wgs5 770 770
Zij8 774 774
Ke_3 776 776
Djd0 781 781
Tju3 784 784
Vn_6 787 787
J_v5 791 791
H_f5 792 792
Iqy4 796 796
Ylb9 799 799
Wre8 802 802
Klm4 804 804
Mcp4 807 807
Kfa4 810 810
Zfj7 814 814
Kx_6 817 817
Mls1 820 820
Zzq5 822 822
Ue_6 825 825
Pha4 830 830
Ogb5 831 831
V_m6 836 836
Tat7 841 841
Dok8 844 844
Gk_0 847 847
Hfu4 849 849
Hxb0 853 853
Wvh9 856 856
Qfq4 858 858
Mih7 861 861
Mr_7 865 865
Uv_0 868 868
Dkw5 870 870
Fcq8 874 874
To_9 875 875
Ktc6 876 876
Bjc1 881 881
Acj0 883 883
Dvh6 887 887
Ezv1 891 891
Ojp5 892 892
Kwc0 893 893
N_p6 895 895
Hbq1 897 897
Wbm2 899 899
Eb_3 902 902
Qfd2 903 903
Uxq3 906 906
Rrc8 910 910
Flh4 913 913
Sfw6 916 916
Fx_5 918 918
Ri_8 920 920
Klx8 922 922
Rbr3 923 923
Vii1 924 924
Vyj3 927 927
M_j0 930 930
Eoi9 935 935
Vrx0 936 936
M_g9 937 937
Euq2 939 939
Y_x4 941 941
C_d6 945 945
Bql6 947 947
Nnt0 951 951
Wub6 956 956
Oiu5 958 958
Paj9 961 961
Flt7 965 965
D_p5 970 970
Ca_0 973 973
Uyd6 976 976
Iyg1 981 981
Fja3 984 984
Ocn7 988 988
Rjb1 989 989
Ww_6 992 992
Enz9 995 995
Vla7 999 999
Aoz6 1003 1003
Tin4 1007 1007
Qqq7 1011 1011
Wf_5 1014 1014
Ppt5 1016 1016
Otg2 1021 1021
Wdf3 1025 1025
Jsj8 1028 1028
Ru_2 1032 1032
Ba_1 1034 1034
Kcp9 1037 1037
Zap5 1041 1041
Mz_8 1043 1043
Ked2 1047 1047
Uxw2 1051 1051
J_x6 1053 1053
Wwx9 1056 1056
Zqm2 1059 1059
Au_6 1062 1062
Fmt2 1064 1064
Nux9 1068 1068
Jpg4 1071 1071
Rqh5 1075 1075
Tsb8 1079 1079
Y_l1 1084 1084
Qit0 1087 1087
Jkx6 1091 1091
Kl_4 1095 1095
S__9 1100 1100
Rke2 1101 1101
Wll8 1104 1104
Kpu3 1107 1107
R_l3 1108 1108
Nv_8 1110 1110
A_k4 1114 1114
M__1 1119 1119
Yml4 1122 1122
Iwi9 1127 1127
Grf4 1131 1131
Xkf6 1136 1136
Uti4 1139 1139
Fue6 1144 1144
Hcc5 1145 1145
Ya_8 1148 1148
Ilc6 1150 1150
Mab8 1153 1153
Gfc7 1154 1154
Izv0 1157 1157
V_u2 1161 1161
Bep5 1163 1163
Vih5 1164 1164
Dth1 1169 1169
Pxp4 1171 1171
F_b4 1175 1175
Keb4 1177 1177
Yzl9 1180 1180
Xqt8 1183 1183
Ra_7 1187 1187
Fcc6 1191 1191
Oac6 1196 1196
Aat5 1199 1199
Vdx5 1201 1201
Clw4 1205 1205
Gqu2 1208 1208
Fio7 1212 1212
Nal9 1216 1216
Dbm5 1219 1219
Rvg5 1221 1221
B__1 1224 1224
Ydl7 1227 1227
Fvz7 1230 1230
Zvx2 1231 1231
Fyn7 1235 1235
Asj2 1239 1239
Eem0 1243 1243
Cpm7 1244 1244
Pjd1 1247 1247
Rvu3 1251 1251
Kse0 1253 1253
W_f8 1256 1256
Mgp4 1260 1260
Wyu5 1263 1263
Dyp8 1265 1265
Zch6 1268 1268
Fsb6 1270 1270
Wmo6 1274 1274
Gep6 1276 1276
Uqn4 1281 1281
Fbs0 1283 1283
Kku5 1285 1285
Gxc2 1287 1287
Cfd0 1291 1291
T_u0 1293 1293
Gg_1 1296 1296
R_j2 1298 1298
P_b8 1302 1302
Rie7 1303 1303
Ejy1 1306 1306
Mbo8 1307 1307
Dul0 1308 1308
Iwq8 1312 1312
Aky3 1315 1315
Tqg8 1320 1320
Jn_1 1321 1321
J_k5 1324 1324
Pzy8 1329 1329
F_n1 1332 1332
Yah8 1335 1335
Gzx9 1338 1338
Xts1 1343 1343
Nhv0 1345 1345
Osh3 1349 1349
Rlo5 1353 1353
Jja3 1355 1355
Mvb7 1357 1357
Vp_1 1358 1358
Ziy0 1362 1362
Ghd7 1363 1363
Onf3 1367 1367
Nzj5 1371 1371
Hys0 1375 1375
Zy_2 1378 1378
Csn8 1381 1381
Dpo5 1386 1386
Sky7 1389 1389
Yhr0 1392 1392
Hlf1 1395 1395
Mtz1 1396 1396
Ymh9 1397 1397
Yqu7 1401 1401
Kll9 1403 1403
I__9 1406 1406
Bjn7 1407 1407
Atv2 1410 1410
B_u8 1411 1411
Yfl9 1414 1414
Qvb3 1417 1417
W_v9 1419 1419
Sio3 1422 1422
Jv_4 1426 1426
Oph3 1429 1429
O_d4 1432 1432
Ndb6 1436 1436
Ygf7 1440 1440
Ieb5 1441 1441
Chu7 1446 1446
Xrt7 1450 1450
Ccn2 1455 1455
Pdr6 1458 1458
Twx2 1460 1460
Rn_1 1464 1464
Cdy8 1467 1467
Xvf1 1469 1469
Tkv9 1473 1473
Izf8 1477 1477
Wnr9 1482 1482
Fqv0 1485 1485
Nkr1 1488 1488
Diz1 1491 1491
Qsk8 1494 1494
Pfi6 1495 1495
Kak3 1500 1500
Mmi1 1501 1501
Eqz1 1503 1503
Jik7 1506 1506
Fxl1 1509 1509
Vin3 1513 1513
Ohc7 1517 1517
S_x7 1520 1520
Fs_3 1525 1525
Cma1 1527 1527
Ayy1 1531 1531
E_a1 1533 1533
Cax4 1536 1536
Zhl8 1540 1540
Xym4 1541 1541
Ro_0 1545 1545
Cjt9 1549 1549
N_f2 1553 1553
Nts3 1556 1556
R__2 1558 1558
Nvk8 1560 1560
Qmq8 1562 1562
Ybr2 1564 1564
Wv_5 1567 1567
Gxy2 1570 1570
Cxv5 1572 1572
Pyk5 1576 1576
Ofk5 1579 1579
Wjq7 1581 1581
Jbt0 1584 1584
Dmz5 1585 1585
Xaz1 1588 1588
Rrs5 1589 1589
Yui1 1593 1593
Wjx3 1597 1597
Nay8 1600 1600
Dsz0 1603 1603
Dl_8 1606 1606
Yva8 1608 1608
Wql3 1611 1611
Ykt5 1615 1615
Ssg5 1616 1616
Aas9 1620 1620
Nli7 1621 1621
Wwm1 1625 1625
M_g6 1629 1629
Bqo4 1633 1633
Iis4 1637 1637
Icr6 1638 1638
Uco6 1641 1641
Ana4 1644 1644
Vty1 1645 1645
Dpv4 1648 1648
Mit6 1651 1651
Mhc0 1654 1654
Apf5 1657 1657
Iuw6 1661 1661
Dmv5 1666 1666
Vo_9 1667 1667
Ejh2 1670 1670
Vea5 1674 1674
Zen9 1678 1678
Dth1-Vea5
Mgp4-Ago1
Mls1-Eab5
Vih5-Vo_9
Xjf3-Iuw6
Ojp5-Apf5
Rvg5-Mit6
Wrt4-Dpv4
Kwc0-V_a1
Ocn7-Ana4
Fbs0-Icr6
Aqz1-Bqo4
Q__5-M_g6
Iwq8-Qrs6
Yxh3-Wwm1
Cuw4-Nli7
Mz_8-Imy7
Kcp9-Ykt5
Zjx3-Sod8
Dlt3-Wql3
Acj0-Yva8
Ww_6-Dl_8
Kx_6-Dsz0
Cma1-Nay8
Bbl6-Wjx3
Yop7-Jdm9
Emh5-Yui1
V_a4-Dbk2
Wjq7-Deb7
Axm7-Rrs5
Rly4-Xaz1
Dok8-Dmz5
Ca_0-Wc_7
Fja3-Kxo4
Aut2-Ofk5
Pjd1-Cxv5
Uv_0-Gxy2
Dkw5-Wv_5
Cdm3-Nvk8
Kx_6-N_f2
Cjt9-Ugr8
Zmc7-Cjt9
Ro_0-Zmc7
Oir5-Zhl8
Cax4-Oir5
E_a1-Xqo6
Ayy1-E_a1
Cma1-Ayy1
S_x7-Fs_3
Ohc7-S_x7
Fxl1-Vin3
Jik7-Fxl1
Kmf1-Q__5
Axm7-Kmf1
Mv_2-Fth9
Pfi6-Hyk7
Kni3-Pfi6
Qry6-Kni3
Nab8-Qsk8
Zbq7-Nab8
Nkr1-Diz1
Xjf3-Zpv8
Xds6-Xjf3
Omb4-Xds6
Fqv0-Omb4
Puf8-Fqv0
Wnr9-Puf8
Uao3-Izf8
Twx2-Rn_1
Hqu5-Pdr6
Ehg2-W_v1
Ieb5-Ehg2
O_d4-Ndb6
Oph3-O_d4
Jv_4-Oph3
W_v9-Sio3
Wvr4-W_v9
Qvb3-Wvr4
Bbl6-Qvb3
Yfl9-Kfv5
B_u8-J_l6
Atv2-B_u8
Bjn7-Qzg7
Wt_2-I__9
Vzs6-Wt_2
Rly4-Vzs6
Ymh9-Yqu7
Mtz1-Jle5
Hmr9-Yhr0
Sky7-Hmr9
Csn8-Hl_1
Zy_2-Csn8
Hys0-Zy_2
Nzj5-W_w9
Vuc5-Nzj5
Ghd7-Vne5
Vsw6-Ghd7
Jja3-Tts7
Rlo5-X_x8
Rad6-Rlo5
Eri6-Nhv0
Tgg5-Eri6
Xts1-Tgg5
Isg2-F_n1
Pzy8-Isg2
Jn_1-J_k5
Yt_2-Jn_1
Dul0-Qtp2
Fbj9-Ypb8
Gss0-Jyw9
P_b8-Rie7
R_j2-P_b8
Gg_1-R_j2
Kci6-T_u0
Gxc2-Cfd0
Mtq8-Gxc2
Kku5-Mtq8
B_e7-Gep6
Cxg8-Wmo6
Z_j3-Fsb6
Jmb8-Z_j3
R_b5-Jmb8
Dyp8-Zch6
Wyu5-Dyp8
W_f8-Uny4
Mgv7-W_f8
Zye2-Mgv7
Kse0-Zye2
Rvu3-Ykr4
Pjd1-Rvu3
Jbw4-Anp2
Eem0-Cpm7
Fvz7-Zvx2
Tpq9-Ydl7
Mrx3-Tpq9
B__1-Mrx3
Fio7-Nal9
Gqu2-Fio7
Fas1-Dlt3
Tgg6-Fas1
Ibx3-Aat5
Vns2-Ibx3
Oac6-Vns2
Fcc6-Oac6
Neo3-Fcc6
Ra_7-Neo3
Xqt8-Ugr8
T_n6-Xqt8
Xtg2-T_n6
Awq2-Xtg2
Keb4-Yzl9
F_b4-Mxt8
Bep5-Vih5
V_u2-Bep5
Vsa5-V_u2
Qsb0-Vsa5
Izv0-Qsb0
Gfc7-Izv0
R_c6-Vh_0
Kef1-Co_1
Fue6-Kef1
Grf4-Xkf6
Iwi9-Grf4
Etv4-Iwi9
Yml4-Etv4
M__1-Yml4
Nv_8-A_k4
Dox0-R_l3
Kpu3-Dox0
Wll8-Kpu3
Rke2-Wll8
S__9-Rke2
Kl_4-S__9
Jkx6-Kl_4
Qit0-Kox4
Y_l1-Qit0
Dck1-Tsb8
Rqh5-Dck1
Nux9-Jpg4
Fmt2-Qyj8
Emh5-A_t5
Izd7-Wpq6
Qkx8-Mum3
Jl_6-Qkx8
Au_6-Jl_6
Uxw2-Ybb2
Ked2-Uxw2
Zap5-Rww9
Fau3-Kcp9
Avc2-Fau3
Cct2-Npk6
Zwr3-Qjh5
Ru_2-Zwr3
Jsj8-Ru_2
Nfg5-M_l3
Oqo8-Nfg5
Kxe4-Ugr8
Wsd5-Ize4
Qeg3-Wsd5
Wf_5-I_j6
Gqz6-Wf_5
Qqq7-Gqz6
Vla7-Aoz6
Enz9-Vla7
Tid6-P_b6
X__0-Dfh5
Dgh2-C_f2
Fja3-Dgh2
Gmf5-Njq5
Pk_0-Gmf5
D_p5-Mdi7
Flt7-D_p5
Fwv5-Flt7
Xzt4-Fwv5
Paj9-R_m5
Tng2-Paj9
Oiu5-Tng2
Cdm3-Wub6
Nnt0-Cdm3
Nig6-Rib1
Bql6-Oun4
C_d6-Bql6
Uef1-Clc7
Euq2-Inl2
Eoi9-Vrx0
Zvp8-Vyj3
Klx8-Rbr3
Cuw4-Iia4
Sfw6-Fx_5
Flh4-Zhv4
Uxq3-Skd4
Qca2-Gya5
Phv1-Qca2
Eb_3-Qfd2
Wbm2-Eb_3
Rec6-Uvm0
Kwc0-Ugr8
X_b1-Ojp5
Ezv1-X_b1
Miv6-Ezv1
Dvh6-Miv6
Igl5-Acj0
Bjc1-Igl5
Cry9-Bjc1
Ktc6-Qo_5
Fcq8-To_9
Ja_6-Fcq8
Cnv4-Ja_6
Cxl9-Cnv4
Mcb5-Uv_0
Vgp1-Mcb5
Mr_7-Vgp1
Qfq4-Hp_2
Kwi8-Qfq4
Wvh9-Bjh8
Pk_0-A__8
Hfu4-V_a4
Gk_0-Hfu4
Tat7-Jta9
Sw_6-Tat7
V_m6-Sw_6
Pha4-Ogb5
Ue_6-Yop7
Hxj3-Zzq5
Mls1-Hxj3
Q_s4-Heg3
Zfj7-Aqz1
Ci_7-Zfj7
Uml3-Ci_7
Mcp4-Ugr8
P_e7-Rzu5
Wre8-Klm4
Qp_2-Wre8
Wqf5-Qp_2
Bkt5-Rsj6
J_v5-H_f5
Tn_0-Vn_6
Oyx5-Tn_0
Ke_3-Xju3
Imk0-Jfp7
T_l2-Imk0
Pk_0-T_l2
Jfp7-Wgs5
Wgs5-Zij8
Zij8-Ke_3
Xju3-Fhl5
Fhl5-Djd0
Djd0-Rrz4
Rrz4-Aut2
Aut2-Tju3
Tju3-Oyx5
Vn_6-J_v5
H_f5-Bkt5
Rsj6-Iqy4
Iqy4-Ylb9
Ylb9-Aij9
Aij9-Wqf5
Klm4-Vtu5
Vtu5-P_e7
Rzu5-Mcp4
Pk_0-Kfa4
Kfa4-W_k0
W_k0-Uml3
Aqz1-Q_s4
Heg3-Rfg2
Rfg2-Kx_6
Kx_6-Mls1
Zzq5-Ue_6
Yop7-Pha4
Ogb5-V_m6
Jta9-Dok8
Dok8-Uzh8
Uzh8-Gk_0
V_a4-Ugr8
A__8-Hxb0
Hxb0-Wvh9
Bjh8-Kwi8
Hp_2-Mih7
Mih7-Mr_7
Uv_0-Dkw5
Dkw5-Xwo5
Xwo5-Qfg3
Qfg3-Cxl9
To_9-Ktc6
Qo_5-Cry9
Acj0-Dvh6
Ojp5-Kwc0
Pk_0-N_p6
N_p6-Bef2
Bef2-Rec6
Uvm0-Hgb4
Hgb4-Hbq1
Hbq1-Wkv4
Wkv4-Wbm2
Qfd2-Phv1
Gya5-Yyz9
Yyz9-Uxq3
Skd4-Rrc8
Rrc8-Flh4
Zhv4-Sfw6
Fx_5-Cuw4
Iia4-Ri_8
Ri_8-Klx8
Rbr3-Vii1
Vii1-Ugr8
Pk_0-Zvp8
Vyj3-M_j0
M_j0-Eoi9
Vrx0-Hyh5
Hyh5-M_g9
M_g9-Euq2
Inl2-M_i6
M_i6-Y_x4
Y_x4-Uef1
Clc7-C_d6
Oun4-Wrt4
Wrt4-Nig6
Rib1-Nnt0
Wub6-Oiu5
R_m5-Xzt4
Mdi7-Ca_0
Ca_0-Ugr8
Njq5-Uyd6
Uyd6-Iyg1
Iyg1-Fja3
C_f2-Ocn7
Ocn7-Rjb1
Rjb1-Ww_6
Ww_6-X__0
Dfh5-Tid6
P_b6-Enz9
Aoz6-Tin4
Tin4-Qqq7
I_j6-Ppt5
Ppt5-Qeg3
Ize4-Kxe4
Pk_0-Oqo8
M_l3-Otg2
Otg2-Wdf3
Wdf3-Jsj8
Qjh5-Ba_1
Ba_1-Cct2
Npk6-Avc2
Kcp9-Yxi3
Yxi3-Bnc5
Bnc5-Zap5
Rww9-Mz_8
Mz_8-Ked2
Ybb2-O_c4
O_c4-J_x6
J_x6-Wwx9
Wwx9-Ujg0
Ujg0-Zon0
Zon0-Zqm2
Zqm2-Ugr8
Pk_0-Au_6
Mum3-Izd7
Wpq6-Emh5
A_t5-Fmt2
Qyj8-Nux9
Jpg4-Rqh5
Tsb8-Aoi6
Aoi6-Y_l1
Kox4-Jkx6
R_l3-Nv_8
A_k4-Kss2
Kss2-M__1
Xkf6-Uti4
Uti4-Fue6
Co_1-Hcc5
Hcc5-Yr_7
Yr_7-Oth1
Oth1-Ya_8
Ya_8-Igo1
Igo1-Ilc6
Ilc6-Mab8
Mab8-R_c6
Vh_0-Gfc7
Vih5-Ggo6
Ggo6-Dth1
Dth1-Pxp4
Pxp4-F_b4
Mxt8-Keb4
Yzl9-Awq2
Pk_0-Ra_7
Aat5-Uvm6
Uvm6-H_f8
H_f8-Vdx5
Vdx5-Clw4
Clw4-Tgg6
Dlt3-Gqu2
Nal9-Dbm5
Dbm5-Rvg5
Rvg5-B__1
Ydl7-Zkv9
Zkv9-Tlm1
Tlm1-Fvz7
Zvx2-Fyn7
Fyn7-Asj2
Asj2-Eem0
Cpm7-Pw_3
Pw_3-Jbw4
Anp2-Pjd1
Ykr4-Kse0
Uny4-Mgp4
Mgp4-Wyu5
Zch6-Yxh3
Yxh3-R_b5
Fsb6-Cxg8
Wmo6-B_e7
Gep6-Uqn4
Uqn4-Fbs0
Fbs0-Kku5
Cfd0-Kci6
T_u0-Dnx9
Dnx9-Gg_1
Rie7-Ugr8
Pk_0-Gss0
Jyw9-Ejy1
Ejy1-Nle4
Nle4-Mbo8
Mbo8-Fbj9
Ypb8-Dul0
Qtp2-Iwq8
Iwq8-Aky3
Aky3-Tqg8
Tqg8-Rls0
Rls0-Qlv1
Qlv1-Yt_2
J_k5-Ow_2
Ow_2-Pzy8
F_n1-Yah8
Yah8-Gzx9
Gzx9-Xts1
Nhv0-Osh3
Osh3-Rad6
X_x8-Jja3
Tts7-Oic9
Oic9-Mvb7
Mvb7-Vp_1
Vp_1-Ziy0
Ziy0-Vsw6
Vne5-Onf3
Onf3-Vuc5
W_w9-Hys0
Hl_1-Dpo5
Dpo5-Sky7
Yhr0-Hlf1
Hlf1-Mtz1
Jle5-Phn0
Phn0-Ymh9
Yqu7-Kll9
Kll9-Rly4
I__9-Bjn7
Qzg7-Atv2
J_l6-Yfl9
Kfv5-Bbl6
Sio3-Jv_4
Ndb6-Jzq0
Jzq0-Ygf7
Ygf7-Ugr8
Pk_0-Ieb5
W_v1-Chu7
Chu7-Xrt7
Xrt7-Ccn2
Ccn2-Cnh0
Cnh0-Zjx3
Zjx3-Mqk8
Mqk8-Hqu5
Pdr6-Twx2
Rn_1-Cdy8
Cdy8-Ksc8
Ksc8-Xvf1
Xvf1-Tkv9
Tkv9-Uao3
Izf8-Wnr9
Zpv8-Nkr1
Diz1-Zbq7
Qsk8-Qry6
Hyk7-Gy_7
Gy_7-Kak3
Kak3-Mmi1
Mmi1-Mv_2
Fth9-Axm7
Q__5-Eqz1
Eqz1-Jik7
Vin3-Ohc7
Fs_3-Cma1
Xqo6-Cax4
Zhl8-Xym4
Xym4-Ro_0
Tts7-Fnt4
Yqu7-My_1
Wgs5-Dxd0
Ymh9-Nts3
Qfq4-R__2
R__2-Gad1
Fhl5-Qmq8
Iyg1-Ybr2
Ja_6-Gpq0
Wmo6-Zan1
Aky3-Pyk5
Wpq6-Wjq7
Dox0-Jbt0
Kxo4-Mfr2
Gqz6-Ucx2
Uzh8-Qoi8
Ndb6-Tdf9
Ksc8-D_r8
Igo1-Ssg5
Acj0-Aas9
Mrx3-Xzs7
N_p6-Tvf8
Rrz4-Ijd3
Dmz5-Iis4
R_c6-Uco6
Zvx2-Jof5
Y_l1-Vty1
Wjq7-Zaa5
Ayy1-Mhc0
Zaa5-Bi_7
Rjb1-Dmv5
Fvz7-C_t9
Ra_7-Jdw4
D_r8-Ejh2
Cma1-Zen9
#Here is the number of lines required: 31

L1-N_p6 L2-Gmf5 L3-Kfa4
L1-Bef2 L4-N_p6 L2-Njq5 L5-Gmf5 L3-W_k0 L6-Kfa4
L1-Rec6 L4-Bef2 L7-N_p6 L2-Uyd6 L5-Njq5 L8-Gmf5 L3-Uml3 L6-W_k0 L9-Kfa4
L1-Uvm0 L4-Rec6 L7-Bef2 L10-N_p6 L2-Iyg1 L5-Uyd6 L8-Njq5 L11-Gmf5 L3-Ci_7 L6-Uml3 L9-W_k0 L12-Kfa4
L1-Hgb4 L4-Uvm0 L7-Rec6 L10-Bef2 L13-N_p6 L2-Fja3 L5-Iyg1 L8-Uyd6 L11-Njq5 L14-Gmf5 L3-Zfj7 L6-Ci_7 L9-Uml3 L12-W_k0 L15-Kfa4
L1-Hbq1 L4-Hgb4 L7-Uvm0 L10-Rec6 L13-Bef2 L2-Dgh2 L5-Fja3 L8-Iyg1 L11-Uyd6 L14-Njq5 L3-Aqz1 L6-Zfj7 L9-Ci_7 L12-Uml3 L15-W_k0
L1-Wkv4 L4-Hbq1 L7-Hgb4 L10-Uvm0 L13-Rec6 L2-C_f2 L5-Dgh2 L8-Fja3 L11-Iyg1 L14-Uyd6 L3-Q_s4 L6-Aqz1 L9-Zfj7 L12-Ci_7 L15-Uml3
L1-Wbm2 L4-Wkv4 L7-Hbq1 L10-Hgb4 L13-Uvm0 L2-Ocn7 L5-C_f2 L8-Dgh2 L11-Fja3 L14-Iyg1 L3-Heg3 L6-Q_s4 L9-Aqz1 L12-Zfj7 L15-Ci_7
L1-Eb_3 L4-Wbm2 L7-Wkv4 L10-Hbq1 L13-Hgb4 L2-Rjb1 L5-Ocn7 L8-C_f2 L11-Dgh2 L14-Fja3 L3-Rfg2 L6-Heg3 L9-Q_s4 L12-Aqz1 L15-Zfj7
L1-Qfd2 L4-Eb_3 L7-Wbm2 L10-Wkv4 L13-Hbq1 L2-Ww_6 L5-Rjb1 L8-Ocn7 L11-C_f2 L14-Dgh2 L3-Kx_6 L6-Rfg2 L9-Heg3 L12-Q_s4 L15-Aqz1
L1-Phv1 L4-Qfd2 L7-Eb_3 L10-Wbm2 L13-Wkv4 L2-X__0 L5-Ww_6 L8-Rjb1 L11-Ocn7 L14-C_f2 L3-Mls1 L6-Kx_6 L9-Rfg2 L12-Heg3 L15-Q_s4
L1-Qca2 L4-Phv1 L7-Qfd2 L10-Eb_3 L13-Wbm2 L2-Dfh5 L5-X__0 L8-Ww_6 L11-Rjb1 L14-Ocn7 L3-Hxj3 L6-Mls1 L9-Kx_6 L12-Rfg2 L15-Heg3
L1-Gya5 L4-Qca2 L7-Phv1 L10-Qfd2 L13-Eb_3 L2-Tid6 L5-Dfh5 L8-X__0 L11-Ww_6 L14-Rjb1 L3-Zzq5 L6-Hxj3 L9-Mls1 L12-Kx_6 L15-Rfg2
L1-Yyz9 L4-Gya5 L7-Qca2 L10-Phv1 L13-Qfd2 L2-P_b6 L5-Tid6 L8-Dfh5 L11-X__0 L14-Ww_6 L3-Ue_6 L6-Zzq5 L9-Hxj3 L12-Mls1 L15-Kx_6
L1-Uxq3 L4-Yyz9 L7-Gya5 L10-Qca2 L13-Phv1 L2-Enz9 L5-P_b6 L8-Tid6 L11-Dfh5 L14-X__0 L3-Yop7 L6-Ue_6 L9-Zzq5 L12-Hxj3 L15-Mls1
L1-Skd4 L4-Uxq3 L7-Yyz9 L10-Gya5 L13-Qca2 L2-Vla7 L5-Enz9 L8-P_b6 L11-Tid6 L14-Dfh5 L3-Pha4 L6-Yop7 L9-Ue_6 L12-Zzq5 L15-Hxj3
L1-Rrc8 L4-Skd4 L7-Uxq3 L10-Yyz9 L13-Gya5 L2-Aoz6 L5-Vla7 L8-Enz9 L11-P_b6 L14-Tid6 L3-Ogb5 L6-Pha4 L9-Yop7 L12-Ue_6 L15-Zzq5
L1-Flh4 L4-Rrc8 L7-Skd4 L10-Uxq3 L13-Yyz9 L2-Qqq7 L5-Aoz6 L8-Vla7 L11-Enz9 L14-P_b6 L3-V_m6 L6-Ogb5 L9-Pha4 L12-Yop7 L15-Ue_6
L1-Zhv4 L4-Flh4 L7-Rrc8 L10-Skd4 L13-Uxq3 L2-Gqz6 L5-Qqq7 L8-Aoz6 L11-Vla7 L14-Enz9 L3-Sw_6 L6-V_m6 L9-Ogb5 L12-Pha4 L15-Yop7
L1-Sfw6 L4-Zhv4 L7-Flh4 L10-Rrc8 L13-Skd4 L2-Wf_5 L5-Gqz6 L8-Qqq7 L11-Aoz6 L14-Vla7 L3-Tat7 L6-Sw_6 L9-V_m6 L12-Ogb5 L15-Pha4
L1-Fx_5 L4-Sfw6 L7-Zhv4 L10-Flh4 L13-Rrc8 L2-I_j6 L5-Wf_5 L8-Gqz6 L11-Qqq7 L14-Aoz6 L3-Jta9 L6-Tat7 L9-Sw_6 L12-V_m6 L15-Ogb5
L1-Cuw4 L4-Fx_5 L7-Sfw6 L10-Zhv4 L13-Flh4 L2-Ppt5 L5-I_j6 L8-Wf_5 L11-Gqz6 L14-Qqq7 L3-Dok8 L6-Jta9 L9-Tat7 L12-Sw_6 L15-V_m6
L1-Iia4 L4-Cuw4 L7-Fx_5 L10-Sfw6 L13-Zhv4 L2-Qeg3 L5-Ppt5 L8-I_j6 L11-Wf_5 L14-Gqz6 L3-Uzh8 L6-Dok8 L9-Jta9 L12-Tat7 L15-Sw_6
L1-Ri_8 L4-Iia4 L7-Cuw4 L10-Fx_5 L13-Sfw6 L2-Wsd5 L5-Qeg3 L8-Ppt5 L11-I_j6 L14-Wf_5 L3-Gk_0 L6-Uzh8 L9-Dok8 L12-Jta9 L15-Tat7
L1-Klx8 L4-Ri_8 L7-Iia4 L10-Cuw4 L13-Fx_5 L2-Ize4 L5-Wsd5 L8-Qeg3 L11-Ppt5 L14-I_j6 L3-Hfu4 L6-Gk_0 L9-Uzh8 L12-Dok8 L15-Jta9
L1-Rbr3 L4-Klx8 L7-Ri_8 L10-Iia4 L13-Cuw4 L2-Kxe4 L5-Ize4 L8-Wsd5 L11-Qeg3 L14-Ppt5 L3-V_a4 L6-Hfu4 L9-Gk_0 L12-Uzh8 L15-Dok8
L1-Vii1 L4-Rbr3 L7-Klx8 L10-Ri_8 L13-Iia4 L2-Ugr8 L5-Kxe4 L8-Ize4 L11-Wsd5 L14-Qeg3 L3-Ugr8 L6-V_a4 L9-Hfu4 L12-Gk_0 L15-Uzh8
L1-Ugr8 L4-Vii1 L7-Rbr3 L10-Klx8 L13-Ri_8 L5-Ugr8 L8-Kxe4 L11-Ize4 L14-Wsd5 L6-Ugr8 L9-V_a4 L12-Hfu4 L15-Gk_0
L4-Ugr8 L7-Vii1 L10-Rbr3 L13-Klx8 L8-Ugr8 L11-Kxe4 L14-Ize4 L9-Ugr8 L12-V_a4 L15-Hfu4
L7-Ugr8 L10-Vii1 L13-Rbr3 L11-Ugr8 L14-Kxe4 L12-Ugr8 L15-V_a4
L10-Ugr8 L13-Vii1 L14-Ugr8 L15-Ugr8
L13-Ugr8
