16
#Here is the number of lines required: 31
##start
E_e7 3 3
##end
Gou0 6 6
Dio9 10 10
Rzh4 12 12
Qko6 15 15
Cs_0 18 18
Vp_9 22 22
Dod7 25 25
Dww9 28 28
Ikd1 31 31
Ox_3 34 34
Rdx3 37 37
Wop0 41 41
Hbi6 44 44
Utn4 49 49
Duv2 52 52
T_o6 55 55
Ika4 58 58
Nsb1 60 60
Dll5 64 64
Evw8 66 66
Qlz0 70 70
Pn_7 74 74
Img5 77 77
R_m8 81 81
Bhs7 83 83
Tco8 86 86
T_z8 87 87
Snh8 91 91
Blf5 93 93
Vlg7 94 94
Fmx2 98 98
Tcs4 103 103
Dod4 105 105
Krq6 107 107
Uam0 109 109
Xvb2 114 114
Thl1 116 116
Jwl8 119 119
Poj8 121 121
Xim9 123 123
Bgj1 126 126
Ujp4 128 128
Yle8 131 131
Xn_7 133 133
Wik8 136 136
Szd7 139 139
Ftz2 143 143
C_k1 146 146
Nuv3 147 147
Ikv3 149 149
Zhd5 151 151
Jgq2 153 153
A_p0 154 154
Mej0 157 157
Wqr2 160 160
Rly1 165 165
Fuu8 166 166
Cfv6 170 170
Bni8 173 173
Xvl1 176 176
Nma7 180 180
Niy2 184 184
Pd_7 189 189
Iyy7 191 191
Jd_5 193 193
Fko6 197 197
Uci8 200 200
B_o0 203 203
Kkh0 204 204
Bln0 208 208
Pfp2 213 213
Rz_1 215 215
Eui1 217 217
P_a9 220 220
Jzn0 223 223
Dip4 227 227
Rio2 229 229
Iz_9 231 231
Qn_9 235 235
Fwj9 238 238
Vim2 242 242
Dtd6 244 244
Eun4 247 247
Pzw5 250 250
Aii7 253 253
Ctd9 255 255
Voi5 259 259
Jlg3 263 263
Adx3 268 268
Qsh8 271 271
Y_x5 273 273
Rhh2 275 275
O_x2 277 277
Vt_5 279 279
Tcl0 282 282
Sk_1 283 283
Vb_7 287 287
Dqr1 291 291
Xvb5 293 293
Brv5 296 296
Vcg5 298 298
U_m2 300 300
Yap5 303 303
Nz_4 306 306
Xhq3 311 311
Rfj1 316 316
Brb0 318 318
Wpe5 322 322
Uku5 324 324
Nup3 327 327
Qzs8 330 330
Ist1 334 334
Vy_0 336 336
Gzz9 341 341
Ilx2 345 345
Dws1 349 349
Qjn0 351 351
Uns0 354 354
Mam3 357 357
T_i2 362 362
Xej2 366 366
Trz4 367 367
Hx_2 371 371
V_u4 373 373
Pbl4 376 376
Ff_5 379 379
Wed2 383 383
Swt0 386 386
Mht4 388 388
Otp6 391 391
Mru4 394 394
Xsy2 399 399
Akg5 402 402
Arm0 407 407
Ccn0 409 409
Wco1 412 412
Cur2 415 415
Rlz0 418 418
Jsn7 422 422
Rjx7 424 424
Wdq1 425 425
Baj8 428 428
Xep4 430 430
E_y1 434 434
Grh1 438 438
Cm_8 439 439
Jbt4 441 441
Drg6 444 444
Ihu5 447 447
Nl_7 450 450
Mem7 453 453
Nlg4 454 454
Qhm2 456 456
G_m5 457 457
Cpm2 461 461
Qxw9 463 463
Hsx7 466 466
Pjp5 469 469
Wvs3 472 472
Wgx0 474 474
Bwy2 479 479
Wcd6 482 482
Prp2 483 483
Qgp9 485 485
Eic1 489 489
Qs_8 492 492
Hmx4 496 496
Fob1 500 500
Yub6 502 502
Wph2 506 506
Euv0 509 509
Psl4 512 512
Zwt1 517 517
Gzg5 522 522
W_e5 526 526
V_p1 527 527
Hwg0 531 531
Fnt7 534 534
Jby7 539 539
Ehm1 540 540
Wgc0 542 542
Jqn1 545 545
Mfe0 549 549
Jjs4 551 551
Aye3 552 552
I__2 555 555
Ptc0 558 558
Wvc5 559 559
I_w8 561 561
Mte3 562 562
Oao6 567 567
Szu9 572 572
N_q9 575 575
Qcf7 578 578
Mvq0 580 580
Sbc9 584 584
Ga_1 587 587
Ghs1 590 590
Zix7 592 592
Mwv9 594 594
Of_9 598 598
Orp3 600 600
Jwy3 602 602
Cuq2 606 606
Uos1 611 611
Rry5 615 615
Qdw4 617 617
Pgs1 622 622
Kjk7 626 626
Gwt2 628 628
Cxc7 632 632
Tbj9 634 634
Mgy5 636 636
Vco1 639 639
Krb5 642 642
Kcx6 645 645
U_u2 649 649
Jsd7 653 653
Mom1 657 657
Zop9 661 661
T_r7 663 663
Boe0 666 666
Etb5 668 668
Px_9 670 670
Rgu1 675 675
Bej7 677 677
Yot7 680 680
Viz0 683 683
Cww3 686 686
Hpw1 690 690
Dym3 694 694
Yfb2 698 698
Jyx7 701 701
Ism6 704 704
Oot8 708 708
Blr6 711 711
Yug2 714 714
Jrj3 715 715
Zxj2 718 718
Ayy5 722 722
Nbo5 727 727
Qyd0 729 729
Nlw8 730 730
Rjr5 731 731
Prl0 735 735
Uke1 737 737
Jee2 741 741
M_x7 743 743
Nnx9 746 746
Ytw2 748 748
Kap8 752 752
Vpm7 753 753
Vr_5 756 756
Ttf6 759 759
Okh3 760 760
Yec0 765 765
Gdt6 769 769
Tvy1 772 772
Wfo5 775 775
Mzu9 777 777
Xd_7 781 781
Wm_5 783 783
Ybv8 788 788
Hvp2 793 793
Yzf0 796 796
Xqm2 801 801
Ela0 803 803
Opo9 808 808
Her8 812 812
Gji7 814 814
Hfl6 817 817
T_e9 818 818
Kaj7 822 822
Sdi8 825 825
O_f2 829 829
Csy1 831 831
Xlv7 835 835
Brs6 838 838
Wgp1 839 839
Pma2 842 842
Cbm8 846 846
Pnm5 849 849
Bbz0 852 852
Yud1 855 855
Tdd8 859 859
Htd8 863 863
Vak9 866 866
Eov8 871 871
Kjw9 877 877
Hpx3 882 882
Rgv2 886 886
Zdj9 888 888
Tca7 890 890
Cxc1 895 895
Gkr1 899 899
Kqh2 902 902
Yca9 907 907
Fxg4 908 908
Tpl1 910 910
Aha0 913 913
Y_b9 914 914
O_q0 915 915
Duj1 918 918
Szg1 922 922
Ive9 925 925
Kr_4 929 929
Tuy8 933 933
Wlj3 937 937
Rxk3 941 941
S_w9 942 942
Ahc0 947 947
Yco3 951 951
Ssb5 955 955
T_h4 958 958
Dku6 963 963
Azy0 966 966
Gjt5 969 969
Yyw0 970 970
Tlg0 974 974
Xza7 976 976
Fcr8 978 978
Gah4 982 982
Yqo2 984 984
Ysn5 987 987
Beo9 989 989
Ysr8 991 991
Qdn4 994 994
Vdd6 995 995
Fci8 998 998
V_i5 1001 1001
T_z2 1006 1006
V_u1 1011 1011
Qyp5 1013 1013
Acb6 1017 1017
Kt_6 1021 1021
Ujl3 1024 1024
Yks8 1025 1025
St_6 1028 1028
Wfl6 1029 1029
App8 1031 1031
Hok3 1033 1033
Gx_0 1035 1035
Goi3 1040 1040
Dnn3 1044 1044
Pza8 1048 1048
Kxs9 1051 1051
Mkh2 1054 1054
Xqx7 1058 1058
Zhd6 1060 1060
Vwr0 1063 1063
Eqa3 1065 1065
Avu1 1070 1070
Tmt2 1072 1072
Rin8 1076 1076
Gib9 1077 1077
Oce9 1082 1082
Cfl9 1085 1085
Bnv8 1088 1088
Gb_1 1089 1089
Bss6 1091 1091
Ddc0 1095 1095
Zgd1 1097 1097
Hux5 1098 1098
Qxo7 1099 1099
Ic_4 1102 1102
Jxj1 1107 1107
Niq7 1108 1108
Dxh1 1110 1110
Hit2 1115 1115
Wrx4 1119 1119
Cqr6 1123 1123
Fvf7 1127 1127
Zie5 1132 1132
Wps4 1135 1135
Btr9 1139 1139
V_i0 1142 1142
Bco5 1145 1145
Abk8 1150 1150
Iph8 1154 1154
Xmp9 1155 1155
Bpd3 1157 1157
Ifl1 1162 1162
Sca1 1165 1165
Gnt4 1169 1169
Hqg3 1172 1172
Hga1 1176 1176
Nab3 1178 1178
Ala9 1180 1180
Rzl2 1185 1185
Cza5 1188 1188
Bxe2 1192 1192
R_s8 1196 1196
F_s9 1197 1197
Dws9 1200 1200
Kks9 1203 1203
Zrv7 1206 1206
Pdn5 1210 1210
Cjf3 1211 1211
Uvr3 1213 1213
Nsw5 1216 1216
Aeb9 1219 1219
Yxw5 1222 1222
Tkv5 1225 1225
Yoc0 1227 1227
Vla8 1229 1229
Oyc2 1234 1234
O_j6 1237 1237
G__4 1241 1241
Qox7 1244 1244
In_3 1246 1246
Sh_5 1250 1250
Pkt6 1255 1255
Org4 1260 1260
War9 1261 1261
Kgn2 1263 1263
Tra8 1267 1267
Fts2 1271 1271
Zus0 1274 1274
Wbl8 1276 1276
Jcl6 1277 1277
Wtz0 1281 1281
Zty8 1284 1284
Vpt7 1287 1287
Mho0 1289 1289
Jlv2 1290 1290
Nos0 1293 1293
Rc_1 1295 1295
Hem8 1298 1298
Rxz1 1301 1301
Ipc4 1306 1306
Z_q2 1307 1307
Whj4 1311 1311
Vms5 1312 1312
Zxp7 1315 1315
Bsu0 1319 1319
Bak4 1322 1322
Ikk1 1326 1326
S__6 1329 1329
Eqt5 1332 1332
Isr6 1335 1335
Gor1 1338 1338
Ijx9 1341 1341
Smu0 1343 1343
Cdo3 1344 1344
Puk9 1347 1347
Oqi9 1352 1352
Szo4 1354 1354
Jpd2 1356 1356
Hq_3 1359 1359
Fhk1 1364 1364
Vib0 1369 1369
Hxc4 1374 1374
Bc_7 1378 1378
Nal0 1382 1382
X_u7 1385 1385
Kgs9 1390 1390
Krx3 1393 1393
Zz_4 1397 1397
W__7 1400 1400
O_y0 1402 1402
Bmx5 1403 1403
Rtc1 1406 1406
Gfg5 1408 1408
B_z5 1412 1412
Hlc8 1415 1415
Nqo2 1418 1418
Sub0 1421 1421
Hfp3 1423 1423
Qvs0 1428 1428
Tjo2 1432 1432
Rmu6 1435 1435
Em_0 1438 1438
Cxj2 1443 1443
Wbo2 1448 1448
Qnr8 1452 1452
Azv5 1454 1454
Fyd0 1459 1459
Qas5 1461 1461
Jag9 1463 1463
Ola4 1467 1467
Gci6 1470 1470
Q_z4 1474 1474
Iz_5 1477 1477
K_y5 1480 1480
Uow1 1483 1483
Zqa9 1484 1484
Vys3 1487 1487
Snh1 1490 1490
Aho9 1492 1492
Rkp3 1494 1494
Xsu2 1495 1495
Ssp2 1500 1500
Dnk8 1504 1504
Vga6 1509 1509
Jde2 1511 1511
Eux1 1514 1514
Kwl1 1518 1518
Vgk7 1521 1521
Mba0 1525 1525
Rwm7 1529 1529
D_r3 1530 1530
Nj_9 1532 1532
Njq9 1536 1536
Skh3 1539 1539
Gek7 1542 1542
Ipi3 1546 1546
Dxn3 1549 1549
Nwp7 1552 1552
N_q0 1554 1554
Vzk4 1557 1557
Wnw2 1561 1561
Cwi4 1566 1566
Upr5 1567 1567
Ssy5 1569 1569
Aao9 1570 1570
Zoo0 1573 1573
Bpm0 1575 1575
Uej3 1578 1578
Akf2 1583 1583
Vv_8 1588 1588
Mkb4 1589 1589
Anl5 1591 1591
Swd2 1592 1592
Abm3 1594 1594
Ynk4 1596 1596
Oio5 1600 1600
E_q9 1603 1603
Eyx3 1608 1608
Sig0 1613 1613
D_x8 1615 1615
Npe5 1616 1616
Ott3 1619 1619
Kpm5 1622 1622
Fng8 1625 1625
Oef8 1630 1630
Bdp2 1632 1632
Fgi7 1634 1634
Fzq7 1637 1637
Bt_6 1640 1640
Obq0 1643 1643
Int2 1645 1645
Pka2 1648 1648
U_k9 1651 1651
Gws8 1656 1656
Owt2 1657 1657
A_f1 1660 1660
R_h6 1663 1663
Ynb9 1665 1665
Jnh2 1668 1668
Aqc5 1672 1672
Zuk0 1675 1675
Anz7 1678 1678
Hpv5 1682 1682
Npk3 1685 1685
Bme3 1688 1688
Qfz7 1689 1689
Igf7 1694 1694
Cvx7 1698 1698
Hnc0 1701 1701
Mdh3 1705 1705
Rry5-Dio9
Thl1-Mdh3
Rzl2-Rzh4
Tdd8-Qko6
Azv5-Cvx7
Pma2-Igf7
Ssp2-Bme3
O_q0-Vp_9
Npk3-Gou0
Hpv5-Npk3
Dod7-Hpv5
Dww9-Anz7
Zuk0-Dww9
Ox_3-Ikd1
Aqc5-Ox_3
Rdx3-Jnh2
Wop0-R_h6
Owt2-A_f1
Duv2-Utn4
T_o6-Duv2
Nsb1-Int2
Obq0-Nsb1
Bt_6-Obq0
Bdp2-Fgi7
Kpm5-Fng8
D_x8-Npe5
Sig0-D_x8
Eyx3-Sig0
Bhs7-R_m8
Oio5-Bhs7
Ynk4-T_z8
Swd2-Abm3
Blf5-Mkb4
Vlg7-Blf5
Fmx2-Vlg7
Akf2-Vv_8
Tcs4-Uej3
Bpm0-Dod4
Zoo0-Bpm0
Krq6-Aao9
Uam0-Ssy5
N_q0-Vzk4
Xvb2-N_q0
Thl1-Xvb2
Dxn3-Nwp7
Ipi3-Dxn3
Poj8-Ipi3
Bgj1-Xim9
Nj_9-Bgj1
Ujp4-Nj_9
D_r3-Yle8
Xn_7-D_r3
Rwm7-Xn_7
Mba0-Rwm7
Kwl1-Vgk7
Wik8-Kwl1
Eux1-Szd7
Jde2-Eux1
Vga6-Jde2
Dnk8-Vga6
Xsu2-C_k1
Nuv3-Xsu2
Ikv3-Nuv3
Rkp3-Ikv3
Snh1-Jgq2
Vys3-Snh1
A_p0-Vys3
Mej0-A_p0
Uow1-Zqa9
K_y5-Uow1
Rly1-K_y5
Jag9-Ola4
Fuu8-Jag9
Fyd0-Nma7
Cxj2-Wbo2
Em_0-Cxj2
Rmu6-Em_0
Niy2-Rmu6
Pd_7-Tjo2
Qvs0-Pd_7
Fko6-Jd_5
Hfp3-Fko6
Kkh0-Gou0
Sub0-Kkh0
Nqo2-Sub0
Bln0-B_z5
Pfp2-Bln0
Rz_1-Pfp2
Dip4-Jzn0
Gfg5-Dip4
Rtc1-Gfg5
Bmx5-Iz_9
W__7-O_y0
Zz_4-W__7
Krx3-Zz_4
Kgs9-Krx3
Vim2-X_u7
Nal0-Pzw5
Fhk1-Ctd9
Hq_3-Fhk1
Adx3-Jlg3
Qsh8-Adx3
Szo4-Qsh8
Y_x5-Oqi9
Puk9-Y_x5
O_x2-Rhh2
Ijx9-Smu0
Gor1-Ijx9
Vb_7-Isr6
Dqr1-Vb_7
Xvb5-Dqr1
Brv5-Xvb5
U_m2-S__6
Ikk1-U_m2
Bak4-Yap5
Brb0-Rfj1
Vms5-Brb0
Wpe5-Vms5
Nup3-Uku5
Qzs8-Nup3
Vy_0-Ist1
Gzz9-Vy_0
Whj4-Gzz9
Z_q2-Ilx2
Ipc4-Z_q2
Dws1-Ipc4
Hem8-Rxz1
Rc_1-Hem8
Jlv2-Nos0
Xej2-Jlv2
E_e7-Mho0
Hx_2-Trz4
V_u4-Hx_2
Zty8-Pbl4
Jcl6-Wtz0
Zus0-Ff_5
Fts2-Zus0
Tra8-Fts2
Wed2-Tra8
Kgn2-Wed2
Sh_5-Pkt6
Otp6-Mht4
Qox7-Gou0
Ccn0-Arm0
Cur2-G__4
Rlz0-Cur2
Jsn7-Rlz0
Baj8-Wdq1
Xep4-Baj8
O_j6-Xep4
E_y1-O_j6
Grh1-E_y1
Cm_8-Oyc2
Jbt4-Cm_8
Ihu5-Drg6
Nl_7-Ihu5
Vla8-Nl_7
Yoc0-Vla8
Mem7-Yoc0
Nlg4-Yxw5
G_m5-Qhm2
Aeb9-G_m5
E_e7-Cpm2
Qxw9-Gou0
Nsw5-Qxw9
Hsx7-Uvr3
Pjp5-Hsx7
Pdn5-Wgx0
Bwy2-Pdn5
Zrv7-Bwy2
Dws9-Kks9
F_s9-Dws9
R_s8-F_s9
Qs_8-Bxe2
Cza5-Qs_8
Hmx4-Cza5
Rzl2-Hmx4
Yub6-Fob1
Wph2-Yub6
Euv0-Wph2
Nab3-Euv0
Hga1-Nab3
Hqg3-Psl4
Gnt4-Hqg3
E_e7-Gnt4
Zwt1-Gou0
Sca1-Zwt1
Ifl1-Sca1
Gzg5-Ifl1
Bpd3-W_e5
Xmp9-Bpd3
Abk8-Iph8
Bco5-Abk8
V_i0-Bco5
Btr9-V_i0
Hwg0-Btr9
Jby7-Fvf7
Cqr6-Jby7
Wrx4-Cqr6
Wgc0-Ehm1
Mfe0-Jqn1
Hit2-Jjs4
Dxh1-Aye3
Niq7-Dxh1
I__2-Niq7
Jxj1-I_w8
Ic_4-Gou0
Mte3-Zgd1
Ddc0-Mte3
Bss6-Szu9
N_q9-Bss6
Qcf7-N_q9
Gb_1-Mvq0
Bnv8-Gb_1
Cfl9-Bnv8
Ga_1-Sbc9
Gib9-Oce9
Zix7-Gib9
Mwv9-Zix7
Of_9-Mwv9
Tmt2-Rin8
Jwy3-Orp3
Uos1-Cuq2
Kjk7-Pgs1
E_e7-Gwt2
Tbj9-Cxc7
Vco1-Mgy5
Kcx6-Krb5
U_u2-Eqa3
Jsd7-U_u2
Mom1-Jsd7
Vwr0-Mom1
Zhd6-Zop9
Xqx7-Zhd6
Kxs9-T_r7
Boe0-Kxs9
Etb5-Boe0
Px_9-Etb5
Dnn3-Rgu1
Goi3-Dnn3
Bej7-Goi3
Gx_0-Bej7
Yot7-Gx_0
Cww3-Viz0
Hok3-Hpw1
E_e7-Hok3
Yfb2-App8
Jyx7-Yfb2
Ism6-Jyx7
Oot8-Ism6
Wfl6-Yug2
Yks8-Jrj3
Ujl3-Yks8
Qyp5-Acb6
T_z2-V_u1
V_i5-T_z2
Vdd6-Fci8
Nbo5-Ayy5
Qyd0-Nbo5
Rjr5-Nlw8
Prl0-Rjr5
E_e7-Prl0
Uke1-Gou0
Jee2-Uke1
Qdn4-Jee2
Fcr8-Nnx9
Xza7-Fcr8
Gjt5-Yyw0
Ytw2-Azy0
Kap8-Ytw2
Vr_5-Vpm7
Okh3-Ttf6
Gdt6-Yec0
Tvy1-T_h4
E_e7-Tvy1
Wfo5-Gou0
Mzu9-Wfo5
Ssb5-Wm_5
Ahc0-Yco3
S_w9-Ahc0
Rxk3-S_w9
Wlj3-Rxk3
Hvp2-Szg1
Yzf0-Hvp2
Xqm2-Yzf0
Hfl6-Gji7
O_q0-Hfl6
E_e7-T_e9
Kaj7-Gou0
Y_b9-Sdi8
Csy1-O_f2
Xlv7-Tpl1
Brs6-Xlv7
Wgp1-Fxg4
Pma2-Kqh2
Cbm8-Gkr1
Cxc1-Cbm8
Tca7-Cxc1
Bbz0-Pnm5
Yud1-Bbz0
Zdj9-Yud1
Rgv2-Zdj9
Htd8-Tdd8
Hpx3-Vak9
Kjw9-Hpx3
E_e7-Kjw9
Vak9-Htd8
Tdd8-Rgv2
Pnm5-Tca7
Gkr1-Pma2
Kqh2-Yca9
Yca9-Wgp1
Fxg4-Brs6
Tpl1-Aha0
Aha0-Csy1
O_f2-Y_b9
Sdi8-Kaj7
T_e9-O_q0
Gji7-Her8
Her8-Opo9
Opo9-Ela0
Ela0-Duj1
Duj1-Xqm2
Szg1-Ive9
Ive9-Kr_4
Kr_4-Tuy8
Tuy8-Ybv8
Ybv8-Wlj3
Yco3-Ssb5
Wm_5-Xd_7
Xd_7-Mzu9
T_h4-Gdt6
Yec0-Okh3
Ttf6-Vr_5
Vpm7-Dku6
Dku6-Kap8
Azy0-Gjt5
Yyw0-Tlg0
Tlg0-Xza7
Nnx9-Gah4
Gah4-M_x7
M_x7-Yqo2
Yqo2-Ysn5
Ysn5-Beo9
Beo9-Ysr8
Ysr8-Qdn4
Nlw8-Qyd0
Ayy5-Zxj2
Zxj2-Vdd6
Fci8-V_i5
V_u1-Qyp5
Acb6-Kt_6
Kt_6-Ujl3
Jrj3-St_6
St_6-Wfl6
Yug2-Blr6
Blr6-Oot8
App8-Dym3
Dym3-Gou0
Hpw1-Cww3
Viz0-Yot7
Rgu1-Pza8
Pza8-Px_9
T_r7-Mkh2
Mkh2-Xqx7
Zop9-Vwr0
Eqa3-Kcx6
Krb5-Vco1
Mgy5-Avu1
Avu1-Tbj9
Cxc7-Gou0
Gwt2-Kjk7
Pgs1-Qdw4
Qdw4-Rry5
Rry5-Uos1
Cuq2-Jwy3
Orp3-Tmt2
Rin8-Of_9
Oce9-Ghs1
Ghs1-Ga_1
Sbc9-Cfl9
Mvq0-Qcf7
Szu9-Oao6
Oao6-Ddc0
Zgd1-Hux5
Hux5-Qxo7
Qxo7-Ic_4
E_e7-Jxj1
I_w8-Wvc5
Wvc5-Ptc0
Ptc0-I__2
Aye3-Hit2
Jjs4-Mfe0
Jqn1-Wgc0
Ehm1-Wrx4
Fvf7-Zie5
Zie5-Fnt7
Fnt7-Wps4
Wps4-Hwg0
Iph8-V_p1
V_p1-Xmp9
W_e5-Gzg5
Psl4-Hga1
Fob1-Ala9
Ala9-Rzl2
Bxe2-Eic1
Eic1-Qgp9
Qgp9-Prp2
Prp2-R_s8
Kks9-Wcd6
Wcd6-Zrv7
Wgx0-Cjf3
Cjf3-Wvs3
Wvs3-Pjp5
Uvr3-Nsw5
Cpm2-Aeb9
Qhm2-Nlg4
Yxw5-Tkv5
Tkv5-Mem7
Drg6-Jbt4
Oyc2-Grh1
Wdq1-Rjx7
Rjx7-Jsn7
G__4-Wco1
Wco1-Ccn0
Arm0-Akg5
Akg5-Qox7
E_e7-Xsy2
Xsy2-In_3
In_3-Mru4
Mru4-Otp6
Mht4-Sh_5
Pkt6-Org4
Org4-War9
War9-Swt0
Swt0-Kgn2
Ff_5-Wbl8
Wbl8-Jcl6
Wtz0-Zty8
Pbl4-Vpt7
Vpt7-V_u4
Trz4-Eov8
Eov8-Gou0
Mho0-Xej2
Nos0-T_i2
T_i2-Mam3
Mam3-Uns0
Uns0-Qjn0
Qjn0-Rc_1
Rxz1-Dws1
Ilx2-Whj4
Ist1-Qzs8
Uku5-Wpe5
Rfj1-Zxp7
Zxp7-Xhq3
Xhq3-Nz_4
Nz_4-Bsu0
Bsu0-Bak4
Yap5-Ikk1
S__6-Gou0
E_e7-Eqt5
Eqt5-Vcg5
Vcg5-Brv5
Isr6-Gor1
Smu0-Sk_1
Sk_1-Tcl0
Tcl0-Vt_5
Vt_5-Cdo3
Cdo3-O_x2
Rhh2-Puk9
Oqi9-Szo4
Jlg3-Voi5
Voi5-Jpd2
Jpd2-Hq_3
Ctd9-Vib0
Vib0-Hxc4
Hxc4-Aii7
Aii7-Bc_7
Bc_7-Nal0
Pzw5-Eun4
Eun4-Dtd6
Dtd6-Vim2
X_u7-Fwj9
Fwj9-Qn_9
Qn_9-Kgs9
O_y0-Bmx5
Iz_9-Rio2
Rio2-Rtc1
Jzn0-P_a9
P_a9-Eui1
Eui1-Rz_1
B_z5-Hlc8
Hlc8-Nqo2
E_e7-B_o0
B_o0-Uci8
Uci8-Hfp3
Jd_5-Iyy7
Iyy7-Qvs0
Tjo2-Niy2
Wbo2-Qnr8
Qnr8-Azv5
Azv5-Fyd0
Nma7-Xvl1
Xvl1-Qas5
Qas5-Bni8
Bni8-Cfv6
Cfv6-Fuu8
Ola4-Gci6
Gci6-Q_z4
Q_z4-Iz_5
Iz_5-Rly1
Zqa9-Wqr2
Wqr2-Mej0
Jgq2-Zhd5
Zhd5-Aho9
Aho9-Rkp3
C_k1-Ftz2
Ftz2-Ssp2
Ssp2-Dnk8
Szd7-Wik8
Vgk7-Mba0
Yle8-Ujp4
Xim9-Njq9
Njq9-Skh3
Skh3-Gek7
Gek7-Poj8
Nwp7-Jwl8
Jwl8-Thl1
Vzk4-Wnw2
Wnw2-Cwi4
Cwi4-Gou0
E_e7-Upr5
Upr5-Uam0
Ssy5-Krq6
Aao9-Zoo0
Dod4-Tcs4
Uej3-Akf2
Vv_8-Fmx2
Mkb4-Anl5
Anl5-Snh8
Snh8-Swd2
Abm3-Ynk4
T_z8-Tco8
Tco8-Oio5
R_m8-E_q9
E_q9-Eyx3
Npe5-Img5
Img5-Ott3
Ott3-Kpm5
Fng8-Pn_7
Pn_7-Oef8
Oef8-Bdp2
Fgi7-Qlz0
Qlz0-Evw8
Evw8-Dll5
Dll5-Fzq7
Fzq7-Bt_6
Int2-Pka2
Pka2-Ika4
Ika4-U_k9
U_k9-Gws8
Gws8-T_o6
Utn4-Owt2
A_f1-Hbi6
Hbi6-Wop0
R_h6-Ynb9
Ynb9-Rdx3
Jnh2-Aqc5
Ikd1-Zuk0
Anz7-Dod7
Fuu8-Qfz7
Hpv5-Cs_0
Ela0-Hnc0
#Here is the number of lines required: 31

L1-Kjw9 L2-Prl0 L3-Tvy1 L4-Xsy2 L5-T_e9
L1-Hpx3 L6-Kjw9 L2-Rjr5 L7-Prl0 L3-T_h4 L8-Tvy1 L4-In_3 L9-Xsy2 L5-O_q0 L10-T_e9
L1-Vak9 L6-Hpx3 L11-Kjw9 L2-Nlw8 L7-Rjr5 L12-Prl0 L3-Gdt6 L8-T_h4 L13-Tvy1 L4-Mru4 L9-In_3 L14-Xsy2 L5-Hfl6 L10-O_q0 L15-T_e9
L1-Htd8 L6-Vak9 L11-Hpx3 L2-Qyd0 L7-Nlw8 L12-Rjr5 L3-Yec0 L8-Gdt6 L13-T_h4 L4-Otp6 L9-Mru4 L14-In_3 L5-Gji7 L10-Hfl6 L15-O_q0 L16-T_e9
L1-Tdd8 L6-Htd8 L11-Vak9 L2-Nbo5 L7-Qyd0 L12-Nlw8 L3-Okh3 L8-Yec0 L13-Gdt6 L4-Mht4 L9-Otp6 L14-Mru4 L5-Her8 L10-Gji7 L15-Hfl6 L16-O_q0
L1-Rgv2 L6-Tdd8 L11-Htd8 L2-Ayy5 L7-Nbo5 L12-Qyd0 L3-Ttf6 L8-Okh3 L13-Yec0 L4-Sh_5 L9-Mht4 L14-Otp6 L5-Opo9 L10-Her8 L15-Gji7 L16-Hfl6
L1-Zdj9 L6-Rgv2 L11-Tdd8 L2-Zxj2 L7-Ayy5 L12-Nbo5 L3-Vr_5 L8-Ttf6 L13-Okh3 L4-Pkt6 L9-Sh_5 L14-Mht4 L5-Ela0 L10-Opo9 L15-Her8 L16-Gji7
L1-Yud1 L6-Zdj9 L11-Rgv2 L2-Vdd6 L7-Zxj2 L12-Ayy5 L3-Vpm7 L8-Vr_5 L13-Ttf6 L4-Org4 L9-Pkt6 L14-Sh_5 L5-Duj1 L10-Ela0 L15-Opo9 L16-Her8
L1-Bbz0 L6-Yud1 L11-Zdj9 L2-Fci8 L7-Vdd6 L12-Zxj2 L3-Dku6 L8-Vpm7 L13-Vr_5 L4-War9 L9-Org4 L14-Pkt6 L5-Xqm2 L10-Duj1 L15-Ela0 L16-Opo9
L1-Pnm5 L6-Bbz0 L11-Yud1 L2-V_i5 L7-Fci8 L12-Vdd6 L3-Kap8 L8-Dku6 L13-Vpm7 L4-Swt0 L9-War9 L14-Org4 L5-Yzf0 L10-Xqm2 L15-Duj1 L16-Ela0
L1-Tca7 L6-Pnm5 L11-Bbz0 L2-T_z2 L7-V_i5 L12-Fci8 L3-Ytw2 L8-Kap8 L13-Dku6 L4-Kgn2 L9-Swt0 L14-War9 L5-Hvp2 L10-Yzf0 L15-Xqm2 L16-Duj1
L1-Cxc1 L6-Tca7 L11-Pnm5 L2-V_u1 L7-T_z2 L12-V_i5 L3-Azy0 L8-Ytw2 L13-Kap8 L4-Wed2 L9-Kgn2 L14-Swt0 L5-Szg1 L10-Hvp2 L15-Yzf0 L16-Xqm2
L1-Cbm8 L6-Cxc1 L11-Tca7 L2-Qyp5 L7-V_u1 L12-T_z2 L3-Gjt5 L8-Azy0 L13-Ytw2 L4-Tra8 L9-Wed2 L14-Kgn2 L5-Ive9 L10-Szg1 L15-Hvp2 L16-Yzf0
L1-Gkr1 L6-Cbm8 L11-Cxc1 L2-Acb6 L7-Qyp5 L12-V_u1 L3-Yyw0 L8-Gjt5 L13-Azy0 L4-Fts2 L9-Tra8 L14-Wed2 L5-Kr_4 L10-Ive9 L15-Szg1 L16-Hvp2
L1-Pma2 L6-Gkr1 L11-Cbm8 L2-Kt_6 L7-Acb6 L12-Qyp5 L3-Tlg0 L8-Yyw0 L13-Gjt5 L4-Zus0 L9-Fts2 L14-Tra8 L5-Tuy8 L10-Kr_4 L15-Ive9 L16-Szg1
L1-Kqh2 L6-Pma2 L11-Gkr1 L2-Ujl3 L7-Kt_6 L12-Acb6 L3-Xza7 L8-Tlg0 L13-Yyw0 L4-Ff_5 L9-Zus0 L14-Fts2 L5-Ybv8 L10-Tuy8 L15-Kr_4 L16-Ive9
L1-Yca9 L6-Kqh2 L11-Pma2 L2-Yks8 L7-Ujl3 L12-Kt_6 L3-Fcr8 L8-Xza7 L13-Tlg0 L4-Wbl8 L9-Ff_5 L14-Zus0 L5-Wlj3 L10-Ybv8 L15-Tuy8 L16-Kr_4
L1-Wgp1 L6-Yca9 L11-Kqh2 L2-Jrj3 L7-Yks8 L12-Ujl3 L3-Nnx9 L8-Fcr8 L13-Xza7 L4-Jcl6 L9-Wbl8 L14-Ff_5 L5-Rxk3 L10-Wlj3 L15-Ybv8 L16-Tuy8
L1-Fxg4 L6-Wgp1 L11-Yca9 L2-St_6 L7-Jrj3 L12-Yks8 L3-Gah4 L8-Nnx9 L13-Fcr8 L4-Wtz0 L9-Jcl6 L14-Wbl8 L5-S_w9 L10-Rxk3 L15-Wlj3 L16-Ybv8
L1-Brs6 L6-Fxg4 L11-Wgp1 L2-Wfl6 L7-St_6 L12-Jrj3 L3-M_x7 L8-Gah4 L13-Nnx9 L4-Zty8 L9-Wtz0 L14-Jcl6 L5-Ahc0 L10-S_w9 L15-Rxk3 L16-Wlj3
L1-Xlv7 L6-Brs6 L11-Fxg4 L2-Yug2 L7-Wfl6 L12-St_6 L3-Yqo2 L8-M_x7 L13-Gah4 L4-Pbl4 L9-Zty8 L14-Wtz0 L5-Yco3 L10-Ahc0 L15-S_w9 L16-Rxk3
L1-Tpl1 L6-Xlv7 L11-Brs6 L2-Blr6 L7-Yug2 L12-Wfl6 L3-Ysn5 L8-Yqo2 L13-M_x7 L4-Vpt7 L9-Pbl4 L14-Zty8 L5-Ssb5 L10-Yco3 L15-Ahc0 L16-S_w9
L1-Aha0 L6-Tpl1 L11-Xlv7 L2-Oot8 L7-Blr6 L12-Yug2 L3-Beo9 L8-Ysn5 L13-Yqo2 L4-V_u4 L9-Vpt7 L14-Pbl4 L5-Wm_5 L10-Ssb5 L15-Yco3 L16-Ahc0
L1-Csy1 L6-Aha0 L11-Tpl1 L2-Ism6 L7-Oot8 L12-Blr6 L3-Ysr8 L8-Beo9 L13-Ysn5 L4-Hx_2 L9-V_u4 L14-Vpt7 L5-Xd_7 L10-Wm_5 L15-Ssb5 L16-Yco3
L1-O_f2 L6-Csy1 L11-Aha0 L2-Jyx7 L7-Ism6 L12-Oot8 L3-Qdn4 L8-Ysr8 L13-Beo9 L4-Trz4 L9-Hx_2 L14-V_u4 L5-Mzu9 L10-Xd_7 L15-Wm_5 L16-Ssb5
L1-Y_b9 L6-O_f2 L11-Csy1 L2-Yfb2 L7-Jyx7 L12-Ism6 L3-Jee2 L8-Qdn4 L13-Ysr8 L4-Eov8 L9-Trz4 L14-Hx_2 L5-Wfo5 L10-Mzu9 L15-Xd_7 L16-Wm_5
L1-Sdi8 L6-Y_b9 L11-O_f2 L2-App8 L7-Yfb2 L12-Jyx7 L3-Uke1 L8-Jee2 L13-Qdn4 L4-Gou0 L9-Eov8 L14-Trz4 L5-Gou0 L10-Wfo5 L15-Mzu9 L16-Xd_7
L1-Kaj7 L6-Sdi8 L11-Y_b9 L2-Dym3 L7-App8 L12-Yfb2 L3-Gou0 L8-Uke1 L13-Jee2 L9-Gou0 L14-Eov8 L10-Gou0 L15-Wfo5 L16-Mzu9
L1-Gou0 L6-Kaj7 L11-Sdi8 L2-Gou0 L7-Dym3 L12-App8 L8-Gou0 L13-Uke1 L14-Gou0 L15-Gou0 L16-Wfo5
L6-Gou0 L11-Kaj7 L7-Gou0 L12-Dym3 L13-Gou0 L16-Gou0
L11-Gou0 L12-Gou0
