15
#Here is the number of lines required: 30
##start
Q_j1 3 3
##end
Ebh5 8 8
Aib0 9 9
Mrk4 11 11
Zbf2 13 13
Aru1 16 16
Igx6 20 20
Dhd0 23 23
Oxr1 27 27
Vvf2 29 29
Joo9 31 31
Pnt3 33 33
Ydx6 36 36
Pig0 38 38
Hxs1 40 40
Uhk3 42 42
Aja1 45 45
Egc8 49 49
Pqz3 52 52
O_v3 55 55
Isi1 58 58
Nta2 63 63
Sqc1 65 65
Aoa7 68 68
O_a2 72 72
Opa2 74 74
O_g5 77 77
Zpi8 79 79
Xat9 80 80
Uhk9 82 82
W_w9 84 84
Dsh2 85 85
Jua6 88 88
Qvh1 91 91
Oqy6 95 95
Qim7 98 98
Pan5 100 100
Odk4 104 104
Pgr0 109 109
Pzb8 111 111
Bts2 115 115
Ndi1 119 119
H_k8 122 122
Zuf8 126 126
Jfp7 130 130
Siy6 133 133
Nvg7 136 136
Wxq5 140 140
Mgu5 143 143
Yqu4 145 145
Dpn0 148 148
Pll2 153 153
W_a0 156 156
S_p7 160 160
Hrj3 161 161
Cun2 165 165
Hbt1 169 169
B_i4 173 173
Tix2 174 174
Jsy9 175 175
Fon3 177 177
Zfm8 180 180
Oqe3 181 181
K_y5 185 185
Vrr6 188 188
R_c0 191 191
Slx0 193 193
Cpi8 195 195
Jvg8 199 199
Gnu2 202 202
Vpy1 204 204
Qbl3 207 207
Skn8 211 211
Vhz9 214 214
Phn0 217 217
Eic0 220 220
Qch8 223 223
Ptq3 227 227
Kcs2 230 230
Grt3 232 232
Eys4 235 235
Sbk8 237 237
B_r0 241 241
Zzv3 242 242
Gnx2 244 244
Zgb6 249 249
Bzm6 254 254
Buc8 256 256
Muc8 259 259
Seu1 261 261
Cxk5 265 265
Atu9 269 269
Qwd5 274 274
Prq2 275 275
Bxa6 279 279
Gsp9 281 281
Ogg4 282 282
Hub5 285 285
Wdu0 286 286
Vnu3 289 289
Tic7 293 293
Cza6 296 296
Spn5 299 299
Hez0 303 303
Uiz6 306 306
Yaz6 309 309
Tld7 313 313
Wwk0 316 316
Srb5 321 321
Hhv5 323 323
Va_6 326 326
Jux7 328 328
Kgu5 333 333
Nwy7 334 334
Jrc3 337 337
F_m9 340 340
Ilr3 343 343
Xug4 346 346
Pxd0 351 351
An_2 354 354
Scg2 356 356
Nfu0 359 359
Gxe6 362 362
Asg5 364 364
F_b1 369 369
H_f3 372 372
Fb_7 375 375
Gxi5 378 378
Tew8 383 383
Eeh9 386 386
Itx2 391 391
Bkt9 394 394
Rpo0 397 397
Qnj2 401 401
Zex0 404 404
Dsr3 406 406
Vga2 411 411
Ajz9 414 414
Zbf3 417 417
Tzb0 419 419
Nsb8 423 423
Yai3 425 425
Ufq8 430 430
Xkc5 432 432
Vko1 435 435
Hik8 439 439
Dft9 440 440
Unh6 442 442
Dis6 445 445
Eig4 448 448
Sjf2 451 451
Cck2 454 454
Os_9 456 456
Uvm5 463 463
Wou7 467 467
N_n3 469 469
Obn4 471 471
Rwb9 473 473
Ksf1 475 475
Tv_0 477 477
Ouk3 480 480
Wyp0 482 482
Ozk7 484 484
Jcw6 487 487
Gy_4 488 488
Zdt0 490 490
Myy7 493 493
Ast8 496 496
Gvk4 499 499
O_s7 501 501
Vgx8 503 503
Eru2 507 507
Izt3 510 510
Yk_7 514 514
Wdq4 517 517
Fdb2 522 522
Gou1 524 524
P_o7 527 527
Hv_9 531 531
Kgv4 533 533
Und4 538 538
Uef1 540 540
H_q7 544 544
Xec3 546 546
Y_k4 549 549
Aj_7 553 553
Ffb5 555 555
Co_5 559 559
Mg_7 561 561
Xzm4 563 563
Ujk6 566 566
Nqf6 567 567
Wvy4 571 571
S_c0 573 573
Nfs7 578 578
Yq_5 581 581
Wtr8 584 584
J_a2 588 588
Aaj9 591 591
W_o5 593 593
Dnk3 597 597
Zif8 601 601
Cn_9 604 604
Pvm6 608 608
D_g9 609 609
Dv_3 613 613
Ei_7 616 616
N_q4 619 619
Oys7 623 623
Uoc0 626 626
Rsg1 629 629
Sb_8 630 630
Cxf2 633 633
Awr2 634 634
O_j6 636 636
Rgq3 639 639
Knd1 642 642
Kvb5 644 644
Zzo0 646 646
Gfo3 649 649
Idt3 650 650
Jti3 653 653
Nnj8 655 655
Bz_6 657 657
Bjd8 658 658
E_t4 662 662
Nt_5 667 667
Drk7 668 668
Ets6 673 673
Wta4 676 676
Cqa4 680 680
Qfc9 684 684
Siz9 687 687
Evi7 690 690
Mld9 693 693
Qvf8 695 695
Cbk4 696 696
Oum6 699 699
Vsk6 704 704
Vhi2 706 706
Gmz7 710 710
Bph8 713 713
Yyo1 716 716
W_f8 718 718
Zgy4 722 722
Szo7 725 725
Mvq4 729 729
Iov4 731 731
Qrt1 732 732
Y_s8 735 735
Cwk5 736 736
Dyo7 738 738
Oat3 740 740
J_z6 742 742
Nch9 743 743
Mk_3 746 746
Rii6 751 751
Dzp5 755 755
Gyt1 759 759
Mqk2 762 762
Kfw4 765 765
Ztz5 766 766
Jo_9 767 767
Cae6 769 769
Brh2 773 773
Ela7 774 774
O_h5 777 777
Kr_6 779 779
Aba3 783 783
W_r2 786 786
R_m7 789 789
Wac6 793 793
Yyf5 795 795
Out6 798 798
Bfi2 803 803
Zhj0 806 806
Awt4 810 810
Wra1 812 812
Zlj1 814 814
Cov4 817 817
Jyn9 818 818
Cqc9 821 821
Fep5 825 825
Ho_4 829 829
Kgu0 832 832
Zdu8 836 836
M_n6 841 841
Rcd3 844 844
Kri5 845 845
Prl0 848 848
R_p7 850 850
Zzl8 853 853
Sik5 855 855
Pbz7 857 857
Mpr0 859 859
Hub5-Aib0
Qvh1-Igx6
O_a2-Dhd0
Gou1-Pbz7
Prq2-Oxr1
Hik8-Sik5
Und4-Vvf2
Qvh1-Zzl8
Zhj0-Joo9
Hrj3-R_p7
M_n6-Rcd3
Zdu8-M_n6
Kgu0-Zdu8
Ydx6-Kgu0
Pig0-Ho_4
Cqc9-Fep5
Aja1-Uhk3
Cov4-Aja1
Zlj1-Cov4
Wra1-Egc8
Zhj0-Awt4
Yyf5-Pqz3
Aoa7-Sqc1
Wac6-Aoa7
R_m7-Wac6
O_g5-Opa2
Xat9-Zpi8
Aba3-Uhk9
O_h5-Kr_6
Ela7-O_h5
Brh2-Ela7
Cae6-Brh2
Ztz5-Jo_9
Dsh2-Ztz5
Mqk2-Qvh1
Gyt1-Pan5
Dzp5-Odk4
Mk_3-Rii6
Nch9-Mk_3
Pgr0-J_z6
Pzb8-Dyo7
Cwk5-Pzb8
H_k8-Qrt1
Zuf8-H_k8
Jfp7-Zuf8
Iov4-Jfp7
Siy6-Ebh5
Zgy4-Szo7
W_f8-Nvg7
Yyo1-W_f8
Bph8-Yyo1
Gmz7-Bph8
Yqu4-Mgu5
Vsk6-Yqu4
Dpn0-Vsk6
Pll2-Dpn0
W_a0-Pll2
Cun2-Hrj3
Qvf8-Cbk4
Qfc9-Os_9
Oqe3-Zfm8
Ets6-Oqe3
K_y5-Drk7
Vrr6-K_y5
Bjd8-E_t4
Nnj8-Slx0
Gfo3-Idt3
Cpi8-Zzo0
Q_j1-Knd1
Gnu2-Jvg8
Rgq3-Gnu2
O_j6-Rgq3
Vpy1-O_j6
Skn8-Qbl3
Awr2-Vhz9
Eic0-Phn0
Ptq3-Qch8
Kcs2-Ptq3
Eys4-Grt3
Sb_8-Sbk8
Rsg1-Sb_8
B_r0-Rsg1
Uoc0-B_r0
Oys7-Uoc0
Ei_7-N_q4
Dv_3-Ei_7
Gnx2-Pvm6
Zgb6-Gnx2
Zif8-Cn_9
Bzm6-Dnk3
W_o5-Ebh5
Muc8-Buc8
Seu1-Muc8
Cxk5-Seu1
J_a2-Aaj9
Wtr8-Qwd5
Yq_5-Wtr8
Bxa6-Prq2
S_c0-Nfs7
Hub5-S_c0
Spn5-Cza6
Wvy4-Spn5
Q_j1-Hez0
Ujk6-Uiz6
Yaz6-Ujk6
Tld7-Yaz6
Srb5-Wwk0
Hhv5-Srb5
Va_6-Hhv5
Mg_7-Xzm4
Kgu5-Jux7
Nwy7-Co_5
Jrc3-Nwy7
F_m9-Ffb5
Y_k4-Ilr3
Xec3-Y_k4
Xug4-Xec3
Uef1-H_q7
Und4-Pxd0
Kgv4-An_2
Gou1-P_o7
Fdb2-Nfu0
Q_j1-Fdb2
Wdq4-Ebh5
F_b1-Asg5
Izt3-F_b1
Eru2-Izt3
H_f3-Vgx8
O_s7-H_f3
Gvk4-O_s7
Ast8-Gvk4
Fb_7-Ast8
Myy7-Fb_7
Gxi5-Myy7
Tew8-Gxi5
Zdt0-Tew8
Rpo0-Bkt9
Qnj2-Rpo0
Gy_4-Qnj2
Jcw6-Zex0
Dsr3-Ebh5
Ajz9-Ouk3
Zbf3-Ajz9
Nsb8-Tv_0
Ufq8-Ksf1
Rwb9-Xkc5
N_n3-Obn4
Dis6-Unh6
Eig4-Dis6
Sjf2-Wou7
Uvm5-Cck2
Q_j1-Uvm5
Cck2-Sjf2
Wou7-Eig4
Unh6-Dft9
Dft9-Hik8
Hik8-N_n3
Obn4-Vko1
Vko1-Rwb9
Xkc5-Ufq8
Ksf1-Yai3
Yai3-Nsb8
Tv_0-Tzb0
Tzb0-Zbf3
Ouk3-Vga2
Vga2-Wyp0
Wyp0-Dsr3
Q_j1-Ozk7
Ozk7-Jcw6
Zex0-Gy_4
Bkt9-Itx2
Itx2-Eeh9
Eeh9-Zdt0
Vgx8-Eru2
Asg5-Gxe6
Gxe6-Yk_7
Yk_7-Wdq4
Nfu0-Scg2
Scg2-Gou1
P_o7-Hv_9
Hv_9-Kgv4
An_2-Und4
Pxd0-Uef1
H_q7-Xug4
Ilr3-Aj_7
Aj_7-F_m9
Ffb5-Jrc3
Co_5-Kgu5
Jux7-Mg_7
Xzm4-Va_6
Wwk0-Tld7
Uiz6-Ebh5
Hez0-Nqf6
Nqf6-Wvy4
Cza6-Tic7
Tic7-Vnu3
Vnu3-Wdu0
Wdu0-Hub5
Nfs7-Ogg4
Ogg4-Gsp9
Gsp9-Bxa6
Prq2-Yq_5
Qwd5-J_a2
Aaj9-Atu9
Atu9-Cxk5
Buc8-W_o5
Q_j1-Bzm6
Dnk3-Zif8
Cn_9-Zgb6
Pvm6-D_g9
D_g9-Zzv3
Zzv3-Dv_3
N_q4-Oys7
Sbk8-Eys4
Grt3-Kcs2
Qch8-Cxf2
Cxf2-Eic0
Phn0-Awr2
Vhz9-Skn8
Qbl3-Vpy1
Jvg8-Ebh5
Knd1-Kvb5
Kvb5-Cpi8
Zzo0-Gfo3
Idt3-Jti3
Jti3-Nnj8
Slx0-Bz_6
Bz_6-Bjd8
E_t4-Nt_5
Nt_5-R_c0
R_c0-Vrr6
Drk7-Ets6
Zfm8-Wta4
Wta4-Fon3
Fon3-Jsy9
Jsy9-Cqa4
Cqa4-Qfc9
Os_9-Ebh5
Q_j1-Siz9
Siz9-Tix2
Tix2-B_i4
B_i4-Evi7
Evi7-Hbt1
Hbt1-Mld9
Mld9-Qvf8
Cbk4-Cun2
Hrj3-S_p7
S_p7-Oum6
Oum6-W_a0
Mgu5-Vhi2
Vhi2-Wxq5
Wxq5-Gmz7
Nvg7-Zgy4
Szo7-Mvq4
Mvq4-Siy6
Q_j1-Iov4
Qrt1-Ndi1
Ndi1-Y_s8
Y_s8-Bts2
Bts2-Cwk5
Dyo7-Oat3
Oat3-Pgr0
J_z6-Nch9
Rii6-Dzp5
Odk4-Gyt1
Pan5-Qim7
Qim7-Oqy6
Oqy6-Mqk2
Qvh1-Kfw4
Kfw4-Jua6
Jua6-Dsh2
Jo_9-Cae6
Kr_6-W_w9
W_w9-Aba3
Uhk9-Xat9
Zpi8-W_r2
W_r2-O_g5
Opa2-O_a2
O_a2-R_m7
Sqc1-Nta2
Nta2-Isi1
Isi1-O_v3
O_v3-Yyf5
Pqz3-Out6
Out6-Bfi2
Bfi2-Zhj0
Awt4-Wra1
Egc8-Zlj1
Uhk3-Jyn9
Jyn9-Hxs1
Hxs1-Cqc9
Fep5-Pig0
Ho_4-Ydx6
Rcd3-Kri5
Kri5-Ebh5
Und4-Pnt3
Zzv3-Prl0
Zhj0-Aru1
Jua6-Zbf2
Xzm4-Mrk4
Gnu2-Mpr0
#Here is the number of lines required: 30

L1-Ozk7 L2-Uvm5 L3-Knd1 L4-Hez0
L1-Jcw6 L5-Ozk7 L2-Cck2 L6-Uvm5 L3-Kvb5 L7-Knd1 L4-Nqf6 L8-Hez0
L1-Zex0 L5-Jcw6 L9-Ozk7 L2-Sjf2 L6-Cck2 L10-Uvm5 L3-Cpi8 L7-Kvb5 L11-Knd1 L4-Wvy4 L8-Nqf6 L12-Hez0
L1-Gy_4 L5-Zex0 L9-Jcw6 L2-Wou7 L6-Sjf2 L10-Cck2 L13-Uvm5 L3-Zzo0 L7-Cpi8 L11-Kvb5 L14-Knd1 L4-Spn5 L8-Wvy4 L12-Nqf6 L15-Hez0
L1-Qnj2 L5-Gy_4 L9-Zex0 L2-Eig4 L6-Wou7 L10-Sjf2 L13-Cck2 L3-Gfo3 L7-Zzo0 L11-Cpi8 L14-Kvb5 L4-Cza6 L8-Spn5 L12-Wvy4 L15-Nqf6
L1-Rpo0 L5-Qnj2 L9-Gy_4 L2-Dis6 L6-Eig4 L10-Wou7 L13-Sjf2 L3-Idt3 L7-Gfo3 L11-Zzo0 L14-Cpi8 L4-Tic7 L8-Cza6 L12-Spn5 L15-Wvy4
L1-Bkt9 L5-Rpo0 L9-Qnj2 L2-Unh6 L6-Dis6 L10-Eig4 L13-Wou7 L3-Jti3 L7-Idt3 L11-Gfo3 L14-Zzo0 L4-Vnu3 L8-Tic7 L12-Cza6 L15-Spn5
L1-Itx2 L5-Bkt9 L9-Rpo0 L2-Dft9 L6-Unh6 L10-Dis6 L13-Eig4 L3-Nnj8 L7-Jti3 L11-Idt3 L14-Gfo3 L4-Wdu0 L8-Vnu3 L12-Tic7 L15-Cza6
L1-Eeh9 L5-Itx2 L9-Bkt9 L2-Hik8 L6-Dft9 L10-Unh6 L13-Dis6 L3-Slx0 L7-Nnj8 L11-Jti3 L14-Idt3 L4-Hub5 L8-Wdu0 L12-Vnu3 L15-Tic7
L1-Zdt0 L5-Eeh9 L9-Itx2 L2-N_n3 L6-Hik8 L10-Dft9 L13-Unh6 L3-Bz_6 L7-Slx0 L11-Nnj8 L14-Jti3 L4-S_c0 L8-Hub5 L12-Wdu0 L15-Vnu3
L1-Tew8 L5-Zdt0 L9-Eeh9 L2-Obn4 L6-N_n3 L10-Hik8 L13-Dft9 L3-Bjd8 L7-Bz_6 L11-Slx0 L14-Nnj8 L4-Nfs7 L8-S_c0 L12-Hub5 L15-Wdu0
L1-Gxi5 L5-Tew8 L9-Zdt0 L2-Vko1 L6-Obn4 L10-N_n3 L13-Hik8 L3-E_t4 L7-Bjd8 L11-Bz_6 L14-Slx0 L4-Ogg4 L8-Nfs7 L12-S_c0 L15-Hub5
L1-Myy7 L5-Gxi5 L9-Tew8 L2-Rwb9 L6-Vko1 L10-Obn4 L13-N_n3 L3-Nt_5 L7-E_t4 L11-Bjd8 L14-Bz_6 L4-Gsp9 L8-Ogg4 L12-Nfs7 L15-S_c0
L1-Fb_7 L5-Myy7 L9-Gxi5 L2-Xkc5 L6-Rwb9 L10-Vko1 L13-Obn4 L3-R_c0 L7-Nt_5 L11-E_t4 L14-Bjd8 L4-Bxa6 L8-Gsp9 L12-Ogg4 L15-Nfs7
L1-Ast8 L5-Fb_7 L9-Myy7 L2-Ufq8 L6-Xkc5 L10-Rwb9 L13-Vko1 L3-Vrr6 L7-R_c0 L11-Nt_5 L14-E_t4 L4-Prq2 L8-Bxa6 L12-Gsp9 L15-Ogg4
L1-Gvk4 L5-Ast8 L9-Fb_7 L2-Ksf1 L6-Ufq8 L10-Xkc5 L13-Rwb9 L3-K_y5 L7-Vrr6 L11-R_c0 L14-Nt_5 L4-Yq_5 L8-Prq2 L12-Bxa6 L15-Gsp9
L1-O_s7 L5-Gvk4 L9-Ast8 L2-Yai3 L6-Ksf1 L10-Ufq8 L13-Xkc5 L3-Drk7 L7-K_y5 L11-Vrr6 L14-R_c0 L4-Wtr8 L8-Yq_5 L12-Prq2 L15-Bxa6
L1-H_f3 L5-O_s7 L9-Gvk4 L2-Nsb8 L6-Yai3 L10-Ksf1 L13-Ufq8 L3-Ets6 L7-Drk7 L11-K_y5 L14-Vrr6 L4-Qwd5 L8-Wtr8 L12-Yq_5 L15-Prq2
L1-Vgx8 L5-H_f3 L9-O_s7 L2-Tv_0 L6-Nsb8 L10-Yai3 L13-Ksf1 L3-Oqe3 L7-Ets6 L11-Drk7 L14-K_y5 L4-J_a2 L8-Qwd5 L12-Wtr8 L15-Yq_5
L1-Eru2 L5-Vgx8 L9-H_f3 L2-Tzb0 L6-Tv_0 L10-Nsb8 L13-Yai3 L3-Zfm8 L7-Oqe3 L11-Ets6 L14-Drk7 L4-Aaj9 L8-J_a2 L12-Qwd5 L15-Wtr8
L1-Izt3 L5-Eru2 L9-Vgx8 L2-Zbf3 L6-Tzb0 L10-Tv_0 L13-Nsb8 L3-Wta4 L7-Zfm8 L11-Oqe3 L14-Ets6 L4-Atu9 L8-Aaj9 L12-J_a2 L15-Qwd5
L1-F_b1 L5-Izt3 L9-Eru2 L2-Ajz9 L6-Zbf3 L10-Tzb0 L13-Tv_0 L3-Fon3 L7-Wta4 L11-Zfm8 L14-Oqe3 L4-Cxk5 L8-Atu9 L12-Aaj9 L15-J_a2
L1-Asg5 L5-F_b1 L9-Izt3 L2-Ouk3 L6-Ajz9 L10-Zbf3 L13-Tzb0 L3-Jsy9 L7-Fon3 L11-Wta4 L14-Zfm8 L4-Seu1 L8-Cxk5 L12-Atu9 L15-Aaj9
L1-Gxe6 L5-Asg5 L9-F_b1 L2-Vga2 L6-Ouk3 L10-Ajz9 L13-Zbf3 L3-Cqa4 L7-Jsy9 L11-Fon3 L14-Wta4 L4-Muc8 L8-Seu1 L12-Cxk5 L15-Atu9
L1-Yk_7 L5-Gxe6 L9-Asg5 L2-Wyp0 L6-Vga2 L10-Ouk3 L13-Ajz9 L3-Qfc9 L7-Cqa4 L11-Jsy9 L14-Fon3 L4-Buc8 L8-Muc8 L12-Seu1 L15-Cxk5
L1-Wdq4 L5-Yk_7 L9-Gxe6 L2-Dsr3 L6-Wyp0 L10-Vga2 L13-Ouk3 L3-Os_9 L7-Qfc9 L11-Cqa4 L14-Jsy9 L4-W_o5 L8-Buc8 L12-Muc8 L15-Seu1
L1-Ebh5 L5-Wdq4 L9-Yk_7 L2-Ebh5 L6-Dsr3 L10-Wyp0 L13-Vga2 L3-Ebh5 L7-Os_9 L11-Qfc9 L14-Cqa4 L4-Ebh5 L8-W_o5 L12-Buc8 L15-Muc8
L5-Ebh5 L9-Wdq4 L6-Ebh5 L10-Dsr3 L13-Wyp0 L7-Ebh5 L11-Os_9 L14-Qfc9 L8-Ebh5 L12-W_o5 L15-Buc8
L9-Ebh5 L10-Ebh5 L13-Dsr3 L11-Ebh5 L14-Os_9 L12-Ebh5 L15-W_o5
L13-Ebh5 L14-Ebh5 L15-Ebh5
