1
#Here is the number of lines required: 31
##start
Rak3 4 4
##end
Frl7 7 7
Uul7 9 9
Igb6 11 11
Ksm5 13 13
Eep7 15 15
Sl_8 19 19
Zjh0 21 21
Qqr4 23 23
Drr9 26 26
Fmw2 30 30
Gjx3 35 35
Wqv2 40 40
Kqs0 41 41
I_h3 44 44
Chl4 47 47
Qfv5 52 52
Wps1 54 54
Fzw1 58 58
Vly9 60 60
Qia4 65 65
Xqz8 70 70
Qzx3 74 74
Gkf9 75 75
Ksi0 78 78
Qgk1 80 80
Urx0 85 85
Bnx7 88 88
I_e4 91 91
Yrs2 94 94
Tbc5 97 97
Gm_1 98 98
Sfk9 101 101
Buy5 105 105
Bf_9 107 107
Skn8 110 110
Jjf4 113 113
Vxn6 114 114
Ujo5 119 119
Wdj1 123 123
Prh8 125 125
Nxp6 128 128
Doy7 131 131
Adl0 136 136
Tch2 139 139
Uzb2 142 142
Wsz0 145 145
Mle8 148 148
Gv_8 151 151
Qsh5 156 156
Scr0 157 157
Ryi3 161 161
Kuv8 166 166
Nbb3 170 170
I_a6 171 171
Msx7 174 174
Smy9 177 177
Pgt8 180 180
Wm_5 184 184
Ilj2 187 187
Jcm9 188 188
Mbr4 193 193
Dyh4 194 194
Zns6 198 198
Fbp7 201 201
Jpz9 203 203
Urj8 207 207
Oxn8 211 211
Vca8 216 216
Xmm7 220 220
Gg_6 223 223
Qlt0 226 226
Hvh3 228 228
Jh_9 229 229
M_p9 232 232
Xaw8 233 233
Kgb5 234 234
Xhj2 236 236
Ncz8 241 241
Jjl6 243 243
Fwa2 246 246
Zzu4 248 248
Svv4 249 249
Hmy4 253 253
Ves3 256 256
Mdl9 258 258
Kqr0 259 259
Fty9 262 262
Gyk3 263 263
Ojz5 268 268
Qqn1 272 272
Jqs3 277 277
Shu3 282 282
Alv0 286 286
Qbi8 289 289
Hgk4 291 291
Ev_9 293 293
Tyw6 295 295
Gdd1 297 297
Bjh7 301 301
P_n5 304 304
Tmm9 308 308
Jmo1 311 311
Xjc5 314 314
Ncc8 318 318
Zau4 322 322
De_5 324 324
Jhh0 327 327
Zpq5 329 329
F_z6 331 331
Ebn2 332 332
Rzt8 335 335
Ulk2 337 337
Vsk6 338 338
Kkb2 340 340
Vql6 345 345
Wgr2 349 349
Wih8 352 352
Cqt8 355 355
Upn1 357 357
Feq6 358 358
H_e1 363 363
Wo_9 366 366
W_f0 370 370
Ajc2 372 372
Etk8 374 374
Sc_5 376 376
Rse2 379 379
Prb7 383 383
Ovh6 385 385
Coo8 389 389
Z_x7 394 394
Ty_4 396 396
Trn0 399 399
Cpk6 401 401
Fov4 405 405
Fgl5 408 408
Aig4 410 410
Dtn4 414 414
Tek3 418 418
Onr0 420 420
Rzg0 423 423
Bys1 427 427
Xlp3 428 428
Pqp8 430 430
Tax6 433 433
Cwp7 436 436
Xrl7 439 439
Rkn3 443 443
Ndq4 447 447
Qdj5 448 448
Uyi8 449 449
Slw9 451 451
Oon3 453 453
Fy_4 455 455
Hjv6 456 456
Kuj6 460 460
Guz0 465 465
Weq0 467 467
Rfx1 471 471
Mdq8 475 475
Wa_2 476 476
Jjk9 477 477
Ust4 479 479
Dmu8 482 482
Blq9 485 485
A__0 487 487
Oqw5 489 489
Afg1 490 490
Coa6 493 493
Rrw5 498 498
Asg3 501 501
Kmq8 504 504
Zt_6 507 507
Oaq0 508 508
Iyq7 510 510
Qnq7 511 511
N_r3 515 515
Jil6 519 519
Krz2 520 520
Ggu1 523 523
Ibb8 525 525
Cdh0 527 527
Rbd8 530 530
Uos9 534 534
Q_o9 538 538
Fke8 540 540
Jlv3 543 543
Ekz6 544 544
Dvq6 547 547
Xbp0 550 550
Ddg8 553 553
Orb3 557 557
Zvd4 560 560
Eee9 563 563
Trc4 566 566
Xtb1 574 574
Pne5 576 576
H_a7 577 577
Jtx7 579 579
Ybs2 583 583
Qhj0 586 586
Xfl1 588 588
Ufw9 589 589
Jg_7 590 590
Nmv0 593 593
Oke0 595 595
Mde5 600 600
Zjd1 603 603
Vok0 605 605
Kfs2 606 606
Znc2 608 608
Rkz3 613 613
Hkf8 617 617
Joo4 618 618
Egb6 623 623
Ivi4 625 625
Vsm0 629 629
Ch_6 633 633
Uw_7 636 636
Qym0 640 640
Jfs1 644 644
Xaj9 648 648
Bkg0 649 649
Aio8 653 653
Jsg9 657 657
Fyw9 659 659
Nyb9 662 662
Ncs7 666 666
Hfl9 671 671
Hiw6 674 674
Exo1 679 679
Xm_7 682 682
Gtj7 685 685
Xhg6 688 688
Vsd6 690 690
S_u6 695 695
Cza8 697 697
I_j8 701 701
Hed9 706 706
Hsw3 711 711
Qhn8 715 715
Nzg3 718 718
Nug6 722 722
Boo4 725 725
V_b5 729 729
Wuy7 733 733
Gi_5 735 735
Ftk3 737 737
Uql7 740 740
Dff4 741 741
Tus5 744 744
Xud6 746 746
Scb0 747 747
Bqg2 751 751
Kb_7 755 755
Qyu9 760 760
Esj9 764 764
Hba8 766 766
Qfy2 769 769
Tce7 773 773
B_v6 777 777
Jxj9 781 781
Uqv8 784 784
X_i3 785 785
Fhi0 786 786
Ept0 790 790
Jek9 792 792
Fha7 794 794
Xd_3 798 798
Ewy2 801 801
N__0 805 805
I_e5 809 809
W_e4 812 812
Jzh2 815 815
Ybe8 818 818
Vig4 820 820
Dbb6 823 823
Ben4 827 827
Pfm8 830 830
R_j0 832 832
R_n7 836 836
Prp3 839 839
U_t6 841 841
Yqc7 845 845
Mnw6 846 846
Fx_1 849 849
Itb7 851 851
Hij7 852 852
Yyn8 854 854
Anf1 858 858
Rab0 862 862
Tpk2 866 866
Tv_3 869 869
Ox_2 871 871
Wdt0 872 872
Mca6 876 876
Tjn3 877 877
Mt_0 882 882
Sdk3 886 886
B_u9 889 889
Xd_6 892 892
Iyd7 895 895
Nap5 898 898
Tny5 901 901
Nh_4 904 904
Iqa9 907 907
How9 909 909
Tcn0 914 914
Nxc8 917 917
Pdg2 920 920
Ozd0 923 923
Tkn7 928 928
Xfx1 931 931
Zhg2 933 933
Coj9 936 936
Pn_1 940 940
Cnt8 942 942
Cw_5 943 943
Ytd9 948 948
Goe6 951 951
Atu4 954 954
Zej4 957 957
Mqd5 960 960
Su_3 963 963
Cu_9 966 966
Ezn5 968 968
Ahy8 969 969
Gmi6 970 970
Qar8 971 971
Zdf5 973 973
Mb_6 976 976
Hdp3 981 981
Flk7 983 983
Yim8 987 987
Pc_6 989 989
Odg1 992 992
Vdp4 994 994
Xjz6 998 998
Van8 999 999
Na_6 1001 1001
E_i8 1003 1003
Fei0 1004 1004
Psb4 1007 1007
Vjl1 1011 1011
Mzz9 1015 1015
Isr2 1017 1017
Tvm3 1021 1021
Jkm8 1026 1026
Zme8 1030 1030
Ync2 1031 1031
Slt7 1033 1033
Qxq8 1037 1037
Xgp1 1041 1041
Sur3 1043 1043
Ie_1 1046 1046
Wnj1 1048 1048
Vxw7 1052 1052
Nti3 1056 1056
Olw9 1058 1058
Hvw8 1061 1061
A_j3 1064 1064
Qwk2 1068 1068
Fv_1 1072 1072
Awe3 1074 1074
Xyz2 1078 1078
Xpe6 1081 1081
F_g8 1083 1083
Pyd8 1087 1087
Oow0 1092 1092
Dhi8 1095 1095
Ndg0 1097 1097
Qlh5 1100 1100
Dee2 1103 1103
Yid3 1106 1106
Kjl2 1109 1109
Tc_5 1112 1112
Xzo9 1116 1116
Qbi8-Uul7
Prh8-Ksm5
Qfy2-Sl_8
Drr9-Yid3
I_h3-Dee2
Uyi8-Gjx3
Xmm7-Qlh5
Jpz9-Ndg0
Etk8-Wqv2
Xrl7-Dhi8
Jzh2-Pyd8
Ojz5-Kqs0
I_a6-I_h3
Awe3-Frl7
Fv_1-Awe3
Qfv5-Fv_1
Fzw1-Wps1
Vly9-Fzw1
Xqz8-Qia4
A_j3-Xqz8
Hvw8-A_j3
Qzx3-Nti3
Gkf9-Qzx3
Ksi0-Gkf9
Vxw7-Ksi0
Qgk1-Vxw7
Wnj1-Bnx7
I_e4-Wnj1
Sur3-Ie_1
Yrs2-Sur3
Slt7-Qxq8
Gm_1-Slt7
Sfk9-Gm_1
Jkm8-Buy5
Vjl1-Jjf4
Vxn6-Vjl1
Ujo5-Vxn6
Wdj1-Ujo5
Nxp6-Psb4
Fei0-Nxp6
Doy7-E_i8
Adl0-Na_6
Van8-Adl0
Tch2-Van8
Uzb2-Vdp4
Pc_6-Odg1
Wsz0-Pc_6
Mle8-Wsz0
Gv_8-Mle8
Qsh5-Gv_8
Yim8-Qsh5
Mb_6-Hdp3
Kuv8-Mb_6
Nbb3-Kuv8
Gmi6-Qar8
I_a6-Gmi6
Msx7-I_a6
Ahy8-Msx7
Smy9-Ahy8
Ilj2-Wm_5
Cu_9-Jcm9
Rak3-Cu_9
Su_3-Mbr4
Mqd5-Su_3
Dyh4-Mqd5
Zej4-Fbp7
Goe6-Urj8
Ytd9-Goe6
Oxn8-Ytd9
Xmm7-Vca8
Qlt0-Gg_6
Coj9-Qlt0
Xfx1-Zhg2
Hvh3-Xfx1
Jh_9-Hvh3
Xaw8-M_p9
Tkn7-Xaw8
Kgb5-Tkn7
Xhj2-Kgb5
Pdg2-Ozd0
Ncz8-Pdg2
Nxc8-Ncz8
Jjl6-Nxc8
Fwa2-Jjl6
How9-Tcn0
Iqa9-How9
Svv4-Iqa9
Mdl9-Ves3
Xd_6-Iyd7
Kqr0-B_u9
Sdk3-Kqr0
Mt_0-Fty9
Wdt0-Mca6
Ox_2-Ojz5
Tv_3-Ox_2
Tpk2-Tv_3
Qqn1-Tpk2
Jqs3-Qqn1
Shu3-Jqs3
Alv0-Shu3
Rab0-Qbi8
Ev_9-Hgk4
Tyw6-Ev_9
Yyn8-Anf1
Bjh7-Hij7
Itb7-Bjh7
P_n5-Itb7
Fx_1-P_n5
Mnw6-Fx_1
Tmm9-Mnw6
Prp3-Ncc8
Zau4-R_n7
Ben4-Pfm8
Dbb6-De_5
Jhh0-Dbb6
Vig4-F_z6
Rzt8-W_e4
Vsk6-N__0
Ewy2-Vsk6
Xd_3-Ewy2
Kkb2-Xd_3
Wih8-Fha7
Cqt8-Wih8
Jek9-Upn1
Feq6-Jek9
Fhi0-Ept0
Wo_9-Fhi0
X_i3-Prb7
Ovh6-X_i3
B_v6-Jxj9
Coo8-Tce7
Z_x7-Qfy2
Esj9-Hba8
Cpk6-Esj9
Qyu9-Cpk6
Fov4-Qyu9
Fgl5-Fov4
Kb_7-Fgl5
Uql7-Dff4
Gi_5-Ftk3
Tek3-Dtn4
V_b5-Wuy7
Rzg0-V_b5
Boo4-Xlp3
Nug6-Boo4
Pqp8-Nug6
Xrl7-Cwp7
Hsw3-Uyi8
Hed9-Hsw3
Cza8-Slw9
Oon3-S_u6
Fy_4-Oon3
Hjv6-Vsd6
Kuj6-Hjv6
Guz0-Kuj6
Xhg6-Weq0
Mdq8-Rfx1
Wa_2-Mdq8
Xm_7-Wa_2
Exo1-Jjk9
Ust4-Exo1
Hiw6-Dmu8
Blq9-Hiw6
A__0-Hfl9
Fyw9-Nyb9
Aio8-Jsg9
Rrw5-Bkg0
Asg3-Rrw5
Xaj9-Asg3
Jfs1-Xaj9
Qym0-Jfs1
Ch_6-Uw_7
Kmq8-Ch_6
Vsm0-Kmq8
Ivi4-Zt_6
Oaq0-Ivi4
Egb6-Qnq7
Joo4-Egb6
N_r3-Joo4
Jil6-N_r3
Krz2-Jil6
Ggu1-Rkz3
Znc2-Ggu1
Rak3-Znc2
Trc4-Frl7
Kfs2-Ibb8
Vok0-Cdh0
Zjd1-Vok0
Nmv0-Oke0
Jg_7-Nmv0
Uos9-Rbd8
Xfl1-Uos9
Q_o9-Xfl1
Fke8-Q_o9
Ekz6-Jlv3
Dvq6-Ekz6
Xbp0-Dvq6
Ddg8-Qhj0
Orb3-Ddg8
Zvd4-Ybs2
Eee9-Pne5
Rak3-Xtb1
Xtb1-Eee9
Pne5-H_a7
H_a7-Jtx7
Jtx7-Zvd4
Ybs2-Orb3
Qhj0-Xbp0
Jlv3-Fke8
Rbd8-Ufw9
Ufw9-Jg_7
Oke0-Mde5
Mde5-Zjd1
Cdh0-Kfs2
Ibb8-Trc4
Rkz3-Hkf8
Hkf8-Krz2
Qnq7-Iyq7
Iyq7-Oaq0
Zt_6-Vsm0
Uw_7-Qym0
Bkg0-Aio8
Jsg9-Coa6
Coa6-Fyw9
Nyb9-Ncs7
Ncs7-Afg1
Afg1-Oqw5
Oqw5-A__0
Hfl9-Blq9
Dmu8-Ust4
Jjk9-Xm_7
Rfx1-Gtj7
Gtj7-Xhg6
Weq0-Guz0
Vsd6-Fy_4
S_u6-Cza8
Slw9-I_j8
I_j8-Hed9
Uyi8-Qhn8
Qhn8-Qdj5
Qdj5-Ndq4
Ndq4-Nzg3
Nzg3-Rkn3
Rkn3-Xrl7
Cwp7-Tax6
Tax6-Pqp8
Xlp3-Bys1
Bys1-Rzg0
Wuy7-Onr0
Onr0-Tek3
Dtn4-Gi_5
Ftk3-Uql7
Dff4-Tus5
Tus5-Frl7
Rak3-Xud6
Xud6-Scb0
Scb0-Aig4
Aig4-Bqg2
Bqg2-Kb_7
Hba8-Trn0
Trn0-Ty_4
Ty_4-Z_x7
Qfy2-Coo8
Tce7-B_v6
Jxj9-Uqv8
Uqv8-Ovh6
Prb7-Rse2
Rse2-Sc_5
Sc_5-Etk8
Etk8-Ajc2
Ajc2-W_f0
W_f0-Wo_9
Ept0-H_e1
H_e1-Feq6
Upn1-Cqt8
Fha7-Wgr2
Wgr2-Vql6
Vql6-Kkb2
N__0-I_e5
I_e5-Ulk2
Ulk2-Rzt8
W_e4-Jzh2
Jzh2-Ebn2
Ebn2-Ybe8
Ybe8-Vig4
F_z6-Zpq5
Zpq5-Jhh0
De_5-Ben4
Pfm8-R_j0
R_j0-Zau4
R_n7-Prp3
Ncc8-Xjc5
Xjc5-Jmo1
Jmo1-U_t6
U_t6-Yqc7
Yqc7-Tmm9
Hij7-Yyn8
Anf1-Gdd1
Gdd1-Tyw6
Hgk4-Rab0
Qbi8-Alv0
Ojz5-Gyk3
Gyk3-Wdt0
Mca6-Frl7
Rak3-Tjn3
Tjn3-Mt_0
Fty9-Sdk3
B_u9-Xd_6
Iyd7-Nap5
Nap5-Tny5
Tny5-Nh_4
Nh_4-Mdl9
Ves3-Hmy4
Hmy4-Svv4
Tcn0-Zzu4
Zzu4-Fwa2
Ozd0-Xhj2
M_p9-Jh_9
Zhg2-Coj9
Gg_6-Pn_1
Pn_1-Xmm7
Vca8-Cnt8
Cnt8-Cw_5
Cw_5-Oxn8
Urj8-Atu4
Atu4-Jpz9
Jpz9-Zej4
Fbp7-Zns6
Zns6-Dyh4
Mbr4-Frl7
Jcm9-Ilj2
Wm_5-Ezn5
Ezn5-Pgt8
Pgt8-Smy9
Qar8-Zdf5
Zdf5-Nbb3
Hdp3-Ryi3
Ryi3-Flk7
Flk7-Scr0
Scr0-Yim8
Odg1-Uzb2
Vdp4-Xjz6
Xjz6-Tch2
Na_6-Doy7
E_i8-Fei0
Psb4-Prh8
Prh8-Wdj1
Jjf4-Skn8
Skn8-Mzz9
Mzz9-Bf_9
Bf_9-Isr2
Isr2-Tvm3
Tvm3-Jkm8
Buy5-Zme8
Zme8-Ync2
Ync2-Sfk9
Qxq8-Tbc5
Tbc5-Xgp1
Xgp1-Yrs2
Ie_1-I_e4
Bnx7-Urx0
Urx0-Qgk1
Nti3-Olw9
Olw9-Hvw8
Qia4-Qwk2
Qwk2-Vly9
Wps1-Qfv5
Kuj6-Xyz2
Qar8-Chl4
Exo1-Xpe6
Rzg0-F_g8
Ync2-Oow0
Xd_3-Fmw2
Jil6-Drr9
Aig4-Qqr4
Mqd5-Kjl2
Bf_9-Tc_5
Qdj5-Zjh0
Oxn8-Eep7
Mt_0-Xzo9
Ufw9-Igb6
#Here is the number of lines required: 31

L1-Xtb1
L1-Eee9
L1-Pne5
L1-H_a7
L1-Jtx7
L1-Zvd4
L1-Ybs2
L1-Orb3
L1-Ddg8
L1-Qhj0
L1-Xbp0
L1-Dvq6
L1-Ekz6
L1-Jlv3
L1-Fke8
L1-Q_o9
L1-Xfl1
L1-Uos9
L1-Rbd8
L1-Ufw9
L1-Jg_7
L1-Nmv0
L1-Oke0
L1-Mde5
L1-Zjd1
L1-Vok0
L1-Cdh0
L1-Kfs2
L1-Ibb8
L1-Trc4
L1-Frl7
