10
#Here is the number of lines required: 30
##start
Nlr1 1 1
##end
Eut4 4 4
Gxv5 6 6
Iey6 10 10
Ndl3 13 13
Hnx8 18 18
Gtd8 23 23
Qnt2 26 26
Gnq9 29 29
Qdu2 33 33
Rna3 36 36
Pii3 40 40
Noz3 45 45
E_v3 50 50
Ibm2 55 55
C_m9 57 57
Vbu8 60 60
Xnc1 65 65
O_v9 68 68
Sqn0 71 71
Gxw5 74 74
Hio0 79 79
Avd2 81 81
Mzz3 85 85
Xyo9 87 87
Hnl0 88 88
Kal6 93 93
Aff3 96 96
Z_m2 98 98
Al_4 102 102
Ene7 105 105
Jtc6 108 108
Rtv7 111 111
Jlr5 114 114
Yaq3 115 115
Xmr6 118 118
Yzc9 120 120
Mzc3 124 124
Efe0 126 126
Aoi2 130 130
Ugk3 134 134
Unc9 137 137
Jeu3 141 141
Poq3 144 144
S__0 147 147
Ebu2 150 150
Avt1 153 153
Bby9 155 155
Bwu1 157 157
Suo8 160 160
Mnc5 164 164
J_p1 168 168
Wqz4 171 171
Inm2 174 174
Dkj3 179 179
Ckx4 180 180
Pr_9 183 183
Sov1 186 186
Ruz8 188 188
Eax5 193 193
Twl5 198 198
Yjq5 202 202
Sy_7 205 205
Yzk1 209 209
Cbm4 212 212
Heg3 214 214
Oer3 215 215
Uao6 217 217
Nbu8 221 221
Ihy5 226 226
Cvn0 228 228
Gte8 231 231
D_y2 233 233
Ulf3 236 236
Gqx3 240 240
Ovp6 243 243
Hka2 246 246
Qfi6 249 249
T_x9 254 254
Kvn7 257 257
Wuj9 259 259
Bi_4 261 261
Caz9 263 263
Evt9 266 266
Te_0 269 269
C_h5 272 272
Uii8 275 275
Hzp9 278 278
Cxt0 281 281
Mvp7 284 284
Oel4 289 289
Qo_3 293 293
Fpc1 296 296
Kog2 297 297
Omi4 299 299
Gdh2 303 303
Nfb2 308 308
Clt8 311 311
Bfy4 315 315
Rrp3 317 317
Jtr5 321 321
Ovz9 324 324
Vis9 328 328
Gbf0 329 329
Cux0 331 331
Nzt5 332 332
Oox9 333 333
Ugh2 337 337
Mkb2 338 338
Ol_5 339 339
Omj6 342 342
Vcd7 345 345
Agh1 346 346
Xyl0 349 349
P_b3 352 352
Jyy2 356 356
Kbo9 361 361
Wrk2 365 365
Epp5 368 368
Xdi5 369 369
So_6 372 372
Hwc2 375 375
Ffr2 378 378
Pop8 381 381
Ndk9 385 385
Ymh9 388 388
Hjc5 390 390
Ic_1 395 395
Vok1 399 399
Vo_7 401 401
Dei7 405 405
Fko5 409 409
Ofd4 413 413
Cbq6 416 416
Ybm5 419 419
Nom9 421 421
Gsw6 424 424
Bvk7 426 426
Iyx6 427 427
Wcr0 431 431
Rz_7 435 435
Yaj9 438 438
Sw_5 442 442
Ae_3 447 447
Esb7 450 450
Idt1 451 451
Qcc0 455 455
Vli1 459 459
Tju1 462 462
Wzn1 464 464
Pp_5 467 467
S_f4 469 469
Zka8 472 472
Gsk8 474 474
Hsy0 476 476
Bgx5 479 479
T_n9 481 481
Kke6 484 484
Nim9 487 487
Wni4 489 489
Uwa7 492 492
Noq5 497 497
Vwg0 499 499
Mom6 502 502
Rmm8 508 508
Yvz5 513 513
Qjo5 516 516
Uhp6 521 521
Tqc5 524 524
Pen6 527 527
Inx1 528 528
Jwf5 533 533
H_r8 537 537
H_z2 539 539
Bo_3 543 543
Xqk0 546 546
P_i9 550 550
Pfb2 553 553
J__5 556 556
Srn3 560 560
Udn4 564 564
Tc_6 567 567
Wtr6 569 569
Znr0 571 571
Wpi8 574 574
Huy1 575 575
Ycs1 577 577
C_i2 579 579
Jhr0 583 583
Ipo1 587 587
Cml5 589 589
Tp_9 593 593
Fsq7 595 595
Ifz7 598 598
Yep3 600 600
Onv2 605 605
P_c7 608 608
Qnv5 611 611
Udu2 615 615
Hi_0 616 616
Qwt4 619 619
Tti0 622 622
Oxi1 624 624
Cut8 628 628
Jx_8 631 631
Wpt8 635 635
B_e6 638 638
Rbb2 640 640
Bhi8 643 643
Doo4 646 646
Sek6 648 648
R_i5 649 649
Zyo7 654 654
Yhk0 657 657
Jgj1 659 659
Faa9 663 663
Txa6 666 666
Ksk4 669 669
E_k9 671 671
Zpb3 673 673
Pt_4 674 674
Eqy6 676 676
Ykx7 679 679
Ogz1 683 683
Z_z0 688 688
Put9 691 691
Sjc1 692 692
Fxy7 695 695
Bgt9 696 696
Twj6 699 699
Kmi9 704 704
Yoh9 709 709
M_w9 714 714
Mk_9 716 716
Ivl5 721 721
Ugj8 723 723
Boa8 726 726
Tcp6 729 729
Ziw1 734 734
Bps1 738 738
Bep1 740 740
Qtm9 742 742
Wmf0 745 745
Fwa8 747 747
Qvo6 750 750
Daf3 753 753
I_p8 757 757
Ryo9 761 761
Myt5 763 763
Hid7 766 766
Jyc5 769 769
Qqn3 772 772
Tgs5 774 774
Ygz3 775 775
B_u4 779 779
Ncn3 781 781
Ira8 783 783
Yld0 788 788
H_h3 793 793
Cmd5 797 797
Wjv6 800 800
Uph5 801 801
Qun4 804 804
Ptj3 808 808
Zhw4 812 812
Qcs1 816 816
Wub2 819 819
A_s7 822 822
Vzb6 826 826
Xgn9 828 828
Ylg3 831 831
Oed9 834 834
Iux9 836 836
Afl0 841 841
Mho2 845 845
Mho4 848 848
Xnn0 853 853
Jgk3 857 857
Bsb9 860 860
Fss3 862 862
Jvm2 865 865
Dqc7 866 866
Jsw8 870 870
Qmf1 874 874
Uby9 876 876
Eea5 878 878
Crc8 881 881
Zza4 884 884
Pgk8 889 889
Slj1 891 891
Wzy9 893 893
Ftl9 894 894
Bkv9 899 899
Qyq8 902 902
Rlm4 904 904
Fik2 908 908
Con7 909 909
Coa6 910 910
Npo6 913 913
Uzb8 915 915
Hni5 919 919
Imo1 921 921
N_z9 924 924
Me_1 928 928
X_b5 929 929
Zwi1 931 931
Og_9 935 935
B_o3 939 939
Wur6 941 941
Nnb8 943 943
K_u7 946 946
Dso5 950 950
Yuo2 953 953
Xgt2 957 957
Hn_0 960 960
Cdc3 963 963
Wjo5 964 964
Jvl6 968 968
W_u8 972 972
Frd1 977 977
Vwx3 981 981
Ph_7 983 983
Nvf2 985 985
Y_o4 986 986
Fbo9 988 988
Cvr3 991 991
Ikt2 995 995
Diy0 998 998
Wlh7 1000 1000
Zvk8 1003 1003
Fs_4 1006 1006
Fln4 1009 1009
Ewj4 1013 1013
Uwp4 1016 1016
Ikw1 1019 1019
So_3 1020 1020
Bct4 1022 1022
Hwg6 1026 1026
Duk7 1030 1030
Zjn2 1033 1033
Adn4 1038 1038
Gdg4 1039 1039
Rq_7 1043 1043
Ops1 1044 1044
Onm8 1048 1048
Cwz8 1051 1051
Kka5 1054 1054
Dcy4 1057 1057
Btg0 1059 1059
Gwh0 1062 1062
Zkx4 1065 1065
Zrp3 1068 1068
B_s7 1070 1070
C_k0 1074 1074
Mow8 1077 1077
Axc9 1079 1079
Nqt8 1081 1081
S__0-Iey6
Ftl9-Hnx8
J_p1-Axc9
Yzc9-Qnt2
Ndk9-Mow8
Hn_0-B_s7
Ymh9-Qdu2
Gdg4-Zrp3
Dcy4-Zkx4
Ic_1-Rna3
Zza4-Gwh0
Rlm4-Noz3
Vis9-E_v3
Ira8-Dcy4
Ovz9-Cwz8
Ifz7-Ibm2
Aff3-Onm8
Yep3-Ops1
Ygz3-Rq_7
Eea5-O_v9
Ic_1-Sqn0
Daf3-Zjn2
J__5-Hio0
Doo4-Hwg6
Hjc5-Avd2
Udu2-Mzz3
Onv2-Xyo9
Srn3-Z_m2
Uwp4-Eut4
Fs_4-Fln4
Cvr3-Ene7
Y_o4-Fbo9
Vwx3-Ph_7
Jvl6-W_u8
Wjo5-Jvl6
Jlr5-Cdc3
Hn_0-Jlr5
Yaq3-Xgt2
Xmr6-Yaq3
Yuo2-Xmr6
K_u7-Dso5
Nnb8-K_u7
Efe0-Nnb8
Unc9-Ugk3
Jeu3-Unc9
B_o3-Wur6
Og_9-B_o3
Poq3-X_b5
Ebu2-S__0
Avt1-Ebu2
Imo1-N_z9
Bby9-Imo1
Bwu1-Hni5
Suo8-Bwu1
Uzb8-Suo8
Npo6-Mnc5
Coa6-Npo6
J_p1-Fik2
Inm2-Wqz4
Rlm4-Inm2
Bkv9-Qyq8
Dkj3-Wzy9
Ckx4-Dkj3
Slj1-Ckx4
Pr_9-Slj1
Sov1-Zza4
Qmf1-Uby9
Eax5-Qmf1
Jsw8-Twl5
Yjq5-Jsw8
Sy_7-Yjq5
Dqc7-Yzk1
Cbm4-Dqc7
Bsb9-Fss3
Heg3-Jgk3
Xnn0-Eut4
Afl0-Mho2
Oer3-Afl0
Iux9-Oer3
Uao6-Iux9
Nbu8-Uao6
Oed9-Nbu8
Xgn9-Ylg3
Ihy5-Xgn9
Cvn0-A_s7
Gte8-Cvn0
Qcs1-Wub2
Ulf3-Qcs1
Ptj3-Zhw4
Qun4-Ptj3
Gqx3-Qun4
Ovp6-Gqx3
Cmd5-Wjv6
Caz9-Yld0
Ira8-Caz9
Ygz3-B_u4
Qqn3-Evt9
Jyc5-Te_0
Hid7-Jyc5
C_h5-Hid7
Myt5-C_h5
Uii8-Myt5
I_p8-Ryo9
Hzp9-Qvo6
Fwa8-Hzp9
Cxt0-Fwa8
Wmf0-Mvp7
Bps1-Bep1
Kog2-Bps1
Omi4-Kog2
Gdh2-Omi4
Mom6-Eut4
Nfb2-Mom6
Bfy4-Tcp6
Ugj8-Boa8
Ivl5-Ugj8
M_w9-Mk_9
Jtr5-M_w9
Ovz9-Jtr5
Vis9-Ovz9
Yoh9-Vis9
Bgt9-Twj6
Ogz1-Gbf0
Nzt5-Eut4
Ykx7-Nzt5
Eqy6-Ykx7
Pt_4-Eqy6
Ksk4-Ugh2
Mkb2-Ksk4
Ol_5-Txa6
Faa9-Omj6
Yhk0-Jgj1
Zyo7-Yhk0
Doo4-Xyl0
Jyy2-Wpt8
Kbo9-Jyy2
Wrk2-Kbo9
Epp5-Cut8
Xdi5-Epp5
So_6-Oxi1
Tti0-Hwc2
Qwt4-Tti0
Ffr2-Qwt4
Pop8-Udu2
Qnv5-Pop8
P_c7-Qnv5
Ndk9-P_c7
Onv2-Ic_1
Vok1-Yep3
Vo_7-Vok1
Dei7-Vo_7
Cbq6-Fsq7
Ybm5-Cbq6
Cml5-Tp_9
Bvk7-Gsw6
Rz_7-Wcr0
Yaj9-Rz_7
Ycs1-Yaj9
Sw_5-Ycs1
Znr0-Idt1
Qcc0-Znr0
Udn4-Tc_6
Tju1-Srn3
J__5-Tju1
Wzn1-J__5
Pfb2-Wzn1
Xqk0-P_i9
Pp_5-Xqk0
H_z2-Bo_3
S_f4-H_z2
Gsk8-Zka8
Hsy0-Gsk8
Jwf5-Hsy0
Inx1-Jwf5
Bgx5-Inx1
Pen6-T_n9
Qjo5-Kke6
Uwa7-Wni4
Noq5-Yvz5
Vwg0-Noq5
Rmm8-Vwg0
Nlr1-Rmm8
Yvz5-Uwa7
Wni4-Nim9
Nim9-Qjo5
Kke6-Uhp6
Uhp6-Tqc5
Tqc5-Pen6
T_n9-Bgx5
Zka8-H_r8
H_r8-S_f4
Bo_3-Pp_5
P_i9-Eut4
Nlr1-Pfb2
Srn3-Udn4
Tc_6-Vli1
Vli1-Wtr6
Wtr6-Qcc0
Idt1-Esb7
Esb7-Wpi8
Wpi8-Huy1
Huy1-Ae_3
Ae_3-Sw_5
Wcr0-C_i2
C_i2-Iyx6
Iyx6-Bvk7
Gsw6-Jhr0
Jhr0-Ipo1
Ipo1-Cml5
Tp_9-Eut4
Nlr1-Nom9
Nom9-Ybm5
Fsq7-Ifz7
Ifz7-Ofd4
Ofd4-Fko5
Fko5-Dei7
Yep3-Onv2
Ic_1-Hjc5
Hjc5-Ymh9
Ymh9-Ndk9
Udu2-Hi_0
Hi_0-Ffr2
Hwc2-So_6
Oxi1-Eut4
Nlr1-Xdi5
Cut8-Jx_8
Jx_8-Wrk2
Wpt8-B_e6
B_e6-Rbb2
Rbb2-Bhi8
Bhi8-P_b3
P_b3-Doo4
Xyl0-Agh1
Agh1-Vcd7
Vcd7-Sek6
Sek6-R_i5
R_i5-Zyo7
Jgj1-Faa9
Omj6-Ol_5
Txa6-Mkb2
Ugh2-E_k9
E_k9-Oox9
Oox9-Zpb3
Zpb3-Pt_4
Nlr1-Cux0
Cux0-Ogz1
Gbf0-Z_z0
Z_z0-Put9
Put9-Sjc1
Sjc1-Fxy7
Fxy7-Bgt9
Twj6-Kmi9
Kmi9-Yoh9
Mk_9-Ivl5
Boa8-Rrp3
Rrp3-Bfy4
Tcp6-Clt8
Clt8-Ziw1
Ziw1-Nfb2
Nlr1-Gdh2
Bep1-Qtm9
Qtm9-Fpc1
Fpc1-Qo_3
Qo_3-Oel4
Oel4-Wmf0
Mvp7-Cxt0
Qvo6-Daf3
Daf3-I_p8
Ryo9-Uii8
Te_0-Qqn3
Evt9-Tgs5
Tgs5-Ygz3
B_u4-Ncn3
Ncn3-Ira8
Yld0-Bi_4
Bi_4-H_h3
H_h3-Eut4
Nlr1-Wuj9
Wuj9-Kvn7
Kvn7-Cmd5
Wjv6-Uph5
Uph5-T_x9
T_x9-Qfi6
Qfi6-Hka2
Hka2-Ovp6
Zhw4-Ulf3
Wub2-D_y2
D_y2-Gte8
A_s7-Vzb6
Vzb6-Ihy5
Ylg3-Oed9
Mho2-Mho4
Mho4-Xnn0
Nlr1-Heg3
Jgk3-Bsb9
Fss3-Jvm2
Jvm2-Cbm4
Yzk1-Sy_7
Twl5-Eax5
Uby9-Eea5
Eea5-Crc8
Crc8-Ruz8
Ruz8-Sov1
Zza4-Pgk8
Pgk8-Pr_9
Wzy9-Ftl9
Ftl9-Bkv9
Qyq8-Rlm4
Wqz4-J_p1
Fik2-Con7
Con7-Coa6
Mnc5-Uzb8
Hni5-Bby9
N_z9-Avt1
S__0-Me_1
Me_1-Poq3
X_b5-Zwi1
Zwi1-Og_9
Wur6-Jeu3
Ugk3-Aoi2
Aoi2-Efe0
Dso5-Mzc3
Mzc3-Yzc9
Yzc9-Yuo2
Xgt2-Hn_0
Cdc3-Wjo5
W_u8-Frd1
Frd1-Rtv7
Rtv7-Jtc6
Jtc6-Vwx3
Ph_7-Nvf2
Nvf2-Y_o4
Fbo9-Cvr3
Ene7-Ikt2
Ikt2-Diy0
Diy0-Wlh7
Wlh7-Al_4
Al_4-Zvk8
Zvk8-Fs_4
Fln4-Ewj4
Ewj4-Uwp4
Qnv5-Ikw1
Jyc5-Aff3
Wrk2-Kal6
Hzp9-Hnl0
Pp_5-So_3
H_r8-Bct4
Rlm4-Duk7
Ofd4-Gxw5
Ugk3-Adn4
Twl5-Gdg4
Pop8-Xnc1
Z_m2-Vbu8
Hn_0-C_m9
Sjc1-Kka5
Qfi6-Btg0
Yaj9-Pii3
Bhi8-Gnq9
O_v9-C_k0
Ivl5-Nqt8
Qdu2-Gtd8
J_p1-Ndl3
Heg3-Gxv5
#Here is the number of lines required: 30

L1-Nom9 L2-Rmm8 L3-Cux0
L1-Ybm5 L4-Nom9 L2-Vwg0 L5-Rmm8 L3-Ogz1 L6-Cux0
L1-Cbq6 L4-Ybm5 L7-Nom9 L2-Noq5 L5-Vwg0 L8-Rmm8 L3-Gbf0 L6-Ogz1 L9-Cux0
L1-Fsq7 L4-Cbq6 L7-Ybm5 L2-Yvz5 L5-Noq5 L8-Vwg0 L3-Z_z0 L6-Gbf0 L9-Ogz1 L10-Cux0
L1-Ifz7 L4-Fsq7 L7-Cbq6 L2-Uwa7 L5-Yvz5 L8-Noq5 L3-Put9 L6-Z_z0 L9-Gbf0 L10-Ogz1
L1-Ofd4 L4-Ifz7 L7-Fsq7 L2-Wni4 L5-Uwa7 L8-Yvz5 L3-Sjc1 L6-Put9 L9-Z_z0 L10-Gbf0
L1-Fko5 L4-Ofd4 L7-Ifz7 L2-Nim9 L5-Wni4 L8-Uwa7 L3-Fxy7 L6-Sjc1 L9-Put9 L10-Z_z0
L1-Dei7 L4-Fko5 L7-Ofd4 L2-Qjo5 L5-Nim9 L8-Wni4 L3-Bgt9 L6-Fxy7 L9-Sjc1 L10-Put9
L1-Vo_7 L4-Dei7 L7-Fko5 L2-Kke6 L5-Qjo5 L8-Nim9 L3-Twj6 L6-Bgt9 L9-Fxy7 L10-Sjc1
L1-Vok1 L4-Vo_7 L7-Dei7 L2-Uhp6 L5-Kke6 L8-Qjo5 L3-Kmi9 L6-Twj6 L9-Bgt9 L10-Fxy7
L1-Yep3 L4-Vok1 L7-Vo_7 L2-Tqc5 L5-Uhp6 L8-Kke6 L3-Yoh9 L6-Kmi9 L9-Twj6 L10-Bgt9
L1-Onv2 L4-Yep3 L7-Vok1 L2-Pen6 L5-Tqc5 L8-Uhp6 L3-Vis9 L6-Yoh9 L9-Kmi9 L10-Twj6
L1-Ic_1 L4-Onv2 L7-Yep3 L2-T_n9 L5-Pen6 L8-Tqc5 L3-Ovz9 L6-Vis9 L9-Yoh9 L10-Kmi9
L1-Hjc5 L4-Ic_1 L7-Onv2 L2-Bgx5 L5-T_n9 L8-Pen6 L3-Jtr5 L6-Ovz9 L9-Vis9 L10-Yoh9
L1-Ymh9 L4-Hjc5 L7-Ic_1 L2-Inx1 L5-Bgx5 L8-T_n9 L3-M_w9 L6-Jtr5 L9-Ovz9 L10-Vis9
L1-Ndk9 L4-Ymh9 L7-Hjc5 L2-Jwf5 L5-Inx1 L8-Bgx5 L3-Mk_9 L6-M_w9 L9-Jtr5 L10-Ovz9
L1-P_c7 L4-Ndk9 L7-Ymh9 L2-Hsy0 L5-Jwf5 L8-Inx1 L3-Ivl5 L6-Mk_9 L9-M_w9 L10-Jtr5
L1-Qnv5 L4-P_c7 L7-Ndk9 L2-Gsk8 L5-Hsy0 L8-Jwf5 L3-Ugj8 L6-Ivl5 L9-Mk_9 L10-M_w9
L1-Pop8 L4-Qnv5 L7-P_c7 L2-Zka8 L5-Gsk8 L8-Hsy0 L3-Boa8 L6-Ugj8 L9-Ivl5 L10-Mk_9
L1-Udu2 L4-Pop8 L7-Qnv5 L2-H_r8 L5-Zka8 L8-Gsk8 L3-Rrp3 L6-Boa8 L9-Ugj8 L10-Ivl5
L1-Hi_0 L4-Udu2 L7-Pop8 L2-S_f4 L5-H_r8 L8-Zka8 L3-Bfy4 L6-Rrp3 L9-Boa8 L10-Ugj8
L1-Ffr2 L4-Hi_0 L7-Udu2 L2-H_z2 L5-S_f4 L8-H_r8 L3-Tcp6 L6-Bfy4 L9-Rrp3 L10-Boa8
L1-Qwt4 L4-Ffr2 L7-Hi_0 L2-Bo_3 L5-H_z2 L8-S_f4 L3-Clt8 L6-Tcp6 L9-Bfy4 L10-Rrp3
L1-Tti0 L4-Qwt4 L7-Ffr2 L2-Pp_5 L5-Bo_3 L8-H_z2 L3-Ziw1 L6-Clt8 L9-Tcp6 L10-Bfy4
L1-Hwc2 L4-Tti0 L7-Qwt4 L2-Xqk0 L5-Pp_5 L8-Bo_3 L3-Nfb2 L6-Ziw1 L9-Clt8 L10-Tcp6
L1-So_6 L4-Hwc2 L7-Tti0 L2-P_i9 L5-Xqk0 L8-Pp_5 L3-Mom6 L6-Nfb2 L9-Ziw1 L10-Clt8
L1-Oxi1 L4-So_6 L7-Hwc2 L2-Eut4 L5-P_i9 L8-Xqk0 L3-Eut4 L6-Mom6 L9-Nfb2 L10-Ziw1
L1-Eut4 L4-Oxi1 L7-So_6 L5-Eut4 L8-P_i9 L6-Eut4 L9-Mom6 L10-Nfb2
L4-Eut4 L7-Oxi1 L8-Eut4 L9-Eut4 L10-Mom6
L7-Eut4 L10-Eut4
