108
#Here is the number of lines required: 30
##start
Gzq1 3 3
##end
Qau3 6 6
Zdy5 9 9
Alb2 13 13
Szm1 18 18
Sqs1 19 19
S_o1 21 21
Fto1 24 24
Zdt7 28 28
Dwz3 30 30
Rzo0 31 31
Uxb8 36 36
Aqy0 37 37
Jto0 41 41
Bsx3 42 42
Kwt2 45 45
Ccx2 48 48
Tuy6 52 52
Usd5 53 53
Rh_9 56 56
Auf6 58 58
Yqa4 62 62
Ppx9 65 65
Prh8 70 70
F_b4 73 73
Cd_1 76 76
Fdb3 79 79
Ayv7 84 84
Xyj9 87 87
H_w0 90 90
Xuw5 93 93
Csx7 96 96
Tml1 99 99
Bii6 102 102
Zap5 107 107
Ygn1 109 109
Dao2 112 112
Fr_5 115 115
Oju5 116 116
Efw2 119 119
Ine4 123 123
Ofv0 127 127
Xkq4 131 131
Vtl9 135 135
Sx_8 140 140
Kky2 143 143
Yin9 144 144
Stg7 145 145
F_x7 148 148
Vrx1 151 151
Xlb2 155 155
Ish2 157 157
Pbw5 160 160
Uxe8 161 161
Ghd8 163 163
Foy3 166 166
M_u4 169 169
Osv9 173 173
Vjw1 175 175
Qcl2 180 180
Goa1 182 182
Jyx3 185 185
Rpe6 188 188
Xmj4 190 190
Knm2 194 194
Tjs8 198 198
Dzl5 202 202
Hii5 205 205
Fhb0 209 209
Cge1 212 212
Ij_6 215 215
T_y0 220 220
J_x5 223 223
B_p6 224 224
Nru3 227 227
Ftk8 232 232
Uzb2 234 234
Hgu4 238 238
Rho8 243 243
Avc8 244 244
Pyy3 247 247
Rer7 250 250
Gmb0 252 252
Asi3 255 255
Gsu8 260 260
Zby6 262 262
Ikw5 265 265
Tta4 269 269
Aju3 273 273
Wba3 274 274
Xex3 278 278
Tgl7 280 280
Ugq4 284 284
Nqv9 287 287
Wtn3 290 290
Gje1 291 291
Jvr8 293 293
Bqc5 297 297
Tbn1 299 299
Clv2 300 300
Eir6 303 303
Iz_9 307 307
Jlr5 310 310
Bxm6 314 314
W_q0 316 316
Nn_7 319 319
Cix3 323 323
Nkd1 326 326
Xgk8 330 330
Pis1 334 334
Ukt4 338 338
Ri_2 340 340
Spj0 342 342
Ztt1 345 345
Ajj3 349 349
Enm3 352 352
Guo9 356 356
Jfe4 357 357
Awc4 361 361
Y_w6 364 364
E_y3 368 368
Mdz1 371 371
Cyh8 372 372
Owb8 376 376
Pij5 380 380
Iu_8 383 383
Xka8 386 386
Qyi9 391 391
Tum5 393 393
Bgn2 397 397
Mb_9 401 401
Piv3 404 404
Nys4 408 408
Agj5 411 411
Poi5 415 415
X_i4 420 420
Jmm7 423 423
Gms1 428 428
Unk7 431 431
Yyg6 433 433
Khh0 435 435
Vp_0 437 437
Pft9 438 438
H_p9 440 440
Ius2 444 444
Cgw5 445 445
Mjq4 448 448
C_e5 451 451
Yiy1 454 454
C_k1 458 458
Eau2 461 461
Eby0 462 462
Sa_0 464 464
Wup6 466 466
Uhe4 469 469
Epb4 471 471
Eqe6 474 474
Ibk3 477 477
Mcc1 480 480
C_k8 484 484
Ngs5 485 485
Vhp0 487 487
Ylc9 491 491
Hbp5 494 494
Kn_7 498 498
Dlv1 502 502
Fum7 505 505
Wbs8 510 510
Umm9 512 512
Ybm8 516 516
Gtr8 517 517
Isx4 520 520
Bx_7 523 523
G_w9 527 527
Uk_3 528 528
Jr_6 532 532
Eun5 537 537
Isb7 542 542
W_h1 543 543
Bhv7 548 548
Is_8 551 551
Ncu6 552 552
Xap9 555 555
Jbp3 558 558
Oxp9 561 561
Elt2 564 564
Dsh2 567 567
Ydo5 571 571
Gbb3 572 572
Rtt6 576 576
Oze2 578 578
Asj3 580 580
Qoa5 583 583
U_l8 587 587
Msu8 588 588
Cw_6 591 591
Axv9 592 592
I_o0 594 594
Wcp7 596 596
P_p8 599 599
Bfx8 602 602
Tbi9 605 605
Dvi6 610 610
Iad0 613 613
Xl_5 615 615
Rpz2 618 618
Rt_5 620 620
Ebp7 623 623
Nrr7 627 627
Y_x5 630 630
Upv1 631 631
Cq_8 634 634
Zad7 638 638
Gdz4 639 639
Xib7 642 642
Cfm5 645 645
Thg0 647 647
Obv5 650 650
Fyp2 654 654
Cxg9 657 657
W_k8 661 661
Kcc2 666 666
Cyj7 669 669
Rce6 672 672
Xoj6 673 673
Hz_2 675 675
Mw_6 679 679
Pqm5 682 682
Xnp7 686 686
Nbr8 690 690
Jpr8 692 692
Tms6 694 694
Enx7 699 699
Pah4 703 703
Cje1 705 705
Kxy1 709 709
Ksi2 710 710
Xay6 713 713
Dcq9 717 717
Gnq1 718 718
G_s0 719 719
Ajj1 721 721
Ujf5 725 725
Vru0 728 728
Tga0 732 732
Svk8 737 737
Y_d7 738 738
T_d4 743 743
Aut3 744 744
Kax6 747 747
Qcf4 752 752
Mai1 756 756
Wb_3 760 760
Ads3 763 763
Dje2 766 766
O_e5 769 769
Xrb2 771 771
U_t0 772 772
Ekc1 777 777
Tbr5 780 780
Vbf5 783 783
Fse4 788 788
Y_o0 790 790
Tki3 793 793
Wo_9 797 797
Ksf7 799 799
Ooz0 800 800
Bhe5 801 801
Iiv6 806 806
Tvb5 809 809
Uqc5 810 810
Fxf6 813 813
Tqa1 817 817
Krs9 820 820
Kce8 823 823
Dh_6 827 827
Tgm5 831 831
Yb_0 834 834
Hee2 837 837
Mgx8 838 838
Wds6 842 842
Ahj2 847 847
Wye3 851 851
Dnp6 854 854
Bvl0 856 856
Fbv0 859 859
Kh_4 862 862
Dvh0 867 867
Ory5 868 868
Kow6 869 869
V_z5 872 872
Quq3 876 876
Hyu6 881 881
Nms6 883 883
Hjp8 886 886
Zge9 889 889
Hcg9 893 893
Weo8 895 895
G_m6 897 897
Ral7 901 901
Yii2 905 905
Rih0 909 909
Fih8 912 912
Rrf9 915 915
Qn_1 919 919
Byc4 923 923
Jz_7 925 925
Vix9 929 929
G_c4 932 932
Yql4 936 936
Dxz6 938 938
Msz8 942 942
Dcq8 944 944
Yjv0 948 948
Dk_5 953 953
Rtn9 956 956
Vgh2 959 959
Vpz0 964 964
Ah_2 965 965
Cwp9 970 970
New4 974 974
T_j8 976 976
B_v6 980 980
P_c1 981 981
Ddu5 986 986
Zfx7 989 989
Uba2 991 991
Xrq7 995 995
Uvr1 997 997
Nev3 1001 1001
Fc_0 1004 1004
Rda0 1007 1007
Rjd9 1009 1009
Wyo4 1011 1011
F_c0 1014 1014
Ac_1 1019 1019
Wlv6 1021 1021
Ahe7 1025 1025
Vs_8 1029 1029
Dtk0 1031 1031
Zzl6 1033 1033
Vfm7 1036 1036
Tqc6 1040 1040
Qpb8 1041 1041
Ggj4 1043 1043
Rnn6 1048 1048
Wdb8 1052 1052
Gxh6 1054 1054
Xxr6 1059 1059
Iut4 1062 1062
Eto3 1066 1066
Wih5 1069 1069
Viv9 1071 1071
Pkg5 1074 1074
Hy_5 1075 1075
O_g9 1079 1079
Opk1 1081 1081
Vew1 1082 1082
So_9 1086 1086
Ujq5 1090 1090
O_q8 1094 1094
Ryu6 1096 1096
Qvl7 1098 1098
O_k8 1099 1099
Dy_8 1102 1102
Rdu8 1105 1105
Pgr1 1106 1106
Pyf0 1108 1108
Qql6 1110 1110
Knk1 1115 1115
Pzl8 1117 1117
Qjb1 1119 1119
Xbk1 1124 1124
Ywh7 1127 1127
Pkf3 1130 1130
Cyk2 1131 1131
Int6 1135 1135
Jrc9 1137 1137
Tlw4 1142 1142
Aty4 1145 1145
Oem3 1147 1147
Qv_2 1150 1150
Bks7 1152 1152
Iej1 1155 1155
Oh_6 1159 1159
Ygq7 1161 1161
Zqh8 1164 1164
Taq0 1167 1167
Qyb1 1170 1170
Tus1 1174 1174
Az_0 1178 1178
Oqn8 1181 1181
Qqj8 1185 1185
Bsf6 1188 1188
Mks1 1192 1192
Waf0 1196 1196
Ycn2 1199 1199
Upt8 1202 1202
Ixw0 1207 1207
Tdj7 1210 1210
Vbp3 1212 1212
Gqf5 1216 1216
Mf_9 1221 1221
Rvs7 1223 1223
Dz_4 1228 1228
H__9 1231 1231
Icy6 1232 1232
Dbo5 1234 1234
Zmm4 1236 1236
Riz1 1237 1237
Gtq2 1238 1238
Wot4 1242 1242
Uui5 1246 1246
Szz5 1248 1248
Zww7 1250 1250
Ml_2 1254 1254
Vv_4 1257 1257
Cee7 1260 1260
Zoo1 1263 1263
Rtb0 1265 1265
I_s3 1270 1270
Mth4 1273 1273
Kis1 1276 1276
Pnc8 1280 1280
Mit8 1283 1283
Oqb5 1286 1286
Oif2 1290 1290
A_o1 1292 1292
Ofk1 1297 1297
Qco0 1299 1299
Fv_1 1300 1300
Ked8 1302 1302
Kkf5 1303 1303
Tzl1 1304 1304
Rfl1 1308 1308
V_l0 1311 1311
Moi6 1315 1315
Iuw5 1317 1317
Foz9 1322 1322
Jzf6 1325 1325
Rzi8 1328 1328
Tqa1-Rzi8
Yyg6-Jzf6
Nms6-Alb2
Waf0-Iuw5
Xex3-Szm1
Ycn2-Moi6
Rdu8-Rfl1
G_c4-Tzl1
Pyy3-Kkf5
Elt2-Fv_1
Ish2-Qco0
Rrf9-Oif2
Taq0-Aqy0
Fih8-Bsx3
Mb_9-Oqb5
Pgr1-Mit8
Gdz4-Usd5
Enm3-Auf6
O_e5-Yqa4
Pnc8-Ppx9
Kis1-Pnc8
Prh8-Kis1
Mth4-Prh8
Rtb0-Cd_1
Fdb3-Rtb0
Ayv7-Zoo1
Vv_4-Cee7
Xuw5-H_w0
Csx7-Xuw5
Ml_2-Tml1
Bii6-Ml_2
Szz5-Zww7
Uui5-Szz5
Gtq2-Wot4
Zmm4-Riz1
Ygn1-Zmm4
Fr_5-Dao2
Dz_4-Fr_5
Oju5-Dz_4
Ofv0-Ine4
Gzq1-Kky2
Stg7-Yin9
F_x7-Stg7
Xlb2-Vrx1
Gqf5-Ish2
Vbp3-Gqf5
Ycn2-Upt8
Waf0-Ycn2
Uxe8-Waf0
Oqn8-Qqj8
M_u4-Tus1
Osv9-M_u4
Taq0-Qcl2
Goa1-Taq0
Zqh8-Goa1
Rpe6-Jyx3
Knm2-Ygq7
Gzq1-Oh_6
Tjs8-Qau3
Dzl5-Tjs8
Iej1-Dzl5
Ij_6-Oem3
Aty4-Ij_6
J_x5-Tlw4
B_p6-J_x5
Nru3-Jrc9
Int6-Ftk8
Uzb2-Int6
Ywh7-Pkf3
Rho8-Xbk1
Avc8-Rho8
Pzl8-Qjb1
Pgr1-Asi3
Dy_8-Rdu8
Gzq1-O_k8
Zby6-Gsu8
Ikw5-Zby6
Qvl7-Ikw5
Ryu6-Qvl7
Ujq5-O_q8
Tta4-Ujq5
Aju3-Tta4
So_9-Aju3
Vew1-So_9
Wba3-Opk1
Xex3-Wba3
Tgl7-Xex3
Nqv9-Ugq4
Wtn3-Nqv9
Jvr8-Gje1
Hy_5-Bqc5
Eir6-Clv2
Iz_9-Eir6
Jlr5-Iz_9
W_q0-Viv9
Wih5-W_q0
Eto3-Wih5
Nkd1-Qau3
Pis1-Xgk8
Ukt4-Pis1
Ri_2-Wdb8
Spj0-Ri_2
Rnn6-Spj0
Ztt1-Ggj4
Qpb8-Ajj3
Enm3-Vfm7
Vs_8-Jfe4
Ac_1-Wlv6
Awc4-Ac_1
E_y3-Y_w6
Wyo4-E_y3
Mdz1-Wyo4
Owb8-Cyh8
Rjd9-Owb8
Rda0-Rjd9
Pij5-Fc_0
Nev3-Pij5
Iu_8-Nev3
Uvr1-Qyi9
Bgn2-Tum5
Mb_9-Bgn2
Piv3-Mb_9
Xrq7-Piv3
Nys4-Xrq7
Uba2-Nys4
Agj5-Zfx7
Poi5-Ddu5
X_i4-Qau3
B_v6-X_i4
Jmm7-B_v6
Vp_0-Khh0
Yjv0-Dk_5
Msz8-Dcq8
Dxz6-Ius2
Mjq4-Qau3
G_c4-Yql4
Vix9-G_c4
Jz_7-Yiy1
C_k1-Byc4
Fih8-Rrf9
Rih0-Fih8
Sa_0-Eby0
Yii2-Sa_0
Epb4-Uhe4
Eqe6-Ral7
G_m6-Eqe6
Weo8-G_m6
Hcg9-Mcc1
Quq3-Ngs5
Ory5-Kow6
Dnp6-Bvl0
Wye3-Dnp6
Hbp5-Wye3
Dlv1-Ahj2
Mgx8-Wds6
Tgm5-Qau3
Dh_6-Tgm5
Kce8-Dh_6
Krs9-Umm9
Fxf6-Tqa1
Gtr8-Ybm8
Uqc5-Gtr8
Iiv6-Tvb5
Isx4-Iiv6
Bhe5-Uk_3
Jr_6-Bhe5
Eun5-Ooz0
Gzq1-Ksf7
Y_o0-Isb7
Fse4-Y_o0
Bhv7-Vbf5
Ekc1-Tbr5
O_e5-Xrb2
Elt2-Oxp9
Dsh2-Elt2
Dje2-Dsh2
Ydo5-Wb_3
Mai1-Ydo5
Kax6-Gbb3
Aut3-Kax6
Gzq1-Aut3
Rtt6-Qau3
T_d4-Rtt6
Svk8-Oze2
Tga0-Svk8
Qoa5-Vru0
U_l8-Qoa5
I_o0-Axv9
Wcp7-I_o0
Gnq1-P_p8
Gzq1-Gnq1
Xay6-Tbi9
Dvi6-Xay6
Xl_5-Iad0
Ksi2-Xl_5
Upv1-Y_x5
Enx7-Pah4
Cq_8-Enx7
Zad7-Cq_8
Gzq1-Zad7
Gdz4-Tms6
Nbr8-Xib7
Pqm5-Xnp7
Obv5-Xoj6
Rce6-Obv5
Kcc2-Cyj7
Fyp2-Kcc2
Cxg9-Fyp2
Gzq1-Cxg9
Cyj7-Rce6
Xoj6-Hz_2
Hz_2-Thg0
Thg0-Mw_6
Mw_6-Cfm5
Cfm5-Pqm5
Xnp7-Nbr8
Xib7-Jpr8
Jpr8-Gdz4
Tms6-Qau3
Pah4-Upv1
Y_x5-Cje1
Cje1-Nrr7
Nrr7-Kxy1
Kxy1-Ebp7
Ebp7-Rt_5
Rt_5-Rpz2
Rpz2-Ksi2
Iad0-Dvi6
Tbi9-Dcq9
Dcq9-Bfx8
Bfx8-Qau3
P_p8-G_s0
G_s0-Ajj1
Ajj1-Wcp7
Axv9-Cw_6
Cw_6-Msu8
Msu8-Ujf5
Ujf5-U_l8
Vru0-Asj3
Asj3-Tga0
Oze2-Y_d7
Y_d7-T_d4
Gbb3-Qcf4
Qcf4-Mai1
Wb_3-Ads3
Ads3-Dje2
Oxp9-Jbp3
Jbp3-O_e5
Xrb2-Qau3
Gzq1-Xap9
Xap9-U_t0
U_t0-Ncu6
Ncu6-Is_8
Is_8-Ekc1
Tbr5-Bhv7
Vbf5-W_h1
W_h1-Fse4
Isb7-Tki3
Tki3-Wo_9
Wo_9-W_k8
W_k8-Qau3
Ksf7-Eun5
Ooz0-Jr_6
Uk_3-G_w9
G_w9-Bx_7
Bx_7-Isx4
Tvb5-Uqc5
Ybm8-Fxf6
Tqa1-Krs9
Umm9-Kce8
Gzq1-Yb_0
Yb_0-Hee2
Hee2-Wbs8
Wbs8-Mgx8
Wds6-Fum7
Fum7-Dlv1
Ahj2-Kn_7
Kn_7-Hbp5
Bvl0-Ylc9
Ylc9-Fbv0
Fbv0-Vhp0
Vhp0-Kh_4
Kh_4-Dvh0
Dvh0-Ory5
Kow6-Qau3
Gzq1-V_z5
V_z5-Quq3
Ngs5-Hyu6
Hyu6-Nms6
Nms6-C_k8
C_k8-Hjp8
Hjp8-Zge9
Zge9-Hcg9
Mcc1-Ibk3
Ibk3-Weo8
Ral7-Epb4
Uhe4-Wup6
Wup6-Qau3
Gzq1-Yii2
Eby0-Rih0
Rrf9-Eau2
Eau2-Qn_1
Qn_1-C_k1
Byc4-Jz_7
Yiy1-C_e5
C_e5-Vix9
Yql4-Mjq4
Gzq1-Cgw5
Cgw5-Dxz6
Ius2-Msz8
Dcq8-H_p9
H_p9-Pft9
Pft9-Yjv0
Dk_5-Rtn9
Rtn9-Vgh2
Vgh2-Vpz0
Vpz0-Vp_0
Khh0-Yyg6
Yyg6-Unk7
Unk7-Ah_2
Ah_2-Gms1
Gms1-Cwp9
Cwp9-New4
New4-T_j8
T_j8-Jmm7
Gzq1-P_c1
P_c1-Poi5
Ddu5-Agj5
Zfx7-Uba2
Tum5-Uvr1
Qyi9-Xka8
Xka8-Iu_8
Fc_0-Rda0
Cyh8-Mdz1
Y_w6-F_c0
F_c0-Awc4
Wlv6-Ahe7
Ahe7-Vs_8
Jfe4-Guo9
Guo9-Dtk0
Dtk0-Zzl6
Zzl6-Enm3
Vfm7-Tqc6
Tqc6-Qpb8
Ajj3-Ztt1
Ggj4-Rnn6
Wdb8-Gxh6
Gxh6-Ukt4
Xgk8-Nkd1
Gzq1-Xxr6
Xxr6-Cix3
Cix3-Iut4
Iut4-Nn_7
Nn_7-Eto3
Viv9-Bxm6
Bxm6-Jlr5
Clv2-Pkg5
Pkg5-Tbn1
Tbn1-Hy_5
Bqc5-Jvr8
Gje1-O_g9
O_g9-Wtn3
Ugq4-Tgl7
Opk1-Vew1
O_q8-Ryu6
Gsu8-Qau3
O_k8-Dy_8
Rdu8-Pgr1
Asi3-Gmb0
Gmb0-Pyf0
Pyf0-Qql6
Qql6-Rer7
Rer7-Pyy3
Pyy3-Knk1
Knk1-Pzl8
Qjb1-Avc8
Xbk1-Ywh7
Pkf3-Hgu4
Hgu4-Cyk2
Cyk2-Uzb2
Ftk8-Nru3
Jrc9-B_p6
Tlw4-T_y0
T_y0-Aty4
Oem3-Cge1
Cge1-Qv_2
Qv_2-Bks7
Bks7-Fhb0
Fhb0-Hii5
Hii5-Iej1
Oh_6-Knm2
Ygq7-Xmj4
Xmj4-Rpe6
Jyx3-Zqh8
Qcl2-Vjw1
Vjw1-Qyb1
Qyb1-Osv9
Tus1-Az_0
Az_0-Oqn8
Qqj8-Bsf6
Bsf6-Foy3
Foy3-Mks1
Mks1-Ghd8
Ghd8-Uxe8
Upt8-Ixw0
Ixw0-Tdj7
Tdj7-Pbw5
Pbw5-Vbp3
Ish2-Xlb2
Vrx1-Mf_9
Mf_9-Rvs7
Rvs7-F_x7
Yin9-Qau3
Kky2-Sx_8
Sx_8-Vtl9
Vtl9-Xkq4
Xkq4-Ofv0
Ine4-Efw2
Efw2-Oju5
Dao2-H__9
H__9-Icy6
Icy6-Dbo5
Dbo5-Ygn1
Riz1-Gtq2
Wot4-Uui5
Zww7-Zap5
Zap5-Bii6
Tml1-Csx7
H_w0-Xyj9
Xyj9-Vv_4
Cee7-Ayv7
Zoo1-Fdb3
Cd_1-F_b4
F_b4-I_s3
I_s3-Mth4
Ppx9-Qau3
Khh0-Rh_9
Ooz0-Tuy6
Fum7-Ccx2
Rt_5-Kwt2
Sx_8-Jto0
Eqe6-A_o1
Uxe8-Ofk1
Kis1-Uxb8
Yiy1-Ked8
Ofv0-Rzo0
Aju3-V_l0
Tus1-Dwz3
Wye3-Zdt7
O_e5-Fto1
H_w0-S_o1
Tgl7-Sqs1
Vhp0-Foz9
Pkf3-Zdy5
#Here is the number of lines required: 30

L1-Yb_0 L2-Zad7 L3-Gnq1 L4-V_z5 L5-Cxg9 L6-Yii2 L7-Xap9 L8-Aut3
L1-Hee2 L9-Yb_0 L2-Cq_8 L10-Zad7 L3-P_p8 L11-Gnq1 L4-Quq3 L12-V_z5 L5-Fyp2 L13-Cxg9 L6-Sa_0 L14-Yii2 L7-U_t0 L15-Xap9 L8-Kax6 L16-Aut3
L1-Wbs8 L9-Hee2 L17-Yb_0 L2-Enx7 L10-Cq_8 L18-Zad7 L3-G_s0 L11-P_p8 L19-Gnq1 L4-Ngs5 L12-Quq3 L20-V_z5 L5-Kcc2 L13-Fyp2 L21-Cxg9 L6-Eby0 L14-Sa_0 L22-Yii2 L7-Ncu6 L15-U_t0 L23-Xap9 L8-Gbb3 L16-Kax6 L24-Aut3
L1-Mgx8 L9-Wbs8 L17-Hee2 L25-Yb_0 L2-Pah4 L10-Enx7 L18-Cq_8 L26-Zad7 L3-Ajj1 L11-G_s0 L19-P_p8 L27-Gnq1 L4-Hyu6 L12-Ngs5 L20-Quq3 L28-V_z5 L5-Cyj7 L13-Kcc2 L21-Fyp2 L29-Cxg9 L6-Rih0 L14-Eby0 L22-Sa_0 L30-Yii2 L7-Is_8 L15-Ncu6 L23-U_t0 L31-Xap9 L8-Qcf4 L16-Gbb3 L24-Kax6 L32-Aut3
L1-Wds6 L9-Mgx8 L17-Wbs8 L25-Hee2 L33-Yb_0 L2-Upv1 L10-Pah4 L18-Enx7 L26-Cq_8 L34-Zad7 L3-Wcp7 L11-Ajj1 L19-G_s0 L27-P_p8 L35-Gnq1 L4-Nms6 L12-Hyu6 L20-Ngs5 L28-Quq3 L36-V_z5 L5-Rce6 L13-Cyj7 L21-Kcc2 L29-Fyp2 L37-Cxg9 L6-Fih8 L14-Rih0 L22-Eby0 L30-Sa_0 L38-Yii2 L7-Ekc1 L15-Is_8 L23-Ncu6 L31-U_t0 L39-Xap9 L8-Mai1 L16-Qcf4 L24-Gbb3 L32-Kax6 L40-Aut3
L1-Fum7 L9-Wds6 L17-Mgx8 L25-Wbs8 L33-Hee2 L41-Yb_0 L2-Y_x5 L10-Upv1 L18-Pah4 L26-Enx7 L34-Cq_8 L42-Zad7 L3-I_o0 L11-Wcp7 L19-Ajj1 L27-G_s0 L35-P_p8 L43-Gnq1 L4-C_k8 L12-Nms6 L20-Hyu6 L28-Ngs5 L36-Quq3 L44-V_z5 L5-Obv5 L13-Rce6 L21-Cyj7 L29-Kcc2 L37-Fyp2 L45-Cxg9 L6-Rrf9 L14-Fih8 L22-Rih0 L30-Eby0 L38-Sa_0 L46-Yii2 L7-Tbr5 L15-Ekc1 L23-Is_8 L31-Ncu6 L39-U_t0 L47-Xap9 L8-Ydo5 L16-Mai1 L24-Qcf4 L32-Gbb3 L40-Kax6 L48-Aut3
L1-Dlv1 L9-Fum7 L17-Wds6 L25-Mgx8 L33-Wbs8 L41-Hee2 L49-Yb_0 L2-Cje1 L10-Y_x5 L18-Upv1 L26-Pah4 L34-Enx7 L42-Cq_8 L50-Zad7 L3-Axv9 L11-I_o0 L19-Wcp7 L27-Ajj1 L35-G_s0 L43-P_p8 L51-Gnq1 L4-Hjp8 L12-C_k8 L20-Nms6 L28-Hyu6 L36-Ngs5 L44-Quq3 L52-V_z5 L5-Xoj6 L13-Obv5 L21-Rce6 L29-Cyj7 L37-Kcc2 L45-Fyp2 L53-Cxg9 L6-Eau2 L14-Rrf9 L22-Fih8 L30-Rih0 L38-Eby0 L46-Sa_0 L54-Yii2 L7-Bhv7 L15-Tbr5 L23-Ekc1 L31-Is_8 L39-Ncu6 L47-U_t0 L55-Xap9 L8-Wb_3 L16-Ydo5 L24-Mai1 L32-Qcf4 L40-Gbb3 L48-Kax6 L56-Aut3
L1-Ahj2 L9-Dlv1 L17-Fum7 L25-Wds6 L33-Mgx8 L41-Wbs8 L49-Hee2 L57-Yb_0 L2-Nrr7 L10-Cje1 L18-Y_x5 L26-Upv1 L34-Pah4 L42-Enx7 L50-Cq_8 L58-Zad7 L3-Cw_6 L11-Axv9 L19-I_o0 L27-Wcp7 L35-Ajj1 L43-G_s0 L51-P_p8 L59-Gnq1 L4-Zge9 L12-Hjp8 L20-C_k8 L28-Nms6 L36-Hyu6 L44-Ngs5 L52-Quq3 L60-V_z5 L5-Hz_2 L13-Xoj6 L21-Obv5 L29-Rce6 L37-Cyj7 L45-Kcc2 L53-Fyp2 L61-Cxg9 L6-Qn_1 L14-Eau2 L22-Rrf9 L30-Fih8 L38-Rih0 L46-Eby0 L54-Sa_0 L62-Yii2 L7-Vbf5 L15-Bhv7 L23-Tbr5 L31-Ekc1 L39-Is_8 L47-Ncu6 L55-U_t0 L63-Xap9 L8-Ads3 L16-Wb_3 L24-Ydo5 L32-Mai1 L40-Qcf4 L48-Gbb3 L56-Kax6 L64-Aut3
L1-Kn_7 L9-Ahj2 L17-Dlv1 L25-Fum7 L33-Wds6 L41-Mgx8 L49-Wbs8 L57-Hee2 L65-Yb_0 L2-Kxy1 L10-Nrr7 L18-Cje1 L26-Y_x5 L34-Upv1 L42-Pah4 L50-Enx7 L58-Cq_8 L66-Zad7 L3-Msu8 L11-Cw_6 L19-Axv9 L27-I_o0 L35-Wcp7 L43-Ajj1 L51-G_s0 L59-P_p8 L67-Gnq1 L4-Hcg9 L12-Zge9 L20-Hjp8 L28-C_k8 L36-Nms6 L44-Hyu6 L52-Ngs5 L60-Quq3 L68-V_z5 L5-Thg0 L13-Hz_2 L21-Xoj6 L29-Obv5 L37-Rce6 L45-Cyj7 L53-Kcc2 L61-Fyp2 L69-Cxg9 L6-C_k1 L14-Qn_1 L22-Eau2 L30-Rrf9 L38-Fih8 L46-Rih0 L54-Eby0 L62-Sa_0 L70-Yii2 L7-W_h1 L15-Vbf5 L23-Bhv7 L31-Tbr5 L39-Ekc1 L47-Is_8 L55-Ncu6 L63-U_t0 L71-Xap9 L8-Dje2 L16-Ads3 L24-Wb_3 L32-Ydo5 L40-Mai1 L48-Qcf4 L56-Gbb3 L64-Kax6 L72-Aut3
L1-Hbp5 L9-Kn_7 L17-Ahj2 L25-Dlv1 L33-Fum7 L41-Wds6 L49-Mgx8 L57-Wbs8 L65-Hee2 L73-Yb_0 L2-Ebp7 L10-Kxy1 L18-Nrr7 L26-Cje1 L34-Y_x5 L42-Upv1 L50-Pah4 L58-Enx7 L66-Cq_8 L74-Zad7 L3-Ujf5 L11-Msu8 L19-Cw_6 L27-Axv9 L35-I_o0 L43-Wcp7 L51-Ajj1 L59-G_s0 L67-P_p8 L75-Gnq1 L4-Mcc1 L12-Hcg9 L20-Zge9 L28-Hjp8 L36-C_k8 L44-Nms6 L52-Hyu6 L60-Ngs5 L68-Quq3 L76-V_z5 L5-Mw_6 L13-Thg0 L21-Hz_2 L29-Xoj6 L37-Obv5 L45-Rce6 L53-Cyj7 L61-Kcc2 L69-Fyp2 L77-Cxg9 L6-Byc4 L14-C_k1 L22-Qn_1 L30-Eau2 L38-Rrf9 L46-Fih8 L54-Rih0 L62-Eby0 L70-Sa_0 L78-Yii2 L7-Fse4 L15-W_h1 L23-Vbf5 L31-Bhv7 L39-Tbr5 L47-Ekc1 L55-Is_8 L63-Ncu6 L71-U_t0 L79-Xap9 L8-Dsh2 L16-Dje2 L24-Ads3 L32-Wb_3 L40-Ydo5 L48-Mai1 L56-Qcf4 L64-Gbb3 L72-Kax6 L80-Aut3
L1-Wye3 L9-Hbp5 L17-Kn_7 L25-Ahj2 L33-Dlv1 L41-Fum7 L49-Wds6 L57-Mgx8 L65-Wbs8 L73-Hee2 L81-Yb_0 L2-Rt_5 L10-Ebp7 L18-Kxy1 L26-Nrr7 L34-Cje1 L42-Y_x5 L50-Upv1 L58-Pah4 L66-Enx7 L74-Cq_8 L82-Zad7 L3-U_l8 L11-Ujf5 L19-Msu8 L27-Cw_6 L35-Axv9 L43-I_o0 L51-Wcp7 L59-Ajj1 L67-G_s0 L75-P_p8 L83-Gnq1 L4-Ibk3 L12-Mcc1 L20-Hcg9 L28-Zge9 L36-Hjp8 L44-C_k8 L52-Nms6 L60-Hyu6 L68-Ngs5 L76-Quq3 L84-V_z5 L5-Cfm5 L13-Mw_6 L21-Thg0 L29-Hz_2 L37-Xoj6 L45-Obv5 L53-Rce6 L61-Cyj7 L69-Kcc2 L77-Fyp2 L85-Cxg9 L6-Jz_7 L14-Byc4 L22-C_k1 L30-Qn_1 L38-Eau2 L46-Rrf9 L54-Fih8 L62-Rih0 L70-Eby0 L78-Sa_0 L86-Yii2 L7-Y_o0 L15-Fse4 L23-W_h1 L31-Vbf5 L39-Bhv7 L47-Tbr5 L55-Ekc1 L63-Is_8 L71-Ncu6 L79-U_t0 L87-Xap9 L8-Elt2 L16-Dsh2 L24-Dje2 L32-Ads3 L40-Wb_3 L48-Ydo5 L56-Mai1 L64-Qcf4 L72-Gbb3 L80-Kax6 L88-Aut3
L1-Dnp6 L9-Wye3 L17-Hbp5 L25-Kn_7 L33-Ahj2 L41-Dlv1 L49-Fum7 L57-Wds6 L65-Mgx8 L73-Wbs8 L81-Hee2 L89-Yb_0 L2-Rpz2 L10-Rt_5 L18-Ebp7 L26-Kxy1 L34-Nrr7 L42-Cje1 L50-Y_x5 L58-Upv1 L66-Pah4 L74-Enx7 L82-Cq_8 L90-Zad7 L3-Qoa5 L11-U_l8 L19-Ujf5 L27-Msu8 L35-Cw_6 L43-Axv9 L51-I_o0 L59-Wcp7 L67-Ajj1 L75-G_s0 L83-P_p8 L91-Gnq1 L4-Weo8 L12-Ibk3 L20-Mcc1 L28-Hcg9 L36-Zge9 L44-Hjp8 L52-C_k8 L60-Nms6 L68-Hyu6 L76-Ngs5 L84-Quq3 L92-V_z5 L5-Pqm5 L13-Cfm5 L21-Mw_6 L29-Thg0 L37-Hz_2 L45-Xoj6 L53-Obv5 L61-Rce6 L69-Cyj7 L77-Kcc2 L85-Fyp2 L93-Cxg9 L6-Yiy1 L14-Jz_7 L22-Byc4 L30-C_k1 L38-Qn_1 L46-Eau2 L54-Rrf9 L62-Fih8 L70-Rih0 L78-Eby0 L86-Sa_0 L94-Yii2 L7-Isb7 L15-Y_o0 L23-Fse4 L31-W_h1 L39-Vbf5 L47-Bhv7 L55-Tbr5 L63-Ekc1 L71-Is_8 L79-Ncu6 L87-U_t0 L95-Xap9 L8-Oxp9 L16-Elt2 L24-Dsh2 L32-Dje2 L40-Ads3 L48-Wb_3 L56-Ydo5 L64-Mai1 L72-Qcf4 L80-Gbb3 L88-Kax6 L96-Aut3
L1-Bvl0 L9-Dnp6 L17-Wye3 L25-Hbp5 L33-Kn_7 L41-Ahj2 L49-Dlv1 L57-Fum7 L65-Wds6 L73-Mgx8 L81-Wbs8 L89-Hee2 L97-Yb_0 L2-Ksi2 L10-Rpz2 L18-Rt_5 L26-Ebp7 L34-Kxy1 L42-Nrr7 L50-Cje1 L58-Y_x5 L66-Upv1 L74-Pah4 L82-Enx7 L90-Cq_8 L98-Zad7 L3-Vru0 L11-Qoa5 L19-U_l8 L27-Ujf5 L35-Msu8 L43-Cw_6 L51-Axv9 L59-I_o0 L67-Wcp7 L75-Ajj1 L83-G_s0 L91-P_p8 L99-Gnq1 L4-G_m6 L12-Weo8 L20-Ibk3 L28-Mcc1 L36-Hcg9 L44-Zge9 L52-Hjp8 L60-C_k8 L68-Nms6 L76-Hyu6 L84-Ngs5 L92-Quq3 L100-V_z5 L5-Xnp7 L13-Pqm5 L21-Cfm5 L29-Mw_6 L37-Thg0 L45-Hz_2 L53-Xoj6 L61-Obv5 L69-Rce6 L77-Cyj7 L85-Kcc2 L93-Fyp2 L101-Cxg9 L6-C_e5 L14-Yiy1 L22-Jz_7 L30-Byc4 L38-C_k1 L46-Qn_1 L54-Eau2 L62-Rrf9 L70-Fih8 L78-Rih0 L86-Eby0 L94-Sa_0 L102-Yii2 L7-Tki3 L15-Isb7 L23-Y_o0 L31-Fse4 L39-W_h1 L47-Vbf5 L55-Bhv7 L63-Tbr5 L71-Ekc1 L79-Is_8 L87-Ncu6 L95-U_t0 L103-Xap9 L8-Jbp3 L16-Oxp9 L24-Elt2 L32-Dsh2 L40-Dje2 L48-Ads3 L56-Wb_3 L64-Ydo5 L72-Mai1 L80-Qcf4 L88-Gbb3 L96-Kax6 L104-Aut3
L1-Ylc9 L9-Bvl0 L17-Dnp6 L25-Wye3 L33-Hbp5 L41-Kn_7 L49-Ahj2 L57-Dlv1 L65-Fum7 L73-Wds6 L81-Mgx8 L89-Wbs8 L97-Hee2 L2-Xl_5 L10-Ksi2 L18-Rpz2 L26-Rt_5 L34-Ebp7 L42-Kxy1 L50-Nrr7 L58-Cje1 L66-Y_x5 L74-Upv1 L82-Pah4 L90-Enx7 L98-Cq_8 L3-Asj3 L11-Vru0 L19-Qoa5 L27-U_l8 L35-Ujf5 L43-Msu8 L51-Cw_6 L59-Axv9 L67-I_o0 L75-Wcp7 L83-Ajj1 L91-G_s0 L99-P_p8 L4-Eqe6 L12-G_m6 L20-Weo8 L28-Ibk3 L36-Mcc1 L44-Hcg9 L52-Zge9 L60-Hjp8 L68-C_k8 L76-Nms6 L84-Hyu6 L92-Ngs5 L100-Quq3 L5-Nbr8 L13-Xnp7 L21-Pqm5 L29-Cfm5 L37-Mw_6 L45-Thg0 L53-Hz_2 L61-Xoj6 L69-Obv5 L77-Rce6 L85-Cyj7 L93-Kcc2 L101-Fyp2 L105-Cxg9 L6-Vix9 L14-C_e5 L22-Yiy1 L30-Jz_7 L38-Byc4 L46-C_k1 L54-Qn_1 L62-Eau2 L70-Rrf9 L78-Fih8 L86-Rih0 L94-Eby0 L102-Sa_0 L106-Yii2 L7-Wo_9 L15-Tki3 L23-Isb7 L31-Y_o0 L39-Fse4 L47-W_h1 L55-Vbf5 L63-Bhv7 L71-Tbr5 L79-Ekc1 L87-Is_8 L95-Ncu6 L103-U_t0 L107-Xap9 L8-O_e5 L16-Jbp3 L24-Oxp9 L32-Elt2 L40-Dsh2 L48-Dje2 L56-Ads3 L64-Wb_3 L72-Ydo5 L80-Mai1 L88-Qcf4 L96-Gbb3 L104-Kax6 L108-Aut3
L1-Fbv0 L9-Ylc9 L17-Bvl0 L25-Dnp6 L33-Wye3 L41-Hbp5 L49-Kn_7 L57-Ahj2 L65-Dlv1 L73-Fum7 L81-Wds6 L89-Mgx8 L97-Wbs8 L2-Iad0 L10-Xl_5 L18-Ksi2 L26-Rpz2 L34-Rt_5 L42-Ebp7 L50-Kxy1 L58-Nrr7 L66-Cje1 L74-Y_x5 L82-Upv1 L90-Pah4 L98-Enx7 L3-Tga0 L11-Asj3 L19-Vru0 L27-Qoa5 L35-U_l8 L43-Ujf5 L51-Msu8 L59-Cw_6 L67-Axv9 L75-I_o0 L83-Wcp7 L91-Ajj1 L99-G_s0 L4-Ral7 L12-Eqe6 L20-G_m6 L28-Weo8 L36-Ibk3 L44-Mcc1 L52-Hcg9 L60-Zge9 L68-Hjp8 L76-C_k8 L84-Nms6 L92-Hyu6 L100-Ngs5 L5-Xib7 L13-Nbr8 L21-Xnp7 L29-Pqm5 L37-Cfm5 L45-Mw_6 L53-Thg0 L61-Hz_2 L69-Xoj6 L77-Obv5 L85-Rce6 L93-Cyj7 L101-Kcc2 L105-Fyp2 L6-G_c4 L14-Vix9 L22-C_e5 L30-Yiy1 L38-Jz_7 L46-Byc4 L54-C_k1 L62-Qn_1 L70-Eau2 L78-Rrf9 L86-Fih8 L94-Rih0 L102-Eby0 L106-Sa_0 L7-W_k8 L15-Wo_9 L23-Tki3 L31-Isb7 L39-Y_o0 L47-Fse4 L55-W_h1 L63-Vbf5 L71-Bhv7 L79-Tbr5 L87-Ekc1 L95-Is_8 L103-Ncu6 L107-U_t0 L8-Xrb2 L16-O_e5 L24-Jbp3 L32-Oxp9 L40-Elt2 L48-Dsh2 L56-Dje2 L64-Ads3 L72-Wb_3 L80-Ydo5 L88-Mai1 L96-Qcf4 L104-Gbb3 L108-Kax6
L1-Vhp0 L9-Fbv0 L17-Ylc9 L25-Bvl0 L33-Dnp6 L41-Wye3 L49-Hbp5 L57-Kn_7 L65-Ahj2 L73-Dlv1 L81-Fum7 L89-Wds6 L97-Mgx8 L2-Dvi6 L10-Iad0 L18-Xl_5 L26-Ksi2 L34-Rpz2 L42-Rt_5 L50-Ebp7 L58-Kxy1 L66-Nrr7 L74-Cje1 L82-Y_x5 L90-Upv1 L98-Pah4 L3-Svk8 L11-Tga0 L19-Asj3 L27-Vru0 L35-Qoa5 L43-U_l8 L51-Ujf5 L59-Msu8 L67-Cw_6 L75-Axv9 L83-I_o0 L91-Wcp7 L99-Ajj1 L4-Epb4 L12-Ral7 L20-Eqe6 L28-G_m6 L36-Weo8 L44-Ibk3 L52-Mcc1 L60-Hcg9 L68-Zge9 L76-Hjp8 L84-C_k8 L92-Nms6 L100-Hyu6 L5-Jpr8 L13-Xib7 L21-Nbr8 L29-Xnp7 L37-Pqm5 L45-Cfm5 L53-Mw_6 L61-Thg0 L69-Hz_2 L77-Xoj6 L85-Obv5 L93-Rce6 L101-Cyj7 L105-Kcc2 L6-Yql4 L14-G_c4 L22-Vix9 L30-C_e5 L38-Yiy1 L46-Jz_7 L54-Byc4 L62-C_k1 L70-Qn_1 L78-Eau2 L86-Rrf9 L94-Fih8 L102-Rih0 L106-Eby0 L7-Qau3 L15-W_k8 L23-Wo_9 L31-Tki3 L39-Isb7 L47-Y_o0 L55-Fse4 L63-W_h1 L71-Vbf5 L79-Bhv7 L87-Tbr5 L95-Ekc1 L103-Is_8 L107-Ncu6 L8-Qau3 L16-Xrb2 L24-O_e5 L32-Jbp3 L40-Oxp9 L48-Elt2 L56-Dsh2 L64-Dje2 L72-Ads3 L80-Wb_3 L88-Ydo5 L96-Mai1 L104-Qcf4 L108-Gbb3
L1-Kh_4 L9-Vhp0 L17-Fbv0 L25-Ylc9 L33-Bvl0 L41-Dnp6 L49-Wye3 L57-Hbp5 L65-Kn_7 L73-Ahj2 L81-Dlv1 L89-Fum7 L97-Wds6 L2-Xay6 L10-Dvi6 L18-Iad0 L26-Xl_5 L34-Ksi2 L42-Rpz2 L50-Rt_5 L58-Ebp7 L66-Kxy1 L74-Nrr7 L82-Cje1 L90-Y_x5 L98-Upv1 L3-Oze2 L11-Svk8 L19-Tga0 L27-Asj3 L35-Vru0 L43-Qoa5 L51-U_l8 L59-Ujf5 L67-Msu8 L75-Cw_6 L83-Axv9 L91-I_o0 L99-Wcp7 L4-Uhe4 L12-Epb4 L20-Ral7 L28-Eqe6 L36-G_m6 L44-Weo8 L52-Ibk3 L60-Mcc1 L68-Hcg9 L76-Zge9 L84-Hjp8 L92-C_k8 L100-Nms6 L5-Gdz4 L13-Jpr8 L21-Xib7 L29-Nbr8 L37-Xnp7 L45-Pqm5 L53-Cfm5 L61-Mw_6 L69-Thg0 L77-Hz_2 L85-Xoj6 L93-Obv5 L101-Rce6 L105-Cyj7 L6-Mjq4 L14-Yql4 L22-G_c4 L30-Vix9 L38-C_e5 L46-Yiy1 L54-Jz_7 L62-Byc4 L70-C_k1 L78-Qn_1 L86-Eau2 L94-Rrf9 L102-Fih8 L106-Rih0 L15-Qau3 L23-W_k8 L31-Wo_9 L39-Tki3 L47-Isb7 L55-Y_o0 L63-Fse4 L71-W_h1 L79-Vbf5 L87-Bhv7 L95-Tbr5 L103-Ekc1 L107-Is_8 L16-Qau3 L24-Xrb2 L32-O_e5 L40-Jbp3 L48-Oxp9 L56-Elt2 L64-Dsh2 L72-Dje2 L80-Ads3 L88-Wb_3 L96-Ydo5 L104-Mai1 L108-Qcf4
L1-Dvh0 L9-Kh_4 L17-Vhp0 L25-Fbv0 L33-Ylc9 L41-Bvl0 L49-Dnp6 L57-Wye3 L65-Hbp5 L73-Kn_7 L81-Ahj2 L89-Dlv1 L97-Fum7 L2-Tbi9 L10-Xay6 L18-Dvi6 L26-Iad0 L34-Xl_5 L42-Ksi2 L50-Rpz2 L58-Rt_5 L66-Ebp7 L74-Kxy1 L82-Nrr7 L90-Cje1 L98-Y_x5 L3-Y_d7 L11-Oze2 L19-Svk8 L27-Tga0 L35-Asj3 L43-Vru0 L51-Qoa5 L59-U_l8 L67-Ujf5 L75-Msu8 L83-Cw_6 L91-Axv9 L99-I_o0 L4-Wup6 L12-Uhe4 L20-Epb4 L28-Ral7 L36-Eqe6 L44-G_m6 L52-Weo8 L60-Ibk3 L68-Mcc1 L76-Hcg9 L84-Zge9 L92-Hjp8 L100-C_k8 L5-Tms6 L13-Gdz4 L21-Jpr8 L29-Xib7 L37-Nbr8 L45-Xnp7 L53-Pqm5 L61-Cfm5 L69-Mw_6 L77-Thg0 L85-Hz_2 L93-Xoj6 L101-Obv5 L105-Rce6 L6-Qau3 L14-Mjq4 L22-Yql4 L30-G_c4 L38-Vix9 L46-C_e5 L54-Yiy1 L62-Jz_7 L70-Byc4 L78-C_k1 L86-Qn_1 L94-Eau2 L102-Rrf9 L106-Fih8 L23-Qau3 L31-W_k8 L39-Wo_9 L47-Tki3 L55-Isb7 L63-Y_o0 L71-Fse4 L79-W_h1 L87-Vbf5 L95-Bhv7 L103-Tbr5 L107-Ekc1 L24-Qau3 L32-Xrb2 L40-O_e5 L48-Jbp3 L56-Oxp9 L64-Elt2 L72-Dsh2 L80-Dje2 L88-Ads3 L96-Wb_3 L104-Ydo5 L108-Mai1
L1-Ory5 L9-Dvh0 L17-Kh_4 L25-Vhp0 L33-Fbv0 L41-Ylc9 L49-Bvl0 L57-Dnp6 L65-Wye3 L73-Hbp5 L81-Kn_7 L89-Ahj2 L97-Dlv1 L2-Dcq9 L10-Tbi9 L18-Xay6 L26-Dvi6 L34-Iad0 L42-Xl_5 L50-Ksi2 L58-Rpz2 L66-Rt_5 L74-Ebp7 L82-Kxy1 L90-Nrr7 L98-Cje1 L3-T_d4 L11-Y_d7 L19-Oze2 L27-Svk8 L35-Tga0 L43-Asj3 L51-Vru0 L59-Qoa5 L67-U_l8 L75-Ujf5 L83-Msu8 L91-Cw_6 L99-Axv9 L4-Qau3 L12-Wup6 L20-Uhe4 L28-Epb4 L36-Ral7 L44-Eqe6 L52-G_m6 L60-Weo8 L68-Ibk3 L76-Mcc1 L84-Hcg9 L92-Zge9 L100-Hjp8 L5-Qau3 L13-Tms6 L21-Gdz4 L29-Jpr8 L37-Xib7 L45-Nbr8 L53-Xnp7 L61-Pqm5 L69-Cfm5 L77-Mw_6 L85-Thg0 L93-Hz_2 L101-Xoj6 L105-Obv5 L14-Qau3 L22-Mjq4 L30-Yql4 L38-G_c4 L46-Vix9 L54-C_e5 L62-Yiy1 L70-Jz_7 L78-Byc4 L86-C_k1 L94-Qn_1 L102-Eau2 L106-Rrf9 L31-Qau3 L39-W_k8 L47-Wo_9 L55-Tki3 L63-Isb7 L71-Y_o0 L79-Fse4 L87-W_h1 L95-Vbf5 L103-Bhv7 L107-Tbr5 L32-Qau3 L40-Xrb2 L48-O_e5 L56-Jbp3 L64-Oxp9 L72-Elt2 L80-Dsh2 L88-Dje2 L96-Ads3 L104-Wb_3 L108-Ydo5
L1-Kow6 L9-Ory5 L17-Dvh0 L25-Kh_4 L33-Vhp0 L41-Fbv0 L49-Ylc9 L57-Bvl0 L65-Dnp6 L73-Wye3 L81-Hbp5 L89-Kn_7 L97-Ahj2 L2-Bfx8 L10-Dcq9 L18-Tbi9 L26-Xay6 L34-Dvi6 L42-Iad0 L50-Xl_5 L58-Ksi2 L66-Rpz2 L74-Rt_5 L82-Ebp7 L90-Kxy1 L98-Nrr7 L3-Rtt6 L11-T_d4 L19-Y_d7 L27-Oze2 L35-Svk8 L43-Tga0 L51-Asj3 L59-Vru0 L67-Qoa5 L75-U_l8 L83-Ujf5 L91-Msu8 L99-Cw_6 L12-Qau3 L20-Wup6 L28-Uhe4 L36-Epb4 L44-Ral7 L52-Eqe6 L60-G_m6 L68-Weo8 L76-Ibk3 L84-Mcc1 L92-Hcg9 L100-Zge9 L13-Qau3 L21-Tms6 L29-Gdz4 L37-Jpr8 L45-Xib7 L53-Nbr8 L61-Xnp7 L69-Pqm5 L77-Cfm5 L85-Mw_6 L93-Thg0 L101-Hz_2 L105-Xoj6 L22-Qau3 L30-Mjq4 L38-Yql4 L46-G_c4 L54-Vix9 L62-C_e5 L70-Yiy1 L78-Jz_7 L86-Byc4 L94-C_k1 L102-Qn_1 L106-Eau2 L39-Qau3 L47-W_k8 L55-Wo_9 L63-Tki3 L71-Isb7 L79-Y_o0 L87-Fse4 L95-W_h1 L103-Vbf5 L107-Bhv7 L40-Qau3 L48-Xrb2 L56-O_e5 L64-Jbp3 L72-Oxp9 L80-Elt2 L88-Dsh2 L96-Dje2 L104-Ads3 L108-Wb_3
L1-Qau3 L9-Kow6 L17-Ory5 L25-Dvh0 L33-Kh_4 L41-Vhp0 L49-Fbv0 L57-Ylc9 L65-Bvl0 L73-Dnp6 L81-Wye3 L89-Hbp5 L97-Kn_7 L2-Qau3 L10-Bfx8 L18-Dcq9 L26-Tbi9 L34-Xay6 L42-Dvi6 L50-Iad0 L58-Xl_5 L66-Ksi2 L74-Rpz2 L82-Rt_5 L90-Ebp7 L98-Kxy1 L3-Qau3 L11-Rtt6 L19-T_d4 L27-Y_d7 L35-Oze2 L43-Svk8 L51-Tga0 L59-Asj3 L67-Vru0 L75-Qoa5 L83-U_l8 L91-Ujf5 L99-Msu8 L20-Qau3 L28-Wup6 L36-Uhe4 L44-Epb4 L52-Ral7 L60-Eqe6 L68-G_m6 L76-Weo8 L84-Ibk3 L92-Mcc1 L100-Hcg9 L21-Qau3 L29-Tms6 L37-Gdz4 L45-Jpr8 L53-Xib7 L61-Nbr8 L69-Xnp7 L77-Pqm5 L85-Cfm5 L93-Mw_6 L101-Thg0 L105-Hz_2 L30-Qau3 L38-Mjq4 L46-Yql4 L54-G_c4 L62-Vix9 L70-C_e5 L78-Yiy1 L86-Jz_7 L94-Byc4 L102-C_k1 L106-Qn_1 L47-Qau3 L55-W_k8 L63-Wo_9 L71-Tki3 L79-Isb7 L87-Y_o0 L95-Fse4 L103-W_h1 L107-Vbf5 L48-Qau3 L56-Xrb2 L64-O_e5 L72-Jbp3 L80-Oxp9 L88-Elt2 L96-Dsh2 L104-Dje2 L108-Ads3
L9-Qau3 L17-Kow6 L25-Ory5 L33-Dvh0 L41-Kh_4 L49-Vhp0 L57-Fbv0 L65-Ylc9 L73-Bvl0 L81-Dnp6 L89-Wye3 L97-Hbp5 L10-Qau3 L18-Bfx8 L26-Dcq9 L34-Tbi9 L42-Xay6 L50-Dvi6 L58-Iad0 L66-Xl_5 L74-Ksi2 L82-Rpz2 L90-Rt_5 L98-Ebp7 L11-Qau3 L19-Rtt6 L27-T_d4 L35-Y_d7 L43-Oze2 L51-Svk8 L59-Tga0 L67-Asj3 L75-Vru0 L83-Qoa5 L91-U_l8 L99-Ujf5 L28-Qau3 L36-Wup6 L44-Uhe4 L52-Epb4 L60-Ral7 L68-Eqe6 L76-G_m6 L84-Weo8 L92-Ibk3 L100-Mcc1 L29-Qau3 L37-Tms6 L45-Gdz4 L53-Jpr8 L61-Xib7 L69-Nbr8 L77-Xnp7 L85-Pqm5 L93-Cfm5 L101-Mw_6 L105-Thg0 L38-Qau3 L46-Mjq4 L54-Yql4 L62-G_c4 L70-Vix9 L78-C_e5 L86-Yiy1 L94-Jz_7 L102-Byc4 L106-C_k1 L55-Qau3 L63-W_k8 L71-Wo_9 L79-Tki3 L87-Isb7 L95-Y_o0 L103-Fse4 L107-W_h1 L56-Qau3 L64-Xrb2 L72-O_e5 L80-Jbp3 L88-Oxp9 L96-Elt2 L104-Dsh2 L108-Dje2
L17-Qau3 L25-Kow6 L33-Ory5 L41-Dvh0 L49-Kh_4 L57-Vhp0 L65-Fbv0 L73-Ylc9 L81-Bvl0 L89-Dnp6 L97-Wye3 L18-Qau3 L26-Bfx8 L34-Dcq9 L42-Tbi9 L50-Xay6 L58-Dvi6 L66-Iad0 L74-Xl_5 L82-Ksi2 L90-Rpz2 L98-Rt_5 L19-Qau3 L27-Rtt6 L35-T_d4 L43-Y_d7 L51-Oze2 L59-Svk8 L67-Tga0 L75-Asj3 L83-Vru0 L91-Qoa5 L99-U_l8 L36-Qau3 L44-Wup6 L52-Uhe4 L60-Epb4 L68-Ral7 L76-Eqe6 L84-G_m6 L92-Weo8 L100-Ibk3 L37-Qau3 L45-Tms6 L53-Gdz4 L61-Jpr8 L69-Xib7 L77-Nbr8 L85-Xnp7 L93-Pqm5 L101-Cfm5 L105-Mw_6 L46-Qau3 L54-Mjq4 L62-Yql4 L70-G_c4 L78-Vix9 L86-C_e5 L94-Yiy1 L102-Jz_7 L106-Byc4 L63-Qau3 L71-W_k8 L79-Wo_9 L87-Tki3 L95-Isb7 L103-Y_o0 L107-Fse4 L64-Qau3 L72-Xrb2 L80-O_e5 L88-Jbp3 L96-Oxp9 L104-Elt2 L108-Dsh2
L25-Qau3 L33-Kow6 L41-Ory5 L49-Dvh0 L57-Kh_4 L65-Vhp0 L73-Fbv0 L81-Ylc9 L89-Bvl0 L97-Dnp6 L26-Qau3 L34-Bfx8 L42-Dcq9 L50-Tbi9 L58-Xay6 L66-Dvi6 L74-Iad0 L82-Xl_5 L90-Ksi2 L98-Rpz2 L27-Qau3 L35-Rtt6 L43-T_d4 L51-Y_d7 L59-Oze2 L67-Svk8 L75-Tga0 L83-Asj3 L91-Vru0 L99-Qoa5 L44-Qau3 L52-Wup6 L60-Uhe4 L68-Epb4 L76-Ral7 L84-Eqe6 L92-G_m6 L100-Weo8 L45-Qau3 L53-Tms6 L61-Gdz4 L69-Jpr8 L77-Xib7 L85-Nbr8 L93-Xnp7 L101-Pqm5 L105-Cfm5 L54-Qau3 L62-Mjq4 L70-Yql4 L78-G_c4 L86-Vix9 L94-C_e5 L102-Yiy1 L106-Jz_7 L71-Qau3 L79-W_k8 L87-Wo_9 L95-Tki3 L103-Isb7 L107-Y_o0 L72-Qau3 L80-Xrb2 L88-O_e5 L96-Jbp3 L104-Oxp9 L108-Elt2
L33-Qau3 L41-Kow6 L49-Ory5 L57-Dvh0 L65-Kh_4 L73-Vhp0 L81-Fbv0 L89-Ylc9 L97-Bvl0 L34-Qau3 L42-Bfx8 L50-Dcq9 L58-Tbi9 L66-Xay6 L74-Dvi6 L82-Iad0 L90-Xl_5 L98-Ksi2 L35-Qau3 L43-Rtt6 L51-T_d4 L59-Y_d7 L67-Oze2 L75-Svk8 L83-Tga0 L91-Asj3 L99-Vru0 L52-Qau3 L60-Wup6 L68-Uhe4 L76-Epb4 L84-Ral7 L92-Eqe6 L100-G_m6 L53-Qau3 L61-Tms6 L69-Gdz4 L77-Jpr8 L85-Xib7 L93-Nbr8 L101-Xnp7 L105-Pqm5 L62-Qau3 L70-Mjq4 L78-Yql4 L86-G_c4 L94-Vix9 L102-C_e5 L106-Yiy1 L79-Qau3 L87-W_k8 L95-Wo_9 L103-Tki3 L107-Isb7 L80-Qau3 L88-Xrb2 L96-O_e5 L104-Jbp3 L108-Oxp9
L41-Qau3 L49-Kow6 L57-Ory5 L65-Dvh0 L73-Kh_4 L81-Vhp0 L89-Fbv0 L97-Ylc9 L42-Qau3 L50-Bfx8 L58-Dcq9 L66-Tbi9 L74-Xay6 L82-Dvi6 L90-Iad0 L98-Xl_5 L43-Qau3 L51-Rtt6 L59-T_d4 L67-Y_d7 L75-Oze2 L83-Svk8 L91-Tga0 L99-Asj3 L60-Qau3 L68-Wup6 L76-Uhe4 L84-Epb4 L92-Ral7 L100-Eqe6 L61-Qau3 L69-Tms6 L77-Gdz4 L85-Jpr8 L93-Xib7 L101-Nbr8 L105-Xnp7 L70-Qau3 L78-Mjq4 L86-Yql4 L94-G_c4 L102-Vix9 L106-C_e5 L87-Qau3 L95-W_k8 L103-Wo_9 L107-Tki3 L88-Qau3 L96-Xrb2 L104-O_e5 L108-Jbp3
L49-Qau3 L57-Kow6 L65-Ory5 L73-Dvh0 L81-Kh_4 L89-Vhp0 L97-Fbv0 L50-Qau3 L58-Bfx8 L66-Dcq9 L74-Tbi9 L82-Xay6 L90-Dvi6 L98-Iad0 L51-Qau3 L59-Rtt6 L67-T_d4 L75-Y_d7 L83-Oze2 L91-Svk8 L99-Tga0 L68-Qau3 L76-Wup6 L84-Uhe4 L92-Epb4 L100-Ral7 L69-Qau3 L77-Tms6 L85-Gdz4 L93-Jpr8 L101-Xib7 L105-Nbr8 L78-Qau3 L86-Mjq4 L94-Yql4 L102-G_c4 L106-Vix9 L95-Qau3 L103-W_k8 L107-Wo_9 L96-Qau3 L104-Xrb2 L108-O_e5
L57-Qau3 L65-Kow6 L73-Ory5 L81-Dvh0 L89-Kh_4 L97-Vhp0 L58-Qau3 L66-Bfx8 L74-Dcq9 L82-Tbi9 L90-Xay6 L98-Dvi6 L59-Qau3 L67-Rtt6 L75-T_d4 L83-Y_d7 L91-Oze2 L99-Svk8 L76-Qau3 L84-Wup6 L92-Uhe4 L100-Epb4 L77-Qau3 L85-Tms6 L93-Gdz4 L101-Jpr8 L105-Xib7 L86-Qau3 L94-Mjq4 L102-Yql4 L106-G_c4 L103-Qau3 L107-W_k8 L104-Qau3 L108-Xrb2
L65-Qau3 L73-Kow6 L81-Ory5 L89-Dvh0 L97-Kh_4 L66-Qau3 L74-Bfx8 L82-Dcq9 L90-Tbi9 L98-Xay6 L67-Qau3 L75-Rtt6 L83-T_d4 L91-Y_d7 L99-Oze2 L84-Qau3 L92-Wup6 L100-Uhe4 L85-Qau3 L93-Tms6 L101-Gdz4 L105-Jpr8 L94-Qau3 L102-Mjq4 L106-Yql4 L107-Qau3 L108-Qau3
L73-Qau3 L81-Kow6 L89-Ory5 L97-Dvh0 L74-Qau3 L82-Bfx8 L90-Dcq9 L98-Tbi9 L75-Qau3 L83-Rtt6 L91-T_d4 L99-Y_d7 L92-Qau3 L100-Wup6 L93-Qau3 L101-Tms6 L105-Gdz4 L102-Qau3 L106-Mjq4
L81-Qau3 L89-Kow6 L97-Ory5 L82-Qau3 L90-Bfx8 L98-Dcq9 L83-Qau3 L91-Rtt6 L99-T_d4 L100-Qau3 L101-Qau3 L105-Tms6 L106-Qau3
L89-Qau3 L97-Kow6 L90-Qau3 L98-Bfx8 L91-Qau3 L99-Rtt6 L105-Qau3
L97-Qau3 L98-Qau3 L99-Qau3
