148
#Here is the number of lines required: 32
##start
Bdq4 1 1
##end
Kvm5 3 3
Rrq5 6 6
Bc_0 7 7
Gtu4 10 10
Nqk0 13 13
Oky7 15 15
Pfa4 19 19
N_z8 23 23
Zgr6 28 28
Xna7 32 32
Cpg6 34 34
Wn_6 38 38
Tg_6 39 39
Bzb2 44 44
Hxy1 46 46
Rvp3 49 49
Zl_0 52 52
Jdw9 55 55
Pkm5 57 57
Usi6 59 59
Y_g2 62 62
V_a2 65 65
Fe_6 68 68
Nx_0 70 70
Ide8 73 73
Rzt7 75 75
Rga6 77 77
M__4 82 82
Yhn1 85 85
Kmm6 89 89
Aov2 91 91
Bwh0 94 94
Evi4 96 96
Ron7 99 99
Wpt9 101 101
Qj_6 105 105
Sn_1 108 108
Jux1 112 112
Biq8 116 116
Pfb4 120 120
Ebi8 124 124
Bmx2 129 129
Pvy8 131 131
Tko5 135 135
S_g4 140 140
Pqv0 144 144
W_x9 146 146
Fqj9 150 150
Mru6 154 154
Mmg4 157 157
Cn_7 158 158
Atz9 160 160
Rjz7 162 162
Rqc3 164 164
Yfp9 167 167
Pxz3 170 170
Oka2 174 174
Piw0 175 175
Qsx5 178 178
Atb1 180 180
Rfg5 181 181
Etx9 184 184
Aj_0 185 185
Qww2 187 187
O_p0 192 192
Yna1 194 194
X_i6 198 198
Yac0 202 202
Our2 206 206
Qja1 209 209
Pbk2 214 214
Opz1 216 216
Szd1 219 219
Hub3 220 220
Xdz9 221 221
Gt_9 224 224
Xyt1 226 226
Gpe7 229 229
Uwl8 232 232
Mbe5 236 236
Yqu5 239 239
M_r6 244 244
Uci2 247 247
Ske1 251 251
Nkx3 256 256
Uew6 258 258
Sul5 263 263
Flp2 266 266
Ozb9 269 269
Mlz3 271 271
Mvj5 273 273
Ema3 276 276
Uxg1 279 279
Pyc6 283 283
Rtf6 286 286
Rmp6 289 289
Ur_1 291 291
Ayd7 294 294
Szx4 296 296
Bp_6 299 299
Yjq1 302 302
Bvx7 305 305
Wbj0 306 306
Ycl6 310 310
Xd_1 313 313
Cau0 316 316
Uha9 321 321
Fag3 323 323
Aon0 324 324
Myx3 326 326
Dqm9 329 329
Qoq6 331 331
Axg6 334 334
Sqi2 338 338
Apt6 341 341
Vim8 345 345
Hpu7 350 350
Elh4 354 354
Vne9 357 357
Dzj2 360 360
Jsl5 362 362
J_j2 364 364
Htb4 368 368
Jwu6 371 371
Sse5 376 376
Swk2 378 378
Sa_8 380 380
Puv0 385 385
Ovh1 390 390
Jtk2 394 394
Ufq8 399 399
Kzi9 402 402
Bwo7 405 405
Acf8 410 410
Ulk9 413 413
Wsw4 417 417
Woe4 418 418
Vhg7 422 422
Mjg1 423 423
Zaw4 426 426
Uzo0 429 429
Ayr2 431 431
Xd_2 435 435
Gyw6 439 439
Nm_4 442 442
Mfo2 444 444
S_h8 447 447
Kfi2 451 451
Vqd2 454 454
Zxm9 457 457
Wqg5 462 462
Sdz3 466 466
Vhs6 468 468
Jvt3 472 472
Ijf6 474 474
Sqc9 478 478
Wcv5 481 481
Ojm7 484 484
Msp6 488 488
Wwe5 493 493
Qu_6 498 498
Iro0 502 502
Ith7 504 504
A_a6 508 508
Fen2 513 513
Edw1 514 514
D_c7 518 518
Ypr3 523 523
Afe0 527 527
Cir4 529 529
Wdw7 532 532
Ghr4 535 535
Qnp7 538 538
Wp_9 541 541
Qvq1 542 542
X_m1 547 547
Pja2 550 550
Ck_5 554 554
Gxd0 559 559
Emf2 563 563
Vbe0 565 565
Zox1 570 570
Tzp6 574 574
Jrr2 577 577
Dbr7 578 578
Fhh9 580 580
Ewk3 581 581
Fmt0 584 584
Qdb2 587 587
Eqq6 588 588
Dvm3 590 590
Zfo5 595 595
Koc7 596 596
Tgc1 599 599
Dpe4 603 603
St_4 608 608
Yxe9 610 610
Nuv5 614 614
As_3 618 618
Jdg2 621 621
Bsq2 625 625
Jb_3 629 629
Dzt7 631 631
Rji5 636 636
Ymy2 639 639
Wu_0 642 642
Do_6 645 645
Xok3 648 648
Cor7 652 652
Pfo5 654 654
Gn_8 657 657
Pz_2 660 660
Jfu9 664 664
Eg_9 668 668
Yqb2 671 671
Czz4 673 673
Bpo4 678 678
Yzf5 680 680
Oum8 683 683
Xsl6 685 685
Vnk9 689 689
Pkr1 690 690
Hpn9 694 694
Rkg6 697 697
Gje2 700 700
Vfh5 702 702
Ua_7 706 706
Tte9 711 711
Acc4 714 714
Pyr4 716 716
Gjo1 719 719
H_n2 723 723
Rr_5 728 728
Ibb0 729 729
Eve6 733 733
Jc_6 736 736
Bhk4 740 740
Khy6 742 742
Avt2 746 746
Qtm0 749 749
Bby4 751 751
Gxt6 755 755
Tjm8 759 759
G_o9 763 763
Dsg4 766 766
Grh2 769 769
Rav7 773 773
Yxu9 777 777
Xet0 782 782
Xxh8 786 786
Il_1 790 790
Rzt1 794 794
Cjg2 798 798
Gtm4 803 803
A_d4 805 805
Kkq4 807 807
Fyo9 809 809
Iiy4 812 812
Cnq3 817 817
Kof0 822 822
Ogj5 825 825
Frz6 829 829
Gwv3 831 831
Jxu2 834 834
Vvc1 837 837
Umx4 842 842
Ypw5 844 844
Tpz8 848 848
Upk5 851 851
Isl9 852 852
Jnh6 854 854
Qjt5 857 857
B_w9 860 860
C_d2 864 864
Q_j2 869 869
Hkg2 873 873
Sum4 876 876
Qq_3 879 879
Dyj3 883 883
Be_8 885 885
Nvt6 887 887
T_k0 892 892
Zjz5 895 895
Vbx1 898 898
Uzw9 900 900
Mfe6 903 903
Tro1 905 905
Dug3 909 909
Vxu4 913 913
Kxr5 915 915
Osq9 919 919
Iq_2 923 923
Izg9 925 925
Jqr5 929 929
Gbw4 933 933
Hvk3 936 936
Pwh7 939 939
Nkn6 944 944
Nyb4 949 949
Ycc9 952 952
Mrf0 954 954
Gze4 956 956
D_d1 961 961
Yml9 966 966
Pj_3 969 969
Imd1 972 972
Oge6 974 974
Mbl9 979 979
Hdy3 982 982
Un_2 984 984
Eu_5 986 986
Yzz6 991 991
Nnu3 993 993
Iqp2 996 996
Sam8 997 997
Ome0 1001 1001
Yca5 1003 1003
Rug2 1007 1007
Hty2 1012 1012
V_l6 1017 1017
Xeo2 1020 1020
Xmp2 1022 1022
Cg_1 1025 1025
Nqr3 1027 1027
Bcu2 1032 1032
Rqn0 1037 1037
Mez0 1040 1040
Aok3 1041 1041
R_v1 1043 1043
Prg6 1047 1047
Gum9 1049 1049
Vmf6 1053 1053
Avh3 1056 1056
Mbo1 1059 1059
Xmz7 1062 1062
Vmo5 1064 1064
Uqx0 1067 1067
Evj2 1071 1071
Xvi2 1074 1074
Bus0 1078 1078
Cfo5 1080 1080
Sqo0 1084 1084
Mtj9 1088 1088
Pco7 1092 1092
Eyp3 1093 1093
Tsx1 1095 1095
Tfg2 1097 1097
Rpv7 1101 1101
Gfl8 1102 1102
Bpl6 1104 1104
Tpc8 1109 1109
Mgr6 1112 1112
Khy0 1115 1115
Ptk1 1116 1116
Beg0 1119 1119
Jp_3 1122 1122
Qcu0 1124 1124
Yko1 1128 1128
Xiv4 1131 1131
Rhy2 1133 1133
Oka3 1135 1135
Jqw9 1139 1139
Wig0 1142 1142
Emc5 1145 1145
Gcy8 1149 1149
Myg8 1154 1154
Mlb8 1156 1156
Vxr2 1159 1159
Mg_1 1164 1164
Rnl7 1167 1167
Rgc8 1172 1172
Xnd1 1177 1177
Rur6 1180 1180
Aph7 1183 1183
Twc1 1186 1186
Shi6 1188 1188
R__4 1191 1191
Vdb2 1194 1194
U_k1 1195 1195
Uv_8 1197 1197
Ugr1 1198 1198
Ax_4 1201 1201
B__9 1203 1203
Z_v0 1205 1205
T_s4 1209 1209
Hvq7 1212 1212
Gdp7 1216 1216
Etn2 1217 1217
Jkg6 1219 1219
Rfd4 1221 1221
Pjz7 1225 1225
Wjz2 1229 1229
Xjq7 1231 1231
Hes9 1234 1234
Nih0 1237 1237
J__1 1238 1238
Xge1 1239 1239
Uhh1 1243 1243
Xvs2 1248 1248
Fnb0 1252 1252
Rsg4 1256 1256
Ane4 1258 1258
W_t5 1259 1259
R_h6 1262 1262
Mtd6 1265 1265
Uqd3 1269 1269
Azg4 1272 1272
Wfr1 1275 1275
Pam4 1277 1277
Rvw1 1282 1282
Dzg6 1285 1285
Ozx0 1288 1288
Tym6 1291 1291
Xix0 1293 1293
Kgu4 1296 1296
Wci1 1300 1300
Uyf1 1302 1302
Oq_5 1305 1305
Ijp3 1309 1309
Cht5 1310 1310
Smh0 1312 1312
Elk2 1314 1314
Oyw7 1315 1315
Mpz7 1317 1317
Ibj7 1320 1320
Dcx9 1321 1321
Qyg8 1322 1322
Mmy8 1327 1327
Ink7 1329 1329
Okg5 1332 1332
W_p6 1334 1334
Tgb9 1336 1336
Qfg1 1339 1339
Vjf8 1343 1343
Ojs7 1344 1344
Aci8 1348 1348
Amk9 1351 1351
Ks_4 1354 1354
Zac3 1359 1359
Di_4 1362 1362
Ryn7 1366 1366
Ifk1 1368 1368
Pz_7 1372 1372
Syz2 1375 1375
Kvk9 1380 1380
Yaj1 1385 1385
Kss9 1386 1386
Fky4 1388 1388
Gza1 1392 1392
Kfz7 1393 1393
Xnp6 1395 1395
Wuj9 1398 1398
Ohs3 1401 1401
Nph0 1405 1405
G_v2 1408 1408
Hlu4 1413 1413
Rkl6 1417 1417
Iyw3 1419 1419
Dwo0 1421 1421
Asu5 1424 1424
Fzg8 1428 1428
Xun3 1431 1431
Enl6 1435 1435
Vfb4 1438 1438
Pof5 1442 1442
Ghh7 1447 1447
Ctt4 1450 1450
Sjr6 1454 1454
Sbw8 1456 1456
Mk_8 1461 1461
Y_l3 1465 1465
Xgx3 1467 1467
Fxg0 1469 1469
Dkh7 1473 1473
Sqw8 1478 1478
Uub9 1481 1481
Nbv3 1483 1483
Qcd4 1486 1486
Ib_1 1489 1489
Hv_9 1492 1492
Gxr4 1497 1497
Zxm9-Rrq5
Avh3-Bc_0
Wdw7-Nbv3
Iq_2-Uub9
Pja2-Nqk0
Jqr5-Xgx3
Xmp2-Zgr6
Khy0-Sbw8
Qu_6-Sjr6
Ptk1-Wn_6
Yna1-Tg_6
Rr_5-Ghh7
Uqd3-Rvp3
Qnp7-Zl_0
Jdg2-Fzg8
Rnl7-Pkm5
Mez0-Usi6
Uzw9-Y_g2
Vnk9-Rkl6
Aci8-Fe_6
Ema3-Nx_0
Wu_0-Hlu4
Sn_1-G_v2
Ojs7-Ide8
Ycc9-M__4
Xnp6-Yhn1
Jfu9-Kmm6
Wwe5-Ohs3
Etn2-Xnp6
Gjo1-Kss9
Gbw4-Pfb4
Isl9-Syz2
Rgc8-Bmx2
Ayd7-Pz_7
Kxr5-Ryn7
Rgc8-Di_4
Ogj5-S_g4
Ane4-W_x9
St_4-Fqj9
Shi6-Atz9
Bpo4-Rqc3
Sa_8-Vjf8
Zox1-Qfg1
Vbx1-Tgb9
Rsg4-Okg5
Rhy2-Ink7
V_l6-Mmy8
W_t5-Pxz3
Sqc9-Oka2
Xmz7-Dcx9
Ulk9-Qsx5
Kkq4-Ibj7
Kgu4-Elk2
X_i6-Atb1
Bcu2-Smh0
Tzp6-Rfg5
Acf8-Cht5
Uxg1-Uyf1
Mbl9-Etx9
Sul5-Ozx0
Gpe7-O_p0
Vvc1-Yna1
Mez0-Dzg6
Gfl8-Pam4
Qjt5-Wfr1
Mez0-Our2
Dug3-Uqd3
Opz1-Kvm5
Szd1-Opz1
Xdz9-Hub3
R_h6-Xdz9
Ane4-Xyt1
Fnb0-Uwl8
Ske1-Uci2
Nih0-Nkx3
Hes9-Sul5
Mlz3-Ozb9
Mvj5-Mlz3
Xjq7-Uxg1
Pyc6-Xjq7
Rtf6-Pyc6
Rmp6-Wjz2
Etn2-Ayd7
Gdp7-Etn2
Hvq7-Gdp7
Szx4-Kvm5
Bp_6-T_s4
Z_v0-Bp_6
Yjq1-Z_v0
B__9-Yjq1
Bvx7-B__9
Ycl6-Wbj0
Cau0-Xd_1
Uha9-Cau0
Fag3-Uha9
Aon0-Fag3
Uv_8-Aon0
Qoq6-Dqm9
Axg6-Vdb2
R__4-Axg6
Twc1-Shi6
Aph7-Twc1
Rur6-Aph7
Apt6-Xnd1
Vim8-Apt6
Rnl7-Rgc8
Mg_1-Rnl7
Hpu7-Vxr2
Myg8-Mlb8
Jsl5-Gcy8
Emc5-Jsl5
Wig0-Emc5
Jqw9-Wig0
J_j2-Oka3
Rhy2-J_j2
Bdq4-Yko1
Htb4-Kvm5
Qcu0-Htb4
Jwu6-Qcu0
Jp_3-Jwu6
Beg0-Jp_3
Khy0-Ptk1
Swk2-Khy0
Sa_8-Swk2
Ovh1-Puv0
Jtk2-Ovh1
Tpc8-Jtk2
Bdq4-Bpl6
Ufq8-Kvm5
Gfl8-Ufq8
Kzi9-Gfl8
Tsx1-Tfg2
Bwo7-Tsx1
Eyp3-Bwo7
Pco7-Eyp3
Mtj9-Pco7
Sqo0-Mtj9
Cfo5-Sqo0
Evj2-Xvi2
Uqx0-Evj2
Vmo5-Uqx0
Vhg7-Woe4
Xd_2-Ayr2
Gyw6-Xd_2
Nm_4-Gyw6
Mfo2-Nm_4
S_h8-Mfo2
Gum9-S_h8
Tjm8-Kvm5
Vqd2-Prg6
Sdz3-Wqg5
Mez0-Aok3
Rqn0-Mez0
Bcu2-Vhs6
Jvt3-Bcu2
Nqr3-Jvt3
Cg_1-Nqr3
Bdq4-Cg_1
Xeo2-Ijf6
V_l6-Sqc9
Hty2-Ojm7
Yca5-Rug2
Ome0-Qu_6
Sam8-Ome0
Iro0-Sam8
Ith7-Iro0
Iqp2-Ith7
A_a6-Nnu3
Edw1-Fen2
Eu_5-Edw1
Un_2-Eu_5
Mbl9-Hdy3
D_c7-Oge6
Imd1-D_c7
Pj_3-Ypr3
Yml9-Afe0
Cir4-Yml9
D_d1-Cir4
Mrf0-Gze4
Ghr4-Kvm5
Qnp7-Ycc9
Wp_9-Qnp7
Qvq1-Wp_9
Nyb4-Qvq1
Pja2-Nkn6
Hvk3-Pwh7
Jqr5-Gbw4
Izg9-Gxd0
Iq_2-Izg9
Emf2-Iq_2
Zox1-Vbe0
Bdq4-Zox1
Jrr2-Osq9
Kxr5-Jrr2
Vxu4-Kxr5
Fhh9-Dbr7
Dug3-Ewk3
Tro1-Dug3
Eqq6-Qdb2
Dvm3-Mfe6
Zfo5-Uzw9
Koc7-Zfo5
Tgc1-Koc7
Vbx1-Tgc1
Yxe9-St_4
T_k0-Zjz5
Qq_3-As_3
Sum4-Jdg2
Hkg2-Sum4
Bsq2-Hkg2
Dzt7-Jb_3
Q_j2-Rji5
Ymy2-Q_j2
Wu_0-Ymy2
C_d2-Do_6
Jnh6-Xok3
Isl9-Jnh6
Cor7-Isl9
Upk5-Cor7
Tpz8-Upk5
Ypw5-Tpz8
Pfo5-Umx4
Gwv3-Pz_2
Jfu9-Kvm5
Cnq3-Kof0
Fyo9-Iiy4
Yqb2-Fyo9
Kkq4-Yqb2
Bpo4-Czz4
A_d4-Bpo4
Oum8-Yzf5
Xsl6-Oum8
Vnk9-Xsl6
Pkr1-Vnk9
Gje2-Rkg6
Vfh5-Gje2
Rzt1-Cjg2
Bdq4-Rzt1
Ua_7-Kvm5
Tte9-Ua_7
Pyr4-Acc4
Il_1-Pyr4
Gjo1-Il_1
H_n2-Gjo1
Rr_5-H_n2
Jc_6-Eve6
Bhk4-Jc_6
Khy6-Xxh8
Yxu9-Qtm0
Rav7-Yxu9
Dsg4-Grh2
Bby4-Dsg4
Bdq4-G_o9
G_o9-Gxt6
Gxt6-Bby4
Grh2-Rav7
Qtm0-Xet0
Xet0-Avt2
Avt2-Khy6
Xxh8-Bhk4
Eve6-Ibb0
Ibb0-Rr_5
Acc4-Tte9
Cjg2-Gtm4
Gtm4-Vfh5
Rkg6-Hpn9
Hpn9-Pkr1
Yzf5-A_d4
Czz4-Kkq4
Iiy4-Eg_9
Eg_9-Cnq3
Kof0-Ogj5
Ogj5-Jfu9
Bdq4-Frz6
Frz6-Gwv3
Pz_2-Jxu2
Jxu2-Gn_8
Gn_8-Vvc1
Vvc1-Pfo5
Umx4-Ypw5
Xok3-Kvm5
Bdq4-Qjt5
Qjt5-B_w9
B_w9-C_d2
Do_6-Wu_0
Rji5-Dzt7
Jb_3-Bsq2
Jdg2-Qq_3
As_3-Dyj3
Dyj3-Be_8
Be_8-Nvt6
Nvt6-Nuv5
Nuv5-T_k0
Zjz5-Kvm5
Bdq4-Yxe9
St_4-Dpe4
Dpe4-Vbx1
Uzw9-Dvm3
Mfe6-Eqq6
Qdb2-Fmt0
Fmt0-Tro1
Ewk3-Fhh9
Dbr7-Vxu4
Osq9-Tzp6
Tzp6-Kvm5
Vbe0-Emf2
Gxd0-Ck_5
Ck_5-Jqr5
Gbw4-Hvk3
Pwh7-Pja2
Nkn6-X_m1
X_m1-Nyb4
Ycc9-Ghr4
Bdq4-Wdw7
Wdw7-Mrf0
Gze4-D_d1
Afe0-Pj_3
Ypr3-Imd1
Oge6-Mbl9
Hdy3-Un_2
Fen2-Yzz6
Yzz6-Kvm5
Bdq4-A_a6
Nnu3-Iqp2
Qu_6-Yca5
Rug2-Wwe5
Wwe5-Msp6
Msp6-Hty2
Ojm7-Wcv5
Wcv5-V_l6
Sqc9-Xeo2
Ijf6-Xmp2
Xmp2-Kvm5
Vhs6-Rqn0
Aok3-R_v1
R_v1-Sdz3
Wqg5-Zxm9
Zxm9-Vqd2
Prg6-Tjm8
Bdq4-Kfi2
Kfi2-Gum9
Ayr2-Vmf6
Vmf6-Uzo0
Uzo0-Avh3
Avh3-Mbo1
Mbo1-Zaw4
Zaw4-Xmz7
Xmz7-Mjg1
Mjg1-Vhg7
Woe4-Kvm5
Bdq4-Vmo5
Xvi2-Wsw4
Wsw4-Bus0
Bus0-Ulk9
Ulk9-Acf8
Acf8-Cfo5
Tfg2-Rpv7
Rpv7-Kzi9
Bpl6-Tpc8
Puv0-Mgr6
Mgr6-Sa_8
Ptk1-Sse5
Sse5-Beg0
Yko1-Xiv4
Xiv4-Rhy2
Oka3-Jqw9
Gcy8-Myg8
Mlb8-Dzj2
Dzj2-Vne9
Vne9-Elh4
Elh4-Hpu7
Vxr2-Mg_1
Rgc8-Vim8
Xnd1-Rur6
Shi6-Sqi2
Sqi2-R__4
Vdb2-Qoq6
Dqm9-Myx3
Myx3-U_k1
U_k1-Uv_8
Xd_1-Ugr1
Ugr1-Ax_4
Ax_4-Ycl6
Wbj0-Bvx7
T_s4-Szx4
Bdq4-Hvq7
Ayd7-Jkg6
Jkg6-Rfd4
Rfd4-Ur_1
Ur_1-Pjz7
Pjz7-Rmp6
Wjz2-Rtf6
Uxg1-Ema3
Ema3-Mvj5
Ozb9-Flp2
Flp2-Hes9
Sul5-Uew6
Uew6-Nih0
Nkx3-Ske1
Uci2-J__1
J__1-Xge1
Xge1-M_r6
M_r6-Uhh1
Uhh1-Xvs2
Xvs2-Yqu5
Yqu5-Mbe5
Mbe5-Fnb0
Uwl8-Gpe7
Gpe7-Rsg4
Rsg4-Ane4
Xyt1-W_t5
W_t5-Gt_9
Gt_9-R_h6
Hub3-Szd1
Uew6-Mtd6
Vdb2-Azg4
Jrr2-Pbk2
Fhh9-Qja1
Hpu7-Yac0
Bvx7-X_i6
Eg_9-Rvw1
Yac0-Tym6
Gpe7-Qww2
Uew6-Xix0
Jkg6-Aj_0
Xnd1-Kgu4
Rmp6-Wci1
Qww2-Oq_5
G_o9-Ijp3
Rtf6-Oyw7
Grh2-Mpz7
Yzz6-Piw0
X_i6-Qyg8
Mjg1-Yfp9
Zxm9-W_p6
O_p0-Ojs7
Zxm9-Aci8
Mlz3-Amk9
Oge6-Ks_4
Ojm7-Rjz7
Prg6-Cn_7
Xmz7-Mmg4
Nvt6-Mru6
Our2-Pqv0
Ua_7-Zac3
Szd1-Tko5
Pqv0-Pvy8
Ijp3-Ifk1
Gn_8-Ebi8
Szd1-Kvk9
Mbe5-Yaj1
Rfg5-Biq8
Yac0-Jux1
Gwv3-Sn_1
Ozx0-Fky4
X_i6-Gza1
Uew6-Qj_6
Cn_7-Wpt9
Pz_2-Kfz7
Uha9-Ron7
Xsl6-Evi4
Gpe7-Wuj9
Dzj2-Bwh0
Ozb9-Aov2
Qyg8-Nph0
S_h8-Rga6
Ema3-Rzt7
Ayr2-V_a2
Yko1-Iyw3
Smh0-Dwo0
Rzt1-Jdw9
Rgc8-Asu5
Mvj5-Xun3
Rzt1-Enl6
Tfg2-Vfb4
Mmg4-Hxy1
Oka2-Bzb2
Grh2-Pof5
Rvp3-Ctt4
Hkg2-Cpg6
Gxd0-Xna7
Mfo2-Mk_8
R_v1-N_z8
Sqc9-Y_l3
Mfe6-Pfa4
Yna1-Oky7
Xgx3-Fxg0
Gyw6-Dkh7
Uyf1-Sqw8
Gjo1-Qcd4
Tpz8-Gtu4
Vmo5-Ib_1
Cht5-Hv_9
D_d1-Gxr4
#Here is the number of lines required: 32

L1-G_o9 L2-Rzt1 L3-Yxe9 L4-Qjt5 L5-Vmo5 L6-A_a6 L7-Zox1 L8-Wdw7 L9-Kfi2 L10-Bpl6 L11-Frz6 L12-Cg_1
L1-Gxt6 L13-G_o9 L2-Cjg2 L14-Rzt1 L3-St_4 L15-Yxe9 L4-B_w9 L16-Qjt5 L5-Uqx0 L17-Vmo5 L6-Nnu3 L18-A_a6 L7-Vbe0 L19-Zox1 L8-Mrf0 L20-Wdw7 L9-Gum9 L21-Kfi2 L10-Tpc8 L22-Bpl6 L11-Gwv3 L23-Frz6 L12-Nqr3 L24-Cg_1
L1-Bby4 L13-Gxt6 L25-G_o9 L2-Gtm4 L14-Cjg2 L26-Rzt1 L3-Dpe4 L15-St_4 L27-Yxe9 L4-C_d2 L16-B_w9 L28-Qjt5 L5-Evj2 L17-Uqx0 L29-Vmo5 L6-Iqp2 L18-Nnu3 L30-A_a6 L7-Emf2 L19-Vbe0 L31-Zox1 L8-Gze4 L20-Mrf0 L32-Wdw7 L9-S_h8 L21-Gum9 L33-Kfi2 L10-Jtk2 L22-Tpc8 L34-Bpl6 L11-Pz_2 L23-Gwv3 L35-Frz6 L12-Jvt3 L24-Nqr3 L36-Cg_1
L1-Dsg4 L13-Bby4 L25-Gxt6 L37-G_o9 L2-Vfh5 L14-Gtm4 L26-Cjg2 L38-Rzt1 L3-Vbx1 L15-Dpe4 L27-St_4 L39-Yxe9 L4-Do_6 L16-C_d2 L28-B_w9 L40-Qjt5 L5-Xvi2 L17-Evj2 L29-Uqx0 L41-Vmo5 L6-Ith7 L18-Iqp2 L30-Nnu3 L42-A_a6 L7-Iq_2 L19-Emf2 L31-Vbe0 L43-Zox1 L8-D_d1 L20-Gze4 L32-Mrf0 L44-Wdw7 L9-Mfo2 L21-S_h8 L33-Gum9 L45-Kfi2 L10-Ovh1 L22-Jtk2 L34-Tpc8 L46-Bpl6 L11-Jxu2 L23-Pz_2 L35-Gwv3 L47-Frz6 L12-Bcu2 L24-Jvt3 L36-Nqr3 L48-Cg_1
L1-Grh2 L13-Dsg4 L25-Bby4 L37-Gxt6 L49-G_o9 L2-Gje2 L14-Vfh5 L26-Gtm4 L38-Cjg2 L50-Rzt1 L3-Tgc1 L15-Vbx1 L27-Dpe4 L39-St_4 L51-Yxe9 L4-Wu_0 L16-Do_6 L28-C_d2 L40-B_w9 L52-Qjt5 L5-Wsw4 L17-Xvi2 L29-Evj2 L41-Uqx0 L53-Vmo5 L6-Iro0 L18-Ith7 L30-Iqp2 L42-Nnu3 L54-A_a6 L7-Izg9 L19-Iq_2 L31-Emf2 L43-Vbe0 L55-Zox1 L8-Cir4 L20-D_d1 L32-Gze4 L44-Mrf0 L56-Wdw7 L9-Nm_4 L21-Mfo2 L33-S_h8 L45-Gum9 L57-Kfi2 L10-Puv0 L22-Ovh1 L34-Jtk2 L46-Tpc8 L58-Bpl6 L11-Gn_8 L23-Jxu2 L35-Pz_2 L47-Gwv3 L59-Frz6 L12-Vhs6 L24-Bcu2 L36-Jvt3 L48-Nqr3 L60-Cg_1
L1-Rav7 L13-Grh2 L25-Dsg4 L37-Bby4 L49-Gxt6 L61-G_o9 L2-Rkg6 L14-Gje2 L26-Vfh5 L38-Gtm4 L50-Cjg2 L62-Rzt1 L3-Koc7 L15-Tgc1 L27-Vbx1 L39-Dpe4 L51-St_4 L63-Yxe9 L4-Ymy2 L16-Wu_0 L28-Do_6 L40-C_d2 L52-B_w9 L64-Qjt5 L5-Bus0 L17-Wsw4 L29-Xvi2 L41-Evj2 L53-Uqx0 L65-Vmo5 L6-Sam8 L18-Iro0 L30-Ith7 L42-Iqp2 L54-Nnu3 L66-A_a6 L7-Gxd0 L19-Izg9 L31-Iq_2 L43-Emf2 L55-Vbe0 L67-Zox1 L8-Yml9 L20-Cir4 L32-D_d1 L44-Gze4 L56-Mrf0 L68-Wdw7 L9-Gyw6 L21-Nm_4 L33-Mfo2 L45-S_h8 L57-Gum9 L69-Kfi2 L10-Mgr6 L22-Puv0 L34-Ovh1 L46-Jtk2 L58-Tpc8 L70-Bpl6 L11-Vvc1 L23-Gn_8 L35-Jxu2 L47-Pz_2 L59-Gwv3 L71-Frz6 L12-Rqn0 L24-Vhs6 L36-Bcu2 L48-Jvt3 L60-Nqr3 L72-Cg_1
L1-Yxu9 L13-Rav7 L25-Grh2 L37-Dsg4 L49-Bby4 L61-Gxt6 L73-G_o9 L2-Hpn9 L14-Rkg6 L26-Gje2 L38-Vfh5 L50-Gtm4 L62-Cjg2 L74-Rzt1 L3-Zfo5 L15-Koc7 L27-Tgc1 L39-Vbx1 L51-Dpe4 L63-St_4 L75-Yxe9 L4-Q_j2 L16-Ymy2 L28-Wu_0 L40-Do_6 L52-C_d2 L64-B_w9 L76-Qjt5 L5-Ulk9 L17-Bus0 L29-Wsw4 L41-Xvi2 L53-Evj2 L65-Uqx0 L77-Vmo5 L6-Ome0 L18-Sam8 L30-Iro0 L42-Ith7 L54-Iqp2 L66-Nnu3 L78-A_a6 L7-Ck_5 L19-Gxd0 L31-Izg9 L43-Iq_2 L55-Emf2 L67-Vbe0 L79-Zox1 L8-Afe0 L20-Yml9 L32-Cir4 L44-D_d1 L56-Gze4 L68-Mrf0 L80-Wdw7 L9-Xd_2 L21-Gyw6 L33-Nm_4 L45-Mfo2 L57-S_h8 L69-Gum9 L81-Kfi2 L10-Sa_8 L22-Mgr6 L34-Puv0 L46-Ovh1 L58-Jtk2 L70-Tpc8 L82-Bpl6 L11-Pfo5 L23-Vvc1 L35-Gn_8 L47-Jxu2 L59-Pz_2 L71-Gwv3 L83-Frz6 L12-Mez0 L24-Rqn0 L36-Vhs6 L48-Bcu2 L60-Jvt3 L72-Nqr3 L84-Cg_1
L1-Qtm0 L13-Yxu9 L25-Rav7 L37-Grh2 L49-Dsg4 L61-Bby4 L73-Gxt6 L85-G_o9 L2-Pkr1 L14-Hpn9 L26-Rkg6 L38-Gje2 L50-Vfh5 L62-Gtm4 L74-Cjg2 L86-Rzt1 L3-Uzw9 L15-Zfo5 L27-Koc7 L39-Tgc1 L51-Vbx1 L63-Dpe4 L75-St_4 L87-Yxe9 L4-Rji5 L16-Q_j2 L28-Ymy2 L40-Wu_0 L52-Do_6 L64-C_d2 L76-B_w9 L88-Qjt5 L5-Acf8 L17-Ulk9 L29-Bus0 L41-Wsw4 L53-Xvi2 L65-Evj2 L77-Uqx0 L89-Vmo5 L6-Qu_6 L18-Ome0 L30-Sam8 L42-Iro0 L54-Ith7 L66-Iqp2 L78-Nnu3 L90-A_a6 L7-Jqr5 L19-Ck_5 L31-Gxd0 L43-Izg9 L55-Iq_2 L67-Emf2 L79-Vbe0 L91-Zox1 L8-Pj_3 L20-Afe0 L32-Yml9 L44-Cir4 L56-D_d1 L68-Gze4 L80-Mrf0 L92-Wdw7 L9-Ayr2 L21-Xd_2 L33-Gyw6 L45-Nm_4 L57-Mfo2 L69-S_h8 L81-Gum9 L93-Kfi2 L10-Swk2 L22-Sa_8 L34-Mgr6 L46-Puv0 L58-Ovh1 L70-Jtk2 L82-Tpc8 L94-Bpl6 L11-Umx4 L23-Pfo5 L35-Vvc1 L47-Gn_8 L59-Jxu2 L71-Pz_2 L83-Gwv3 L95-Frz6 L12-Aok3 L24-Mez0 L36-Rqn0 L48-Vhs6 L60-Bcu2 L72-Jvt3 L84-Nqr3 L96-Cg_1
L1-Xet0 L13-Qtm0 L25-Yxu9 L37-Rav7 L49-Grh2 L61-Dsg4 L73-Bby4 L85-Gxt6 L97-G_o9 L2-Vnk9 L14-Pkr1 L26-Hpn9 L38-Rkg6 L50-Gje2 L62-Vfh5 L74-Gtm4 L86-Cjg2 L98-Rzt1 L3-Dvm3 L15-Uzw9 L27-Zfo5 L39-Koc7 L51-Tgc1 L63-Vbx1 L75-Dpe4 L87-St_4 L99-Yxe9 L4-Dzt7 L16-Rji5 L28-Q_j2 L40-Ymy2 L52-Wu_0 L64-Do_6 L76-C_d2 L88-B_w9 L100-Qjt5 L5-Cfo5 L17-Acf8 L29-Ulk9 L41-Bus0 L53-Wsw4 L65-Xvi2 L77-Evj2 L89-Uqx0 L101-Vmo5 L6-Yca5 L18-Qu_6 L30-Ome0 L42-Sam8 L54-Iro0 L66-Ith7 L78-Iqp2 L90-Nnu3 L102-A_a6 L7-Gbw4 L19-Jqr5 L31-Ck_5 L43-Gxd0 L55-Izg9 L67-Iq_2 L79-Emf2 L91-Vbe0 L103-Zox1 L8-Ypr3 L20-Pj_3 L32-Afe0 L44-Yml9 L56-Cir4 L68-D_d1 L80-Gze4 L92-Mrf0 L104-Wdw7 L9-Vmf6 L21-Ayr2 L33-Xd_2 L45-Gyw6 L57-Nm_4 L69-Mfo2 L81-S_h8 L93-Gum9 L105-Kfi2 L10-Khy0 L22-Swk2 L34-Sa_8 L46-Mgr6 L58-Puv0 L70-Ovh1 L82-Jtk2 L94-Tpc8 L106-Bpl6 L11-Ypw5 L23-Umx4 L35-Pfo5 L47-Vvc1 L59-Gn_8 L71-Jxu2 L83-Pz_2 L95-Gwv3 L107-Frz6 L12-R_v1 L24-Aok3 L36-Mez0 L48-Rqn0 L60-Vhs6 L72-Bcu2 L84-Jvt3 L96-Nqr3 L108-Cg_1
L1-Avt2 L13-Xet0 L25-Qtm0 L37-Yxu9 L49-Rav7 L61-Grh2 L73-Dsg4 L85-Bby4 L97-Gxt6 L109-G_o9 L2-Xsl6 L14-Vnk9 L26-Pkr1 L38-Hpn9 L50-Rkg6 L62-Gje2 L74-Vfh5 L86-Gtm4 L98-Cjg2 L110-Rzt1 L3-Mfe6 L15-Dvm3 L27-Uzw9 L39-Zfo5 L51-Koc7 L63-Tgc1 L75-Vbx1 L87-Dpe4 L99-St_4 L111-Yxe9 L4-Jb_3 L16-Dzt7 L28-Rji5 L40-Q_j2 L52-Ymy2 L64-Wu_0 L76-Do_6 L88-C_d2 L100-B_w9 L112-Qjt5 L5-Sqo0 L17-Cfo5 L29-Acf8 L41-Ulk9 L53-Bus0 L65-Wsw4 L77-Xvi2 L89-Evj2 L101-Uqx0 L113-Vmo5 L6-Rug2 L18-Yca5 L30-Qu_6 L42-Ome0 L54-Sam8 L66-Iro0 L78-Ith7 L90-Iqp2 L102-Nnu3 L114-A_a6 L7-Hvk3 L19-Gbw4 L31-Jqr5 L43-Ck_5 L55-Gxd0 L67-Izg9 L79-Iq_2 L91-Emf2 L103-Vbe0 L115-Zox1 L8-Imd1 L20-Ypr3 L32-Pj_3 L44-Afe0 L56-Yml9 L68-Cir4 L80-D_d1 L92-Gze4 L104-Mrf0 L116-Wdw7 L9-Uzo0 L21-Vmf6 L33-Ayr2 L45-Xd_2 L57-Gyw6 L69-Nm_4 L81-Mfo2 L93-S_h8 L105-Gum9 L117-Kfi2 L10-Ptk1 L22-Khy0 L34-Swk2 L46-Sa_8 L58-Mgr6 L70-Puv0 L82-Ovh1 L94-Jtk2 L106-Tpc8 L118-Bpl6 L11-Tpz8 L23-Ypw5 L35-Umx4 L47-Pfo5 L59-Vvc1 L71-Gn_8 L83-Jxu2 L95-Pz_2 L107-Gwv3 L119-Frz6 L12-Sdz3 L24-R_v1 L36-Aok3 L48-Mez0 L60-Rqn0 L72-Vhs6 L84-Bcu2 L96-Jvt3 L108-Nqr3 L120-Cg_1
L1-Khy6 L13-Avt2 L25-Xet0 L37-Qtm0 L49-Yxu9 L61-Rav7 L73-Grh2 L85-Dsg4 L97-Bby4 L109-Gxt6 L121-G_o9 L2-Oum8 L14-Xsl6 L26-Vnk9 L38-Pkr1 L50-Hpn9 L62-Rkg6 L74-Gje2 L86-Vfh5 L98-Gtm4 L110-Cjg2 L122-Rzt1 L3-Eqq6 L15-Mfe6 L27-Dvm3 L39-Uzw9 L51-Zfo5 L63-Koc7 L75-Tgc1 L87-Vbx1 L99-Dpe4 L111-St_4 L123-Yxe9 L4-Bsq2 L16-Jb_3 L28-Dzt7 L40-Rji5 L52-Q_j2 L64-Ymy2 L76-Wu_0 L88-Do_6 L100-C_d2 L112-B_w9 L124-Qjt5 L5-Mtj9 L17-Sqo0 L29-Cfo5 L41-Acf8 L53-Ulk9 L65-Bus0 L77-Wsw4 L89-Xvi2 L101-Evj2 L113-Uqx0 L125-Vmo5 L6-Wwe5 L18-Rug2 L30-Yca5 L42-Qu_6 L54-Ome0 L66-Sam8 L78-Iro0 L90-Ith7 L102-Iqp2 L114-Nnu3 L126-A_a6 L7-Pwh7 L19-Hvk3 L31-Gbw4 L43-Jqr5 L55-Ck_5 L67-Gxd0 L79-Izg9 L91-Iq_2 L103-Emf2 L115-Vbe0 L127-Zox1 L8-D_c7 L20-Imd1 L32-Ypr3 L44-Pj_3 L56-Afe0 L68-Yml9 L80-Cir4 L92-D_d1 L104-Gze4 L116-Mrf0 L128-Wdw7 L9-Avh3 L21-Uzo0 L33-Vmf6 L45-Ayr2 L57-Xd_2 L69-Gyw6 L81-Nm_4 L93-Mfo2 L105-S_h8 L117-Gum9 L129-Kfi2 L10-Sse5 L22-Ptk1 L34-Khy0 L46-Swk2 L58-Sa_8 L70-Mgr6 L82-Puv0 L94-Ovh1 L106-Jtk2 L118-Tpc8 L130-Bpl6 L11-Upk5 L23-Tpz8 L35-Ypw5 L47-Umx4 L59-Pfo5 L71-Vvc1 L83-Gn_8 L95-Jxu2 L107-Pz_2 L119-Gwv3 L131-Frz6 L12-Wqg5 L24-Sdz3 L36-R_v1 L48-Aok3 L60-Mez0 L72-Rqn0 L84-Vhs6 L96-Bcu2 L108-Jvt3 L120-Nqr3 L132-Cg_1
L1-Xxh8 L13-Khy6 L25-Avt2 L37-Xet0 L49-Qtm0 L61-Yxu9 L73-Rav7 L85-Grh2 L97-Dsg4 L109-Bby4 L121-Gxt6 L133-G_o9 L2-Yzf5 L14-Oum8 L26-Xsl6 L38-Vnk9 L50-Pkr1 L62-Hpn9 L74-Rkg6 L86-Gje2 L98-Vfh5 L110-Gtm4 L122-Cjg2 L134-Rzt1 L3-Qdb2 L15-Eqq6 L27-Mfe6 L39-Dvm3 L51-Uzw9 L63-Zfo5 L75-Koc7 L87-Tgc1 L99-Vbx1 L111-Dpe4 L123-St_4 L135-Yxe9 L4-Hkg2 L16-Bsq2 L28-Jb_3 L40-Dzt7 L52-Rji5 L64-Q_j2 L76-Ymy2 L88-Wu_0 L100-Do_6 L112-C_d2 L124-B_w9 L136-Qjt5 L5-Pco7 L17-Mtj9 L29-Sqo0 L41-Cfo5 L53-Acf8 L65-Ulk9 L77-Bus0 L89-Wsw4 L101-Xvi2 L113-Evj2 L125-Uqx0 L137-Vmo5 L6-Msp6 L18-Wwe5 L30-Rug2 L42-Yca5 L54-Qu_6 L66-Ome0 L78-Sam8 L90-Iro0 L102-Ith7 L114-Iqp2 L126-Nnu3 L138-A_a6 L7-Pja2 L19-Pwh7 L31-Hvk3 L43-Gbw4 L55-Jqr5 L67-Ck_5 L79-Gxd0 L91-Izg9 L103-Iq_2 L115-Emf2 L127-Vbe0 L139-Zox1 L8-Oge6 L20-D_c7 L32-Imd1 L44-Ypr3 L56-Pj_3 L68-Afe0 L80-Yml9 L92-Cir4 L104-D_d1 L116-Gze4 L128-Mrf0 L140-Wdw7 L9-Mbo1 L21-Avh3 L33-Uzo0 L45-Vmf6 L57-Ayr2 L69-Xd_2 L81-Gyw6 L93-Nm_4 L105-Mfo2 L117-S_h8 L129-Gum9 L141-Kfi2 L10-Beg0 L22-Sse5 L34-Ptk1 L46-Khy0 L58-Swk2 L70-Sa_8 L82-Mgr6 L94-Puv0 L106-Ovh1 L118-Jtk2 L130-Tpc8 L142-Bpl6 L11-Cor7 L23-Upk5 L35-Tpz8 L47-Ypw5 L59-Umx4 L71-Pfo5 L83-Vvc1 L95-Gn_8 L107-Jxu2 L119-Pz_2 L131-Gwv3 L143-Frz6 L12-Zxm9 L24-Wqg5 L36-Sdz3 L48-R_v1 L60-Aok3 L72-Mez0 L84-Rqn0 L96-Vhs6 L108-Bcu2 L120-Jvt3 L132-Nqr3 L144-Cg_1
L1-Bhk4 L13-Xxh8 L25-Khy6 L37-Avt2 L49-Xet0 L61-Qtm0 L73-Yxu9 L85-Rav7 L97-Grh2 L109-Dsg4 L121-Bby4 L133-Gxt6 L2-A_d4 L14-Yzf5 L26-Oum8 L38-Xsl6 L50-Vnk9 L62-Pkr1 L74-Hpn9 L86-Rkg6 L98-Gje2 L110-Vfh5 L122-Gtm4 L134-Cjg2 L3-Fmt0 L15-Qdb2 L27-Eqq6 L39-Mfe6 L51-Dvm3 L63-Uzw9 L75-Zfo5 L87-Koc7 L99-Tgc1 L111-Vbx1 L123-Dpe4 L135-St_4 L4-Sum4 L16-Hkg2 L28-Bsq2 L40-Jb_3 L52-Dzt7 L64-Rji5 L76-Q_j2 L88-Ymy2 L100-Wu_0 L112-Do_6 L124-C_d2 L136-B_w9 L5-Eyp3 L17-Pco7 L29-Mtj9 L41-Sqo0 L53-Cfo5 L65-Acf8 L77-Ulk9 L89-Bus0 L101-Wsw4 L113-Xvi2 L125-Evj2 L137-Uqx0 L6-Hty2 L18-Msp6 L30-Wwe5 L42-Rug2 L54-Yca5 L66-Qu_6 L78-Ome0 L90-Sam8 L102-Iro0 L114-Ith7 L126-Iqp2 L138-Nnu3 L7-Nkn6 L19-Pja2 L31-Pwh7 L43-Hvk3 L55-Gbw4 L67-Jqr5 L79-Ck_5 L91-Gxd0 L103-Izg9 L115-Iq_2 L127-Emf2 L139-Vbe0 L8-Mbl9 L20-Oge6 L32-D_c7 L44-Imd1 L56-Ypr3 L68-Pj_3 L80-Afe0 L92-Yml9 L104-Cir4 L116-D_d1 L128-Gze4 L140-Mrf0 L9-Zaw4 L21-Mbo1 L33-Avh3 L45-Uzo0 L57-Vmf6 L69-Ayr2 L81-Xd_2 L93-Gyw6 L105-Nm_4 L117-Mfo2 L129-S_h8 L141-Gum9 L145-Kfi2 L10-Jp_3 L22-Beg0 L34-Sse5 L46-Ptk1 L58-Khy0 L70-Swk2 L82-Sa_8 L94-Mgr6 L106-Puv0 L118-Ovh1 L130-Jtk2 L142-Tpc8 L146-Bpl6 L11-Isl9 L23-Cor7 L35-Upk5 L47-Tpz8 L59-Ypw5 L71-Umx4 L83-Pfo5 L95-Vvc1 L107-Gn_8 L119-Jxu2 L131-Pz_2 L143-Gwv3 L147-Frz6 L12-Vqd2 L24-Zxm9 L36-Wqg5 L48-Sdz3 L60-R_v1 L72-Aok3 L84-Mez0 L96-Rqn0 L108-Vhs6 L120-Bcu2 L132-Jvt3 L144-Nqr3 L148-Cg_1
L1-Jc_6 L13-Bhk4 L25-Xxh8 L37-Khy6 L49-Avt2 L61-Xet0 L73-Qtm0 L85-Yxu9 L97-Rav7 L109-Grh2 L121-Dsg4 L133-Bby4 L2-Bpo4 L14-A_d4 L26-Yzf5 L38-Oum8 L50-Xsl6 L62-Vnk9 L74-Pkr1 L86-Hpn9 L98-Rkg6 L110-Gje2 L122-Vfh5 L134-Gtm4 L3-Tro1 L15-Fmt0 L27-Qdb2 L39-Eqq6 L51-Mfe6 L63-Dvm3 L75-Uzw9 L87-Zfo5 L99-Koc7 L111-Tgc1 L123-Vbx1 L135-Dpe4 L4-Jdg2 L16-Sum4 L28-Hkg2 L40-Bsq2 L52-Jb_3 L64-Dzt7 L76-Rji5 L88-Q_j2 L100-Ymy2 L112-Wu_0 L124-Do_6 L136-C_d2 L5-Bwo7 L17-Eyp3 L29-Pco7 L41-Mtj9 L53-Sqo0 L65-Cfo5 L77-Acf8 L89-Ulk9 L101-Bus0 L113-Wsw4 L125-Xvi2 L137-Evj2 L6-Ojm7 L18-Hty2 L30-Msp6 L42-Wwe5 L54-Rug2 L66-Yca5 L78-Qu_6 L90-Ome0 L102-Sam8 L114-Iro0 L126-Ith7 L138-Iqp2 L7-X_m1 L19-Nkn6 L31-Pja2 L43-Pwh7 L55-Hvk3 L67-Gbw4 L79-Jqr5 L91-Ck_5 L103-Gxd0 L115-Izg9 L127-Iq_2 L139-Emf2 L8-Hdy3 L20-Mbl9 L32-Oge6 L44-D_c7 L56-Imd1 L68-Ypr3 L80-Pj_3 L92-Afe0 L104-Yml9 L116-Cir4 L128-D_d1 L140-Gze4 L9-Xmz7 L21-Zaw4 L33-Mbo1 L45-Avh3 L57-Uzo0 L69-Vmf6 L81-Ayr2 L93-Xd_2 L105-Gyw6 L117-Nm_4 L129-Mfo2 L141-S_h8 L145-Gum9 L10-Jwu6 L22-Jp_3 L34-Beg0 L46-Sse5 L58-Ptk1 L70-Khy0 L82-Swk2 L94-Sa_8 L106-Mgr6 L118-Puv0 L130-Ovh1 L142-Jtk2 L146-Tpc8 L11-Jnh6 L23-Isl9 L35-Cor7 L47-Upk5 L59-Tpz8 L71-Ypw5 L83-Umx4 L95-Pfo5 L107-Vvc1 L119-Gn_8 L131-Jxu2 L143-Pz_2 L147-Gwv3 L12-Prg6 L24-Vqd2 L36-Zxm9 L48-Wqg5 L60-Sdz3 L72-R_v1 L84-Aok3 L96-Mez0 L108-Rqn0 L120-Vhs6 L132-Bcu2 L144-Jvt3 L148-Nqr3
L1-Eve6 L13-Jc_6 L25-Bhk4 L37-Xxh8 L49-Khy6 L61-Avt2 L73-Xet0 L85-Qtm0 L97-Yxu9 L109-Rav7 L121-Grh2 L133-Dsg4 L2-Czz4 L14-Bpo4 L26-A_d4 L38-Yzf5 L50-Oum8 L62-Xsl6 L74-Vnk9 L86-Pkr1 L98-Hpn9 L110-Rkg6 L122-Gje2 L134-Vfh5 L3-Dug3 L15-Tro1 L27-Fmt0 L39-Qdb2 L51-Eqq6 L63-Mfe6 L75-Dvm3 L87-Uzw9 L99-Zfo5 L111-Koc7 L123-Tgc1 L135-Vbx1 L4-Qq_3 L16-Jdg2 L28-Sum4 L40-Hkg2 L52-Bsq2 L64-Jb_3 L76-Dzt7 L88-Rji5 L100-Q_j2 L112-Ymy2 L124-Wu_0 L136-Do_6 L5-Tsx1 L17-Bwo7 L29-Eyp3 L41-Pco7 L53-Mtj9 L65-Sqo0 L77-Cfo5 L89-Acf8 L101-Ulk9 L113-Bus0 L125-Wsw4 L137-Xvi2 L6-Wcv5 L18-Ojm7 L30-Hty2 L42-Msp6 L54-Wwe5 L66-Rug2 L78-Yca5 L90-Qu_6 L102-Ome0 L114-Sam8 L126-Iro0 L138-Ith7 L7-Nyb4 L19-X_m1 L31-Nkn6 L43-Pja2 L55-Pwh7 L67-Hvk3 L79-Gbw4 L91-Jqr5 L103-Ck_5 L115-Gxd0 L127-Izg9 L139-Iq_2 L8-Un_2 L20-Hdy3 L32-Mbl9 L44-Oge6 L56-D_c7 L68-Imd1 L80-Ypr3 L92-Pj_3 L104-Afe0 L116-Yml9 L128-Cir4 L140-D_d1 L9-Mjg1 L21-Xmz7 L33-Zaw4 L45-Mbo1 L57-Avh3 L69-Uzo0 L81-Vmf6 L93-Ayr2 L105-Xd_2 L117-Gyw6 L129-Nm_4 L141-Mfo2 L145-S_h8 L10-Qcu0 L22-Jwu6 L34-Jp_3 L46-Beg0 L58-Sse5 L70-Ptk1 L82-Khy0 L94-Swk2 L106-Sa_8 L118-Mgr6 L130-Puv0 L142-Ovh1 L146-Jtk2 L11-Xok3 L23-Jnh6 L35-Isl9 L47-Cor7 L59-Upk5 L71-Tpz8 L83-Ypw5 L95-Umx4 L107-Pfo5 L119-Vvc1 L131-Gn_8 L143-Jxu2 L147-Pz_2 L12-Tjm8 L24-Prg6 L36-Vqd2 L48-Zxm9 L60-Wqg5 L72-Sdz3 L84-R_v1 L96-Aok3 L108-Mez0 L120-Rqn0 L132-Vhs6 L144-Bcu2 L148-Jvt3
L1-Ibb0 L13-Eve6 L25-Jc_6 L37-Bhk4 L49-Xxh8 L61-Khy6 L73-Avt2 L85-Xet0 L97-Qtm0 L109-Yxu9 L121-Rav7 L133-Grh2 L2-Kkq4 L14-Czz4 L26-Bpo4 L38-A_d4 L50-Yzf5 L62-Oum8 L74-Xsl6 L86-Vnk9 L98-Pkr1 L110-Hpn9 L122-Rkg6 L134-Gje2 L3-Ewk3 L15-Dug3 L27-Tro1 L39-Fmt0 L51-Qdb2 L63-Eqq6 L75-Mfe6 L87-Dvm3 L99-Uzw9 L111-Zfo5 L123-Koc7 L135-Tgc1 L4-As_3 L16-Qq_3 L28-Jdg2 L40-Sum4 L52-Hkg2 L64-Bsq2 L76-Jb_3 L88-Dzt7 L100-Rji5 L112-Q_j2 L124-Ymy2 L136-Wu_0 L5-Tfg2 L17-Tsx1 L29-Bwo7 L41-Eyp3 L53-Pco7 L65-Mtj9 L77-Sqo0 L89-Cfo5 L101-Acf8 L113-Ulk9 L125-Bus0 L137-Wsw4 L6-V_l6 L18-Wcv5 L30-Ojm7 L42-Hty2 L54-Msp6 L66-Wwe5 L78-Rug2 L90-Yca5 L102-Qu_6 L114-Ome0 L126-Sam8 L138-Iro0 L7-Qvq1 L19-Nyb4 L31-X_m1 L43-Nkn6 L55-Pja2 L67-Pwh7 L79-Hvk3 L91-Gbw4 L103-Jqr5 L115-Ck_5 L127-Gxd0 L139-Izg9 L8-Eu_5 L20-Un_2 L32-Hdy3 L44-Mbl9 L56-Oge6 L68-D_c7 L80-Imd1 L92-Ypr3 L104-Pj_3 L116-Afe0 L128-Yml9 L140-Cir4 L9-Vhg7 L21-Mjg1 L33-Xmz7 L45-Zaw4 L57-Mbo1 L69-Avh3 L81-Uzo0 L93-Vmf6 L105-Ayr2 L117-Xd_2 L129-Gyw6 L141-Nm_4 L145-Mfo2 L10-Htb4 L22-Qcu0 L34-Jwu6 L46-Jp_3 L58-Beg0 L70-Sse5 L82-Ptk1 L94-Khy0 L106-Swk2 L118-Sa_8 L130-Mgr6 L142-Puv0 L146-Ovh1 L11-Kvm5 L23-Xok3 L35-Jnh6 L47-Isl9 L59-Cor7 L71-Upk5 L83-Tpz8 L95-Ypw5 L107-Umx4 L119-Pfo5 L131-Vvc1 L143-Gn_8 L147-Jxu2 L12-Kvm5 L24-Tjm8 L36-Prg6 L48-Vqd2 L60-Zxm9 L72-Wqg5 L84-Sdz3 L96-R_v1 L108-Aok3 L120-Mez0 L132-Rqn0 L144-Vhs6 L148-Bcu2
L1-Rr_5 L13-Ibb0 L25-Eve6 L37-Jc_6 L49-Bhk4 L61-Xxh8 L73-Khy6 L85-Avt2 L97-Xet0 L109-Qtm0 L121-Yxu9 L133-Rav7 L2-Yqb2 L14-Kkq4 L26-Czz4 L38-Bpo4 L50-A_d4 L62-Yzf5 L74-Oum8 L86-Xsl6 L98-Vnk9 L110-Pkr1 L122-Hpn9 L134-Rkg6 L3-Fhh9 L15-Ewk3 L27-Dug3 L39-Tro1 L51-Fmt0 L63-Qdb2 L75-Eqq6 L87-Mfe6 L99-Dvm3 L111-Uzw9 L123-Zfo5 L135-Koc7 L4-Dyj3 L16-As_3 L28-Qq_3 L40-Jdg2 L52-Sum4 L64-Hkg2 L76-Bsq2 L88-Jb_3 L100-Dzt7 L112-Rji5 L124-Q_j2 L136-Ymy2 L5-Rpv7 L17-Tfg2 L29-Tsx1 L41-Bwo7 L53-Eyp3 L65-Pco7 L77-Mtj9 L89-Sqo0 L101-Cfo5 L113-Acf8 L125-Ulk9 L137-Bus0 L6-Sqc9 L18-V_l6 L30-Wcv5 L42-Ojm7 L54-Hty2 L66-Msp6 L78-Wwe5 L90-Rug2 L102-Yca5 L114-Qu_6 L126-Ome0 L138-Sam8 L7-Wp_9 L19-Qvq1 L31-Nyb4 L43-X_m1 L55-Nkn6 L67-Pja2 L79-Pwh7 L91-Hvk3 L103-Gbw4 L115-Jqr5 L127-Ck_5 L139-Gxd0 L8-Edw1 L20-Eu_5 L32-Un_2 L44-Hdy3 L56-Mbl9 L68-Oge6 L80-D_c7 L92-Imd1 L104-Ypr3 L116-Pj_3 L128-Afe0 L140-Yml9 L9-Woe4 L21-Vhg7 L33-Mjg1 L45-Xmz7 L57-Zaw4 L69-Mbo1 L81-Avh3 L93-Uzo0 L105-Vmf6 L117-Ayr2 L129-Xd_2 L141-Gyw6 L145-Nm_4 L10-Kvm5 L22-Htb4 L34-Qcu0 L46-Jwu6 L58-Jp_3 L70-Beg0 L82-Sse5 L94-Ptk1 L106-Khy0 L118-Swk2 L130-Sa_8 L142-Mgr6 L146-Puv0 L23-Kvm5 L35-Xok3 L47-Jnh6 L59-Isl9 L71-Cor7 L83-Upk5 L95-Tpz8 L107-Ypw5 L119-Umx4 L131-Pfo5 L143-Vvc1 L147-Gn_8 L24-Kvm5 L36-Tjm8 L48-Prg6 L60-Vqd2 L72-Zxm9 L84-Wqg5 L96-Sdz3 L108-R_v1 L120-Aok3 L132-Mez0 L144-Rqn0 L148-Vhs6
L1-H_n2 L13-Rr_5 L25-Ibb0 L37-Eve6 L49-Jc_6 L61-Bhk4 L73-Xxh8 L85-Khy6 L97-Avt2 L109-Xet0 L121-Qtm0 L133-Yxu9 L2-Fyo9 L14-Yqb2 L26-Kkq4 L38-Czz4 L50-Bpo4 L62-A_d4 L74-Yzf5 L86-Oum8 L98-Xsl6 L110-Vnk9 L122-Pkr1 L134-Hpn9 L3-Dbr7 L15-Fhh9 L27-Ewk3 L39-Dug3 L51-Tro1 L63-Fmt0 L75-Qdb2 L87-Eqq6 L99-Mfe6 L111-Dvm3 L123-Uzw9 L135-Zfo5 L4-Be_8 L16-Dyj3 L28-As_3 L40-Qq_3 L52-Jdg2 L64-Sum4 L76-Hkg2 L88-Bsq2 L100-Jb_3 L112-Dzt7 L124-Rji5 L136-Q_j2 L5-Kzi9 L17-Rpv7 L29-Tfg2 L41-Tsx1 L53-Bwo7 L65-Eyp3 L77-Pco7 L89-Mtj9 L101-Sqo0 L113-Cfo5 L125-Acf8 L137-Ulk9 L6-Xeo2 L18-Sqc9 L30-V_l6 L42-Wcv5 L54-Ojm7 L66-Hty2 L78-Msp6 L90-Wwe5 L102-Rug2 L114-Yca5 L126-Qu_6 L138-Ome0 L7-Qnp7 L19-Wp_9 L31-Qvq1 L43-Nyb4 L55-X_m1 L67-Nkn6 L79-Pja2 L91-Pwh7 L103-Hvk3 L115-Gbw4 L127-Jqr5 L139-Ck_5 L8-Fen2 L20-Edw1 L32-Eu_5 L44-Un_2 L56-Hdy3 L68-Mbl9 L80-Oge6 L92-D_c7 L104-Imd1 L116-Ypr3 L128-Pj_3 L140-Afe0 L9-Kvm5 L21-Woe4 L33-Vhg7 L45-Mjg1 L57-Xmz7 L69-Zaw4 L81-Mbo1 L93-Avh3 L105-Uzo0 L117-Vmf6 L129-Ayr2 L141-Xd_2 L145-Gyw6 L22-Kvm5 L34-Htb4 L46-Qcu0 L58-Jwu6 L70-Jp_3 L82-Beg0 L94-Sse5 L106-Ptk1 L118-Khy0 L130-Swk2 L142-Sa_8 L146-Mgr6 L35-Kvm5 L47-Xok3 L59-Jnh6 L71-Isl9 L83-Cor7 L95-Upk5 L107-Tpz8 L119-Ypw5 L131-Umx4 L143-Pfo5 L147-Vvc1 L36-Kvm5 L48-Tjm8 L60-Prg6 L72-Vqd2 L84-Zxm9 L96-Wqg5 L108-Sdz3 L120-R_v1 L132-Aok3 L144-Mez0 L148-Rqn0
L1-Gjo1 L13-H_n2 L25-Rr_5 L37-Ibb0 L49-Eve6 L61-Jc_6 L73-Bhk4 L85-Xxh8 L97-Khy6 L109-Avt2 L121-Xet0 L133-Qtm0 L2-Iiy4 L14-Fyo9 L26-Yqb2 L38-Kkq4 L50-Czz4 L62-Bpo4 L74-A_d4 L86-Yzf5 L98-Oum8 L110-Xsl6 L122-Vnk9 L134-Pkr1 L3-Vxu4 L15-Dbr7 L27-Fhh9 L39-Ewk3 L51-Dug3 L63-Tro1 L75-Fmt0 L87-Qdb2 L99-Eqq6 L111-Mfe6 L123-Dvm3 L135-Uzw9 L4-Nvt6 L16-Be_8 L28-Dyj3 L40-As_3 L52-Qq_3 L64-Jdg2 L76-Sum4 L88-Hkg2 L100-Bsq2 L112-Jb_3 L124-Dzt7 L136-Rji5 L5-Gfl8 L17-Kzi9 L29-Rpv7 L41-Tfg2 L53-Tsx1 L65-Bwo7 L77-Eyp3 L89-Pco7 L101-Mtj9 L113-Sqo0 L125-Cfo5 L137-Acf8 L6-Ijf6 L18-Xeo2 L30-Sqc9 L42-V_l6 L54-Wcv5 L66-Ojm7 L78-Hty2 L90-Msp6 L102-Wwe5 L114-Rug2 L126-Yca5 L138-Qu_6 L7-Ycc9 L19-Qnp7 L31-Wp_9 L43-Qvq1 L55-Nyb4 L67-X_m1 L79-Nkn6 L91-Pja2 L103-Pwh7 L115-Hvk3 L127-Gbw4 L139-Jqr5 L8-Yzz6 L20-Fen2 L32-Edw1 L44-Eu_5 L56-Un_2 L68-Hdy3 L80-Mbl9 L92-Oge6 L104-D_c7 L116-Imd1 L128-Ypr3 L140-Pj_3 L21-Kvm5 L33-Woe4 L45-Vhg7 L57-Mjg1 L69-Xmz7 L81-Zaw4 L93-Mbo1 L105-Avh3 L117-Uzo0 L129-Vmf6 L141-Ayr2 L145-Xd_2 L34-Kvm5 L46-Htb4 L58-Qcu0 L70-Jwu6 L82-Jp_3 L94-Beg0 L106-Sse5 L118-Ptk1 L130-Khy0 L142-Swk2 L146-Sa_8 L47-Kvm5 L59-Xok3 L71-Jnh6 L83-Isl9 L95-Cor7 L107-Upk5 L119-Tpz8 L131-Ypw5 L143-Umx4 L147-Pfo5 L48-Kvm5 L60-Tjm8 L72-Prg6 L84-Vqd2 L96-Zxm9 L108-Wqg5 L120-Sdz3 L132-R_v1 L144-Aok3 L148-Mez0
L1-Il_1 L13-Gjo1 L25-H_n2 L37-Rr_5 L49-Ibb0 L61-Eve6 L73-Jc_6 L85-Bhk4 L97-Xxh8 L109-Khy6 L121-Avt2 L133-Xet0 L2-Eg_9 L14-Iiy4 L26-Fyo9 L38-Yqb2 L50-Kkq4 L62-Czz4 L74-Bpo4 L86-A_d4 L98-Yzf5 L110-Oum8 L122-Xsl6 L134-Vnk9 L3-Kxr5 L15-Vxu4 L27-Dbr7 L39-Fhh9 L51-Ewk3 L63-Dug3 L75-Tro1 L87-Fmt0 L99-Qdb2 L111-Eqq6 L123-Mfe6 L135-Dvm3 L4-Nuv5 L16-Nvt6 L28-Be_8 L40-Dyj3 L52-As_3 L64-Qq_3 L76-Jdg2 L88-Sum4 L100-Hkg2 L112-Bsq2 L124-Jb_3 L136-Dzt7 L5-Ufq8 L17-Gfl8 L29-Kzi9 L41-Rpv7 L53-Tfg2 L65-Tsx1 L77-Bwo7 L89-Eyp3 L101-Pco7 L113-Mtj9 L125-Sqo0 L137-Cfo5 L6-Xmp2 L18-Ijf6 L30-Xeo2 L42-Sqc9 L54-V_l6 L66-Wcv5 L78-Ojm7 L90-Hty2 L102-Msp6 L114-Wwe5 L126-Rug2 L138-Yca5 L7-Ghr4 L19-Ycc9 L31-Qnp7 L43-Wp_9 L55-Qvq1 L67-Nyb4 L79-X_m1 L91-Nkn6 L103-Pja2 L115-Pwh7 L127-Hvk3 L139-Gbw4 L8-Kvm5 L20-Yzz6 L32-Fen2 L44-Edw1 L56-Eu_5 L68-Un_2 L80-Hdy3 L92-Mbl9 L104-Oge6 L116-D_c7 L128-Imd1 L140-Ypr3 L33-Kvm5 L45-Woe4 L57-Vhg7 L69-Mjg1 L81-Xmz7 L93-Zaw4 L105-Mbo1 L117-Avh3 L129-Uzo0 L141-Vmf6 L145-Ayr2 L46-Kvm5 L58-Htb4 L70-Qcu0 L82-Jwu6 L94-Jp_3 L106-Beg0 L118-Sse5 L130-Ptk1 L142-Khy0 L146-Swk2 L59-Kvm5 L71-Xok3 L83-Jnh6 L95-Isl9 L107-Cor7 L119-Upk5 L131-Tpz8 L143-Ypw5 L147-Umx4 L60-Kvm5 L72-Tjm8 L84-Prg6 L96-Vqd2 L108-Zxm9 L120-Wqg5 L132-Sdz3 L144-R_v1 L148-Aok3
L1-Pyr4 L13-Il_1 L25-Gjo1 L37-H_n2 L49-Rr_5 L61-Ibb0 L73-Eve6 L85-Jc_6 L97-Bhk4 L109-Xxh8 L121-Khy6 L133-Avt2 L2-Cnq3 L14-Eg_9 L26-Iiy4 L38-Fyo9 L50-Yqb2 L62-Kkq4 L74-Czz4 L86-Bpo4 L98-A_d4 L110-Yzf5 L122-Oum8 L134-Xsl6 L3-Jrr2 L15-Kxr5 L27-Vxu4 L39-Dbr7 L51-Fhh9 L63-Ewk3 L75-Dug3 L87-Tro1 L99-Fmt0 L111-Qdb2 L123-Eqq6 L135-Mfe6 L4-T_k0 L16-Nuv5 L28-Nvt6 L40-Be_8 L52-Dyj3 L64-As_3 L76-Qq_3 L88-Jdg2 L100-Sum4 L112-Hkg2 L124-Bsq2 L136-Jb_3 L5-Kvm5 L17-Ufq8 L29-Gfl8 L41-Kzi9 L53-Rpv7 L65-Tfg2 L77-Tsx1 L89-Bwo7 L101-Eyp3 L113-Pco7 L125-Mtj9 L137-Sqo0 L6-Kvm5 L18-Xmp2 L30-Ijf6 L42-Xeo2 L54-Sqc9 L66-V_l6 L78-Wcv5 L90-Ojm7 L102-Hty2 L114-Msp6 L126-Wwe5 L138-Rug2 L7-Kvm5 L19-Ghr4 L31-Ycc9 L43-Qnp7 L55-Wp_9 L67-Qvq1 L79-Nyb4 L91-X_m1 L103-Nkn6 L115-Pja2 L127-Pwh7 L139-Hvk3 L20-Kvm5 L32-Yzz6 L44-Fen2 L56-Edw1 L68-Eu_5 L80-Un_2 L92-Hdy3 L104-Mbl9 L116-Oge6 L128-D_c7 L140-Imd1 L45-Kvm5 L57-Woe4 L69-Vhg7 L81-Mjg1 L93-Xmz7 L105-Zaw4 L117-Mbo1 L129-Avh3 L141-Uzo0 L145-Vmf6 L58-Kvm5 L70-Htb4 L82-Qcu0 L94-Jwu6 L106-Jp_3 L118-Beg0 L130-Sse5 L142-Ptk1 L146-Khy0 L71-Kvm5 L83-Xok3 L95-Jnh6 L107-Isl9 L119-Cor7 L131-Upk5 L143-Tpz8 L147-Ypw5 L72-Kvm5 L84-Tjm8 L96-Prg6 L108-Vqd2 L120-Zxm9 L132-Wqg5 L144-Sdz3 L148-R_v1
L1-Acc4 L13-Pyr4 L25-Il_1 L37-Gjo1 L49-H_n2 L61-Rr_5 L73-Ibb0 L85-Eve6 L97-Jc_6 L109-Bhk4 L121-Xxh8 L133-Khy6 L2-Kof0 L14-Cnq3 L26-Eg_9 L38-Iiy4 L50-Fyo9 L62-Yqb2 L74-Kkq4 L86-Czz4 L98-Bpo4 L110-A_d4 L122-Yzf5 L134-Oum8 L3-Osq9 L15-Jrr2 L27-Kxr5 L39-Vxu4 L51-Dbr7 L63-Fhh9 L75-Ewk3 L87-Dug3 L99-Tro1 L111-Fmt0 L123-Qdb2 L135-Eqq6 L4-Zjz5 L16-T_k0 L28-Nuv5 L40-Nvt6 L52-Be_8 L64-Dyj3 L76-As_3 L88-Qq_3 L100-Jdg2 L112-Sum4 L124-Hkg2 L136-Bsq2 L17-Kvm5 L29-Ufq8 L41-Gfl8 L53-Kzi9 L65-Rpv7 L77-Tfg2 L89-Tsx1 L101-Bwo7 L113-Eyp3 L125-Pco7 L137-Mtj9 L18-Kvm5 L30-Xmp2 L42-Ijf6 L54-Xeo2 L66-Sqc9 L78-V_l6 L90-Wcv5 L102-Ojm7 L114-Hty2 L126-Msp6 L138-Wwe5 L19-Kvm5 L31-Ghr4 L43-Ycc9 L55-Qnp7 L67-Wp_9 L79-Qvq1 L91-Nyb4 L103-X_m1 L115-Nkn6 L127-Pja2 L139-Pwh7 L32-Kvm5 L44-Yzz6 L56-Fen2 L68-Edw1 L80-Eu_5 L92-Un_2 L104-Hdy3 L116-Mbl9 L128-Oge6 L140-D_c7 L57-Kvm5 L69-Woe4 L81-Vhg7 L93-Mjg1 L105-Xmz7 L117-Zaw4 L129-Mbo1 L141-Avh3 L145-Uzo0 L70-Kvm5 L82-Htb4 L94-Qcu0 L106-Jwu6 L118-Jp_3 L130-Beg0 L142-Sse5 L146-Ptk1 L83-Kvm5 L95-Xok3 L107-Jnh6 L119-Isl9 L131-Cor7 L143-Upk5 L147-Tpz8 L84-Kvm5 L96-Tjm8 L108-Prg6 L120-Vqd2 L132-Zxm9 L144-Wqg5 L148-Sdz3
L1-Tte9 L13-Acc4 L25-Pyr4 L37-Il_1 L49-Gjo1 L61-H_n2 L73-Rr_5 L85-Ibb0 L97-Eve6 L109-Jc_6 L121-Bhk4 L133-Xxh8 L2-Ogj5 L14-Kof0 L26-Cnq3 L38-Eg_9 L50-Iiy4 L62-Fyo9 L74-Yqb2 L86-Kkq4 L98-Czz4 L110-Bpo4 L122-A_d4 L134-Yzf5 L3-Tzp6 L15-Osq9 L27-Jrr2 L39-Kxr5 L51-Vxu4 L63-Dbr7 L75-Fhh9 L87-Ewk3 L99-Dug3 L111-Tro1 L123-Fmt0 L135-Qdb2 L4-Kvm5 L16-Zjz5 L28-T_k0 L40-Nuv5 L52-Nvt6 L64-Be_8 L76-Dyj3 L88-As_3 L100-Qq_3 L112-Jdg2 L124-Sum4 L136-Hkg2 L29-Kvm5 L41-Ufq8 L53-Gfl8 L65-Kzi9 L77-Rpv7 L89-Tfg2 L101-Tsx1 L113-Bwo7 L125-Eyp3 L137-Pco7 L30-Kvm5 L42-Xmp2 L54-Ijf6 L66-Xeo2 L78-Sqc9 L90-V_l6 L102-Wcv5 L114-Ojm7 L126-Hty2 L138-Msp6 L31-Kvm5 L43-Ghr4 L55-Ycc9 L67-Qnp7 L79-Wp_9 L91-Qvq1 L103-Nyb4 L115-X_m1 L127-Nkn6 L139-Pja2 L44-Kvm5 L56-Yzz6 L68-Fen2 L80-Edw1 L92-Eu_5 L104-Un_2 L116-Hdy3 L128-Mbl9 L140-Oge6 L69-Kvm5 L81-Woe4 L93-Vhg7 L105-Mjg1 L117-Xmz7 L129-Zaw4 L141-Mbo1 L145-Avh3 L82-Kvm5 L94-Htb4 L106-Qcu0 L118-Jwu6 L130-Jp_3 L142-Beg0 L146-Sse5 L95-Kvm5 L107-Xok3 L119-Jnh6 L131-Isl9 L143-Cor7 L147-Upk5 L96-Kvm5 L108-Tjm8 L120-Prg6 L132-Vqd2 L144-Zxm9 L148-Wqg5
L1-Ua_7 L13-Tte9 L25-Acc4 L37-Pyr4 L49-Il_1 L61-Gjo1 L73-H_n2 L85-Rr_5 L97-Ibb0 L109-Eve6 L121-Jc_6 L133-Bhk4 L2-Jfu9 L14-Ogj5 L26-Kof0 L38-Cnq3 L50-Eg_9 L62-Iiy4 L74-Fyo9 L86-Yqb2 L98-Kkq4 L110-Czz4 L122-Bpo4 L134-A_d4 L3-Kvm5 L15-Tzp6 L27-Osq9 L39-Jrr2 L51-Kxr5 L63-Vxu4 L75-Dbr7 L87-Fhh9 L99-Ewk3 L111-Dug3 L123-Tro1 L135-Fmt0 L16-Kvm5 L28-Zjz5 L40-T_k0 L52-Nuv5 L64-Nvt6 L76-Be_8 L88-Dyj3 L100-As_3 L112-Qq_3 L124-Jdg2 L136-Sum4 L41-Kvm5 L53-Ufq8 L65-Gfl8 L77-Kzi9 L89-Rpv7 L101-Tfg2 L113-Tsx1 L125-Bwo7 L137-Eyp3 L42-Kvm5 L54-Xmp2 L66-Ijf6 L78-Xeo2 L90-Sqc9 L102-V_l6 L114-Wcv5 L126-Ojm7 L138-Hty2 L43-Kvm5 L55-Ghr4 L67-Ycc9 L79-Qnp7 L91-Wp_9 L103-Qvq1 L115-Nyb4 L127-X_m1 L139-Nkn6 L56-Kvm5 L68-Yzz6 L80-Fen2 L92-Edw1 L104-Eu_5 L116-Un_2 L128-Hdy3 L140-Mbl9 L81-Kvm5 L93-Woe4 L105-Vhg7 L117-Mjg1 L129-Xmz7 L141-Zaw4 L145-Mbo1 L94-Kvm5 L106-Htb4 L118-Qcu0 L130-Jwu6 L142-Jp_3 L146-Beg0 L107-Kvm5 L119-Xok3 L131-Jnh6 L143-Isl9 L147-Cor7 L108-Kvm5 L120-Tjm8 L132-Prg6 L144-Vqd2 L148-Zxm9
L1-Kvm5 L13-Ua_7 L25-Tte9 L37-Acc4 L49-Pyr4 L61-Il_1 L73-Gjo1 L85-H_n2 L97-Rr_5 L109-Ibb0 L121-Eve6 L133-Jc_6 L2-Kvm5 L14-Jfu9 L26-Ogj5 L38-Kof0 L50-Cnq3 L62-Eg_9 L74-Iiy4 L86-Fyo9 L98-Yqb2 L110-Kkq4 L122-Czz4 L134-Bpo4 L15-Kvm5 L27-Tzp6 L39-Osq9 L51-Jrr2 L63-Kxr5 L75-Vxu4 L87-Dbr7 L99-Fhh9 L111-Ewk3 L123-Dug3 L135-Tro1 L28-Kvm5 L40-Zjz5 L52-T_k0 L64-Nuv5 L76-Nvt6 L88-Be_8 L100-Dyj3 L112-As_3 L124-Qq_3 L136-Jdg2 L53-Kvm5 L65-Ufq8 L77-Gfl8 L89-Kzi9 L101-Rpv7 L113-Tfg2 L125-Tsx1 L137-Bwo7 L54-Kvm5 L66-Xmp2 L78-Ijf6 L90-Xeo2 L102-Sqc9 L114-V_l6 L126-Wcv5 L138-Ojm7 L55-Kvm5 L67-Ghr4 L79-Ycc9 L91-Qnp7 L103-Wp_9 L115-Qvq1 L127-Nyb4 L139-X_m1 L68-Kvm5 L80-Yzz6 L92-Fen2 L104-Edw1 L116-Eu_5 L128-Un_2 L140-Hdy3 L93-Kvm5 L105-Woe4 L117-Vhg7 L129-Mjg1 L141-Xmz7 L145-Zaw4 L106-Kvm5 L118-Htb4 L130-Qcu0 L142-Jwu6 L146-Jp_3 L119-Kvm5 L131-Xok3 L143-Jnh6 L147-Isl9 L120-Kvm5 L132-Tjm8 L144-Prg6 L148-Vqd2
L13-Kvm5 L25-Ua_7 L37-Tte9 L49-Acc4 L61-Pyr4 L73-Il_1 L85-Gjo1 L97-H_n2 L109-Rr_5 L121-Ibb0 L133-Eve6 L14-Kvm5 L26-Jfu9 L38-Ogj5 L50-Kof0 L62-Cnq3 L74-Eg_9 L86-Iiy4 L98-Fyo9 L110-Yqb2 L122-Kkq4 L134-Czz4 L27-Kvm5 L39-Tzp6 L51-Osq9 L63-Jrr2 L75-Kxr5 L87-Vxu4 L99-Dbr7 L111-Fhh9 L123-Ewk3 L135-Dug3 L40-Kvm5 L52-Zjz5 L64-T_k0 L76-Nuv5 L88-Nvt6 L100-Be_8 L112-Dyj3 L124-As_3 L136-Qq_3 L65-Kvm5 L77-Ufq8 L89-Gfl8 L101-Kzi9 L113-Rpv7 L125-Tfg2 L137-Tsx1 L66-Kvm5 L78-Xmp2 L90-Ijf6 L102-Xeo2 L114-Sqc9 L126-V_l6 L138-Wcv5 L67-Kvm5 L79-Ghr4 L91-Ycc9 L103-Qnp7 L115-Wp_9 L127-Qvq1 L139-Nyb4 L80-Kvm5 L92-Yzz6 L104-Fen2 L116-Edw1 L128-Eu_5 L140-Un_2 L105-Kvm5 L117-Woe4 L129-Vhg7 L141-Mjg1 L145-Xmz7 L118-Kvm5 L130-Htb4 L142-Qcu0 L146-Jwu6 L131-Kvm5 L143-Xok3 L147-Jnh6 L132-Kvm5 L144-Tjm8 L148-Prg6
L25-Kvm5 L37-Ua_7 L49-Tte9 L61-Acc4 L73-Pyr4 L85-Il_1 L97-Gjo1 L109-H_n2 L121-Rr_5 L133-Ibb0 L26-Kvm5 L38-Jfu9 L50-Ogj5 L62-Kof0 L74-Cnq3 L86-Eg_9 L98-Iiy4 L110-Fyo9 L122-Yqb2 L134-Kkq4 L39-Kvm5 L51-Tzp6 L63-Osq9 L75-Jrr2 L87-Kxr5 L99-Vxu4 L111-Dbr7 L123-Fhh9 L135-Ewk3 L52-Kvm5 L64-Zjz5 L76-T_k0 L88-Nuv5 L100-Nvt6 L112-Be_8 L124-Dyj3 L136-As_3 L77-Kvm5 L89-Ufq8 L101-Gfl8 L113-Kzi9 L125-Rpv7 L137-Tfg2 L78-Kvm5 L90-Xmp2 L102-Ijf6 L114-Xeo2 L126-Sqc9 L138-V_l6 L79-Kvm5 L91-Ghr4 L103-Ycc9 L115-Qnp7 L127-Wp_9 L139-Qvq1 L92-Kvm5 L104-Yzz6 L116-Fen2 L128-Edw1 L140-Eu_5 L117-Kvm5 L129-Woe4 L141-Vhg7 L145-Mjg1 L130-Kvm5 L142-Htb4 L146-Qcu0 L143-Kvm5 L147-Xok3 L144-Kvm5 L148-Tjm8
L37-Kvm5 L49-Ua_7 L61-Tte9 L73-Acc4 L85-Pyr4 L97-Il_1 L109-Gjo1 L121-H_n2 L133-Rr_5 L38-Kvm5 L50-Jfu9 L62-Ogj5 L74-Kof0 L86-Cnq3 L98-Eg_9 L110-Iiy4 L122-Fyo9 L134-Yqb2 L51-Kvm5 L63-Tzp6 L75-Osq9 L87-Jrr2 L99-Kxr5 L111-Vxu4 L123-Dbr7 L135-Fhh9 L64-Kvm5 L76-Zjz5 L88-T_k0 L100-Nuv5 L112-Nvt6 L124-Be_8 L136-Dyj3 L89-Kvm5 L101-Ufq8 L113-Gfl8 L125-Kzi9 L137-Rpv7 L90-Kvm5 L102-Xmp2 L114-Ijf6 L126-Xeo2 L138-Sqc9 L91-Kvm5 L103-Ghr4 L115-Ycc9 L127-Qnp7 L139-Wp_9 L104-Kvm5 L116-Yzz6 L128-Fen2 L140-Edw1 L129-Kvm5 L141-Woe4 L145-Vhg7 L142-Kvm5 L146-Htb4 L147-Kvm5 L148-Kvm5
L49-Kvm5 L61-Ua_7 L73-Tte9 L85-Acc4 L97-Pyr4 L109-Il_1 L121-Gjo1 L133-H_n2 L50-Kvm5 L62-Jfu9 L74-Ogj5 L86-Kof0 L98-Cnq3 L110-Eg_9 L122-Iiy4 L134-Fyo9 L63-Kvm5 L75-Tzp6 L87-Osq9 L99-Jrr2 L111-Kxr5 L123-Vxu4 L135-Dbr7 L76-Kvm5 L88-Zjz5 L100-T_k0 L112-Nuv5 L124-Nvt6 L136-Be_8 L101-Kvm5 L113-Ufq8 L125-Gfl8 L137-Kzi9 L102-Kvm5 L114-Xmp2 L126-Ijf6 L138-Xeo2 L103-Kvm5 L115-Ghr4 L127-Ycc9 L139-Qnp7 L116-Kvm5 L128-Yzz6 L140-Fen2 L141-Kvm5 L145-Woe4 L146-Kvm5
L61-Kvm5 L73-Ua_7 L85-Tte9 L97-Acc4 L109-Pyr4 L121-Il_1 L133-Gjo1 L62-Kvm5 L74-Jfu9 L86-Ogj5 L98-Kof0 L110-Cnq3 L122-Eg_9 L134-Iiy4 L75-Kvm5 L87-Tzp6 L99-Osq9 L111-Jrr2 L123-Kxr5 L135-Vxu4 L88-Kvm5 L100-Zjz5 L112-T_k0 L124-Nuv5 L136-Nvt6 L113-Kvm5 L125-Ufq8 L137-Gfl8 L114-Kvm5 L126-Xmp2 L138-Ijf6 L115-Kvm5 L127-Ghr4 L139-Ycc9 L128-Kvm5 L140-Yzz6 L145-Kvm5
L73-Kvm5 L85-Ua_7 L97-Tte9 L109-Acc4 L121-Pyr4 L133-Il_1 L74-Kvm5 L86-Jfu9 L98-Ogj5 L110-Kof0 L122-Cnq3 L134-Eg_9 L87-Kvm5 L99-Tzp6 L111-Osq9 L123-Jrr2 L135-Kxr5 L100-Kvm5 L112-Zjz5 L124-T_k0 L136-Nuv5 L125-Kvm5 L137-Ufq8 L126-Kvm5 L138-Xmp2 L127-Kvm5 L139-Ghr4 L140-Kvm5
L85-Kvm5 L97-Ua_7 L109-Tte9 L121-Acc4 L133-Pyr4 L86-Kvm5 L98-Jfu9 L110-Ogj5 L122-Kof0 L134-Cnq3 L99-Kvm5 L111-Tzp6 L123-Osq9 L135-Jrr2 L112-Kvm5 L124-Zjz5 L136-T_k0 L137-Kvm5 L138-Kvm5 L139-Kvm5
L97-Kvm5 L109-Ua_7 L121-Tte9 L133-Acc4 L98-Kvm5 L110-Jfu9 L122-Ogj5 L134-Kof0 L111-Kvm5 L123-Tzp6 L135-Osq9 L124-Kvm5 L136-Zjz5
L109-Kvm5 L121-Ua_7 L133-Tte9 L110-Kvm5 L122-Jfu9 L134-Ogj5 L123-Kvm5 L135-Tzp6 L136-Kvm5
L121-Kvm5 L133-Ua_7 L122-Kvm5 L134-Jfu9 L135-Kvm5
L133-Kvm5 L134-Kvm5
