10
#Here is the number of lines required: 37
##start
A_p0 2 2
##end
Jlq6 3 3
Ayq3 4 4
Ffm4 6 6
Omw1 8 8
Kwi6 9 9
Kqt3 12 12
Kl_9 14 14
Mpt8 18 18
Ony5 20 20
Eog2 23 23
Ufi5 25 25
Fkc0 26 26
Jki8 30 30
Wrc6 33 33
Q_o3 36 36
Ome5 41 41
Uar9 45 45
Xrd1 50 50
Zia9 55 55
Fhy6 56 56
Jtb9 61 61
Nvf2 66 66
Eer1 69 69
Mht4 73 73
Nwz4 76 76
Yln0 79 79
Uue3 83 83
Bsd8 88 88
Qvl5 93 93
Scz4 95 95
Plj5 98 98
Bgk8 102 102
Rik7 107 107
Eai3 108 108
Eku4 111 111
Gtn3 113 113
Dsk8 115 115
Izr5 119 119
Dkv0 123 123
Znu0 125 125
Peo9 127 127
Xcl1 130 130
Ajr9 131 131
Thm0 133 133
Amo8 135 135
Hgc4 138 138
Jzg7 142 142
Buf3 143 143
A_f6 146 146
Jnx9 149 149
Gmg3 154 154
D_t2 156 156
Hyj3 160 160
Wes9 162 162
Dw_2 166 166
H_a1 169 169
Pjx0 172 172
Dkj7 175 175
Phs0 178 178
T_c9 180 180
Owy2 183 183
Cm_5 187 187
Jjr6 188 188
Qvg7 190 190
Wrk8 192 192
Bqs3 196 196
B_x9 199 199
Nff0 204 204
Vlf8 208 208
Jey5 211 211
Vql6 214 214
Gdi1 217 217
Onp6 222 222
Gvb7 224 224
Np_9 226 226
Qti5 229 229
Fbp1 234 234
Ezj2 235 235
Kg_7 238 238
Ajj7 241 241
Tea6 242 242
Uoi9 245 245
Gwc3 247 247
Emg6 250 250
Sdx3 253 253
Zf_9 257 257
Ubx8 262 262
Pjx3 265 265
Zku1 267 267
Uvu8 271 271
Ghq9 275 275
Ycl4 276 276
Tuu0 279 279
Ctz9 282 282
Sft6 286 286
Gww1 287 287
Opo9 289 289
By_4 292 292
Kei5 297 297
Ocd7 298 298
Hwx6 302 302
Uhp5 307 307
Kru4 310 310
Ayb0 314 314
Mlq7 318 318
Pax3 321 321
Fjb9 323 323
Ydx2 325 325
Gqw7 330 330
Urm5 334 334
O_o1 337 337
Tpc7 341 341
Rnw2 343 343
Ecx8 346 346
Gjy4 348 348
M__3 351 351
Bc_6 354 354
Urz0 356 356
Zk_9 358 358
Wtj2 363 363
Ihf9 367 367
Jsl1 369 369
Ylc8 374 374
Igl4 376 376
P_s5 379 379
Zcl9 383 383
Idn6 385 385
Hj_8 387 387
Yyc4 391 391
Ctm4 395 395
Cgq4 398 398
Rb_8 402 402
N_c4 405 405
I_f7 408 408
Pn_4 410 410
Hio8 414 414
Fkr8 417 417
E_p1 421 421
Hy_1 424 424
Hm_7 426 426
Myj9 429 429
A_b8 432 432
Jnu2 436 436
Tyz1 440 440
Dgn5 442 442
Qxc8 447 447
Ds_6 451 451
Zkc3 454 454
Iee4 456 456
Gqc0 457 457
Otj1 459 459
Ipv6 461 461
Uxr9 464 464
Ubc6 466 466
Jcz1 469 469
Rgd9 470 470
Fgo2 473 473
Asn2 477 477
Mrk3 481 481
Ks_4 484 484
Ygc7 488 488
Nhi5 490 490
Rls3 494 494
Phr8 498 498
A_m1 501 501
Bse4 506 506
Zpi8 508 508
Qzp6 511 511
One5 516 516
Odu6 517 517
Wct1 519 519
Fis0 521 521
Htj1 526 526
Rv_8 530 530
Qxp4 533 533
K_g2 535 535
Aam2 536 536
Urb6 538 538
R_i3 540 540
Xaf8 543 543
Y_i7 546 546
Tom4 549 549
Qg_6 551 551
Bt_7 555 555
Mhb5 557 557
Ek_2 558 558
Pmv8 561 561
Vli7 563 563
Tjh5 565 565
Frt8 566 566
Fsm6 570 570
Rc_1 575 575
R_a0 578 578
T_y7 581 581
Ity6 584 584
G_w2 588 588
Oli5 590 590
Hu_3 593 593
Wmu9 597 597
B_i4 601 601
Aip9 605 605
Mbw2 606 606
Pge4 611 611
Bar8 615 615
Yze1 618 618
Izi6 620 620
Jia4 624 624
Fg_4 628 628
Zte3 630 630
Inp5 635 635
Etm9 639 639
Oze5 643 643
Xc_2 644 644
Mci8 648 648
Yrj3 653 653
Wah8 656 656
Huw1 659 659
Zed8 662 662
R_c2 665 665
Soq3 666 666
Jhk1 668 668
Ckf4 669 669
Bgc5 671 671
Wgc6 674 674
Tor1 675 675
Arg8 677 677
Cfl7 680 680
Ewy2 684 684
R__3 686 686
Cyx1 689 689
Nee1 694 694
Zpo8 696 696
Jzg1 700 700
Zgf3 704 704
Pfm3 706 706
Hyr2 711 711
A_s0 712 712
Wp_2 717 717
Rif7 719 719
Mkh4 722 722
Qll8 724 724
Hyj6 728 728
Ciu5 730 730
Ypx9 733 733
Dbe7 735 735
Ias7 740 740
Qmf5 743 743
Sdr0 746 746
Cto5 747 747
Qqe0 750 750
Yv_9 755 755
Nun4 757 757
Vog2 761 761
Hog8 762 762
Icv0 763 763
Ivg0 767 767
Egw1 772 772
Ofa0 775 775
E_l9 779 779
Sje0 782 782
Okm9 786 786
Jub2 789 789
Rgg3 793 793
Ecl7 796 796
Znk0 799 799
Nlb9 800 800
Cdr9 804 804
Vyh2 806 806
Eku0 809 809
Ff_6 813 813
Njf5 815 815
Klo4 818 818
Fiz3 820 820
Gtd2 821 821
Do_6 824 824
Zgq1 829 829
Ozp7 831 831
Gy_1 835 835
Yrn8 838 838
Eyb1 842 842
Zlz1 846 846
Sie4 848 848
Bcv3 850 850
Myd1 854 854
R_z3 859 859
Zaz5 864 864
Vje1 869 869
Aso5 871 871
Ezh6 876 876
Kuv2 881 881
Nlx7 885 885
V_a2 889 889
Nfr8 891 891
Drw7 892 892
K_c7 896 896
Oho6 899 899
Vwa3 902 902
Rvb8 904 904
Adn9 907 907
Odi3 910 910
Yue3 914 914
X_v4 918 918
Hio0 923 923
Ffm8 926 926
Nxq4 928 928
Sfv9 931 931
Iwm3 934 934
Um_6 937 937
Udb6 938 938
Ee_7 940 940
Xho8 945 945
Qze7 946 946
Rux4 950 950
Qrj6 953 953
Pgo9 956 956
Bqj4 957 957
Rij0 960 960
Qha6 962 962
Mpo7 966 966
Xb_7 968 968
Bbn5 970 970
Wtc4 973 973
Gww8 976 976
Vmr2 980 980
Nly3 984 984
Baj2 987 987
Tpo3 990 990
Q_s0 992 992
Xlv5 997 997
Mph3 1000 1000
Tjn4 1005 1005
Tnv8 1007 1007
Gfk3 1011 1011
J_h2 1013 1013
In_1 1016 1016
Kch7 1020 1020
Nub6 1024 1024
Ffx2 1027 1027
Syi1 1029 1029
Sz_0 1032 1032
Duy8 1036 1036
Ciq0 1039 1039
B__8 1044 1044
Jgn1 1048 1048
Ohx4 1053 1053
Ofz3 1056 1056
Oh_5 1060 1060
Mbo7 1062 1062
Ffh5 1065 1065
Krb2 1069 1069
Rjl1 1074 1074
Xet4 1076 1076
Iw_2 1078 1078
Vvx3 1080 1080
Dnx2 1084 1084
Qor9 1087 1087
Uub4 1089 1089
Hap4 1091 1091
Eco7 1095 1095
Hko2 1100 1100
Dcg7 1103 1103
Ben0 1105 1105
Mbv4 1109 1109
Ms_5 1111 1111
Xgk8 1114 1114
Inv9 1117 1117
Ktj6 1119 1119
Dzx2 1122 1122
Iyc0 1124 1124
Vsr7 1126 1126
C_h6 1131 1131
Rd_6 1135 1135
Yc_4 1139 1139
Ffl8 1144 1144
Vpv5 1146 1146
Ijf9 1149 1149
Ciy7 1154 1154
Hi_1 1158 1158
X_y9 1163 1163
Evt7 1166 1166
Au_6 1170 1170
C_b9 1175 1175
Jhq1 1180 1180
Cqq0 1183 1183
Glj8 1187 1187
Ura2 1192 1192
W_o6 1195 1195
Feh7 1200 1200
Vky7 1202 1202
Pvj0 1205 1205
Zeh5 1208 1208
Kxx0 1211 1211
Knd3 1213 1213
Rpv9 1215 1215
Qy_1 1218 1218
Cwd8 1220 1220
M_u0 1223 1223
Sge6 1228 1228
Omb4 1231 1231
In_7 1236 1236
Mvj7 1238 1238
Ayg5 1240 1240
U_v6 1243 1243
Czs2 1247 1247
N_p9 1251 1251
Rls3-U_v6
Ygc7-Ayg5
Ffh5-Mvj7
Bqj4-Ffm4
Emg6-Omw1
Pge4-Kqt3
Xet4-In_7
Oh_5-Sge6
Cwd8-Kl_9
Ufi5-Mpt8
Nee1-M_u0
Znu0-Jki8
Dcg7-Rpv9
Mpo7-Knd3
G_w2-Xrd1
Eku4-Kxx0
Iyc0-Zia9
Rls3-Pvj0
Jjr6-Feh7
Vlf8-Jtb9
Tjn4-Glj8
Gmg3-C_b9
Ias7-Au_6
Zpi8-Nwz4
Ezh6-Yln0
Iw_2-X_y9
Yrn8-Uue3
A_m1-Bsd8
Oh_5-Qvl5
Hap4-Hi_1
Uhp5-Plj5
C_h6-Bgk8
Udb6-Yc_4
Xb_7-Rd_6
Urz0-Vsr7
Ms_5-Iyc0
Dcg7-Dzx2
Ipv6-Rik7
Vog2-Xgk8
Ms_5-Jlq6
Mbv4-Eai3
Gtn3-Eku4
Ben0-Gtn3
Eco7-Hko2
Hap4-Eco7
Dsk8-Qor9
Izr5-Dsk8
Znu0-Dnx2
Vvx3-Znu0
Xet4-Iw_2
Peo9-Xet4
Rjl1-Peo9
Krb2-Rjl1
Xcl1-Krb2
Ffh5-Ajr9
Mbo7-Ffh5
Oh_5-Mbo7
Ohx4-Ofz3
B__8-Amo8
Hgc4-B__8
Ciq0-Hgc4
Jzg7-Duy8
D_t2-Sz_0
Nub6-Ffx2
Kch7-Wes9
In_1-Kch7
J_h2-In_1
H_a1-Dw_2
Gfk3-H_a1
Dkj7-Pjx0
Tnv8-Dkj7
Tjn4-Phs0
Qvg7-Xlv5
Bqs3-Q_s0
Tpo3-Bqs3
B_x9-Jlq6
Nly3-B_x9
Nff0-Nly3
Vmr2-Nff0
Vlf8-Vmr2
Jey5-Wtc4
Bbn5-Jey5
Rij0-Qha6
Bqj4-Rij0
Pgo9-Bqj4
Np_9-Rux4
Qze7-Np_9
Xho8-Qze7
Ee_7-Xho8
Udb6-Ee_7
Ffm8-Nxq4
Ezj2-X_v4
Adn9-Odi3
Rvb8-Ajj7
Tea6-Rvb8
Gwc3-Uoi9
Oho6-Gwc3
Emg6-Oho6
Zf_9-Sdx3
Ubx8-K_c7
Pjx3-Drw7
Zku1-Pjx3
Nfr8-Zku1
Uvu8-Nfr8
Ycl4-Ghq9
Kuv2-Nlx7
A_p0-Ezh6
Gww1-Sft6
Kei5-R_z3
Hwx6-Bcv3
Kru4-Uhp5
Mlq7-Ayb0
Pax3-Mlq7
Fjb9-Sie4
Gqw7-Ydx2
Zlz1-Gqw7
Urm5-Zlz1
Eyb1-Tpc7
Yrn8-Rnw2
Ozp7-Gy_1
Ecx8-Ozp7
Zgq1-Gjy4
Do_6-Zgq1
M__3-Do_6
Gtd2-M__3
Bc_6-Gtd2
Fiz3-Bc_6
Urz0-Fiz3
Ff_6-Zk_9
Eku0-Ff_6
Vyh2-Wtj2
Cdr9-Vyh2
Nlb9-Jsl1
Igl4-Znk0
P_s5-Igl4
Zcl9-P_s5
A_p0-Ecl7
Rgg3-Jlq6
Okm9-Jub2
Sje0-Okm9
Yyc4-Hj_8
Egw1-Ofa0
Ctm4-Egw1
Rb_8-Cgq4
N_c4-Rb_8
I_f7-N_c4
Hio8-Pn_4
Hog8-Hio8
E_p1-Nun4
Hy_1-Cto5
Sdr0-Hy_1
Hm_7-Sdr0
Ias7-A_b8
Dbe7-Ias7
A_p0-Dbe7
Ypx9-Jlq6
Ciu5-Ypx9
Qll8-Hyj6
Wp_2-Rif7
Tyz1-Wp_2
Hyr2-Dgn5
Qxc8-Hyr2
Pfm3-Zkc3
Zgf3-Pfm3
Iee4-Zgf3
Gqc0-Iee4
Otj1-Gqc0
Ubc6-Jzg1
Jcz1-Ubc6
Fgo2-Rgd9
Zpo8-Fgo2
Asn2-Nee1
Cyx1-Asn2
R__3-Cyx1
Ks_4-Mrk3
Ygc7-Ks_4
Nhi5-Jlq6
Ewy2-Rls3
Cfl7-Ewy2
A_m1-Phr8
Bse4-A_m1
Arg8-Bse4
Zpi8-Arg8
One5-Tor1
Rv_8-Jhk1
Qxp4-Soq3
K_g2-R_c2
Aam2-K_g2
R_i3-Urb6
Zed8-R_i3
Xaf8-Zed8
Wah8-Huw1
Mci8-Yrj3
Etm9-Qg_6
Bt_7-Etm9
Ek_2-Zte3
Vli7-Pmv8
Fg_4-Tjh5
Frt8-Fg_4
Bar8-Yze1
Pge4-Bar8
B_i4-Aip9
Hu_3-Wmu9
Fsm6-Hu_3
Oli5-Fsm6
Ity6-G_w2
T_y7-Ity6
R_a0-T_y7
A_p0-R_a0
G_w2-Oli5
Wmu9-B_i4
Aip9-Mbw2
Mbw2-Pge4
Yze1-Izi6
Izi6-Jia4
Jia4-Frt8
Tjh5-Vli7
Pmv8-Ek_2
Zte3-Mhb5
Mhb5-Inp5
Inp5-Bt_7
Qg_6-Oze5
Oze5-Xc_2
Xc_2-Tom4
Tom4-Rc_1
Rc_1-Jlq6
A_p0-Y_i7
Y_i7-Mci8
Yrj3-Wah8
Huw1-Xaf8
Urb6-Aam2
R_c2-Qxp4
Soq3-Rv_8
Jhk1-Htj1
Htj1-Fis0
Fis0-Ckf4
Ckf4-Wct1
Wct1-Odu6
Odu6-Bgc5
Bgc5-Wgc6
Wgc6-One5
Tor1-Qzp6
Qzp6-Zpi8
Phr8-Cfl7
Rls3-Nhi5
A_p0-Ygc7
Mrk3-R__3
Nee1-Zpo8
Rgd9-Jcz1
Jzg1-Uxr9
Uxr9-Ipv6
Ipv6-Otj1
Zkc3-Ds_6
Ds_6-Qxc8
Dgn5-A_s0
A_s0-Tyz1
Rif7-Mkh4
Mkh4-Qll8
Hyj6-Jnu2
Jnu2-Ciu5
A_b8-Myj9
Myj9-Qmf5
Qmf5-Hm_7
Cto5-Qqe0
Qqe0-Yv_9
Yv_9-E_p1
Nun4-Vog2
Vog2-Fkr8
Fkr8-Hog8
Pn_4-Icv0
Icv0-Ivg0
Ivg0-I_f7
Cgq4-Ctm4
Ofa0-E_l9
E_l9-Yyc4
Hj_8-Sje0
Jub2-Idn6
Idn6-Rgg3
Ecl7-Zcl9
Znk0-Ylc8
Ylc8-Nlb9
Jsl1-Ihf9
Ihf9-Cdr9
Wtj2-Eku0
Zk_9-Njf5
Njf5-Klo4
Klo4-Urz0
Gjy4-Ecx8
Gy_1-Yrn8
Rnw2-Eyb1
Tpc7-O_o1
O_o1-Urm5
Ydx2-Fjb9
Sie4-Pax3
Ayb0-Kru4
Uhp5-Hwx6
Bcv3-Myd1
Myd1-Ocd7
Ocd7-Kei5
R_z3-By_4
By_4-Zaz5
Zaz5-Vje1
Vje1-Opo9
Opo9-Gww1
Sft6-Aso5
Aso5-Jlq6
Ezh6-Kuv2
Nlx7-Ctz9
Ctz9-Tuu0
Tuu0-Ycl4
Ghq9-V_a2
V_a2-Uvu8
Drw7-Ubx8
K_c7-Zf_9
Sdx3-Emg6
Uoi9-Vwa3
Vwa3-Tea6
Ajj7-Kg_7
Kg_7-Adn9
Odi3-Yue3
Yue3-Ezj2
X_v4-Fbp1
Fbp1-Hio0
Hio0-Ffm8
Nxq4-Sfv9
Sfv9-Qti5
Qti5-Iwm3
Iwm3-Um_6
Um_6-Udb6
Rux4-Gvb7
Gvb7-Qrj6
Qrj6-Pgo9
Qha6-Mpo7
Mpo7-Xb_7
Xb_7-Onp6
Onp6-Gdi1
Gdi1-Vql6
Vql6-Bbn5
Wtc4-Gww8
Gww8-Vlf8
A_p0-Baj2
Baj2-Tpo3
Q_s0-Wrk8
Wrk8-Qvg7
Xlv5-Jjr6
Jjr6-Cm_5
Cm_5-Owy2
Owy2-T_c9
T_c9-Mph3
Mph3-Tjn4
Phs0-Tnv8
Pjx0-Gfk3
Dw_2-J_h2
Wes9-Hyj3
Hyj3-Nub6
Ffx2-Syi1
Syi1-D_t2
Sz_0-Gmg3
Gmg3-Jnx9
Jnx9-A_f6
A_f6-Buf3
Buf3-Jzg7
Duy8-Ciq0
Amo8-Jgn1
Jgn1-Thm0
Thm0-Ohx4
Ofz3-Oh_5
Ajr9-Xcl1
Iw_2-Vvx3
Dnx2-Dkv0
Dkv0-Izr5
Qor9-Uub4
Uub4-Hap4
Hko2-Dcg7
Dcg7-Ben0
Eku4-Mbv4
Eai3-Ms_5
B_x9-Inv9
Frt8-Ktj6
Hio8-C_h6
Pmv8-Ffl8
Rif7-Vpv5
Aam2-Ijf9
Soq3-Scz4
Mbo7-Ciy7
Gmg3-Mht4
Eku4-Eer1
Um_6-Evt7
Ktj6-Nvf2
Do_6-Jhq1
Cfl7-Cqq0
Jcz1-Ura2
E_l9-W_o6
Vlf8-Fhy6
Yrn8-Vky7
Tor1-Zeh5
Ks_4-Uar9
Xaf8-Ome5
Scz4-Q_o3
Onp6-Wrc6
A_m1-Qy_1
Gqc0-Fkc0
Ypx9-Cwd8
K_g2-Ufi5
Nfr8-Eog2
Odu6-Ony5
Jjr6-Omb4
A_b8-Kwi6
Vog2-Ayq3
Fkc0-Czs2
Ayb0-N_p9
#Here is the number of lines required: 37

L1-Y_i7 L2-Dbe7 L3-R_a0
L1-Mci8 L4-Y_i7 L2-Ias7 L5-Dbe7 L3-T_y7 L6-R_a0
L1-Yrj3 L4-Mci8 L7-Y_i7 L2-A_b8 L5-Ias7 L8-Dbe7 L3-Ity6 L6-T_y7 L9-R_a0
L1-Wah8 L4-Yrj3 L7-Mci8 L2-Myj9 L5-A_b8 L8-Ias7 L3-G_w2 L6-Ity6 L9-T_y7 L10-R_a0
L1-Huw1 L4-Wah8 L7-Yrj3 L2-Qmf5 L5-Myj9 L8-A_b8 L3-Oli5 L6-G_w2 L9-Ity6 L10-T_y7
L1-Xaf8 L4-Huw1 L7-Wah8 L2-Hm_7 L5-Qmf5 L8-Myj9 L3-Fsm6 L6-Oli5 L9-G_w2 L10-Ity6
L1-Zed8 L4-Xaf8 L7-Huw1 L2-Sdr0 L5-Hm_7 L8-Qmf5 L3-Hu_3 L6-Fsm6 L9-Oli5 L10-G_w2
L1-R_i3 L4-Zed8 L7-Xaf8 L2-Hy_1 L5-Sdr0 L8-Hm_7 L3-Wmu9 L6-Hu_3 L9-Fsm6 L10-Oli5
L1-Urb6 L4-R_i3 L7-Zed8 L2-Cto5 L5-Hy_1 L8-Sdr0 L3-B_i4 L6-Wmu9 L9-Hu_3 L10-Fsm6
L1-Aam2 L4-Urb6 L7-R_i3 L2-Qqe0 L5-Cto5 L8-Hy_1 L3-Aip9 L6-B_i4 L9-Wmu9 L10-Hu_3
L1-K_g2 L4-Aam2 L7-Urb6 L2-Yv_9 L5-Qqe0 L8-Cto5 L3-Mbw2 L6-Aip9 L9-B_i4 L10-Wmu9
L1-R_c2 L4-K_g2 L7-Aam2 L2-E_p1 L5-Yv_9 L8-Qqe0 L3-Pge4 L6-Mbw2 L9-Aip9 L10-B_i4
L1-Qxp4 L4-R_c2 L7-K_g2 L2-Nun4 L5-E_p1 L8-Yv_9 L3-Bar8 L6-Pge4 L9-Mbw2 L10-Aip9
L1-Soq3 L4-Qxp4 L7-R_c2 L2-Vog2 L5-Nun4 L8-E_p1 L3-Yze1 L6-Bar8 L9-Pge4 L10-Mbw2
L1-Rv_8 L4-Soq3 L7-Qxp4 L2-Fkr8 L5-Vog2 L8-Nun4 L3-Izi6 L6-Yze1 L9-Bar8 L10-Pge4
L1-Jhk1 L4-Rv_8 L7-Soq3 L2-Hog8 L5-Fkr8 L8-Vog2 L3-Jia4 L6-Izi6 L9-Yze1 L10-Bar8
L1-Htj1 L4-Jhk1 L7-Rv_8 L2-Hio8 L5-Hog8 L8-Fkr8 L3-Frt8 L6-Jia4 L9-Izi6 L10-Yze1
L1-Fis0 L4-Htj1 L7-Jhk1 L2-Pn_4 L5-Hio8 L8-Hog8 L3-Fg_4 L6-Frt8 L9-Jia4 L10-Izi6
L1-Ckf4 L4-Fis0 L7-Htj1 L2-Icv0 L5-Pn_4 L8-Hio8 L3-Tjh5 L6-Fg_4 L9-Frt8 L10-Jia4
L1-Wct1 L4-Ckf4 L7-Fis0 L2-Ivg0 L5-Icv0 L8-Pn_4 L3-Vli7 L6-Tjh5 L9-Fg_4 L10-Frt8
L1-Odu6 L4-Wct1 L7-Ckf4 L2-I_f7 L5-Ivg0 L8-Icv0 L3-Pmv8 L6-Vli7 L9-Tjh5 L10-Fg_4
L1-Bgc5 L4-Odu6 L7-Wct1 L2-N_c4 L5-I_f7 L8-Ivg0 L3-Ek_2 L6-Pmv8 L9-Vli7 L10-Tjh5
L1-Wgc6 L4-Bgc5 L7-Odu6 L2-Rb_8 L5-N_c4 L8-I_f7 L3-Zte3 L6-Ek_2 L9-Pmv8 L10-Vli7
L1-One5 L4-Wgc6 L7-Bgc5 L2-Cgq4 L5-Rb_8 L8-N_c4 L3-Mhb5 L6-Zte3 L9-Ek_2 L10-Pmv8
L1-Tor1 L4-One5 L7-Wgc6 L2-Ctm4 L5-Cgq4 L8-Rb_8 L3-Inp5 L6-Mhb5 L9-Zte3 L10-Ek_2
L1-Qzp6 L4-Tor1 L7-One5 L2-Egw1 L5-Ctm4 L8-Cgq4 L3-Bt_7 L6-Inp5 L9-Mhb5 L10-Zte3
L1-Zpi8 L4-Qzp6 L7-Tor1 L2-Ofa0 L5-Egw1 L8-Ctm4 L3-Etm9 L6-Bt_7 L9-Inp5 L10-Mhb5
L1-Arg8 L4-Zpi8 L7-Qzp6 L2-E_l9 L5-Ofa0 L8-Egw1 L3-Qg_6 L6-Etm9 L9-Bt_7 L10-Inp5
L1-Bse4 L4-Arg8 L7-Zpi8 L2-Yyc4 L5-E_l9 L8-Ofa0 L3-Oze5 L6-Qg_6 L9-Etm9 L10-Bt_7
L1-A_m1 L4-Bse4 L7-Arg8 L2-Hj_8 L5-Yyc4 L8-E_l9 L3-Xc_2 L6-Oze5 L9-Qg_6 L10-Etm9
L1-Phr8 L4-A_m1 L7-Bse4 L2-Sje0 L5-Hj_8 L8-Yyc4 L3-Tom4 L6-Xc_2 L9-Oze5 L10-Qg_6
L1-Cfl7 L4-Phr8 L7-A_m1 L2-Okm9 L5-Sje0 L8-Hj_8 L3-Rc_1 L6-Tom4 L9-Xc_2 L10-Oze5
L1-Ewy2 L4-Cfl7 L7-Phr8 L2-Jub2 L5-Okm9 L8-Sje0 L3-Jlq6 L6-Rc_1 L9-Tom4 L10-Xc_2
L1-Rls3 L4-Ewy2 L7-Cfl7 L2-Idn6 L5-Jub2 L8-Okm9 L6-Jlq6 L9-Rc_1 L10-Tom4
L1-Nhi5 L4-Rls3 L7-Ewy2 L2-Rgg3 L5-Idn6 L8-Jub2 L9-Jlq6 L10-Rc_1
L1-Jlq6 L4-Nhi5 L7-Rls3 L2-Jlq6 L5-Rgg3 L8-Idn6 L10-Jlq6
L4-Jlq6 L7-Nhi5 L5-Jlq6 L8-Rgg3
L7-Jlq6 L8-Jlq6
