14
#Here is the number of lines required: 31
##start
Ptd8 2 2
##end
Vif2 5 5
Cbi0 6 6
Fmp2 9 9
Hum2 13 13
Frb5 17 17
Dqr9 19 19
Jsf5 22 22
Mzs4 27 27
Hxh6 30 30
Btx7 31 31
Qwt1 35 35
Dvd6 37 37
Gro9 40 40
Ofj9 44 44
Tto0 46 46
Vwa1 51 51
Rsc2 53 53
Stv0 58 58
Gzt6 59 59
Diy8 61 61
Akf6 65 65
Xff8 69 69
P_c4 72 72
Rwe6 73 73
Qks3 74 74
Bzr7 77 77
Mp_7 80 80
Hlr5 83 83
Uxq9 84 84
Taq5 85 85
Yg_0 89 89
Rf_1 94 94
Sjy9 97 97
Cus7 101 101
Nmj2 102 102
Yzp8 105 105
S_n9 109 109
Cuz4 110 110
Tlb0 112 112
Nne5 115 115
Uql0 118 118
Pek7 120 120
Ylg5 122 122
J_p5 125 125
Prj3 126 126
Owk3 129 129
Cqs9 130 130
Skr9 132 132
Acl8 136 136
Eg_5 139 139
P_z5 143 143
Zoa2 147 147
Qdf2 149 149
Aai1 152 152
Bxn0 157 157
Kbs8 161 161
Bzm2 164 164
Pnn1 166 166
Mcl3 168 168
C_k8 169 169
Nm_5 172 172
Yut0 177 177
Sdf6 179 179
Cxq9 183 183
Vzw0 186 186
Wyn5 191 191
Dzj2 194 194
Qsu6 199 199
Mxf3 204 204
Rew0 208 208
Mua9 211 211
Wcu0 214 214
Yuh8 216 216
Tnz3 217 217
Tce0 220 220
Cuq4 222 222
S_y7 227 227
Smp2 228 228
Mev3 232 232
Vnn6 236 236
Bwd8 239 239
Rk_2 240 240
Bti3 243 243
Zog0 246 246
Epz3 249 249
Ak_0 252 252
F_g9 254 254
Bwz4 257 257
Pgo1 260 260
Foy2 264 264
Drw2 267 267
Uit1 270 270
Jpl4 271 271
Q_t6 274 274
Clj1 276 276
Usp2 278 278
Ng_7 281 281
Xb_0 285 285
J_q7 289 289
Udz7 291 291
Rj_8 294 294
Hby5 297 297
Ecs6 301 301
Yok3 304 304
Tjm7 306 306
Ylh4 309 309
D__0 312 312
Yvx3 317 317
Gn_4 320 320
Udp0 323 323
Wjv7 326 326
Vw_2 329 329
Yjt3 334 334
Rlb9 338 338
Bqo3 339 339
Uk_1 344 344
Yrd0 348 348
Dju3 353 353
Qrd0 356 356
Jfa7 360 360
Ufk8 361 361
Eux3 364 364
Y_v3 366 366
U_n0 371 371
Tyu8 374 374
Bz_1 379 379
Yrg7 381 381
T_j7 385 385
Utg6 387 387
Ve_5 391 391
Zsu7 394 394
Evj2 397 397
Nnh9 401 401
Wcm9 403 403
Wj_0 405 405
Yxk9 407 407
Ssb1 412 412
Nit3 414 414
Dhg8 416 416
Sjt2 420 420
Vur9 421 421
Oub0 422 422
E_f0 426 426
Xmc4 428 428
Cis5 431 431
Hhu4 435 435
E_v2 439 439
Vli1 441 441
Ubt9 445 445
Hux0 449 449
Pj_5 453 453
Dot7 458 458
Ezk6 460 460
Zxl5 464 464
A__4 467 467
Vr_1 470 470
Ruk1 471 471
Fxh0 475 475
Qgz5 478 478
H__9 483 483
Hv_5 486 486
Heh2 490 490
Zsd1 493 493
Dlc5 494 494
Bbt1 496 496
Amp0 498 498
Mmh6 501 501
Bxr8 504 504
Alr5 508 508
Qdu0 511 511
Vdx1 514 514
Apk4 517 517
Krr0 521 521
U_c6 524 524
Ijt8 528 528
Kpd8 531 531
Mrr8 533 533
Iai8 536 536
Uxd0 537 537
Sfo0 538 538
Q_r9 541 541
J_y1 543 543
Uqy6 545 545
Dex7 548 548
Qus2 553 553
A_m3 555 555
Xnc9 560 560
Uv_0 563 563
Sg_7 564 564
Qoc8 567 567
Vne7 569 569
Pvn4 572 572
Ipa8 576 576
Kpx1 579 579
Mil3 580 580
M_m7 584 584
Bio3 586 586
Hpj3 587 587
Vej8 591 591
Tgj9 594 594
Fpn2 596 596
Hgg9 597 597
T_f7 601 601
Bhb5 604 604
Uwa3 607 607
C_m3 610 610
Jpw5 612 612
E_r6 614 614
Anm6 617 617
Aqo3 619 619
Vic8 621 621
Ovt9 624 624
Uhj6 625 625
Xfc7 628 628
Mjk9 629 629
Orr7 632 632
Iac9 634 634
Fs_5 636 636
Ivm4 637 637
Emc8 640 640
Ktx7 644 644
Zmo0 647 647
R_g7 648 648
I_p9 652 652
Pvm8 655 655
Zyg6 657 657
Wpm1 658 658
Kor5 662 662
Gtv5 666 666
Spb7 671 671
Ajq9 674 674
Swl7 677 677
Hfr4 682 682
Hrv6 686 686
Dxj6 689 689
Kbn0 691 691
Ofk4 693 693
Rc_2 696 696
Qc_6 699 699
Fkj8 701 701
Wda3 703 703
Uz_5 706 706
Qwm0 709 709
Hom7 710 710
Ukv2 714 714
Ysc9 717 717
Tth5 718 718
Txy6 721 721
Rpn9 723 723
Xpe6 726 726
Vvh4 729 729
F__4 731 731
Wcj0 735 735
Ubi6 738 738
Oas8 741 741
Czx4 746 746
Wg_0 749 749
Q_e5 752 752
Pvl0 754 754
Pod7 759 759
H_o5 760 760
Bvn3 762 762
Fmo3 767 767
Ngj4 768 768
Hby0 771 771
Ews5 774 774
Kx_0 777 777
Hdk7 781 781
G_y6 784 784
Aiq8 789 789
Yfj0 793 793
Huz0 796 796
Wfz4 798 798
Io_0 799 799
Ot_1 800 800
Iae4 803 803
Owr6 805 805
Tkp0 807 807
Nnj3 810 810
Slh8 812 812
Dec1 817 817
Xwy5 820 820
Xse1 828 828
Oji9 830 830
Mxm6 832 832
I_n0 834 834
Odo8 837 837
Krx9 839 839
K_n1 842 842
Bnl9 845 845
El_9 846 846
Mbl7 848 848
Oyg1 851 851
Zco6 855 855
Sx_7 858 858
Abz2 861 861
Vpw6 863 863
Spm0 867 867
Ikt6 871 871
Vlb1 874 874
Ona9 877 877
Vde1 879 879
Kfi6 881 881
Kgs5 884 884
Uwf2 888 888
M_c2 892 892
Imj8 896 896
Txj2 901 901
Yl_6 905 905
Gyd2 909 909
Xmc9 913 913
Nji6 914 914
W_f6 915 915
O_y4 918 918
Fbh5 923 923
G_r7 925 925
Tcy0 928 928
Ypl2 930 930
Wbq5 933 933
Xeo8 935 935
Aud5 937 937
Had7 940 940
Fon5 943 943
Kbk5 945 945
Fbp9 948 948
Kuu7 952 952
Uui6 956 956
Dyb0 958 958
K_y3 961 961
Hao8 963 963
Yt_8 966 966
Ruy0 969 969
Vxj9 972 972
Omr1 974 974
Ced6 976 976
Ecf2 979 979
Gu_9 980 980
Ucl5 981 981
Fin8 984 984
Uap3 987 987
Rv_7 988 988
Uvj9 992 992
Hwf1 995 995
P_c7 997 997
Cse6 1002 1002
Aqn6 1006 1006
B_x2 1009 1009
Cwd6 1012 1012
Vju3 1013 1013
Tik6 1017 1017
Sog6 1022 1022
Anx1 1023 1023
Aks2 1027 1027
Vbu1 1028 1028
P_u9 1033 1033
T_k1 1036 1036
Trw0 1037 1037
Owr9 1040 1040
Ujx7 1042 1042
Gss7 1044 1044
Mab1 1047 1047
Gnv4 1049 1049
Kjk9 1051 1051
Uyr6 1054 1054
Kf_6 1056 1056
Due8 1059 1059
Xsw8 1061 1061
Bmy2 1064 1064
B_b8 1067 1067
Wct2 1071 1071
Myq2 1074 1074
Exk1 1076 1076
Get6 1078 1078
Xey2 1081 1081
Dru6 1084 1084
Dtw6 1087 1087
Sgs2 1089 1089
Bki6 1092 1092
Tlk9 1095 1095
Tsc2 1098 1098
Dch7 1103 1103
B_h1 1104 1104
Znq6 1105 1105
Bin2 1108 1108
Jci4 1110 1110
Ghk7 1113 1113
Ye_5 1115 1115
Csf5 1120 1120
Zmo6 1123 1123
Ram7 1126 1126
Ofy4 1127 1127
Two2 1130 1130
Ikw1 1131 1131
Kqj3 1133 1133
Eyu1 1134 1134
Fdk8 1136 1136
C_x2 1139 1139
Kvb8 1143 1143
Fkg1 1145 1145
Ule9 1148 1148
Kqd5 1153 1153
Idw9 1158 1158
Pcs5 1161 1161
Azt8 1165 1165
Nsf1 1168 1168
Rxu3 1171 1171
C__0 1174 1174
Vmk5 1179 1179
Cqs5 1180 1180
Xot2 1183 1183
Eqm2 1187 1187
Zmo4 1188 1188
Qvs6 1190 1190
Twd1 1193 1193
Kyy7 1196 1196
Htm4 1199 1199
Tc_3 1204 1204
Cdz4 1207 1207
Dmk7 1208 1208
Onu6 1211 1211
Ggy7 1213 1213
Xiv8 1215 1215
Mtc2 1218 1218
Qkq5 1220 1220
Sya2 1223 1223
Gcg9 1226 1226
Qev2 1230 1230
Phc8 1233 1233
M_h3 1235 1235
Etd8 1240 1240
Piv3 1242 1242
Pfr0 1245 1245
T__2 1247 1247
Kyv2 1249 1249
Hwm1 1252 1252
Kgf1 1256 1256
Nvo7 1261 1261
Vnc5 1265 1265
Cs_0 1267 1267
Kfs2 1271 1271
Crg4 1272 1272
Kot4 1274 1274
Fld4 1276 1276
Dqe3 1278 1278
Vhx3 1280 1280
Dcv9 1284 1284
Uts8 1288 1288
Fkm7 1289 1289
N_h6 1294 1294
Ztu5 1296 1296
Sra5 1300 1300
Mkr4 1305 1305
Eup6 1309 1309
Dsy4 1312 1312
Xyj7 1317 1317
Mpk3 1320 1320
Asz5 1324 1324
Isy3 1326 1326
Pjy8 1331 1331
Uro9 1334 1334
Hln3 1336 1336
Zrt0 1339 1339
Dws8 1340 1340
Jsi7 1343 1343
Bia8 1345 1345
Bjs2 1347 1347
Huo1 1349 1349
Rji0 1351 1351
Ts_4 1355 1355
V_y1 1357 1357
Zip2 1360 1360
Wtm5 1365 1365
Rxk6 1369 1369
Bov3 1371 1371
Hrg7 1373 1373
Y_u5 1377 1377
Zit5 1378 1378
I_g4 1381 1381
Pxx9 1385 1385
Dwv6 1388 1388
Wvk4 1389 1389
Xsi3 1392 1392
Zox0 1396 1396
Zpo7 1398 1398
Ml_3 1401 1401
Tgm2 1404 1404
Qab4 1407 1407
Gba7 1411 1411
Git6 1414 1414
Bzs8 1418 1418
Gdx3 1421 1421
Brh0 1425 1425
Ip_0 1430 1430
G_p3 1433 1433
Voe4 1434 1434
Gvr2 1438 1438
Adp4 1441 1441
Ntl9 1446 1446
Tjo9 1449 1449
Oyq2 1452 1452
Tnc2 1457 1457
Uet3 1459 1459
Cxb5 1461 1461
Unf7 1463 1463
Bf_8 1467 1467
Fud9 1470 1470
Akt5 1474 1474
Krx9-Fud9
Uqy6-Fmp2
Wg_0-Hum2
Xfc7-Bf_8
Sdf6-Unf7
Ajq9-Cxb5
Eqm2-Mzs4
Zmo6-Hxh6
Vli1-Tjo9
Gss7-Adp4
Uyr6-Dvd6
Sya2-Gro9
C_m3-Tto0
T_f7-Stv0
H__9-Gzt6
E_r6-Diy8
Zip2-Ip_0
Vur9-Xff8
Nmj2-Brh0
Cis5-P_c4
Xsi3-Qks3
Jsi7-Bzr7
Sjy9-Bzs8
Bxr8-Mp_7
Xb_0-Git6
Huz0-Qab4
Wtm5-Uxq9
I_g4-Rf_1
Foy2-Ml_3
Mxf3-Sjy9
Ipa8-Zpo7
N_h6-Yzp8
Rj_8-Zox0
Ruy0-S_n9
Kgs5-Cuz4
Wbq5-Tlb0
Gn_4-Nne5
Ufk8-Uql0
Ona9-Pek7
Io_0-Cqs9
Ovt9-Pxx9
I_g4-Skr9
Acl8-I_g4
Y_u5-Zit5
P_z5-Hrg7
Qdf2-V_y1
Aai1-Qdf2
Bzm2-Kbs8
Bia8-Bjs2
Pnn1-Bia8
Mcl3-Pnn1
Zrt0-Dws8
Isy3-Pjy8
Mpk3-Yut0
Vzw0-Cxq9
Sra5-Dzj2
Uts8-Fkm7
Qsu6-Uts8
Ptd8-Mua9
Tnz3-Yuh8
Tce0-Tnz3
Fld4-Tce0
Kot4-Fld4
Cuq4-Kot4
Smp2-S_y7
Kfs2-Mev3
Cs_0-Kfs2
Rk_2-Bwd8
Bti3-Rk_2
Zog0-Bti3
Ak_0-Epz3
F_g9-Ak_0
Vnc5-F_g9
Kgf1-Nvo7
Hwm1-Bwz4
Pfr0-T__2
Uit1-Drw2
Etd8-Uit1
Jpl4-Etd8
Q_t6-Jpl4
M_h3-Q_t6
Clj1-M_h3
Ng_7-Usp2
Phc8-Ng_7
Udz7-J_q7
Qev2-Hby5
Gcg9-Qev2
Sya2-Gcg9
Qkq5-Sya2
Ecs6-Qkq5
Mtc2-Ecs6
Xiv8-Mtc2
Ggy7-Xiv8
Tjm7-Yok3
Udp0-Gn_4
Onu6-Udp0
Cdz4-Dmk7
Tc_3-Wjv7
Htm4-Tc_3
Ptd8-Htm4
Vw_2-Vif2
Twd1-Kyy7
Qvs6-Twd1
Yjt3-Qvs6
Bqo3-Rlb9
Yrd0-Uk_1
Dju3-Xot2
Cqs5-Dju3
Jfa7-Qrd0
Ufk8-Jfa7
Eux3-Ufk8
C__0-Eux3
Rxu3-C__0
Nsf1-Rxu3
U_n0-Y_v3
Pcs5-Azt8
Tyu8-Idw9
Kqd5-Vif2
Bz_1-Kqd5
Ve_5-Fdk8
Zsu7-Ve_5
Eyu1-Zsu7
Ikw1-Evj2
Wcm9-Nnh9
Yxk9-Wj_0
Ssb1-Yxk9
Dhg8-Nit3
Ofy4-Two2
Ram7-Ofy4
Csf5-Zmo6
Ye_5-Vur9
Ptd8-Ye_5
Tsc2-Dch7
Xmc4-Tsc2
Tlk9-Xmc4
Bki6-Tlk9
Cis5-Bki6
Dtw6-Sgs2
Dru6-E_v2
Xey2-Dru6
Vli1-Xey2
Ubt9-Vli1
Hux0-Ubt9
Pj_5-Hux0
Get6-Pj_5
Ezk6-Dot7
Zxl5-Ezk6
A__4-Zxl5
Qgz5-Fxh0
H__9-Bmy2
Hv_5-H__9
Zsd1-Heh2
Xsw8-Zsd1
Mmh6-Amp0
Bxr8-Due8
Alr5-Kf_6
Uyr6-Alr5
Kjk9-Uyr6
Qdu0-Kjk9
Gnv4-Qdu0
Vdx1-Gnv4
Krr0-Mab1
U_c6-Krr0
Gss7-U_c6
Ijt8-Xwy5
Ujx7-Mrr8
Iai8-Ujx7
Owr9-Uxd0
Sfo0-Owr9
J_y1-Q_r9
Uqy6-J_y1
T_k1-Qus2
Xnc9-A_m3
Sg_7-Uv_0
Ptd8-Kpx1
M_m7-Mil3
Aks2-Bio3
Hpj3-Aks2
Anx1-Hpj3
Vej8-Anx1
Hgg9-Fpn2
Tik6-C_m3
Jpw5-Tik6
Anm6-E_r6
Aqo3-Anm6
Ovt9-Vic8
Uhj6-Ovt9
Cwd6-Vju3
B_x2-Cwd6
Xfc7-Aqn6
Iac9-Orr7
Fs_5-Cse6
Ptd8-Ivm4
P_c7-Vif2
Emc8-P_c7
Ktx7-Emc8
R_g7-Zmo0
Rv_7-R_g7
Uap3-I_p9
Zyg6-Fin8
Gu_9-Wpm1
Ced6-Ecf2
Vxj9-Kor5
Yt_8-Ruy0
Hao8-Yt_8
Dyb0-Gtv5
Ptd8-Dyb0
Uui6-Vif2
Spb7-Uui6
Swl7-Ajq9
Hrv6-Fbp9
Dxj6-Kbk5
Kbn0-Fon5
Xeo8-Fkj8
Wbq5-Wda3
Ypl2-Wbq5
Uz_5-Ypl2
Qwm0-Tcy0
G_r7-Qwm0
Fbh5-G_r7
O_y4-Fbh5
Xmc9-Nji6
Ptd8-Xmc9
Ukv2-Vif2
Gyd2-Ukv2
Txj2-Ysc9
Imj8-Txy6
M_c2-Rpn9
Kgs5-Uwf2
Vde1-Kfi6
Vvh4-Xpe6
F__4-Vvh4
Ubi6-Vlb1
Oas8-Ubi6
Spm0-Czx4
Wg_0-Spm0
Q_e5-Wg_0
Pod7-Pvl0
Ngj4-Zco6
Mbl7-Oyg1
G_y6-K_n1
Yfj0-Aiq8
Ot_1-Io_0
Odo8-Iae4
I_n0-Owr6
Mxm6-I_n0
Nnj3-Tkp0
Oji9-Nnj3
Dec1-Xse1
Ptd8-Dec1
Xse1-Slh8
Slh8-Oji9
Tkp0-Mxm6
Owr6-Odo8
Iae4-Ot_1
Io_0-Krx9
Krx9-Wfz4
Wfz4-Huz0
Huz0-Yfj0
Aiq8-G_y6
K_n1-Bnl9
Bnl9-Hdk7
Hdk7-El_9
El_9-Kx_0
Kx_0-Ews5
Ews5-Mbl7
Oyg1-Hby0
Hby0-Ngj4
Zco6-Fmo3
Fmo3-Vif2
Ptd8-Bvn3
Bvn3-Sx_7
Sx_7-Abz2
Abz2-H_o5
H_o5-Vpw6
Vpw6-Pod7
Pvl0-Q_e5
Czx4-Ikt6
Ikt6-Oas8
Vlb1-Wcj0
Wcj0-Ona9
Ona9-F__4
Xpe6-Vde1
Kfi6-Kgs5
Uwf2-M_c2
Rpn9-Imj8
Txy6-Tth5
Tth5-Txj2
Ysc9-Yl_6
Yl_6-Gyd2
Nji6-W_f6
W_f6-Hom7
Hom7-O_y4
Tcy0-Uz_5
Wda3-Xeo8
Fkj8-Qc_6
Qc_6-Aud5
Aud5-Rc_2
Rc_2-Ofk4
Ofk4-Had7
Had7-Kbn0
Fon5-Dxj6
Kbk5-Hrv6
Fbp9-Hfr4
Hfr4-Kuu7
Kuu7-Swl7
Ajq9-Spb7
Gtv5-K_y3
K_y3-Hao8
Ruy0-Vxj9
Kor5-Omr1
Omr1-Ced6
Ecf2-Gu_9
Wpm1-Ucl5
Ucl5-Zyg6
Fin8-Pvm8
Pvm8-Uap3
I_p9-Rv_7
Zmo0-Uvj9
Uvj9-Hwf1
Hwf1-Ktx7
Ivm4-Fs_5
Cse6-Iac9
Orr7-Mjk9
Mjk9-Xfc7
Aqn6-B_x2
Vju3-Uhj6
Vic8-Aqo3
E_r6-Jpw5
C_m3-Uwa3
Uwa3-Bhb5
Bhb5-T_f7
T_f7-Hgg9
Fpn2-Sog6
Sog6-Tgj9
Tgj9-Vej8
Bio3-M_m7
Mil3-Vbu1
Vbu1-Vif2
Kpx1-Ipa8
Ipa8-Pvn4
Pvn4-P_u9
P_u9-Vne7
Vne7-Qoc8
Qoc8-Sg_7
Uv_0-Xnc9
A_m3-T_k1
Qus2-Dex7
Dex7-Uqy6
Q_r9-Trw0
Trw0-Sfo0
Uxd0-Iai8
Mrr8-Kpd8
Kpd8-Ijt8
Xwy5-Vif2
Ptd8-Gss7
Mab1-Apk4
Apk4-Vdx1
Kf_6-Bxr8
Due8-Mmh6
Amp0-Bbt1
Bbt1-Dlc5
Dlc5-Xsw8
Heh2-Hv_5
Bmy2-B_b8
B_b8-Qgz5
Fxh0-Vif2
Ptd8-Ruk1
Ruk1-Wct2
Wct2-Vr_1
Vr_1-A__4
Dot7-Myq2
Myq2-Exk1
Exk1-Get6
E_v2-Dtw6
Sgs2-Hhu4
Hhu4-Cis5
Dch7-B_h1
B_h1-Znq6
Znq6-Bin2
Bin2-E_f0
E_f0-Jci4
Jci4-Ghk7
Ghk7-Oub0
Oub0-Vif2
Vur9-Sjt2
Sjt2-Csf5
Zmo6-Ram7
Two2-Dhg8
Nit3-Ssb1
Wj_0-Wcm9
Nnh9-Ikw1
Evj2-Kqj3
Kqj3-Eyu1
Fdk8-C_x2
C_x2-Kvb8
Kvb8-Fkg1
Fkg1-Utg6
Utg6-T_j7
T_j7-Ule9
Ule9-Yrg7
Yrg7-Bz_1
Ptd8-Tyu8
Idw9-Pcs5
Azt8-U_n0
Y_v3-Nsf1
Qrd0-Vmk5
Vmk5-Cqs5
Xot2-Eqm2
Eqm2-Zmo4
Zmo4-Yrd0
Uk_1-Bqo3
Rlb9-Yjt3
Kyy7-Vw_2
Wjv7-Cdz4
Dmk7-Onu6
Gn_4-Yvx3
Yvx3-D__0
D__0-Ylh4
Ylh4-Tjm7
Yok3-Ggy7
Hby5-Rj_8
Rj_8-Udz7
J_q7-Xb_0
Xb_0-Phc8
Usp2-Clj1
Drw2-Foy2
Foy2-Piv3
Piv3-Pfr0
T__2-Kyv2
Kyv2-Pgo1
Pgo1-Hwm1
Bwz4-Kgf1
Nvo7-Vnc5
Epz3-Zog0
Bwd8-Vnn6
Vnn6-Cs_0
Mev3-Crg4
Crg4-Smp2
S_y7-Cuq4
Yuh8-Wcu0
Wcu0-Vif2
Mua9-Rew0
Rew0-Mxf3
Mxf3-Dqe3
Dqe3-Vhx3
Vhx3-Dcv9
Dcv9-Qsu6
Fkm7-N_h6
N_h6-Ztu5
Ztu5-Sra5
Dzj2-Mkr4
Mkr4-Wyn5
Wyn5-Eup6
Eup6-Vzw0
Cxq9-Sdf6
Sdf6-Dsy4
Dsy4-Xyj7
Xyj7-Mpk3
Yut0-Asz5
Asz5-Isy3
Pjy8-Nm_5
Nm_5-C_k8
C_k8-Uro9
Uro9-Hln3
Hln3-Zrt0
Dws8-Jsi7
Jsi7-Mcl3
Bjs2-Bzm2
Kbs8-Huo1
Huo1-Rji0
Rji0-Bxn0
Bxn0-Ts_4
Ts_4-Aai1
V_y1-Zip2
Zip2-Wtm5
Wtm5-Zoa2
Zoa2-Rxk6
Rxk6-Bov3
Bov3-P_z5
Hrg7-Eg_5
Eg_5-Y_u5
Zit5-Acl8
Skr9-Vif2
Xmc4-Owk3
Mxf3-Prj3
Qus2-Dwv6
Ngj4-J_p5
Cs_0-Ylg5
Kgf1-Wvk4
Dru6-Xsi3
Abz2-Nmj2
B_h1-Cus7
Wj_0-Yg_0
Amp0-Taq5
Mil3-Hlr5
Yfj0-Tgm2
O_y4-Gba7
Ukv2-Rwe6
Fmo3-Gdx3
Zsd1-Akf6
Uhj6-G_p3
Cqs9-Rsc2
Ktx7-Vwa1
S_y7-Voe4
Qdu0-Ofj9
Cuz4-Gvr2
Tgj9-Qwt1
R_g7-Ntl9
Ipa8-Oyq2
Uwa3-Tnc2
Orr7-Btx7
Vli1-Uet3
Utg6-Jsf5
B_x2-Dqr9
Ruy0-Frb5
Kfs2-Cbi0
Phc8-Akt5
#Here is the number of lines required: 31

L1-Gss7 L2-Dyb0 L3-Kpx1
L1-U_c6 L4-Gss7 L2-Gtv5 L5-Dyb0 L3-Ipa8 L6-Kpx1
L1-Krr0 L4-U_c6 L7-Gss7 L2-K_y3 L5-Gtv5 L8-Dyb0 L3-Pvn4 L6-Ipa8 L9-Kpx1
L1-Mab1 L4-Krr0 L7-U_c6 L10-Gss7 L2-Hao8 L5-K_y3 L8-Gtv5 L11-Dyb0 L3-P_u9 L6-Pvn4 L9-Ipa8 L12-Kpx1
L1-Apk4 L4-Mab1 L7-Krr0 L10-U_c6 L2-Yt_8 L5-Hao8 L8-K_y3 L11-Gtv5 L13-Dyb0 L3-Vne7 L6-P_u9 L9-Pvn4 L12-Ipa8 L14-Kpx1
L1-Vdx1 L4-Apk4 L7-Mab1 L10-Krr0 L2-Ruy0 L5-Yt_8 L8-Hao8 L11-K_y3 L13-Gtv5 L3-Qoc8 L6-Vne7 L9-P_u9 L12-Pvn4 L14-Ipa8
L1-Gnv4 L4-Vdx1 L7-Apk4 L10-Mab1 L2-Vxj9 L5-Ruy0 L8-Yt_8 L11-Hao8 L13-K_y3 L3-Sg_7 L6-Qoc8 L9-Vne7 L12-P_u9 L14-Pvn4
L1-Qdu0 L4-Gnv4 L7-Vdx1 L10-Apk4 L2-Kor5 L5-Vxj9 L8-Ruy0 L11-Yt_8 L13-Hao8 L3-Uv_0 L6-Sg_7 L9-Qoc8 L12-Vne7 L14-P_u9
L1-Kjk9 L4-Qdu0 L7-Gnv4 L10-Vdx1 L2-Omr1 L5-Kor5 L8-Vxj9 L11-Ruy0 L13-Yt_8 L3-Xnc9 L6-Uv_0 L9-Sg_7 L12-Qoc8 L14-Vne7
L1-Uyr6 L4-Kjk9 L7-Qdu0 L10-Gnv4 L2-Ced6 L5-Omr1 L8-Kor5 L11-Vxj9 L13-Ruy0 L3-A_m3 L6-Xnc9 L9-Uv_0 L12-Sg_7 L14-Qoc8
L1-Alr5 L4-Uyr6 L7-Kjk9 L10-Qdu0 L2-Ecf2 L5-Ced6 L8-Omr1 L11-Kor5 L13-Vxj9 L3-T_k1 L6-A_m3 L9-Xnc9 L12-Uv_0 L14-Sg_7
L1-Kf_6 L4-Alr5 L7-Uyr6 L10-Kjk9 L2-Gu_9 L5-Ecf2 L8-Ced6 L11-Omr1 L13-Kor5 L3-Qus2 L6-T_k1 L9-A_m3 L12-Xnc9 L14-Uv_0
L1-Bxr8 L4-Kf_6 L7-Alr5 L10-Uyr6 L2-Wpm1 L5-Gu_9 L8-Ecf2 L11-Ced6 L13-Omr1 L3-Dex7 L6-Qus2 L9-T_k1 L12-A_m3 L14-Xnc9
L1-Due8 L4-Bxr8 L7-Kf_6 L10-Alr5 L2-Ucl5 L5-Wpm1 L8-Gu_9 L11-Ecf2 L13-Ced6 L3-Uqy6 L6-Dex7 L9-Qus2 L12-T_k1 L14-A_m3
L1-Mmh6 L4-Due8 L7-Bxr8 L10-Kf_6 L2-Zyg6 L5-Ucl5 L8-Wpm1 L11-Gu_9 L13-Ecf2 L3-J_y1 L6-Uqy6 L9-Dex7 L12-Qus2 L14-T_k1
L1-Amp0 L4-Mmh6 L7-Due8 L10-Bxr8 L2-Pvm8 L5-Zyg6 L8-Ucl5 L11-Wpm1 L13-Gu_9 L3-Q_r9 L6-J_y1 L9-Uqy6 L12-Dex7 L14-Qus2
L1-Bbt1 L4-Amp0 L7-Mmh6 L10-Due8 L2-Uap3 L5-Pvm8 L8-Zyg6 L11-Ucl5 L13-Wpm1 L3-Trw0 L6-Q_r9 L9-J_y1 L12-Uqy6 L14-Dex7
L1-Dlc5 L4-Bbt1 L7-Amp0 L10-Mmh6 L2-I_p9 L5-Uap3 L8-Pvm8 L11-Zyg6 L13-Ucl5 L3-Sfo0 L6-Trw0 L9-Q_r9 L12-J_y1 L14-Uqy6
L1-Xsw8 L4-Dlc5 L7-Bbt1 L10-Amp0 L2-Rv_7 L5-I_p9 L8-Uap3 L11-Pvm8 L13-Zyg6 L3-Owr9 L6-Sfo0 L9-Trw0 L12-Q_r9 L14-J_y1
L1-Zsd1 L4-Xsw8 L7-Dlc5 L10-Bbt1 L2-R_g7 L5-Rv_7 L8-I_p9 L11-Uap3 L13-Pvm8 L3-Uxd0 L6-Owr9 L9-Sfo0 L12-Trw0 L14-Q_r9
L1-Heh2 L4-Zsd1 L7-Xsw8 L10-Dlc5 L2-Zmo0 L5-R_g7 L8-Rv_7 L11-I_p9 L13-Uap3 L3-Iai8 L6-Uxd0 L9-Owr9 L12-Sfo0 L14-Trw0
L1-Hv_5 L4-Heh2 L7-Zsd1 L10-Xsw8 L2-Uvj9 L5-Zmo0 L8-R_g7 L11-Rv_7 L13-I_p9 L3-Ujx7 L6-Iai8 L9-Uxd0 L12-Owr9 L14-Sfo0
L1-H__9 L4-Hv_5 L7-Heh2 L10-Zsd1 L2-Hwf1 L5-Uvj9 L8-Zmo0 L11-R_g7 L13-Rv_7 L3-Mrr8 L6-Ujx7 L9-Iai8 L12-Uxd0 L14-Owr9
L1-Bmy2 L4-H__9 L7-Hv_5 L10-Heh2 L2-Ktx7 L5-Hwf1 L8-Uvj9 L11-Zmo0 L13-R_g7 L3-Kpd8 L6-Mrr8 L9-Ujx7 L12-Iai8 L14-Uxd0
L1-B_b8 L4-Bmy2 L7-H__9 L10-Hv_5 L2-Emc8 L5-Ktx7 L8-Hwf1 L11-Uvj9 L13-Zmo0 L3-Ijt8 L6-Kpd8 L9-Mrr8 L12-Ujx7 L14-Iai8
L1-Qgz5 L4-B_b8 L7-Bmy2 L10-H__9 L2-P_c7 L5-Emc8 L8-Ktx7 L11-Hwf1 L13-Uvj9 L3-Xwy5 L6-Ijt8 L9-Kpd8 L12-Mrr8 L14-Ujx7
L1-Fxh0 L4-Qgz5 L7-B_b8 L10-Bmy2 L2-Vif2 L5-P_c7 L8-Emc8 L11-Ktx7 L13-Hwf1 L3-Vif2 L6-Xwy5 L9-Ijt8 L12-Kpd8 L14-Mrr8
L1-Vif2 L4-Fxh0 L7-Qgz5 L10-B_b8 L5-Vif2 L8-P_c7 L11-Emc8 L13-Ktx7 L6-Vif2 L9-Xwy5 L12-Ijt8 L14-Kpd8
L4-Vif2 L7-Fxh0 L10-Qgz5 L8-Vif2 L11-P_c7 L13-Emc8 L9-Vif2 L12-Xwy5 L14-Ijt8
L7-Vif2 L10-Fxh0 L11-Vif2 L13-P_c7 L12-Vif2 L14-Xwy5
L10-Vif2 L13-Vif2 L14-Vif2
