1
#Here is the number of lines required: 29
##start
Qzg7 2 2
##end
Atv2 7 7
P_j8 9 9
Rly4 11 11
Nzj2 14 14
Qnb8 17 17
Wae8 20 20
Ybx5 21 21
O_g2 22 22
Hys0 24 24
Oe_8 29 29
Bdk0 32 32
Pyl0 35 35
Qb_0 37 37
Jso3 40 40
Xan8 42 42
Vo_2 44 44
Ndb1 49 49
Sho6 51 51
Zvh3 53 53
Mgj9 57 57
Oxw7 61 61
Ggr5 62 62
X_j4 65 65
Nkb3 67 67
B_l4 71 71
Ov_3 74 74
Zsj5 76 76
Vgg6 79 79
Ebk8 80 80
Ujs8 85 85
Jou0 88 88
We_6 93 93
Qys7 94 94
Vwv4 95 95
Eh_6 100 100
Ozy3 104 104
Xs_1 107 107
Wmz6 110 110
Yxs4 113 113
Vqx3 116 116
Wl_3 119 119
Udm7 122 122
Kpy9 124 124
Vse3 128 128
Zgo4 130 130
Obd4 134 134
Zdw7 137 137
Xzi6 142 142
Ecf3 144 144
Nsq5 146 146
Ey_1 147 147
Wqf7 151 151
Omw6 155 155
Njn2 156 156
Mnm2 158 158
Ydm0 161 161
Gmi0 163 163
Ux_8 167 167
W_g6 171 171
Cmq1 175 175
Elp3 178 178
Esf8 181 181
Wwh3 184 184
Sxe2 188 188
Am_7 191 191
Nxa5 195 195
Xso3 198 198
C_k7 199 199
Sq_6 203 203
V_r9 205 205
Tjk5 208 208
Olc2 209 209
Tvi3 214 214
Qsj0 215 215
Hlb2 218 218
Zef1 220 220
Vtr0 223 223
Fhi4 225 225
Xby9 227 227
Bny0 230 230
Q_q8 233 233
Ikr2 236 236
Cha6 239 239
Cxf6 241 241
Uaq5 242 242
Wee9 245 245
Vg_7 247 247
M_v3 250 250
Phb8 253 253
Qee2 256 256
Sfg9 257 257
Sdt1 258 258
Oho3 260 260
Xxm2 264 264
Jgb5 266 266
Whl9 268 268
Wbu8 271 271
O_g0 275 275
Yma9 277 277
Uxn2 282 282
Rta0 285 285
Emg3 289 289
V_w5 290 290
R_c9 292 292
Chg5 295 295
V_q6 299 299
F_o5 304 304
Pcj0 305 305
Wtw5 308 308
Vaa6 309 309
Nza9 314 314
G_v9 319 319
Nup5 323 323
Aba3 325 325
Omj8 328 328
As_3 332 332
Dxf6 335 335
Dxq0 338 338
Kxe4 342 342
Gqz6 343 343
Aoz6 344 344
Vla7 348 348
Dfh5 353 353
X__0 356 356
Rjb1 360 360
Ocn7 365 365
C_f2 368 368
Dgh2 370 370
Iyg1 373 373
Npo6 374 374
Dvl0 378 378
Tju6 382 382
Cbk8 385 385
Dt_2 386 386
Zbi7 389 389
Xgb6 391 391
Ftu7 396 396
Snk6 399 399
Txt4 401 401
Vix8 405 405
Wlo6 409 409
Vph5 413 413
Ixs6 416 416
Xab6 419 419
Q_s7 422 422
Ywf0 424 424
Mqm2 428 428
Gzt4 429 429
Day3 434 434
Qac1 436 436
Kvn0 440 440
V_l5 443 443
Jvg6 447 447
Oqs1 452 452
Ubn2 456 456
Aco9 458 458
Sfc6 462 462
Apd6 463 463
Xcg7 465 465
M_f4 467 467
Gla8 472 472
Qnl9 474 474
Yxr4 476 476
Czj5 481 481
Mao9 484 484
Bhg8 486 486
Grx6 490 490
Knu9 492 492
Igj7 494 494
Ihh7 499 499
Qjn1 501 501
Xjw7 504 504
Uag8 508 508
Apf9 512 512
Zpo7 513 513
Set3 516 516
Gna6 521 521
Rnw1 524 524
Mlo2 527 527
Mux0 529 529
Pqe7 532 532
Xzq9 533 533
Mcp4 534 534
Rzu5 538 538
Sbr5 540 540
Fop2 543 543
Jdq9 545 545
Gwq9 547 547
Qxk9 551 551
Ks_9 554 554
Aar5 557 557
Ooh1 559 559
Tsj9 561 561
Dke8 564 564
Vvf5 567 567
Cym9 572 572
Vn_2 576 576
Zh_4 583 583
Stg2 586 586
Qzi1 587 587
Qaj2 589 589
Zku8 591 591
Coj7 594 594
Tiy9 596 596
Fin8 599 599
Vvn7 603 603
Rv_0 608 608
Aks1 610 610
Esl1 612 612
Zei5 616 616
Del9 619 619
Zft6 622 622
Vbf2 624 624
Js_6 626 626
Abm4 629 629
Tai2 633 633
Ccf1 636 636
Rj_9 638 638
Dzf0 642 642
Hax8 645 645
Mdl3 648 648
T_z4 650 650
Fce3 651 651
S_h7 655 655
Pag5 656 656
Qu_4 660 660
Ohz7 663 663
Trk4 667 667
Pr_1 670 670
Sjl0 671 671
Ott1 674 674
Sza6 676 676
Gjo5 678 678
Guu5 681 681
Jzf3 684 684
Vce7 687 687
Qe_2 689 689
Xzo0 691 691
Chh9 694 694
Yzg9 698 698
Cqz7 703 703
Cdk3 706 706
Snx3 711 711
Dqb7 715 715
Z__2 717 717
Jwq2 721 721
Apn9 724 724
Mmt7 728 728
Vma4 731 731
Tdl4 732 732
Td_1 735 735
Kcy0 739 739
Fhf4 743 743
Evz2 745 745
Zwb8 748 748
M__5 749 749
Gry5 751 751
Wvy4 755 755
Rju1 756 756
Oja4 760 760
Aif0 762 762
Exq7 764 764
Oh_1 766 766
Mg_4 767 767
Sqt3 769 769
Tfg2 772 772
Ucc7 773 773
Idz1 778 778
Elc8 780 780
Emi1 785 785
Muv3 788 788
Hgj4 791 791
Qmq2 793 793
Ctm0 795 795
Ktv8 798 798
Did7 802 802
Q_r1 805 805
Gmf5 809 809
Njq5 810 810
Uyd6 813 813
Fja3 816 816
Ww_6 820 820
Tid6 821 821
P_b6 822 822
Enz9 826 826
Tin4 828 828
Qqq7 831 831
Wf_5 834 834
I_j6 837 837
Ppt5 840 840
Qeg3 843 843
Wsd5 844 844
Ize4 846 846
Ivt2 850 850
Skd4 852 852
Ors0 854 854
Iau4 857 857
Xyw1 860 860
Mhc3 864 864
Yrc2 866 866
Ptx0 869 869
Yhn5 871 871
Ajw8 873 873
U_z2 875 875
O_e5 879 879
C_x5 880 880
Ngb8 881 881
Cs_0 883 883
Ul_9 887 887
Yxv1 890 890
Fdj6 892 892
Qqc9 894 894
Phi5 898 898
Cqm9 901 901
Kdg9 904 904
Cpz1 905 905
Nxj8 910 910
Ilu3 913 913
Ewl0 916 916
Ek_2 918 918
Sos1 920 920
Fp_2 921 921
Tif8 924 924
Bhr7 927 927
Ktp4 929 929
Jh_8 933 933
Rea4 937 937
Dxb0 939 939
B_q5 943 943
Ahh4 944 944
Uvn4 945 945
Hpm9 948 948
Ze_9 951 951
Qze7 954 954
Fej6 956 956
Aq_6 959 959
B_a5 961 961
Pjt5 964 964
Epo0 967 967
Yoe5 970 970
Ics8 973 973
Mcs5 975 975
Atq9 977 977
Ufr0 980 980
Sgh0 983 983
Jtx6 985 985
Wuk0 987 987
Yoa2 991 991
Xga6 993 993
Sqw3 996 996
Zlj9 999 999
Zvk3 1002 1002
Kzp9 1006 1006
W_q6 1009 1009
Zhd7 1011 1011
Sxw6 1015 1015
Ygx8 1017 1017
Qma7 1019 1019
Qqz9 1024 1024
Yqy9 1028 1028
Puq2 1031 1031
Jwv9 1034 1034
Pia8 1037 1037
Scj6 1041 1041
Oof4 1044 1044
Deq7 1046 1046
Cqe2 1049 1049
Ioa4 1052 1052
Rzt8 1053 1053
Qcl5 1055 1055
Ixp6 1060 1060
Abu8 1063 1063
Fnp1 1067 1067
Gss4 1070 1070
Alc0 1073 1073
Spn8 1076 1076
Gqp0 1080 1080
Hyb8 1083 1083
H_v9 1088 1088
Wyf8 1089 1089
Bnf3 1091 1091
Hhh1 1096 1096
Msq8 1098 1098
Iig7 1101 1101
Xxu9 1105 1105
Ncm6 1106 1106
B_g9 1110 1110
Wwi6 1111 1111
Uff5 1114 1114
Pol7 1118 1118
Kh_9 1121 1121
Wkp2 1122 1122
Sky7 1124 1124
Grd8 1128 1128
B_t6 1132 1132
Jle5 1135 1135
Xml3 1139 1139
Asv1 1142 1142
Wnt4 1144 1144
Fdj6-P_j8
Emg3-Wnt4
Ybx5-Asv1
Vla7-Xml3
Dxb0-Qnb8
Zh_4-Jle5
Fej6-B_t6
Whl9-Wae8
Zpo7-Grd8
Mux0-Sky7
Gmi0-O_g2
Oe_8-Uff5
Bdk0-Oe_8
Wwi6-Bdk0
Pyl0-Wwi6
Ncm6-Qb_0
Xan8-Jso3
Ndb1-Vo_2
Zvh3-Sho6
Oxw7-Msq8
Nkb3-X_j4
B_l4-Nkb3
Ov_3-H_v9
Zsj5-Ov_3
Vgg6-Zsj5
Spn8-Gqp0
Alc0-Spn8
Ebk8-Alc0
Ujs8-Ebk8
Jou0-Ujs8
We_6-Jou0
Gss4-Vwv4
Eh_6-Gss4
Wmz6-Xs_1
Fnp1-Wmz6
Abu8-Fnp1
Ixp6-Abu8
Qcl5-Ixp6
Yxs4-Ioa4
Cqe2-Yxs4
Deq7-Vqx3
Wl_3-Deq7
Kpy9-Puq2
Yqy9-Kpy9
Qqz9-Obd4
Zdw7-Qma7
Sxw6-Ecf3
Ydm0-Mnm2
Kzp9-Atv2
Zlj9-Zvk3
Sqw3-Zlj9
Xga6-W_g6
Elp3-Cmq1
Esf8-Jtx6
Sgh0-Esf8
Wwh3-Sgh0
Ufr0-Sxe2
Nxa5-Atq9
Xso3-Nxa5
Mcs5-Xso3
Ics8-Mcs5
Sq_6-C_k7
Epo0-Tjk5
B_a5-Pjt5
Aq_6-B_a5
Olc2-Fej6
Tvi3-Olc2
Qze7-Tvi3
Uvn4-Hpm9
Vtr0-Zef1
Fhi4-Vtr0
Q_q8-Bny0
Ikr2-Q_q8
Cha6-Ikr2
Cxf6-Cha6
Uaq5-Cxf6
B_q5-Uaq5
Phb8-M_v3
Sfg9-Qee2
Dxb0-Sdt1
Oho3-Jh_8
Xxm2-Tif8
Fp_2-Xxm2
Ek_2-Sos1
Ilu3-Ewl0
Whl9-Nxj8
Wbu8-Whl9
Kdg9-Cpz1
Cqm9-O_g0
Qzg7-Uxn2
V_w5-Yxv1
R_c9-V_w5
V_q6-Chg5
F_o5-V_q6
Wtw5-Pcj0
Ul_9-Wtw5
Ngb8-Cs_0
O_e5-C_x5
U_z2-O_e5
Ajw8-U_z2
Yhn5-Vaa6
Ptx0-Yhn5
Nza9-Yrc2
Aba3-Mhc3
Ors0-Iau4
Skd4-Ors0
Wsd5-Ize4
Qeg3-Wsd5
I_j6-Ppt5
Wf_5-I_j6
Qqq7-Gqz6
Aoz6-Tin4
Vla7-Aoz6
Ww_6-X__0
Rjb1-Ww_6
C_f2-Ocn7
Fja3-Dgh2
Gmf5-Njq5
Npo6-Did7
Dvl0-Ktv8
Qmq2-Ctm0
Tju6-Qmq2
Emi1-Cbk8
Zbi7-Dt_2
Xgb6-Zbi7
Elc8-Snk6
Idz1-Elc8
Txt4-Tfg2
Vix8-Txt4
Wlo6-Vix8
Oh_1-Mg_4
Exq7-Oh_1
Aif0-Exq7
Rju1-Oja4
Wvy4-Vph5
Qzg7-Wvy4
Ixs6-Gry5
M__5-Ixs6
Xab6-M__5
Q_s7-Zwb8
Evz2-Ywf0
Td_1-Kcy0
Gzt4-Mqm2
Day3-Gzt4
Qac1-Day3
Kvn0-Qac1
V_l5-Tdl4
Vma4-V_l5
Jvg6-Vma4
Oqs1-Jvg6
Ubn2-Oqs1
Mmt7-Ubn2
Apd6-Sfc6
Xcg7-Apd6
Jwq2-Yxr4
Z__2-Jwq2
Mao9-Cqz7
Bhg8-Yzg9
Grx6-Bhg8
Xzo0-Chh9
Jzf3-Vce7
Qjn1-Ihh7
Gjo5-Qjn1
Xjw7-Ott1
Sjl0-Xjw7
Pr_1-Uag8
Apf9-Pr_1
Ohz7-Trk4
Zpo7-Ohz7
Gna6-Set3
Rnw1-Gna6
Qu_4-Rnw1
Fce3-Mlo2
T_z4-Fce3
Mux0-T_z4
Hax8-Mdl3
Dzf0-Hax8
Pqe7-Dzf0
Rj_9-Pqe7
Ccf1-Xzq9
Tai2-Ccf1
Vbf2-Js_6
Mcp4-Vbf2
Del9-Zft6
Sbr5-Del9
Fop2-Sbr5
Zei5-Jdq9
Ks_9-Qxk9
Rv_0-Ks_9
Vvn7-Rv_0
Tiy9-Fin8
Zku8-Coj7
Aar5-Zku8
Ooh1-Qaj2
Stg2-Qzi1
Cym9-Vvf5
Zh_4-Cym9
Qzg7-Zh_4
Vvf5-Stg2
Qzi1-Dke8
Dke8-Tsj9
Tsj9-Ooh1
Qaj2-Aar5
Coj7-Tiy9
Fin8-Vvn7
Qxk9-Aks1
Aks1-Gwq9
Gwq9-Esl1
Esl1-Zei5
Jdq9-Fop2
Zft6-Vn_2
Vn_2-Atv2
Qzg7-Rzu5
Rzu5-Mcp4
Js_6-Abm4
Abm4-Tai2
Xzq9-Rj_9
Mdl3-Mux0
Mlo2-S_h7
S_h7-Pag5
Pag5-Qu_4
Set3-Zpo7
Trk4-Apf9
Uag8-Sjl0
Ott1-Sza6
Sza6-Gjo5
Ihh7-Igj7
Igj7-Knu9
Knu9-Guu5
Guu5-Jzf3
Vce7-Qe_2
Qe_2-Xzo0
Chh9-Grx6
Yzg9-Mao9
Cqz7-Cdk3
Cdk3-Czj5
Czj5-Snx3
Snx3-Dqb7
Dqb7-Z__2
Yxr4-Qnl9
Qnl9-Gla8
Gla8-Apn9
Apn9-M_f4
M_f4-Xcg7
Sfc6-Aco9
Aco9-Mmt7
Tdl4-Kvn0
Mqm2-Td_1
Kcy0-Fhf4
Fhf4-Evz2
Ywf0-Q_s7
Zwb8-Xab6
Gry5-Atv2
Vph5-Rju1
Oja4-Aif0
Mg_4-Sqt3
Sqt3-Wlo6
Tfg2-Ucc7
Ucc7-Idz1
Snk6-Ftu7
Ftu7-Xgb6
Dt_2-Emi1
Cbk8-Muv3
Muv3-Hgj4
Hgj4-Tju6
Ctm0-Dvl0
Ktv8-Npo6
Did7-Q_r1
Q_r1-Gmf5
Njq5-Uyd6
Uyd6-Iyg1
Iyg1-Fja3
Dgh2-C_f2
Ocn7-Rjb1
X__0-Dfh5
Dfh5-Tid6
Tid6-P_b6
P_b6-Enz9
Enz9-Vla7
Tin4-Qqq7
Gqz6-Wf_5
Ppt5-Qeg3
Ize4-Kxe4
Kxe4-Dxq0
Dxq0-Dxf6
Dxf6-As_3
As_3-Ivt2
Ivt2-Skd4
Iau4-Xyw1
Xyw1-Omj8
Omj8-Aba3
Mhc3-Nup5
Nup5-G_v9
G_v9-Nza9
Yrc2-Ptx0
Vaa6-Ajw8
C_x5-Ngb8
Cs_0-Ul_9
Pcj0-F_o5
Chg5-R_c9
Yxv1-Emg3
Emg3-Fdj6
Fdj6-Qqc9
Qqc9-Phi5
Phi5-Rta0
Rta0-Atv2
Uxn2-Yma9
Yma9-Cqm9
O_g0-Kdg9
Cpz1-Wbu8
Nxj8-Ilu3
Ewl0-Jgb5
Jgb5-Ek_2
Sos1-Fp_2
Tif8-Bhr7
Bhr7-Ktp4
Ktp4-Oho3
Jh_8-Rea4
Rea4-Dxb0
Sdt1-Sfg9
Qee2-Phb8
M_v3-Vg_7
Vg_7-Wee9
Wee9-B_q5
Bny0-Ahh4
Ahh4-Xby9
Xby9-Fhi4
Zef1-Hlb2
Hlb2-Uvn4
Hpm9-Qsj0
Qsj0-Ze_9
Ze_9-Qze7
Fej6-Aq_6
Pjt5-Epo0
Tjk5-V_r9
V_r9-Sq_6
C_k7-Yoe5
Yoe5-Ics8
Atq9-Am_7
Am_7-Ufr0
Sxe2-Wwh3
Jtx6-Wuk0
Wuk0-Yoa2
Yoa2-Elp3
Cmq1-Xga6
W_g6-Ux_8
Ux_8-Sqw3
Zvk3-Gmi0
Gmi0-Kzp9
Qzg7-Ydm0
Mnm2-Njn2
Njn2-Omw6
Omw6-Wqf7
Wqf7-W_q6
W_q6-Ey_1
Ey_1-Zhd7
Zhd7-Nsq5
Nsq5-Sxw6
Ecf3-Ygx8
Ygx8-Xzi6
Xzi6-Zdw7
Qma7-Qqz9
Obd4-Zgo4
Zgo4-Vse3
Vse3-Yqy9
Puq2-Jwv9
Jwv9-Pia8
Pia8-Scj6
Scj6-Oof4
Oof4-Udm7
Udm7-Wl_3
Vqx3-Cqe2
Ioa4-Rzt8
Rzt8-Qcl5
Xs_1-Ozy3
Ozy3-Eh_6
Vwv4-Qys7
Qys7-We_6
Gqp0-Hyb8
Hyb8-Vgg6
H_v9-B_l4
X_j4-Wyf8
Wyf8-Ggr5
Ggr5-Bnf3
Bnf3-Hhh1
Hhh1-Oxw7
Msq8-Mgj9
Mgj9-Iig7
Iig7-Zvh3
Sho6-Ndb1
Vo_2-Xxu9
Xxu9-Xan8
Jso3-Ncm6
Qb_0-B_g9
B_g9-Pyl0
Uff5-Atv2
B_a5-Pol7
Rju1-Kh_9
Yxv1-Hys0
Rnw1-Ybx5
Xxu9-Wkp2
As_3-Nzj2
Wf_5-Rly4
#Here is the number of lines required: 29

L1-Zh_4
L1-Cym9
L1-Vvf5
L1-Stg2
L1-Qzi1
L1-Dke8
L1-Tsj9
L1-Ooh1
L1-Qaj2
L1-Aar5
L1-Zku8
L1-Coj7
L1-Tiy9
L1-Vvn7
L1-Rv_0
L1-Ks_9
L1-Qxk9
L1-Aks1
L1-Gwq9
L1-Esl1
L1-Zei5
L1-Jdq9
L1-Fop2
L1-Sbr5
L1-Del9
L1-Zft6
L1-Vn_2
L1-Atv2
