103
#Here is the number of lines required: 29
##start
Jeu2 1 1
##end
Tur3 5 5
Yxm5 10 10
Phz1 11 11
K__2 14 14
Yo_3 16 16
Nlh4 19 19
Idk2 21 21
X_t9 24 24
Rsm6 29 29
Fdg7 31 31
Ufg4 35 35
Jqx4 38 38
Vky5 39 39
Yzn4 42 42
Ccq6 45 45
Rel4 50 50
Nvh0 54 54
Owc1 56 56
Ubx9 58 58
Vkj1 62 62
Div7 64 64
Xkm0 69 69
Qoc4 72 72
Rbf2 75 75
H_u9 79 79
Qnu8 81 81
Uuk3 83 83
Jjq9 86 86
Knh9 88 88
Kbw0 90 90
Hxp1 91 91
Xjr2 94 94
Aiq3 96 96
Od_2 100 100
Wec7 102 102
Gbg3 105 105
Xbt5 107 107
Jgd1 111 111
Rhi3 114 114
Jei9 115 115
Gim7 119 119
B_u3 124 124
Cvb8 128 128
T_k2 131 131
Nvn7 134 134
Fgr2 136 136
Brw1 138 138
Vuv9 141 141
Vsc9 142 142
M__9 145 145
Q_t4 146 146
Ejs9 148 148
Mek0 151 151
Xh_9 153 153
Z_i1 157 157
Dnd7 158 158
Hsl7 159 159
Vhm0 164 164
Rnx8 167 167
Csf9 170 170
Css8 172 172
Ids8 174 174
Nbv8 178 178
Sp_5 180 180
Jrw8 181 181
Rxx6 182 182
Jnw4 185 185
Oop3 188 188
Xkf0 193 193
Dsf8 198 198
Ogi9 201 201
U_q5 203 203
Q_t7 207 207
Mai2 211 211
Eg_9 214 214
Rgz1 216 216
Gpb7 219 219
Xsw7 221 221
Bm_9 222 222
Rqb8 223 223
Mox0 225 225
Eoc2 228 228
Qr_2 231 231
Hbl3 235 235
Ppi4 238 238
Evl0 240 240
Rl_1 244 244
W_h7 248 248
Qfz6 251 251
Nvt0 254 254
Tct1 258 258
Pfh8 262 262
A_a4 266 266
Uqr4 271 271
Siw2 275 275
Bdr5 280 280
Uwh5 282 282
Dbe2 287 287
Ahn4 290 290
Flz4 293 293
Zsl6 297 297
Fnr6 300 300
Tnm2 305 305
Rlh8 308 308
Cxv1 311 311
Xwz4 315 315
P_w4 317 317
Gfh8 320 320
Abt6 321 321
Iaj7 323 323
Ayl3 328 328
Wzs8 330 330
Cks7 334 334
Yfm2 335 335
Mav7 338 338
Qzx3 341 341
Yla5 343 343
Gnd6 347 347
Igb6 348 348
Eoi1 351 351
X_r2 355 355
Njj0 357 357
Sl_8 360 360
Xhy9 362 362
Giw9 366 366
Qsq9 369 369
Yid3 373 373
T_m2 374 374
Cpr1 377 377
Vtq7 381 381
Dhi8 384 384
Nwh8 387 387
Qto2 390 390
Muq0 393 393
I_h3 397 397
Rfu5 402 402
Jqv3 405 405
Fhh8 406 406
Xyz2 411 411
Qei7 414 414
Zsd5 417 417
Rwq6 421 421
Wyy5 422 422
Pa_5 425 425
Dzi5 428 428
Rjv7 432 432
Nwz0 435 435
Bwq2 437 437
Diw8 439 439
Pip1 440 440
Urx0 443 443
Bnx7 446 446
Wnj1 451 451
Sur3 454 454
Yrs2 457 457
Qxq8 459 459
Gm_1 461 461
Sfk9 466 466
Buy5 468 468
Jkm8 469 469
Isr2 471 471
Bf_9 473 473
Vjl1 474 474
Wdj1 479 479
Doy7 482 482
Na_6 485 485
Van8 488 488
Ofl6 491 491
Y_s9 496 496
Foi5 499 499
Sxc3 501 501
Ybl4 503 503
Y_d7 506 506
Gva5 509 509
B_m7 512 512
Ors3 513 513
P_h3 516 516
Oam3 519 519
Qhg1 521 521
Su_3 526 526
Mqd5 527 527
Fbp7 530 530
Jpz9 532 532
Atu4 537 537
Urj8 541 541
Cw_5 546 546
Zlq4 550 550
Ss_6 554 554
Qr_7 558 558
Bte7 561 561
Zvp4 563 563
Nne9 564 564
Wqk0 567 567
Udp2 569 569
Ogn3 571 571
Acu7 574 574
Yac9 578 578
Wuj0 583 583
Iy_2 586 586
Slu0 590 590
S__1 595 595
Cyd2 599 599
Sp_8 601 601
Iyd7 604 604
B_u9 607 607
Sdk3 608 608
Mt_0 610 610
Tjn3 613 613
Ftk1 617 617
Nk_1 620 620
Kzi6 623 623
D_f8 625 625
X_l3 630 630
Nkg3 635 635
Snb3 638 638
Avv7 640 640
Mi_5 643 643
Anf1 646 646
Hij7 650 650
Itb7 654 654
Fx_1 656 656
Tmm9 658 658
U_t6 661 661
Jmo1 664 664
Ncc8 668 668
R_n7 669 669
Zau4 672 672
R_j0 677 677
Zyf4 679 679
Kle9 683 683
Bqe7 686 686
Kab7 691 691
Rcp8 695 695
Ut_3 698 698
Xmb5 701 701
Juz2 703 703
Ya_2 705 705
Hez2 708 708
Bc_3 710 710
Ikm6 715 715
Uxh0 718 718
Mad4 721 721
Ksc0 724 724
Opd7 729 729
Rvy4 733 733
Yka5 737 737
Ggd0 740 740
Ugx4 742 742
Xct0 743 743
Iqd7 746 746
Jwn4 749 749
Vib4 752 752
Ehv2 754 754
Yvq3 755 755
Mnk3 758 758
Caz8 761 761
Ujm7 763 763
Kvx5 765 765
Bqg2 770 770
Dsg0 775 775
Tky4 779 779
Kk_8 780 780
Igo5 783 783
Dsd1 786 786
Xlp3 790 790
Tax6 793 793
Nzg3 797 797
Ndq4 801 801
Uyi8 804 804
Hsw3 807 807
Cza8 810 810
S_u6 813 813
Fy_4 817 817
A_u4 820 820
Nuh9 824 824
Ccd1 829 829
Soa9 833 833
Phx6 837 837
Vvy7 841 841
Fpq9 844 844
Dvg3 848 848
Iv_5 851 851
M_x2 855 855
Ifp2 856 856
B_c2 861 861
Cos4 864 864
Yvn7 866 866
Hot9 870 870
Nr_9 874 874
Qz_9 877 877
Tfc0 879 879
Gzs2 883 883
Skt8 886 886
Xpc1 889 889
Qj_5 892 892
Oek7 894 894
Fuz7 896 896
Bwh9 900 900
Plo9 903 903
Io_7 905 905
Ipc3 908 908
Hgj0 910 910
Obc3 911 911
Ysj3 916 916
Xap9 918 918
Geo4 922 922
Fjc8 928 928
Xbt9 932 932
Aeb2 936 936
Pxf4 939 939
Kd_8 943 943
Fjs7 946 946
Bqp9 949 949
Szs9 952 952
Tvr5 956 956
Cec5 959 959
Qsv1 962 962
Ndb9 964 964
J_f2 968 968
Tvs3 971 971
Dbo8 974 974
Vz_0 976 976
Ukf4 979 979
Kcf1 983 983
Oui6 985 985
Ila7 990 990
Tbs0 992 992
Sqr3 994 994
Ejg3 995 995
Him0 997 997
Ovk6 1002 1002
Txj5 1006 1006
Xs_9 1011 1011
Ein3 1015 1015
Hpj5 1017 1017
Pol4 1020 1020
Iag3 1023 1023
Jmh2 1028 1028
Qq_4 1030 1030
Xvz4 1035 1035
Bhv2 1038 1038
Klj8 1039 1039
Pnl9 1042 1042
Pci1 1043 1043
Wlm5 1045 1045
Dgs8 1047 1047
Rxj2 1049 1049
Jrm3 1052 1052
Y_f0 1055 1055
Gdt8 1057 1057
B_e7 1061 1061
Vgu6 1066 1066
R_j2 1069 1069
Ges7 1071 1071
Oon3 1074 1074
Slw9 1076 1076
I_j8 1077 1077
Hed9 1080 1080
Qhn8 1083 1083
Qdj5 1084 1084
Rkn3 1086 1086
Xrl7 1089 1089
Cwp7 1092 1092
Pqp8 1094 1094
Nug6 1096 1096
Boo4 1098 1098
Mbj6 1101 1101
Qyl3 1106 1106
Qrv8 1109 1109
Sne1 1112 1112
G_e0 1114 1114
Zlc8 1118 1118
Hfq3 1121 1121
Xud6 1124 1124
Scb0 1127 1127
Aig4 1129 1129
M_v0 1130 1130
Zlr0 1133 1133
Zuc7 1136 1136
Hkf9 1140 1140
D_c9 1141 1141
Wxf5 1145 1145
Pyh7 1149 1149
Koh8 1152 1152
Der6 1154 1154
Evx9 1158 1158
Kjf4 1161 1161
Hbj1 1166 1166
Feu2 1171 1171
Hm_0 1176 1176
P_j0 1179 1179
Oqm2 1180 1180
Skg9 1183 1183
Rpz9 1185 1185
Fmu5 1189 1189
Nqf3 1193 1193
Ay_2 1197 1197
Kql6 1199 1199
Sib2 1202 1202
Owi0 1204 1204
Akh8 1207 1207
Prp3 1211 1211
Xjc5 1213 1213
Yqc7 1216 1216
Mnw6 1220 1220
P_n5 1223 1223
Bjh7 1225 1225
Yyn8 1230 1230
Gdd1 1233 1233
Tyw6 1235 1235
Ev_9 1239 1239
Hgk4 1242 1242
Rab0 1245 1245
Yub4 1246 1246
Ss_5 1249 1249
Caa0 1252 1252
Fty9 1254 1254
Kqr0 1255 1255
Xd_6 1257 1257
Js_2 1259 1259
Ovi3 1262 1262
Xah7 1267 1267
Cwx8 1271 1271
Unu4 1274 1274
Vlw7 1278 1278
Xzw4 1281 1281
Nmj3 1284 1284
Kx_3 1287 1287
Dmn3 1292 1292
Ypf7 1297 1297
Dlt4 1301 1301
Zqj0 1304 1304
Wa_2 1306 1306
Oxn8 1309 1309
Ytd9 1310 1310
Goe6 1312 1312
Zej4 1314 1314
Zns6 1319 1319
Dyh4 1322 1322
Mbr4 1325 1325
Fsu7 1329 1329
Edc4 1333 1333
Jzl4 1334 1334
Cmm3 1339 1339
Auz5 1343 1343
He_8 1348 1348
Vbb0 1351 1351
Dxu3 1353 1353
Otb4 1356 1356
Bid1 1359 1359
Try5 1361 1361
V_v3 1363 1363
Y_s4 1364 1364
Atc2 1368 1368
Gmd3 1371 1371
Rbz8 1374 1374
Xjd1 1376 1376
Xjz6 1380 1380
Tch2 1384 1384
Adl0 1387 1387
E_i8 1392 1392
Fei0 1396 1396
Nxp6 1400 1400
Psb4 1404 1404
Prh8 1408 1408
Ujo5 1410 1410
Vxn6 1412 1412
Jjf4 1414 1414
Skn8 1419 1419
Mzz9 1422 1422
Tvm3 1425 1425
Zme8 1427 1427
Ync2 1430 1430
Slt7 1431 1431
Tbc5 1435 1435
Xgp1 1436 1436
Ie_1 1437 1437
I_e4 1440 1440
Qgk1 1443 1443
Fwb0 1448 1448
Rfl0 1453 1453
Fxt7 1457 1457
Kk_5 1461 1461
Wvp0 1463 1463
B_c0 1466 1466
Ogu4 1468 1468
Czp8 1469 1469
Hqu5 1472 1472
Ehc2 1474 1474
Gjx3 1477 1477
Ssj6 1480 1480
Nha3 1484 1484
Qru2 1488 1488
Egn4 1491 1491
Hfc4 1496 1496
Mne0 1501 1501
Anu6 1506 1506
Hyj4 1509 1509
Swi5 1512 1512
Dbi8 1515 1515
Pzu1 1520 1520
Olm5 1521 1521
Xrb7 1524 1524
Mkf4 1527 1527
Bfz9 1528 1528
Xay6 1529 1529
Vi_1 1530 1530
Tfm1 1533 1533
Qaf0 1536 1536
Sxw5 1539 1539
E_i4 1540 1540
Jls0 1541 1541
Gqv7 1545 1545
Zdn4 1546 1546
Cws2 1547 1547
Mr_0 1551 1551
Qr_1 1554 1554
Yqt2 1557 1557
Kpd3 1561 1561
Yxi0 1565 1565
Jdw7 1567 1567
Pxc1 1570 1570
Hsa1 1572 1572
Pgh2 1574 1574
S_l8 1578 1578
Xzy0 1580 1580
Mbe2 1582 1582
Pzt0 1585 1585
Rnn3 1589 1589
W_k4 1592 1592
Ck_4 1595 1595
Psk8 1599 1599
Wx_5 1601 1601
Yor2 1604 1604
Sel1 1608 1608
Kav0 1610 1610
Fbk4 1614 1614
Ehz0 1617 1617
Oax6 1620 1620
Gre0 1622 1622
Iu_2 1624 1624
Piv4 1627 1627
Mkz9 1631 1631
Wtl2 1634 1634
Tju8 1638 1638
Olk4 1642 1642
Zfp8 1645 1645
Cag9 1647 1647
Xwu3 1652 1652
Dvm4 1653 1653
Hsu9 1654 1654
Odx6 1657 1657
Zbr6 1660 1660
On_0 1663 1663
Gu_4 1665 1665
Qgc8 1667 1667
Fhe2 1668 1668
Axa1 1671 1671
Z_s9 1674 1674
Pny8 1675 1675
Qy_5 1677 1677
Hg_7 1682 1682
Moh2 1686 1686
Xkr2 1690 1690
Bma5 1695 1695
Ary0 1698 1698
Ikd7 1703 1703
Rjo1 1706 1706
Pcx2 1708 1708
Yez5 1711 1711
Qgq2 1715 1715
Zls3 1717 1717
Fth7 1720 1720
Ixy2 1722 1722
Y_a1 1726 1726
Fli9 1728 1728
Nju8 1732 1732
Eiy9 1734 1734
Jxr6 1736 1736
Rwt2 1740 1740
Ev_2 1744 1744
Jfs5 1748 1748
Mym3 1752 1752
Kim7 1757 1757
Mzc3 1758 1758
Up_7 1761 1761
Cx_0 1766 1766
Cec3 1770 1770
Znt4 1773 1773
Rgz5 1776 1776
S_u5 1779 1779
G_c2 1783 1783
Esz2 1787 1787
Kca2 1792 1792
Gdf7 1793 1793
Tyf8 1797 1797
Nlq7 1802 1802
Kgt0 1804 1804
Cvg8 1806 1806
Qlf1 1811 1811
Foy5 1814 1814
Tgf4 1819 1819
R_g5 1823 1823
Clq8 1828 1828
Keh6 1830 1830
Pfq5 1833 1833
Hkz8 1836 1836
Zos0 1840 1840
Quq0 1842 1842
Qzm1 1845 1845
Csf9-Qzm1
Evl0-Quq0
Pgh2-Phz1
Vsc9-K__2
Wx_5-Keh6
Olk4-Nlh4
Bhv2-Idk2
Zvp4-X_t9
Anu6-Clq8
Fth7-Fdg7
B_c2-Tgf4
Yla5-Ufg4
Ksc0-Foy5
Mek0-Qlf1
Ayl3-Cvg8
Xs_9-Vky5
Ary0-Kgt0
Mad4-Yzn4
Zdn4-Tyf8
Otb4-Gdf7
Ggd0-Ubx9
Cwx8-Div7
Ev_2-S_u5
X_r2-Znt4
Rfu5-Qoc4
Xkr2-Rbf2
Hij7-Up_7
Vz_0-Mzc3
Vlw7-Kim7
Pfh8-Jjq9
Ogu4-Jfs5
Rfl0-Kbw0
Hij7-Jxr6
Evx9-Fli9
Fpq9-Aiq3
Rbz8-Wec7
Yyn8-Gbg3
Hpj5-Ixy2
Ogu4-Jgd1
Ogn3-Fth7
Ncc8-Ikd7
Adl0-Cvb8
Yfm2-T_k2
Flz4-Nvn7
Nqf3-Ary0
B_m7-Fgr2
Y_f0-Bma5
Sp_8-Moh2
Piv4-Hg_7
Mt_0-Vuv9
Ut_3-Vsc9
Ync2-M__9
Yfm2-Mek0
Pci1-Z_i1
Phx6-Pny8
Avv7-Z_s9
Rvy4-Axa1
Iu_2-Fhe2
Rlh8-Hsl7
Hed9-Qgc8
Y_f0-On_0
Wdj1-Css8
Zqj0-Ids8
Pxf4-Zbr6
Jdw7-Nbv8
Ya_2-Sp_5
Nk_1-Jrw8
Ppi4-Hsu9
Kk_5-Xwu3
Swi5-Cag9
Ytd9-Zfp8
Urx0-Oop3
Iqd7-Xkf0
Dhi8-Tju8
Fei0-Wtl2
Pnl9-Piv4
Y_d7-Eg_9
Yxi0-Rgz1
Phx6-Oax6
Jdw7-Ehz0
Nk_1-Fbk4
Sel1-Gpb7
Yor2-Xsw7
Wx_5-Bm_9
Rqb8-Wx_5
Mox0-Rqb8
Psk8-Mox0
Ck_4-Psk8
Rnn3-W_k4
Pzt0-Rnn3
Mbe2-Pzt0
Eoc2-Xzy0
S_l8-Eoc2
Qr_2-S_l8
Hbl3-Qr_2
Pgh2-Hbl3
Pxc1-Hsa1
Qr_1-Rl_1
W_h7-Qr_1
Qfz6-W_h7
Nvt0-Qfz6
Pfh8-Tct1
A_a4-Mr_0
Uqr4-Tur3
Siw2-Uqr4
Bdr5-Zdn4
Uwh5-Bdr5
Flz4-Ahn4
Zsl6-Flz4
Tnm2-Fnr6
Jls0-Tnm2
E_i4-Cxv1
Xwz4-E_i4
Gfh8-Qaf0
Ayl3-Iaj7
Cks7-Tfm1
Mav7-Bfz9
Mkf4-Qzx3
Yla5-Mkf4
Xrb7-Gnd6
Pzu1-Olm5
Hyj4-Swi5
Sl_8-Mne0
Xhy9-Sl_8
Giw9-Xhy9
Qsq9-Egn4
Qru2-Yid3
Gjx3-T_m2
Vtq7-Cpr1
Dhi8-Vtq7
Qto2-Czp8
Ogu4-I_h3
Rfu5-Ogu4
Xyz2-Fhh8
Qei7-Xyz2
Zsd5-Wvp0
Rwq6-Zsd5
Dzi5-Pa_5
Rjv7-Dzi5
Nwz0-Rjv7
Bwq2-Nwz0
Rfl0-Fxt7
Fwb0-Pip1
Jeu2-Fwb0
Bnx7-Urx0
Wnj1-Bnx7
I_e4-Wnj1
Yrs2-Sur3
Tbc5-Xgp1
Qxq8-Tbc5
Slt7-Qxq8
Ync2-Sfk9
Jkm8-Buy5
Ujo5-Vxn6
Wdj1-Ujo5
Prh8-Wdj1
E_i8-Fei0
Doy7-E_i8
Na_6-Doy7
Van8-Adl0
Y_s4-Atc2
Y_s9-V_v3
Sxc3-Foi5
Ybl4-Sxc3
Bid1-Try5
Otb4-Bid1
Dxu3-Otb4
Vbb0-Dxu3
He_8-B_m7
Qhg1-Oam3
Edc4-Jzl4
Mbr4-Fsu7
Zns6-Dyh4
Fbp7-Zns6
Zej4-Fbp7
Urj8-Atu4
Goe6-Urj8
Ytd9-Goe6
Oxn8-Ytd9
Jeu2-Cw_5
Fjc8-Tur3
Zlq4-Fjc8
Zqj0-Ss_6
Dlt4-Qr_7
Nne9-Zvp4
Kx_3-Dmn3
Nmj3-Kx_3
Acu7-Xzw4
Vlw7-Acu7
Cwx8-Unu4
Ovi3-Xah7
Iy_2-Ovi3
Js_2-Iy_2
Cyd2-S__1
Xd_6-Iyd7
Sdk3-Kqr0
Fty9-Sdk3
Mt_0-Fty9
Tjn3-Mt_0
Kzi6-Nk_1
X_l3-D_f8
Yub4-Ss_5
Avv7-Yub4
Rab0-Tur3
Hgk4-Rab0
Tyw6-Ev_9
Anf1-Gdd1
Hij7-Yyn8
Bjh7-Hij7
P_n5-Itb7
Yqc7-Tmm9
Xjc5-Jmo1
Ncc8-Xjc5
Prp3-Ncc8
R_n7-Prp3
Zau4-R_n7
Bqe7-Kle9
Kab7-Bqe7
Akh8-Kab7
Owi0-Ut_3
Sib2-Owi0
Xmb5-Sib2
Ya_2-Juz2
Ay_2-Kql6
Jeu2-Bc_3
Fmu5-Uxh0
Rpz9-Fmu5
Mad4-Rpz9
Ksc0-Mad4
Skg9-Yka5
Oqm2-Skg9
Ugx4-Ggd0
P_j0-Ugx4
Iqd7-Xct0
Feu2-Tur3
Yvq3-Ehv2
Kjf4-Yvq3
Evx9-Kjf4
Der6-Evx9
Pyh7-Koh8
Wxf5-Pyh7
D_c9-Wxf5
Caz8-Mnk3
Ujm7-Caz8
Hkf9-Ujm7
Kvx5-Zuc7
Zlr0-Kvx5
M_v0-Zlr0
Jeu2-M_v0
Aig4-Bqg2
Scb0-Aig4
Qyl3-Qrv8
Igo5-Mbj6
Dsd1-Igo5
Jeu2-Dsd1
Xlp3-Tur3
Boo4-Xlp3
Nug6-Boo4
Pqp8-Nug6
Xrl7-Cwp7
Rkn3-Xrl7
Nzg3-Rkn3
Hsw3-Uyi8
Hed9-Hsw3
Cza8-Slw9
Oon3-S_u6
Fy_4-Oon3
Jeu2-Fy_4
Ges7-Tur3
R_j2-Ges7
A_u4-R_j2
B_e7-Vgu6
Gdt8-Nuh9
Y_f0-Gdt8
Ccd1-Y_f0
Rxj2-Jrm3
Phx6-Rxj2
Xvz4-Bhv2
Qq_4-Vvy7
Jmh2-Qq_4
Ovk6-Txj5
Ifp2-Ovk6
B_c2-Him0
Yvn7-Cos4
Hot9-Tbs0
Nr_9-Hot9
Ila7-Nr_9
Tfc0-Qz_9
Kcf1-Oui6
Xpc1-Skt8
Qj_5-Xpc1
Fuz7-Oek7
Vz_0-Fuz7
Jeu2-Dbo8
Tvs3-Tur3
Bwh9-J_f2
Ndb9-Bwh9
Qsv1-Ndb9
Io_7-Plo9
Tvr5-Cec5
Fjs7-Ipc3
Hgj0-Fjs7
Aeb2-Xap9
Xbt9-Geo4
Jeu2-Xbt9
Geo4-Aeb2
Xap9-Pxf4
Pxf4-Kd_8
Kd_8-Ysj3
Ysj3-Obc3
Obc3-Hgj0
Ipc3-Bqp9
Bqp9-Szs9
Szs9-Tvr5
Cec5-Io_7
Plo9-Qsv1
J_f2-Tvs3
Dbo8-Vz_0
Oek7-Qj_5
Skt8-Ukf4
Ukf4-Kcf1
Oui6-Gzs2
Gzs2-Tfc0
Qz_9-Ila7
Tbs0-Sqr3
Sqr3-Tur3
Jeu2-Yvn7
Cos4-Ejg3
Ejg3-B_c2
Him0-Ifp2
Txj5-Xs_9
Xs_9-M_x2
M_x2-Ein3
Ein3-Hpj5
Hpj5-Pol4
Pol4-Iv_5
Iv_5-Iag3
Iag3-Dvg3
Dvg3-Fpq9
Fpq9-Jmh2
Vvy7-Xvz4
Bhv2-Klj8
Klj8-Tur3
Jeu2-Pnl9
Pnl9-Pci1
Pci1-Wlm5
Wlm5-Dgs8
Dgs8-Phx6
Jrm3-Soa9
Soa9-Ccd1
Nuh9-B_e7
Vgu6-A_u4
S_u6-Cza8
Slw9-I_j8
I_j8-Hed9
Uyi8-Qhn8
Qhn8-Qdj5
Qdj5-Ndq4
Ndq4-Nzg3
Cwp7-Tax6
Tax6-Pqp8
Mbj6-Qyl3
Qrv8-Kk_8
Kk_8-Sne1
Sne1-G_e0
G_e0-Tky4
Tky4-Zlc8
Zlc8-Hfq3
Hfq3-Dsg0
Dsg0-Xud6
Xud6-Scb0
Bqg2-Tur3
Zuc7-Hkf9
Mnk3-D_c9
Koh8-Der6
Ehv2-Vib4
Vib4-Hbj1
Hbj1-Feu2
Jeu2-Jwn4
Jwn4-Iqd7
Xct0-Hm_0
Hm_0-P_j0
Ggd0-Oqm2
Yka5-Rvy4
Rvy4-Opd7
Opd7-Ksc0
Uxh0-Ikm6
Ikm6-Nqf3
Nqf3-Tur3
Bc_3-Ay_2
Kql6-Hez2
Hez2-Ya_2
Juz2-Xmb5
Ut_3-Rcp8
Rcp8-Akh8
Kle9-Zyf4
Zyf4-Tur3
Jeu2-R_j0
R_j0-Zau4
Jmo1-U_t6
U_t6-Yqc7
Tmm9-Mnw6
Mnw6-Fx_1
Fx_1-P_n5
Itb7-Bjh7
Yyn8-Anf1
Gdd1-Tyw6
Ev_9-Hgk4
Jeu2-Mi_5
Mi_5-Avv7
Ss_5-Snb3
Snb3-Nkg3
Nkg3-X_l3
D_f8-Kzi6
Nk_1-Ftk1
Ftk1-Caa0
Caa0-Tjn3
Kqr0-B_u9
B_u9-Xd_6
Iyd7-Tur3
Jeu2-Sp_8
Sp_8-Cyd2
S__1-Slu0
Slu0-Js_2
Xah7-Cwx8
Unu4-Wuj0
Wuj0-Yac9
Yac9-Vlw7
Xzw4-Ogn3
Ogn3-Udp2
Udp2-Tur3
Jeu2-Nmj3
Dmn3-Ypf7
Ypf7-Wqk0
Wqk0-Nne9
Zvp4-Bte7
Bte7-Dlt4
Qr_7-Zqj0
Ss_6-Wa_2
Wa_2-Zlq4
Cw_5-Oxn8
Atu4-Jpz9
Jpz9-Zej4
Dyh4-Mqd5
Mqd5-Su_3
Su_3-Mbr4
Fsu7-Edc4
Jzl4-Cmm3
Cmm3-Auz5
Auz5-Qhg1
Oam3-P_h3
P_h3-Ors3
Ors3-He_8
B_m7-Gva5
Gva5-Y_d7
Y_d7-Vbb0
Try5-Ybl4
Foi5-Y_s9
V_v3-Ofl6
Ofl6-Y_s4
Atc2-Gmd3
Gmd3-Rbz8
Rbz8-Xjd1
Xjd1-Tur3
Jeu2-Xjz6
Xjz6-Tch2
Tch2-Van8
Adl0-Na_6
Fei0-Nxp6
Nxp6-Psb4
Psb4-Prh8
Vxn6-Vjl1
Vjl1-Jjf4
Jjf4-Skn8
Skn8-Mzz9
Mzz9-Bf_9
Bf_9-Isr2
Isr2-Tvm3
Tvm3-Jkm8
Buy5-Zme8
Zme8-Ync2
Sfk9-Gm_1
Gm_1-Slt7
Xgp1-Yrs2
Sur3-Ie_1
Ie_1-I_e4
Urx0-Qgk1
Qgk1-Tur3
Pip1-Rfl0
Fxt7-Diw8
Diw8-Bwq2
Pa_5-Kk_5
Kk_5-Wyy5
Wyy5-Rwq6
Wvp0-B_c0
B_c0-Qei7
Fhh8-Jqv3
Jqv3-Rfu5
I_h3-Muq0
Muq0-Qto2
Czp8-Nwh8
Nwh8-Dhi8
Cpr1-Hqu5
Hqu5-Ehc2
Ehc2-Gjx3
T_m2-Ssj6
Ssj6-Nha3
Nha3-Qru2
Yid3-Qsq9
Egn4-Tur3
Jeu2-Hfc4
Hfc4-Giw9
Mne0-Njj0
Njj0-X_r2
X_r2-Eoi1
Eoi1-Igb6
Igb6-Anu6
Anu6-Hyj4
Swi5-Dbi8
Dbi8-Pzu1
Olm5-Xrb7
Gnd6-Yla5
Qzx3-Mav7
Bfz9-Yfm2
Yfm2-Xay6
Xay6-Vi_1
Vi_1-Cks7
Tfm1-Wzs8
Wzs8-Ayl3
Iaj7-Abt6
Abt6-Gfh8
Qaf0-P_w4
P_w4-Sxw5
Sxw5-Xwz4
Cxv1-Rlh8
Rlh8-Jls0
Fnr6-Gqv7
Gqv7-Zsl6
Ahn4-Dbe2
Dbe2-Uwh5
Zdn4-Cws2
Cws2-Siw2
Jeu2-A_a4
Mr_0-Pfh8
Tct1-Nvt0
Rl_1-Yqt2
Yqt2-Kpd3
Kpd3-Yxi0
Yxi0-Jdw7
Jdw7-Evl0
Evl0-Pxc1
Hsa1-Ppi4
Ppi4-Pgh2
Xzy0-Mbe2
W_k4-Ck_4
Bm_9-Yor2
Xsw7-Sel1
Gpb7-Tur3
Mt_0-Kav0
Qaf0-Gre0
Sne1-Iu_2
Xzw4-Mai2
Ypf7-Q_t7
Oam3-U_q5
Zlr0-Mkz9
Yid3-Ogi9
Tvs3-Dsf8
Cos4-Olk4
Hpj5-Jnw4
Gnd6-Dvm4
Bnx7-Rxx6
Qxq8-Odx6
Rkn3-Csf9
He_8-Rnx8
Ejg3-Gu_4
Txj5-Vhm0
Eg_9-Dnd7
Hbl3-Xh_9
B_e7-Ejs9
Sne1-Q_t4
Kcf1-Qy_5
Xwz4-Xkr2
Kqr0-Brw1
T_k2-Rjo1
Pip1-B_u3
I_h3-Gim7
Iu_2-Pcx2
Y_s4-Yez5
Adl0-Jei9
Ehc2-Qgq2
Van8-Zls3
Xsw7-Rhi3
Pci1-Xbt5
Zfp8-Od_2
Ejg3-Xjr2
Yor2-Y_a1
M_x2-Nju8
Mad4-Eiy9
Ukf4-Hxp1
Fli9-Rwt2
Psb4-Ev_2
Yid3-Mym3
Oop3-Knh9
Hfc4-Uuk3
Ync2-Qnu8
Jgd1-H_u9
Yrs2-Cx_0
Eiy9-Cec3
Anf1-Rgz5
Yvq3-G_c2
Oam3-Xkm0
Su_3-Vkj1
M__9-Esz2
Sqr3-Kca2
Hbl3-Nlq7
Mkz9-Owc1
Js_2-Nvh0
Hqu5-Rel4
Rfu5-Ccq6
Kab7-Jqx4
Oui6-Rsm6
I_h3-R_g5
Zlc8-Yo_3
Rhi3-Pfq5
Doy7-Hkz8
Szs9-Zos0
Y_f0-Yxm5
#Here is the number of lines required: 29

L1-Yvn7 L2-Xbt9 L3-Fy_4 L4-Mi_5 L5-M_v0 L6-Jwn4 L7-Dbo8 L8-Sp_8 L9-Pnl9 L10-Dsd1 L11-Bc_3 L12-Nmj3
L1-Cos4 L13-Yvn7 L2-Geo4 L14-Xbt9 L3-Oon3 L15-Fy_4 L4-Avv7 L16-Mi_5 L5-Zlr0 L17-M_v0 L6-Iqd7 L18-Jwn4 L7-Vz_0 L19-Dbo8 L8-Cyd2 L20-Sp_8 L9-Pci1 L21-Pnl9 L10-Igo5 L22-Dsd1 L11-Ay_2 L23-Bc_3 L12-Kx_3 L24-Nmj3
L1-Ejg3 L13-Cos4 L25-Yvn7 L2-Aeb2 L14-Geo4 L26-Xbt9 L3-S_u6 L15-Oon3 L27-Fy_4 L4-Yub4 L16-Avv7 L28-Mi_5 L5-Kvx5 L17-Zlr0 L29-M_v0 L6-Xct0 L18-Iqd7 L30-Jwn4 L7-Fuz7 L19-Vz_0 L31-Dbo8 L8-S__1 L20-Cyd2 L32-Sp_8 L9-Wlm5 L21-Pci1 L33-Pnl9 L10-Mbj6 L22-Igo5 L34-Dsd1 L11-Kql6 L23-Ay_2 L35-Bc_3 L12-Dmn3 L24-Kx_3 L36-Nmj3
L1-B_c2 L13-Ejg3 L25-Cos4 L37-Yvn7 L2-Xap9 L14-Aeb2 L26-Geo4 L38-Xbt9 L3-Cza8 L15-S_u6 L27-Oon3 L39-Fy_4 L4-Ss_5 L16-Yub4 L28-Avv7 L40-Mi_5 L5-Zuc7 L17-Kvx5 L29-Zlr0 L41-M_v0 L6-Hm_0 L18-Xct0 L30-Iqd7 L42-Jwn4 L7-Oek7 L19-Fuz7 L31-Vz_0 L43-Dbo8 L8-Slu0 L20-S__1 L32-Cyd2 L44-Sp_8 L9-Dgs8 L21-Wlm5 L33-Pci1 L45-Pnl9 L10-Qyl3 L22-Mbj6 L34-Igo5 L46-Dsd1 L11-Hez2 L23-Kql6 L35-Ay_2 L47-Bc_3 L12-Ypf7 L24-Dmn3 L36-Kx_3 L48-Nmj3
L1-Him0 L13-B_c2 L25-Ejg3 L37-Cos4 L49-Yvn7 L2-Pxf4 L14-Xap9 L26-Aeb2 L38-Geo4 L50-Xbt9 L3-Slw9 L15-Cza8 L27-S_u6 L39-Oon3 L51-Fy_4 L4-Snb3 L16-Ss_5 L28-Yub4 L40-Avv7 L52-Mi_5 L5-Hkf9 L17-Zuc7 L29-Kvx5 L41-Zlr0 L53-M_v0 L6-P_j0 L18-Hm_0 L30-Xct0 L42-Iqd7 L54-Jwn4 L7-Qj_5 L19-Oek7 L31-Fuz7 L43-Vz_0 L55-Dbo8 L8-Js_2 L20-Slu0 L32-S__1 L44-Cyd2 L56-Sp_8 L9-Phx6 L21-Dgs8 L33-Wlm5 L45-Pci1 L57-Pnl9 L10-Qrv8 L22-Qyl3 L34-Mbj6 L46-Igo5 L58-Dsd1 L11-Ya_2 L23-Hez2 L35-Kql6 L47-Ay_2 L59-Bc_3 L12-Wqk0 L24-Ypf7 L36-Dmn3 L48-Kx_3 L60-Nmj3
L1-Ifp2 L13-Him0 L25-B_c2 L37-Ejg3 L49-Cos4 L61-Yvn7 L2-Kd_8 L14-Pxf4 L26-Xap9 L38-Aeb2 L50-Geo4 L62-Xbt9 L3-I_j8 L15-Slw9 L27-Cza8 L39-S_u6 L51-Oon3 L63-Fy_4 L4-Nkg3 L16-Snb3 L28-Ss_5 L40-Yub4 L52-Avv7 L64-Mi_5 L5-Ujm7 L17-Hkf9 L29-Zuc7 L41-Kvx5 L53-Zlr0 L65-M_v0 L6-Ugx4 L18-P_j0 L30-Hm_0 L42-Xct0 L54-Iqd7 L66-Jwn4 L7-Xpc1 L19-Qj_5 L31-Oek7 L43-Fuz7 L55-Vz_0 L67-Dbo8 L8-Iy_2 L20-Js_2 L32-Slu0 L44-S__1 L56-Cyd2 L68-Sp_8 L9-Rxj2 L21-Phx6 L33-Dgs8 L45-Wlm5 L57-Pci1 L69-Pnl9 L10-Kk_8 L22-Qrv8 L34-Qyl3 L46-Mbj6 L58-Igo5 L70-Dsd1 L11-Juz2 L23-Ya_2 L35-Hez2 L47-Kql6 L59-Ay_2 L71-Bc_3 L12-Nne9 L24-Wqk0 L36-Ypf7 L48-Dmn3 L60-Kx_3 L72-Nmj3
L1-Ovk6 L13-Ifp2 L25-Him0 L37-B_c2 L49-Ejg3 L61-Cos4 L73-Yvn7 L2-Ysj3 L14-Kd_8 L26-Pxf4 L38-Xap9 L50-Aeb2 L62-Geo4 L74-Xbt9 L3-Hed9 L15-I_j8 L27-Slw9 L39-Cza8 L51-S_u6 L63-Oon3 L75-Fy_4 L4-X_l3 L16-Nkg3 L28-Snb3 L40-Ss_5 L52-Yub4 L64-Avv7 L76-Mi_5 L5-Caz8 L17-Ujm7 L29-Hkf9 L41-Zuc7 L53-Kvx5 L65-Zlr0 L77-M_v0 L6-Ggd0 L18-Ugx4 L30-P_j0 L42-Hm_0 L54-Xct0 L66-Iqd7 L78-Jwn4 L7-Skt8 L19-Xpc1 L31-Qj_5 L43-Oek7 L55-Fuz7 L67-Vz_0 L79-Dbo8 L8-Ovi3 L20-Iy_2 L32-Js_2 L44-Slu0 L56-S__1 L68-Cyd2 L80-Sp_8 L9-Jrm3 L21-Rxj2 L33-Phx6 L45-Dgs8 L57-Wlm5 L69-Pci1 L81-Pnl9 L10-Sne1 L22-Kk_8 L34-Qrv8 L46-Qyl3 L58-Mbj6 L70-Igo5 L82-Dsd1 L11-Xmb5 L23-Juz2 L35-Ya_2 L47-Hez2 L59-Kql6 L71-Ay_2 L83-Bc_3 L12-Zvp4 L24-Nne9 L36-Wqk0 L48-Ypf7 L60-Dmn3 L72-Kx_3 L84-Nmj3
L1-Txj5 L13-Ovk6 L25-Ifp2 L37-Him0 L49-B_c2 L61-Ejg3 L73-Cos4 L85-Yvn7 L2-Obc3 L14-Ysj3 L26-Kd_8 L38-Pxf4 L50-Xap9 L62-Aeb2 L74-Geo4 L86-Xbt9 L3-Hsw3 L15-Hed9 L27-I_j8 L39-Slw9 L51-Cza8 L63-S_u6 L75-Oon3 L87-Fy_4 L4-D_f8 L16-X_l3 L28-Nkg3 L40-Snb3 L52-Ss_5 L64-Yub4 L76-Avv7 L88-Mi_5 L5-Mnk3 L17-Caz8 L29-Ujm7 L41-Hkf9 L53-Zuc7 L65-Kvx5 L77-Zlr0 L89-M_v0 L6-Oqm2 L18-Ggd0 L30-Ugx4 L42-P_j0 L54-Hm_0 L66-Xct0 L78-Iqd7 L90-Jwn4 L7-Ukf4 L19-Skt8 L31-Xpc1 L43-Qj_5 L55-Oek7 L67-Fuz7 L79-Vz_0 L91-Dbo8 L8-Xah7 L20-Ovi3 L32-Iy_2 L44-Js_2 L56-Slu0 L68-S__1 L80-Cyd2 L92-Sp_8 L9-Soa9 L21-Jrm3 L33-Rxj2 L45-Phx6 L57-Dgs8 L69-Wlm5 L81-Pci1 L93-Pnl9 L10-G_e0 L22-Sne1 L34-Kk_8 L46-Qrv8 L58-Qyl3 L70-Mbj6 L82-Igo5 L94-Dsd1 L11-Sib2 L23-Xmb5 L35-Juz2 L47-Ya_2 L59-Hez2 L71-Kql6 L83-Ay_2 L95-Bc_3 L12-Bte7 L24-Zvp4 L36-Nne9 L48-Wqk0 L60-Ypf7 L72-Dmn3 L84-Kx_3 L96-Nmj3
L1-Xs_9 L13-Txj5 L25-Ovk6 L37-Ifp2 L49-Him0 L61-B_c2 L73-Ejg3 L85-Cos4 L2-Hgj0 L14-Obc3 L26-Ysj3 L38-Kd_8 L50-Pxf4 L62-Xap9 L74-Aeb2 L86-Geo4 L3-Uyi8 L15-Hsw3 L27-Hed9 L39-I_j8 L51-Slw9 L63-Cza8 L75-S_u6 L87-Oon3 L4-Kzi6 L16-D_f8 L28-X_l3 L40-Nkg3 L52-Snb3 L64-Ss_5 L76-Yub4 L88-Avv7 L5-D_c9 L17-Mnk3 L29-Caz8 L41-Ujm7 L53-Hkf9 L65-Zuc7 L77-Kvx5 L89-Zlr0 L6-Skg9 L18-Oqm2 L30-Ggd0 L42-Ugx4 L54-P_j0 L66-Hm_0 L78-Xct0 L90-Iqd7 L97-Jwn4 L7-Kcf1 L19-Ukf4 L31-Skt8 L43-Xpc1 L55-Qj_5 L67-Oek7 L79-Fuz7 L91-Vz_0 L98-Dbo8 L8-Cwx8 L20-Xah7 L32-Ovi3 L44-Iy_2 L56-Js_2 L68-Slu0 L80-S__1 L92-Cyd2 L99-Sp_8 L9-Ccd1 L21-Soa9 L33-Jrm3 L45-Rxj2 L57-Phx6 L69-Dgs8 L81-Wlm5 L93-Pci1 L100-Pnl9 L10-Tky4 L22-G_e0 L34-Sne1 L46-Kk_8 L58-Qrv8 L70-Qyl3 L82-Mbj6 L94-Igo5 L101-Dsd1 L11-Owi0 L23-Sib2 L35-Xmb5 L47-Juz2 L59-Ya_2 L71-Hez2 L83-Kql6 L95-Ay_2 L102-Bc_3 L12-Dlt4 L24-Bte7 L36-Zvp4 L48-Nne9 L60-Wqk0 L72-Ypf7 L84-Dmn3 L96-Kx_3 L103-Nmj3
L1-M_x2 L13-Xs_9 L25-Txj5 L37-Ovk6 L49-Ifp2 L61-Him0 L73-B_c2 L85-Ejg3 L2-Fjs7 L14-Hgj0 L26-Obc3 L38-Ysj3 L50-Kd_8 L62-Pxf4 L74-Xap9 L86-Aeb2 L3-Qhn8 L15-Uyi8 L27-Hsw3 L39-Hed9 L51-I_j8 L63-Slw9 L75-Cza8 L87-S_u6 L4-Nk_1 L16-Kzi6 L28-D_f8 L40-X_l3 L52-Nkg3 L64-Snb3 L76-Ss_5 L88-Yub4 L5-Wxf5 L17-D_c9 L29-Mnk3 L41-Caz8 L53-Ujm7 L65-Hkf9 L77-Zuc7 L89-Kvx5 L6-Yka5 L18-Skg9 L30-Oqm2 L42-Ggd0 L54-Ugx4 L66-P_j0 L78-Hm_0 L90-Xct0 L97-Iqd7 L7-Oui6 L19-Kcf1 L31-Ukf4 L43-Skt8 L55-Xpc1 L67-Qj_5 L79-Oek7 L91-Fuz7 L98-Vz_0 L8-Unu4 L20-Cwx8 L32-Xah7 L44-Ovi3 L56-Iy_2 L68-Js_2 L80-Slu0 L92-S__1 L99-Cyd2 L9-Y_f0 L21-Ccd1 L33-Soa9 L45-Jrm3 L57-Rxj2 L69-Phx6 L81-Dgs8 L93-Wlm5 L100-Pci1 L10-Zlc8 L22-Tky4 L34-G_e0 L46-Sne1 L58-Kk_8 L70-Qrv8 L82-Qyl3 L94-Mbj6 L101-Igo5 L11-Ut_3 L23-Owi0 L35-Sib2 L47-Xmb5 L59-Juz2 L71-Ya_2 L83-Hez2 L95-Kql6 L102-Ay_2 L12-Qr_7 L24-Dlt4 L36-Bte7 L48-Zvp4 L60-Nne9 L72-Wqk0 L84-Ypf7 L96-Dmn3 L103-Kx_3
L1-Hpj5 L13-M_x2 L25-Xs_9 L37-Txj5 L49-Ovk6 L61-Ifp2 L73-Him0 L85-B_c2 L2-Ipc3 L14-Fjs7 L26-Hgj0 L38-Obc3 L50-Ysj3 L62-Kd_8 L74-Pxf4 L86-Xap9 L3-Qdj5 L15-Qhn8 L27-Uyi8 L39-Hsw3 L51-Hed9 L63-I_j8 L75-Slw9 L87-Cza8 L4-Ftk1 L16-Nk_1 L28-Kzi6 L40-D_f8 L52-X_l3 L64-Nkg3 L76-Snb3 L88-Ss_5 L5-Pyh7 L17-Wxf5 L29-D_c9 L41-Mnk3 L53-Caz8 L65-Ujm7 L77-Hkf9 L89-Zuc7 L6-Rvy4 L18-Yka5 L30-Skg9 L42-Oqm2 L54-Ggd0 L66-Ugx4 L78-P_j0 L90-Hm_0 L97-Xct0 L7-Gzs2 L19-Oui6 L31-Kcf1 L43-Ukf4 L55-Skt8 L67-Xpc1 L79-Qj_5 L91-Oek7 L98-Fuz7 L8-Wuj0 L20-Unu4 L32-Cwx8 L44-Xah7 L56-Ovi3 L68-Iy_2 L80-Js_2 L92-Slu0 L99-S__1 L9-Gdt8 L21-Y_f0 L33-Ccd1 L45-Soa9 L57-Jrm3 L69-Rxj2 L81-Phx6 L93-Dgs8 L100-Wlm5 L10-Hfq3 L22-Zlc8 L34-Tky4 L46-G_e0 L58-Sne1 L70-Kk_8 L82-Qrv8 L94-Qyl3 L101-Mbj6 L11-Rcp8 L23-Ut_3 L35-Owi0 L47-Sib2 L59-Xmb5 L71-Juz2 L83-Ya_2 L95-Hez2 L102-Kql6 L12-Zqj0 L24-Qr_7 L36-Dlt4 L48-Bte7 L60-Zvp4 L72-Nne9 L84-Wqk0 L96-Ypf7 L103-Dmn3
L1-Pol4 L13-Hpj5 L25-M_x2 L37-Xs_9 L49-Txj5 L61-Ovk6 L73-Ifp2 L85-Him0 L2-Bqp9 L14-Ipc3 L26-Fjs7 L38-Hgj0 L50-Obc3 L62-Ysj3 L74-Kd_8 L86-Pxf4 L3-Ndq4 L15-Qdj5 L27-Qhn8 L39-Uyi8 L51-Hsw3 L63-Hed9 L75-I_j8 L87-Slw9 L4-Caa0 L16-Ftk1 L28-Nk_1 L40-Kzi6 L52-D_f8 L64-X_l3 L76-Nkg3 L88-Snb3 L5-Koh8 L17-Pyh7 L29-Wxf5 L41-D_c9 L53-Mnk3 L65-Caz8 L77-Ujm7 L89-Hkf9 L6-Opd7 L18-Rvy4 L30-Yka5 L42-Skg9 L54-Oqm2 L66-Ggd0 L78-Ugx4 L90-P_j0 L97-Hm_0 L7-Tfc0 L19-Gzs2 L31-Oui6 L43-Kcf1 L55-Ukf4 L67-Skt8 L79-Xpc1 L91-Qj_5 L98-Oek7 L8-Yac9 L20-Wuj0 L32-Unu4 L44-Cwx8 L56-Xah7 L68-Ovi3 L80-Iy_2 L92-Js_2 L99-Slu0 L9-Nuh9 L21-Gdt8 L33-Y_f0 L45-Ccd1 L57-Soa9 L69-Jrm3 L81-Rxj2 L93-Phx6 L100-Dgs8 L10-Dsg0 L22-Hfq3 L34-Zlc8 L46-Tky4 L58-G_e0 L70-Sne1 L82-Kk_8 L94-Qrv8 L101-Qyl3 L11-Akh8 L23-Rcp8 L35-Ut_3 L47-Owi0 L59-Sib2 L71-Xmb5 L83-Juz2 L95-Ya_2 L102-Hez2 L12-Ss_6 L24-Zqj0 L36-Qr_7 L48-Dlt4 L60-Bte7 L72-Zvp4 L84-Nne9 L96-Wqk0 L103-Ypf7
L1-Iv_5 L13-Pol4 L25-Hpj5 L37-M_x2 L49-Xs_9 L61-Txj5 L73-Ovk6 L85-Ifp2 L2-Szs9 L14-Bqp9 L26-Ipc3 L38-Fjs7 L50-Hgj0 L62-Obc3 L74-Ysj3 L86-Kd_8 L3-Nzg3 L15-Ndq4 L27-Qdj5 L39-Qhn8 L51-Uyi8 L63-Hsw3 L75-Hed9 L87-I_j8 L4-Tjn3 L16-Caa0 L28-Ftk1 L40-Nk_1 L52-Kzi6 L64-D_f8 L76-X_l3 L88-Nkg3 L5-Der6 L17-Koh8 L29-Pyh7 L41-Wxf5 L53-D_c9 L65-Mnk3 L77-Caz8 L89-Ujm7 L6-Ksc0 L18-Opd7 L30-Rvy4 L42-Yka5 L54-Skg9 L66-Oqm2 L78-Ggd0 L90-Ugx4 L97-P_j0 L7-Qz_9 L19-Tfc0 L31-Gzs2 L43-Oui6 L55-Kcf1 L67-Ukf4 L79-Skt8 L91-Xpc1 L98-Qj_5 L8-Vlw7 L20-Yac9 L32-Wuj0 L44-Unu4 L56-Cwx8 L68-Xah7 L80-Ovi3 L92-Iy_2 L99-Js_2 L9-B_e7 L21-Nuh9 L33-Gdt8 L45-Y_f0 L57-Ccd1 L69-Soa9 L81-Jrm3 L93-Rxj2 L100-Phx6 L10-Xud6 L22-Dsg0 L34-Hfq3 L46-Zlc8 L58-Tky4 L70-G_e0 L82-Sne1 L94-Kk_8 L101-Qrv8 L11-Kab7 L23-Akh8 L35-Rcp8 L47-Ut_3 L59-Owi0 L71-Sib2 L83-Xmb5 L95-Juz2 L102-Ya_2 L12-Wa_2 L24-Ss_6 L36-Zqj0 L48-Qr_7 L60-Dlt4 L72-Bte7 L84-Zvp4 L96-Nne9 L103-Wqk0
L1-Iag3 L13-Iv_5 L25-Pol4 L37-Hpj5 L49-M_x2 L61-Xs_9 L73-Txj5 L85-Ovk6 L2-Tvr5 L14-Szs9 L26-Bqp9 L38-Ipc3 L50-Fjs7 L62-Hgj0 L74-Obc3 L86-Ysj3 L3-Rkn3 L15-Nzg3 L27-Ndq4 L39-Qdj5 L51-Qhn8 L63-Uyi8 L75-Hsw3 L87-Hed9 L4-Mt_0 L16-Tjn3 L28-Caa0 L40-Ftk1 L52-Nk_1 L64-Kzi6 L76-D_f8 L88-X_l3 L5-Evx9 L17-Der6 L29-Koh8 L41-Pyh7 L53-Wxf5 L65-D_c9 L77-Mnk3 L89-Caz8 L6-Mad4 L18-Ksc0 L30-Opd7 L42-Rvy4 L54-Yka5 L66-Skg9 L78-Oqm2 L90-Ggd0 L97-Ugx4 L7-Ila7 L19-Qz_9 L31-Tfc0 L43-Gzs2 L55-Oui6 L67-Kcf1 L79-Ukf4 L91-Skt8 L98-Xpc1 L8-Acu7 L20-Vlw7 L32-Yac9 L44-Wuj0 L56-Unu4 L68-Cwx8 L80-Xah7 L92-Ovi3 L99-Iy_2 L9-Vgu6 L21-B_e7 L33-Nuh9 L45-Gdt8 L57-Y_f0 L69-Ccd1 L81-Soa9 L93-Jrm3 L100-Rxj2 L10-Scb0 L22-Xud6 L34-Dsg0 L46-Hfq3 L58-Zlc8 L70-Tky4 L82-G_e0 L94-Sne1 L101-Kk_8 L11-Bqe7 L23-Kab7 L35-Akh8 L47-Rcp8 L59-Ut_3 L71-Owi0 L83-Sib2 L95-Xmb5 L102-Juz2 L12-Zlq4 L24-Wa_2 L36-Ss_6 L48-Zqj0 L60-Qr_7 L72-Dlt4 L84-Bte7 L96-Zvp4 L103-Nne9
L1-Dvg3 L13-Iag3 L25-Iv_5 L37-Pol4 L49-Hpj5 L61-M_x2 L73-Xs_9 L85-Txj5 L2-Cec5 L14-Tvr5 L26-Szs9 L38-Bqp9 L50-Ipc3 L62-Fjs7 L74-Hgj0 L86-Obc3 L3-Xrl7 L15-Rkn3 L27-Nzg3 L39-Ndq4 L51-Qdj5 L63-Qhn8 L75-Uyi8 L87-Hsw3 L4-Fty9 L16-Mt_0 L28-Tjn3 L40-Caa0 L52-Ftk1 L64-Nk_1 L76-Kzi6 L88-D_f8 L5-Kjf4 L17-Evx9 L29-Der6 L41-Koh8 L53-Pyh7 L65-Wxf5 L77-D_c9 L89-Mnk3 L6-Rpz9 L18-Mad4 L30-Ksc0 L42-Opd7 L54-Rvy4 L66-Yka5 L78-Skg9 L90-Oqm2 L97-Ggd0 L7-Nr_9 L19-Ila7 L31-Qz_9 L43-Tfc0 L55-Gzs2 L67-Oui6 L79-Kcf1 L91-Ukf4 L98-Skt8 L8-Xzw4 L20-Acu7 L32-Vlw7 L44-Yac9 L56-Wuj0 L68-Unu4 L80-Cwx8 L92-Xah7 L99-Ovi3 L9-A_u4 L21-Vgu6 L33-B_e7 L45-Nuh9 L57-Gdt8 L69-Y_f0 L81-Ccd1 L93-Soa9 L100-Jrm3 L10-Aig4 L22-Scb0 L34-Xud6 L46-Dsg0 L58-Hfq3 L70-Zlc8 L82-Tky4 L94-G_e0 L101-Sne1 L11-Kle9 L23-Bqe7 L35-Kab7 L47-Akh8 L59-Rcp8 L71-Ut_3 L83-Owi0 L95-Sib2 L102-Xmb5 L12-Fjc8 L24-Zlq4 L36-Wa_2 L48-Ss_6 L60-Zqj0 L72-Qr_7 L84-Dlt4 L96-Bte7 L103-Zvp4
L1-Fpq9 L13-Dvg3 L25-Iag3 L37-Iv_5 L49-Pol4 L61-Hpj5 L73-M_x2 L85-Xs_9 L2-Io_7 L14-Cec5 L26-Tvr5 L38-Szs9 L50-Bqp9 L62-Ipc3 L74-Fjs7 L86-Hgj0 L3-Cwp7 L15-Xrl7 L27-Rkn3 L39-Nzg3 L51-Ndq4 L63-Qdj5 L75-Qhn8 L87-Uyi8 L4-Sdk3 L16-Fty9 L28-Mt_0 L40-Tjn3 L52-Caa0 L64-Ftk1 L76-Nk_1 L88-Kzi6 L5-Yvq3 L17-Kjf4 L29-Evx9 L41-Der6 L53-Koh8 L65-Pyh7 L77-Wxf5 L89-D_c9 L6-Fmu5 L18-Rpz9 L30-Mad4 L42-Ksc0 L54-Opd7 L66-Rvy4 L78-Yka5 L90-Skg9 L97-Oqm2 L7-Hot9 L19-Nr_9 L31-Ila7 L43-Qz_9 L55-Tfc0 L67-Gzs2 L79-Oui6 L91-Kcf1 L98-Ukf4 L8-Ogn3 L20-Xzw4 L32-Acu7 L44-Vlw7 L56-Yac9 L68-Wuj0 L80-Unu4 L92-Cwx8 L99-Xah7 L9-R_j2 L21-A_u4 L33-Vgu6 L45-B_e7 L57-Nuh9 L69-Gdt8 L81-Y_f0 L93-Ccd1 L100-Soa9 L10-Bqg2 L22-Aig4 L34-Scb0 L46-Xud6 L58-Dsg0 L70-Hfq3 L82-Zlc8 L94-Tky4 L101-G_e0 L11-Zyf4 L23-Kle9 L35-Bqe7 L47-Kab7 L59-Akh8 L71-Rcp8 L83-Ut_3 L95-Owi0 L102-Sib2 L12-Tur3 L24-Fjc8 L36-Zlq4 L48-Wa_2 L60-Ss_6 L72-Zqj0 L84-Qr_7 L96-Dlt4 L103-Bte7
L1-Jmh2 L13-Fpq9 L25-Dvg3 L37-Iag3 L49-Iv_5 L61-Pol4 L73-Hpj5 L85-M_x2 L2-Plo9 L14-Io_7 L26-Cec5 L38-Tvr5 L50-Szs9 L62-Bqp9 L74-Ipc3 L86-Fjs7 L3-Tax6 L15-Cwp7 L27-Xrl7 L39-Rkn3 L51-Nzg3 L63-Ndq4 L75-Qdj5 L87-Qhn8 L4-Kqr0 L16-Sdk3 L28-Fty9 L40-Mt_0 L52-Tjn3 L64-Caa0 L76-Ftk1 L88-Nk_1 L5-Ehv2 L17-Yvq3 L29-Kjf4 L41-Evx9 L53-Der6 L65-Koh8 L77-Pyh7 L89-Wxf5 L6-Uxh0 L18-Fmu5 L30-Rpz9 L42-Mad4 L54-Ksc0 L66-Opd7 L78-Rvy4 L90-Yka5 L97-Skg9 L7-Tbs0 L19-Hot9 L31-Nr_9 L43-Ila7 L55-Qz_9 L67-Tfc0 L79-Gzs2 L91-Oui6 L98-Kcf1 L8-Udp2 L20-Ogn3 L32-Xzw4 L44-Acu7 L56-Vlw7 L68-Yac9 L80-Wuj0 L92-Unu4 L99-Cwx8 L9-Ges7 L21-R_j2 L33-A_u4 L45-Vgu6 L57-B_e7 L69-Nuh9 L81-Gdt8 L93-Y_f0 L100-Ccd1 L10-Tur3 L22-Bqg2 L34-Aig4 L46-Scb0 L58-Xud6 L70-Dsg0 L82-Hfq3 L94-Zlc8 L101-Tky4 L11-Tur3 L23-Zyf4 L35-Kle9 L47-Bqe7 L59-Kab7 L71-Akh8 L83-Rcp8 L95-Ut_3 L102-Owi0 L24-Tur3 L36-Fjc8 L48-Zlq4 L60-Wa_2 L72-Ss_6 L84-Zqj0 L96-Qr_7 L103-Dlt4
L1-Qq_4 L13-Jmh2 L25-Fpq9 L37-Dvg3 L49-Iag3 L61-Iv_5 L73-Pol4 L85-Hpj5 L2-Qsv1 L14-Plo9 L26-Io_7 L38-Cec5 L50-Tvr5 L62-Szs9 L74-Bqp9 L86-Ipc3 L3-Pqp8 L15-Tax6 L27-Cwp7 L39-Xrl7 L51-Rkn3 L63-Nzg3 L75-Ndq4 L87-Qdj5 L4-B_u9 L16-Kqr0 L28-Sdk3 L40-Fty9 L52-Mt_0 L64-Tjn3 L76-Caa0 L88-Ftk1 L5-Vib4 L17-Ehv2 L29-Yvq3 L41-Kjf4 L53-Evx9 L65-Der6 L77-Koh8 L89-Pyh7 L6-Ikm6 L18-Uxh0 L30-Fmu5 L42-Rpz9 L54-Mad4 L66-Ksc0 L78-Opd7 L90-Rvy4 L97-Yka5 L7-Sqr3 L19-Tbs0 L31-Hot9 L43-Nr_9 L55-Ila7 L67-Qz_9 L79-Tfc0 L91-Gzs2 L98-Oui6 L8-Tur3 L20-Udp2 L32-Ogn3 L44-Xzw4 L56-Acu7 L68-Vlw7 L80-Yac9 L92-Wuj0 L99-Unu4 L9-Tur3 L21-Ges7 L33-R_j2 L45-A_u4 L57-Vgu6 L69-B_e7 L81-Nuh9 L93-Gdt8 L100-Y_f0 L22-Tur3 L34-Bqg2 L46-Aig4 L58-Scb0 L70-Xud6 L82-Dsg0 L94-Hfq3 L101-Zlc8 L23-Tur3 L35-Zyf4 L47-Kle9 L59-Bqe7 L71-Kab7 L83-Akh8 L95-Rcp8 L102-Ut_3 L36-Tur3 L48-Fjc8 L60-Zlq4 L72-Wa_2 L84-Ss_6 L96-Zqj0 L103-Qr_7
L1-Vvy7 L13-Qq_4 L25-Jmh2 L37-Fpq9 L49-Dvg3 L61-Iag3 L73-Iv_5 L85-Pol4 L2-Ndb9 L14-Qsv1 L26-Plo9 L38-Io_7 L50-Cec5 L62-Tvr5 L74-Szs9 L86-Bqp9 L3-Nug6 L15-Pqp8 L27-Tax6 L39-Cwp7 L51-Xrl7 L63-Rkn3 L75-Nzg3 L87-Ndq4 L4-Xd_6 L16-B_u9 L28-Kqr0 L40-Sdk3 L52-Fty9 L64-Mt_0 L76-Tjn3 L88-Caa0 L5-Hbj1 L17-Vib4 L29-Ehv2 L41-Yvq3 L53-Kjf4 L65-Evx9 L77-Der6 L89-Koh8 L6-Nqf3 L18-Ikm6 L30-Uxh0 L42-Fmu5 L54-Rpz9 L66-Mad4 L78-Ksc0 L90-Opd7 L97-Rvy4 L7-Tur3 L19-Sqr3 L31-Tbs0 L43-Hot9 L55-Nr_9 L67-Ila7 L79-Qz_9 L91-Tfc0 L98-Gzs2 L20-Tur3 L32-Udp2 L44-Ogn3 L56-Xzw4 L68-Acu7 L80-Vlw7 L92-Yac9 L99-Wuj0 L21-Tur3 L33-Ges7 L45-R_j2 L57-A_u4 L69-Vgu6 L81-B_e7 L93-Nuh9 L100-Gdt8 L34-Tur3 L46-Bqg2 L58-Aig4 L70-Scb0 L82-Xud6 L94-Dsg0 L101-Hfq3 L35-Tur3 L47-Zyf4 L59-Kle9 L71-Bqe7 L83-Kab7 L95-Akh8 L102-Rcp8 L48-Tur3 L60-Fjc8 L72-Zlq4 L84-Wa_2 L96-Ss_6 L103-Zqj0
L1-Xvz4 L13-Vvy7 L25-Qq_4 L37-Jmh2 L49-Fpq9 L61-Dvg3 L73-Iag3 L85-Iv_5 L2-Bwh9 L14-Ndb9 L26-Qsv1 L38-Plo9 L50-Io_7 L62-Cec5 L74-Tvr5 L86-Szs9 L3-Boo4 L15-Nug6 L27-Pqp8 L39-Tax6 L51-Cwp7 L63-Xrl7 L75-Rkn3 L87-Nzg3 L4-Iyd7 L16-Xd_6 L28-B_u9 L40-Kqr0 L52-Sdk3 L64-Fty9 L76-Mt_0 L88-Tjn3 L5-Feu2 L17-Hbj1 L29-Vib4 L41-Ehv2 L53-Yvq3 L65-Kjf4 L77-Evx9 L89-Der6 L6-Tur3 L18-Nqf3 L30-Ikm6 L42-Uxh0 L54-Fmu5 L66-Rpz9 L78-Mad4 L90-Ksc0 L97-Opd7 L19-Tur3 L31-Sqr3 L43-Tbs0 L55-Hot9 L67-Nr_9 L79-Ila7 L91-Qz_9 L98-Tfc0 L32-Tur3 L44-Udp2 L56-Ogn3 L68-Xzw4 L80-Acu7 L92-Vlw7 L99-Yac9 L33-Tur3 L45-Ges7 L57-R_j2 L69-A_u4 L81-Vgu6 L93-B_e7 L100-Nuh9 L46-Tur3 L58-Bqg2 L70-Aig4 L82-Scb0 L94-Xud6 L101-Dsg0 L47-Tur3 L59-Zyf4 L71-Kle9 L83-Bqe7 L95-Kab7 L102-Akh8 L60-Tur3 L72-Fjc8 L84-Zlq4 L96-Wa_2 L103-Ss_6
L1-Bhv2 L13-Xvz4 L25-Vvy7 L37-Qq_4 L49-Jmh2 L61-Fpq9 L73-Dvg3 L85-Iag3 L2-J_f2 L14-Bwh9 L26-Ndb9 L38-Qsv1 L50-Plo9 L62-Io_7 L74-Cec5 L86-Tvr5 L3-Xlp3 L15-Boo4 L27-Nug6 L39-Pqp8 L51-Tax6 L63-Cwp7 L75-Xrl7 L87-Rkn3 L4-Tur3 L16-Iyd7 L28-Xd_6 L40-B_u9 L52-Kqr0 L64-Sdk3 L76-Fty9 L88-Mt_0 L5-Tur3 L17-Feu2 L29-Hbj1 L41-Vib4 L53-Ehv2 L65-Yvq3 L77-Kjf4 L89-Evx9 L18-Tur3 L30-Nqf3 L42-Ikm6 L54-Uxh0 L66-Fmu5 L78-Rpz9 L90-Mad4 L97-Ksc0 L31-Tur3 L43-Sqr3 L55-Tbs0 L67-Hot9 L79-Nr_9 L91-Ila7 L98-Qz_9 L44-Tur3 L56-Udp2 L68-Ogn3 L80-Xzw4 L92-Acu7 L99-Vlw7 L45-Tur3 L57-Ges7 L69-R_j2 L81-A_u4 L93-Vgu6 L100-B_e7 L58-Tur3 L70-Bqg2 L82-Aig4 L94-Scb0 L101-Xud6 L59-Tur3 L71-Zyf4 L83-Kle9 L95-Bqe7 L102-Kab7 L72-Tur3 L84-Fjc8 L96-Zlq4 L103-Wa_2
L1-Klj8 L13-Bhv2 L25-Xvz4 L37-Vvy7 L49-Qq_4 L61-Jmh2 L73-Fpq9 L85-Dvg3 L2-Tvs3 L14-J_f2 L26-Bwh9 L38-Ndb9 L50-Qsv1 L62-Plo9 L74-Io_7 L86-Cec5 L3-Tur3 L15-Xlp3 L27-Boo4 L39-Nug6 L51-Pqp8 L63-Tax6 L75-Cwp7 L87-Xrl7 L16-Tur3 L28-Iyd7 L40-Xd_6 L52-B_u9 L64-Kqr0 L76-Sdk3 L88-Fty9 L17-Tur3 L29-Feu2 L41-Hbj1 L53-Vib4 L65-Ehv2 L77-Yvq3 L89-Kjf4 L30-Tur3 L42-Nqf3 L54-Ikm6 L66-Uxh0 L78-Fmu5 L90-Rpz9 L97-Mad4 L43-Tur3 L55-Sqr3 L67-Tbs0 L79-Hot9 L91-Nr_9 L98-Ila7 L56-Tur3 L68-Udp2 L80-Ogn3 L92-Xzw4 L99-Acu7 L57-Tur3 L69-Ges7 L81-R_j2 L93-A_u4 L100-Vgu6 L70-Tur3 L82-Bqg2 L94-Aig4 L101-Scb0 L71-Tur3 L83-Zyf4 L95-Kle9 L102-Bqe7 L84-Tur3 L96-Fjc8 L103-Zlq4
L1-Tur3 L13-Klj8 L25-Bhv2 L37-Xvz4 L49-Vvy7 L61-Qq_4 L73-Jmh2 L85-Fpq9 L2-Tur3 L14-Tvs3 L26-J_f2 L38-Bwh9 L50-Ndb9 L62-Qsv1 L74-Plo9 L86-Io_7 L15-Tur3 L27-Xlp3 L39-Boo4 L51-Nug6 L63-Pqp8 L75-Tax6 L87-Cwp7 L28-Tur3 L40-Iyd7 L52-Xd_6 L64-B_u9 L76-Kqr0 L88-Sdk3 L29-Tur3 L41-Feu2 L53-Hbj1 L65-Vib4 L77-Ehv2 L89-Yvq3 L42-Tur3 L54-Nqf3 L66-Ikm6 L78-Uxh0 L90-Fmu5 L97-Rpz9 L55-Tur3 L67-Sqr3 L79-Tbs0 L91-Hot9 L98-Nr_9 L68-Tur3 L80-Udp2 L92-Ogn3 L99-Xzw4 L69-Tur3 L81-Ges7 L93-R_j2 L100-A_u4 L82-Tur3 L94-Bqg2 L101-Aig4 L83-Tur3 L95-Zyf4 L102-Kle9 L96-Tur3 L103-Fjc8
L13-Tur3 L25-Klj8 L37-Bhv2 L49-Xvz4 L61-Vvy7 L73-Qq_4 L85-Jmh2 L14-Tur3 L26-Tvs3 L38-J_f2 L50-Bwh9 L62-Ndb9 L74-Qsv1 L86-Plo9 L27-Tur3 L39-Xlp3 L51-Boo4 L63-Nug6 L75-Pqp8 L87-Tax6 L40-Tur3 L52-Iyd7 L64-Xd_6 L76-B_u9 L88-Kqr0 L41-Tur3 L53-Feu2 L65-Hbj1 L77-Vib4 L89-Ehv2 L54-Tur3 L66-Nqf3 L78-Ikm6 L90-Uxh0 L97-Fmu5 L67-Tur3 L79-Sqr3 L91-Tbs0 L98-Hot9 L80-Tur3 L92-Udp2 L99-Ogn3 L81-Tur3 L93-Ges7 L100-R_j2 L94-Tur3 L101-Bqg2 L95-Tur3 L102-Zyf4 L103-Tur3
L25-Tur3 L37-Klj8 L49-Bhv2 L61-Xvz4 L73-Vvy7 L85-Qq_4 L26-Tur3 L38-Tvs3 L50-J_f2 L62-Bwh9 L74-Ndb9 L86-Qsv1 L39-Tur3 L51-Xlp3 L63-Boo4 L75-Nug6 L87-Pqp8 L52-Tur3 L64-Iyd7 L76-Xd_6 L88-B_u9 L53-Tur3 L65-Feu2 L77-Hbj1 L89-Vib4 L66-Tur3 L78-Nqf3 L90-Ikm6 L97-Uxh0 L79-Tur3 L91-Sqr3 L98-Tbs0 L92-Tur3 L99-Udp2 L93-Tur3 L100-Ges7 L101-Tur3 L102-Tur3
L37-Tur3 L49-Klj8 L61-Bhv2 L73-Xvz4 L85-Vvy7 L38-Tur3 L50-Tvs3 L62-J_f2 L74-Bwh9 L86-Ndb9 L51-Tur3 L63-Xlp3 L75-Boo4 L87-Nug6 L64-Tur3 L76-Iyd7 L88-Xd_6 L65-Tur3 L77-Feu2 L89-Hbj1 L78-Tur3 L90-Nqf3 L97-Ikm6 L91-Tur3 L98-Sqr3 L99-Tur3 L100-Tur3
L49-Tur3 L61-Klj8 L73-Bhv2 L85-Xvz4 L50-Tur3 L62-Tvs3 L74-J_f2 L86-Bwh9 L63-Tur3 L75-Xlp3 L87-Boo4 L76-Tur3 L88-Iyd7 L77-Tur3 L89-Feu2 L90-Tur3 L97-Nqf3 L98-Tur3
L61-Tur3 L73-Klj8 L85-Bhv2 L62-Tur3 L74-Tvs3 L86-J_f2 L75-Tur3 L87-Xlp3 L88-Tur3 L89-Tur3 L97-Tur3
L73-Tur3 L85-Klj8 L74-Tur3 L86-Tvs3 L87-Tur3
L85-Tur3 L86-Tur3
