150
#Here is the number of lines required: 32
##start
M_w8 0 0
##end
Hni4 5 5
Ula8 8 8
Bwo9 13 13
Qvd7 17 17
Ibu1 18 18
Vbk3 21 21
Aox0 24 24
Zwe1 27 27
Wqu0 30 30
Zot2 32 32
Bzd3 35 35
F_g5 38 38
Ynd5 42 42
Eor0 46 46
Jvr0 51 51
Xya3 53 53
Dxg9 55 55
Gnr4 57 57
Mmb6 60 60
Q_p1 65 65
Fuc7 67 67
W_d9 69 69
Idg7 72 72
Aqk3 76 76
Tnp4 80 80
Fbr3 83 83
Hwe9 87 87
Ixf0 90 90
Yhw7 95 95
Cov2 99 99
Xyh3 101 101
Ysa5 103 103
Oeg3 105 105
Hmq0 106 106
Bsr9 110 110
Cci1 112 112
Fpg3 116 116
Xeh6 118 118
Dfk0 122 122
Epk6 126 126
Sdh1 131 131
X_x8 134 134
Qpf4 137 137
Vlk7 138 138
Yof0 141 141
Qxd8 144 144
D_m8 149 149
Fry4 153 153
Gsz6 157 157
Bgr6 161 161
Gzt6 166 166
Obs6 169 169
Kwr1 172 172
Tky9 175 175
Iso2 179 179
Zkh1 182 182
Qqh7 186 186
Smo5 188 188
Mer8 190 190
Rmh8 195 195
Ezt4 197 197
Cmf1 199 199
Sav9 202 202
I_d3 204 204
Rik2 207 207
Rli7 210 210
S_w1 211 211
Uvi3 212 212
Qvw2 215 215
Nwg1 217 217
H_z3 221 221
Poy7 223 223
Nyk7 227 227
Fbw6 230 230
Pyc5 235 235
Hhn9 238 238
Set1 240 240
Ixx2 243 243
Aht4 244 244
Eif6 248 248
Tae9 252 252
Pfy9 256 256
Uuy8 258 258
Awk9 261 261
Jvr2 262 262
Qbp1 264 264
Nzr6 265 265
Fvw7 268 268
Gx_7 272 272
Wjs8 275 275
Icp0 280 280
Ntp4 282 282
D_k3 285 285
Gcs2 286 286
Rez4 288 288
Gtw1 292 292
Hdy3 297 297
Ffk3 300 300
Keu6 304 304
Odk5 307 307
Qvz2 309 309
Ish4 313 313
Czu6 315 315
Vo_5 318 318
Oxc3 321 321
Uuy4 325 325
Pte5 327 327
Abx8 329 329
Erc5 332 332
Rbe5 333 333
Swg0 336 336
Jzh4 341 341
Idh5 345 345
Wna0 348 348
Duh6 351 351
Ks_0 355 355
Ofs8 357 357
Ojq3 362 362
Cut8 365 365
Thn0 366 366
Zl_9 370 370
Iue8 374 374
Fck9 378 378
Hrd4 379 379
Jxg4 381 381
Ray3 382 382
K_m0 386 386
Zja3 388 388
Hjl2 390 390
Ctl2 394 394
Igx2 397 397
Sbt6 400 400
Bia4 403 403
Guz2 407 407
F_n8 410 410
Qsk3 411 411
Na_5 413 413
Zpz0 417 417
Kes4 421 421
Nnt8 426 426
Axa8 431 431
Vzo3 435 435
Nhn3 440 440
Twa4 442 442
Qum2 443 443
Odf4 446 446
Hvg7 448 448
Ivp4 451 451
Xgc9 453 453
Nak7 455 455
Dbm7 458 458
Sfq1 462 462
Sm_0 465 465
Zv_3 468 468
Pbm0 472 472
Qop3 477 477
Rtz6 480 480
Mki4 481 481
Fxa3 485 485
Xaq0 487 487
Pww2 490 490
Rtc9 493 493
Rak4 496 496
Xqf5 498 498
Qtx7 500 500
Qp_9 503 503
Cwr0 506 506
Ozq9 508 508
G__6 510 510
Uli5 511 511
H_w5 514 514
Fec8 518 518
Id_2 521 521
Nsx9 523 523
Fyo5 526 526
Wvr3 531 531
Rim3 532 532
Fog5 535 535
Ter9 539 539
Apy4 542 542
C_p6 543 543
Yyc9 546 546
Odg2 549 549
Elb6 552 552
Jzn4 555 555
Ozx1 556 556
Zfq9 560 560
Jhv3 566 566
Xcs2 569 569
Aai6 571 571
Zk_4 574 574
Fnh6 579 579
Qnt3 583 583
J_x6 588 588
Hve1 592 592
Kue5 595 595
Dus0 598 598
Oys5 600 600
Dag8 604 604
Sxv5 607 607
Mlq0 612 612
Wpa7 615 615
Ezn9 620 620
Mwl7 625 625
D_j5 630 630
H_t7 631 631
Wfc1 633 633
Z_d8 635 635
Nc_7 639 639
Kzz4 643 643
Ibe3 648 648
Zeo7 652 652
Znt5 657 657
Xhh4 660 660
Rwg2 663 663
Qyi3 665 665
Rii3 668 668
Fko6 672 672
Uck3 676 676
Igu9 680 680
Wni1 681 681
Flu1 684 684
Ezl8 688 688
Yhz9 693 693
Ngc0 697 697
Dwu3 700 700
Cpa9 704 704
Ykv1 706 706
Zkv1 709 709
Oi_4 713 713
Qcd0 717 717
Hzp6 721 721
He_6 722 722
Trw5 725 725
Hja0 728 728
Yjq8 730 730
Mty5 735 735
Qpz8 738 738
Meh2 742 742
Hgu1 747 747
Cr_4 749 749
Sii1 753 753
Elt2 757 757
Qov6 760 760
O_i3 762 762
Wwz3 766 766
Ivq4 770 770
Gll5 773 773
Kug3 776 776
Kho6 780 780
Dby0 782 782
Wsn1 785 785
Njj5 788 788
Ccq6 793 793
Mhj1 796 796
Me_4 801 801
Bct6 804 804
Keq7 805 805
R_s0 809 809
Jqv3 812 812
F_c1 817 817
Zkz2 819 819
Hzw0 822 822
Y_s1 825 825
Ege4 827 827
Gmg3 830 830
F__7 831 831
Zwh9 833 833
Pnh8 835 835
Dkl4 840 840
Kej2 842 842
Bbt4 844 844
Onz5 849 849
Vvf2 851 851
Cvi4 854 854
Qwg3 856 856
Wvz0 859 859
Vdf4 861 861
Wau9 863 863
Uuu8 865 865
Zce3 868 868
Qru2 873 873
I_l0 876 876
C_h7 880 880
Cvk2 884 884
Shc3 887 887
Pnd0 889 889
Uv_1 892 892
Csz9 896 896
Czx7 901 901
Ffj0 905 905
Mo_9 908 908
Bi_0 909 909
Wys3 910 910
Sx_6 913 913
Anl4 916 916
Hvo6 919 919
Scw1 920 920
Jcc4 922 922
Ino2 924 924
Cgx7 927 927
Gyw0 929 929
Spm7 931 931
K_t6 933 933
Pgd3 938 938
Wxk1 942 942
Knz0 946 946
Rhq9 948 948
Fyc3 952 952
Pjf3 954 954
Iit7 957 957
W_x0 959 959
Enf3 961 961
Vlr3 963 963
Yrd4 968 968
Fmj3 970 970
Iqb6 971 971
Peq3 974 974
Qui7 977 977
Zpb6 981 981
Vyw2 984 984
Pmv8 988 988
Nrz9 989 989
Rdc8 993 993
Qlq7 996 996
Rgm7 1000 1000
Hv_4 1004 1004
Gdh8 1008 1008
Zqv2 1011 1011
Pak4 1015 1015
A_t3 1019 1019
Ael4 1021 1021
K_k3 1026 1026
Woz4 1029 1029
Ybd9 1034 1034
Fnn1 1039 1039
Xku0 1044 1044
M_i7 1048 1048
Ebb5 1051 1051
Qoq9 1055 1055
Hcg9 1057 1057
Pzh9 1061 1061
Hbh0 1063 1063
Kt_6 1068 1068
Afw5 1070 1070
Nqx5 1073 1073
Jys0 1078 1078
Qzi4 1079 1079
Mby1 1083 1083
Pea4 1088 1088
Cy_1 1092 1092
Eii7 1094 1094
Ajq1 1098 1098
Kjz8 1100 1100
Sa_0 1105 1105
Qov7 1108 1108
Oak1 1109 1109
Vtf9 1112 1112
Xtu9 1116 1116
Jqz4 1118 1118
Zs_1 1121 1121
Qa_9 1125 1125
Xqy6 1129 1129
Pfu3 1131 1131
R_p7 1132 1132
Yci3 1133 1133
Zgi9 1136 1136
Ygp1 1140 1140
Pgb5 1142 1142
Xg_8 1147 1147
Bmw8 1150 1150
Nxh6 1152 1152
Nnn1 1156 1156
Zua7 1160 1160
Afd5 1164 1164
Eam6 1166 1166
Kgi3 1169 1169
Ffe4 1172 1172
Nfa5 1175 1175
Kbn5 1179 1179
Ol_9 1184 1184
Nel5 1189 1189
Vlh6 1190 1190
Epr8 1193 1193
Dfo3 1196 1196
Dh_7 1198 1198
Jmv0 1201 1201
Pow3 1206 1206
Rii3-Bwo9
Fuc7-Pow3
Zpz0-Aox0
Pfu3-Zwe1
Nak7-Dh_7
Fyo5-Wqu0
Odg2-Bzd3
Peq3-F_g5
Pfu3-Dfo3
Sa_0-Epr8
Oak1-Eor0
Abx8-Jvr0
Pea4-Ol_9
Pbm0-Q_p1
Guz2-Fuc7
Vtf9-Idg7
Qop3-Zua7
Xku0-Nnn1
Cov2-Nxh6
Ter9-Tnp4
Gmg3-Zgi9
Ffj0-R_p7
Sav9-Pfu3
Uuu8-Xqy6
Qa_9-Oeg3
Jhv3-Qa_9
Icp0-Hmq0
Dbm7-Bsr9
H_z3-Jqz4
Bgr6-Xeh6
Ozq9-Xtu9
Gmg3-Dfk0
Keq7-Epk6
Sdh1-Hni4
Qpf4-X_x8
Vlk7-Qpf4
Qxd8-Yof0
D_m8-Qxd8
Oak1-D_m8
Qov7-Oak1
Gsz6-Eii7
Bgr6-Gsz6
Gzt6-Bgr6
Obs6-Gzt6
Pea4-Cy_1
Mby1-Pea4
Jys0-Qzi4
Nqx5-Iso2
Afw5-Nqx5
Qqh7-Zkh1
Mer8-Smo5
Rmh8-Mer8
Hcg9-Sav9
I_d3-Hcg9
Rli7-Rik2
Qoq9-S_w1
Uvi3-Qoq9
Poy7-H_z3
Ebb5-Poy7
M_i7-Ebb5
Xku0-Nyk7
Ybd9-Fbw6
Woz4-Ybd9
Ael4-K_k3
Pak4-A_t3
Pyc5-Pak4
Gdh8-Hhn9
Hv_4-Set1
Ixx2-Hv_4
Rgm7-Ixx2
Aht4-Rgm7
Qlq7-Aht4
Eif6-Qlq7
Pfy9-Tae9
Pmv8-Awk9
Jvr2-Pmv8
Vyw2-Qbp1
Qui7-Nzr6
Peq3-Fvw7
Gx_7-Peq3
M_w8-Iqb6
Wjs8-Yrd4
Vlr3-Icp0
Ntp4-Vlr3
Enf3-Ntp4
W_x0-Enf3
Iit7-W_x0
D_k3-Pjf3
Gcs2-D_k3
Rhq9-Fyc3
Knz0-Rhq9
Rez4-Wxk1
Gtw1-Rez4
Hdy3-Gtw1
Pgd3-Hdy3
K_t6-Pgd3
Ffk3-Hni4
Czu6-Ino2
Vo_5-Jcc4
Hvo6-Scw1
Oxc3-Anl4
Sx_6-Oxc3
Wys3-Sx_6
Bi_0-Hni4
Mo_9-Abx8
Ffj0-Mo_9
Csz9-Czx7
Uv_1-Csz9
Pnd0-Rbe5
Swg0-Pnd0
Cvk2-Jzh4
C_h7-Cvk2
Idh5-Hni4
Wna0-Idh5
Duh6-Zce3
Ofs8-Uuu8
Wau9-Ofs8
Vdf4-Ojq3
Cut8-Vdf4
Thn0-Cut8
Qwg3-Wvz0
Iue8-Zl_9
M_w8-Iue8
Cvi4-Fck9
Vvf2-Cvi4
Bbt4-Jxg4
Kej2-Ray3
K_m0-Kej2
Dkl4-K_m0
Zja3-Dkl4
Igx2-Ctl2
Zwh9-Pnh8
F__7-Zwh9
M_w8-F__7
Zfq9-Hni4
Ege4-Gmg3
Guz2-Bia4
Y_s1-F_n8
Zpz0-Na_5
Hzw0-Zpz0
Axa8-Nnt8
Vzo3-Axa8
Zkz2-Vzo3
M_w8-Zkz2
Jqv3-F_c1
Nhn3-R_s0
Keq7-Nhn3
Me_4-Bct6
Twa4-Me_4
Mhj1-Twa4
Qum2-Njj5
Kho6-Dby0
Wwz3-Odf4
O_i3-Wwz3
M_w8-Hvg7
Qov6-Hni4
Ivp4-Qov6
Xgc9-Sii1
Cr_4-Xgc9
Nak7-Cr_4
Dbm7-Nak7
Zv_3-Sm_0
Pbm0-Meh2
Yjq8-Qop3
Hja0-Yjq8
Trw5-Rtz6
Fxa3-Mki4
He_6-Fxa3
Hzp6-He_6
Xaq0-Hzp6
Qcd0-Xaq0
Zkv1-Oi_4
Ykv1-Zkv1
Flu1-Ezl8
Wni1-Flu1
Pww2-Wni1
Rtc9-Hni4
Rwg2-Qyi3
Rak4-Rwg2
Xqf5-Rak4
Xhh4-Xqf5
Zeo7-Znt5
Qtx7-Zeo7
Ozq9-Cwr0
Kzz4-Ozq9
G__6-Kzz4
Z_d8-Nc_7
H_w5-Uli5
Wfc1-H_w5
H_t7-Wfc1
D_j5-H_t7
Mwl7-D_j5
Fec8-Mwl7
Ezn9-Fec8
Wpa7-Ezn9
Mlq0-Wpa7
Nsx9-Id_2
Sxv5-Nsx9
Wvr3-Hni4
Rim3-Wvr3
Dus0-Rim3
Kue5-Dus0
Hve1-Kue5
J_x6-Hve1
Fnh6-Qnt3
Aai6-Zk_4
C_p6-Apy4
Yyc9-C_p6
Jzn4-Elb6
Ozx1-Jzn4
M_w8-Jhv3
Jhv3-Ozx1
Elb6-Odg2
Odg2-Yyc9
Apy4-Xcs2
Xcs2-Ter9
Ter9-Fog5
Fog5-Aai6
Zk_4-Fnh6
Qnt3-J_x6
M_w8-Oys5
Oys5-Fyo5
Fyo5-Dag8
Dag8-Sxv5
Id_2-Mlq0
Uli5-Z_d8
Nc_7-Hni4
M_w8-G__6
Cwr0-Qp_9
Qp_9-Ibe3
Ibe3-Qtx7
Znt5-Xhh4
Qyi3-Rii3
Rii3-Fko6
Fko6-Rtc9
M_w8-Uck3
Uck3-Igu9
Igu9-Pww2
Ezl8-Yhz9
Yhz9-Ngc0
Ngc0-Dwu3
Dwu3-Cpa9
Cpa9-Ykv1
Oi_4-Qcd0
Mki4-Trw5
Rtz6-Hja0
Qop3-Hni4
M_w8-Mty5
Mty5-Qpz8
Qpz8-Pbm0
Meh2-Zv_3
Sm_0-Sfq1
Sfq1-Hgu1
Hgu1-Dbm7
Sii1-Elt2
Elt2-Ivp4
Hvg7-O_i3
Odf4-Ivq4
Ivq4-Gll5
Gll5-Kug3
Kug3-Kho6
Dby0-Wsn1
Wsn1-Qum2
Njj5-Ccq6
Ccq6-Mhj1
Bct6-Keq7
R_s0-Jqv3
F_c1-Hni4
Nnt8-Kes4
Kes4-Hzw0
Na_5-Qsk3
Qsk3-Y_s1
F_n8-Guz2
Bia4-Ege4
Gmg3-Zfq9
Pnh8-Sbt6
Sbt6-Igx2
Ctl2-Hjl2
Hjl2-Zja3
Ray3-Bbt4
Jxg4-Onz5
Onz5-Hrd4
Hrd4-Vvf2
Fck9-Hni4
Zl_9-Qwg3
Wvz0-Thn0
Ojq3-Wau9
Uuu8-Ks_0
Ks_0-Duh6
Zce3-Qru2
Qru2-Wna0
M_w8-I_l0
I_l0-C_h7
Jzh4-Shc3
Shc3-Swg0
Rbe5-Erc5
Erc5-Uv_1
Czx7-Ffj0
Abx8-Pte5
Pte5-Bi_0
M_w8-Uuy4
Uuy4-Wys3
Anl4-Hvo6
Scw1-Vo_5
Jcc4-Czu6
Ino2-Cgx7
Cgx7-Ish4
Ish4-Qvz2
Qvz2-Gyw0
Gyw0-Odk5
Odk5-Keu6
Keu6-Ffk3
M_w8-Spm7
Spm7-K_t6
Wxk1-Knz0
Fyc3-Gcs2
Pjf3-Iit7
Icp0-Wjs8
Yrd4-Fmj3
Fmj3-Hni4
Iqb6-Gx_7
Fvw7-Qui7
Nzr6-Zpb6
Zpb6-Vyw2
Qbp1-Jvr2
Awk9-Uuy8
Uuy8-Nrz9
Nrz9-Pfy9
Tae9-Rdc8
Rdc8-Eif6
Set1-Gdh8
Hhn9-Zqv2
Zqv2-Pyc5
A_t3-Ael4
K_k3-Woz4
Fbw6-Fnn1
Fnn1-Xku0
Nyk7-M_i7
H_z3-Nwg1
Nwg1-Qvw2
Qvw2-Uvi3
S_w1-Rli7
Rik2-I_d3
Sav9-Hni4
M_w8-Pzh9
Pzh9-Cmf1
Cmf1-Ezt4
Ezt4-Rmh8
Smo5-Qqh7
Zkh1-Hbh0
Hbh0-Kt_6
Kt_6-Afw5
Iso2-Jys0
Qzi4-Tky9
Tky9-Kwr1
Kwr1-Mby1
Cy_1-Obs6
Eii7-Fry4
Fry4-Ajq1
Ajq1-Kjz8
Kjz8-Sa_0
Sa_0-Qov7
Yof0-Vlk7
X_x8-Sdh1
Hv_4-Vtf9
Oys5-Fpg3
Ozq9-Cci1
Nsx9-Zs_1
Ozx1-Ysa5
Mty5-Yci3
Yhz9-Xyh3
Elb6-Cov2
Bct6-Yhw7
Gcs2-Ygp1
Pnd0-Pgb5
Igu9-Ixf0
Bct6-Xg_8
Zpb6-Hwe9
Nak7-Fbr3
Nhn3-Bmw8
O_i3-Aqk3
C_p6-Afd5
Rhq9-Eam6
Id_2-Kgi3
Apy4-W_d9
K_m0-Ffe4
Spm7-Mmb6
Nxh6-Nfa5
Iqb6-Kbn5
Aai6-Gnr4
Eam6-Nel5
Hv_4-Dxg9
Fko6-Xya3
K_k3-Vlh6
Njj5-Ynd5
Dkl4-Zot2
Y_s1-Vbk3
Wna0-Jmv0
Odk5-Ibu1
Nfa5-Qvd7
Xhh4-Ula8
#Here is the number of lines required: 32

L1-Spm7 L2-Hvg7 L3-Jhv3 L4-F__7 L5-Uuy4 L6-Oys5 L7-I_l0 L8-G__6 L9-Iue8 L10-Mty5 L11-Zkz2
L1-K_t6 L12-Spm7 L2-O_i3 L13-Hvg7 L3-Ozx1 L14-Jhv3 L4-Zwh9 L15-F__7 L5-Wys3 L16-Uuy4 L6-Fyo5 L17-Oys5 L7-C_h7 L18-I_l0 L8-Kzz4 L19-G__6 L9-Zl_9 L20-Iue8 L10-Qpz8 L21-Mty5 L11-Vzo3 L22-Zkz2
L1-Pgd3 L12-K_t6 L23-Spm7 L2-Wwz3 L13-O_i3 L24-Hvg7 L3-Jzn4 L14-Ozx1 L25-Jhv3 L4-Pnh8 L15-Zwh9 L26-F__7 L5-Sx_6 L16-Wys3 L27-Uuy4 L6-Dag8 L17-Fyo5 L28-Oys5 L7-Cvk2 L18-C_h7 L29-I_l0 L8-Ozq9 L19-Kzz4 L30-G__6 L9-Qwg3 L20-Zl_9 L31-Iue8 L10-Pbm0 L21-Qpz8 L32-Mty5 L11-Axa8 L22-Vzo3 L33-Zkz2
L1-Hdy3 L12-Pgd3 L23-K_t6 L34-Spm7 L2-Odf4 L13-Wwz3 L24-O_i3 L35-Hvg7 L3-Elb6 L14-Jzn4 L25-Ozx1 L36-Jhv3 L4-Sbt6 L15-Pnh8 L26-Zwh9 L37-F__7 L5-Oxc3 L16-Sx_6 L27-Wys3 L38-Uuy4 L6-Sxv5 L17-Dag8 L28-Fyo5 L39-Oys5 L7-Jzh4 L18-Cvk2 L29-C_h7 L40-I_l0 L8-Cwr0 L19-Ozq9 L30-Kzz4 L41-G__6 L9-Wvz0 L20-Qwg3 L31-Zl_9 L42-Iue8 L10-Meh2 L21-Pbm0 L32-Qpz8 L43-Mty5 L11-Nnt8 L22-Axa8 L33-Vzo3 L44-Zkz2
L1-Gtw1 L12-Hdy3 L23-Pgd3 L34-K_t6 L45-Spm7 L2-Ivq4 L13-Odf4 L24-Wwz3 L35-O_i3 L46-Hvg7 L3-Odg2 L14-Elb6 L25-Jzn4 L36-Ozx1 L47-Jhv3 L4-Igx2 L15-Sbt6 L26-Pnh8 L37-Zwh9 L48-F__7 L5-Anl4 L16-Oxc3 L27-Sx_6 L38-Wys3 L49-Uuy4 L6-Nsx9 L17-Sxv5 L28-Dag8 L39-Fyo5 L50-Oys5 L7-Shc3 L18-Jzh4 L29-Cvk2 L40-C_h7 L51-I_l0 L8-Qp_9 L19-Cwr0 L30-Ozq9 L41-Kzz4 L52-G__6 L9-Thn0 L20-Wvz0 L31-Qwg3 L42-Zl_9 L53-Iue8 L10-Zv_3 L21-Meh2 L32-Pbm0 L43-Qpz8 L54-Mty5 L11-Kes4 L22-Nnt8 L33-Axa8 L44-Vzo3 L55-Zkz2
L1-Rez4 L12-Gtw1 L23-Hdy3 L34-Pgd3 L45-K_t6 L56-Spm7 L2-Gll5 L13-Ivq4 L24-Odf4 L35-Wwz3 L46-O_i3 L57-Hvg7 L3-Yyc9 L14-Odg2 L25-Elb6 L36-Jzn4 L47-Ozx1 L58-Jhv3 L4-Ctl2 L15-Igx2 L26-Sbt6 L37-Pnh8 L48-Zwh9 L59-F__7 L5-Hvo6 L16-Anl4 L27-Oxc3 L38-Sx_6 L49-Wys3 L60-Uuy4 L6-Id_2 L17-Nsx9 L28-Sxv5 L39-Dag8 L50-Fyo5 L61-Oys5 L7-Swg0 L18-Shc3 L29-Jzh4 L40-Cvk2 L51-C_h7 L62-I_l0 L8-Ibe3 L19-Qp_9 L30-Cwr0 L41-Ozq9 L52-Kzz4 L63-G__6 L9-Cut8 L20-Thn0 L31-Wvz0 L42-Qwg3 L53-Zl_9 L64-Iue8 L10-Sm_0 L21-Zv_3 L32-Meh2 L43-Pbm0 L54-Qpz8 L65-Mty5 L11-Hzw0 L22-Kes4 L33-Nnt8 L44-Axa8 L55-Vzo3 L66-Zkz2
L1-Wxk1 L12-Rez4 L23-Gtw1 L34-Hdy3 L45-Pgd3 L56-K_t6 L67-Spm7 L2-Kug3 L13-Gll5 L24-Ivq4 L35-Odf4 L46-Wwz3 L57-O_i3 L68-Hvg7 L3-C_p6 L14-Yyc9 L25-Odg2 L36-Elb6 L47-Jzn4 L58-Ozx1 L69-Jhv3 L4-Hjl2 L15-Ctl2 L26-Igx2 L37-Sbt6 L48-Pnh8 L59-Zwh9 L70-F__7 L5-Scw1 L16-Hvo6 L27-Anl4 L38-Oxc3 L49-Sx_6 L60-Wys3 L71-Uuy4 L6-Mlq0 L17-Id_2 L28-Nsx9 L39-Sxv5 L50-Dag8 L61-Fyo5 L72-Oys5 L7-Pnd0 L18-Swg0 L29-Shc3 L40-Jzh4 L51-Cvk2 L62-C_h7 L73-I_l0 L8-Qtx7 L19-Ibe3 L30-Qp_9 L41-Cwr0 L52-Ozq9 L63-Kzz4 L74-G__6 L9-Vdf4 L20-Cut8 L31-Thn0 L42-Wvz0 L53-Qwg3 L64-Zl_9 L75-Iue8 L10-Sfq1 L21-Sm_0 L32-Zv_3 L43-Meh2 L54-Pbm0 L65-Qpz8 L76-Mty5 L11-Zpz0 L22-Hzw0 L33-Kes4 L44-Nnt8 L55-Axa8 L66-Vzo3 L77-Zkz2
L1-Knz0 L12-Wxk1 L23-Rez4 L34-Gtw1 L45-Hdy3 L56-Pgd3 L67-K_t6 L78-Spm7 L2-Kho6 L13-Kug3 L24-Gll5 L35-Ivq4 L46-Odf4 L57-Wwz3 L68-O_i3 L79-Hvg7 L3-Apy4 L14-C_p6 L25-Yyc9 L36-Odg2 L47-Elb6 L58-Jzn4 L69-Ozx1 L80-Jhv3 L4-Zja3 L15-Hjl2 L26-Ctl2 L37-Igx2 L48-Sbt6 L59-Pnh8 L70-Zwh9 L81-F__7 L5-Vo_5 L16-Scw1 L27-Hvo6 L38-Anl4 L49-Oxc3 L60-Sx_6 L71-Wys3 L82-Uuy4 L6-Wpa7 L17-Mlq0 L28-Id_2 L39-Nsx9 L50-Sxv5 L61-Dag8 L72-Fyo5 L83-Oys5 L7-Rbe5 L18-Pnd0 L29-Swg0 L40-Shc3 L51-Jzh4 L62-Cvk2 L73-C_h7 L84-I_l0 L8-Zeo7 L19-Qtx7 L30-Ibe3 L41-Qp_9 L52-Cwr0 L63-Ozq9 L74-Kzz4 L85-G__6 L9-Ojq3 L20-Vdf4 L31-Cut8 L42-Thn0 L53-Wvz0 L64-Qwg3 L75-Zl_9 L86-Iue8 L10-Hgu1 L21-Sfq1 L32-Sm_0 L43-Zv_3 L54-Meh2 L65-Pbm0 L76-Qpz8 L87-Mty5 L11-Na_5 L22-Zpz0 L33-Hzw0 L44-Kes4 L55-Nnt8 L66-Axa8 L77-Vzo3 L88-Zkz2
L1-Rhq9 L12-Knz0 L23-Wxk1 L34-Rez4 L45-Gtw1 L56-Hdy3 L67-Pgd3 L78-K_t6 L89-Spm7 L2-Dby0 L13-Kho6 L24-Kug3 L35-Gll5 L46-Ivq4 L57-Odf4 L68-Wwz3 L79-O_i3 L90-Hvg7 L3-Xcs2 L14-Apy4 L25-C_p6 L36-Yyc9 L47-Odg2 L58-Elb6 L69-Jzn4 L80-Ozx1 L91-Jhv3 L4-Dkl4 L15-Zja3 L26-Hjl2 L37-Ctl2 L48-Igx2 L59-Sbt6 L70-Pnh8 L81-Zwh9 L92-F__7 L5-Jcc4 L16-Vo_5 L27-Scw1 L38-Hvo6 L49-Anl4 L60-Oxc3 L71-Sx_6 L82-Wys3 L93-Uuy4 L6-Ezn9 L17-Wpa7 L28-Mlq0 L39-Id_2 L50-Nsx9 L61-Sxv5 L72-Dag8 L83-Fyo5 L94-Oys5 L7-Erc5 L18-Rbe5 L29-Pnd0 L40-Swg0 L51-Shc3 L62-Jzh4 L73-Cvk2 L84-C_h7 L95-I_l0 L8-Znt5 L19-Zeo7 L30-Qtx7 L41-Ibe3 L52-Qp_9 L63-Cwr0 L74-Ozq9 L85-Kzz4 L96-G__6 L9-Wau9 L20-Ojq3 L31-Vdf4 L42-Cut8 L53-Thn0 L64-Wvz0 L75-Qwg3 L86-Zl_9 L97-Iue8 L10-Dbm7 L21-Hgu1 L32-Sfq1 L43-Sm_0 L54-Zv_3 L65-Meh2 L76-Pbm0 L87-Qpz8 L98-Mty5 L11-Qsk3 L22-Na_5 L33-Zpz0 L44-Hzw0 L55-Kes4 L66-Nnt8 L77-Axa8 L88-Vzo3 L99-Zkz2
L1-Fyc3 L12-Rhq9 L23-Knz0 L34-Wxk1 L45-Rez4 L56-Gtw1 L67-Hdy3 L78-Pgd3 L89-K_t6 L100-Spm7 L2-Wsn1 L13-Dby0 L24-Kho6 L35-Kug3 L46-Gll5 L57-Ivq4 L68-Odf4 L79-Wwz3 L90-O_i3 L101-Hvg7 L3-Ter9 L14-Xcs2 L25-Apy4 L36-C_p6 L47-Yyc9 L58-Odg2 L69-Elb6 L80-Jzn4 L91-Ozx1 L102-Jhv3 L4-K_m0 L15-Dkl4 L26-Zja3 L37-Hjl2 L48-Ctl2 L59-Igx2 L70-Sbt6 L81-Pnh8 L92-Zwh9 L103-F__7 L5-Czu6 L16-Jcc4 L27-Vo_5 L38-Scw1 L49-Hvo6 L60-Anl4 L71-Oxc3 L82-Sx_6 L93-Wys3 L104-Uuy4 L6-Fec8 L17-Ezn9 L28-Wpa7 L39-Mlq0 L50-Id_2 L61-Nsx9 L72-Sxv5 L83-Dag8 L94-Fyo5 L105-Oys5 L7-Uv_1 L18-Erc5 L29-Rbe5 L40-Pnd0 L51-Swg0 L62-Shc3 L73-Jzh4 L84-Cvk2 L95-C_h7 L106-I_l0 L8-Xhh4 L19-Znt5 L30-Zeo7 L41-Qtx7 L52-Ibe3 L63-Qp_9 L74-Cwr0 L85-Ozq9 L96-Kzz4 L107-G__6 L9-Ofs8 L20-Wau9 L31-Ojq3 L42-Vdf4 L53-Cut8 L64-Thn0 L75-Wvz0 L86-Qwg3 L97-Zl_9 L108-Iue8 L10-Nak7 L21-Dbm7 L32-Hgu1 L43-Sfq1 L54-Sm_0 L65-Zv_3 L76-Meh2 L87-Pbm0 L98-Qpz8 L109-Mty5 L11-Y_s1 L22-Qsk3 L33-Na_5 L44-Zpz0 L55-Hzw0 L66-Kes4 L77-Nnt8 L88-Axa8 L99-Vzo3 L110-Zkz2
L1-Gcs2 L12-Fyc3 L23-Rhq9 L34-Knz0 L45-Wxk1 L56-Rez4 L67-Gtw1 L78-Hdy3 L89-Pgd3 L100-K_t6 L111-Spm7 L2-Qum2 L13-Wsn1 L24-Dby0 L35-Kho6 L46-Kug3 L57-Gll5 L68-Ivq4 L79-Odf4 L90-Wwz3 L101-O_i3 L112-Hvg7 L3-Fog5 L14-Ter9 L25-Xcs2 L36-Apy4 L47-C_p6 L58-Yyc9 L69-Odg2 L80-Elb6 L91-Jzn4 L102-Ozx1 L113-Jhv3 L4-Kej2 L15-K_m0 L26-Dkl4 L37-Zja3 L48-Hjl2 L59-Ctl2 L70-Igx2 L81-Sbt6 L92-Pnh8 L103-Zwh9 L114-F__7 L5-Ino2 L16-Czu6 L27-Jcc4 L38-Vo_5 L49-Scw1 L60-Hvo6 L71-Anl4 L82-Oxc3 L93-Sx_6 L104-Wys3 L115-Uuy4 L6-Mwl7 L17-Fec8 L28-Ezn9 L39-Wpa7 L50-Mlq0 L61-Id_2 L72-Nsx9 L83-Sxv5 L94-Dag8 L105-Fyo5 L116-Oys5 L7-Csz9 L18-Uv_1 L29-Erc5 L40-Rbe5 L51-Pnd0 L62-Swg0 L73-Shc3 L84-Jzh4 L95-Cvk2 L106-C_h7 L117-I_l0 L8-Xqf5 L19-Xhh4 L30-Znt5 L41-Zeo7 L52-Qtx7 L63-Ibe3 L74-Qp_9 L85-Cwr0 L96-Ozq9 L107-Kzz4 L118-G__6 L9-Uuu8 L20-Ofs8 L31-Wau9 L42-Ojq3 L53-Vdf4 L64-Cut8 L75-Thn0 L86-Wvz0 L97-Qwg3 L108-Zl_9 L119-Iue8 L10-Cr_4 L21-Nak7 L32-Dbm7 L43-Hgu1 L54-Sfq1 L65-Sm_0 L76-Zv_3 L87-Meh2 L98-Pbm0 L109-Qpz8 L120-Mty5 L11-F_n8 L22-Y_s1 L33-Qsk3 L44-Na_5 L55-Zpz0 L66-Hzw0 L77-Kes4 L88-Nnt8 L99-Axa8 L110-Vzo3 L121-Zkz2
L1-D_k3 L12-Gcs2 L23-Fyc3 L34-Rhq9 L45-Knz0 L56-Wxk1 L67-Rez4 L78-Gtw1 L89-Hdy3 L100-Pgd3 L111-K_t6 L122-Spm7 L2-Njj5 L13-Qum2 L24-Wsn1 L35-Dby0 L46-Kho6 L57-Kug3 L68-Gll5 L79-Ivq4 L90-Odf4 L101-Wwz3 L112-O_i3 L123-Hvg7 L3-Aai6 L14-Fog5 L25-Ter9 L36-Xcs2 L47-Apy4 L58-C_p6 L69-Yyc9 L80-Odg2 L91-Elb6 L102-Jzn4 L113-Ozx1 L124-Jhv3 L4-Ray3 L15-Kej2 L26-K_m0 L37-Dkl4 L48-Zja3 L59-Hjl2 L70-Ctl2 L81-Igx2 L92-Sbt6 L103-Pnh8 L114-Zwh9 L125-F__7 L5-Cgx7 L16-Ino2 L27-Czu6 L38-Jcc4 L49-Vo_5 L60-Scw1 L71-Hvo6 L82-Anl4 L93-Oxc3 L104-Sx_6 L115-Wys3 L126-Uuy4 L6-D_j5 L17-Mwl7 L28-Fec8 L39-Ezn9 L50-Wpa7 L61-Mlq0 L72-Id_2 L83-Nsx9 L94-Sxv5 L105-Dag8 L116-Fyo5 L127-Oys5 L7-Czx7 L18-Csz9 L29-Uv_1 L40-Erc5 L51-Rbe5 L62-Pnd0 L73-Swg0 L84-Shc3 L95-Jzh4 L106-Cvk2 L117-C_h7 L128-I_l0 L8-Rak4 L19-Xqf5 L30-Xhh4 L41-Znt5 L52-Zeo7 L63-Qtx7 L74-Ibe3 L85-Qp_9 L96-Cwr0 L107-Ozq9 L118-Kzz4 L129-G__6 L9-Ks_0 L20-Uuu8 L31-Ofs8 L42-Wau9 L53-Ojq3 L64-Vdf4 L75-Cut8 L86-Thn0 L97-Wvz0 L108-Qwg3 L119-Zl_9 L130-Iue8 L10-Xgc9 L21-Cr_4 L32-Nak7 L43-Dbm7 L54-Hgu1 L65-Sfq1 L76-Sm_0 L87-Zv_3 L98-Meh2 L109-Pbm0 L120-Qpz8 L131-Mty5 L11-Guz2 L22-F_n8 L33-Y_s1 L44-Qsk3 L55-Na_5 L66-Zpz0 L77-Hzw0 L88-Kes4 L99-Nnt8 L110-Axa8 L121-Vzo3 L132-Zkz2
L1-Pjf3 L12-D_k3 L23-Gcs2 L34-Fyc3 L45-Rhq9 L56-Knz0 L67-Wxk1 L78-Rez4 L89-Gtw1 L100-Hdy3 L111-Pgd3 L122-K_t6 L133-Spm7 L2-Ccq6 L13-Njj5 L24-Qum2 L35-Wsn1 L46-Dby0 L57-Kho6 L68-Kug3 L79-Gll5 L90-Ivq4 L101-Odf4 L112-Wwz3 L123-O_i3 L134-Hvg7 L3-Zk_4 L14-Aai6 L25-Fog5 L36-Ter9 L47-Xcs2 L58-Apy4 L69-C_p6 L80-Yyc9 L91-Odg2 L102-Elb6 L113-Jzn4 L124-Ozx1 L135-Jhv3 L4-Bbt4 L15-Ray3 L26-Kej2 L37-K_m0 L48-Dkl4 L59-Zja3 L70-Hjl2 L81-Ctl2 L92-Igx2 L103-Sbt6 L114-Pnh8 L125-Zwh9 L136-F__7 L5-Ish4 L16-Cgx7 L27-Ino2 L38-Czu6 L49-Jcc4 L60-Vo_5 L71-Scw1 L82-Hvo6 L93-Anl4 L104-Oxc3 L115-Sx_6 L126-Wys3 L137-Uuy4 L6-H_t7 L17-D_j5 L28-Mwl7 L39-Fec8 L50-Ezn9 L61-Wpa7 L72-Mlq0 L83-Id_2 L94-Nsx9 L105-Sxv5 L116-Dag8 L127-Fyo5 L138-Oys5 L7-Ffj0 L18-Czx7 L29-Csz9 L40-Uv_1 L51-Erc5 L62-Rbe5 L73-Pnd0 L84-Swg0 L95-Shc3 L106-Jzh4 L117-Cvk2 L128-C_h7 L139-I_l0 L8-Rwg2 L19-Rak4 L30-Xqf5 L41-Xhh4 L52-Znt5 L63-Zeo7 L74-Qtx7 L85-Ibe3 L96-Qp_9 L107-Cwr0 L118-Ozq9 L129-Kzz4 L140-G__6 L9-Duh6 L20-Ks_0 L31-Uuu8 L42-Ofs8 L53-Wau9 L64-Ojq3 L75-Vdf4 L86-Cut8 L97-Thn0 L108-Wvz0 L119-Qwg3 L130-Zl_9 L141-Iue8 L10-Sii1 L21-Xgc9 L32-Cr_4 L43-Nak7 L54-Dbm7 L65-Hgu1 L76-Sfq1 L87-Sm_0 L98-Zv_3 L109-Meh2 L120-Pbm0 L131-Qpz8 L142-Mty5 L11-Bia4 L22-Guz2 L33-F_n8 L44-Y_s1 L55-Qsk3 L66-Na_5 L77-Zpz0 L88-Hzw0 L99-Kes4 L110-Nnt8 L121-Axa8 L132-Vzo3 L143-Zkz2
L1-Iit7 L12-Pjf3 L23-D_k3 L34-Gcs2 L45-Fyc3 L56-Rhq9 L67-Knz0 L78-Wxk1 L89-Rez4 L100-Gtw1 L111-Hdy3 L122-Pgd3 L133-K_t6 L2-Mhj1 L13-Ccq6 L24-Njj5 L35-Qum2 L46-Wsn1 L57-Dby0 L68-Kho6 L79-Kug3 L90-Gll5 L101-Ivq4 L112-Odf4 L123-Wwz3 L134-O_i3 L3-Fnh6 L14-Zk_4 L25-Aai6 L36-Fog5 L47-Ter9 L58-Xcs2 L69-Apy4 L80-C_p6 L91-Yyc9 L102-Odg2 L113-Elb6 L124-Jzn4 L135-Ozx1 L4-Jxg4 L15-Bbt4 L26-Ray3 L37-Kej2 L48-K_m0 L59-Dkl4 L70-Zja3 L81-Hjl2 L92-Ctl2 L103-Igx2 L114-Sbt6 L125-Pnh8 L136-Zwh9 L5-Qvz2 L16-Ish4 L27-Cgx7 L38-Ino2 L49-Czu6 L60-Jcc4 L71-Vo_5 L82-Scw1 L93-Hvo6 L104-Anl4 L115-Oxc3 L126-Sx_6 L137-Wys3 L144-Uuy4 L6-Wfc1 L17-H_t7 L28-D_j5 L39-Mwl7 L50-Fec8 L61-Ezn9 L72-Wpa7 L83-Mlq0 L94-Id_2 L105-Nsx9 L116-Sxv5 L127-Dag8 L138-Fyo5 L145-Oys5 L7-Mo_9 L18-Ffj0 L29-Czx7 L40-Csz9 L51-Uv_1 L62-Erc5 L73-Rbe5 L84-Pnd0 L95-Swg0 L106-Shc3 L117-Jzh4 L128-Cvk2 L139-C_h7 L146-I_l0 L8-Qyi3 L19-Rwg2 L30-Rak4 L41-Xqf5 L52-Xhh4 L63-Znt5 L74-Zeo7 L85-Qtx7 L96-Ibe3 L107-Qp_9 L118-Cwr0 L129-Ozq9 L140-Kzz4 L147-G__6 L9-Zce3 L20-Duh6 L31-Ks_0 L42-Uuu8 L53-Ofs8 L64-Wau9 L75-Ojq3 L86-Vdf4 L97-Cut8 L108-Thn0 L119-Wvz0 L130-Qwg3 L141-Zl_9 L148-Iue8 L10-Elt2 L21-Sii1 L32-Xgc9 L43-Cr_4 L54-Nak7 L65-Dbm7 L76-Hgu1 L87-Sfq1 L98-Sm_0 L109-Zv_3 L120-Meh2 L131-Pbm0 L142-Qpz8 L149-Mty5 L11-Ege4 L22-Bia4 L33-Guz2 L44-F_n8 L55-Y_s1 L66-Qsk3 L77-Na_5 L88-Zpz0 L99-Hzw0 L110-Kes4 L121-Nnt8 L132-Axa8 L143-Vzo3 L150-Zkz2
L1-W_x0 L12-Iit7 L23-Pjf3 L34-D_k3 L45-Gcs2 L56-Fyc3 L67-Rhq9 L78-Knz0 L89-Wxk1 L100-Rez4 L111-Gtw1 L122-Hdy3 L133-Pgd3 L2-Twa4 L13-Mhj1 L24-Ccq6 L35-Njj5 L46-Qum2 L57-Wsn1 L68-Dby0 L79-Kho6 L90-Kug3 L101-Gll5 L112-Ivq4 L123-Odf4 L134-Wwz3 L3-Qnt3 L14-Fnh6 L25-Zk_4 L36-Aai6 L47-Fog5 L58-Ter9 L69-Xcs2 L80-Apy4 L91-C_p6 L102-Yyc9 L113-Odg2 L124-Elb6 L135-Jzn4 L4-Onz5 L15-Jxg4 L26-Bbt4 L37-Ray3 L48-Kej2 L59-K_m0 L70-Dkl4 L81-Zja3 L92-Hjl2 L103-Ctl2 L114-Igx2 L125-Sbt6 L136-Pnh8 L5-Gyw0 L16-Qvz2 L27-Ish4 L38-Cgx7 L49-Ino2 L60-Czu6 L71-Jcc4 L82-Vo_5 L93-Scw1 L104-Hvo6 L115-Anl4 L126-Oxc3 L137-Sx_6 L144-Wys3 L6-H_w5 L17-Wfc1 L28-H_t7 L39-D_j5 L50-Mwl7 L61-Fec8 L72-Ezn9 L83-Wpa7 L94-Mlq0 L105-Id_2 L116-Nsx9 L127-Sxv5 L138-Dag8 L145-Fyo5 L7-Abx8 L18-Mo_9 L29-Ffj0 L40-Czx7 L51-Csz9 L62-Uv_1 L73-Erc5 L84-Rbe5 L95-Pnd0 L106-Swg0 L117-Shc3 L128-Jzh4 L139-Cvk2 L146-C_h7 L8-Rii3 L19-Qyi3 L30-Rwg2 L41-Rak4 L52-Xqf5 L63-Xhh4 L74-Znt5 L85-Zeo7 L96-Qtx7 L107-Ibe3 L118-Qp_9 L129-Cwr0 L140-Ozq9 L147-Kzz4 L9-Qru2 L20-Zce3 L31-Duh6 L42-Ks_0 L53-Uuu8 L64-Ofs8 L75-Wau9 L86-Ojq3 L97-Vdf4 L108-Cut8 L119-Thn0 L130-Wvz0 L141-Qwg3 L148-Zl_9 L10-Ivp4 L21-Elt2 L32-Sii1 L43-Xgc9 L54-Cr_4 L65-Nak7 L76-Dbm7 L87-Hgu1 L98-Sfq1 L109-Sm_0 L120-Zv_3 L131-Meh2 L142-Pbm0 L149-Qpz8 L11-Gmg3 L22-Ege4 L33-Bia4 L44-Guz2 L55-F_n8 L66-Y_s1 L77-Qsk3 L88-Na_5 L99-Zpz0 L110-Hzw0 L121-Kes4 L132-Nnt8 L143-Axa8 L150-Vzo3
L1-Enf3 L12-W_x0 L23-Iit7 L34-Pjf3 L45-D_k3 L56-Gcs2 L67-Fyc3 L78-Rhq9 L89-Knz0 L100-Wxk1 L111-Rez4 L122-Gtw1 L133-Hdy3 L2-Me_4 L13-Twa4 L24-Mhj1 L35-Ccq6 L46-Njj5 L57-Qum2 L68-Wsn1 L79-Dby0 L90-Kho6 L101-Kug3 L112-Gll5 L123-Ivq4 L134-Odf4 L3-J_x6 L14-Qnt3 L25-Fnh6 L36-Zk_4 L47-Aai6 L58-Fog5 L69-Ter9 L80-Xcs2 L91-Apy4 L102-C_p6 L113-Yyc9 L124-Odg2 L135-Elb6 L4-Hrd4 L15-Onz5 L26-Jxg4 L37-Bbt4 L48-Ray3 L59-Kej2 L70-K_m0 L81-Dkl4 L92-Zja3 L103-Hjl2 L114-Ctl2 L125-Igx2 L136-Sbt6 L5-Odk5 L16-Gyw0 L27-Qvz2 L38-Ish4 L49-Cgx7 L60-Ino2 L71-Czu6 L82-Jcc4 L93-Vo_5 L104-Scw1 L115-Hvo6 L126-Anl4 L137-Oxc3 L144-Sx_6 L6-Uli5 L17-H_w5 L28-Wfc1 L39-H_t7 L50-D_j5 L61-Mwl7 L72-Fec8 L83-Ezn9 L94-Wpa7 L105-Mlq0 L116-Id_2 L127-Nsx9 L138-Sxv5 L145-Dag8 L7-Pte5 L18-Abx8 L29-Mo_9 L40-Ffj0 L51-Czx7 L62-Csz9 L73-Uv_1 L84-Erc5 L95-Rbe5 L106-Pnd0 L117-Swg0 L128-Shc3 L139-Jzh4 L146-Cvk2 L8-Fko6 L19-Rii3 L30-Qyi3 L41-Rwg2 L52-Rak4 L63-Xqf5 L74-Xhh4 L85-Znt5 L96-Zeo7 L107-Qtx7 L118-Ibe3 L129-Qp_9 L140-Cwr0 L147-Ozq9 L9-Wna0 L20-Qru2 L31-Zce3 L42-Duh6 L53-Ks_0 L64-Uuu8 L75-Ofs8 L86-Wau9 L97-Ojq3 L108-Vdf4 L119-Cut8 L130-Thn0 L141-Wvz0 L148-Qwg3 L10-Qov6 L21-Ivp4 L32-Elt2 L43-Sii1 L54-Xgc9 L65-Cr_4 L76-Nak7 L87-Dbm7 L98-Hgu1 L109-Sfq1 L120-Sm_0 L131-Zv_3 L142-Meh2 L149-Pbm0 L11-Zfq9 L22-Gmg3 L33-Ege4 L44-Bia4 L55-Guz2 L66-F_n8 L77-Y_s1 L88-Qsk3 L99-Na_5 L110-Zpz0 L121-Hzw0 L132-Kes4 L143-Nnt8 L150-Axa8
L1-Ntp4 L12-Enf3 L23-W_x0 L34-Iit7 L45-Pjf3 L56-D_k3 L67-Gcs2 L78-Fyc3 L89-Rhq9 L100-Knz0 L111-Wxk1 L122-Rez4 L133-Gtw1 L2-Bct6 L13-Me_4 L24-Twa4 L35-Mhj1 L46-Ccq6 L57-Njj5 L68-Qum2 L79-Wsn1 L90-Dby0 L101-Kho6 L112-Kug3 L123-Gll5 L134-Ivq4 L3-Hve1 L14-J_x6 L25-Qnt3 L36-Fnh6 L47-Zk_4 L58-Aai6 L69-Fog5 L80-Ter9 L91-Xcs2 L102-Apy4 L113-C_p6 L124-Yyc9 L135-Odg2 L4-Vvf2 L15-Hrd4 L26-Onz5 L37-Jxg4 L48-Bbt4 L59-Ray3 L70-Kej2 L81-K_m0 L92-Dkl4 L103-Zja3 L114-Hjl2 L125-Ctl2 L136-Igx2 L5-Keu6 L16-Odk5 L27-Gyw0 L38-Qvz2 L49-Ish4 L60-Cgx7 L71-Ino2 L82-Czu6 L93-Jcc4 L104-Vo_5 L115-Scw1 L126-Hvo6 L137-Anl4 L144-Oxc3 L6-Z_d8 L17-Uli5 L28-H_w5 L39-Wfc1 L50-H_t7 L61-D_j5 L72-Mwl7 L83-Fec8 L94-Ezn9 L105-Wpa7 L116-Mlq0 L127-Id_2 L138-Nsx9 L145-Sxv5 L7-Bi_0 L18-Pte5 L29-Abx8 L40-Mo_9 L51-Ffj0 L62-Czx7 L73-Csz9 L84-Uv_1 L95-Erc5 L106-Rbe5 L117-Pnd0 L128-Swg0 L139-Shc3 L146-Jzh4 L8-Rtc9 L19-Fko6 L30-Rii3 L41-Qyi3 L52-Rwg2 L63-Rak4 L74-Xqf5 L85-Xhh4 L96-Znt5 L107-Zeo7 L118-Qtx7 L129-Ibe3 L140-Qp_9 L147-Cwr0 L9-Idh5 L20-Wna0 L31-Qru2 L42-Zce3 L53-Duh6 L64-Ks_0 L75-Uuu8 L86-Ofs8 L97-Wau9 L108-Ojq3 L119-Vdf4 L130-Cut8 L141-Thn0 L148-Wvz0 L10-Hni4 L21-Qov6 L32-Ivp4 L43-Elt2 L54-Sii1 L65-Xgc9 L76-Cr_4 L87-Nak7 L98-Dbm7 L109-Hgu1 L120-Sfq1 L131-Sm_0 L142-Zv_3 L149-Meh2 L11-Hni4 L22-Zfq9 L33-Gmg3 L44-Ege4 L55-Bia4 L66-Guz2 L77-F_n8 L88-Y_s1 L99-Qsk3 L110-Na_5 L121-Zpz0 L132-Hzw0 L143-Kes4 L150-Nnt8
L1-Vlr3 L12-Ntp4 L23-Enf3 L34-W_x0 L45-Iit7 L56-Pjf3 L67-D_k3 L78-Gcs2 L89-Fyc3 L100-Rhq9 L111-Knz0 L122-Wxk1 L133-Rez4 L2-Keq7 L13-Bct6 L24-Me_4 L35-Twa4 L46-Mhj1 L57-Ccq6 L68-Njj5 L79-Qum2 L90-Wsn1 L101-Dby0 L112-Kho6 L123-Kug3 L134-Gll5 L3-Kue5 L14-Hve1 L25-J_x6 L36-Qnt3 L47-Fnh6 L58-Zk_4 L69-Aai6 L80-Fog5 L91-Ter9 L102-Xcs2 L113-Apy4 L124-C_p6 L135-Yyc9 L4-Cvi4 L15-Vvf2 L26-Hrd4 L37-Onz5 L48-Jxg4 L59-Bbt4 L70-Ray3 L81-Kej2 L92-K_m0 L103-Dkl4 L114-Zja3 L125-Hjl2 L136-Ctl2 L5-Ffk3 L16-Keu6 L27-Odk5 L38-Gyw0 L49-Qvz2 L60-Ish4 L71-Cgx7 L82-Ino2 L93-Czu6 L104-Jcc4 L115-Vo_5 L126-Scw1 L137-Hvo6 L144-Anl4 L6-Nc_7 L17-Z_d8 L28-Uli5 L39-H_w5 L50-Wfc1 L61-H_t7 L72-D_j5 L83-Mwl7 L94-Fec8 L105-Ezn9 L116-Wpa7 L127-Mlq0 L138-Id_2 L145-Nsx9 L7-Hni4 L18-Bi_0 L29-Pte5 L40-Abx8 L51-Mo_9 L62-Ffj0 L73-Czx7 L84-Csz9 L95-Uv_1 L106-Erc5 L117-Rbe5 L128-Pnd0 L139-Swg0 L146-Shc3 L8-Hni4 L19-Rtc9 L30-Fko6 L41-Rii3 L52-Qyi3 L63-Rwg2 L74-Rak4 L85-Xqf5 L96-Xhh4 L107-Znt5 L118-Zeo7 L129-Qtx7 L140-Ibe3 L147-Qp_9 L9-Hni4 L20-Idh5 L31-Wna0 L42-Qru2 L53-Zce3 L64-Duh6 L75-Ks_0 L86-Uuu8 L97-Ofs8 L108-Wau9 L119-Ojq3 L130-Vdf4 L141-Cut8 L148-Thn0 L21-Hni4 L32-Qov6 L43-Ivp4 L54-Elt2 L65-Sii1 L76-Xgc9 L87-Cr_4 L98-Nak7 L109-Dbm7 L120-Hgu1 L131-Sfq1 L142-Sm_0 L149-Zv_3 L22-Hni4 L33-Zfq9 L44-Gmg3 L55-Ege4 L66-Bia4 L77-Guz2 L88-F_n8 L99-Y_s1 L110-Qsk3 L121-Na_5 L132-Zpz0 L143-Hzw0 L150-Kes4
L1-Icp0 L12-Vlr3 L23-Ntp4 L34-Enf3 L45-W_x0 L56-Iit7 L67-Pjf3 L78-D_k3 L89-Gcs2 L100-Fyc3 L111-Rhq9 L122-Knz0 L133-Wxk1 L2-Nhn3 L13-Keq7 L24-Bct6 L35-Me_4 L46-Twa4 L57-Mhj1 L68-Ccq6 L79-Njj5 L90-Qum2 L101-Wsn1 L112-Dby0 L123-Kho6 L134-Kug3 L3-Dus0 L14-Kue5 L25-Hve1 L36-J_x6 L47-Qnt3 L58-Fnh6 L69-Zk_4 L80-Aai6 L91-Fog5 L102-Ter9 L113-Xcs2 L124-Apy4 L135-C_p6 L4-Fck9 L15-Cvi4 L26-Vvf2 L37-Hrd4 L48-Onz5 L59-Jxg4 L70-Bbt4 L81-Ray3 L92-Kej2 L103-K_m0 L114-Dkl4 L125-Zja3 L136-Hjl2 L5-Hni4 L16-Ffk3 L27-Keu6 L38-Odk5 L49-Gyw0 L60-Qvz2 L71-Ish4 L82-Cgx7 L93-Ino2 L104-Czu6 L115-Jcc4 L126-Vo_5 L137-Scw1 L144-Hvo6 L6-Hni4 L17-Nc_7 L28-Z_d8 L39-Uli5 L50-H_w5 L61-Wfc1 L72-H_t7 L83-D_j5 L94-Mwl7 L105-Fec8 L116-Ezn9 L127-Wpa7 L138-Mlq0 L145-Id_2 L18-Hni4 L29-Bi_0 L40-Pte5 L51-Abx8 L62-Mo_9 L73-Ffj0 L84-Czx7 L95-Csz9 L106-Uv_1 L117-Erc5 L128-Rbe5 L139-Pnd0 L146-Swg0 L19-Hni4 L30-Rtc9 L41-Fko6 L52-Rii3 L63-Qyi3 L74-Rwg2 L85-Rak4 L96-Xqf5 L107-Xhh4 L118-Znt5 L129-Zeo7 L140-Qtx7 L147-Ibe3 L20-Hni4 L31-Idh5 L42-Wna0 L53-Qru2 L64-Zce3 L75-Duh6 L86-Ks_0 L97-Uuu8 L108-Ofs8 L119-Wau9 L130-Ojq3 L141-Vdf4 L148-Cut8 L32-Hni4 L43-Qov6 L54-Ivp4 L65-Elt2 L76-Sii1 L87-Xgc9 L98-Cr_4 L109-Nak7 L120-Dbm7 L131-Hgu1 L142-Sfq1 L149-Sm_0 L33-Hni4 L44-Zfq9 L55-Gmg3 L66-Ege4 L77-Bia4 L88-Guz2 L99-F_n8 L110-Y_s1 L121-Qsk3 L132-Na_5 L143-Zpz0 L150-Hzw0
L1-Wjs8 L12-Icp0 L23-Vlr3 L34-Ntp4 L45-Enf3 L56-W_x0 L67-Iit7 L78-Pjf3 L89-D_k3 L100-Gcs2 L111-Fyc3 L122-Rhq9 L133-Knz0 L2-R_s0 L13-Nhn3 L24-Keq7 L35-Bct6 L46-Me_4 L57-Twa4 L68-Mhj1 L79-Ccq6 L90-Njj5 L101-Qum2 L112-Wsn1 L123-Dby0 L134-Kho6 L3-Rim3 L14-Dus0 L25-Kue5 L36-Hve1 L47-J_x6 L58-Qnt3 L69-Fnh6 L80-Zk_4 L91-Aai6 L102-Fog5 L113-Ter9 L124-Xcs2 L135-Apy4 L4-Hni4 L15-Fck9 L26-Cvi4 L37-Vvf2 L48-Hrd4 L59-Onz5 L70-Jxg4 L81-Bbt4 L92-Ray3 L103-Kej2 L114-K_m0 L125-Dkl4 L136-Zja3 L16-Hni4 L27-Ffk3 L38-Keu6 L49-Odk5 L60-Gyw0 L71-Qvz2 L82-Ish4 L93-Cgx7 L104-Ino2 L115-Czu6 L126-Jcc4 L137-Vo_5 L144-Scw1 L17-Hni4 L28-Nc_7 L39-Z_d8 L50-Uli5 L61-H_w5 L72-Wfc1 L83-H_t7 L94-D_j5 L105-Mwl7 L116-Fec8 L127-Ezn9 L138-Wpa7 L145-Mlq0 L29-Hni4 L40-Bi_0 L51-Pte5 L62-Abx8 L73-Mo_9 L84-Ffj0 L95-Czx7 L106-Csz9 L117-Uv_1 L128-Erc5 L139-Rbe5 L146-Pnd0 L30-Hni4 L41-Rtc9 L52-Fko6 L63-Rii3 L74-Qyi3 L85-Rwg2 L96-Rak4 L107-Xqf5 L118-Xhh4 L129-Znt5 L140-Zeo7 L147-Qtx7 L31-Hni4 L42-Idh5 L53-Wna0 L64-Qru2 L75-Zce3 L86-Duh6 L97-Ks_0 L108-Uuu8 L119-Ofs8 L130-Wau9 L141-Ojq3 L148-Vdf4 L43-Hni4 L54-Qov6 L65-Ivp4 L76-Elt2 L87-Sii1 L98-Xgc9 L109-Cr_4 L120-Nak7 L131-Dbm7 L142-Hgu1 L149-Sfq1 L44-Hni4 L55-Zfq9 L66-Gmg3 L77-Ege4 L88-Bia4 L99-Guz2 L110-F_n8 L121-Y_s1 L132-Qsk3 L143-Na_5 L150-Zpz0
L1-Yrd4 L12-Wjs8 L23-Icp0 L34-Vlr3 L45-Ntp4 L56-Enf3 L67-W_x0 L78-Iit7 L89-Pjf3 L100-D_k3 L111-Gcs2 L122-Fyc3 L133-Rhq9 L2-Jqv3 L13-R_s0 L24-Nhn3 L35-Keq7 L46-Bct6 L57-Me_4 L68-Twa4 L79-Mhj1 L90-Ccq6 L101-Njj5 L112-Qum2 L123-Wsn1 L134-Dby0 L3-Wvr3 L14-Rim3 L25-Dus0 L36-Kue5 L47-Hve1 L58-J_x6 L69-Qnt3 L80-Fnh6 L91-Zk_4 L102-Aai6 L113-Fog5 L124-Ter9 L135-Xcs2 L15-Hni4 L26-Fck9 L37-Cvi4 L48-Vvf2 L59-Hrd4 L70-Onz5 L81-Jxg4 L92-Bbt4 L103-Ray3 L114-Kej2 L125-K_m0 L136-Dkl4 L27-Hni4 L38-Ffk3 L49-Keu6 L60-Odk5 L71-Gyw0 L82-Qvz2 L93-Ish4 L104-Cgx7 L115-Ino2 L126-Czu6 L137-Jcc4 L144-Vo_5 L28-Hni4 L39-Nc_7 L50-Z_d8 L61-Uli5 L72-H_w5 L83-Wfc1 L94-H_t7 L105-D_j5 L116-Mwl7 L127-Fec8 L138-Ezn9 L145-Wpa7 L40-Hni4 L51-Bi_0 L62-Pte5 L73-Abx8 L84-Mo_9 L95-Ffj0 L106-Czx7 L117-Csz9 L128-Uv_1 L139-Erc5 L146-Rbe5 L41-Hni4 L52-Rtc9 L63-Fko6 L74-Rii3 L85-Qyi3 L96-Rwg2 L107-Rak4 L118-Xqf5 L129-Xhh4 L140-Znt5 L147-Zeo7 L42-Hni4 L53-Idh5 L64-Wna0 L75-Qru2 L86-Zce3 L97-Duh6 L108-Ks_0 L119-Uuu8 L130-Ofs8 L141-Wau9 L148-Ojq3 L54-Hni4 L65-Qov6 L76-Ivp4 L87-Elt2 L98-Sii1 L109-Xgc9 L120-Cr_4 L131-Nak7 L142-Dbm7 L149-Hgu1 L55-Hni4 L66-Zfq9 L77-Gmg3 L88-Ege4 L99-Bia4 L110-Guz2 L121-F_n8 L132-Y_s1 L143-Qsk3 L150-Na_5
L1-Fmj3 L12-Yrd4 L23-Wjs8 L34-Icp0 L45-Vlr3 L56-Ntp4 L67-Enf3 L78-W_x0 L89-Iit7 L100-Pjf3 L111-D_k3 L122-Gcs2 L133-Fyc3 L2-F_c1 L13-Jqv3 L24-R_s0 L35-Nhn3 L46-Keq7 L57-Bct6 L68-Me_4 L79-Twa4 L90-Mhj1 L101-Ccq6 L112-Njj5 L123-Qum2 L134-Wsn1 L3-Hni4 L14-Wvr3 L25-Rim3 L36-Dus0 L47-Kue5 L58-Hve1 L69-J_x6 L80-Qnt3 L91-Fnh6 L102-Zk_4 L113-Aai6 L124-Fog5 L135-Ter9 L26-Hni4 L37-Fck9 L48-Cvi4 L59-Vvf2 L70-Hrd4 L81-Onz5 L92-Jxg4 L103-Bbt4 L114-Ray3 L125-Kej2 L136-K_m0 L38-Hni4 L49-Ffk3 L60-Keu6 L71-Odk5 L82-Gyw0 L93-Qvz2 L104-Ish4 L115-Cgx7 L126-Ino2 L137-Czu6 L144-Jcc4 L39-Hni4 L50-Nc_7 L61-Z_d8 L72-Uli5 L83-H_w5 L94-Wfc1 L105-H_t7 L116-D_j5 L127-Mwl7 L138-Fec8 L145-Ezn9 L51-Hni4 L62-Bi_0 L73-Pte5 L84-Abx8 L95-Mo_9 L106-Ffj0 L117-Czx7 L128-Csz9 L139-Uv_1 L146-Erc5 L52-Hni4 L63-Rtc9 L74-Fko6 L85-Rii3 L96-Qyi3 L107-Rwg2 L118-Rak4 L129-Xqf5 L140-Xhh4 L147-Znt5 L53-Hni4 L64-Idh5 L75-Wna0 L86-Qru2 L97-Zce3 L108-Duh6 L119-Ks_0 L130-Uuu8 L141-Ofs8 L148-Wau9 L65-Hni4 L76-Qov6 L87-Ivp4 L98-Elt2 L109-Sii1 L120-Xgc9 L131-Cr_4 L142-Nak7 L149-Dbm7 L66-Hni4 L77-Zfq9 L88-Gmg3 L99-Ege4 L110-Bia4 L121-Guz2 L132-F_n8 L143-Y_s1 L150-Qsk3
L1-Hni4 L12-Fmj3 L23-Yrd4 L34-Wjs8 L45-Icp0 L56-Vlr3 L67-Ntp4 L78-Enf3 L89-W_x0 L100-Iit7 L111-Pjf3 L122-D_k3 L133-Gcs2 L2-Hni4 L13-F_c1 L24-Jqv3 L35-R_s0 L46-Nhn3 L57-Keq7 L68-Bct6 L79-Me_4 L90-Twa4 L101-Mhj1 L112-Ccq6 L123-Njj5 L134-Qum2 L14-Hni4 L25-Wvr3 L36-Rim3 L47-Dus0 L58-Kue5 L69-Hve1 L80-J_x6 L91-Qnt3 L102-Fnh6 L113-Zk_4 L124-Aai6 L135-Fog5 L37-Hni4 L48-Fck9 L59-Cvi4 L70-Vvf2 L81-Hrd4 L92-Onz5 L103-Jxg4 L114-Bbt4 L125-Ray3 L136-Kej2 L49-Hni4 L60-Ffk3 L71-Keu6 L82-Odk5 L93-Gyw0 L104-Qvz2 L115-Ish4 L126-Cgx7 L137-Ino2 L144-Czu6 L50-Hni4 L61-Nc_7 L72-Z_d8 L83-Uli5 L94-H_w5 L105-Wfc1 L116-H_t7 L127-D_j5 L138-Mwl7 L145-Fec8 L62-Hni4 L73-Bi_0 L84-Pte5 L95-Abx8 L106-Mo_9 L117-Ffj0 L128-Czx7 L139-Csz9 L146-Uv_1 L63-Hni4 L74-Rtc9 L85-Fko6 L96-Rii3 L107-Qyi3 L118-Rwg2 L129-Rak4 L140-Xqf5 L147-Xhh4 L64-Hni4 L75-Idh5 L86-Wna0 L97-Qru2 L108-Zce3 L119-Duh6 L130-Ks_0 L141-Uuu8 L148-Ofs8 L76-Hni4 L87-Qov6 L98-Ivp4 L109-Elt2 L120-Sii1 L131-Xgc9 L142-Cr_4 L149-Nak7 L77-Hni4 L88-Zfq9 L99-Gmg3 L110-Ege4 L121-Bia4 L132-Guz2 L143-F_n8 L150-Y_s1
L12-Hni4 L23-Fmj3 L34-Yrd4 L45-Wjs8 L56-Icp0 L67-Vlr3 L78-Ntp4 L89-Enf3 L100-W_x0 L111-Iit7 L122-Pjf3 L133-D_k3 L13-Hni4 L24-F_c1 L35-Jqv3 L46-R_s0 L57-Nhn3 L68-Keq7 L79-Bct6 L90-Me_4 L101-Twa4 L112-Mhj1 L123-Ccq6 L134-Njj5 L25-Hni4 L36-Wvr3 L47-Rim3 L58-Dus0 L69-Kue5 L80-Hve1 L91-J_x6 L102-Qnt3 L113-Fnh6 L124-Zk_4 L135-Aai6 L48-Hni4 L59-Fck9 L70-Cvi4 L81-Vvf2 L92-Hrd4 L103-Onz5 L114-Jxg4 L125-Bbt4 L136-Ray3 L60-Hni4 L71-Ffk3 L82-Keu6 L93-Odk5 L104-Gyw0 L115-Qvz2 L126-Ish4 L137-Cgx7 L144-Ino2 L61-Hni4 L72-Nc_7 L83-Z_d8 L94-Uli5 L105-H_w5 L116-Wfc1 L127-H_t7 L138-D_j5 L145-Mwl7 L73-Hni4 L84-Bi_0 L95-Pte5 L106-Abx8 L117-Mo_9 L128-Ffj0 L139-Czx7 L146-Csz9 L74-Hni4 L85-Rtc9 L96-Fko6 L107-Rii3 L118-Qyi3 L129-Rwg2 L140-Rak4 L147-Xqf5 L75-Hni4 L86-Idh5 L97-Wna0 L108-Qru2 L119-Zce3 L130-Duh6 L141-Ks_0 L148-Uuu8 L87-Hni4 L98-Qov6 L109-Ivp4 L120-Elt2 L131-Sii1 L142-Xgc9 L149-Cr_4 L88-Hni4 L99-Zfq9 L110-Gmg3 L121-Ege4 L132-Bia4 L143-Guz2 L150-F_n8
L23-Hni4 L34-Fmj3 L45-Yrd4 L56-Wjs8 L67-Icp0 L78-Vlr3 L89-Ntp4 L100-Enf3 L111-W_x0 L122-Iit7 L133-Pjf3 L24-Hni4 L35-F_c1 L46-Jqv3 L57-R_s0 L68-Nhn3 L79-Keq7 L90-Bct6 L101-Me_4 L112-Twa4 L123-Mhj1 L134-Ccq6 L36-Hni4 L47-Wvr3 L58-Rim3 L69-Dus0 L80-Kue5 L91-Hve1 L102-J_x6 L113-Qnt3 L124-Fnh6 L135-Zk_4 L59-Hni4 L70-Fck9 L81-Cvi4 L92-Vvf2 L103-Hrd4 L114-Onz5 L125-Jxg4 L136-Bbt4 L71-Hni4 L82-Ffk3 L93-Keu6 L104-Odk5 L115-Gyw0 L126-Qvz2 L137-Ish4 L144-Cgx7 L72-Hni4 L83-Nc_7 L94-Z_d8 L105-Uli5 L116-H_w5 L127-Wfc1 L138-H_t7 L145-D_j5 L84-Hni4 L95-Bi_0 L106-Pte5 L117-Abx8 L128-Mo_9 L139-Ffj0 L146-Czx7 L85-Hni4 L96-Rtc9 L107-Fko6 L118-Rii3 L129-Qyi3 L140-Rwg2 L147-Rak4 L86-Hni4 L97-Idh5 L108-Wna0 L119-Qru2 L130-Zce3 L141-Duh6 L148-Ks_0 L98-Hni4 L109-Qov6 L120-Ivp4 L131-Elt2 L142-Sii1 L149-Xgc9 L99-Hni4 L110-Zfq9 L121-Gmg3 L132-Ege4 L143-Bia4 L150-Guz2
L34-Hni4 L45-Fmj3 L56-Yrd4 L67-Wjs8 L78-Icp0 L89-Vlr3 L100-Ntp4 L111-Enf3 L122-W_x0 L133-Iit7 L35-Hni4 L46-F_c1 L57-Jqv3 L68-R_s0 L79-Nhn3 L90-Keq7 L101-Bct6 L112-Me_4 L123-Twa4 L134-Mhj1 L47-Hni4 L58-Wvr3 L69-Rim3 L80-Dus0 L91-Kue5 L102-Hve1 L113-J_x6 L124-Qnt3 L135-Fnh6 L70-Hni4 L81-Fck9 L92-Cvi4 L103-Vvf2 L114-Hrd4 L125-Onz5 L136-Jxg4 L82-Hni4 L93-Ffk3 L104-Keu6 L115-Odk5 L126-Gyw0 L137-Qvz2 L144-Ish4 L83-Hni4 L94-Nc_7 L105-Z_d8 L116-Uli5 L127-H_w5 L138-Wfc1 L145-H_t7 L95-Hni4 L106-Bi_0 L117-Pte5 L128-Abx8 L139-Mo_9 L146-Ffj0 L96-Hni4 L107-Rtc9 L118-Fko6 L129-Rii3 L140-Qyi3 L147-Rwg2 L97-Hni4 L108-Idh5 L119-Wna0 L130-Qru2 L141-Zce3 L148-Duh6 L109-Hni4 L120-Qov6 L131-Ivp4 L142-Elt2 L149-Sii1 L110-Hni4 L121-Zfq9 L132-Gmg3 L143-Ege4 L150-Bia4
L45-Hni4 L56-Fmj3 L67-Yrd4 L78-Wjs8 L89-Icp0 L100-Vlr3 L111-Ntp4 L122-Enf3 L133-W_x0 L46-Hni4 L57-F_c1 L68-Jqv3 L79-R_s0 L90-Nhn3 L101-Keq7 L112-Bct6 L123-Me_4 L134-Twa4 L58-Hni4 L69-Wvr3 L80-Rim3 L91-Dus0 L102-Kue5 L113-Hve1 L124-J_x6 L135-Qnt3 L81-Hni4 L92-Fck9 L103-Cvi4 L114-Vvf2 L125-Hrd4 L136-Onz5 L93-Hni4 L104-Ffk3 L115-Keu6 L126-Odk5 L137-Gyw0 L144-Qvz2 L94-Hni4 L105-Nc_7 L116-Z_d8 L127-Uli5 L138-H_w5 L145-Wfc1 L106-Hni4 L117-Bi_0 L128-Pte5 L139-Abx8 L146-Mo_9 L107-Hni4 L118-Rtc9 L129-Fko6 L140-Rii3 L147-Qyi3 L108-Hni4 L119-Idh5 L130-Wna0 L141-Qru2 L148-Zce3 L120-Hni4 L131-Qov6 L142-Ivp4 L149-Elt2 L121-Hni4 L132-Zfq9 L143-Gmg3 L150-Ege4
L56-Hni4 L67-Fmj3 L78-Yrd4 L89-Wjs8 L100-Icp0 L111-Vlr3 L122-Ntp4 L133-Enf3 L57-Hni4 L68-F_c1 L79-Jqv3 L90-R_s0 L101-Nhn3 L112-Keq7 L123-Bct6 L134-Me_4 L69-Hni4 L80-Wvr3 L91-Rim3 L102-Dus0 L113-Kue5 L124-Hve1 L135-J_x6 L92-Hni4 L103-Fck9 L114-Cvi4 L125-Vvf2 L136-Hrd4 L104-Hni4 L115-Ffk3 L126-Keu6 L137-Odk5 L144-Gyw0 L105-Hni4 L116-Nc_7 L127-Z_d8 L138-Uli5 L145-H_w5 L117-Hni4 L128-Bi_0 L139-Pte5 L146-Abx8 L118-Hni4 L129-Rtc9 L140-Fko6 L147-Rii3 L119-Hni4 L130-Idh5 L141-Wna0 L148-Qru2 L131-Hni4 L142-Qov6 L149-Ivp4 L132-Hni4 L143-Zfq9 L150-Gmg3
L67-Hni4 L78-Fmj3 L89-Yrd4 L100-Wjs8 L111-Icp0 L122-Vlr3 L133-Ntp4 L68-Hni4 L79-F_c1 L90-Jqv3 L101-R_s0 L112-Nhn3 L123-Keq7 L134-Bct6 L80-Hni4 L91-Wvr3 L102-Rim3 L113-Dus0 L124-Kue5 L135-Hve1 L103-Hni4 L114-Fck9 L125-Cvi4 L136-Vvf2 L115-Hni4 L126-Ffk3 L137-Keu6 L144-Odk5 L116-Hni4 L127-Nc_7 L138-Z_d8 L145-Uli5 L128-Hni4 L139-Bi_0 L146-Pte5 L129-Hni4 L140-Rtc9 L147-Fko6 L130-Hni4 L141-Idh5 L148-Wna0 L142-Hni4 L149-Qov6 L143-Hni4 L150-Zfq9
L78-Hni4 L89-Fmj3 L100-Yrd4 L111-Wjs8 L122-Icp0 L133-Vlr3 L79-Hni4 L90-F_c1 L101-Jqv3 L112-R_s0 L123-Nhn3 L134-Keq7 L91-Hni4 L102-Wvr3 L113-Rim3 L124-Dus0 L135-Kue5 L114-Hni4 L125-Fck9 L136-Cvi4 L126-Hni4 L137-Ffk3 L144-Keu6 L127-Hni4 L138-Nc_7 L145-Z_d8 L139-Hni4 L146-Bi_0 L140-Hni4 L147-Rtc9 L141-Hni4 L148-Idh5 L149-Hni4 L150-Hni4
L89-Hni4 L100-Fmj3 L111-Yrd4 L122-Wjs8 L133-Icp0 L90-Hni4 L101-F_c1 L112-Jqv3 L123-R_s0 L134-Nhn3 L102-Hni4 L113-Wvr3 L124-Rim3 L135-Dus0 L125-Hni4 L136-Fck9 L137-Hni4 L144-Ffk3 L138-Hni4 L145-Nc_7 L146-Hni4 L147-Hni4 L148-Hni4
L100-Hni4 L111-Fmj3 L122-Yrd4 L133-Wjs8 L101-Hni4 L112-F_c1 L123-Jqv3 L134-R_s0 L113-Hni4 L124-Wvr3 L135-Rim3 L136-Hni4 L144-Hni4 L145-Hni4
L111-Hni4 L122-Fmj3 L133-Yrd4 L112-Hni4 L123-F_c1 L134-Jqv3 L124-Hni4 L135-Wvr3
L122-Hni4 L133-Fmj3 L123-Hni4 L134-F_c1 L135-Hni4
L133-Hni4 L134-Hni4
