113
#Here is the number of lines required: 32
##start
Dwj0 3 3
##end
Mzm8 6 6
Zuk0 7 7
Ghn4 8 8
A_f1 12 12
Gws8 14 14
Jp_0 18 18
Nsb1 21 21
Wkb3 24 24
Ils5 29 29
Chr4 30 30
B_t8 34 34
Gx_0 37 37
Q_n2 42 42
Pmg3 46 46
Npe5 50 50
Bdp3 53 53
R_m8 56 56
Kph6 58 58
Kar3 63 63
Xzg8 66 66
Ynk4 69 69
Wlq7 72 72
Cbl0 74 74
N__5 77 77
Sfa9 80 80
Mma7 84 84
Upr5 87 87
Een3 90 90
Hbt2 93 93
Thl1 96 96
Iij8 99 99
T_d1 103 103
Sms7 106 106
Pwd8 111 111
Fro3 114 114
Xn_7 117 117
Qlz0 120 120
Ztv0 122 122
Mny8 126 126
Fud2 128 128
Nuv3 132 132
Jgq2 136 136
Wqr2 139 139
Yma8 143 143
Ca_6 145 145
Mqu7 148 148
Qij3 149 149
Nwi9 153 153
Aox6 155 155
Ydx4 156 156
Gyy6 160 160
X_p3 165 165
Fko6 167 167
Xbt5 169 169
Vxl5 171 171
Kd_8 176 176
Ysm4 178 178
Uzh6 181 181
Qy_2 183 183
Brn0 185 185
Pze3 188 188
Jvx3 190 190
Weq8 193 193
Jlx0 195 195
Jpb8 198 198
Cxx6 201 201
Scs7 205 205
Heh1 208 208
Zf_0 209 209
Zzd1 211 211
Va_9 213 213
Mzy1 215 215
Ylu5 216 216
S_h8 219 219
Ium7 222 222
D_e8 227 227
Mur4 228 228
Xu_1 232 232
R__2 235 235
Pda4 238 238
Vva3 242 242
Kip6 246 246
I_u1 251 251
Vks4 253 253
Poy0 255 255
Zhz3 259 259
Nil3 262 262
Ji_7 265 265
Gdp2 266 266
Abj2 270 270
Ojn5 275 275
Nja1 277 277
Fdd9 279 279
Yq_1 282 282
Owi2 285 285
I__9 289 289
Cir5 291 291
Eqx8 293 293
Abb3 297 297
Ktf6 300 300
Ttt3 304 304
Ntr7 306 306
Nle4 309 309
Vbg0 312 312
War5 315 315
R_h4 317 317
Qfs4 321 321
Qox7 325 325
Akg5 330 330
Arm0 333 333
G__4 335 335
Rlz0 337 337
Jsn7 339 339
Wdq1 341 341
Baj8 344 344
Xep4 345 345
Edm3 349 349
M_b7 353 353
Fpr8 355 355
N_h3 358 358
Odl6 360 360
V_e9 362 362
Pdx9 365 365
Eo_1 368 368
Xce4 373 373
Qxw9 378 378
Nsw5 380 380
Hsx7 384 384
Pjp5 386 386
Wvs3 389 389
Cjf3 392 392
Wgx0 396 396
Pdn5 398 398
Bwy2 403 403
Wcd6 407 407
F_s9 411 411
Eic1 413 413
Bxe2 416 416
Qs_8 419 419
Cza5 424 424
Ala9 428 428
Yub6 429 429
Wph2 433 433
Euv0 435 435
Hga1 438 438
Kah4 441 441
Bpd3 445 445
V_p1 448 448
Btr9 450 450
Hwg0 453 453
Wps4 456 456
Zie5 461 461
Jby7 464 464
Cqr6 469 469
Wrx4 471 471
Ehm1 474 474
Jqn1 477 477
Mfe0 480 480
Jjs4 484 484
Hit2 486 486
Aye3 487 487
Dxh1 490 490
Niq7 492 492
Ptc0 496 496
Wvc5 500 500
Jxj1 501 501
F_b9 503 503
Vor3 506 506
Ylg4 509 509
Vit7 512 512
Gyz6 515 515
Frc3 516 516
Wnv0 518 518
Dob9 519 519
Uof1 523 523
Mab3 525 525
Ktz9 528 528
Ieo5 531 531
Ngp0 534 534
Ziu4 536 536
Yna4 541 541
Dr_1 544 544
Pev5 545 545
Yvw2 547 547
Hzj6 551 551
Myb5 554 554
W_g7 558 558
Dkc4 562 562
Skq3 564 564
Iqa1 568 568
Por8 571 571
Nkf0 574 574
Hxn0 579 579
Yzr4 584 584
Egv8 588 588
Jh_1 589 589
Zww5 593 593
Fkh2 596 596
Hbr8 601 601
Dc_6 602 602
Cez7 604 604
Tno8 607 607
Kxj5 611 611
Eso6 613 613
Fx_7 614 614
Ajz9 617 617
Jha2 620 620
Vid1 621 621
Flk5 623 623
Goa5 624 624
Xw_5 629 629
Wrr2 634 634
Haf9 637 637
Esd8 640 640
Bwg1 642 642
Oud1 646 646
Oko8 649 649
V_l2 652 652
Saz5 654 654
Sga2 656 656
Swu8 660 660
Dwr5 662 662
Hpr8 664 664
Sul0 668 668
Amf3 673 673
R_w5 677 677
Vff0 679 679
Mha8 684 684
Hc_8 688 688
Att3 690 690
T_h4 694 694
Tvy1 696 696
Xus6 698 698
T_j1 701 701
M__7 704 704
Ubn1 707 707
Vcb8 711 711
Nwb0 715 715
Wkm7 719 719
Nve1 723 723
Pg_8 725 725
Oft2 728 728
Amb8 730 730
Wjs2 732 732
Moy4 737 737
Hfl6 739 739
T_e9 742 742
Pj_0 745 745
Fia0 748 748
Pby7 752 752
Byu3 756 756
Zls5 760 760
Kv_3 763 763
Dsi7 766 766
Pgo6 770 770
Dpk0 773 773
Yca9 776 776
Gkr1 777 777
Vak9 780 780
Hpx3 784 784
Kjw9 789 789
Bqu1 791 791
Htd8 794 794
Tdd8 797 797
Rgv2 801 801
Zdj9 803 803
Yud1 807 807
Bbz0 811 811
Pnm5 815 815
Tca7 816 816
Cxc1 819 819
Cbm8 821 821
Pma2 824 824
Kqh2 826 826
Ha_7 828 828
Cfm8 829 829
O_q0 833 833
Gji7 836 836
Her8 838 838
Way8 842 842
Kpn2 844 844
Peb0 847 847
Y_a8 850 850
Kyr8 854 854
Qjx1 857 857
Rod7 859 859
Box1 861 861
Eyr1 866 866
Gtt3 869 869
Yrb7 873 873
Wxf6 876 876
Day5 878 878
Oxu9 881 881
Ywc6 885 885
Hli6 886 886
Cdq2 890 890
Oyy9 891 891
Oju0 895 895
Md_0 900 900
Uiu0 904 904
H_t5 905 905
Yci3 908 908
Onk9 912 912
Uoe4 916 916
Irz2 921 921
Yad7 922 922
Mxo1 925 925
Iw_7 928 928
Owg2 931 931
Tzn3 933 933
Jdi5 936 936
Vkz1 941 941
Xqf1 943 943
Cix2 948 948
Nnn0 950 950
Kfh1 953 953
Zu_8 957 957
Ijk9 958 958
Px_9 961 961
Ktc2 965 965
Kvp1 966 966
W_n9 971 971
Wrr7 975 975
Kjc1 980 980
Fev7 982 982
Uax9 985 985
Eqm4 990 990
Vhm6 995 995
W_j9 998 998
Xbb4 999 999
Ufe7 1002 1002
Jsn6 1003 1003
Wno8 1007 1007
Eyh5 1011 1011
Wta5 1015 1015
Pqn6 1019 1019
Sj_3 1022 1022
Pks4 1023 1023
Jya4 1027 1027
Whd3 1030 1030
I_w8 1033 1033
I__2 1037 1037
Wgc0 1041 1041
Fvf7 1045 1045
Fnt7 1049 1049
V_i0 1054 1054
Bco5 1055 1055
Abk8 1060 1060
Iph8 1063 1063
Xmp9 1067 1067
W_e5 1070 1070
Gzg5 1073 1073
Ifl1 1078 1078
Etc8 1080 1080
Gnt4 1082 1082
Hqg3 1086 1086
Psl4 1090 1090
Nab3 1094 1094
Fob1 1098 1098
Rzl2 1101 1101
Hmx4 1103 1103
Qgp9 1106 1106
Prp2 1107 1107
R_s8 1108 1108
Dws9 1110 1110
Kks9 1113 1113
Zrv7 1117 1117
Uvr3 1121 1121
Bmp8 1124 1124
Kbh1 1129 1129
Nhl0 1132 1132
Vfk4 1135 1135
Cro1 1138 1138
Qdl1 1142 1142
Izy4 1146 1146
Grh1 1151 1151
E_y1 1154 1154
O_j6 1158 1158
Rjx7 1162 1162
Cur2 1163 1163
Wco1 1165 1165
Ccn0 1168 1168
X_n6 1170 1170
Odr0 1174 1174
Evt3 1176 1176
Ekh2 1178 1178
Vfk2 1181 1181
Uka9 1184 1184
Zrw5 1186 1186
Cwu5 1188 1188
Yec2 1190 1190
Rmt3 1194 1194
Q_t3 1197 1197
Drb5 1202 1202
Jop6 1205 1205
Xv_1 1209 1209
Uoo2 1212 1212
Dac6 1217 1217
Qsc9 1218 1218
G_e9 1221 1221
Ynx3 1222 1222
Mcw0 1223 1223
Nnh5 1226 1226
Rgz4 1227 1227
Obk0 1231 1231
Qum9 1236 1236
Kgr0 1240 1240
Quf2 1242 1242
Mhx9 1246 1246
Xsh5 1249 1249
D_z9 1253 1253
Uss4 1255 1255
Kok2 1257 1257
Xtb0 1261 1261
Hgr6 1265 1265
Ivb2 1267 1267
Qb_8 1270 1270
Dre5 1273 1273
Eri6 1276 1276
Frt3 1279 1279
Dxx2 1282 1282
U_r7 1284 1284
Wnr9 1286 1286
Dos3 1289 1289
Qze6 1291 1291
Ntn2 1292 1292
Iif2 1294 1294
God2 1298 1298
Hcu3 1301 1301
Tcf6 1303 1303
Ang8 1306 1306
Qbs4 1311 1311
Xuh6 1314 1314
Gnm9 1319 1319
Yac0 1323 1323
Tc_6 1326 1326
Fku0 1331 1331
Ymv4 1333 1333
Uh_9 1338 1338
Enh3 1341 1341
Sjb4 1345 1345
Aoo3 1348 1348
Axi0 1350 1350
I_j9 1353 1353
Jiu1 1357 1357
Rz_1 1360 1360
Tpk1 1364 1364
Yvk8 1367 1367
Nqo2 1370 1370
Aiq1 1373 1373
Ard0 1376 1376
Yhf4 1380 1380
Qwr6 1383 1383
Kgd4 1388 1388
Tjo2 1390 1390
Wbo2 1392 1392
Brv5 1394 1394
Vxm9 1399 1399
Xvl1 1401 1401
Ysf6 1404 1404
Jag9 1405 1405
Pqz4 1409 1409
Rly1 1411 1411
Xzs0 1415 1415
Sfq9 1417 1417
Bkq7 1419 1419
Ojl5 1421 1421
Iox8 1425 1425
Trn8 1428 1428
Rdp0 1433 1433
Yfi5 1437 1437
Dik8 1438 1438
Hrs8 1442 1442
Dnk8 1446 1446
Rab9 1451 1451
Wyz3 1454 1454
Wik8 1455 1455
Cci1 1459 1459
Qzw2 1463 1463
Jej4 1467 1467
Bgj1 1468 1468
Ome4 1470 1470
Poj8 1472 1472
Bm_5 1476 1476
S_w1 1479 1479
Wbz0 1482 1482
Cwi4 1483 1483
Xmh2 1485 1485
Hpn5 1487 1487
Zoo0 1490 1490
Tmx8 1494 1494
Jge7 1497 1497
Akf2 1500 1500
Mvj0 1503 1503
Mkb4 1505 1505
Xbj7 1507 1507
Hwb8 1511 1511
Tqh9 1514 1514
Qg_1 1518 1518
Bgw3 1520 1520
Hzg0 1523 1523
Evw8 1528 1528
Mww2 1531 1531
Ttu4 1533 1533
Joy9 1536 1536
Zoa3 1537 1537
Eit6 1538 1538
Zhw7 1543 1543
Ai_6 1547 1547
J__0 1548 1548
Rdx3 1550 1550
Thq0 1555 1555
Tpe5 1560 1560
T_k2 1565 1565
A_f1-Zuk0
Jya4-Tpe5
Wkb3-Rdx3
Uiu0-Ghn4
Pze3-J__0
Upr5-Ai_6
O_q0-A_f1
Kgd4-Zoa3
Xep4-Jp_0
Wgx0-Ils5
Hbt2-Evw8
Dr_1-Chr4
Wgx0-Gx_0
Hbt2-Pmg3
Yub6-Bgw3
Odl6-Tqh9
Qdl1-Kph6
T_j1-Wlq7
Wta5-Cbl0
Jsn6-Akf2
Rod7-Sfa9
Ijk9-Tmx8
Cfm8-Zoo0
X_p3-Xmh2
Haf9-Upr5
Aye3-Cwi4
Ptc0-Een3
Xep4-Thl1
Jsn7-Bm_5
Pwd8-Iij8
Vor3-Ome4
Etc8-Bgj1
Vak9-Jej4
Uvr3-Pwd8
Wdq1-Xn_7
Mfe0-Wik8
Gyy6-Mny8
Ntn2-Fud2
Nja1-Yfi5
Prp2-Trn8
Dpk0-Iox8
Onk9-Ojl5
Yac0-Wqr2
Jsn7-Sfq9
Pjp5-Pqz4
Odl6-Ca_6
Nve1-Qij3
Yud1-Ysf6
Tc_6-Vxm9
D_e8-Nwi9
Ccn0-Wbo2
Mxo1-Aox6
Vhm6-Ydx4
Jha2-Tjo2
Nle4-X_p3
Skq3-Fko6
Dpk0-Ard0
Sj_3-Aiq1
Rgv2-Xbt5
Qze6-Nqo2
Ajz9-Vxl5
Qgp9-Rz_1
Uh_9-Enh3
Brn0-Ymv4
Weq8-Jvx3
Jlx0-Tc_6
Xuh6-Gnm9
Ang8-Cxx6
Tcf6-Ang8
Ntn2-Heh1
Mzy1-Va_9
Wnr9-Mzy1
U_r7-Mzm8
Ium7-S_h8
Dxx2-Ium7
Frt3-Dxx2
Qb_8-Dre5
Xtb0-Hgr6
Xu_1-Mur4
Pda4-Kok2
D_z9-Uss4
Xsh5-D_z9
Mhx9-Xsh5
Qum9-Kgr0
Obk0-Kip6
Rgz4-I_u1
Vks4-Rgz4
Poy0-Vks4
Nil3-Nnh5
Mcw0-Gdp2
Ynx3-Mcw0
Abj2-Qsc9
Dwj0-Nja1
Yq_1-Fdd9
I__9-Owi2
Xv_1-Eqx8
Jop6-Xv_1
Drb5-Jop6
Rmt3-Q_t3
Yec2-Rmt3
Abb3-Yec2
Ttt3-Cwu5
Ntr7-Ttt3
Nle4-Ntr7
Vbg0-Nle4
Zrw5-Vbg0
War5-Uka9
Vfk2-War5
R_h4-Ekh2
Evt3-R_h4
X_n6-Odr0
Akg5-Qox7
Wco1-Ccn0
Cur2-G__4
Rlz0-Cur2
O_j6-Xep4
E_y1-O_j6
Grh1-E_y1
N_h3-Fpr8
V_e9-Cro1
Kbh1-Nhl0
Eo_1-Kbh1
Xce4-Eo_1
Nsw5-Qxw9
Uvr3-Nsw5
Wvs3-Pjp5
Wgx0-Cjf3
Wcd6-Zrv7
Kks9-Wcd6
Dws9-Kks9
R_s8-F_s9
Qgp9-Prp2
Bxe2-Eic1
Qs_8-Bxe2
Hmx4-Cza5
Ala9-Rzl2
Hga1-Nab3
Psl4-Hga1
Hqg3-Psl4
Kah4-Etc8
Dwj0-Kah4
Ifl1-Mzm8
V_p1-Xmp9
Iph8-V_p1
Abk8-Iph8
V_i0-Bco5
Btr9-V_i0
Hwg0-Btr9
Wps4-Hwg0
Zie5-Fnt7
Fvf7-Zie5
Cqr6-Jby7
Wrx4-Cqr6
Ehm1-Wrx4
Wgc0-Ehm1
Hit2-Jjs4
Aye3-Hit2
Dxh1-Aye3
Niq7-Dxh1
I_w8-Wvc5
Jxj1-I_w8
F_b9-Jxj1
Vor3-F_b9
Ylg4-Bqu1
Vit7-Ylg4
Whd3-Vit7
Frc3-Sj_3
Wnv0-Frc3
Eyh5-Wta5
Ngp0-Ieo5
Wno8-Ngp0
Ziu4-Wno8
Jsn6-Ziu4
Ufe7-Yna4
Dr_1-Ufe7
Vhm6-W_j9
Eqm4-Vhm6
Uax9-Hzj6
Myb5-Uax9
Fev7-Myb5
Wrr7-Kjc1
Dkc4-Wrr7
Skq3-Dkc4
W_n9-Por8
Kvp1-W_n9
Nkf0-Kvp1
Hxn0-Px_9
Zu_8-Ijk9
Yzr4-Zu_8
Egv8-Yzr4
Kfh1-Egv8
Xqf1-Cix2
Tzn3-Mzm8
Hbr8-Mxo1
Yad7-Hbr8
Tno8-Cez7
Kxj5-Tno8
Eso6-Kxj5
Fx_7-Uoe4
Onk9-Fx_7
Ajz9-Yci3
Uiu0-Mzm8
Md_0-Uiu0
Oyy9-Oju0
Goa5-Oyy9
Cdq2-Goa5
Xw_5-Cdq2
Bwg1-Esd8
Ywc6-Bwg1
Day5-Oxu9
Yrb7-Wxf6
Saz5-Yrb7
Sga2-Saz5
Gtt3-Swu8
Eyr1-Gtt3
Hpr8-Dwr5
Sul0-Hpr8
Amf3-Sul0
Vff0-R_w5
Mha8-Vff0
Hc_8-Mha8
Dwj0-Att3
T_h4-Mzm8
Ubn1-M__7
Rod7-Ubn1
Nwb0-Vcb8
Nve1-Qjx1
Kyr8-Nve1
Pg_8-Peb0
Oft2-Kpn2
Way8-Wjs2
Moy4-Way8
Dwj0-Moy4
Her8-Mzm8
Gji7-Her8
Fia0-Pj_0
Cfm8-Pby7
Dsi7-Kv_3
Dwj0-Dpk0
Pma2-Kqh2
Gkr1-Pma2
Cbm8-Gkr1
Pnm5-Tca7
Bbz0-Pnm5
Yud1-Bbz0
Zdj9-Yud1
Rgv2-Zdj9
Htd8-Tdd8
Vak9-Htd8
Kjw9-Hpx3
Dwj0-Kjw9
Hpx3-Vak9
Tdd8-Rgv2
Tca7-Cxc1
Cxc1-Cbm8
Kqh2-Yca9
Yca9-Mzm8
Dpk0-Pgo6
Pgo6-Dsi7
Kv_3-Zls5
Zls5-Ha_7
Ha_7-Byu3
Byu3-Cfm8
Pby7-Fia0
Pj_0-T_e9
T_e9-O_q0
O_q0-Hfl6
Hfl6-Gji7
Wjs2-Amb8
Amb8-Oft2
Kpn2-Pg_8
Peb0-Y_a8
Y_a8-Kyr8
Qjx1-Wkm7
Wkm7-Nwb0
Vcb8-Rod7
M__7-T_j1
T_j1-Xus6
Xus6-Box1
Box1-Tvy1
Tvy1-T_h4
Att3-Hc_8
R_w5-Amf3
Dwr5-Eyr1
Swu8-Sga2
Wxf6-Mzm8
Dwj0-V_l2
V_l2-Oko8
Oko8-Oud1
Oud1-Day5
Oxu9-Ywc6
Esd8-Haf9
Haf9-Hli6
Hli6-Wrr2
Wrr2-Xw_5
Oju0-Md_0
Dwj0-H_t5
H_t5-Flk5
Flk5-Vid1
Vid1-Jha2
Jha2-Ajz9
Yci3-Onk9
Uoe4-Eso6
Cez7-Dc_6
Dc_6-Irz2
Irz2-Yad7
Mxo1-Iw_7
Iw_7-Fkh2
Fkh2-Owg2
Owg2-Zww5
Zww5-Tzn3
Dwj0-Jdi5
Jdi5-Vkz1
Vkz1-Xqf1
Cix2-Jh_1
Jh_1-Nnn0
Nnn0-Kfh1
Ijk9-Hxn0
Px_9-Ktc2
Ktc2-Nkf0
Por8-Iqa1
Iqa1-Mzm8
Dwj0-Skq3
Kjc1-W_g7
W_g7-Fev7
Hzj6-Yvw2
Yvw2-Pev5
Pev5-Eqm4
W_j9-Xbb4
Xbb4-Dr_1
Yna4-Jsn6
Ieo5-Ktz9
Ktz9-Mzm8
Dwj0-Eyh5
Wta5-Mab3
Mab3-Uof1
Uof1-Pqn6
Pqn6-Dob9
Dob9-Wnv0
Sj_3-Pks4
Pks4-Gyz6
Gyz6-Jya4
Jya4-Whd3
Bqu1-Mzm8
Dwj0-Vor3
Wvc5-Ptc0
Ptc0-I__2
I__2-Niq7
Jjs4-Mfe0
Mfe0-Jqn1
Jqn1-Wgc0
Jby7-Fvf7
Fnt7-Wps4
Bco5-Abk8
Xmp9-Bpd3
Bpd3-W_e5
W_e5-Gzg5
Gzg5-Ifl1
Etc8-Gnt4
Gnt4-Hqg3
Nab3-Euv0
Euv0-Wph2
Wph2-Yub6
Yub6-Fob1
Fob1-Ala9
Rzl2-Hmx4
Cza5-Qs_8
Eic1-Qgp9
Prp2-R_s8
F_s9-Dws9
Zrv7-Bwy2
Bwy2-Pdn5
Pdn5-Wgx0
Cjf3-Wvs3
Pjp5-Hsx7
Hsx7-Uvr3
Qxw9-Bmp8
Bmp8-Xce4
Nhl0-Pdx9
Pdx9-Vfk4
Vfk4-V_e9
Cro1-Qdl1
Qdl1-Odl6
Odl6-N_h3
Fpr8-M_b7
M_b7-Edm3
Edm3-Izy4
Izy4-Mzm8
Dwj0-Grh1
Xep4-Baj8
Baj8-Wdq1
Wdq1-Rjx7
Rjx7-Jsn7
Jsn7-Rlz0
G__4-Wco1
Ccn0-Arm0
Arm0-Akg5
Qox7-Qfs4
Qfs4-X_n6
Odr0-Evt3
Ekh2-Vfk2
Uka9-Zrw5
Cwu5-Ktf6
Ktf6-Abb3
Q_t3-Drb5
Eqx8-Cir5
Cir5-Uoo2
Uoo2-Dac6
Dac6-I__9
Owi2-Yq_1
Fdd9-Mzm8
Nja1-Ojn5
Ojn5-Abj2
Qsc9-G_e9
G_e9-Ynx3
Gdp2-Ji_7
Ji_7-Nil3
Nnh5-Zhz3
Zhz3-Poy0
I_u1-Obk0
Kip6-Qum9
Kgr0-Quf2
Quf2-Mhx9
Uss4-Vva3
Vva3-Pda4
Kok2-R__2
R__2-Xu_1
Mur4-Xtb0
Hgr6-Ivb2
Ivb2-Qb_8
Dre5-D_e8
D_e8-Eri6
Eri6-Frt3
S_h8-Ylu5
Ylu5-U_r7
Dwj0-Wnr9
Va_9-Dos3
Dos3-Qze6
Qze6-Zzd1
Zzd1-Zf_0
Zf_0-Ntn2
Heh1-Scs7
Scs7-Iif2
Iif2-God2
God2-Hcu3
Hcu3-Tcf6
Cxx6-Jpb8
Jpb8-Qbs4
Qbs4-Xuh6
Gnm9-Yac0
Yac0-Jlx0
Tc_6-Weq8
Jvx3-Fku0
Fku0-Pze3
Pze3-Brn0
Ymv4-Uh_9
Enh3-Qy_2
Qy_2-Sjb4
Sjb4-Aoo3
Aoo3-Axi0
Axi0-Uzh6
Uzh6-Ysm4
Ysm4-Kd_8
Kd_8-I_j9
I_j9-Mzm8
Cur2-Jiu1
Arm0-Tpk1
Hgr6-Yvk8
Vak9-Yhf4
Xu_1-Qwr6
Sul0-Kgd4
Mfe0-Gyy6
Cwu5-Brv5
Mxo1-Xvl1
Ntn2-Mqu7
Ynx3-Jag9
D_e8-Yma8
Kjw9-Rly1
Goa5-Xzs0
Sjb4-Bkq7
Vid1-Jgq2
Cix2-Rdp0
Quf2-Dik8
Jqn1-Nuv3
Fev7-Hrs8
Tdd8-Dnk8
Wcd6-Rab9
Gyz6-Ztv0
Ktc2-Wyz3
Vbg0-Qlz0
I__9-Cci1
Iif2-Qzw2
Ngp0-Fro3
Aox6-Sms7
Arm0-T_d1
Kbh1-Poj8
Aoo3-S_w1
Xce4-Hbt2
M__7-Wbz0
Xuh6-Hpn5
Qgp9-Mma7
Zww5-Jge7
Wdq1-N__5
Ynx3-Mvj0
Ijk9-Mkb4
Rly1-Xbj7
Ca_6-Hwb8
Rgz4-Ynk4
Gdp2-Xzg8
Dkc4-Kar3
Gzg5-R_m8
Myb5-Bdp3
Yci3-Qg_1
Xzs0-Npe5
Euv0-Q_n2
Dxx2-B_t8
Gx_0-Hzg0
Gyz6-Mww2
Xbj7-Wkb3
Yna4-Nsb1
Oft2-Ttu4
R_h4-Joy9
Zf_0-Gws8
Vid1-Eit6
Hxn0-Zhw7
Bmp8-Thq0
Sfq9-T_k2
#Here is the number of lines required: 32

L1-Skq3 L2-H_t5 L3-Moy4 L4-Jdi5 L5-V_l2 L6-Kjw9 L7-Eyh5 L8-Att3 L9-Dpk0
L1-Dkc4 L10-Skq3 L2-Flk5 L11-H_t5 L3-Way8 L12-Moy4 L4-Vkz1 L13-Jdi5 L5-Oko8 L14-V_l2 L6-Hpx3 L15-Kjw9 L7-Wta5 L16-Eyh5 L8-Hc_8 L17-Att3 L9-Pgo6 L18-Dpk0
L1-Wrr7 L10-Dkc4 L19-Skq3 L2-Vid1 L11-Flk5 L20-H_t5 L3-Wjs2 L12-Way8 L21-Moy4 L4-Xqf1 L13-Vkz1 L22-Jdi5 L5-Oud1 L14-Oko8 L23-V_l2 L6-Vak9 L15-Hpx3 L24-Kjw9 L7-Mab3 L16-Wta5 L25-Eyh5 L8-Mha8 L17-Hc_8 L26-Att3 L9-Dsi7 L18-Pgo6 L27-Dpk0
L1-Kjc1 L10-Wrr7 L19-Dkc4 L28-Skq3 L2-Jha2 L11-Vid1 L20-Flk5 L29-H_t5 L3-Amb8 L12-Wjs2 L21-Way8 L30-Moy4 L4-Cix2 L13-Xqf1 L22-Vkz1 L31-Jdi5 L5-Day5 L14-Oud1 L23-Oko8 L32-V_l2 L6-Htd8 L15-Vak9 L24-Hpx3 L33-Kjw9 L7-Uof1 L16-Mab3 L25-Wta5 L34-Eyh5 L8-Vff0 L17-Mha8 L26-Hc_8 L35-Att3 L9-Kv_3 L18-Dsi7 L27-Pgo6 L36-Dpk0
L1-W_g7 L10-Kjc1 L19-Wrr7 L28-Dkc4 L37-Skq3 L2-Ajz9 L11-Jha2 L20-Vid1 L29-Flk5 L38-H_t5 L3-Oft2 L12-Amb8 L21-Wjs2 L30-Way8 L39-Moy4 L4-Jh_1 L13-Cix2 L22-Xqf1 L31-Vkz1 L40-Jdi5 L5-Oxu9 L14-Day5 L23-Oud1 L32-Oko8 L41-V_l2 L6-Tdd8 L15-Htd8 L24-Vak9 L33-Hpx3 L42-Kjw9 L7-Pqn6 L16-Uof1 L25-Mab3 L34-Wta5 L43-Eyh5 L8-R_w5 L17-Vff0 L26-Mha8 L35-Hc_8 L44-Att3 L9-Zls5 L18-Kv_3 L27-Dsi7 L36-Pgo6 L45-Dpk0
L1-Fev7 L10-W_g7 L19-Kjc1 L28-Wrr7 L37-Dkc4 L46-Skq3 L2-Yci3 L11-Ajz9 L20-Jha2 L29-Vid1 L38-Flk5 L47-H_t5 L3-Kpn2 L12-Oft2 L21-Amb8 L30-Wjs2 L39-Way8 L48-Moy4 L4-Nnn0 L13-Jh_1 L22-Cix2 L31-Xqf1 L40-Vkz1 L49-Jdi5 L5-Ywc6 L14-Oxu9 L23-Day5 L32-Oud1 L41-Oko8 L50-V_l2 L6-Rgv2 L15-Tdd8 L24-Htd8 L33-Vak9 L42-Hpx3 L51-Kjw9 L7-Dob9 L16-Pqn6 L25-Uof1 L34-Mab3 L43-Wta5 L52-Eyh5 L8-Amf3 L17-R_w5 L26-Vff0 L35-Mha8 L44-Hc_8 L53-Att3 L9-Ha_7 L18-Zls5 L27-Kv_3 L36-Dsi7 L45-Pgo6 L54-Dpk0
L1-Myb5 L10-Fev7 L19-W_g7 L28-Kjc1 L37-Wrr7 L46-Dkc4 L55-Skq3 L2-Onk9 L11-Yci3 L20-Ajz9 L29-Jha2 L38-Vid1 L47-Flk5 L56-H_t5 L3-Pg_8 L12-Kpn2 L21-Oft2 L30-Amb8 L39-Wjs2 L48-Way8 L57-Moy4 L4-Kfh1 L13-Nnn0 L22-Jh_1 L31-Cix2 L40-Xqf1 L49-Vkz1 L58-Jdi5 L5-Bwg1 L14-Ywc6 L23-Oxu9 L32-Day5 L41-Oud1 L50-Oko8 L59-V_l2 L6-Zdj9 L15-Rgv2 L24-Tdd8 L33-Htd8 L42-Vak9 L51-Hpx3 L60-Kjw9 L7-Wnv0 L16-Dob9 L25-Pqn6 L34-Uof1 L43-Mab3 L52-Wta5 L61-Eyh5 L8-Sul0 L17-Amf3 L26-R_w5 L35-Vff0 L44-Mha8 L53-Hc_8 L62-Att3 L9-Byu3 L18-Ha_7 L27-Zls5 L36-Kv_3 L45-Dsi7 L54-Pgo6 L63-Dpk0
L1-Uax9 L10-Myb5 L19-Fev7 L28-W_g7 L37-Kjc1 L46-Wrr7 L55-Dkc4 L64-Skq3 L2-Fx_7 L11-Onk9 L20-Yci3 L29-Ajz9 L38-Jha2 L47-Vid1 L56-Flk5 L65-H_t5 L3-Peb0 L12-Pg_8 L21-Kpn2 L30-Oft2 L39-Amb8 L48-Wjs2 L57-Way8 L66-Moy4 L4-Egv8 L13-Kfh1 L22-Nnn0 L31-Jh_1 L40-Cix2 L49-Xqf1 L58-Vkz1 L67-Jdi5 L5-Esd8 L14-Bwg1 L23-Ywc6 L32-Oxu9 L41-Day5 L50-Oud1 L59-Oko8 L68-V_l2 L6-Yud1 L15-Zdj9 L24-Rgv2 L33-Tdd8 L42-Htd8 L51-Vak9 L60-Hpx3 L69-Kjw9 L7-Frc3 L16-Wnv0 L25-Dob9 L34-Pqn6 L43-Uof1 L52-Mab3 L61-Wta5 L70-Eyh5 L8-Hpr8 L17-Sul0 L26-Amf3 L35-R_w5 L44-Vff0 L53-Mha8 L62-Hc_8 L71-Att3 L9-Cfm8 L18-Byu3 L27-Ha_7 L36-Zls5 L45-Kv_3 L54-Dsi7 L63-Pgo6 L72-Dpk0
L1-Hzj6 L10-Uax9 L19-Myb5 L28-Fev7 L37-W_g7 L46-Kjc1 L55-Wrr7 L64-Dkc4 L73-Skq3 L2-Uoe4 L11-Fx_7 L20-Onk9 L29-Yci3 L38-Ajz9 L47-Jha2 L56-Vid1 L65-Flk5 L74-H_t5 L3-Y_a8 L12-Peb0 L21-Pg_8 L30-Kpn2 L39-Oft2 L48-Amb8 L57-Wjs2 L66-Way8 L75-Moy4 L4-Yzr4 L13-Egv8 L22-Kfh1 L31-Nnn0 L40-Jh_1 L49-Cix2 L58-Xqf1 L67-Vkz1 L76-Jdi5 L5-Haf9 L14-Esd8 L23-Bwg1 L32-Ywc6 L41-Oxu9 L50-Day5 L59-Oud1 L68-Oko8 L77-V_l2 L6-Bbz0 L15-Yud1 L24-Zdj9 L33-Rgv2 L42-Tdd8 L51-Htd8 L60-Vak9 L69-Hpx3 L78-Kjw9 L7-Sj_3 L16-Frc3 L25-Wnv0 L34-Dob9 L43-Pqn6 L52-Uof1 L61-Mab3 L70-Wta5 L79-Eyh5 L8-Dwr5 L17-Hpr8 L26-Sul0 L35-Amf3 L44-R_w5 L53-Vff0 L62-Mha8 L71-Hc_8 L80-Att3 L9-Pby7 L18-Cfm8 L27-Byu3 L36-Ha_7 L45-Zls5 L54-Kv_3 L63-Dsi7 L72-Pgo6 L81-Dpk0
L1-Yvw2 L10-Hzj6 L19-Uax9 L28-Myb5 L37-Fev7 L46-W_g7 L55-Kjc1 L64-Wrr7 L73-Dkc4 L82-Skq3 L2-Eso6 L11-Uoe4 L20-Fx_7 L29-Onk9 L38-Yci3 L47-Ajz9 L56-Jha2 L65-Vid1 L74-Flk5 L83-H_t5 L3-Kyr8 L12-Y_a8 L21-Peb0 L30-Pg_8 L39-Kpn2 L48-Oft2 L57-Amb8 L66-Wjs2 L75-Way8 L84-Moy4 L4-Zu_8 L13-Yzr4 L22-Egv8 L31-Kfh1 L40-Nnn0 L49-Jh_1 L58-Cix2 L67-Xqf1 L76-Vkz1 L85-Jdi5 L5-Hli6 L14-Haf9 L23-Esd8 L32-Bwg1 L41-Ywc6 L50-Oxu9 L59-Day5 L68-Oud1 L77-Oko8 L86-V_l2 L6-Pnm5 L15-Bbz0 L24-Yud1 L33-Zdj9 L42-Rgv2 L51-Tdd8 L60-Htd8 L69-Vak9 L78-Hpx3 L87-Kjw9 L7-Pks4 L16-Sj_3 L25-Frc3 L34-Wnv0 L43-Dob9 L52-Pqn6 L61-Uof1 L70-Mab3 L79-Wta5 L88-Eyh5 L8-Eyr1 L17-Dwr5 L26-Hpr8 L35-Sul0 L44-Amf3 L53-R_w5 L62-Vff0 L71-Mha8 L80-Hc_8 L89-Att3 L9-Fia0 L18-Pby7 L27-Cfm8 L36-Byu3 L45-Ha_7 L54-Zls5 L63-Kv_3 L72-Dsi7 L81-Pgo6 L90-Dpk0
L1-Pev5 L10-Yvw2 L19-Hzj6 L28-Uax9 L37-Myb5 L46-Fev7 L55-W_g7 L64-Kjc1 L73-Wrr7 L82-Dkc4 L91-Skq3 L2-Kxj5 L11-Eso6 L20-Uoe4 L29-Fx_7 L38-Onk9 L47-Yci3 L56-Ajz9 L65-Jha2 L74-Vid1 L83-Flk5 L92-H_t5 L3-Nve1 L12-Kyr8 L21-Y_a8 L30-Peb0 L39-Pg_8 L48-Kpn2 L57-Oft2 L66-Amb8 L75-Wjs2 L84-Way8 L93-Moy4 L4-Ijk9 L13-Zu_8 L22-Yzr4 L31-Egv8 L40-Kfh1 L49-Nnn0 L58-Jh_1 L67-Cix2 L76-Xqf1 L85-Vkz1 L94-Jdi5 L5-Wrr2 L14-Hli6 L23-Haf9 L32-Esd8 L41-Bwg1 L50-Ywc6 L59-Oxu9 L68-Day5 L77-Oud1 L86-Oko8 L95-V_l2 L6-Tca7 L15-Pnm5 L24-Bbz0 L33-Yud1 L42-Zdj9 L51-Rgv2 L60-Tdd8 L69-Htd8 L78-Vak9 L87-Hpx3 L96-Kjw9 L7-Gyz6 L16-Pks4 L25-Sj_3 L34-Frc3 L43-Wnv0 L52-Dob9 L61-Pqn6 L70-Uof1 L79-Mab3 L88-Wta5 L97-Eyh5 L8-Gtt3 L17-Eyr1 L26-Dwr5 L35-Hpr8 L44-Sul0 L53-Amf3 L62-R_w5 L71-Vff0 L80-Mha8 L89-Hc_8 L98-Att3 L9-Pj_0 L18-Fia0 L27-Pby7 L36-Cfm8 L45-Byu3 L54-Ha_7 L63-Zls5 L72-Kv_3 L81-Dsi7 L90-Pgo6 L99-Dpk0
L1-Eqm4 L10-Pev5 L19-Yvw2 L28-Hzj6 L37-Uax9 L46-Myb5 L55-Fev7 L64-W_g7 L73-Kjc1 L82-Wrr7 L91-Dkc4 L100-Skq3 L2-Tno8 L11-Kxj5 L20-Eso6 L29-Uoe4 L38-Fx_7 L47-Onk9 L56-Yci3 L65-Ajz9 L74-Jha2 L83-Vid1 L92-Flk5 L101-H_t5 L3-Qjx1 L12-Nve1 L21-Kyr8 L30-Y_a8 L39-Peb0 L48-Pg_8 L57-Kpn2 L66-Oft2 L75-Amb8 L84-Wjs2 L93-Way8 L102-Moy4 L4-Hxn0 L13-Ijk9 L22-Zu_8 L31-Yzr4 L40-Egv8 L49-Kfh1 L58-Nnn0 L67-Jh_1 L76-Cix2 L85-Xqf1 L94-Vkz1 L103-Jdi5 L5-Xw_5 L14-Wrr2 L23-Hli6 L32-Haf9 L41-Esd8 L50-Bwg1 L59-Ywc6 L68-Oxu9 L77-Day5 L86-Oud1 L95-Oko8 L104-V_l2 L6-Cxc1 L15-Tca7 L24-Pnm5 L33-Bbz0 L42-Yud1 L51-Zdj9 L60-Rgv2 L69-Tdd8 L78-Htd8 L87-Vak9 L96-Hpx3 L105-Kjw9 L7-Jya4 L16-Gyz6 L25-Pks4 L34-Sj_3 L43-Frc3 L52-Wnv0 L61-Dob9 L70-Pqn6 L79-Uof1 L88-Mab3 L97-Wta5 L106-Eyh5 L8-Swu8 L17-Gtt3 L26-Eyr1 L35-Dwr5 L44-Hpr8 L53-Sul0 L62-Amf3 L71-R_w5 L80-Vff0 L89-Mha8 L98-Hc_8 L107-Att3 L9-T_e9 L18-Pj_0 L27-Fia0 L36-Pby7 L45-Cfm8 L54-Byu3 L63-Ha_7 L72-Zls5 L81-Kv_3 L90-Dsi7 L99-Pgo6 L108-Dpk0
L1-Vhm6 L10-Eqm4 L19-Pev5 L28-Yvw2 L37-Hzj6 L46-Uax9 L55-Myb5 L64-Fev7 L73-W_g7 L82-Kjc1 L91-Wrr7 L100-Dkc4 L2-Cez7 L11-Tno8 L20-Kxj5 L29-Eso6 L38-Uoe4 L47-Fx_7 L56-Onk9 L65-Yci3 L74-Ajz9 L83-Jha2 L92-Vid1 L101-Flk5 L3-Wkm7 L12-Qjx1 L21-Nve1 L30-Kyr8 L39-Y_a8 L48-Peb0 L57-Pg_8 L66-Kpn2 L75-Oft2 L84-Amb8 L93-Wjs2 L102-Way8 L4-Px_9 L13-Hxn0 L22-Ijk9 L31-Zu_8 L40-Yzr4 L49-Egv8 L58-Kfh1 L67-Nnn0 L76-Jh_1 L85-Cix2 L94-Xqf1 L103-Vkz1 L5-Cdq2 L14-Xw_5 L23-Wrr2 L32-Hli6 L41-Haf9 L50-Esd8 L59-Bwg1 L68-Ywc6 L77-Oxu9 L86-Day5 L95-Oud1 L104-Oko8 L109-V_l2 L6-Cbm8 L15-Cxc1 L24-Tca7 L33-Pnm5 L42-Bbz0 L51-Yud1 L60-Zdj9 L69-Rgv2 L78-Tdd8 L87-Htd8 L96-Vak9 L105-Hpx3 L110-Kjw9 L7-Whd3 L16-Jya4 L25-Gyz6 L34-Pks4 L43-Sj_3 L52-Frc3 L61-Wnv0 L70-Dob9 L79-Pqn6 L88-Uof1 L97-Mab3 L106-Wta5 L111-Eyh5 L8-Sga2 L17-Swu8 L26-Gtt3 L35-Eyr1 L44-Dwr5 L53-Hpr8 L62-Sul0 L71-Amf3 L80-R_w5 L89-Vff0 L98-Mha8 L107-Hc_8 L112-Att3 L9-O_q0 L18-T_e9 L27-Pj_0 L36-Fia0 L45-Pby7 L54-Cfm8 L63-Byu3 L72-Ha_7 L81-Zls5 L90-Kv_3 L99-Dsi7 L108-Pgo6 L113-Dpk0
L1-W_j9 L10-Vhm6 L19-Eqm4 L28-Pev5 L37-Yvw2 L46-Hzj6 L55-Uax9 L64-Myb5 L73-Fev7 L82-W_g7 L91-Kjc1 L100-Wrr7 L2-Dc_6 L11-Cez7 L20-Tno8 L29-Kxj5 L38-Eso6 L47-Uoe4 L56-Fx_7 L65-Onk9 L74-Yci3 L83-Ajz9 L92-Jha2 L101-Vid1 L3-Nwb0 L12-Wkm7 L21-Qjx1 L30-Nve1 L39-Kyr8 L48-Y_a8 L57-Peb0 L66-Pg_8 L75-Kpn2 L84-Oft2 L93-Amb8 L102-Wjs2 L4-Ktc2 L13-Px_9 L22-Hxn0 L31-Ijk9 L40-Zu_8 L49-Yzr4 L58-Egv8 L67-Kfh1 L76-Nnn0 L85-Jh_1 L94-Cix2 L103-Xqf1 L5-Goa5 L14-Cdq2 L23-Xw_5 L32-Wrr2 L41-Hli6 L50-Haf9 L59-Esd8 L68-Bwg1 L77-Ywc6 L86-Oxu9 L95-Day5 L104-Oud1 L109-Oko8 L6-Gkr1 L15-Cbm8 L24-Cxc1 L33-Tca7 L42-Pnm5 L51-Bbz0 L60-Yud1 L69-Zdj9 L78-Rgv2 L87-Tdd8 L96-Htd8 L105-Vak9 L110-Hpx3 L7-Vit7 L16-Whd3 L25-Jya4 L34-Gyz6 L43-Pks4 L52-Sj_3 L61-Frc3 L70-Wnv0 L79-Dob9 L88-Pqn6 L97-Uof1 L106-Mab3 L111-Wta5 L8-Saz5 L17-Sga2 L26-Swu8 L35-Gtt3 L44-Eyr1 L53-Dwr5 L62-Hpr8 L71-Sul0 L80-Amf3 L89-R_w5 L98-Vff0 L107-Mha8 L112-Hc_8 L9-Hfl6 L18-O_q0 L27-T_e9 L36-Pj_0 L45-Fia0 L54-Pby7 L63-Cfm8 L72-Byu3 L81-Ha_7 L90-Zls5 L99-Kv_3 L108-Dsi7 L113-Pgo6
L1-Xbb4 L10-W_j9 L19-Vhm6 L28-Eqm4 L37-Pev5 L46-Yvw2 L55-Hzj6 L64-Uax9 L73-Myb5 L82-Fev7 L91-W_g7 L100-Kjc1 L2-Irz2 L11-Dc_6 L20-Cez7 L29-Tno8 L38-Kxj5 L47-Eso6 L56-Uoe4 L65-Fx_7 L74-Onk9 L83-Yci3 L92-Ajz9 L101-Jha2 L3-Vcb8 L12-Nwb0 L21-Wkm7 L30-Qjx1 L39-Nve1 L48-Kyr8 L57-Y_a8 L66-Peb0 L75-Pg_8 L84-Kpn2 L93-Oft2 L102-Amb8 L4-Nkf0 L13-Ktc2 L22-Px_9 L31-Hxn0 L40-Ijk9 L49-Zu_8 L58-Yzr4 L67-Egv8 L76-Kfh1 L85-Nnn0 L94-Jh_1 L103-Cix2 L5-Oyy9 L14-Goa5 L23-Cdq2 L32-Xw_5 L41-Wrr2 L50-Hli6 L59-Haf9 L68-Esd8 L77-Bwg1 L86-Ywc6 L95-Oxu9 L104-Day5 L109-Oud1 L6-Pma2 L15-Gkr1 L24-Cbm8 L33-Cxc1 L42-Tca7 L51-Pnm5 L60-Bbz0 L69-Yud1 L78-Zdj9 L87-Rgv2 L96-Tdd8 L105-Htd8 L110-Vak9 L7-Ylg4 L16-Vit7 L25-Whd3 L34-Jya4 L43-Gyz6 L52-Pks4 L61-Sj_3 L70-Frc3 L79-Wnv0 L88-Dob9 L97-Pqn6 L106-Uof1 L111-Mab3 L8-Yrb7 L17-Saz5 L26-Sga2 L35-Swu8 L44-Gtt3 L53-Eyr1 L62-Dwr5 L71-Hpr8 L80-Sul0 L89-Amf3 L98-R_w5 L107-Vff0 L112-Mha8 L9-Gji7 L18-Hfl6 L27-O_q0 L36-T_e9 L45-Pj_0 L54-Fia0 L63-Pby7 L72-Cfm8 L81-Byu3 L90-Ha_7 L99-Zls5 L108-Kv_3 L113-Dsi7
L1-Dr_1 L10-Xbb4 L19-W_j9 L28-Vhm6 L37-Eqm4 L46-Pev5 L55-Yvw2 L64-Hzj6 L73-Uax9 L82-Myb5 L91-Fev7 L100-W_g7 L2-Yad7 L11-Irz2 L20-Dc_6 L29-Cez7 L38-Tno8 L47-Kxj5 L56-Eso6 L65-Uoe4 L74-Fx_7 L83-Onk9 L92-Yci3 L101-Ajz9 L3-Rod7 L12-Vcb8 L21-Nwb0 L30-Wkm7 L39-Qjx1 L48-Nve1 L57-Kyr8 L66-Y_a8 L75-Peb0 L84-Pg_8 L93-Kpn2 L102-Oft2 L4-Kvp1 L13-Nkf0 L22-Ktc2 L31-Px_9 L40-Hxn0 L49-Ijk9 L58-Zu_8 L67-Yzr4 L76-Egv8 L85-Kfh1 L94-Nnn0 L103-Jh_1 L5-Oju0 L14-Oyy9 L23-Goa5 L32-Cdq2 L41-Xw_5 L50-Wrr2 L59-Hli6 L68-Haf9 L77-Esd8 L86-Bwg1 L95-Ywc6 L104-Oxu9 L109-Day5 L6-Kqh2 L15-Pma2 L24-Gkr1 L33-Cbm8 L42-Cxc1 L51-Tca7 L60-Pnm5 L69-Bbz0 L78-Yud1 L87-Zdj9 L96-Rgv2 L105-Tdd8 L110-Htd8 L7-Bqu1 L16-Ylg4 L25-Vit7 L34-Whd3 L43-Jya4 L52-Gyz6 L61-Pks4 L70-Sj_3 L79-Frc3 L88-Wnv0 L97-Dob9 L106-Pqn6 L111-Uof1 L8-Wxf6 L17-Yrb7 L26-Saz5 L35-Sga2 L44-Swu8 L53-Gtt3 L62-Eyr1 L71-Dwr5 L80-Hpr8 L89-Sul0 L98-Amf3 L107-R_w5 L112-Vff0 L9-Her8 L18-Gji7 L27-Hfl6 L36-O_q0 L45-T_e9 L54-Pj_0 L63-Fia0 L72-Pby7 L81-Cfm8 L90-Byu3 L99-Ha_7 L108-Zls5 L113-Kv_3
L1-Ufe7 L10-Dr_1 L19-Xbb4 L28-W_j9 L37-Vhm6 L46-Eqm4 L55-Pev5 L64-Yvw2 L73-Hzj6 L82-Uax9 L91-Myb5 L100-Fev7 L2-Hbr8 L11-Yad7 L20-Irz2 L29-Dc_6 L38-Cez7 L47-Tno8 L56-Kxj5 L65-Eso6 L74-Uoe4 L83-Fx_7 L92-Onk9 L101-Yci3 L3-Ubn1 L12-Rod7 L21-Vcb8 L30-Nwb0 L39-Wkm7 L48-Qjx1 L57-Nve1 L66-Kyr8 L75-Y_a8 L84-Peb0 L93-Pg_8 L102-Kpn2 L4-W_n9 L13-Kvp1 L22-Nkf0 L31-Ktc2 L40-Px_9 L49-Hxn0 L58-Ijk9 L67-Zu_8 L76-Yzr4 L85-Egv8 L94-Kfh1 L103-Nnn0 L5-Md_0 L14-Oju0 L23-Oyy9 L32-Goa5 L41-Cdq2 L50-Xw_5 L59-Wrr2 L68-Hli6 L77-Haf9 L86-Esd8 L95-Bwg1 L104-Ywc6 L109-Oxu9 L6-Yca9 L15-Kqh2 L24-Pma2 L33-Gkr1 L42-Cbm8 L51-Cxc1 L60-Tca7 L69-Pnm5 L78-Bbz0 L87-Yud1 L96-Zdj9 L105-Rgv2 L110-Tdd8 L7-Mzm8 L16-Bqu1 L25-Ylg4 L34-Vit7 L43-Whd3 L52-Jya4 L61-Gyz6 L70-Pks4 L79-Sj_3 L88-Frc3 L97-Wnv0 L106-Dob9 L111-Pqn6 L8-Mzm8 L17-Wxf6 L26-Yrb7 L35-Saz5 L44-Sga2 L53-Swu8 L62-Gtt3 L71-Eyr1 L80-Dwr5 L89-Hpr8 L98-Sul0 L107-Amf3 L112-R_w5 L9-Mzm8 L18-Her8 L27-Gji7 L36-Hfl6 L45-O_q0 L54-T_e9 L63-Pj_0 L72-Fia0 L81-Pby7 L90-Cfm8 L99-Byu3 L108-Ha_7 L113-Zls5
L1-Yna4 L10-Ufe7 L19-Dr_1 L28-Xbb4 L37-W_j9 L46-Vhm6 L55-Eqm4 L64-Pev5 L73-Yvw2 L82-Hzj6 L91-Uax9 L100-Myb5 L2-Mxo1 L11-Hbr8 L20-Yad7 L29-Irz2 L38-Dc_6 L47-Cez7 L56-Tno8 L65-Kxj5 L74-Eso6 L83-Uoe4 L92-Fx_7 L101-Onk9 L3-M__7 L12-Ubn1 L21-Rod7 L30-Vcb8 L39-Nwb0 L48-Wkm7 L57-Qjx1 L66-Nve1 L75-Kyr8 L84-Y_a8 L93-Peb0 L102-Pg_8 L4-Por8 L13-W_n9 L22-Kvp1 L31-Nkf0 L40-Ktc2 L49-Px_9 L58-Hxn0 L67-Ijk9 L76-Zu_8 L85-Yzr4 L94-Egv8 L103-Kfh1 L5-Uiu0 L14-Md_0 L23-Oju0 L32-Oyy9 L41-Goa5 L50-Cdq2 L59-Xw_5 L68-Wrr2 L77-Hli6 L86-Haf9 L95-Esd8 L104-Bwg1 L109-Ywc6 L6-Mzm8 L15-Yca9 L24-Kqh2 L33-Pma2 L42-Gkr1 L51-Cbm8 L60-Cxc1 L69-Tca7 L78-Pnm5 L87-Bbz0 L96-Yud1 L105-Zdj9 L110-Rgv2 L16-Mzm8 L25-Bqu1 L34-Ylg4 L43-Vit7 L52-Whd3 L61-Jya4 L70-Gyz6 L79-Pks4 L88-Sj_3 L97-Frc3 L106-Wnv0 L111-Dob9 L17-Mzm8 L26-Wxf6 L35-Yrb7 L44-Saz5 L53-Sga2 L62-Swu8 L71-Gtt3 L80-Eyr1 L89-Dwr5 L98-Hpr8 L107-Sul0 L112-Amf3 L18-Mzm8 L27-Her8 L36-Gji7 L45-Hfl6 L54-O_q0 L63-T_e9 L72-Pj_0 L81-Fia0 L90-Pby7 L99-Cfm8 L108-Byu3 L113-Ha_7
L1-Jsn6 L10-Yna4 L19-Ufe7 L28-Dr_1 L37-Xbb4 L46-W_j9 L55-Vhm6 L64-Eqm4 L73-Pev5 L82-Yvw2 L91-Hzj6 L100-Uax9 L2-Iw_7 L11-Mxo1 L20-Hbr8 L29-Yad7 L38-Irz2 L47-Dc_6 L56-Cez7 L65-Tno8 L74-Kxj5 L83-Eso6 L92-Uoe4 L101-Fx_7 L3-T_j1 L12-M__7 L21-Ubn1 L30-Rod7 L39-Vcb8 L48-Nwb0 L57-Wkm7 L66-Qjx1 L75-Nve1 L84-Kyr8 L93-Y_a8 L102-Peb0 L4-Iqa1 L13-Por8 L22-W_n9 L31-Kvp1 L40-Nkf0 L49-Ktc2 L58-Px_9 L67-Hxn0 L76-Ijk9 L85-Zu_8 L94-Yzr4 L103-Egv8 L5-Mzm8 L14-Uiu0 L23-Md_0 L32-Oju0 L41-Oyy9 L50-Goa5 L59-Cdq2 L68-Xw_5 L77-Wrr2 L86-Hli6 L95-Haf9 L104-Esd8 L109-Bwg1 L15-Mzm8 L24-Yca9 L33-Kqh2 L42-Pma2 L51-Gkr1 L60-Cbm8 L69-Cxc1 L78-Tca7 L87-Pnm5 L96-Bbz0 L105-Yud1 L110-Zdj9 L25-Mzm8 L34-Bqu1 L43-Ylg4 L52-Vit7 L61-Whd3 L70-Jya4 L79-Gyz6 L88-Pks4 L97-Sj_3 L106-Frc3 L111-Wnv0 L26-Mzm8 L35-Wxf6 L44-Yrb7 L53-Saz5 L62-Sga2 L71-Swu8 L80-Gtt3 L89-Eyr1 L98-Dwr5 L107-Hpr8 L112-Sul0 L27-Mzm8 L36-Her8 L45-Gji7 L54-Hfl6 L63-O_q0 L72-T_e9 L81-Pj_0 L90-Fia0 L99-Pby7 L108-Cfm8 L113-Byu3
L1-Ziu4 L10-Jsn6 L19-Yna4 L28-Ufe7 L37-Dr_1 L46-Xbb4 L55-W_j9 L64-Vhm6 L73-Eqm4 L82-Pev5 L91-Yvw2 L100-Hzj6 L2-Fkh2 L11-Iw_7 L20-Mxo1 L29-Hbr8 L38-Yad7 L47-Irz2 L56-Dc_6 L65-Cez7 L74-Tno8 L83-Kxj5 L92-Eso6 L101-Uoe4 L3-Xus6 L12-T_j1 L21-M__7 L30-Ubn1 L39-Rod7 L48-Vcb8 L57-Nwb0 L66-Wkm7 L75-Qjx1 L84-Nve1 L93-Kyr8 L102-Y_a8 L4-Mzm8 L13-Iqa1 L22-Por8 L31-W_n9 L40-Kvp1 L49-Nkf0 L58-Ktc2 L67-Px_9 L76-Hxn0 L85-Ijk9 L94-Zu_8 L103-Yzr4 L14-Mzm8 L23-Uiu0 L32-Md_0 L41-Oju0 L50-Oyy9 L59-Goa5 L68-Cdq2 L77-Xw_5 L86-Wrr2 L95-Hli6 L104-Haf9 L109-Esd8 L24-Mzm8 L33-Yca9 L42-Kqh2 L51-Pma2 L60-Gkr1 L69-Cbm8 L78-Cxc1 L87-Tca7 L96-Pnm5 L105-Bbz0 L110-Yud1 L34-Mzm8 L43-Bqu1 L52-Ylg4 L61-Vit7 L70-Whd3 L79-Jya4 L88-Gyz6 L97-Pks4 L106-Sj_3 L111-Frc3 L35-Mzm8 L44-Wxf6 L53-Yrb7 L62-Saz5 L71-Sga2 L80-Swu8 L89-Gtt3 L98-Eyr1 L107-Dwr5 L112-Hpr8 L36-Mzm8 L45-Her8 L54-Gji7 L63-Hfl6 L72-O_q0 L81-T_e9 L90-Pj_0 L99-Fia0 L108-Pby7 L113-Cfm8
L1-Wno8 L10-Ziu4 L19-Jsn6 L28-Yna4 L37-Ufe7 L46-Dr_1 L55-Xbb4 L64-W_j9 L73-Vhm6 L82-Eqm4 L91-Pev5 L100-Yvw2 L2-Owg2 L11-Fkh2 L20-Iw_7 L29-Mxo1 L38-Hbr8 L47-Yad7 L56-Irz2 L65-Dc_6 L74-Cez7 L83-Tno8 L92-Kxj5 L101-Eso6 L3-Box1 L12-Xus6 L21-T_j1 L30-M__7 L39-Ubn1 L48-Rod7 L57-Vcb8 L66-Nwb0 L75-Wkm7 L84-Qjx1 L93-Nve1 L102-Kyr8 L13-Mzm8 L22-Iqa1 L31-Por8 L40-W_n9 L49-Kvp1 L58-Nkf0 L67-Ktc2 L76-Px_9 L85-Hxn0 L94-Ijk9 L103-Zu_8 L23-Mzm8 L32-Uiu0 L41-Md_0 L50-Oju0 L59-Oyy9 L68-Goa5 L77-Cdq2 L86-Xw_5 L95-Wrr2 L104-Hli6 L109-Haf9 L33-Mzm8 L42-Yca9 L51-Kqh2 L60-Pma2 L69-Gkr1 L78-Cbm8 L87-Cxc1 L96-Tca7 L105-Pnm5 L110-Bbz0 L43-Mzm8 L52-Bqu1 L61-Ylg4 L70-Vit7 L79-Whd3 L88-Jya4 L97-Gyz6 L106-Pks4 L111-Sj_3 L44-Mzm8 L53-Wxf6 L62-Yrb7 L71-Saz5 L80-Sga2 L89-Swu8 L98-Gtt3 L107-Eyr1 L112-Dwr5 L45-Mzm8 L54-Her8 L63-Gji7 L72-Hfl6 L81-O_q0 L90-T_e9 L99-Pj_0 L108-Fia0 L113-Pby7
L1-Ngp0 L10-Wno8 L19-Ziu4 L28-Jsn6 L37-Yna4 L46-Ufe7 L55-Dr_1 L64-Xbb4 L73-W_j9 L82-Vhm6 L91-Eqm4 L100-Pev5 L2-Zww5 L11-Owg2 L20-Fkh2 L29-Iw_7 L38-Mxo1 L47-Hbr8 L56-Yad7 L65-Irz2 L74-Dc_6 L83-Cez7 L92-Tno8 L101-Kxj5 L3-Tvy1 L12-Box1 L21-Xus6 L30-T_j1 L39-M__7 L48-Ubn1 L57-Rod7 L66-Vcb8 L75-Nwb0 L84-Wkm7 L93-Qjx1 L102-Nve1 L22-Mzm8 L31-Iqa1 L40-Por8 L49-W_n9 L58-Kvp1 L67-Nkf0 L76-Ktc2 L85-Px_9 L94-Hxn0 L103-Ijk9 L32-Mzm8 L41-Uiu0 L50-Md_0 L59-Oju0 L68-Oyy9 L77-Goa5 L86-Cdq2 L95-Xw_5 L104-Wrr2 L109-Hli6 L42-Mzm8 L51-Yca9 L60-Kqh2 L69-Pma2 L78-Gkr1 L87-Cbm8 L96-Cxc1 L105-Tca7 L110-Pnm5 L52-Mzm8 L61-Bqu1 L70-Ylg4 L79-Vit7 L88-Whd3 L97-Jya4 L106-Gyz6 L111-Pks4 L53-Mzm8 L62-Wxf6 L71-Yrb7 L80-Saz5 L89-Sga2 L98-Swu8 L107-Gtt3 L112-Eyr1 L54-Mzm8 L63-Her8 L72-Gji7 L81-Hfl6 L90-O_q0 L99-T_e9 L108-Pj_0 L113-Fia0
L1-Ieo5 L10-Ngp0 L19-Wno8 L28-Ziu4 L37-Jsn6 L46-Yna4 L55-Ufe7 L64-Dr_1 L73-Xbb4 L82-W_j9 L91-Vhm6 L100-Eqm4 L2-Tzn3 L11-Zww5 L20-Owg2 L29-Fkh2 L38-Iw_7 L47-Mxo1 L56-Hbr8 L65-Yad7 L74-Irz2 L83-Dc_6 L92-Cez7 L101-Tno8 L3-T_h4 L12-Tvy1 L21-Box1 L30-Xus6 L39-T_j1 L48-M__7 L57-Ubn1 L66-Rod7 L75-Vcb8 L84-Nwb0 L93-Wkm7 L102-Qjx1 L31-Mzm8 L40-Iqa1 L49-Por8 L58-W_n9 L67-Kvp1 L76-Nkf0 L85-Ktc2 L94-Px_9 L103-Hxn0 L41-Mzm8 L50-Uiu0 L59-Md_0 L68-Oju0 L77-Oyy9 L86-Goa5 L95-Cdq2 L104-Xw_5 L109-Wrr2 L51-Mzm8 L60-Yca9 L69-Kqh2 L78-Pma2 L87-Gkr1 L96-Cbm8 L105-Cxc1 L110-Tca7 L61-Mzm8 L70-Bqu1 L79-Ylg4 L88-Vit7 L97-Whd3 L106-Jya4 L111-Gyz6 L62-Mzm8 L71-Wxf6 L80-Yrb7 L89-Saz5 L98-Sga2 L107-Swu8 L112-Gtt3 L63-Mzm8 L72-Her8 L81-Gji7 L90-Hfl6 L99-O_q0 L108-T_e9 L113-Pj_0
L1-Ktz9 L10-Ieo5 L19-Ngp0 L28-Wno8 L37-Ziu4 L46-Jsn6 L55-Yna4 L64-Ufe7 L73-Dr_1 L82-Xbb4 L91-W_j9 L100-Vhm6 L2-Mzm8 L11-Tzn3 L20-Zww5 L29-Owg2 L38-Fkh2 L47-Iw_7 L56-Mxo1 L65-Hbr8 L74-Yad7 L83-Irz2 L92-Dc_6 L101-Cez7 L3-Mzm8 L12-T_h4 L21-Tvy1 L30-Box1 L39-Xus6 L48-T_j1 L57-M__7 L66-Ubn1 L75-Rod7 L84-Vcb8 L93-Nwb0 L102-Wkm7 L40-Mzm8 L49-Iqa1 L58-Por8 L67-W_n9 L76-Kvp1 L85-Nkf0 L94-Ktc2 L103-Px_9 L50-Mzm8 L59-Uiu0 L68-Md_0 L77-Oju0 L86-Oyy9 L95-Goa5 L104-Cdq2 L109-Xw_5 L60-Mzm8 L69-Yca9 L78-Kqh2 L87-Pma2 L96-Gkr1 L105-Cbm8 L110-Cxc1 L70-Mzm8 L79-Bqu1 L88-Ylg4 L97-Vit7 L106-Whd3 L111-Jya4 L71-Mzm8 L80-Wxf6 L89-Yrb7 L98-Saz5 L107-Sga2 L112-Swu8 L72-Mzm8 L81-Her8 L90-Gji7 L99-Hfl6 L108-O_q0 L113-T_e9
L1-Mzm8 L10-Ktz9 L19-Ieo5 L28-Ngp0 L37-Wno8 L46-Ziu4 L55-Jsn6 L64-Yna4 L73-Ufe7 L82-Dr_1 L91-Xbb4 L100-W_j9 L11-Mzm8 L20-Tzn3 L29-Zww5 L38-Owg2 L47-Fkh2 L56-Iw_7 L65-Mxo1 L74-Hbr8 L83-Yad7 L92-Irz2 L101-Dc_6 L12-Mzm8 L21-T_h4 L30-Tvy1 L39-Box1 L48-Xus6 L57-T_j1 L66-M__7 L75-Ubn1 L84-Rod7 L93-Vcb8 L102-Nwb0 L49-Mzm8 L58-Iqa1 L67-Por8 L76-W_n9 L85-Kvp1 L94-Nkf0 L103-Ktc2 L59-Mzm8 L68-Uiu0 L77-Md_0 L86-Oju0 L95-Oyy9 L104-Goa5 L109-Cdq2 L69-Mzm8 L78-Yca9 L87-Kqh2 L96-Pma2 L105-Gkr1 L110-Cbm8 L79-Mzm8 L88-Bqu1 L97-Ylg4 L106-Vit7 L111-Whd3 L80-Mzm8 L89-Wxf6 L98-Yrb7 L107-Saz5 L112-Sga2 L81-Mzm8 L90-Her8 L99-Gji7 L108-Hfl6 L113-O_q0
L10-Mzm8 L19-Ktz9 L28-Ieo5 L37-Ngp0 L46-Wno8 L55-Ziu4 L64-Jsn6 L73-Yna4 L82-Ufe7 L91-Dr_1 L100-Xbb4 L20-Mzm8 L29-Tzn3 L38-Zww5 L47-Owg2 L56-Fkh2 L65-Iw_7 L74-Mxo1 L83-Hbr8 L92-Yad7 L101-Irz2 L21-Mzm8 L30-T_h4 L39-Tvy1 L48-Box1 L57-Xus6 L66-T_j1 L75-M__7 L84-Ubn1 L93-Rod7 L102-Vcb8 L58-Mzm8 L67-Iqa1 L76-Por8 L85-W_n9 L94-Kvp1 L103-Nkf0 L68-Mzm8 L77-Uiu0 L86-Md_0 L95-Oju0 L104-Oyy9 L109-Goa5 L78-Mzm8 L87-Yca9 L96-Kqh2 L105-Pma2 L110-Gkr1 L88-Mzm8 L97-Bqu1 L106-Ylg4 L111-Vit7 L89-Mzm8 L98-Wxf6 L107-Yrb7 L112-Saz5 L90-Mzm8 L99-Her8 L108-Gji7 L113-Hfl6
L19-Mzm8 L28-Ktz9 L37-Ieo5 L46-Ngp0 L55-Wno8 L64-Ziu4 L73-Jsn6 L82-Yna4 L91-Ufe7 L100-Dr_1 L29-Mzm8 L38-Tzn3 L47-Zww5 L56-Owg2 L65-Fkh2 L74-Iw_7 L83-Mxo1 L92-Hbr8 L101-Yad7 L30-Mzm8 L39-T_h4 L48-Tvy1 L57-Box1 L66-Xus6 L75-T_j1 L84-M__7 L93-Ubn1 L102-Rod7 L67-Mzm8 L76-Iqa1 L85-Por8 L94-W_n9 L103-Kvp1 L77-Mzm8 L86-Uiu0 L95-Md_0 L104-Oju0 L109-Oyy9 L87-Mzm8 L96-Yca9 L105-Kqh2 L110-Pma2 L97-Mzm8 L106-Bqu1 L111-Ylg4 L98-Mzm8 L107-Wxf6 L112-Yrb7 L99-Mzm8 L108-Her8 L113-Gji7
L28-Mzm8 L37-Ktz9 L46-Ieo5 L55-Ngp0 L64-Wno8 L73-Ziu4 L82-Jsn6 L91-Yna4 L100-Ufe7 L38-Mzm8 L47-Tzn3 L56-Zww5 L65-Owg2 L74-Fkh2 L83-Iw_7 L92-Mxo1 L101-Hbr8 L39-Mzm8 L48-T_h4 L57-Tvy1 L66-Box1 L75-Xus6 L84-T_j1 L93-M__7 L102-Ubn1 L76-Mzm8 L85-Iqa1 L94-Por8 L103-W_n9 L86-Mzm8 L95-Uiu0 L104-Md_0 L109-Oju0 L96-Mzm8 L105-Yca9 L110-Kqh2 L106-Mzm8 L111-Bqu1 L107-Mzm8 L112-Wxf6 L108-Mzm8 L113-Her8
L37-Mzm8 L46-Ktz9 L55-Ieo5 L64-Ngp0 L73-Wno8 L82-Ziu4 L91-Jsn6 L100-Yna4 L47-Mzm8 L56-Tzn3 L65-Zww5 L74-Owg2 L83-Fkh2 L92-Iw_7 L101-Mxo1 L48-Mzm8 L57-T_h4 L66-Tvy1 L75-Box1 L84-Xus6 L93-T_j1 L102-M__7 L85-Mzm8 L94-Iqa1 L103-Por8 L95-Mzm8 L104-Uiu0 L109-Md_0 L105-Mzm8 L110-Yca9 L111-Mzm8 L112-Mzm8 L113-Mzm8
L46-Mzm8 L55-Ktz9 L64-Ieo5 L73-Ngp0 L82-Wno8 L91-Ziu4 L100-Jsn6 L56-Mzm8 L65-Tzn3 L74-Zww5 L83-Owg2 L92-Fkh2 L101-Iw_7 L57-Mzm8 L66-T_h4 L75-Tvy1 L84-Box1 L93-Xus6 L102-T_j1 L94-Mzm8 L103-Iqa1 L104-Mzm8 L109-Uiu0 L110-Mzm8
L55-Mzm8 L64-Ktz9 L73-Ieo5 L82-Ngp0 L91-Wno8 L100-Ziu4 L65-Mzm8 L74-Tzn3 L83-Zww5 L92-Owg2 L101-Fkh2 L66-Mzm8 L75-T_h4 L84-Tvy1 L93-Box1 L102-Xus6 L103-Mzm8 L109-Mzm8
L64-Mzm8 L73-Ktz9 L82-Ieo5 L91-Ngp0 L100-Wno8 L74-Mzm8 L83-Tzn3 L92-Zww5 L101-Owg2 L75-Mzm8 L84-T_h4 L93-Tvy1 L102-Box1
L73-Mzm8 L82-Ktz9 L91-Ieo5 L100-Ngp0 L83-Mzm8 L92-Tzn3 L101-Zww5 L84-Mzm8 L93-T_h4 L102-Tvy1
L82-Mzm8 L91-Ktz9 L100-Ieo5 L92-Mzm8 L101-Tzn3 L93-Mzm8 L102-T_h4
L91-Mzm8 L100-Ktz9 L101-Mzm8 L102-Mzm8
L100-Mzm8
