1
#Here is the number of lines required: 28
##start
Hwy2 2 2
##end
Gj_0 6 6
Xuw5 7 7
Wos5 10 10
Qir7 13 13
Tix1 17 17
Zap5 20 20
Fkw8 23 23
Osv0 28 28
Ctf9 29 29
U_i5 34 34
Ep_5 38 38
Vlx6 42 42
Crx5 45 45
Ef_7 48 48
Vql8 51 51
Axu7 56 56
Rvs7 58 58
Zfe3 60 60
Rwi3 63 63
Jtp3 66 66
Dfs3 70 70
Bfr0 73 73
Sjj1 76 76
Vns5 79 79
Rsd0 84 84
Tv_1 87 87
Pbx8 91 91
Qht6 95 95
Tei9 97 97
Qjg6 101 101
Gqi2 103 103
Jmn8 107 107
Skt8 110 110
Msp6 115 115
Yax1 117 117
Fti3 119 119
Bvb3 121 121
Mjs0 124 124
Izi2 125 125
Hks8 128 128
Mea5 131 131
D_s2 135 135
Xaw8 138 138
Qaa0 141 141
Jnw6 143 143
Zpp6 146 146
Xku8 151 151
Z_c3 153 153
Ijs6 156 156
U_g9 161 161
Val2 164 164
Fbx3 168 168
Rog9 171 171
O_l9 173 173
Dur7 176 176
G_s5 178 178
Kub4 180 180
Xgk4 182 182
Mdv6 185 185
Tdy1 189 189
Zpj0 191 191
Dtt5 195 195
Mko7 198 198
Gce3 203 203
Isb2 204 204
U_g5 207 207
Ogq4 211 211
Edt4 214 214
Pgf4 218 218
N_b1 223 223
Kxi9 224 224
Uip3 226 226
Goy6 229 229
Gvp9 233 233
Vq_6 235 235
Rz_4 236 236
Igk5 241 241
Dix6 242 242
Htd6 246 246
Vyi9 247 247
Jnn8 250 250
Wkg4 253 253
O_j0 257 257
G_p3 258 258
Xzq5 261 261
T_f9 263 263
Gqn5 267 267
Vhz8 270 270
Tmf2 275 275
Rcl5 278 278
Utc3 281 281
Ri_3 284 284
Jg_0 289 289
Ojy8 292 292
Pfw5 295 295
Frj9 298 298
Fcd2 301 301
Frc4 304 304
Tbe3 307 307
Tuu8 312 312
W_p1 314 314
Bdh2 317 317
Gjc1 320 320
O_p4 321 321
X_i4 324 324
B_v6 328 328
Jmm7 332 332
T_j8 336 336
New4 340 340
Cwp9 345 345
Gms1 348 348
Ah_2 349 349
Unk7 350 350
Yyg6 353 353
Vpz0 356 356
Vgh2 360 360
Rtn9 362 362
Pft9 365 365
Cgw5 366 366
Iqb9 368 368
Jcv8 371 371
Tkh6 374 374
F__7 378 378
Yfa9 380 380
Ehf1 385 385
Zyy6 387 387
Hiz7 390 390
Yoa3 393 393
Djd5 395 395
Xpn1 399 399
Jij0 403 403
Qsj4 407 407
Sjy7 410 410
Bx_2 414 414
Q_q6 417 417
Kzu7 420 420
Syj0 425 425
Wnp8 428 428
Qao8 429 429
Pkv4 432 432
Qmh7 437 437
Eyb9 439 439
G_v6 443 443
Hhn0 448 448
Wbh0 449 449
Yzg5 452 452
Skb9 455 455
R_g7 457 457
O_h2 460 460
Yvx9 465 465
Opb2 467 467
Klt3 470 470
Unx3 474 474
Yj_5 478 478
Vuo4 479 479
Slu9 483 483
B_s9 485 485
W_k8 489 489
Wo_9 492 492
Tki3 495 495
Y_o0 496 496
Fse4 498 498
W_h1 502 502
Bhv7 504 504
Ekc1 505 505
Is_8 508 508
Ncu6 512 512
U_t0 515 515
Xap9 519 519
Qer2 521 521
Dtd3 524 524
See3 528 528
E__0 531 531
Job6 535 535
Fi_3 539 539
Vft1 543 543
Etq5 545 545
Szy0 547 547
Wna8 550 550
Abz3 554 554
K_z4 557 557
Z_d6 561 561
Ahp4 562 562
Vlc4 566 566
Gkr5 569 569
Dtw8 573 573
Ejc1 576 576
Mrb0 577 577
Bsa7 581 581
His5 585 585
Hlt2 588 588
R_b5 591 591
Bfi2 596 596
Yrl8 598 598
Ccc5 602 602
Rvs3 606 606
Usi9 609 609
B_y8 613 613
Hgp4 616 616
Scb6 620 620
Fnq1 625 625
Vow3 628 628
Rhb9 633 633
Ney7 636 636
Ctc5 638 638
Ppy2 640 640
Tvx5 642 642
Iof5 646 646
Xoc6 649 649
Fdo1 650 650
Rqz3 652 652
Hch4 656 656
Wff0 658 658
Vvn7 661 661
Ddi3 664 664
Tbd8 669 669
Zzm2 671 671
Yaf3 674 674
Kds9 676 676
Ajp4 678 678
Xll4 681 681
Vva1 684 684
Kxv0 687 687
Zyf5 689 689
Cxe5 692 692
Rqz1 693 693
Nkl2 694 694
Odi6 697 697
Qsf7 698 698
Kch8 700 700
Qzs1 702 702
Fct8 705 705
Uxj8 708 708
Vzu6 712 712
Znk9 714 714
Dsi7 715 715
Rxs1 720 720
Cbj5 725 725
Xsu8 728 728
Ahf9 730 730
Xpv4 733 733
Jpg8 737 737
Tb_0 742 742
Tbr5 746 746
Vbf5 749 749
Isb7 752 752
Vor8 755 755
Bih8 757 757
A_k4 758 758
Scs1 762 762
J_i6 767 767
Rsv8 770 770
Vgq0 772 772
W_q3 773 773
Wfr8 778 778
Esm9 780 780
Z_c8 784 784
Kvb8 787 787
Vce5 791 791
Dfd2 792 792
Gau9 795 795
Hxl6 799 799
Nyb2 802 802
Kzy5 805 805
Own5 807 807
Awl1 810 810
Vgh4 813 813
Ker9 814 814
Rio0 818 818
Uar5 822 822
Khx5 824 824
Uqv3 825 825
Hch6 826 826
Fdm9 829 829
Yhw4 832 832
Jzu4 837 837
G_a9 839 839
Ghp0 843 843
Juw5 846 846
Ycx4 847 847
T_f8 851 851
Tyr7 854 854
Vee5 859 859
Mx_1 861 861
Gll1 866 866
Dxz6 869 869
Ius2 872 872
Msz8 873 873
Dcq8 877 877
H_p9 882 882
Yjv0 886 886
Dk_5 890 890
Vp_0 893 893
Khh0 895 895
Ysz6 896 896
Tv_6 899 899
Swp2 902 902
Ugi7 906 906
Wtc7 909 909
Ogn7 911 911
Hkk9 914 914
Vah3 918 918
X_q6 919 919
Pa_3 922 922
Hmb9 926 926
Twi8 928 928
Yjd9 930 930
Bdy6 931 931
Yu_4 933 933
Ayw3 934 934
Myh3 938 938
Cas3 942 942
Jou3 944 944
Uwt6 946 946
Okt7 949 949
Wbp8 951 951
Wok1 955 955
Zvi6 957 957
Bzg2 960 960
Bmk7 964 964
Klk3 967 967
Pxj6 968 968
Djy3 973 973
Ite1 976 976
Egy1 979 979
Gim7 980 980
Ath1 982 982
Ejg0 986 986
Pkh1 989 989
Jfx8 992 992
We_1 997 997
Ubg1 1000 1000
Xfe4 1003 1003
Omp7 1006 1006
P_j5 1010 1010
Ai_4 1013 1013
Stk7 1016 1016
Zsm1 1019 1019
Ej_4 1022 1022
Gti8 1024 1024
Elg5 1026 1026
Fqj9 1030 1030
Kht4 1033 1033
Xbm3 1035 1035
Mfe4 1038 1038
J_a8 1040 1040
Uxf6 1043 1043
Ili2 1046 1046
Uxw2 1051 1051
Zcw1 1052 1052
Khe1 1054 1054
Doz6 1057 1057
Nzx5 1058 1058
V_y0 1063 1063
Jxy9 1066 1066
Kae3 1067 1067
Uqz5 1070 1070
Ulg0 1073 1073
Cwb5 1076 1076
Ouz3 1079 1079
V_h8 1084 1084
Fyx1 1088 1088
Qsb6 1090 1090
Qdc9 1095 1095
De_6 1098 1098
Jnv9 1103 1103
Aj_4 1107 1107
Owt5 1110 1110
Zpo6 1115 1115
Phu2 1116 1116
Nrh4 1121 1121
Rnf8 1122 1122
Vtl9 1125 1125
Uqo3 1130 1130
Pff0 1135 1135
Oju5 1138 1138
Z_c5 1139 1139
Yle2 1140 1140
Xl_2 1143 1143
Icy6 1147 1147
Noq8 1151 1151
Gtq2 1155 1155
Vgh4-Wos5
Bsa7-Qir7
G_v6-Zap5
K_z4-Osv0
Bzg2-Ctf9
Xpv4-Gtq2
Yrl8-Ep_5
Isb2-Icy6
Pff0-Yle2
O_p4-Z_c5
Elg5-Vtl9
Cwp9-Ef_7
Rnf8-Rvs7
Bfr0-Nrh4
Zfe3-Phu2
Owt5-Zpo6
Aj_4-Owt5
Rwi3-Aj_4
Jtp3-Rwi3
Jnv9-Jtp3
Dfs3-Jnv9
Qdc9-De_6
Qsb6-Qdc9
Fyx1-Qsb6
Sjj1-Bfr0
Rsd0-V_h8
Tv_1-Ouz3
Cwb5-Pbx8
Ulg0-Cwb5
Uqz5-Ulg0
Jxy9-Qht6
Qjg6-Tei9
Jmn8-Gqi2
V_y0-Jmn8
Skt8-V_y0
Msp6-Skt8
Nzx5-Msp6
Yax1-Doz6
Bvb3-Fti3
Zcw1-Bvb3
Uxw2-Zcw1
Mjs0-Uxw2
Izi2-Mjs0
Ili2-Izi2
Uxf6-Ili2
J_a8-Mea5
Xaw8-D_s2
Xbm3-Xaw8
Jnw6-Kht4
Zpp6-Jnw6
Fqj9-Zpp6
Xku8-Fqj9
Gti8-Elg5
Ej_4-Gti8
Val2-U_g9
Rog9-Fbx3
Dur7-Stk7
Tdy1-Mdv6
Ai_4-Tdy1
P_j5-Dtt5
Mko7-P_j5
Xfe4-Isb2
Ubg1-U_g5
Ogq4-Ubg1
Edt4-Ogq4
We_1-Edt4
Jfx8-Gj_0
Ejg0-Pkh1
N_b1-Ejg0
Kxi9-N_b1
Uip3-Kxi9
Ath1-Goy6
Vq_6-Gvp9
Egy1-Gim7
Djy3-Ite1
Rz_4-Djy3
Pxj6-Rz_4
Klk3-Pxj6
Bmk7-Klk3
Bzg2-Igk5
Wok1-Zvi6
Vyi9-Htd6
Wbp8-Vyi9
Jnn8-Wbp8
Wkg4-Jnn8
G_p3-O_j0
Xzq5-G_p3
Gqn5-T_f9
Jou3-Uwt6
Tmf2-Jou3
Myh3-Cas3
Ayw3-Utc3
Ri_3-Ayw3
Yjd9-Bdy6
Ojy8-Yjd9
Frj9-Pfw5
Fcd2-Frj9
Twi8-Frc4
Tuu8-Tbe3
Hwy2-Tuu8
Hmb9-Gj_0
Pa_3-Hmb9
X_q6-Pa_3
Vah3-X_q6
Hkk9-Vah3
Gjc1-Bdh2
O_p4-Ysz6
Jmm7-B_v6
T_j8-Jmm7
Ah_2-Gms1
Khh0-Yyg6
Dk_5-Rtn9
Yjv0-Dk_5
Pft9-Yjv0
Dcq8-H_p9
Msz8-Dcq8
Ius2-Msz8
Dxz6-Ius2
Cgw5-Dxz6
Iqb9-Cgw5
Gll1-Iqb9
Mx_1-Jcv8
Tyr7-Vee5
T_f8-Tyr7
F__7-Tkh6
Yfa9-Juw5
Djd5-Yoa3
Jzu4-Djd5
Xpn1-Jzu4
Qsj4-Jij0
Bx_2-Sjy7
Hch6-Bx_2
Q_q6-Uqv3
Uar5-Kzu7
Rio0-Syj0
Wnp8-Rio0
Ker9-Qao8
Pkv4-Ker9
Qmh7-Pkv4
Eyb9-Vgh4
Awl1-Eyb9
Kzy5-Own5
Wbh0-Hhn0
Hxl6-Wbh0
Dfd2-Gau9
Yzg5-Dfd2
Skb9-Yzg5
Esm9-Z_c8
Wfr8-Esm9
Yvx9-W_q3
Scs1-J_i6
Yj_5-Unx3
Bih8-A_k4
B_s9-Slu9
W_k8-B_s9
Tki3-Wo_9
Isb7-Tki3
Y_o0-Isb7
Fse4-Y_o0
W_h1-Fse4
Bhv7-Vbf5
Ncu6-Is_8
U_t0-Ncu6
Xap9-U_t0
Tb_0-Xap9
Jpg8-Qer2
Xpv4-Jpg8
Ahf9-Dtd3
See3-Ahf9
Vft1-Fi_3
Etq5-Rxs1
Szy0-Etq5
Dsi7-Szy0
Znk9-Dsi7
Wna8-Znk9
Vzu6-Abz3
Uxj8-Vzu6
K_z4-Fct8
Qzs1-K_z4
Kch8-Qzs1
Ahp4-Z_d6
Odi6-Qsf7
Nkl2-Odi6
Cxe5-Vlc4
Gkr5-Cxe5
Dtw8-Gkr5
Zyf5-Dtw8
Ejc1-Zyf5
Mrb0-Ejc1
Kxv0-Bsa7
Xll4-Vva1
R_b5-Hlt2
Iof5-Gj_0
Bfi2-Iof5
Zzm2-B_y8
Tbd8-Zzm2
Hgp4-Tbd8
Ddi3-Hgp4
Vvn7-Scb6
Wff0-Fnq1
Hch4-Vow3
Ppy2-Ctc5
Tvx5-Ppy2
Hwy2-Tvx5
Ctc5-Ney7
Ney7-Xoc6
Xoc6-Rhb9
Rhb9-Fdo1
Fdo1-Rqz3
Rqz3-Hch4
Vow3-Wff0
Fnq1-Vvn7
Scb6-Ddi3
B_y8-Yaf3
Yaf3-Usi9
Usi9-Rvs3
Rvs3-Ccc5
Ccc5-Yrl8
Yrl8-Kds9
Kds9-Bfi2
Hwy2-R_b5
Hlt2-Ajp4
Ajp4-His5
His5-Xll4
Vva1-Kxv0
Bsa7-Mrb0
Vlc4-Rqz1
Rqz1-Nkl2
Qsf7-Ahp4
Z_d6-Kch8
Fct8-Uxj8
Abz3-Wna8
Rxs1-Cbj5
Cbj5-Vft1
Fi_3-Job6
Job6-E__0
E__0-Xsu8
Xsu8-See3
Dtd3-Xpv4
Qer2-Tb_0
Is_8-Ekc1
Ekc1-Tbr5
Tbr5-Bhv7
Vbf5-W_h1
Wo_9-W_k8
Slu9-Vuo4
Vuo4-Vor8
Vor8-Bih8
A_k4-Yj_5
Unx3-Scs1
J_i6-Rsv8
Rsv8-Vgq0
Vgq0-Klt3
Klt3-Opb2
Opb2-Yvx9
W_q3-Wfr8
Z_c8-O_h2
O_h2-R_g7
R_g7-Gj_0
Hwy2-Kvb8
Kvb8-Vce5
Vce5-Skb9
Gau9-Hxl6
Hhn0-Nyb2
Nyb2-Kzy5
Own5-G_v6
G_v6-Awl1
Vgh4-Qmh7
Qao8-Wnp8
Syj0-Uar5
Kzu7-Khx5
Khx5-Q_q6
Uqv3-Hch6
Sjy7-Fdm9
Fdm9-Qsj4
Jij0-Yhw4
Yhw4-Xpn1
Yoa3-Hiz7
Hiz7-G_a9
G_a9-Zyy6
Zyy6-Ghp0
Ghp0-Ehf1
Ehf1-Yfa9
Juw5-F__7
Tkh6-Ycx4
Ycx4-T_f8
Vee5-Mx_1
Jcv8-Gll1
H_p9-Pft9
Rtn9-Vgh2
Vgh2-Vpz0
Vpz0-Vp_0
Vp_0-Khh0
Yyg6-Unk7
Unk7-Ah_2
Gms1-Cwp9
Cwp9-New4
New4-T_j8
B_v6-X_i4
X_i4-O_p4
Ysz6-Gjc1
Bdh2-Tv_6
Tv_6-Swp2
Swp2-Ugi7
Ugi7-W_p1
W_p1-Wtc7
Wtc7-Ogn7
Ogn7-Hkk9
Tbe3-Twi8
Frc4-Fcd2
Pfw5-Ojy8
Bdy6-Jg_0
Jg_0-Yu_4
Yu_4-Ri_3
Utc3-Rcl5
Rcl5-Myh3
Cas3-Tmf2
Uwt6-Vhz8
Vhz8-Gqn5
T_f9-Xzq5
O_j0-Okt7
Okt7-Wkg4
Htd6-Dix6
Dix6-Wok1
Zvi6-Bzg2
Igk5-Bmk7
Ite1-Egy1
Gim7-Vq_6
Gvp9-Ath1
Goy6-Uip3
Pkh1-Pgf4
Pgf4-Jfx8
Hwy2-We_1
U_g5-Xfe4
Isb2-Omp7
Omp7-Gce3
Gce3-Mko7
Dtt5-Zpj0
Zpj0-Ai_4
Mdv6-Xgk4
Xgk4-Kub4
Kub4-G_s5
G_s5-Dur7
Stk7-O_l9
O_l9-Rog9
Fbx3-Val2
U_g9-Ijs6
Ijs6-Zsm1
Zsm1-Ej_4
Elg5-Z_c3
Z_c3-Xku8
Kht4-Qaa0
Qaa0-Xbm3
D_s2-Mfe4
Mfe4-J_a8
Mea5-Hks8
Hks8-Uxf6
Fti3-Khe1
Khe1-Yax1
Doz6-Nzx5
Gqi2-Qjg6
Tei9-Jxy9
Qht6-Kae3
Kae3-Uqz5
Pbx8-Tv_1
Ouz3-Rsd0
V_h8-Vns5
Vns5-Sjj1
Bfr0-Fyx1
De_6-Dfs3
Zpo6-Zfe3
Phu2-Gj_0
Qdc9-Rnf8
Vbf5-Axu7
T_f8-Vql8
Xzq5-Crx5
Vns5-Uqo3
Tbd8-Vlx6
Dcq8-Pff0
Jou3-Oju5
O_j0-Xl_2
K_z4-Noq8
Yu_4-U_i5
Tkh6-Fkw8
Zzm2-Tix1
Twi8-Xuw5
#Here is the number of lines required: 28

L1-Tvx5
L1-Ppy2
L1-Ctc5
L1-Ney7
L1-Xoc6
L1-Rhb9
L1-Fdo1
L1-Rqz3
L1-Hch4
L1-Vow3
L1-Wff0
L1-Fnq1
L1-Vvn7
L1-Scb6
L1-Ddi3
L1-Hgp4
L1-Tbd8
L1-Zzm2
L1-B_y8
L1-Yaf3
L1-Usi9
L1-Rvs3
L1-Ccc5
L1-Yrl8
L1-Kds9
L1-Bfi2
L1-Iof5
L1-Gj_0
