127
#Here is the number of lines required: 33
##start
Tj_4 1 1
##end
Ctm4 5 5
Fe_1 9 9
Xuk9 12 12
Qcy4 13 13
Ilz2 14 14
Pcv2 17 17
Sqq4 21 21
Evq1 22 22
Mqc7 23 23
Wrz3 25 25
Doa6 28 28
Jtl3 30 30
Mcf1 33 33
Qka2 36 36
Mtv6 39 39
R_g3 40 40
Wey9 43 43
S_k4 47 47
Kz_1 50 50
Fra7 54 54
Tnl5 57 57
Fap8 60 60
Gfx1 63 63
Vvd1 67 67
Oqz7 70 70
Nzr6 73 73
Mnb7 76 76
Mol3 79 79
Nrw6 81 81
Aco3 84 84
Ore1 86 86
Jjt5 90 90
Gwk0 91 91
Cmh0 93 93
Itn0 95 95
U_f7 98 98
Ufo2 102 102
D_k6 104 104
Hxr4 105 105
Xcf5 106 106
Nb_3 110 110
Ndg1 113 113
Pfh5 115 115
Ris2 116 116
Viw7 118 118
Bii1 120 120
Ije9 123 123
Vox8 125 125
Ij_1 127 127
Frd6 128 128
Prm5 129 129
Oeg5 132 132
Qhf5 136 136
Rg_8 139 139
Qea4 141 141
Ed_3 143 143
Wrh1 145 145
Kex3 149 149
Oti1 152 152
Djs6 155 155
Dko4 157 157
Cum5 159 159
Jdi0 162 162
D__7 165 165
Ztx9 168 168
Pha8 172 172
Wrr1 176 176
Rru5 180 180
Oto6 184 184
Zrv5 187 187
Dus5 188 188
Dyn6 193 193
Qf_2 196 196
Ivl8 201 201
Gfu1 204 204
Hhq9 206 206
Bed2 208 208
Qla1 211 211
Zjl7 214 214
M_p6 218 218
Xke7 220 220
Yus3 222 222
Cpg1 226 226
Xyo4 228 228
Zjl4 229 229
Qad8 232 232
Aph3 235 235
Cg_7 237 237
Iyh4 238 238
Ynh6 240 240
Ulw8 244 244
Qcp5 247 247
Hlq9 250 250
Dum6 251 251
Hst6 252 252
Dem7 256 256
Nkd5 259 259
Fyw8 264 264
Vcs2 266 266
Ynr1 268 268
Xcq0 271 271
Wfn5 274 274
Tgq0 277 277
Msn1 279 279
Bls6 281 281
B_h0 282 282
Agj6 287 287
Oj_1 290 290
Qep4 292 292
Hsu6 295 295
Asm6 298 298
Osd3 301 301
Zlj0 303 303
Twi1 304 304
Ctl1 306 306
Rdp2 308 308
Mbg2 310 310
Min2 313 313
Ehn7 318 318
Kqv4 322 322
Shk6 324 324
Mhp0 328 328
Cjk6 331 331
Srm9 336 336
Quc8 339 339
Xoo0 342 342
Ozw1 345 345
Hsd6 348 348
I_h7 351 351
Us_7 353 353
Z__1 358 358
Pwg4 361 361
Wek5 364 364
Bqz4 366 366
Jsq5 371 371
Vry6 376 376
Yyd2 377 377
Nlx4 380 380
Uez4 383 383
Okc0 388 388
Ihh4 391 391
Vrr1 396 396
X__1 401 401
Gug4 403 403
Fdx7 407 407
Rvi6 410 410
Cq_8 413 413
Pvp1 417 417
Uym4 420 420
E_f4 423 423
Iwf1 425 425
Oln9 428 428
Rjq5 432 432
Ndm4 435 435
Gmu7 436 436
Z_h3 441 441
Wik0 444 444
Xwj6 447 447
Ixm9 451 451
Wl_5 454 454
Haz4 457 457
Mam4 460 460
Xpl7 463 463
Veg3 465 465
Quu9 467 467
Wr_6 469 469
Gyv4 472 472
Rie3 474 474
Egk7 479 479
Vex8 483 483
Dwe3 488 488
Rkk8 491 491
Sng9 494 494
Mvf0 496 496
I__9 499 499
Vvy4 501 501
Jmj4 506 506
Mme7 509 509
Poe7 510 510
Ikj6 513 513
Gfe6 514 514
Bul1 517 517
Wmq7 519 519
Mtt2 522 522
Hth1 525 525
Vd_5 527 527
Oqo1 532 532
Hav2 535 535
Car6 537 537
Sth1 540 540
Inn8 542 542
Icg4 545 545
I__3 546 546
Dsz5 551 551
Rfj8 552 552
Nvw1 553 553
Ubo5 555 555
Qkz1 557 557
Mji9 561 561
X_i1 566 566
Zyc0 568 568
Xdt5 571 571
Zmw4 576 576
Trd5 577 577
Dw_0 580 580
Ucl8 584 584
F_j0 586 586
W_r1 591 591
Yjn8 594 594
Hg_8 598 598
Iv_5 602 602
Kwo3 605 605
Pxy4 606 606
Egv7 608 608
Dhc5 611 611
Rhv8 612 612
Ajn5 613 613
Ujd3 617 617
Xt_2 619 619
Mwo5 623 623
Dhh5 627 627
Ygd5 629 629
Wc_7 633 633
Ecv6 634 634
Nps5 637 637
R_k1 641 641
Joz2 643 643
Qop4 646 646
Wia5 649 649
D__4 652 652
Uds1 656 656
Xah6 658 658
Cps2 662 662
X_o7 663 663
B_c9 666 666
I_k8 667 667
Fio6 669 669
Xeq6 670 670
Gxd3 671 671
Kdq1 675 675
Fel3 678 678
Wtu8 681 681
Epx2 684 684
Cuw4 688 688
Ijy1 689 689
Ifi1 692 692
Sqd3 697 697
Eq_2 699 699
Asp5 702 702
U_s4 704 704
Ccq0 706 706
Qlz0 710 710
Vlg3 712 712
Myd6 717 717
Ayp9 719 719
Mtn3 722 722
Xw_6 725 725
Pej9 729 729
Bdh7 731 731
Rml4 732 732
T_s3 737 737
Fpn3 741 741
Wfs3 746 746
Dwi6 749 749
Qds3 752 752
Glz6 755 755
Iqg2 756 756
Wcp3 759 759
Cbr5 761 761
Xva0 765 765
W_x7 767 767
Xzh4 768 768
Bbs9 773 773
Ci_1 777 777
Ibl4 780 780
Jsw8 783 783
Pmq9 788 788
Dsu4 792 792
Wtm6 793 793
Gpl4 798 798
Wrq3 800 800
U_p5 803 803
Zu_3 808 808
Eil3 810 810
Npb4 813 813
Pwh7 816 816
Nw_5 818 818
Hlm3 821 821
Csq0 823 823
Fmw1 826 826
Rjs8 827 827
O_h6 832 832
Jwh5 834 834
Qxy4 837 837
Sax2 841 841
Csc6 844 844
Dud2 846 846
Dra6 847 847
Kll0 850 850
Ahy8 854 854
Vgn9 856 856
Rij3 861 861
Tkt7 863 863
Dxo4 868 868
Gwf7 870 870
Xld6 872 872
Ewr0 874 874
Pbt4 876 876
Rjt4 878 878
O_c8 881 881
Qcm9 884 884
K_y2 889 889
Pud2 892 892
Udi4 897 897
Kof6 902 902
Tht3 906 906
Kgp0 911 911
Hrc6 914 914
Bhw1 917 917
Qez7 920 920
Sei0 923 923
Mue4 927 927
Vd_0 930 930
Cxc0 934 934
C__3 937 937
Ced3 942 942
Pa_3 944 944
Aoz6 946 946
Tfc5 951 951
Bhf0 952 952
Xdb8 955 955
Ufv8 957 957
Ybh4 961 961
Kbv1 963 963
Uwj9 964 964
Vyz4 967 967
Efe2 972 972
Bof6 975 975
Mau9 978 978
Wd_4 980 980
Hgj3 982 982
Hjy0 983 983
S_n6 984 984
Mcv6 986 986
K_l8 990 990
Vgs6 994 994
Yln6 998 998
Nb_3-Yln6
Qcm9-Fe_1
Pmq9-Ilz2
Hlm3-K_l8
Oeg5-Pcv2
Gug4-Sqq4
Pvp1-Evq1
Oeg5-Mcv6
Hth1-Wrz3
Ybh4-Doa6
Z__1-Mcf1
Pvp1-Wd_4
Fap8-Mtv6
Uym4-Mau9
Vd_0-R_g3
Pvp1-Bof6
Ihh4-Vyz4
Pud2-Kbv1
Bhw1-Fra7
Srm9-Ufv8
Wl_5-Xdb8
Pud2-Fap8
Wl_5-Gfx1
Hlm3-Tfc5
Rvi6-Vvd1
Djs6-Oqz7
Us_7-Nzr6
Hlq9-Mnb7
Cq_8-Mol3
Vd_0-Cxc0
Itn0-Cmh0
Ufo2-U_f7
Mue4-Ufo2
Sei0-Mue4
Qez7-Sei0
D_k6-Qez7
Hrc6-Bhw1
Tht3-Hxr4
Kof6-Tht3
Pud2-Nb_3
K_y2-Pud2
Qcm9-K_y2
O_c8-Qcm9
Pfh5-Ndg1
Ris2-Pfh5
Ewr0-Viw7
Gwf7-Bii1
Dxo4-Gwf7
Tkt7-Dxo4
Ij_1-Vox8
Vgn9-Ij_1
Frd6-Vgn9
Ahy8-Qhf5
Kll0-Ahy8
Dra6-Ctm4
Rg_8-Dud2
Csc6-Rg_8
Sax2-Csc6
Qea4-Sax2
Ed_3-Qea4
Qxy4-Ed_3
Wrh1-Jwh5
Csq0-Fmw1
Nw_5-Hlm3
Dko4-Pwh7
Npb4-Dko4
U_p5-D__7
Pha8-Ztx9
Gpl4-Wrq3
Wtm6-Gpl4
Zrv5-Oto6
Ibl4-Jsw8
Xzh4-Bbs9
W_x7-Xzh4
Qf_2-W_x7
Cbr5-Xva0
Glz6-Iqg2
Ivl8-Glz6
Qds3-Gfu1
Wfs3-Bed2
Qla1-Wfs3
Xke7-M_p6
Rml4-Xke7
Xyo4-Bdh7
Zjl4-Xw_6
Mtn3-Ctm4
Qad8-Mtn3
Myd6-Cg_7
Qlz0-Vlg3
Ccq0-Qlz0
U_s4-Iyh4
Asp5-U_s4
Ulw8-Ynh6
Qcp5-Ulw8
Dum6-Ctm4
Hst6-Dum6
Sqd3-Hst6
Dem7-Sqd3
Nkd5-Dem7
Fyw8-Nkd5
Ifi1-Fyw8
Ijy1-Ifi1
Vcs2-Ijy1
Xcq0-Cuw4
Tgq0-Wfn5
Agj6-B_h0
Wtu8-Agj6
Oj_1-Wtu8
Qep4-Fel3
Kdq1-Qep4
Hsu6-Ctm4
Gxd3-Asm6
Xeq6-Osd3
Fio6-Twi1
I_k8-Fio6
B_c9-Rdp2
Mbg2-B_c9
Cps2-X_o7
Tj_4-Ehn7
Wia5-Ctm4
Kqv4-Wia5
Joz2-Shk6
Mhp0-Joz2
R_k1-Mhp0
Srm9-Cjk6
Quc8-Srm9
Ygd5-Xoo0
Hsd6-Ozw1
I_h7-Xt_2
Us_7-I_h7
Z__1-Us_7
Ujd3-Z__1
Rhv8-Ajn5
Pxy4-Egv7
Kwo3-Pxy4
Iv_5-Kwo3
Hg_8-Iv_5
Yjn8-Hg_8
Dw_0-Ucl8
Yyd2-Vry6
Trd5-Yyd2
Zmw4-Nlx4
Uez4-Zmw4
Xdt5-Uez4
Zyc0-Okc0
Ihh4-Zyc0
Vrr1-X_i1
Gug4-Mji9
Nvw1-Ubo5
Dsz5-Rfj8
Rvi6-I__3
Cq_8-Rvi6
Uym4-Pvp1
Iwf1-E_f4
Oln9-Ctm4
Sth1-Oln9
Gmu7-Ndm4
Hav2-Car6
Oqo1-Wl_5
Mam4-Haz4
Vd_5-Mam4
Wmq7-Mtt2
Bul1-Wmq7
Gfe6-Bul1
Ikj6-Ctm4
Veg3-Ikj6
Poe7-Veg3
Mme7-Poe7
Jmj4-Wr_6
Vvy4-Jmj4
Rkk8-Sng9
Tj_4-Egk7
Egk7-Rie3
Rie3-Dwe3
Dwe3-Rkk8
Sng9-Mvf0
Mvf0-I__9
I__9-Gyv4
Gyv4-Vvy4
Wr_6-Quu9
Quu9-Mme7
Tj_4-Gfe6
Mtt2-Xpl7
Xpl7-Hth1
Hth1-Vd_5
Haz4-Oqo1
Wl_5-Hav2
Car6-Ixm9
Ixm9-Xwj6
Xwj6-Wik0
Wik0-Z_h3
Z_h3-Gmu7
Ndm4-Rjq5
Rjq5-Sth1
Tj_4-Iwf1
E_f4-Inn8
Inn8-Uym4
Pvp1-Icg4
Icg4-Cq_8
I__3-Dsz5
Rfj8-Nvw1
Ubo5-Qkz1
Qkz1-Vex8
Vex8-Ctm4
Tj_4-Fdx7
Fdx7-Gug4
Mji9-X__1
X__1-Vrr1
X_i1-Ihh4
Okc0-Xdt5
Nlx4-Trd5
Vry6-Dw_0
Ucl8-Ctm4
Tj_4-F_j0
F_j0-Jsq5
Jsq5-W_r1
W_r1-Bqz4
Bqz4-Yjn8
Egv7-Dhc5
Dhc5-Wek5
Wek5-Rhv8
Ajn5-Pwg4
Pwg4-Ujd3
Xt_2-Ctm4
Tj_4-Hsd6
Ozw1-Mwo5
Mwo5-Dhh5
Dhh5-Ygd5
Xoo0-Quc8
Cjk6-Wc_7
Wc_7-Ecv6
Ecv6-Nps5
Nps5-R_k1
Shk6-Qop4
Qop4-Kqv4
Ehn7-D__4
D__4-Uds1
Uds1-Xah6
Xah6-Cps2
X_o7-Min2
Min2-Mbg2
Rdp2-Ctl1
Ctl1-I_k8
Twi1-Zlj0
Zlj0-Xeq6
Osd3-Gxd3
Asm6-Hsu6
Tj_4-Kdq1
Fel3-Oj_1
B_h0-Bls6
Bls6-Msn1
Msn1-Tgq0
Wfn5-Epx2
Epx2-Xcq0
Cuw4-Ynr1
Ynr1-Vcs2
Tj_4-Hlq9
Hlq9-Qcp5
Ynh6-Eq_2
Eq_2-Asp5
Iyh4-Ccq0
Vlg3-Myd6
Cg_7-Ayp9
Ayp9-Aph3
Aph3-Qad8
Tj_4-Zjl4
Xw_6-Pej9
Pej9-Xyo4
Bdh7-Cpg1
Cpg1-Yus3
Yus3-Rml4
M_p6-Zjl7
Zjl7-T_s3
T_s3-Fpn3
Fpn3-Qla1
Bed2-Hhq9
Hhq9-Dwi6
Dwi6-Qds3
Gfu1-Ivl8
Iqg2-Ctm4
Tj_4-Wcp3
Wcp3-Cbr5
Xva0-Qf_2
Bbs9-Dyn6
Dyn6-Dus5
Dus5-Ci_1
Ci_1-Ibl4
Jsw8-Pmq9
Pmq9-Dsu4
Dsu4-Zrv5
Oto6-Wtm6
Wrq3-Rru5
Rru5-Wrr1
Wrr1-Pha8
Ztx9-U_p5
D__7-Zu_3
Zu_3-Jdi0
Jdi0-Eil3
Eil3-Cum5
Cum5-Npb4
Pwh7-Nw_5
Hlm3-Csq0
Fmw1-Rjs8
Rjs8-O_h6
O_h6-Djs6
Djs6-Oti1
Oti1-Kex3
Kex3-Wrh1
Jwh5-Qxy4
Dud2-Dra6
Tj_4-Kll0
Qhf5-Oeg5
Oeg5-Prm5
Prm5-Frd6
Vox8-Ije9
Ije9-Rij3
Rij3-Tkt7
Bii1-Xld6
Xld6-Ewr0
Viw7-Pbt4
Pbt4-Ris2
Ndg1-Rjt4
Rjt4-O_c8
Nb_3-Xcf5
Xcf5-Udi4
Udi4-Kof6
Hxr4-Kgp0
Kgp0-Hrc6
Bhw1-D_k6
U_f7-Itn0
Cmh0-Gwk0
Gwk0-Jjt5
Jjt5-Ore1
Ore1-Vd_0
Cxc0-Aco3
Aco3-C__3
C__3-Ctm4
Ccq0-Ced3
Gwf7-Nrw6
Wtu8-Pa_3
Jdi0-Aoz6
Zyc0-Bhf0
Qla1-Tnl5
Mwo5-Kz_1
Tkt7-Ybh4
Eil3-S_k4
Nw_5-Uwj9
Kwo3-Wey9
Gfe6-Efe2
Ndm4-Qka2
Ozw1-Jtl3
Xcf5-Hgj3
Dko4-Hjy0
Gwk0-S_n6
Wtm6-Mqc7
Mji9-Qcy4
Xt_2-Xuk9
Cbr5-Vgs6
#Here is the number of lines required: 33

L1-Kdq1 L2-Zjl4 L3-Gfe6 L4-F_j0 L5-Ehn7 L6-Hsd6 L7-Fdx7 L8-Hlq9 L9-Egk7 L10-Iwf1
L1-Qep4 L11-Kdq1 L2-Xw_6 L12-Zjl4 L3-Bul1 L13-Gfe6 L4-Jsq5 L14-F_j0 L5-D__4 L15-Ehn7 L6-Ozw1 L16-Hsd6 L7-Gug4 L17-Fdx7 L8-Qcp5 L18-Hlq9 L9-Rie3 L19-Egk7 L10-E_f4 L20-Iwf1
L1-Fel3 L11-Qep4 L21-Kdq1 L2-Pej9 L12-Xw_6 L22-Zjl4 L3-Wmq7 L13-Bul1 L23-Gfe6 L4-W_r1 L14-Jsq5 L24-F_j0 L5-Uds1 L15-D__4 L25-Ehn7 L6-Mwo5 L16-Ozw1 L26-Hsd6 L7-Mji9 L17-Gug4 L27-Fdx7 L8-Ulw8 L18-Qcp5 L28-Hlq9 L9-Dwe3 L19-Rie3 L29-Egk7 L10-Inn8 L20-E_f4 L30-Iwf1
L1-Oj_1 L11-Fel3 L21-Qep4 L31-Kdq1 L2-Xyo4 L12-Pej9 L22-Xw_6 L32-Zjl4 L3-Mtt2 L13-Wmq7 L23-Bul1 L33-Gfe6 L4-Bqz4 L14-W_r1 L24-Jsq5 L34-F_j0 L5-Xah6 L15-Uds1 L25-D__4 L35-Ehn7 L6-Dhh5 L16-Mwo5 L26-Ozw1 L36-Hsd6 L7-X__1 L17-Mji9 L27-Gug4 L37-Fdx7 L8-Ynh6 L18-Ulw8 L28-Qcp5 L38-Hlq9 L9-Rkk8 L19-Dwe3 L29-Rie3 L39-Egk7 L10-Uym4 L20-Inn8 L30-E_f4 L40-Iwf1
L1-Wtu8 L11-Oj_1 L21-Fel3 L31-Qep4 L41-Kdq1 L2-Bdh7 L12-Xyo4 L22-Pej9 L32-Xw_6 L42-Zjl4 L3-Xpl7 L13-Mtt2 L23-Wmq7 L33-Bul1 L43-Gfe6 L4-Yjn8 L14-Bqz4 L24-W_r1 L34-Jsq5 L44-F_j0 L5-Cps2 L15-Xah6 L25-Uds1 L35-D__4 L45-Ehn7 L6-Ygd5 L16-Dhh5 L26-Mwo5 L36-Ozw1 L46-Hsd6 L7-Vrr1 L17-X__1 L27-Mji9 L37-Gug4 L47-Fdx7 L8-Eq_2 L18-Ynh6 L28-Ulw8 L38-Qcp5 L48-Hlq9 L9-Sng9 L19-Rkk8 L29-Dwe3 L39-Rie3 L49-Egk7 L10-Pvp1 L20-Uym4 L30-Inn8 L40-E_f4 L50-Iwf1
L1-Agj6 L11-Wtu8 L21-Oj_1 L31-Fel3 L41-Qep4 L51-Kdq1 L2-Cpg1 L12-Bdh7 L22-Xyo4 L32-Pej9 L42-Xw_6 L52-Zjl4 L3-Hth1 L13-Xpl7 L23-Mtt2 L33-Wmq7 L43-Bul1 L53-Gfe6 L4-Hg_8 L14-Yjn8 L24-Bqz4 L34-W_r1 L44-Jsq5 L54-F_j0 L5-X_o7 L15-Cps2 L25-Xah6 L35-Uds1 L45-D__4 L55-Ehn7 L6-Xoo0 L16-Ygd5 L26-Dhh5 L36-Mwo5 L46-Ozw1 L56-Hsd6 L7-X_i1 L17-Vrr1 L27-X__1 L37-Mji9 L47-Gug4 L57-Fdx7 L8-Asp5 L18-Eq_2 L28-Ynh6 L38-Ulw8 L48-Qcp5 L58-Hlq9 L9-Mvf0 L19-Sng9 L29-Rkk8 L39-Dwe3 L49-Rie3 L59-Egk7 L10-Icg4 L20-Pvp1 L30-Uym4 L40-Inn8 L50-E_f4 L60-Iwf1
L1-B_h0 L11-Agj6 L21-Wtu8 L31-Oj_1 L41-Fel3 L51-Qep4 L61-Kdq1 L2-Yus3 L12-Cpg1 L22-Bdh7 L32-Xyo4 L42-Pej9 L52-Xw_6 L62-Zjl4 L3-Vd_5 L13-Hth1 L23-Xpl7 L33-Mtt2 L43-Wmq7 L53-Bul1 L63-Gfe6 L4-Iv_5 L14-Hg_8 L24-Yjn8 L34-Bqz4 L44-W_r1 L54-Jsq5 L64-F_j0 L5-Mbg2 L15-X_o7 L25-Cps2 L35-Xah6 L45-Uds1 L55-D__4 L65-Ehn7 L6-Quc8 L16-Xoo0 L26-Ygd5 L36-Dhh5 L46-Mwo5 L56-Ozw1 L66-Hsd6 L7-Ihh4 L17-X_i1 L27-Vrr1 L37-X__1 L47-Mji9 L57-Gug4 L67-Fdx7 L8-U_s4 L18-Asp5 L28-Eq_2 L38-Ynh6 L48-Ulw8 L58-Qcp5 L68-Hlq9 L9-I__9 L19-Mvf0 L29-Sng9 L39-Rkk8 L49-Dwe3 L59-Rie3 L69-Egk7 L10-Cq_8 L20-Icg4 L30-Pvp1 L40-Uym4 L50-Inn8 L60-E_f4 L70-Iwf1
L1-Bls6 L11-B_h0 L21-Agj6 L31-Wtu8 L41-Oj_1 L51-Fel3 L61-Qep4 L71-Kdq1 L2-Rml4 L12-Yus3 L22-Cpg1 L32-Bdh7 L42-Xyo4 L52-Pej9 L62-Xw_6 L72-Zjl4 L3-Mam4 L13-Vd_5 L23-Hth1 L33-Xpl7 L43-Mtt2 L53-Wmq7 L63-Bul1 L73-Gfe6 L4-Kwo3 L14-Iv_5 L24-Hg_8 L34-Yjn8 L44-Bqz4 L54-W_r1 L64-Jsq5 L74-F_j0 L5-B_c9 L15-Mbg2 L25-X_o7 L35-Cps2 L45-Xah6 L55-Uds1 L65-D__4 L75-Ehn7 L6-Srm9 L16-Quc8 L26-Xoo0 L36-Ygd5 L46-Dhh5 L56-Mwo5 L66-Ozw1 L76-Hsd6 L7-Zyc0 L17-Ihh4 L27-X_i1 L37-Vrr1 L47-X__1 L57-Mji9 L67-Gug4 L77-Fdx7 L8-Iyh4 L18-U_s4 L28-Asp5 L38-Eq_2 L48-Ynh6 L58-Ulw8 L68-Qcp5 L78-Hlq9 L9-Gyv4 L19-I__9 L29-Mvf0 L39-Sng9 L49-Rkk8 L59-Dwe3 L69-Rie3 L79-Egk7 L10-Rvi6 L20-Cq_8 L30-Icg4 L40-Pvp1 L50-Uym4 L60-Inn8 L70-E_f4 L80-Iwf1
L1-Msn1 L11-Bls6 L21-B_h0 L31-Agj6 L41-Wtu8 L51-Oj_1 L61-Fel3 L71-Qep4 L81-Kdq1 L2-Xke7 L12-Rml4 L22-Yus3 L32-Cpg1 L42-Bdh7 L52-Xyo4 L62-Pej9 L72-Xw_6 L82-Zjl4 L3-Haz4 L13-Mam4 L23-Vd_5 L33-Hth1 L43-Xpl7 L53-Mtt2 L63-Wmq7 L73-Bul1 L83-Gfe6 L4-Pxy4 L14-Kwo3 L24-Iv_5 L34-Hg_8 L44-Yjn8 L54-Bqz4 L64-W_r1 L74-Jsq5 L84-F_j0 L5-Rdp2 L15-B_c9 L25-Mbg2 L35-X_o7 L45-Cps2 L55-Xah6 L65-Uds1 L75-D__4 L85-Ehn7 L6-Cjk6 L16-Srm9 L26-Quc8 L36-Xoo0 L46-Ygd5 L56-Dhh5 L66-Mwo5 L76-Ozw1 L86-Hsd6 L7-Okc0 L17-Zyc0 L27-Ihh4 L37-X_i1 L47-Vrr1 L57-X__1 L67-Mji9 L77-Gug4 L87-Fdx7 L8-Ccq0 L18-Iyh4 L28-U_s4 L38-Asp5 L48-Eq_2 L58-Ynh6 L68-Ulw8 L78-Qcp5 L88-Hlq9 L9-Vvy4 L19-Gyv4 L29-I__9 L39-Mvf0 L49-Sng9 L59-Rkk8 L69-Dwe3 L79-Rie3 L89-Egk7 L10-I__3 L20-Rvi6 L30-Cq_8 L40-Icg4 L50-Pvp1 L60-Uym4 L70-Inn8 L80-E_f4 L90-Iwf1
L1-Tgq0 L11-Msn1 L21-Bls6 L31-B_h0 L41-Agj6 L51-Wtu8 L61-Oj_1 L71-Fel3 L81-Qep4 L91-Kdq1 L2-M_p6 L12-Xke7 L22-Rml4 L32-Yus3 L42-Cpg1 L52-Bdh7 L62-Xyo4 L72-Pej9 L82-Xw_6 L92-Zjl4 L3-Oqo1 L13-Haz4 L23-Mam4 L33-Vd_5 L43-Hth1 L53-Xpl7 L63-Mtt2 L73-Wmq7 L83-Bul1 L93-Gfe6 L4-Egv7 L14-Pxy4 L24-Kwo3 L34-Iv_5 L44-Hg_8 L54-Yjn8 L64-Bqz4 L74-W_r1 L84-Jsq5 L94-F_j0 L5-Ctl1 L15-Rdp2 L25-B_c9 L35-Mbg2 L45-X_o7 L55-Cps2 L65-Xah6 L75-Uds1 L85-D__4 L95-Ehn7 L6-Wc_7 L16-Cjk6 L26-Srm9 L36-Quc8 L46-Xoo0 L56-Ygd5 L66-Dhh5 L76-Mwo5 L86-Ozw1 L96-Hsd6 L7-Xdt5 L17-Okc0 L27-Zyc0 L37-Ihh4 L47-X_i1 L57-Vrr1 L67-X__1 L77-Mji9 L87-Gug4 L97-Fdx7 L8-Qlz0 L18-Ccq0 L28-Iyh4 L38-U_s4 L48-Asp5 L58-Eq_2 L68-Ynh6 L78-Ulw8 L88-Qcp5 L98-Hlq9 L9-Jmj4 L19-Vvy4 L29-Gyv4 L39-I__9 L49-Mvf0 L59-Sng9 L69-Rkk8 L79-Dwe3 L89-Rie3 L99-Egk7 L10-Dsz5 L20-I__3 L30-Rvi6 L40-Cq_8 L50-Icg4 L60-Pvp1 L70-Uym4 L80-Inn8 L90-E_f4 L100-Iwf1
L1-Wfn5 L11-Tgq0 L21-Msn1 L31-Bls6 L41-B_h0 L51-Agj6 L61-Wtu8 L71-Oj_1 L81-Fel3 L91-Qep4 L101-Kdq1 L2-Zjl7 L12-M_p6 L22-Xke7 L32-Rml4 L42-Yus3 L52-Cpg1 L62-Bdh7 L72-Xyo4 L82-Pej9 L92-Xw_6 L102-Zjl4 L3-Wl_5 L13-Oqo1 L23-Haz4 L33-Mam4 L43-Vd_5 L53-Hth1 L63-Xpl7 L73-Mtt2 L83-Wmq7 L93-Bul1 L103-Gfe6 L4-Dhc5 L14-Egv7 L24-Pxy4 L34-Kwo3 L44-Iv_5 L54-Hg_8 L64-Yjn8 L74-Bqz4 L84-W_r1 L94-Jsq5 L104-F_j0 L5-I_k8 L15-Ctl1 L25-Rdp2 L35-B_c9 L45-Mbg2 L55-X_o7 L65-Cps2 L75-Xah6 L85-Uds1 L95-D__4 L105-Ehn7 L6-Ecv6 L16-Wc_7 L26-Cjk6 L36-Srm9 L46-Quc8 L56-Xoo0 L66-Ygd5 L76-Dhh5 L86-Mwo5 L96-Ozw1 L106-Hsd6 L7-Uez4 L17-Xdt5 L27-Okc0 L37-Zyc0 L47-Ihh4 L57-X_i1 L67-Vrr1 L77-X__1 L87-Mji9 L97-Gug4 L107-Fdx7 L8-Vlg3 L18-Qlz0 L28-Ccq0 L38-Iyh4 L48-U_s4 L58-Asp5 L68-Eq_2 L78-Ynh6 L88-Ulw8 L98-Qcp5 L108-Hlq9 L9-Wr_6 L19-Jmj4 L29-Vvy4 L39-Gyv4 L49-I__9 L59-Mvf0 L69-Sng9 L79-Rkk8 L89-Dwe3 L99-Rie3 L109-Egk7 L10-Rfj8 L20-Dsz5 L30-I__3 L40-Rvi6 L50-Cq_8 L60-Icg4 L70-Pvp1 L80-Uym4 L90-Inn8 L100-E_f4 L110-Iwf1
L1-Epx2 L11-Wfn5 L21-Tgq0 L31-Msn1 L41-Bls6 L51-B_h0 L61-Agj6 L71-Wtu8 L81-Oj_1 L91-Fel3 L101-Qep4 L111-Kdq1 L2-T_s3 L12-Zjl7 L22-M_p6 L32-Xke7 L42-Rml4 L52-Yus3 L62-Cpg1 L72-Bdh7 L82-Xyo4 L92-Pej9 L102-Xw_6 L112-Zjl4 L3-Hav2 L13-Wl_5 L23-Oqo1 L33-Haz4 L43-Mam4 L53-Vd_5 L63-Hth1 L73-Xpl7 L83-Mtt2 L93-Wmq7 L103-Bul1 L113-Gfe6 L4-Wek5 L14-Dhc5 L24-Egv7 L34-Pxy4 L44-Kwo3 L54-Iv_5 L64-Hg_8 L74-Yjn8 L84-Bqz4 L94-W_r1 L104-Jsq5 L114-F_j0 L5-Fio6 L15-I_k8 L25-Ctl1 L35-Rdp2 L45-B_c9 L55-Mbg2 L65-X_o7 L75-Cps2 L85-Xah6 L95-Uds1 L105-D__4 L115-Ehn7 L6-Nps5 L16-Ecv6 L26-Wc_7 L36-Cjk6 L46-Srm9 L56-Quc8 L66-Xoo0 L76-Ygd5 L86-Dhh5 L96-Mwo5 L106-Ozw1 L116-Hsd6 L7-Zmw4 L17-Uez4 L27-Xdt5 L37-Okc0 L47-Zyc0 L57-Ihh4 L67-X_i1 L77-Vrr1 L87-X__1 L97-Mji9 L107-Gug4 L117-Fdx7 L8-Myd6 L18-Vlg3 L28-Qlz0 L38-Ccq0 L48-Iyh4 L58-U_s4 L68-Asp5 L78-Eq_2 L88-Ynh6 L98-Ulw8 L108-Qcp5 L118-Hlq9 L9-Quu9 L19-Wr_6 L29-Jmj4 L39-Vvy4 L49-Gyv4 L59-I__9 L69-Mvf0 L79-Sng9 L89-Rkk8 L99-Dwe3 L109-Rie3 L119-Egk7 L10-Nvw1 L20-Rfj8 L30-Dsz5 L40-I__3 L50-Rvi6 L60-Cq_8 L70-Icg4 L80-Pvp1 L90-Uym4 L100-Inn8 L110-E_f4 L120-Iwf1
L1-Xcq0 L11-Epx2 L21-Wfn5 L31-Tgq0 L41-Msn1 L51-Bls6 L61-B_h0 L71-Agj6 L81-Wtu8 L91-Oj_1 L101-Fel3 L111-Qep4 L2-Fpn3 L12-T_s3 L22-Zjl7 L32-M_p6 L42-Xke7 L52-Rml4 L62-Yus3 L72-Cpg1 L82-Bdh7 L92-Xyo4 L102-Pej9 L112-Xw_6 L3-Car6 L13-Hav2 L23-Wl_5 L33-Oqo1 L43-Haz4 L53-Mam4 L63-Vd_5 L73-Hth1 L83-Xpl7 L93-Mtt2 L103-Wmq7 L113-Bul1 L4-Rhv8 L14-Wek5 L24-Dhc5 L34-Egv7 L44-Pxy4 L54-Kwo3 L64-Iv_5 L74-Hg_8 L84-Yjn8 L94-Bqz4 L104-W_r1 L114-Jsq5 L121-F_j0 L5-Twi1 L15-Fio6 L25-I_k8 L35-Ctl1 L45-Rdp2 L55-B_c9 L65-Mbg2 L75-X_o7 L85-Cps2 L95-Xah6 L105-Uds1 L115-D__4 L122-Ehn7 L6-R_k1 L16-Nps5 L26-Ecv6 L36-Wc_7 L46-Cjk6 L56-Srm9 L66-Quc8 L76-Xoo0 L86-Ygd5 L96-Dhh5 L106-Mwo5 L116-Ozw1 L123-Hsd6 L7-Nlx4 L17-Zmw4 L27-Uez4 L37-Xdt5 L47-Okc0 L57-Zyc0 L67-Ihh4 L77-X_i1 L87-Vrr1 L97-X__1 L107-Mji9 L117-Gug4 L124-Fdx7 L8-Cg_7 L18-Myd6 L28-Vlg3 L38-Qlz0 L48-Ccq0 L58-Iyh4 L68-U_s4 L78-Asp5 L88-Eq_2 L98-Ynh6 L108-Ulw8 L118-Qcp5 L125-Hlq9 L9-Mme7 L19-Quu9 L29-Wr_6 L39-Jmj4 L49-Vvy4 L59-Gyv4 L69-I__9 L79-Mvf0 L89-Sng9 L99-Rkk8 L109-Dwe3 L119-Rie3 L126-Egk7 L10-Ubo5 L20-Nvw1 L30-Rfj8 L40-Dsz5 L50-I__3 L60-Rvi6 L70-Cq_8 L80-Icg4 L90-Pvp1 L100-Uym4 L110-Inn8 L120-E_f4 L127-Iwf1
L1-Cuw4 L11-Xcq0 L21-Epx2 L31-Wfn5 L41-Tgq0 L51-Msn1 L61-Bls6 L71-B_h0 L81-Agj6 L91-Wtu8 L101-Oj_1 L111-Fel3 L2-Qla1 L12-Fpn3 L22-T_s3 L32-Zjl7 L42-M_p6 L52-Xke7 L62-Rml4 L72-Yus3 L82-Cpg1 L92-Bdh7 L102-Xyo4 L112-Pej9 L3-Ixm9 L13-Car6 L23-Hav2 L33-Wl_5 L43-Oqo1 L53-Haz4 L63-Mam4 L73-Vd_5 L83-Hth1 L93-Xpl7 L103-Mtt2 L113-Wmq7 L4-Ajn5 L14-Rhv8 L24-Wek5 L34-Dhc5 L44-Egv7 L54-Pxy4 L64-Kwo3 L74-Iv_5 L84-Hg_8 L94-Yjn8 L104-Bqz4 L114-W_r1 L121-Jsq5 L5-Zlj0 L15-Twi1 L25-Fio6 L35-I_k8 L45-Ctl1 L55-Rdp2 L65-B_c9 L75-Mbg2 L85-X_o7 L95-Cps2 L105-Xah6 L115-Uds1 L122-D__4 L6-Mhp0 L16-R_k1 L26-Nps5 L36-Ecv6 L46-Wc_7 L56-Cjk6 L66-Srm9 L76-Quc8 L86-Xoo0 L96-Ygd5 L106-Dhh5 L116-Mwo5 L123-Ozw1 L7-Trd5 L17-Nlx4 L27-Zmw4 L37-Uez4 L47-Xdt5 L57-Okc0 L67-Zyc0 L77-Ihh4 L87-X_i1 L97-Vrr1 L107-X__1 L117-Mji9 L124-Gug4 L8-Ayp9 L18-Cg_7 L28-Myd6 L38-Vlg3 L48-Qlz0 L58-Ccq0 L68-Iyh4 L78-U_s4 L88-Asp5 L98-Eq_2 L108-Ynh6 L118-Ulw8 L125-Qcp5 L9-Poe7 L19-Mme7 L29-Quu9 L39-Wr_6 L49-Jmj4 L59-Vvy4 L69-Gyv4 L79-I__9 L89-Mvf0 L99-Sng9 L109-Rkk8 L119-Dwe3 L126-Rie3 L10-Qkz1 L20-Ubo5 L30-Nvw1 L40-Rfj8 L50-Dsz5 L60-I__3 L70-Rvi6 L80-Cq_8 L90-Icg4 L100-Pvp1 L110-Uym4 L120-Inn8 L127-E_f4
L1-Ynr1 L11-Cuw4 L21-Xcq0 L31-Epx2 L41-Wfn5 L51-Tgq0 L61-Msn1 L71-Bls6 L81-B_h0 L91-Agj6 L101-Wtu8 L111-Oj_1 L2-Wfs3 L12-Qla1 L22-Fpn3 L32-T_s3 L42-Zjl7 L52-M_p6 L62-Xke7 L72-Rml4 L82-Yus3 L92-Cpg1 L102-Bdh7 L112-Xyo4 L3-Xwj6 L13-Ixm9 L23-Car6 L33-Hav2 L43-Wl_5 L53-Oqo1 L63-Haz4 L73-Mam4 L83-Vd_5 L93-Hth1 L103-Xpl7 L113-Mtt2 L4-Pwg4 L14-Ajn5 L24-Rhv8 L34-Wek5 L44-Dhc5 L54-Egv7 L64-Pxy4 L74-Kwo3 L84-Iv_5 L94-Hg_8 L104-Yjn8 L114-Bqz4 L121-W_r1 L5-Xeq6 L15-Zlj0 L25-Twi1 L35-Fio6 L45-I_k8 L55-Ctl1 L65-Rdp2 L75-B_c9 L85-Mbg2 L95-X_o7 L105-Cps2 L115-Xah6 L122-Uds1 L6-Joz2 L16-Mhp0 L26-R_k1 L36-Nps5 L46-Ecv6 L56-Wc_7 L66-Cjk6 L76-Srm9 L86-Quc8 L96-Xoo0 L106-Ygd5 L116-Dhh5 L123-Mwo5 L7-Yyd2 L17-Trd5 L27-Nlx4 L37-Zmw4 L47-Uez4 L57-Xdt5 L67-Okc0 L77-Zyc0 L87-Ihh4 L97-X_i1 L107-Vrr1 L117-X__1 L124-Mji9 L8-Aph3 L18-Ayp9 L28-Cg_7 L38-Myd6 L48-Vlg3 L58-Qlz0 L68-Ccq0 L78-Iyh4 L88-U_s4 L98-Asp5 L108-Eq_2 L118-Ynh6 L125-Ulw8 L9-Veg3 L19-Poe7 L29-Mme7 L39-Quu9 L49-Wr_6 L59-Jmj4 L69-Vvy4 L79-Gyv4 L89-I__9 L99-Mvf0 L109-Sng9 L119-Rkk8 L126-Dwe3 L10-Vex8 L20-Qkz1 L30-Ubo5 L40-Nvw1 L50-Rfj8 L60-Dsz5 L70-I__3 L80-Rvi6 L90-Cq_8 L100-Icg4 L110-Pvp1 L120-Uym4 L127-Inn8
L1-Vcs2 L11-Ynr1 L21-Cuw4 L31-Xcq0 L41-Epx2 L51-Wfn5 L61-Tgq0 L71-Msn1 L81-Bls6 L91-B_h0 L101-Agj6 L111-Wtu8 L2-Bed2 L12-Wfs3 L22-Qla1 L32-Fpn3 L42-T_s3 L52-Zjl7 L62-M_p6 L72-Xke7 L82-Rml4 L92-Yus3 L102-Cpg1 L112-Bdh7 L3-Wik0 L13-Xwj6 L23-Ixm9 L33-Car6 L43-Hav2 L53-Wl_5 L63-Oqo1 L73-Haz4 L83-Mam4 L93-Vd_5 L103-Hth1 L113-Xpl7 L4-Ujd3 L14-Pwg4 L24-Ajn5 L34-Rhv8 L44-Wek5 L54-Dhc5 L64-Egv7 L74-Pxy4 L84-Kwo3 L94-Iv_5 L104-Hg_8 L114-Yjn8 L121-Bqz4 L5-Osd3 L15-Xeq6 L25-Zlj0 L35-Twi1 L45-Fio6 L55-I_k8 L65-Ctl1 L75-Rdp2 L85-B_c9 L95-Mbg2 L105-X_o7 L115-Cps2 L122-Xah6 L6-Shk6 L16-Joz2 L26-Mhp0 L36-R_k1 L46-Nps5 L56-Ecv6 L66-Wc_7 L76-Cjk6 L86-Srm9 L96-Quc8 L106-Xoo0 L116-Ygd5 L123-Dhh5 L7-Vry6 L17-Yyd2 L27-Trd5 L37-Nlx4 L47-Zmw4 L57-Uez4 L67-Xdt5 L77-Okc0 L87-Zyc0 L97-Ihh4 L107-X_i1 L117-Vrr1 L124-X__1 L8-Qad8 L18-Aph3 L28-Ayp9 L38-Cg_7 L48-Myd6 L58-Vlg3 L68-Qlz0 L78-Ccq0 L88-Iyh4 L98-U_s4 L108-Asp5 L118-Eq_2 L125-Ynh6 L9-Ikj6 L19-Veg3 L29-Poe7 L39-Mme7 L49-Quu9 L59-Wr_6 L69-Jmj4 L79-Vvy4 L89-Gyv4 L99-I__9 L109-Mvf0 L119-Sng9 L126-Rkk8 L10-Ctm4 L20-Vex8 L30-Qkz1 L40-Ubo5 L50-Nvw1 L60-Rfj8 L70-Dsz5 L80-I__3 L90-Rvi6 L100-Cq_8 L110-Icg4 L120-Pvp1 L127-Uym4
L1-Ijy1 L11-Vcs2 L21-Ynr1 L31-Cuw4 L41-Xcq0 L51-Epx2 L61-Wfn5 L71-Tgq0 L81-Msn1 L91-Bls6 L101-B_h0 L111-Agj6 L2-Hhq9 L12-Bed2 L22-Wfs3 L32-Qla1 L42-Fpn3 L52-T_s3 L62-Zjl7 L72-M_p6 L82-Xke7 L92-Rml4 L102-Yus3 L112-Cpg1 L3-Z_h3 L13-Wik0 L23-Xwj6 L33-Ixm9 L43-Car6 L53-Hav2 L63-Wl_5 L73-Oqo1 L83-Haz4 L93-Mam4 L103-Vd_5 L113-Hth1 L4-Z__1 L14-Ujd3 L24-Pwg4 L34-Ajn5 L44-Rhv8 L54-Wek5 L64-Dhc5 L74-Egv7 L84-Pxy4 L94-Kwo3 L104-Iv_5 L114-Hg_8 L121-Yjn8 L5-Gxd3 L15-Osd3 L25-Xeq6 L35-Zlj0 L45-Twi1 L55-Fio6 L65-I_k8 L75-Ctl1 L85-Rdp2 L95-B_c9 L105-Mbg2 L115-X_o7 L122-Cps2 L6-Qop4 L16-Shk6 L26-Joz2 L36-Mhp0 L46-R_k1 L56-Nps5 L66-Ecv6 L76-Wc_7 L86-Cjk6 L96-Srm9 L106-Quc8 L116-Xoo0 L123-Ygd5 L7-Dw_0 L17-Vry6 L27-Yyd2 L37-Trd5 L47-Nlx4 L57-Zmw4 L67-Uez4 L77-Xdt5 L87-Okc0 L97-Zyc0 L107-Ihh4 L117-X_i1 L124-Vrr1 L8-Mtn3 L18-Qad8 L28-Aph3 L38-Ayp9 L48-Cg_7 L58-Myd6 L68-Vlg3 L78-Qlz0 L88-Ccq0 L98-Iyh4 L108-U_s4 L118-Asp5 L125-Eq_2 L9-Ctm4 L19-Ikj6 L29-Veg3 L39-Poe7 L49-Mme7 L59-Quu9 L69-Wr_6 L79-Jmj4 L89-Vvy4 L99-Gyv4 L109-I__9 L119-Mvf0 L126-Sng9 L20-Ctm4 L30-Vex8 L40-Qkz1 L50-Ubo5 L60-Nvw1 L70-Rfj8 L80-Dsz5 L90-I__3 L100-Rvi6 L110-Cq_8 L120-Icg4 L127-Pvp1
L1-Ifi1 L11-Ijy1 L21-Vcs2 L31-Ynr1 L41-Cuw4 L51-Xcq0 L61-Epx2 L71-Wfn5 L81-Tgq0 L91-Msn1 L101-Bls6 L111-B_h0 L2-Dwi6 L12-Hhq9 L22-Bed2 L32-Wfs3 L42-Qla1 L52-Fpn3 L62-T_s3 L72-Zjl7 L82-M_p6 L92-Xke7 L102-Rml4 L112-Yus3 L3-Gmu7 L13-Z_h3 L23-Wik0 L33-Xwj6 L43-Ixm9 L53-Car6 L63-Hav2 L73-Wl_5 L83-Oqo1 L93-Haz4 L103-Mam4 L113-Vd_5 L4-Us_7 L14-Z__1 L24-Ujd3 L34-Pwg4 L44-Ajn5 L54-Rhv8 L64-Wek5 L74-Dhc5 L84-Egv7 L94-Pxy4 L104-Kwo3 L114-Iv_5 L121-Hg_8 L5-Asm6 L15-Gxd3 L25-Osd3 L35-Xeq6 L45-Zlj0 L55-Twi1 L65-Fio6 L75-I_k8 L85-Ctl1 L95-Rdp2 L105-B_c9 L115-Mbg2 L122-X_o7 L6-Kqv4 L16-Qop4 L26-Shk6 L36-Joz2 L46-Mhp0 L56-R_k1 L66-Nps5 L76-Ecv6 L86-Wc_7 L96-Cjk6 L106-Srm9 L116-Quc8 L123-Xoo0 L7-Ucl8 L17-Dw_0 L27-Vry6 L37-Yyd2 L47-Trd5 L57-Nlx4 L67-Zmw4 L77-Uez4 L87-Xdt5 L97-Okc0 L107-Zyc0 L117-Ihh4 L124-X_i1 L8-Ctm4 L18-Mtn3 L28-Qad8 L38-Aph3 L48-Ayp9 L58-Cg_7 L68-Myd6 L78-Vlg3 L88-Qlz0 L98-Ccq0 L108-Iyh4 L118-U_s4 L125-Asp5 L19-Ctm4 L29-Ikj6 L39-Veg3 L49-Poe7 L59-Mme7 L69-Quu9 L79-Wr_6 L89-Jmj4 L99-Vvy4 L109-Gyv4 L119-I__9 L126-Mvf0 L30-Ctm4 L40-Vex8 L50-Qkz1 L60-Ubo5 L70-Nvw1 L80-Rfj8 L90-Dsz5 L100-I__3 L110-Rvi6 L120-Cq_8 L127-Icg4
L1-Fyw8 L11-Ifi1 L21-Ijy1 L31-Vcs2 L41-Ynr1 L51-Cuw4 L61-Xcq0 L71-Epx2 L81-Wfn5 L91-Tgq0 L101-Msn1 L111-Bls6 L2-Qds3 L12-Dwi6 L22-Hhq9 L32-Bed2 L42-Wfs3 L52-Qla1 L62-Fpn3 L72-T_s3 L82-Zjl7 L92-M_p6 L102-Xke7 L112-Rml4 L3-Ndm4 L13-Gmu7 L23-Z_h3 L33-Wik0 L43-Xwj6 L53-Ixm9 L63-Car6 L73-Hav2 L83-Wl_5 L93-Oqo1 L103-Haz4 L113-Mam4 L4-I_h7 L14-Us_7 L24-Z__1 L34-Ujd3 L44-Pwg4 L54-Ajn5 L64-Rhv8 L74-Wek5 L84-Dhc5 L94-Egv7 L104-Pxy4 L114-Kwo3 L121-Iv_5 L5-Hsu6 L15-Asm6 L25-Gxd3 L35-Osd3 L45-Xeq6 L55-Zlj0 L65-Twi1 L75-Fio6 L85-I_k8 L95-Ctl1 L105-Rdp2 L115-B_c9 L122-Mbg2 L6-Wia5 L16-Kqv4 L26-Qop4 L36-Shk6 L46-Joz2 L56-Mhp0 L66-R_k1 L76-Nps5 L86-Ecv6 L96-Wc_7 L106-Cjk6 L116-Srm9 L123-Quc8 L7-Ctm4 L17-Ucl8 L27-Dw_0 L37-Vry6 L47-Yyd2 L57-Trd5 L67-Nlx4 L77-Zmw4 L87-Uez4 L97-Xdt5 L107-Okc0 L117-Zyc0 L124-Ihh4 L18-Ctm4 L28-Mtn3 L38-Qad8 L48-Aph3 L58-Ayp9 L68-Cg_7 L78-Myd6 L88-Vlg3 L98-Qlz0 L108-Ccq0 L118-Iyh4 L125-U_s4 L29-Ctm4 L39-Ikj6 L49-Veg3 L59-Poe7 L69-Mme7 L79-Quu9 L89-Wr_6 L99-Jmj4 L109-Vvy4 L119-Gyv4 L126-I__9 L40-Ctm4 L50-Vex8 L60-Qkz1 L70-Ubo5 L80-Nvw1 L90-Rfj8 L100-Dsz5 L110-I__3 L120-Rvi6 L127-Cq_8
L1-Nkd5 L11-Fyw8 L21-Ifi1 L31-Ijy1 L41-Vcs2 L51-Ynr1 L61-Cuw4 L71-Xcq0 L81-Epx2 L91-Wfn5 L101-Tgq0 L111-Msn1 L2-Gfu1 L12-Qds3 L22-Dwi6 L32-Hhq9 L42-Bed2 L52-Wfs3 L62-Qla1 L72-Fpn3 L82-T_s3 L92-Zjl7 L102-M_p6 L112-Xke7 L3-Rjq5 L13-Ndm4 L23-Gmu7 L33-Z_h3 L43-Wik0 L53-Xwj6 L63-Ixm9 L73-Car6 L83-Hav2 L93-Wl_5 L103-Oqo1 L113-Haz4 L4-Xt_2 L14-I_h7 L24-Us_7 L34-Z__1 L44-Ujd3 L54-Pwg4 L64-Ajn5 L74-Rhv8 L84-Wek5 L94-Dhc5 L104-Egv7 L114-Pxy4 L121-Kwo3 L5-Ctm4 L15-Hsu6 L25-Asm6 L35-Gxd3 L45-Osd3 L55-Xeq6 L65-Zlj0 L75-Twi1 L85-Fio6 L95-I_k8 L105-Ctl1 L115-Rdp2 L122-B_c9 L6-Ctm4 L16-Wia5 L26-Kqv4 L36-Qop4 L46-Shk6 L56-Joz2 L66-Mhp0 L76-R_k1 L86-Nps5 L96-Ecv6 L106-Wc_7 L116-Cjk6 L123-Srm9 L17-Ctm4 L27-Ucl8 L37-Dw_0 L47-Vry6 L57-Yyd2 L67-Trd5 L77-Nlx4 L87-Zmw4 L97-Uez4 L107-Xdt5 L117-Okc0 L124-Zyc0 L28-Ctm4 L38-Mtn3 L48-Qad8 L58-Aph3 L68-Ayp9 L78-Cg_7 L88-Myd6 L98-Vlg3 L108-Qlz0 L118-Ccq0 L125-Iyh4 L39-Ctm4 L49-Ikj6 L59-Veg3 L69-Poe7 L79-Mme7 L89-Quu9 L99-Wr_6 L109-Jmj4 L119-Vvy4 L126-Gyv4 L50-Ctm4 L60-Vex8 L70-Qkz1 L80-Ubo5 L90-Nvw1 L100-Rfj8 L110-Dsz5 L120-I__3 L127-Rvi6
L1-Dem7 L11-Nkd5 L21-Fyw8 L31-Ifi1 L41-Ijy1 L51-Vcs2 L61-Ynr1 L71-Cuw4 L81-Xcq0 L91-Epx2 L101-Wfn5 L111-Tgq0 L2-Ivl8 L12-Gfu1 L22-Qds3 L32-Dwi6 L42-Hhq9 L52-Bed2 L62-Wfs3 L72-Qla1 L82-Fpn3 L92-T_s3 L102-Zjl7 L112-M_p6 L3-Sth1 L13-Rjq5 L23-Ndm4 L33-Gmu7 L43-Z_h3 L53-Wik0 L63-Xwj6 L73-Ixm9 L83-Car6 L93-Hav2 L103-Wl_5 L113-Oqo1 L4-Ctm4 L14-Xt_2 L24-I_h7 L34-Us_7 L44-Z__1 L54-Ujd3 L64-Pwg4 L74-Ajn5 L84-Rhv8 L94-Wek5 L104-Dhc5 L114-Egv7 L121-Pxy4 L15-Ctm4 L25-Hsu6 L35-Asm6 L45-Gxd3 L55-Osd3 L65-Xeq6 L75-Zlj0 L85-Twi1 L95-Fio6 L105-I_k8 L115-Ctl1 L122-Rdp2 L16-Ctm4 L26-Wia5 L36-Kqv4 L46-Qop4 L56-Shk6 L66-Joz2 L76-Mhp0 L86-R_k1 L96-Nps5 L106-Ecv6 L116-Wc_7 L123-Cjk6 L27-Ctm4 L37-Ucl8 L47-Dw_0 L57-Vry6 L67-Yyd2 L77-Trd5 L87-Nlx4 L97-Zmw4 L107-Uez4 L117-Xdt5 L124-Okc0 L38-Ctm4 L48-Mtn3 L58-Qad8 L68-Aph3 L78-Ayp9 L88-Cg_7 L98-Myd6 L108-Vlg3 L118-Qlz0 L125-Ccq0 L49-Ctm4 L59-Ikj6 L69-Veg3 L79-Poe7 L89-Mme7 L99-Quu9 L109-Wr_6 L119-Jmj4 L126-Vvy4 L60-Ctm4 L70-Vex8 L80-Qkz1 L90-Ubo5 L100-Nvw1 L110-Rfj8 L120-Dsz5 L127-I__3
L1-Sqd3 L11-Dem7 L21-Nkd5 L31-Fyw8 L41-Ifi1 L51-Ijy1 L61-Vcs2 L71-Ynr1 L81-Cuw4 L91-Xcq0 L101-Epx2 L111-Wfn5 L2-Glz6 L12-Ivl8 L22-Gfu1 L32-Qds3 L42-Dwi6 L52-Hhq9 L62-Bed2 L72-Wfs3 L82-Qla1 L92-Fpn3 L102-T_s3 L112-Zjl7 L3-Oln9 L13-Sth1 L23-Rjq5 L33-Ndm4 L43-Gmu7 L53-Z_h3 L63-Wik0 L73-Xwj6 L83-Ixm9 L93-Car6 L103-Hav2 L113-Wl_5 L14-Ctm4 L24-Xt_2 L34-I_h7 L44-Us_7 L54-Z__1 L64-Ujd3 L74-Pwg4 L84-Ajn5 L94-Rhv8 L104-Wek5 L114-Dhc5 L121-Egv7 L25-Ctm4 L35-Hsu6 L45-Asm6 L55-Gxd3 L65-Osd3 L75-Xeq6 L85-Zlj0 L95-Twi1 L105-Fio6 L115-I_k8 L122-Ctl1 L26-Ctm4 L36-Wia5 L46-Kqv4 L56-Qop4 L66-Shk6 L76-Joz2 L86-Mhp0 L96-R_k1 L106-Nps5 L116-Ecv6 L123-Wc_7 L37-Ctm4 L47-Ucl8 L57-Dw_0 L67-Vry6 L77-Yyd2 L87-Trd5 L97-Nlx4 L107-Zmw4 L117-Uez4 L124-Xdt5 L48-Ctm4 L58-Mtn3 L68-Qad8 L78-Aph3 L88-Ayp9 L98-Cg_7 L108-Myd6 L118-Vlg3 L125-Qlz0 L59-Ctm4 L69-Ikj6 L79-Veg3 L89-Poe7 L99-Mme7 L109-Quu9 L119-Wr_6 L126-Jmj4 L70-Ctm4 L80-Vex8 L90-Qkz1 L100-Ubo5 L110-Nvw1 L120-Rfj8 L127-Dsz5
L1-Hst6 L11-Sqd3 L21-Dem7 L31-Nkd5 L41-Fyw8 L51-Ifi1 L61-Ijy1 L71-Vcs2 L81-Ynr1 L91-Cuw4 L101-Xcq0 L111-Epx2 L2-Iqg2 L12-Glz6 L22-Ivl8 L32-Gfu1 L42-Qds3 L52-Dwi6 L62-Hhq9 L72-Bed2 L82-Wfs3 L92-Qla1 L102-Fpn3 L112-T_s3 L3-Ctm4 L13-Oln9 L23-Sth1 L33-Rjq5 L43-Ndm4 L53-Gmu7 L63-Z_h3 L73-Wik0 L83-Xwj6 L93-Ixm9 L103-Car6 L113-Hav2 L24-Ctm4 L34-Xt_2 L44-I_h7 L54-Us_7 L64-Z__1 L74-Ujd3 L84-Pwg4 L94-Ajn5 L104-Rhv8 L114-Wek5 L121-Dhc5 L35-Ctm4 L45-Hsu6 L55-Asm6 L65-Gxd3 L75-Osd3 L85-Xeq6 L95-Zlj0 L105-Twi1 L115-Fio6 L122-I_k8 L36-Ctm4 L46-Wia5 L56-Kqv4 L66-Qop4 L76-Shk6 L86-Joz2 L96-Mhp0 L106-R_k1 L116-Nps5 L123-Ecv6 L47-Ctm4 L57-Ucl8 L67-Dw_0 L77-Vry6 L87-Yyd2 L97-Trd5 L107-Nlx4 L117-Zmw4 L124-Uez4 L58-Ctm4 L68-Mtn3 L78-Qad8 L88-Aph3 L98-Ayp9 L108-Cg_7 L118-Myd6 L125-Vlg3 L69-Ctm4 L79-Ikj6 L89-Veg3 L99-Poe7 L109-Mme7 L119-Quu9 L126-Wr_6 L80-Ctm4 L90-Vex8 L100-Qkz1 L110-Ubo5 L120-Nvw1 L127-Rfj8
L1-Dum6 L11-Hst6 L21-Sqd3 L31-Dem7 L41-Nkd5 L51-Fyw8 L61-Ifi1 L71-Ijy1 L81-Vcs2 L91-Ynr1 L101-Cuw4 L111-Xcq0 L2-Ctm4 L12-Iqg2 L22-Glz6 L32-Ivl8 L42-Gfu1 L52-Qds3 L62-Dwi6 L72-Hhq9 L82-Bed2 L92-Wfs3 L102-Qla1 L112-Fpn3 L13-Ctm4 L23-Oln9 L33-Sth1 L43-Rjq5 L53-Ndm4 L63-Gmu7 L73-Z_h3 L83-Wik0 L93-Xwj6 L103-Ixm9 L113-Car6 L34-Ctm4 L44-Xt_2 L54-I_h7 L64-Us_7 L74-Z__1 L84-Ujd3 L94-Pwg4 L104-Ajn5 L114-Rhv8 L121-Wek5 L45-Ctm4 L55-Hsu6 L65-Asm6 L75-Gxd3 L85-Osd3 L95-Xeq6 L105-Zlj0 L115-Twi1 L122-Fio6 L46-Ctm4 L56-Wia5 L66-Kqv4 L76-Qop4 L86-Shk6 L96-Joz2 L106-Mhp0 L116-R_k1 L123-Nps5 L57-Ctm4 L67-Ucl8 L77-Dw_0 L87-Vry6 L97-Yyd2 L107-Trd5 L117-Nlx4 L124-Zmw4 L68-Ctm4 L78-Mtn3 L88-Qad8 L98-Aph3 L108-Ayp9 L118-Cg_7 L125-Myd6 L79-Ctm4 L89-Ikj6 L99-Veg3 L109-Poe7 L119-Mme7 L126-Quu9 L90-Ctm4 L100-Vex8 L110-Qkz1 L120-Ubo5 L127-Nvw1
L1-Ctm4 L11-Dum6 L21-Hst6 L31-Sqd3 L41-Dem7 L51-Nkd5 L61-Fyw8 L71-Ifi1 L81-Ijy1 L91-Vcs2 L101-Ynr1 L111-Cuw4 L12-Ctm4 L22-Iqg2 L32-Glz6 L42-Ivl8 L52-Gfu1 L62-Qds3 L72-Dwi6 L82-Hhq9 L92-Bed2 L102-Wfs3 L112-Qla1 L23-Ctm4 L33-Oln9 L43-Sth1 L53-Rjq5 L63-Ndm4 L73-Gmu7 L83-Z_h3 L93-Wik0 L103-Xwj6 L113-Ixm9 L44-Ctm4 L54-Xt_2 L64-I_h7 L74-Us_7 L84-Z__1 L94-Ujd3 L104-Pwg4 L114-Ajn5 L121-Rhv8 L55-Ctm4 L65-Hsu6 L75-Asm6 L85-Gxd3 L95-Osd3 L105-Xeq6 L115-Zlj0 L122-Twi1 L56-Ctm4 L66-Wia5 L76-Kqv4 L86-Qop4 L96-Shk6 L106-Joz2 L116-Mhp0 L123-R_k1 L67-Ctm4 L77-Ucl8 L87-Dw_0 L97-Vry6 L107-Yyd2 L117-Trd5 L124-Nlx4 L78-Ctm4 L88-Mtn3 L98-Qad8 L108-Aph3 L118-Ayp9 L125-Cg_7 L89-Ctm4 L99-Ikj6 L109-Veg3 L119-Poe7 L126-Mme7 L100-Ctm4 L110-Vex8 L120-Qkz1 L127-Ubo5
L11-Ctm4 L21-Dum6 L31-Hst6 L41-Sqd3 L51-Dem7 L61-Nkd5 L71-Fyw8 L81-Ifi1 L91-Ijy1 L101-Vcs2 L111-Ynr1 L22-Ctm4 L32-Iqg2 L42-Glz6 L52-Ivl8 L62-Gfu1 L72-Qds3 L82-Dwi6 L92-Hhq9 L102-Bed2 L112-Wfs3 L33-Ctm4 L43-Oln9 L53-Sth1 L63-Rjq5 L73-Ndm4 L83-Gmu7 L93-Z_h3 L103-Wik0 L113-Xwj6 L54-Ctm4 L64-Xt_2 L74-I_h7 L84-Us_7 L94-Z__1 L104-Ujd3 L114-Pwg4 L121-Ajn5 L65-Ctm4 L75-Hsu6 L85-Asm6 L95-Gxd3 L105-Osd3 L115-Xeq6 L122-Zlj0 L66-Ctm4 L76-Wia5 L86-Kqv4 L96-Qop4 L106-Shk6 L116-Joz2 L123-Mhp0 L77-Ctm4 L87-Ucl8 L97-Dw_0 L107-Vry6 L117-Yyd2 L124-Trd5 L88-Ctm4 L98-Mtn3 L108-Qad8 L118-Aph3 L125-Ayp9 L99-Ctm4 L109-Ikj6 L119-Veg3 L126-Poe7 L110-Ctm4 L120-Vex8 L127-Qkz1
L21-Ctm4 L31-Dum6 L41-Hst6 L51-Sqd3 L61-Dem7 L71-Nkd5 L81-Fyw8 L91-Ifi1 L101-Ijy1 L111-Vcs2 L32-Ctm4 L42-Iqg2 L52-Glz6 L62-Ivl8 L72-Gfu1 L82-Qds3 L92-Dwi6 L102-Hhq9 L112-Bed2 L43-Ctm4 L53-Oln9 L63-Sth1 L73-Rjq5 L83-Ndm4 L93-Gmu7 L103-Z_h3 L113-Wik0 L64-Ctm4 L74-Xt_2 L84-I_h7 L94-Us_7 L104-Z__1 L114-Ujd3 L121-Pwg4 L75-Ctm4 L85-Hsu6 L95-Asm6 L105-Gxd3 L115-Osd3 L122-Xeq6 L76-Ctm4 L86-Wia5 L96-Kqv4 L106-Qop4 L116-Shk6 L123-Joz2 L87-Ctm4 L97-Ucl8 L107-Dw_0 L117-Vry6 L124-Yyd2 L98-Ctm4 L108-Mtn3 L118-Qad8 L125-Aph3 L109-Ctm4 L119-Ikj6 L126-Veg3 L120-Ctm4 L127-Vex8
L31-Ctm4 L41-Dum6 L51-Hst6 L61-Sqd3 L71-Dem7 L81-Nkd5 L91-Fyw8 L101-Ifi1 L111-Ijy1 L42-Ctm4 L52-Iqg2 L62-Glz6 L72-Ivl8 L82-Gfu1 L92-Qds3 L102-Dwi6 L112-Hhq9 L53-Ctm4 L63-Oln9 L73-Sth1 L83-Rjq5 L93-Ndm4 L103-Gmu7 L113-Z_h3 L74-Ctm4 L84-Xt_2 L94-I_h7 L104-Us_7 L114-Z__1 L121-Ujd3 L85-Ctm4 L95-Hsu6 L105-Asm6 L115-Gxd3 L122-Osd3 L86-Ctm4 L96-Wia5 L106-Kqv4 L116-Qop4 L123-Shk6 L97-Ctm4 L107-Ucl8 L117-Dw_0 L124-Vry6 L108-Ctm4 L118-Mtn3 L125-Qad8 L119-Ctm4 L126-Ikj6 L127-Ctm4
L41-Ctm4 L51-Dum6 L61-Hst6 L71-Sqd3 L81-Dem7 L91-Nkd5 L101-Fyw8 L111-Ifi1 L52-Ctm4 L62-Iqg2 L72-Glz6 L82-Ivl8 L92-Gfu1 L102-Qds3 L112-Dwi6 L63-Ctm4 L73-Oln9 L83-Sth1 L93-Rjq5 L103-Ndm4 L113-Gmu7 L84-Ctm4 L94-Xt_2 L104-I_h7 L114-Us_7 L121-Z__1 L95-Ctm4 L105-Hsu6 L115-Asm6 L122-Gxd3 L96-Ctm4 L106-Wia5 L116-Kqv4 L123-Qop4 L107-Ctm4 L117-Ucl8 L124-Dw_0 L118-Ctm4 L125-Mtn3 L126-Ctm4
L51-Ctm4 L61-Dum6 L71-Hst6 L81-Sqd3 L91-Dem7 L101-Nkd5 L111-Fyw8 L62-Ctm4 L72-Iqg2 L82-Glz6 L92-Ivl8 L102-Gfu1 L112-Qds3 L73-Ctm4 L83-Oln9 L93-Sth1 L103-Rjq5 L113-Ndm4 L94-Ctm4 L104-Xt_2 L114-I_h7 L121-Us_7 L105-Ctm4 L115-Hsu6 L122-Asm6 L106-Ctm4 L116-Wia5 L123-Kqv4 L117-Ctm4 L124-Ucl8 L125-Ctm4
L61-Ctm4 L71-Dum6 L81-Hst6 L91-Sqd3 L101-Dem7 L111-Nkd5 L72-Ctm4 L82-Iqg2 L92-Glz6 L102-Ivl8 L112-Gfu1 L83-Ctm4 L93-Oln9 L103-Sth1 L113-Rjq5 L104-Ctm4 L114-Xt_2 L121-I_h7 L115-Ctm4 L122-Hsu6 L116-Ctm4 L123-Wia5 L124-Ctm4
L71-Ctm4 L81-Dum6 L91-Hst6 L101-Sqd3 L111-Dem7 L82-Ctm4 L92-Iqg2 L102-Glz6 L112-Ivl8 L93-Ctm4 L103-Oln9 L113-Sth1 L114-Ctm4 L121-Xt_2 L122-Ctm4 L123-Ctm4
L81-Ctm4 L91-Dum6 L101-Hst6 L111-Sqd3 L92-Ctm4 L102-Iqg2 L112-Glz6 L103-Ctm4 L113-Oln9 L121-Ctm4
L91-Ctm4 L101-Dum6 L111-Hst6 L102-Ctm4 L112-Iqg2 L113-Ctm4
L101-Ctm4 L111-Dum6 L112-Ctm4
L111-Ctm4
