117
#Here is the number of lines required: 32
##start
Arp7 1 1
##end
Yfx2 6 6
Nxo0 10 10
Emw8 12 12
Ppy7 14 14
A_r5 17 17
Ca_4 19 19
Gha2 23 23
Uex4 27 27
Jne9 29 29
Xav8 32 32
Chk7 37 37
Krh4 40 40
Dyl9 42 42
Efq0 43 43
V_h8 47 47
Qyu0 49 49
Atv6 52 52
Yyt9 55 55
Daq7 57 57
Yvy2 58 58
Afd8 60 60
Yrp3 62 62
Kwo7 63 63
Typ2 66 66
Wpb1 68 68
Aw_5 72 72
Xcg1 74 74
A__3 77 77
Bcy4 79 79
Rik7 80 80
Yox3 84 84
Ips6 87 87
Pea2 90 90
Zab3 95 95
Qct4 99 99
Cpe9 104 104
Nlk9 109 109
Tto9 110 110
Sak1 115 115
Ww_5 120 120
Hgy2 123 123
Dft2 127 127
Dsh6 130 130
Ovq0 133 133
Jxy7 137 137
Rbx0 142 142
Wfq7 147 147
Veb3 149 149
Mod1 152 152
G_r4 156 156
Skh6 161 161
Ucp3 162 162
Iij4 165 165
X_e3 167 167
Elg6 169 169
Tj_7 173 173
Dap8 177 177
Qey2 179 179
Yoc1 181 181
P__9 184 184
C_x3 185 185
Iob4 187 187
Frz4 189 189
Dyp9 192 192
Mw_2 196 196
M_w0 197 197
Nyj2 200 200
Csh3 203 203
S_p2 208 208
Qzi9 210 210
Bjm5 214 214
Xtj4 216 216
Hql2 220 220
Jnm8 223 223
Fbp1 226 226
X_v4 229 229
Yue3 232 232
Kg_7 234 234
Ajj7 237 237
Rvb8 241 241
Tea6 242 242
Uoi9 244 244
Gwc3 246 246
Emg6 250 250
K_c7 253 253
Drw7 258 258
Zku1 262 262
Uy_0 265 265
Qhc7 268 268
Enu2 271 271
C_t2 276 276
Vje1 278 278
By_4 280 280
Vbr3 283 283
Sbj2 288 288
Gqq9 289 289
Rkp6 292 292
Nny9 295 295
Ryr0 296 296
Ccb6 299 299
Kdb6 301 301
Asi1 304 304
Ivd4 307 307
Bds3 311 311
P_l1 316 316
Hie6 319 319
Urd3 321 321
Fwc2 325 325
Z_v8 329 329
Wje4 330 330
Srl5 333 333
Cfp2 336 336
Ulv9 340 340
Gsi8 341 341
Kld9 343 343
Gbg6 346 346
Utu5 351 351
Fak8 352 352
Pdy0 356 356
Ae_3 361 361
Mif0 364 364
Zwg9 368 368
Ipp6 372 372
Fwb0 375 375
Iu_4 377 377
V_m0 379 379
Y_e6 384 384
Ib_3 388 388
Anu2 391 391
Xjn3 395 395
Tvn7 397 397
Rud3 400 400
Jpr7 402 402
Vqu6 405 405
Tob1 408 408
Tra3 410 410
Wem6 412 412
Ney2 417 417
My_7 421 421
Ibq7 423 423
Jhl4 428 428
Cdg2 430 430
Tnb4 433 433
Osl3 437 437
Rck3 439 439
Dgx4 441 441
Acc9 445 445
Dok0 449 449
Xeh9 452 452
Vn_7 456 456
Yx_0 459 459
O_k7 462 462
Vcn0 464 464
Yie9 468 468
Fyv1 471 471
Rmt4 475 475
Fpw9 478 478
Jeb8 480 480
Qcg1 483 483
Quq6 486 486
Eke2 490 490
Aam2 494 494
R_i3 496 496
Xaf8 501 501
Huw1 505 505
Wah8 508 508
Y_i7 510 510
A_d9 511 511
Amd1 513 513
P_b3 515 515
Bez2 518 518
Gmz0 520 520
N_a4 523 523
Kpj6 524 524
Fbz8 527 527
Pmv8 531 531
Fg_4 535 535
Frt8 538 538
Jia4 542 542
Izi6 544 544
Yze1 548 548
Mbw2 552 552
Aip9 555 555
B_i4 560 560
Hu_3 562 562
Fsm6 565 565
G_w2 570 570
R_a0 571 571
Qgw2 573 573
T_y7 578 578
Ity6 583 583
Oli5 587 587
Wmu9 590 590
Pge4 592 592
Bar8 596 596
Tjh5 598 598
Vli7 599 599
N_h9 600 600
Reo6 602 602
Q_y3 604 604
Mci8 607 607
Yrj3 609 609
Zed8 612 612
Urb6 613 613
K_g2 616 616
R_c2 619 619
Qxp4 620 620
Gql1 624 624
J_i9 626 626
Ajk0 628 628
Hsd2 631 631
Jfa1 634 634
Etz8 638 638
Xcc3 641 641
Orx0 643 643
Vir0 644 644
Ig_6 647 647
Bev5 651 651
Krv7 652 652
Nlj4 654 654
Vs_7 657 657
U_e6 660 660
Vkn1 661 661
Ron6 665 665
Idd4 669 669
Gzt9 672 672
Frb8 675 675
Qvk8 677 677
Xjg1 681 681
Mey9 686 686
Oop7 690 690
Hzh2 692 692
W_x0 694 694
Qej0 697 697
Ipm9 698 698
Kcm2 699 699
Ktq7 702 702
Qix3 706 706
Tuo3 710 710
Z_v1 712 712
Yco3 715 715
We_4 718 718
Iuu7 723 723
Fuw9 726 726
Epz4 729 729
Skw9 732 732
Dys1 737 737
Pjt6 741 741
Hcu0 743 743
Ecj8 745 745
Ozj4 750 750
Ccd0 752 752
Dcu9 756 756
Xlh4 760 760
Gku3 765 765
Sce7 767 767
Xbd9 769 769
Tlw8 774 774
Zwf8 777 777
Jxi5 780 780
Hmj6 785 785
Vls2 786 786
Ykd1 789 789
Ajc7 791 791
Oen5 792 792
Si_7 794 794
Wbr5 796 796
Vtl8 798 798
Ngd7 799 799
Zui7 802 802
Zva3 805 805
Tcl8 808 808
Huy6 810 810
Jlh8 815 815
Bcv3 818 818
Myd1 821 821
Ocd7 825 825
Kei5 829 829
R_z3 832 832
Zaz5 835 835
Opo9 838 838
Gww1 841 841
Sft6 843 843
Aso5 847 847
Knz9 850 850
Ggu2 852 852
Hgl4 856 856
Udh4 857 857
Xvv7 861 861
Nfr8 866 866
Pjx3 868 868
Ubx8 870 870
Zf_9 871 871
Sdx3 876 876
Oho6 880 880
Vwa3 883 883
Adn9 885 885
Odi3 886 886
Ezj2 888 888
Jbw8 893 893
Ss_2 896 896
H_u7 901 901
Kg_1 903 903
Phw1 907 907
Uww5 911 911
X_z9 915 915
Rtw9 919 919
Kgq7 921 921
Uzr9 923 923
Qco7 926 926
Eds3 928 928
Ecu5 932 932
N_a0 935 935
Ek_7 937 937
Dvl5 941 941
Vpu9 943 943
Vyg1 944 944
Bjn3 947 947
Tzs5 950 950
Xs_5 954 954
Zfu5 957 957
Hic0 960 960
Vft4 964 964
Xrp4 967 967
Qay6 970 970
Vgj5 972 972
Xmj5 976 976
Usr6 980 980
Ujb2 985 985
Gju4 990 990
Mll1 993 993
F_d9 997 997
Wsb6 1002 1002
Gpw7 1007 1007
Sgx1 1011 1011
Y_u5 1013 1013
Ghj6 1015 1015
Rqo8 1018 1018
Yro6 1021 1021
Ndw0 1024 1024
Wb_2 1026 1026
Cn_6 1030 1030
Sao7 1033 1033
Tbe8 1035 1035
Xkr5 1040 1040
Xmc3 1044 1044
Esz7 1048 1048
Fqe8 1050 1050
Job5 1054 1054
Pnw1 1057 1057
Xuv1 1058 1058
Tbn2 1061 1061
Ken7 1062 1062
F_z0 1066 1066
Fes1 1069 1069
Jsu6 1071 1071
Jva2 1076 1076
Ejc1 1079 1079
Xec7 1080 1080
Dtk7 1081 1081
K_d3 1084 1084
Ovc7 1087 1087
Kjt3 1091 1091
Vsr7 1093 1093
Nto3 1094 1094
N_j6 1098 1098
Ffl8 1102 1102
Plj5 1106 1106
Zqc3 1109 1109
Zmr1 1112 1112
E_l2 1114 1114
Qvl5 1118 1118
Vzs6 1123 1123
Rrs7 1126 1126
Yln0 1130 1130
Tbw5 1132 1132
Fhh7 1136 1136
Kpe7 1138 1138
Utv3 1141 1141
Wp_6 1146 1146
Uar5 1149 1149
Xot2 1152 1152
Aa_2 1155 1155
Ace5 1157 1157
Zpi7 1160 1160
Wmr7 1165 1165
Gzn3 1169 1169
Nhm5 1174 1174
Zjp7 1179 1179
Vxk6 1182 1182
Zfk5 1184 1184
O_f9 1187 1187
Skn3 1191 1191
It_9 1195 1195
K_d3-It_9
Pmv8-Skn3
Fg_4-Nxo0
P_b3-Emw8
Ig_6-Zfk5
Gqq9-Vxk6
Epz4-Ca_4
Kcm2-Gha2
Bar8-Uex4
Zab3-Zpi7
A__3-Xav8
Vir0-Ace5
Hgl4-Uar5
Wbr5-Dyl9
Utv3-Qyu0
Cn_6-Atv6
Iu_4-Fhh7
Tbw5-Yfx2
Yyt9-Yln0
Rrs7-Yyt9
Daq7-Rrs7
Vzs6-Daq7
Qvl5-Vzs6
Zmr1-Yvy2
Zqc3-Zmr1
Plj5-Zqc3
Afd8-Plj5
Yrp3-Afd8
Typ2-Kwo7
Ffl8-Typ2
Nto3-N_j6
Aw_5-Wpb1
Vsr7-Aw_5
Ovc7-Rik7
K_d3-Yox3
Pea2-Ips6
Cpe9-Qct4
Ejc1-Nlk9
Jva2-Ejc1
Jsu6-Jva2
F_z0-Fes1
Sak1-F_z0
Ken7-Sak1
Xuv1-Tbn2
Job5-Yfx2
Fqe8-Job5
Ww_5-Fqe8
Hgy2-Esz7
Dsh6-Dft2
Ovq0-Dsh6
Xmc3-Ovq0
Rbx0-Jxy7
Wfq7-Rbx0
Xkr5-Wfq7
Mod1-Veb3
Sao7-Mod1
G_r4-Sao7
Wb_2-Cn_6
Ndw0-Wb_2
Ghj6-Rqo8
Y_u5-Ghj6
Wsb6-Skh6
F_d9-Wsb6
Mll1-F_d9
Ucp3-Mll1
Gju4-Ucp3
X_e3-Iij4
Ujb2-X_e3
Xmj5-Usr6
Vgj5-Xmj5
Qay6-Vgj5
Xrp4-Qay6
Zfu5-Qey2
Xs_5-Zfu5
Bjn3-Yoc1
P__9-Vyg1
C_x3-P__9
Vpu9-C_x3
Ek_7-Dvl5
Iob4-Ecu5
Frz4-Eds3
Dyp9-Qco7
Mw_2-Kgq7
M_w0-Mw_2
Qzi9-Rtw9
X_z9-Qzi9
Uww5-X_z9
Phw1-Uww5
Bjm5-Phw1
Xtj4-Bjm5
Kg_1-Xtj4
Hql2-Ss_2
Jbw8-Jnm8
X_v4-Fbp1
Ezj2-X_v4
Odi3-Yue3
Adn9-Odi3
Kg_7-Adn9
Rvb8-Ajj7
Vwa3-Tea6
Uoi9-Vwa3
Oho6-Gwc3
Sdx3-Emg6
Zf_9-Sdx3
Drw7-Ubx8
Pjx3-Drw7
Arp7-Nfr8
Xvv7-Yfx2
Qhc7-Udh4
Enu2-Qhc7
Hgl4-C_t2
Ggu2-Hgl4
Knz9-Ggu2
Aso5-Knz9
Sft6-Aso5
Opo9-Gww1
Vje1-Opo9
Zaz5-Vje1
R_z3-By_4
Bcv3-Myd1
Arp7-Bcv3
Qgw2-Yfx2
Vbr3-Jlh8
Ngd7-Sbj2
Wbr5-Vtl8
Nny9-Rkp6
Oen5-Nny9
Ryr0-Oen5
Ajc7-Yfx2
Ccb6-Ajc7
Ykd1-Kdb6
Asi1-Ykd1
Bds3-Ivd4
Fwc2-Jxi5
Wje4-Z_v8
Arp7-Wje4
Tlw8-Cfp2
Xbd9-Tlw8
Sce7-Xbd9
Gku3-Sce7
Ulv9-Gku3
Xlh4-Kld9
Dcu9-Xlh4
Pdy0-Ecj8
Ae_3-Pdy0
Mif0-Ae_3
Fwb0-Ipp6
Hcu0-Fwb0
Iu_4-Hcu0
V_m0-Iu_4
Y_e6-V_m0
Tvn7-Dys1
Rud3-Fuw9
We_4-Iuu7
Tob1-Yco3
Z_v1-Tob1
Tuo3-Yfx2
Qix3-Tuo3
Wem6-Qix3
Kcm2-Ktq7
Ipm9-Ney2
My_7-Qej0
Ibq7-My_7
W_x0-Ibq7
Jhl4-W_x0
Tnb4-Cdg2
Mey9-Yfx2
Xjg1-Rck3
Dgx4-Frb8
Xeh9-Dok0
Vkn1-O_k7
Vcn0-U_e6
Yie9-Yfx2
Vs_7-Yie9
Nlj4-Fyv1
Rmt4-Krv7
Bev5-Rmt4
Ig_6-Bev5
Orx0-Fpw9
Xcc3-Jeb8
Quq6-Qcg1
Etz8-Quq6
Hsd2-Jfa1
Ajk0-Hsd2
Eke2-Ajk0
J_i9-Eke2
Gql1-J_i9
Arp7-Gql1
Qxp4-Yfx2
Urb6-Aam2
R_i3-Urb6
Xaf8-Zed8
Huw1-Xaf8
Mci8-Yrj3
Amd1-A_d9
P_b3-Amd1
Bez2-P_b3
Gmz0-Q_y3
N_a4-Gmz0
Reo6-Fbz8
N_h9-Reo6
Pmv8-Yfx2
Fg_4-Tjh5
Frt8-Fg_4
Izi6-Jia4
Yze1-Izi6
Bar8-Yze1
B_i4-Aip9
Wmu9-B_i4
G_w2-Oli5
Arp7-R_a0
R_a0-T_y7
T_y7-Ity6
Ity6-G_w2
Oli5-Fsm6
Fsm6-Hu_3
Hu_3-Wmu9
Aip9-Mbw2
Mbw2-Pge4
Pge4-Bar8
Jia4-Frt8
Tjh5-Vli7
Vli7-Pmv8
Arp7-N_h9
Fbz8-Kpj6
Kpj6-N_a4
Q_y3-Bez2
A_d9-Y_i7
Y_i7-Mci8
Yrj3-Wah8
Wah8-Huw1
Zed8-R_i3
Aam2-K_g2
K_g2-R_c2
R_c2-Qxp4
Jfa1-Etz8
Qcg1-Xcc3
Jeb8-Orx0
Fpw9-Vir0
Vir0-Ig_6
Krv7-Nlj4
Fyv1-Vs_7
Arp7-Vcn0
U_e6-Vkn1
O_k7-Yx_0
Yx_0-Vn_7
Vn_7-Xeh9
Dok0-Ron6
Ron6-Idd4
Idd4-Gzt9
Gzt9-Acc9
Acc9-Dgx4
Frb8-Qvk8
Qvk8-Xjg1
Rck3-Mey9
Arp7-Oop7
Oop7-Osl3
Osl3-Tnb4
Cdg2-Hzh2
Hzh2-Jhl4
Qej0-Ipm9
Ney2-Kcm2
Ktq7-Wem6
Arp7-Tra3
Tra3-Z_v1
Yco3-Vqu6
Vqu6-We_4
Iuu7-Jpr7
Jpr7-Rud3
Fuw9-Epz4
Epz4-Skw9
Skw9-Tvn7
Dys1-Xjn3
Xjn3-Anu2
Anu2-Ib_3
Ib_3-Pjt6
Pjt6-Y_e6
Ipp6-Yfx2
Arp7-Zwg9
Zwg9-Mif0
Ecj8-Ozj4
Ozj4-Fak8
Fak8-Utu5
Utu5-Ccd0
Ccd0-Gbg6
Gbg6-Dcu9
Kld9-Gsi8
Gsi8-Ulv9
Cfp2-Srl5
Srl5-Yfx2
Z_v8-Zwf8
Zwf8-Fwc2
Jxi5-Urd3
Urd3-Hie6
Hie6-Hmj6
Hmj6-P_l1
P_l1-Vls2
Vls2-Bds3
Ivd4-Asi1
Kdb6-Ccb6
Arp7-Ryr0
Rkp6-Si_7
Si_7-Wbr5
Vtl8-Gqq9
Gqq9-Ngd7
Sbj2-Zui7
Zui7-Zva3
Zva3-Tcl8
Tcl8-Huy6
Huy6-Vbr3
Jlh8-Qgw2
Myd1-Ocd7
Ocd7-Kei5
Kei5-R_z3
By_4-Zaz5
Gww1-Sft6
C_t2-Enu2
Udh4-Uy_0
Uy_0-Xvv7
Nfr8-Zku1
Zku1-Pjx3
Ubx8-K_c7
K_c7-Zf_9
Emg6-Oho6
Gwc3-Uoi9
Tea6-Rvb8
Ajj7-Kg_7
Yue3-Ezj2
Fbp1-Yfx2
Arp7-Jbw8
Jnm8-Hql2
Ss_2-H_u7
H_u7-Kg_1
Rtw9-S_p2
S_p2-Csh3
Csh3-Nyj2
Nyj2-M_w0
Kgq7-Uzr9
Uzr9-Dyp9
Qco7-Frz4
Eds3-Iob4
Ecu5-N_a0
N_a0-Ek_7
Dvl5-Vpu9
Vyg1-Bjn3
Yoc1-Yfx2
Arp7-Tzs5
Tzs5-Xs_5
Qey2-Hic0
Hic0-Dap8
Dap8-Tj_7
Tj_7-Elg6
Elg6-Vft4
Vft4-Xrp4
Usr6-Ujb2
Iij4-Gju4
Skh6-Gpw7
Gpw7-Sgx1
Sgx1-Y_u5
Rqo8-Yro6
Yro6-Ndw0
Cn_6-G_r4
Veb3-Tbe8
Tbe8-Xkr5
Jxy7-Xmc3
Dft2-Hgy2
Esz7-Ww_5
Arp7-Pnw1
Pnw1-Xuv1
Tbn2-Ken7
Fes1-Tto9
Tto9-Jsu6
Nlk9-Xec7
Xec7-Cpe9
Qct4-Dtk7
Dtk7-Zab3
Zab3-Pea2
Ips6-K_d3
Yox3-Ovc7
Rik7-Kjt3
Kjt3-Bcy4
Bcy4-A__3
A__3-Xcg1
Xcg1-Vsr7
Wpb1-Nto3
N_j6-Ffl8
Kwo7-Yrp3
Yvy2-E_l2
E_l2-Qvl5
Yln0-Tbw5
Z_v8-Kpe7
Hzh2-Utv3
Kpe7-Wp_6
Ajc7-V_h8
Fg_4-Efq0
Vs_7-Xot2
Fbz8-Aa_2
Fbz8-Krh4
F_d9-Chk7
Dok0-Jne9
Xav8-Wmr7
Nny9-Gzn3
Tob1-Nhm5
Ngd7-A_r5
B_i4-Zjp7
Vpu9-Ppy7
B_i4-O_f9
#Here is the number of lines required: 32

L1-Tra3 L2-N_h9 L3-Nfr8 L4-Gql1 L5-Zwg9 L6-R_a0 L7-Bcv3 L8-Vcn0 L9-Oop7 L10-Wje4 L11-Ryr0
L1-Z_v1 L12-Tra3 L2-Reo6 L13-N_h9 L3-Zku1 L14-Nfr8 L4-J_i9 L15-Gql1 L5-Mif0 L16-Zwg9 L6-T_y7 L17-R_a0 L7-Myd1 L18-Bcv3 L8-U_e6 L19-Vcn0 L9-Osl3 L20-Oop7 L10-Z_v8 L21-Wje4 L11-Oen5 L22-Ryr0
L1-Tob1 L12-Z_v1 L23-Tra3 L2-Fbz8 L13-Reo6 L24-N_h9 L3-Pjx3 L14-Zku1 L25-Nfr8 L4-Eke2 L15-J_i9 L26-Gql1 L5-Ae_3 L16-Mif0 L27-Zwg9 L6-Ity6 L17-T_y7 L28-R_a0 L7-Ocd7 L18-Myd1 L29-Bcv3 L8-Vkn1 L19-U_e6 L30-Vcn0 L9-Tnb4 L20-Osl3 L31-Oop7 L10-Zwf8 L21-Z_v8 L32-Wje4 L11-Nny9 L22-Oen5 L33-Ryr0
L1-Yco3 L12-Tob1 L23-Z_v1 L34-Tra3 L2-Kpj6 L13-Fbz8 L24-Reo6 L35-N_h9 L3-Drw7 L14-Pjx3 L25-Zku1 L36-Nfr8 L4-Ajk0 L15-Eke2 L26-J_i9 L37-Gql1 L5-Pdy0 L16-Ae_3 L27-Mif0 L38-Zwg9 L6-G_w2 L17-Ity6 L28-T_y7 L39-R_a0 L7-Kei5 L18-Ocd7 L29-Myd1 L40-Bcv3 L8-O_k7 L19-Vkn1 L30-U_e6 L41-Vcn0 L9-Cdg2 L20-Tnb4 L31-Osl3 L42-Oop7 L10-Fwc2 L21-Zwf8 L32-Z_v8 L43-Wje4 L11-Rkp6 L22-Nny9 L33-Oen5 L44-Ryr0
L1-Vqu6 L12-Yco3 L23-Tob1 L34-Z_v1 L45-Tra3 L2-N_a4 L13-Kpj6 L24-Fbz8 L35-Reo6 L46-N_h9 L3-Ubx8 L14-Drw7 L25-Pjx3 L36-Zku1 L47-Nfr8 L4-Hsd2 L15-Ajk0 L26-Eke2 L37-J_i9 L48-Gql1 L5-Ecj8 L16-Pdy0 L27-Ae_3 L38-Mif0 L49-Zwg9 L6-Oli5 L17-G_w2 L28-Ity6 L39-T_y7 L50-R_a0 L7-R_z3 L18-Kei5 L29-Ocd7 L40-Myd1 L51-Bcv3 L8-Yx_0 L19-O_k7 L30-Vkn1 L41-U_e6 L52-Vcn0 L9-Hzh2 L20-Cdg2 L31-Tnb4 L42-Osl3 L53-Oop7 L10-Jxi5 L21-Fwc2 L32-Zwf8 L43-Z_v8 L54-Wje4 L11-Si_7 L22-Rkp6 L33-Nny9 L44-Oen5 L55-Ryr0
L1-We_4 L12-Vqu6 L23-Yco3 L34-Tob1 L45-Z_v1 L56-Tra3 L2-Gmz0 L13-N_a4 L24-Kpj6 L35-Fbz8 L46-Reo6 L57-N_h9 L3-K_c7 L14-Ubx8 L25-Drw7 L36-Pjx3 L47-Zku1 L58-Nfr8 L4-Jfa1 L15-Hsd2 L26-Ajk0 L37-Eke2 L48-J_i9 L59-Gql1 L5-Ozj4 L16-Ecj8 L27-Pdy0 L38-Ae_3 L49-Mif0 L60-Zwg9 L6-Fsm6 L17-Oli5 L28-G_w2 L39-Ity6 L50-T_y7 L61-R_a0 L7-By_4 L18-R_z3 L29-Kei5 L40-Ocd7 L51-Myd1 L62-Bcv3 L8-Vn_7 L19-Yx_0 L30-O_k7 L41-Vkn1 L52-U_e6 L63-Vcn0 L9-Jhl4 L20-Hzh2 L31-Cdg2 L42-Tnb4 L53-Osl3 L64-Oop7 L10-Urd3 L21-Jxi5 L32-Fwc2 L43-Zwf8 L54-Z_v8 L65-Wje4 L11-Wbr5 L22-Si_7 L33-Rkp6 L44-Nny9 L55-Oen5 L66-Ryr0
L1-Iuu7 L12-We_4 L23-Vqu6 L34-Yco3 L45-Tob1 L56-Z_v1 L67-Tra3 L2-Q_y3 L13-Gmz0 L24-N_a4 L35-Kpj6 L46-Fbz8 L57-Reo6 L68-N_h9 L3-Zf_9 L14-K_c7 L25-Ubx8 L36-Drw7 L47-Pjx3 L58-Zku1 L69-Nfr8 L4-Etz8 L15-Jfa1 L26-Hsd2 L37-Ajk0 L48-Eke2 L59-J_i9 L70-Gql1 L5-Fak8 L16-Ozj4 L27-Ecj8 L38-Pdy0 L49-Ae_3 L60-Mif0 L71-Zwg9 L6-Hu_3 L17-Fsm6 L28-Oli5 L39-G_w2 L50-Ity6 L61-T_y7 L72-R_a0 L7-Zaz5 L18-By_4 L29-R_z3 L40-Kei5 L51-Ocd7 L62-Myd1 L73-Bcv3 L8-Xeh9 L19-Vn_7 L30-Yx_0 L41-O_k7 L52-Vkn1 L63-U_e6 L74-Vcn0 L9-W_x0 L20-Jhl4 L31-Hzh2 L42-Cdg2 L53-Tnb4 L64-Osl3 L75-Oop7 L10-Hie6 L21-Urd3 L32-Jxi5 L43-Fwc2 L54-Zwf8 L65-Z_v8 L76-Wje4 L11-Vtl8 L22-Wbr5 L33-Si_7 L44-Rkp6 L55-Nny9 L66-Oen5 L77-Ryr0
L1-Jpr7 L12-Iuu7 L23-We_4 L34-Vqu6 L45-Yco3 L56-Tob1 L67-Z_v1 L78-Tra3 L2-Bez2 L13-Q_y3 L24-Gmz0 L35-N_a4 L46-Kpj6 L57-Fbz8 L68-Reo6 L79-N_h9 L3-Sdx3 L14-Zf_9 L25-K_c7 L36-Ubx8 L47-Drw7 L58-Pjx3 L69-Zku1 L80-Nfr8 L4-Quq6 L15-Etz8 L26-Jfa1 L37-Hsd2 L48-Ajk0 L59-Eke2 L70-J_i9 L81-Gql1 L5-Utu5 L16-Fak8 L27-Ozj4 L38-Ecj8 L49-Pdy0 L60-Ae_3 L71-Mif0 L82-Zwg9 L6-Wmu9 L17-Hu_3 L28-Fsm6 L39-Oli5 L50-G_w2 L61-Ity6 L72-T_y7 L83-R_a0 L7-Vje1 L18-Zaz5 L29-By_4 L40-R_z3 L51-Kei5 L62-Ocd7 L73-Myd1 L84-Bcv3 L8-Dok0 L19-Xeh9 L30-Vn_7 L41-Yx_0 L52-O_k7 L63-Vkn1 L74-U_e6 L85-Vcn0 L9-Ibq7 L20-W_x0 L31-Jhl4 L42-Hzh2 L53-Cdg2 L64-Tnb4 L75-Osl3 L86-Oop7 L10-Hmj6 L21-Hie6 L32-Urd3 L43-Jxi5 L54-Fwc2 L65-Zwf8 L76-Z_v8 L87-Wje4 L11-Gqq9 L22-Vtl8 L33-Wbr5 L44-Si_7 L55-Rkp6 L66-Nny9 L77-Oen5 L88-Ryr0
L1-Rud3 L12-Jpr7 L23-Iuu7 L34-We_4 L45-Vqu6 L56-Yco3 L67-Tob1 L78-Z_v1 L89-Tra3 L2-P_b3 L13-Bez2 L24-Q_y3 L35-Gmz0 L46-N_a4 L57-Kpj6 L68-Fbz8 L79-Reo6 L90-N_h9 L3-Emg6 L14-Sdx3 L25-Zf_9 L36-K_c7 L47-Ubx8 L58-Drw7 L69-Pjx3 L80-Zku1 L91-Nfr8 L4-Qcg1 L15-Quq6 L26-Etz8 L37-Jfa1 L48-Hsd2 L59-Ajk0 L70-Eke2 L81-J_i9 L92-Gql1 L5-Ccd0 L16-Utu5 L27-Fak8 L38-Ozj4 L49-Ecj8 L60-Pdy0 L71-Ae_3 L82-Mif0 L93-Zwg9 L6-B_i4 L17-Wmu9 L28-Hu_3 L39-Fsm6 L50-Oli5 L61-G_w2 L72-Ity6 L83-T_y7 L94-R_a0 L7-Opo9 L18-Vje1 L29-Zaz5 L40-By_4 L51-R_z3 L62-Kei5 L73-Ocd7 L84-Myd1 L95-Bcv3 L8-Ron6 L19-Dok0 L30-Xeh9 L41-Vn_7 L52-Yx_0 L63-O_k7 L74-Vkn1 L85-U_e6 L96-Vcn0 L9-My_7 L20-Ibq7 L31-W_x0 L42-Jhl4 L53-Hzh2 L64-Cdg2 L75-Tnb4 L86-Osl3 L97-Oop7 L10-P_l1 L21-Hmj6 L32-Hie6 L43-Urd3 L54-Jxi5 L65-Fwc2 L76-Zwf8 L87-Z_v8 L98-Wje4 L11-Ngd7 L22-Gqq9 L33-Vtl8 L44-Wbr5 L55-Si_7 L66-Rkp6 L77-Nny9 L88-Oen5 L99-Ryr0
L1-Fuw9 L12-Rud3 L23-Jpr7 L34-Iuu7 L45-We_4 L56-Vqu6 L67-Yco3 L78-Tob1 L89-Z_v1 L100-Tra3 L2-Amd1 L13-P_b3 L24-Bez2 L35-Q_y3 L46-Gmz0 L57-N_a4 L68-Kpj6 L79-Fbz8 L90-Reo6 L101-N_h9 L3-Oho6 L14-Emg6 L25-Sdx3 L36-Zf_9 L47-K_c7 L58-Ubx8 L69-Drw7 L80-Pjx3 L91-Zku1 L102-Nfr8 L4-Xcc3 L15-Qcg1 L26-Quq6 L37-Etz8 L48-Jfa1 L59-Hsd2 L70-Ajk0 L81-Eke2 L92-J_i9 L103-Gql1 L5-Gbg6 L16-Ccd0 L27-Utu5 L38-Fak8 L49-Ozj4 L60-Ecj8 L71-Pdy0 L82-Ae_3 L93-Mif0 L104-Zwg9 L6-Aip9 L17-B_i4 L28-Wmu9 L39-Hu_3 L50-Fsm6 L61-Oli5 L72-G_w2 L83-Ity6 L94-T_y7 L105-R_a0 L7-Gww1 L18-Opo9 L29-Vje1 L40-Zaz5 L51-By_4 L62-R_z3 L73-Kei5 L84-Ocd7 L95-Myd1 L106-Bcv3 L8-Idd4 L19-Ron6 L30-Dok0 L41-Xeh9 L52-Vn_7 L63-Yx_0 L74-O_k7 L85-Vkn1 L96-U_e6 L107-Vcn0 L9-Qej0 L20-My_7 L31-Ibq7 L42-W_x0 L53-Jhl4 L64-Hzh2 L75-Cdg2 L86-Tnb4 L97-Osl3 L108-Oop7 L10-Vls2 L21-P_l1 L32-Hmj6 L43-Hie6 L54-Urd3 L65-Jxi5 L76-Fwc2 L87-Zwf8 L98-Z_v8 L109-Wje4 L11-Sbj2 L22-Ngd7 L33-Gqq9 L44-Vtl8 L55-Wbr5 L66-Si_7 L77-Rkp6 L88-Nny9 L99-Oen5 L110-Ryr0
L1-Epz4 L12-Fuw9 L23-Rud3 L34-Jpr7 L45-Iuu7 L56-We_4 L67-Vqu6 L78-Yco3 L89-Tob1 L100-Z_v1 L2-A_d9 L13-Amd1 L24-P_b3 L35-Bez2 L46-Q_y3 L57-Gmz0 L68-N_a4 L79-Kpj6 L90-Fbz8 L101-Reo6 L3-Gwc3 L14-Oho6 L25-Emg6 L36-Sdx3 L47-Zf_9 L58-K_c7 L69-Ubx8 L80-Drw7 L91-Pjx3 L102-Zku1 L4-Jeb8 L15-Xcc3 L26-Qcg1 L37-Quq6 L48-Etz8 L59-Jfa1 L70-Hsd2 L81-Ajk0 L92-Eke2 L103-J_i9 L5-Dcu9 L16-Gbg6 L27-Ccd0 L38-Utu5 L49-Fak8 L60-Ozj4 L71-Ecj8 L82-Pdy0 L93-Ae_3 L104-Mif0 L111-Zwg9 L6-Mbw2 L17-Aip9 L28-B_i4 L39-Wmu9 L50-Hu_3 L61-Fsm6 L72-Oli5 L83-G_w2 L94-Ity6 L105-T_y7 L112-R_a0 L7-Sft6 L18-Gww1 L29-Opo9 L40-Vje1 L51-Zaz5 L62-By_4 L73-R_z3 L84-Kei5 L95-Ocd7 L106-Myd1 L113-Bcv3 L8-Gzt9 L19-Idd4 L30-Ron6 L41-Dok0 L52-Xeh9 L63-Vn_7 L74-Yx_0 L85-O_k7 L96-Vkn1 L107-U_e6 L114-Vcn0 L9-Ipm9 L20-Qej0 L31-My_7 L42-Ibq7 L53-W_x0 L64-Jhl4 L75-Hzh2 L86-Cdg2 L97-Tnb4 L108-Osl3 L115-Oop7 L10-Bds3 L21-Vls2 L32-P_l1 L43-Hmj6 L54-Hie6 L65-Urd3 L76-Jxi5 L87-Fwc2 L98-Zwf8 L109-Z_v8 L116-Wje4 L11-Zui7 L22-Sbj2 L33-Ngd7 L44-Gqq9 L55-Vtl8 L66-Wbr5 L77-Si_7 L88-Rkp6 L99-Nny9 L110-Oen5 L117-Ryr0
L1-Skw9 L12-Epz4 L23-Fuw9 L34-Rud3 L45-Jpr7 L56-Iuu7 L67-We_4 L78-Vqu6 L89-Yco3 L100-Tob1 L2-Y_i7 L13-A_d9 L24-Amd1 L35-P_b3 L46-Bez2 L57-Q_y3 L68-Gmz0 L79-N_a4 L90-Kpj6 L101-Fbz8 L3-Uoi9 L14-Gwc3 L25-Oho6 L36-Emg6 L47-Sdx3 L58-Zf_9 L69-K_c7 L80-Ubx8 L91-Drw7 L102-Pjx3 L4-Orx0 L15-Jeb8 L26-Xcc3 L37-Qcg1 L48-Quq6 L59-Etz8 L70-Jfa1 L81-Hsd2 L92-Ajk0 L103-Eke2 L5-Xlh4 L16-Dcu9 L27-Gbg6 L38-Ccd0 L49-Utu5 L60-Fak8 L71-Ozj4 L82-Ecj8 L93-Pdy0 L104-Ae_3 L111-Mif0 L6-Pge4 L17-Mbw2 L28-Aip9 L39-B_i4 L50-Wmu9 L61-Hu_3 L72-Fsm6 L83-Oli5 L94-G_w2 L105-Ity6 L112-T_y7 L7-Aso5 L18-Sft6 L29-Gww1 L40-Opo9 L51-Vje1 L62-Zaz5 L73-By_4 L84-R_z3 L95-Kei5 L106-Ocd7 L113-Myd1 L8-Acc9 L19-Gzt9 L30-Idd4 L41-Ron6 L52-Dok0 L63-Xeh9 L74-Vn_7 L85-Yx_0 L96-O_k7 L107-Vkn1 L114-U_e6 L9-Ney2 L20-Ipm9 L31-Qej0 L42-My_7 L53-Ibq7 L64-W_x0 L75-Jhl4 L86-Hzh2 L97-Cdg2 L108-Tnb4 L115-Osl3 L10-Ivd4 L21-Bds3 L32-Vls2 L43-P_l1 L54-Hmj6 L65-Hie6 L76-Urd3 L87-Jxi5 L98-Fwc2 L109-Zwf8 L116-Z_v8 L11-Zva3 L22-Zui7 L33-Sbj2 L44-Ngd7 L55-Gqq9 L66-Vtl8 L77-Wbr5 L88-Si_7 L99-Rkp6 L110-Nny9 L117-Oen5
L1-Tvn7 L12-Skw9 L23-Epz4 L34-Fuw9 L45-Rud3 L56-Jpr7 L67-Iuu7 L78-We_4 L89-Vqu6 L100-Yco3 L2-Mci8 L13-Y_i7 L24-A_d9 L35-Amd1 L46-P_b3 L57-Bez2 L68-Q_y3 L79-Gmz0 L90-N_a4 L101-Kpj6 L3-Vwa3 L14-Uoi9 L25-Gwc3 L36-Oho6 L47-Emg6 L58-Sdx3 L69-Zf_9 L80-K_c7 L91-Ubx8 L102-Drw7 L4-Fpw9 L15-Orx0 L26-Jeb8 L37-Xcc3 L48-Qcg1 L59-Quq6 L70-Etz8 L81-Jfa1 L92-Hsd2 L103-Ajk0 L5-Kld9 L16-Xlh4 L27-Dcu9 L38-Gbg6 L49-Ccd0 L60-Utu5 L71-Fak8 L82-Ozj4 L93-Ecj8 L104-Pdy0 L111-Ae_3 L6-Bar8 L17-Pge4 L28-Mbw2 L39-Aip9 L50-B_i4 L61-Wmu9 L72-Hu_3 L83-Fsm6 L94-Oli5 L105-G_w2 L112-Ity6 L7-Knz9 L18-Aso5 L29-Sft6 L40-Gww1 L51-Opo9 L62-Vje1 L73-Zaz5 L84-By_4 L95-R_z3 L106-Kei5 L113-Ocd7 L8-Dgx4 L19-Acc9 L30-Gzt9 L41-Idd4 L52-Ron6 L63-Dok0 L74-Xeh9 L85-Vn_7 L96-Yx_0 L107-O_k7 L114-Vkn1 L9-Kcm2 L20-Ney2 L31-Ipm9 L42-Qej0 L53-My_7 L64-Ibq7 L75-W_x0 L86-Jhl4 L97-Hzh2 L108-Cdg2 L115-Tnb4 L10-Asi1 L21-Ivd4 L32-Bds3 L43-Vls2 L54-P_l1 L65-Hmj6 L76-Hie6 L87-Urd3 L98-Jxi5 L109-Fwc2 L116-Zwf8 L11-Tcl8 L22-Zva3 L33-Zui7 L44-Sbj2 L55-Ngd7 L66-Gqq9 L77-Vtl8 L88-Wbr5 L99-Si_7 L110-Rkp6 L117-Nny9
L1-Dys1 L12-Tvn7 L23-Skw9 L34-Epz4 L45-Fuw9 L56-Rud3 L67-Jpr7 L78-Iuu7 L89-We_4 L100-Vqu6 L2-Yrj3 L13-Mci8 L24-Y_i7 L35-A_d9 L46-Amd1 L57-P_b3 L68-Bez2 L79-Q_y3 L90-Gmz0 L101-N_a4 L3-Tea6 L14-Vwa3 L25-Uoi9 L36-Gwc3 L47-Oho6 L58-Emg6 L69-Sdx3 L80-Zf_9 L91-K_c7 L102-Ubx8 L4-Vir0 L15-Fpw9 L26-Orx0 L37-Jeb8 L48-Xcc3 L59-Qcg1 L70-Quq6 L81-Etz8 L92-Jfa1 L103-Hsd2 L5-Gsi8 L16-Kld9 L27-Xlh4 L38-Dcu9 L49-Gbg6 L60-Ccd0 L71-Utu5 L82-Fak8 L93-Ozj4 L104-Ecj8 L111-Pdy0 L6-Yze1 L17-Bar8 L28-Pge4 L39-Mbw2 L50-Aip9 L61-B_i4 L72-Wmu9 L83-Hu_3 L94-Fsm6 L105-Oli5 L112-G_w2 L7-Ggu2 L18-Knz9 L29-Aso5 L40-Sft6 L51-Gww1 L62-Opo9 L73-Vje1 L84-Zaz5 L95-By_4 L106-R_z3 L113-Kei5 L8-Frb8 L19-Dgx4 L30-Acc9 L41-Gzt9 L52-Idd4 L63-Ron6 L74-Dok0 L85-Xeh9 L96-Vn_7 L107-Yx_0 L114-O_k7 L9-Ktq7 L20-Kcm2 L31-Ney2 L42-Ipm9 L53-Qej0 L64-My_7 L75-Ibq7 L86-W_x0 L97-Jhl4 L108-Hzh2 L115-Cdg2 L10-Ykd1 L21-Asi1 L32-Ivd4 L43-Bds3 L54-Vls2 L65-P_l1 L76-Hmj6 L87-Hie6 L98-Urd3 L109-Jxi5 L116-Fwc2 L11-Huy6 L22-Tcl8 L33-Zva3 L44-Zui7 L55-Sbj2 L66-Ngd7 L77-Gqq9 L88-Vtl8 L99-Wbr5 L110-Si_7 L117-Rkp6
L1-Xjn3 L12-Dys1 L23-Tvn7 L34-Skw9 L45-Epz4 L56-Fuw9 L67-Rud3 L78-Jpr7 L89-Iuu7 L100-We_4 L2-Wah8 L13-Yrj3 L24-Mci8 L35-Y_i7 L46-A_d9 L57-Amd1 L68-P_b3 L79-Bez2 L90-Q_y3 L101-Gmz0 L3-Rvb8 L14-Tea6 L25-Vwa3 L36-Uoi9 L47-Gwc3 L58-Oho6 L69-Emg6 L80-Sdx3 L91-Zf_9 L102-K_c7 L4-Ig_6 L15-Vir0 L26-Fpw9 L37-Orx0 L48-Jeb8 L59-Xcc3 L70-Qcg1 L81-Quq6 L92-Etz8 L103-Jfa1 L5-Ulv9 L16-Gsi8 L27-Kld9 L38-Xlh4 L49-Dcu9 L60-Gbg6 L71-Ccd0 L82-Utu5 L93-Fak8 L104-Ozj4 L111-Ecj8 L6-Izi6 L17-Yze1 L28-Bar8 L39-Pge4 L50-Mbw2 L61-Aip9 L72-B_i4 L83-Wmu9 L94-Hu_3 L105-Fsm6 L112-Oli5 L7-Hgl4 L18-Ggu2 L29-Knz9 L40-Aso5 L51-Sft6 L62-Gww1 L73-Opo9 L84-Vje1 L95-Zaz5 L106-By_4 L113-R_z3 L8-Qvk8 L19-Frb8 L30-Dgx4 L41-Acc9 L52-Gzt9 L63-Idd4 L74-Ron6 L85-Dok0 L96-Xeh9 L107-Vn_7 L114-Yx_0 L9-Wem6 L20-Ktq7 L31-Kcm2 L42-Ney2 L53-Ipm9 L64-Qej0 L75-My_7 L86-Ibq7 L97-W_x0 L108-Jhl4 L115-Hzh2 L10-Kdb6 L21-Ykd1 L32-Asi1 L43-Ivd4 L54-Bds3 L65-Vls2 L76-P_l1 L87-Hmj6 L98-Hie6 L109-Urd3 L116-Jxi5 L11-Vbr3 L22-Huy6 L33-Tcl8 L44-Zva3 L55-Zui7 L66-Sbj2 L77-Ngd7 L88-Gqq9 L99-Vtl8 L110-Wbr5 L117-Si_7
L1-Anu2 L12-Xjn3 L23-Dys1 L34-Tvn7 L45-Skw9 L56-Epz4 L67-Fuw9 L78-Rud3 L89-Jpr7 L100-Iuu7 L2-Huw1 L13-Wah8 L24-Yrj3 L35-Mci8 L46-Y_i7 L57-A_d9 L68-Amd1 L79-P_b3 L90-Bez2 L101-Q_y3 L3-Ajj7 L14-Rvb8 L25-Tea6 L36-Vwa3 L47-Uoi9 L58-Gwc3 L69-Oho6 L80-Emg6 L91-Sdx3 L102-Zf_9 L4-Bev5 L15-Ig_6 L26-Vir0 L37-Fpw9 L48-Orx0 L59-Jeb8 L70-Xcc3 L81-Qcg1 L92-Quq6 L103-Etz8 L5-Gku3 L16-Ulv9 L27-Gsi8 L38-Kld9 L49-Xlh4 L60-Dcu9 L71-Gbg6 L82-Ccd0 L93-Utu5 L104-Fak8 L111-Ozj4 L6-Jia4 L17-Izi6 L28-Yze1 L39-Bar8 L50-Pge4 L61-Mbw2 L72-Aip9 L83-B_i4 L94-Wmu9 L105-Hu_3 L112-Fsm6 L7-C_t2 L18-Hgl4 L29-Ggu2 L40-Knz9 L51-Aso5 L62-Sft6 L73-Gww1 L84-Opo9 L95-Vje1 L106-Zaz5 L113-By_4 L8-Xjg1 L19-Qvk8 L30-Frb8 L41-Dgx4 L52-Acc9 L63-Gzt9 L74-Idd4 L85-Ron6 L96-Dok0 L107-Xeh9 L114-Vn_7 L9-Qix3 L20-Wem6 L31-Ktq7 L42-Kcm2 L53-Ney2 L64-Ipm9 L75-Qej0 L86-My_7 L97-Ibq7 L108-W_x0 L115-Jhl4 L10-Ccb6 L21-Kdb6 L32-Ykd1 L43-Asi1 L54-Ivd4 L65-Bds3 L76-Vls2 L87-P_l1 L98-Hmj6 L109-Hie6 L116-Urd3 L11-Jlh8 L22-Vbr3 L33-Huy6 L44-Tcl8 L55-Zva3 L66-Zui7 L77-Sbj2 L88-Ngd7 L99-Gqq9 L110-Vtl8 L117-Wbr5
L1-Ib_3 L12-Anu2 L23-Xjn3 L34-Dys1 L45-Tvn7 L56-Skw9 L67-Epz4 L78-Fuw9 L89-Rud3 L100-Jpr7 L2-Xaf8 L13-Huw1 L24-Wah8 L35-Yrj3 L46-Mci8 L57-Y_i7 L68-A_d9 L79-Amd1 L90-P_b3 L101-Bez2 L3-Kg_7 L14-Ajj7 L25-Rvb8 L36-Tea6 L47-Vwa3 L58-Uoi9 L69-Gwc3 L80-Oho6 L91-Emg6 L102-Sdx3 L4-Rmt4 L15-Bev5 L26-Ig_6 L37-Vir0 L48-Fpw9 L59-Orx0 L70-Jeb8 L81-Xcc3 L92-Qcg1 L103-Quq6 L5-Sce7 L16-Gku3 L27-Ulv9 L38-Gsi8 L49-Kld9 L60-Xlh4 L71-Dcu9 L82-Gbg6 L93-Ccd0 L104-Utu5 L111-Fak8 L6-Frt8 L17-Jia4 L28-Izi6 L39-Yze1 L50-Bar8 L61-Pge4 L72-Mbw2 L83-Aip9 L94-B_i4 L105-Wmu9 L112-Hu_3 L7-Enu2 L18-C_t2 L29-Hgl4 L40-Ggu2 L51-Knz9 L62-Aso5 L73-Sft6 L84-Gww1 L95-Opo9 L106-Vje1 L113-Zaz5 L8-Rck3 L19-Xjg1 L30-Qvk8 L41-Frb8 L52-Dgx4 L63-Acc9 L74-Gzt9 L85-Idd4 L96-Ron6 L107-Dok0 L114-Xeh9 L9-Tuo3 L20-Qix3 L31-Wem6 L42-Ktq7 L53-Kcm2 L64-Ney2 L75-Ipm9 L86-Qej0 L97-My_7 L108-Ibq7 L115-W_x0 L10-Ajc7 L21-Ccb6 L32-Kdb6 L43-Ykd1 L54-Asi1 L65-Ivd4 L76-Bds3 L87-Vls2 L98-P_l1 L109-Hmj6 L116-Hie6 L11-Qgw2 L22-Jlh8 L33-Vbr3 L44-Huy6 L55-Tcl8 L66-Zva3 L77-Zui7 L88-Sbj2 L99-Ngd7 L110-Gqq9 L117-Vtl8
L1-Pjt6 L12-Ib_3 L23-Anu2 L34-Xjn3 L45-Dys1 L56-Tvn7 L67-Skw9 L78-Epz4 L89-Fuw9 L100-Rud3 L2-Zed8 L13-Xaf8 L24-Huw1 L35-Wah8 L46-Yrj3 L57-Mci8 L68-Y_i7 L79-A_d9 L90-Amd1 L101-P_b3 L3-Adn9 L14-Kg_7 L25-Ajj7 L36-Rvb8 L47-Tea6 L58-Vwa3 L69-Uoi9 L80-Gwc3 L91-Oho6 L102-Emg6 L4-Krv7 L15-Rmt4 L26-Bev5 L37-Ig_6 L48-Vir0 L59-Fpw9 L70-Orx0 L81-Jeb8 L92-Xcc3 L103-Qcg1 L5-Xbd9 L16-Sce7 L27-Gku3 L38-Ulv9 L49-Gsi8 L60-Kld9 L71-Xlh4 L82-Dcu9 L93-Gbg6 L104-Ccd0 L111-Utu5 L6-Fg_4 L17-Frt8 L28-Jia4 L39-Izi6 L50-Yze1 L61-Bar8 L72-Pge4 L83-Mbw2 L94-Aip9 L105-B_i4 L112-Wmu9 L7-Qhc7 L18-Enu2 L29-C_t2 L40-Hgl4 L51-Ggu2 L62-Knz9 L73-Aso5 L84-Sft6 L95-Gww1 L106-Opo9 L113-Vje1 L8-Mey9 L19-Rck3 L30-Xjg1 L41-Qvk8 L52-Frb8 L63-Dgx4 L74-Acc9 L85-Gzt9 L96-Idd4 L107-Ron6 L114-Dok0 L9-Yfx2 L20-Tuo3 L31-Qix3 L42-Wem6 L53-Ktq7 L64-Kcm2 L75-Ney2 L86-Ipm9 L97-Qej0 L108-My_7 L115-Ibq7 L10-Yfx2 L21-Ajc7 L32-Ccb6 L43-Kdb6 L54-Ykd1 L65-Asi1 L76-Ivd4 L87-Bds3 L98-Vls2 L109-P_l1 L116-Hmj6 L11-Yfx2 L22-Qgw2 L33-Jlh8 L44-Vbr3 L55-Huy6 L66-Tcl8 L77-Zva3 L88-Zui7 L99-Sbj2 L110-Ngd7 L117-Gqq9
L1-Y_e6 L12-Pjt6 L23-Ib_3 L34-Anu2 L45-Xjn3 L56-Dys1 L67-Tvn7 L78-Skw9 L89-Epz4 L100-Fuw9 L2-R_i3 L13-Zed8 L24-Xaf8 L35-Huw1 L46-Wah8 L57-Yrj3 L68-Mci8 L79-Y_i7 L90-A_d9 L101-Amd1 L3-Odi3 L14-Adn9 L25-Kg_7 L36-Ajj7 L47-Rvb8 L58-Tea6 L69-Vwa3 L80-Uoi9 L91-Gwc3 L102-Oho6 L4-Nlj4 L15-Krv7 L26-Rmt4 L37-Bev5 L48-Ig_6 L59-Vir0 L70-Fpw9 L81-Orx0 L92-Jeb8 L103-Xcc3 L5-Tlw8 L16-Xbd9 L27-Sce7 L38-Gku3 L49-Ulv9 L60-Gsi8 L71-Kld9 L82-Xlh4 L93-Dcu9 L104-Gbg6 L111-Ccd0 L6-Tjh5 L17-Fg_4 L28-Frt8 L39-Jia4 L50-Izi6 L61-Yze1 L72-Bar8 L83-Pge4 L94-Mbw2 L105-Aip9 L112-B_i4 L7-Udh4 L18-Qhc7 L29-Enu2 L40-C_t2 L51-Hgl4 L62-Ggu2 L73-Knz9 L84-Aso5 L95-Sft6 L106-Gww1 L113-Opo9 L8-Yfx2 L19-Mey9 L30-Rck3 L41-Xjg1 L52-Qvk8 L63-Frb8 L74-Dgx4 L85-Acc9 L96-Gzt9 L107-Idd4 L114-Ron6 L20-Yfx2 L31-Tuo3 L42-Qix3 L53-Wem6 L64-Ktq7 L75-Kcm2 L86-Ney2 L97-Ipm9 L108-Qej0 L115-My_7 L21-Yfx2 L32-Ajc7 L43-Ccb6 L54-Kdb6 L65-Ykd1 L76-Asi1 L87-Ivd4 L98-Bds3 L109-Vls2 L116-P_l1 L22-Yfx2 L33-Qgw2 L44-Jlh8 L55-Vbr3 L66-Huy6 L77-Tcl8 L88-Zva3 L99-Zui7 L110-Sbj2 L117-Ngd7
L1-V_m0 L12-Y_e6 L23-Pjt6 L34-Ib_3 L45-Anu2 L56-Xjn3 L67-Dys1 L78-Tvn7 L89-Skw9 L100-Epz4 L2-Urb6 L13-R_i3 L24-Zed8 L35-Xaf8 L46-Huw1 L57-Wah8 L68-Yrj3 L79-Mci8 L90-Y_i7 L101-A_d9 L3-Yue3 L14-Odi3 L25-Adn9 L36-Kg_7 L47-Ajj7 L58-Rvb8 L69-Tea6 L80-Vwa3 L91-Uoi9 L102-Gwc3 L4-Fyv1 L15-Nlj4 L26-Krv7 L37-Rmt4 L48-Bev5 L59-Ig_6 L70-Vir0 L81-Fpw9 L92-Orx0 L103-Jeb8 L5-Cfp2 L16-Tlw8 L27-Xbd9 L38-Sce7 L49-Gku3 L60-Ulv9 L71-Gsi8 L82-Kld9 L93-Xlh4 L104-Dcu9 L111-Gbg6 L6-Vli7 L17-Tjh5 L28-Fg_4 L39-Frt8 L50-Jia4 L61-Izi6 L72-Yze1 L83-Bar8 L94-Pge4 L105-Mbw2 L112-Aip9 L7-Uy_0 L18-Udh4 L29-Qhc7 L40-Enu2 L51-C_t2 L62-Hgl4 L73-Ggu2 L84-Knz9 L95-Aso5 L106-Sft6 L113-Gww1 L19-Yfx2 L30-Mey9 L41-Rck3 L52-Xjg1 L63-Qvk8 L74-Frb8 L85-Dgx4 L96-Acc9 L107-Gzt9 L114-Idd4 L31-Yfx2 L42-Tuo3 L53-Qix3 L64-Wem6 L75-Ktq7 L86-Kcm2 L97-Ney2 L108-Ipm9 L115-Qej0 L32-Yfx2 L43-Ajc7 L54-Ccb6 L65-Kdb6 L76-Ykd1 L87-Asi1 L98-Ivd4 L109-Bds3 L116-Vls2 L33-Yfx2 L44-Qgw2 L55-Jlh8 L66-Vbr3 L77-Huy6 L88-Tcl8 L99-Zva3 L110-Zui7 L117-Sbj2
L1-Iu_4 L12-V_m0 L23-Y_e6 L34-Pjt6 L45-Ib_3 L56-Anu2 L67-Xjn3 L78-Dys1 L89-Tvn7 L100-Skw9 L2-Aam2 L13-Urb6 L24-R_i3 L35-Zed8 L46-Xaf8 L57-Huw1 L68-Wah8 L79-Yrj3 L90-Mci8 L101-Y_i7 L3-Ezj2 L14-Yue3 L25-Odi3 L36-Adn9 L47-Kg_7 L58-Ajj7 L69-Rvb8 L80-Tea6 L91-Vwa3 L102-Uoi9 L4-Vs_7 L15-Fyv1 L26-Nlj4 L37-Krv7 L48-Rmt4 L59-Bev5 L70-Ig_6 L81-Vir0 L92-Fpw9 L103-Orx0 L5-Srl5 L16-Cfp2 L27-Tlw8 L38-Xbd9 L49-Sce7 L60-Gku3 L71-Ulv9 L82-Gsi8 L93-Kld9 L104-Xlh4 L111-Dcu9 L6-Pmv8 L17-Vli7 L28-Tjh5 L39-Fg_4 L50-Frt8 L61-Jia4 L72-Izi6 L83-Yze1 L94-Bar8 L105-Pge4 L112-Mbw2 L7-Xvv7 L18-Uy_0 L29-Udh4 L40-Qhc7 L51-Enu2 L62-C_t2 L73-Hgl4 L84-Ggu2 L95-Knz9 L106-Aso5 L113-Sft6 L30-Yfx2 L41-Mey9 L52-Rck3 L63-Xjg1 L74-Qvk8 L85-Frb8 L96-Dgx4 L107-Acc9 L114-Gzt9 L42-Yfx2 L53-Tuo3 L64-Qix3 L75-Wem6 L86-Ktq7 L97-Kcm2 L108-Ney2 L115-Ipm9 L43-Yfx2 L54-Ajc7 L65-Ccb6 L76-Kdb6 L87-Ykd1 L98-Asi1 L109-Ivd4 L116-Bds3 L44-Yfx2 L55-Qgw2 L66-Jlh8 L77-Vbr3 L88-Huy6 L99-Tcl8 L110-Zva3 L117-Zui7
L1-Hcu0 L12-Iu_4 L23-V_m0 L34-Y_e6 L45-Pjt6 L56-Ib_3 L67-Anu2 L78-Xjn3 L89-Dys1 L100-Tvn7 L2-K_g2 L13-Aam2 L24-Urb6 L35-R_i3 L46-Zed8 L57-Xaf8 L68-Huw1 L79-Wah8 L90-Yrj3 L101-Mci8 L3-X_v4 L14-Ezj2 L25-Yue3 L36-Odi3 L47-Adn9 L58-Kg_7 L69-Ajj7 L80-Rvb8 L91-Tea6 L102-Vwa3 L4-Yie9 L15-Vs_7 L26-Fyv1 L37-Nlj4 L48-Krv7 L59-Rmt4 L70-Bev5 L81-Ig_6 L92-Vir0 L103-Fpw9 L5-Yfx2 L16-Srl5 L27-Cfp2 L38-Tlw8 L49-Xbd9 L60-Sce7 L71-Gku3 L82-Ulv9 L93-Gsi8 L104-Kld9 L111-Xlh4 L6-Yfx2 L17-Pmv8 L28-Vli7 L39-Tjh5 L50-Fg_4 L61-Frt8 L72-Jia4 L83-Izi6 L94-Yze1 L105-Bar8 L112-Pge4 L7-Yfx2 L18-Xvv7 L29-Uy_0 L40-Udh4 L51-Qhc7 L62-Enu2 L73-C_t2 L84-Hgl4 L95-Ggu2 L106-Knz9 L113-Aso5 L41-Yfx2 L52-Mey9 L63-Rck3 L74-Xjg1 L85-Qvk8 L96-Frb8 L107-Dgx4 L114-Acc9 L53-Yfx2 L64-Tuo3 L75-Qix3 L86-Wem6 L97-Ktq7 L108-Kcm2 L115-Ney2 L54-Yfx2 L65-Ajc7 L76-Ccb6 L87-Kdb6 L98-Ykd1 L109-Asi1 L116-Ivd4 L55-Yfx2 L66-Qgw2 L77-Jlh8 L88-Vbr3 L99-Huy6 L110-Tcl8 L117-Zva3
L1-Fwb0 L12-Hcu0 L23-Iu_4 L34-V_m0 L45-Y_e6 L56-Pjt6 L67-Ib_3 L78-Anu2 L89-Xjn3 L100-Dys1 L2-R_c2 L13-K_g2 L24-Aam2 L35-Urb6 L46-R_i3 L57-Zed8 L68-Xaf8 L79-Huw1 L90-Wah8 L101-Yrj3 L3-Fbp1 L14-X_v4 L25-Ezj2 L36-Yue3 L47-Odi3 L58-Adn9 L69-Kg_7 L80-Ajj7 L91-Rvb8 L102-Tea6 L4-Yfx2 L15-Yie9 L26-Vs_7 L37-Fyv1 L48-Nlj4 L59-Krv7 L70-Rmt4 L81-Bev5 L92-Ig_6 L103-Vir0 L16-Yfx2 L27-Srl5 L38-Cfp2 L49-Tlw8 L60-Xbd9 L71-Sce7 L82-Gku3 L93-Ulv9 L104-Gsi8 L111-Kld9 L17-Yfx2 L28-Pmv8 L39-Vli7 L50-Tjh5 L61-Fg_4 L72-Frt8 L83-Jia4 L94-Izi6 L105-Yze1 L112-Bar8 L18-Yfx2 L29-Xvv7 L40-Uy_0 L51-Udh4 L62-Qhc7 L73-Enu2 L84-C_t2 L95-Hgl4 L106-Ggu2 L113-Knz9 L52-Yfx2 L63-Mey9 L74-Rck3 L85-Xjg1 L96-Qvk8 L107-Frb8 L114-Dgx4 L64-Yfx2 L75-Tuo3 L86-Qix3 L97-Wem6 L108-Ktq7 L115-Kcm2 L65-Yfx2 L76-Ajc7 L87-Ccb6 L98-Kdb6 L109-Ykd1 L116-Asi1 L66-Yfx2 L77-Qgw2 L88-Jlh8 L99-Vbr3 L110-Huy6 L117-Tcl8
L1-Ipp6 L12-Fwb0 L23-Hcu0 L34-Iu_4 L45-V_m0 L56-Y_e6 L67-Pjt6 L78-Ib_3 L89-Anu2 L100-Xjn3 L2-Qxp4 L13-R_c2 L24-K_g2 L35-Aam2 L46-Urb6 L57-R_i3 L68-Zed8 L79-Xaf8 L90-Huw1 L101-Wah8 L3-Yfx2 L14-Fbp1 L25-X_v4 L36-Ezj2 L47-Yue3 L58-Odi3 L69-Adn9 L80-Kg_7 L91-Ajj7 L102-Rvb8 L15-Yfx2 L26-Yie9 L37-Vs_7 L48-Fyv1 L59-Nlj4 L70-Krv7 L81-Rmt4 L92-Bev5 L103-Ig_6 L27-Yfx2 L38-Srl5 L49-Cfp2 L60-Tlw8 L71-Xbd9 L82-Sce7 L93-Gku3 L104-Ulv9 L111-Gsi8 L28-Yfx2 L39-Pmv8 L50-Vli7 L61-Tjh5 L72-Fg_4 L83-Frt8 L94-Jia4 L105-Izi6 L112-Yze1 L29-Yfx2 L40-Xvv7 L51-Uy_0 L62-Udh4 L73-Qhc7 L84-Enu2 L95-C_t2 L106-Hgl4 L113-Ggu2 L63-Yfx2 L74-Mey9 L85-Rck3 L96-Xjg1 L107-Qvk8 L114-Frb8 L75-Yfx2 L86-Tuo3 L97-Qix3 L108-Wem6 L115-Ktq7 L76-Yfx2 L87-Ajc7 L98-Ccb6 L109-Kdb6 L116-Ykd1 L77-Yfx2 L88-Qgw2 L99-Jlh8 L110-Vbr3 L117-Huy6
L1-Yfx2 L12-Ipp6 L23-Fwb0 L34-Hcu0 L45-Iu_4 L56-V_m0 L67-Y_e6 L78-Pjt6 L89-Ib_3 L100-Anu2 L2-Yfx2 L13-Qxp4 L24-R_c2 L35-K_g2 L46-Aam2 L57-Urb6 L68-R_i3 L79-Zed8 L90-Xaf8 L101-Huw1 L14-Yfx2 L25-Fbp1 L36-X_v4 L47-Ezj2 L58-Yue3 L69-Odi3 L80-Adn9 L91-Kg_7 L102-Ajj7 L26-Yfx2 L37-Yie9 L48-Vs_7 L59-Fyv1 L70-Nlj4 L81-Krv7 L92-Rmt4 L103-Bev5 L38-Yfx2 L49-Srl5 L60-Cfp2 L71-Tlw8 L82-Xbd9 L93-Sce7 L104-Gku3 L111-Ulv9 L39-Yfx2 L50-Pmv8 L61-Vli7 L72-Tjh5 L83-Fg_4 L94-Frt8 L105-Jia4 L112-Izi6 L40-Yfx2 L51-Xvv7 L62-Uy_0 L73-Udh4 L84-Qhc7 L95-Enu2 L106-C_t2 L113-Hgl4 L74-Yfx2 L85-Mey9 L96-Rck3 L107-Xjg1 L114-Qvk8 L86-Yfx2 L97-Tuo3 L108-Qix3 L115-Wem6 L87-Yfx2 L98-Ajc7 L109-Ccb6 L116-Kdb6 L88-Yfx2 L99-Qgw2 L110-Jlh8 L117-Vbr3
L12-Yfx2 L23-Ipp6 L34-Fwb0 L45-Hcu0 L56-Iu_4 L67-V_m0 L78-Y_e6 L89-Pjt6 L100-Ib_3 L13-Yfx2 L24-Qxp4 L35-R_c2 L46-K_g2 L57-Aam2 L68-Urb6 L79-R_i3 L90-Zed8 L101-Xaf8 L25-Yfx2 L36-Fbp1 L47-X_v4 L58-Ezj2 L69-Yue3 L80-Odi3 L91-Adn9 L102-Kg_7 L37-Yfx2 L48-Yie9 L59-Vs_7 L70-Fyv1 L81-Nlj4 L92-Krv7 L103-Rmt4 L49-Yfx2 L60-Srl5 L71-Cfp2 L82-Tlw8 L93-Xbd9 L104-Sce7 L111-Gku3 L50-Yfx2 L61-Pmv8 L72-Vli7 L83-Tjh5 L94-Fg_4 L105-Frt8 L112-Jia4 L51-Yfx2 L62-Xvv7 L73-Uy_0 L84-Udh4 L95-Qhc7 L106-Enu2 L113-C_t2 L85-Yfx2 L96-Mey9 L107-Rck3 L114-Xjg1 L97-Yfx2 L108-Tuo3 L115-Qix3 L98-Yfx2 L109-Ajc7 L116-Ccb6 L99-Yfx2 L110-Qgw2 L117-Jlh8
L23-Yfx2 L34-Ipp6 L45-Fwb0 L56-Hcu0 L67-Iu_4 L78-V_m0 L89-Y_e6 L100-Pjt6 L24-Yfx2 L35-Qxp4 L46-R_c2 L57-K_g2 L68-Aam2 L79-Urb6 L90-R_i3 L101-Zed8 L36-Yfx2 L47-Fbp1 L58-X_v4 L69-Ezj2 L80-Yue3 L91-Odi3 L102-Adn9 L48-Yfx2 L59-Yie9 L70-Vs_7 L81-Fyv1 L92-Nlj4 L103-Krv7 L60-Yfx2 L71-Srl5 L82-Cfp2 L93-Tlw8 L104-Xbd9 L111-Sce7 L61-Yfx2 L72-Pmv8 L83-Vli7 L94-Tjh5 L105-Fg_4 L112-Frt8 L62-Yfx2 L73-Xvv7 L84-Uy_0 L95-Udh4 L106-Qhc7 L113-Enu2 L96-Yfx2 L107-Mey9 L114-Rck3 L108-Yfx2 L115-Tuo3 L109-Yfx2 L116-Ajc7 L110-Yfx2 L117-Qgw2
L34-Yfx2 L45-Ipp6 L56-Fwb0 L67-Hcu0 L78-Iu_4 L89-V_m0 L100-Y_e6 L35-Yfx2 L46-Qxp4 L57-R_c2 L68-K_g2 L79-Aam2 L90-Urb6 L101-R_i3 L47-Yfx2 L58-Fbp1 L69-X_v4 L80-Ezj2 L91-Yue3 L102-Odi3 L59-Yfx2 L70-Yie9 L81-Vs_7 L92-Fyv1 L103-Nlj4 L71-Yfx2 L82-Srl5 L93-Cfp2 L104-Tlw8 L111-Xbd9 L72-Yfx2 L83-Pmv8 L94-Vli7 L105-Tjh5 L112-Fg_4 L73-Yfx2 L84-Xvv7 L95-Uy_0 L106-Udh4 L113-Qhc7 L107-Yfx2 L114-Mey9 L115-Yfx2 L116-Yfx2 L117-Yfx2
L45-Yfx2 L56-Ipp6 L67-Fwb0 L78-Hcu0 L89-Iu_4 L100-V_m0 L46-Yfx2 L57-Qxp4 L68-R_c2 L79-K_g2 L90-Aam2 L101-Urb6 L58-Yfx2 L69-Fbp1 L80-X_v4 L91-Ezj2 L102-Yue3 L70-Yfx2 L81-Yie9 L92-Vs_7 L103-Fyv1 L82-Yfx2 L93-Srl5 L104-Cfp2 L111-Tlw8 L83-Yfx2 L94-Pmv8 L105-Vli7 L112-Tjh5 L84-Yfx2 L95-Xvv7 L106-Uy_0 L113-Udh4 L114-Yfx2
L56-Yfx2 L67-Ipp6 L78-Fwb0 L89-Hcu0 L100-Iu_4 L57-Yfx2 L68-Qxp4 L79-R_c2 L90-K_g2 L101-Aam2 L69-Yfx2 L80-Fbp1 L91-X_v4 L102-Ezj2 L81-Yfx2 L92-Yie9 L103-Vs_7 L93-Yfx2 L104-Srl5 L111-Cfp2 L94-Yfx2 L105-Pmv8 L112-Vli7 L95-Yfx2 L106-Xvv7 L113-Uy_0
L67-Yfx2 L78-Ipp6 L89-Fwb0 L100-Hcu0 L68-Yfx2 L79-Qxp4 L90-R_c2 L101-K_g2 L80-Yfx2 L91-Fbp1 L102-X_v4 L92-Yfx2 L103-Yie9 L104-Yfx2 L111-Srl5 L105-Yfx2 L112-Pmv8 L106-Yfx2 L113-Xvv7
L78-Yfx2 L89-Ipp6 L100-Fwb0 L79-Yfx2 L90-Qxp4 L101-R_c2 L91-Yfx2 L102-Fbp1 L103-Yfx2 L111-Yfx2 L112-Yfx2 L113-Yfx2
L89-Yfx2 L100-Ipp6 L90-Yfx2 L101-Qxp4 L102-Yfx2
L100-Yfx2 L101-Yfx2
