131
#Here is the number of lines required: 31
##start
Zgw9 1 1
##end
Him6 3 3
Imv1 6 6
Gpy3 9 9
Gve6 12 12
Eeo2 14 14
Znn5 16 16
Id_2 21 21
Apx0 23 23
Rex9 26 26
Y_m4 29 29
Syn1 33 33
Rni0 36 36
Ipp5 39 39
Jz_4 43 43
Ta_1 47 47
Ekj3 52 52
Dzv5 57 57
Xz_7 60 60
Vxz8 63 63
Dxs6 68 68
Fvi5 70 70
Ptm6 74 74
Urt8 75 75
Dog5 80 80
Fpy9 82 82
Ueu6 85 85
U_m1 87 87
Yyw0 92 92
Btr3 95 95
Qjo5 97 97
Rmk0 100 100
Bgx0 101 101
Cgt3 102 102
Rtw0 107 107
I_r2 110 110
Cac4 114 114
Njw6 117 117
Uss1 119 119
Alu0 124 124
Gkd0 126 126
Hgl5 130 130
Fzm5 131 131
Unu4 135 135
Afx3 139 139
Cq_6 141 141
Joh1 145 145
Gfi0 147 147
Eg_3 151 151
Rjk0 155 155
Ihg0 160 160
Wxx7 162 162
Dki0 165 165
Pet0 166 166
Js_0 169 169
Prp3 172 172
Kfm9 177 177
Yko0 179 179
Wmp6 182 182
O_o8 183 183
Svi2 186 186
W_h8 190 190
Joj5 191 191
Plf4 194 194
Hvs3 196 196
Ajb2 199 199
Nyk1 202 202
P_a0 206 206
Hor3 207 207
Yit2 208 208
Qsi5 210 210
Msf6 211 211
Z_z4 213 213
Qpm8 214 214
Hru6 217 217
Kwg0 220 220
Gl_8 224 224
Z_r0 225 225
Ory5 226 226
Srp0 230 230
Zny9 231 231
Q_z1 234 234
Xpa4 238 238
Bvo3 241 241
Voz9 244 244
Saa1 247 247
Rzz9 250 250
Izu7 254 254
Rul9 258 258
Juy8 262 262
Czu8 267 267
Pjy6 272 272
Uin2 274 274
Oyd6 276 276
Oiw6 278 278
Ggx4 282 282
Ybc2 284 284
O_k3 286 286
Wfr4 289 289
Oul4 293 293
Gff1 296 296
Erx4 299 299
Rvf3 304 304
C__6 308 308
Wdh0 309 309
J_i4 313 313
Rvp8 316 316
Fca1 317 317
Gom6 322 322
F_s7 326 326
Rwb6 328 328
Zqy7 331 331
Hz_0 334 334
U__0 337 337
Qzl9 342 342
Mno8 346 346
Xmq7 350 350
Emf4 354 354
Gff9 358 358
Dhg9 359 359
Fcn4 361 361
Cpb3 363 363
U_p5 366 366
Zhx3 369 369
Bos7 372 372
Him5 375 375
Vo_5 378 378
Gs_6 382 382
Ni_3 385 385
Rmg7 387 387
Hmy7 390 390
Qbx8 391 391
Fvh0 395 395
Xdh3 399 399
Yly3 402 402
Dhg7 407 407
Fhn0 412 412
Ylr1 416 416
Mzm1 421 421
Gsb8 424 424
Jat5 428 428
Iwe5 430 430
Auk7 433 433
Ayv7 437 437
Jjh5 440 440
Zl_6 443 443
D_w4 447 447
Adc7 449 449
Ide3 450 450
Gj_1 453 453
Pbq8 456 456
Djh4 461 461
Hn_8 465 465
Fwb6 466 466
Wox9 468 468
Kle9 472 472
Eic5 476 476
Wwv6 480 480
Igb1 482 482
N_q1 487 487
Isz4 490 490
Ull0 494 494
Jgu8 497 497
Fcw5 500 500
Qhr8 503 503
R_u8 506 506
Qev2 511 511
Gro2 512 512
Pie1 514 514
Aaq1 517 517
Ne_2 519 519
Ccg2 524 524
Gp_4 527 527
Qmg5 531 531
Ukn6 535 535
Ikb3 540 540
R_h0 545 545
Gso9 548 548
Gjv0 553 553
Qz_2 554 554
T_f8 558 558
Maj5 560 560
Dau7 565 565
Klj4 569 569
Rpz3 572 572
Aez4 574 574
Nvl6 578 578
Qza5 582 582
Rfs0 585 585
Kyr8 590 590
Clo0 593 593
Ctf0 599 599
Bqc2 600 600
Sra8 604 604
Vom8 606 606
Mju4 609 609
Zda2 614 614
Sro7 616 616
Hcc8 618 618
Zxy7 623 623
Sqc7 624 624
Zpg8 627 627
Xep1 628 628
Yfh0 632 632
Q_r9 635 635
Qka2 636 636
Mt_8 638 638
Xpy8 643 643
Imk5 647 647
Ofj6 652 652
Jy_2 655 655
Qab4 658 658
Nw_2 660 660
Ego3 664 664
Fxr3 666 666
Nwn7 671 671
Car3 675 675
Jdy6 678 678
B_h7 682 682
Ajm9 684 684
Sjq9 686 686
Bbt1 690 690
Oeo8 694 694
Afp7 698 698
M__0 700 700
Qxd0 701 701
Obj8 703 703
Ki_8 706 706
Y_c3 710 710
Nkt4 713 713
Dez2 715 715
Eez1 719 719
Xc_0 722 722
Ddv6 723 723
Xpu6 725 725
Uci6 728 728
Snv9 731 731
Ppq9 732 732
Upd5 736 736
Aci7 739 739
Chi3 742 742
Ypg9 744 744
Trw4 747 747
Kbq5 750 750
Xkm7 752 752
Dsn3 755 755
Muh3 758 758
Tzp1 762 762
X_o9 764 764
Wjf5 768 768
Nye6 771 771
Fwn4 773 773
Kvo4 776 776
Dg_5 780 780
Ffw1 785 785
Xes7 788 788
Tjn4 792 792
Tdo0 796 796
Yre6 799 799
Ue_9 803 803
Fvd3 804 804
Ayj7 806 806
Jct8 809 809
Cbd1 814 814
Bau6 817 817
Qdo7 820 820
Emt5 824 824
Kcg7 828 828
Q_k5 832 832
Smk6 835 835
B_n4 836 836
Krk9 839 839
K_b6 842 842
Iwi1 845 845
Ywb5 850 850
Olr2 854 854
Wmk4 859 859
Uli2 864 864
Jtu2 867 867
Ic_3 870 870
Hkx4 873 873
Oif1 876 876
Mlj0 878 878
Bhl0 883 883
Jvs3 885 885
Oqn4 889 889
Zgr3 890 890
Cky5 893 893
P_n9 894 894
Drd5 897 897
Bdq4 899 899
Pbc7 902 902
Opj3 905 905
Wpc4 907 907
Bka8 912 912
Eiy3 915 915
Wnw1 916 916
Bwf6 919 919
Eqa7 923 923
Ovj9 925 925
Hue2 930 930
Wbv7 934 934
Sqi5 936 936
Zlt4 939 939
Rbp3 942 942
Uej6 946 946
H_b5 948 948
Dwq6 951 951
Hpz8 952 952
Tm_3 955 955
Msz7 959 959
Ryc6 962 962
Ayy6 967 967
Mnr4 969 969
Glc9 972 972
Rzd1 973 973
C_g0 975 975
Mev3 976 976
Iqa3 980 980
Bkp0 983 983
Ilg6 987 987
Tob7 991 991
Qnd6 994 994
Gyn2 997 997
Smf0 1001 1001
Ubg6 1004 1004
Zoo2 1005 1005
Ffn2 1008 1008
Znf7 1010 1010
Csk5 1013 1013
Rzp4 1017 1017
Hxs1 1021 1021
B_t0 1023 1023
Gzc2 1025 1025
Shm3 1028 1028
F_l6 1032 1032
Odu3 1035 1035
Voi7 1038 1038
Kul2 1042 1042
Jzw3 1047 1047
Moq6 1052 1052
Pwq6 1055 1055
Qnz2 1056 1056
Fvg6 1059 1059
Byo7 1061 1061
Qlq6 1064 1064
Xtr8 1067 1067
Qib8 1069 1069
Xqu4 1072 1072
Ebk6 1075 1075
Zlg2 1078 1078
Msr1 1082 1082
Imk6 1083 1083
Pmo8 1086 1086
Rcm2 1090 1090
Gha0 1092 1092
Ens6 1094 1094
Muo6 1095 1095
Kev9 1100 1100
Kxj7 1101 1101
Cuj0 1106 1106
Ndn4 1110 1110
Qfs0 1114 1114
E__4 1117 1117
Uv_6 1122 1122
Emp0 1124 1124
Sjm1 1128 1128
Ory0 1130 1130
Mev3-Imv1
Ffw1-Sjm1
Kev9-Gpy3
Gff1-Gve6
B_h7-Znn5
Jgu8-Rex9
Ne_2-E__4
Hru6-Y_m4
Imk6-Qfs0
Zny9-Syn1
Qz_2-Ndn4
Wmk4-Rni0
X_o9-Kxj7
Qlq6-Kev9
Nye6-Ta_1
Rzd1-Ekj3
Ajm9-Dzv5
C__6-Rcm2
Qab4-Xz_7
Djh4-Vxz8
Mlj0-Imk6
Fhn0-Zlg2
Gp_4-Dog5
Clo0-Fpy9
Mnr4-Xqu4
Q_r9-U_m1
Joh1-Yyw0
Btr3-Xtr8
Qlq6-Btr3
Rmk0-Fvg6
Bgx0-Rmk0
Cgt3-Bgx0
Rtw0-Qnz2
I_r2-Rtw0
Pwq6-Cac4
Njw6-Kul2
Voi7-Alu0
Fzm5-Hgl5
Odu3-Fzm5
F_l6-Odu3
Gzc2-Shm3
Cq_6-Afx3
B_t0-Cq_6
Joh1-B_t0
Csk5-Rzp4
Eg_3-Znf7
Ffn2-Eg_3
Rjk0-Ffn2
Ihg0-Rjk0
Pet0-Dki0
Js_0-Pet0
Ubg6-Prp3
Smf0-Ubg6
Kfm9-Smf0
Yko0-Qnd6
Tob7-Yko0
Wmp6-Tob7
O_o8-Wmp6
W_h8-Svi2
Mev3-W_h8
Rzd1-Joj5
Plf4-Rzd1
Nyk1-Ajb2
Yit2-Hor3
Msf6-Qsi5
Ryc6-Ayy6
Qpm8-Tm_3
Hru6-Hpz8
Kwg0-Hru6
Gl_8-Dwq6
H_b5-Gl_8
Uej6-H_b5
Z_r0-Uej6
Ory5-Z_r0
Srp0-Rbp3
Zny9-Srp0
Bvo3-Xpa4
Voz9-Bvo3
Zgw9-Voz9
Wbv7-Saa1
Rul9-Izu7
Ovj9-Rul9
Juy8-Eqa7
Pjy6-Czu8
Oyd6-Uin2
Wnw1-Oyd6
Oiw6-Wnw1
Ggx4-Oiw6
Ybc2-Ggx4
Bka8-O_k3
Zgw9-Bka8
Wfr4-Clo0
Wpc4-Oul4
Opj3-Wpc4
Gff1-Opj3
Erx4-Gff1
Rvf3-Pbc7
Bdq4-Rvf3
C__6-Bdq4
Drd5-C__6
Wdh0-Drd5
P_n9-Wdh0
J_i4-P_n9
Fca1-Cky5
Gom6-Oqn4
Mlj0-Bhl0
Oif1-Mlj0
Zqy7-Rwb6
Hkx4-Zqy7
Hz_0-Ic_3
U__0-Hz_0
Qzl9-U__0
Uli2-Jtu2
Mno8-Uli2
Emf4-Wmk4
Gff9-Emf4
Zgw9-Gff9
Cpb3-Fcn4
K_b6-Cpb3
Krk9-K_b6
U_p5-Q_k5
Bos7-Kcg7
Qdo7-Emt5
Cbd1-Bau6
Gs_6-Cbd1
Ni_3-Jct8
Hmy7-Rmg7
Fvd3-Qbx8
Fvh0-Fvd3
Yly3-Xdh3
Ue_9-Yly3
Dhg7-Ue_9
Yre6-Fhn0
Tjn4-Tdo0
Jat5-Xes7
Dg_5-Ffw1
Adc7-D_w4
Wjf5-Adc7
X_o9-Ide3
Tzp1-Gj_1
Pbq8-Him6
Muh3-Pbq8
Djh4-Muh3
Hn_8-Djh4
Dsn3-Fwb6
Wox9-Dsn3
Xkm7-Eic5
Wwv6-Xkm7
Kbq5-Wwv6
Ypg9-Trw4
Igb1-Ypg9
N_q1-Chi3
Aci7-N_q1
Ppq9-Upd5
Snv9-Ppq9
Uci6-Snv9
Zgw9-Ull0
Ddv6-Jgu8
Eez1-Xc_0
Fcw5-Eez1
Dez2-Qhr8
R_u8-Dez2
Qev2-R_u8
Nkt4-Gro2
Pie1-Y_c3
Obj8-Ki_8
Qxd0-Him6
Oeo8-Afp7
Bbt1-Oeo8
Ajm9-Sjq9
Aaq1-Ajm9
Ne_2-Aaq1
Ccg2-Ne_2
B_h7-Ccg2
Ikb3-Ukn6
Car3-Him6
Nwn7-Car3
Gso9-Fxr3
Ego3-Gjv0
Qz_2-Nw_2
Jy_2-Qab4
Ofj6-Jy_2
Imk5-Ofj6
Mt_8-Xpy8
Q_r9-Qka2
Zgw9-Q_r9
T_f8-Yfh0
Maj5-Xep1
Zpg8-Maj5
Sqc7-Zpg8
Zxy7-Sqc7
Hcc8-Zxy7
Sro7-Hcc8
Klj4-Dau7
Zda2-Klj4
Mju4-Zda2
Vom8-Mju4
Sra8-Vom8
Bqc2-Sra8
Rpz3-Bqc2
Nvl6-Aez4
Zgw9-Kyr8
Kyr8-Ctf0
Ctf0-Rfs0
Rfs0-Qza5
Qza5-Nvl6
Aez4-Rpz3
Dau7-Sro7
Xep1-T_f8
Yfh0-Him6
Qka2-Mt_8
Xpy8-Imk5
Qab4-Qz_2
Nw_2-Ego3
Gjv0-Gso9
Fxr3-Nwn7
Zgw9-R_h0
R_h0-Ikb3
Ukn6-Jdy6
Jdy6-Qmg5
Qmg5-Gp_4
Gp_4-B_h7
Sjq9-Bbt1
Afp7-M__0
M__0-Qxd0
Zgw9-Obj8
Ki_8-Pie1
Y_c3-Nkt4
Gro2-Qev2
Qhr8-Fcw5
Xc_0-Ddv6
Jgu8-Xpu6
Xpu6-Him6
Ull0-Uci6
Upd5-Isz4
Isz4-Aci7
Chi3-Igb1
Trw4-Kbq5
Eic5-Kle9
Kle9-Wox9
Fwb6-Hn_8
Zgw9-Tzp1
Gj_1-X_o9
Ide3-Wjf5
D_w4-Nye6
Nye6-Zl_6
Zl_6-Jjh5
Jjh5-Fwn4
Fwn4-Ayv7
Ayv7-Kvo4
Kvo4-Auk7
Auk7-Iwe5
Iwe5-Dg_5
Ffw1-Jat5
Xes7-Gsb8
Gsb8-Tjn4
Tdo0-Mzm1
Mzm1-Ylr1
Ylr1-Him6
Zgw9-Yre6
Fhn0-Dhg7
Xdh3-Fvh0
Qbx8-Ayj7
Ayj7-Hmy7
Rmg7-Ni_3
Jct8-Gs_6
Bau6-Qdo7
Emt5-Him6
Zgw9-Vo_5
Vo_5-Him5
Him5-Bos7
Kcg7-Zhx3
Zhx3-U_p5
Q_k5-Smk6
Smk6-B_n4
B_n4-Krk9
Fcn4-Iwi1
Iwi1-Ywb5
Ywb5-Dhg9
Dhg9-Olr2
Olr2-Him6
Wmk4-Xmq7
Xmq7-Mno8
Jtu2-Qzl9
Ic_3-Hkx4
Rwb6-F_s7
F_s7-Oif1
Bhl0-Jvs3
Jvs3-Gom6
Oqn4-Zgr3
Zgr3-Fca1
Cky5-Him6
Zgw9-Rvp8
Rvp8-J_i4
Pbc7-Erx4
Oul4-Wfr4
Clo0-Him6
O_k3-Eiy3
Eiy3-Ybc2
Uin2-Bwf6
Bwf6-Pjy6
Czu8-Juy8
Eqa7-Ovj9
Izu7-Rzz9
Rzz9-Hue2
Hue2-Wbv7
Saa1-Him6
Xpa4-Q_z1
Q_z1-Sqi5
Sqi5-Zlt4
Zlt4-Zny9
Rbp3-Ory5
Dwq6-Kwg0
Hpz8-Qpm8
Tm_3-Msz7
Msz7-Ryc6
Ayy6-Him6
Zgw9-Z_z4
Z_z4-Msf6
Qsi5-Mnr4
Mnr4-Yit2
Hor3-P_a0
P_a0-Nyk1
Ajb2-Hvs3
Hvs3-Glc9
Glc9-Plf4
Joj5-C_g0
C_g0-Mev3
Svi2-Iqa3
Iqa3-Bkp0
Bkp0-Ilg6
Ilg6-O_o8
Qnd6-Gyn2
Gyn2-Kfm9
Prp3-Js_0
Dki0-Wxx7
Wxx7-Zoo2
Zoo2-Ihg0
Znf7-Csk5
Rzp4-Him6
Zgw9-Hxs1
Hxs1-Gfi0
Gfi0-Joh1
Afx3-Unu4
Unu4-Gzc2
Shm3-F_l6
Hgl5-Gkd0
Gkd0-Voi7
Alu0-Uss1
Uss1-Njw6
Kul2-Jzw3
Jzw3-Moq6
Moq6-Pwq6
Cac4-I_r2
Qnz2-Cgt3
Fvg6-Qjo5
Qjo5-Byo7
Byo7-Qlq6
Xtr8-Him6
Ni_3-Qib8
Hn_8-Ueu6
Car3-Urt8
Saa1-Ebk6
Kcg7-Ptm6
Imk5-Msr1
Rzp4-Fvi5
Gjv0-Dxs6
Qnz2-Pmo8
Wox9-Gha0
Qpm8-Ens6
Wbv7-Muo6
Vo_5-Jz_4
R_u8-Cuj0
Rjk0-Ipp5
Maj5-Uv_6
Imk5-Emp0
Igb1-Apx0
B_h7-Id_2
Ptm6-Eeo2
Qbx8-Ory0
#Here is the number of lines required: 31

L1-Tzp1 L2-Ull0 L3-Gff9 L4-Kyr8 L5-Voz9 L6-Bka8 L7-Yre6 L8-Vo_5 L9-R_h0 L10-Rvp8 L11-Obj8 L12-Q_r9
L1-Gj_1 L13-Tzp1 L2-Uci6 L14-Ull0 L3-Emf4 L15-Gff9 L4-Ctf0 L16-Kyr8 L5-Bvo3 L17-Voz9 L6-O_k3 L18-Bka8 L7-Fhn0 L19-Yre6 L8-Him5 L20-Vo_5 L9-Ikb3 L21-R_h0 L10-J_i4 L22-Rvp8 L11-Ki_8 L23-Obj8 L12-Qka2 L24-Q_r9
L1-X_o9 L13-Gj_1 L25-Tzp1 L2-Snv9 L14-Uci6 L26-Ull0 L3-Wmk4 L15-Emf4 L27-Gff9 L4-Rfs0 L16-Ctf0 L28-Kyr8 L5-Xpa4 L17-Bvo3 L29-Voz9 L6-Eiy3 L18-O_k3 L30-Bka8 L7-Dhg7 L19-Fhn0 L31-Yre6 L8-Bos7 L20-Him5 L32-Vo_5 L9-Ukn6 L21-Ikb3 L33-R_h0 L10-P_n9 L22-J_i4 L34-Rvp8 L11-Pie1 L23-Ki_8 L35-Obj8 L12-Mt_8 L24-Qka2 L36-Q_r9
L1-Ide3 L13-X_o9 L25-Gj_1 L37-Tzp1 L2-Ppq9 L14-Snv9 L26-Uci6 L38-Ull0 L3-Xmq7 L15-Wmk4 L27-Emf4 L39-Gff9 L4-Qza5 L16-Rfs0 L28-Ctf0 L40-Kyr8 L5-Q_z1 L17-Xpa4 L29-Bvo3 L41-Voz9 L6-Ybc2 L18-Eiy3 L30-O_k3 L42-Bka8 L7-Ue_9 L19-Dhg7 L31-Fhn0 L43-Yre6 L8-Kcg7 L20-Bos7 L32-Him5 L44-Vo_5 L9-Jdy6 L21-Ukn6 L33-Ikb3 L45-R_h0 L10-Wdh0 L22-P_n9 L34-J_i4 L46-Rvp8 L11-Y_c3 L23-Pie1 L35-Ki_8 L47-Obj8 L12-Xpy8 L24-Mt_8 L36-Qka2 L48-Q_r9
L1-Wjf5 L13-Ide3 L25-X_o9 L37-Gj_1 L49-Tzp1 L2-Upd5 L14-Ppq9 L26-Snv9 L38-Uci6 L50-Ull0 L3-Mno8 L15-Xmq7 L27-Wmk4 L39-Emf4 L51-Gff9 L4-Nvl6 L16-Qza5 L28-Rfs0 L40-Ctf0 L52-Kyr8 L5-Sqi5 L17-Q_z1 L29-Xpa4 L41-Bvo3 L53-Voz9 L6-Ggx4 L18-Ybc2 L30-Eiy3 L42-O_k3 L54-Bka8 L7-Yly3 L19-Ue_9 L31-Dhg7 L43-Fhn0 L55-Yre6 L8-Zhx3 L20-Kcg7 L32-Bos7 L44-Him5 L56-Vo_5 L9-Qmg5 L21-Jdy6 L33-Ukn6 L45-Ikb3 L57-R_h0 L10-Drd5 L22-Wdh0 L34-P_n9 L46-J_i4 L58-Rvp8 L11-Nkt4 L23-Y_c3 L35-Pie1 L47-Ki_8 L59-Obj8 L12-Imk5 L24-Xpy8 L36-Mt_8 L48-Qka2 L60-Q_r9
L1-Adc7 L13-Wjf5 L25-Ide3 L37-X_o9 L49-Gj_1 L61-Tzp1 L2-Isz4 L14-Upd5 L26-Ppq9 L38-Snv9 L50-Uci6 L62-Ull0 L3-Uli2 L15-Mno8 L27-Xmq7 L39-Wmk4 L51-Emf4 L63-Gff9 L4-Aez4 L16-Nvl6 L28-Qza5 L40-Rfs0 L52-Ctf0 L64-Kyr8 L5-Zlt4 L17-Sqi5 L29-Q_z1 L41-Xpa4 L53-Bvo3 L65-Voz9 L6-Oiw6 L18-Ggx4 L30-Ybc2 L42-Eiy3 L54-O_k3 L66-Bka8 L7-Xdh3 L19-Yly3 L31-Ue_9 L43-Dhg7 L55-Fhn0 L67-Yre6 L8-U_p5 L20-Zhx3 L32-Kcg7 L44-Bos7 L56-Him5 L68-Vo_5 L9-Gp_4 L21-Qmg5 L33-Jdy6 L45-Ukn6 L57-Ikb3 L69-R_h0 L10-C__6 L22-Drd5 L34-Wdh0 L46-P_n9 L58-J_i4 L70-Rvp8 L11-Gro2 L23-Nkt4 L35-Y_c3 L47-Pie1 L59-Ki_8 L71-Obj8 L12-Ofj6 L24-Imk5 L36-Xpy8 L48-Mt_8 L60-Qka2 L72-Q_r9
L1-D_w4 L13-Adc7 L25-Wjf5 L37-Ide3 L49-X_o9 L61-Gj_1 L73-Tzp1 L2-Aci7 L14-Isz4 L26-Upd5 L38-Ppq9 L50-Snv9 L62-Uci6 L74-Ull0 L3-Jtu2 L15-Uli2 L27-Mno8 L39-Xmq7 L51-Wmk4 L63-Emf4 L75-Gff9 L4-Rpz3 L16-Aez4 L28-Nvl6 L40-Qza5 L52-Rfs0 L64-Ctf0 L76-Kyr8 L5-Zny9 L17-Zlt4 L29-Sqi5 L41-Q_z1 L53-Xpa4 L65-Bvo3 L77-Voz9 L6-Wnw1 L18-Oiw6 L30-Ggx4 L42-Ybc2 L54-Eiy3 L66-O_k3 L78-Bka8 L7-Fvh0 L19-Xdh3 L31-Yly3 L43-Ue_9 L55-Dhg7 L67-Fhn0 L79-Yre6 L8-Q_k5 L20-U_p5 L32-Zhx3 L44-Kcg7 L56-Bos7 L68-Him5 L80-Vo_5 L9-B_h7 L21-Gp_4 L33-Qmg5 L45-Jdy6 L57-Ukn6 L69-Ikb3 L81-R_h0 L10-Bdq4 L22-C__6 L34-Drd5 L46-Wdh0 L58-P_n9 L70-J_i4 L82-Rvp8 L11-Qev2 L23-Gro2 L35-Nkt4 L47-Y_c3 L59-Pie1 L71-Ki_8 L83-Obj8 L12-Jy_2 L24-Ofj6 L36-Imk5 L48-Xpy8 L60-Mt_8 L72-Qka2 L84-Q_r9
L1-Nye6 L13-D_w4 L25-Adc7 L37-Wjf5 L49-Ide3 L61-X_o9 L73-Gj_1 L85-Tzp1 L2-N_q1 L14-Aci7 L26-Isz4 L38-Upd5 L50-Ppq9 L62-Snv9 L74-Uci6 L86-Ull0 L3-Qzl9 L15-Jtu2 L27-Uli2 L39-Mno8 L51-Xmq7 L63-Wmk4 L75-Emf4 L87-Gff9 L4-Bqc2 L16-Rpz3 L28-Aez4 L40-Nvl6 L52-Qza5 L64-Rfs0 L76-Ctf0 L88-Kyr8 L5-Srp0 L17-Zny9 L29-Zlt4 L41-Sqi5 L53-Q_z1 L65-Xpa4 L77-Bvo3 L89-Voz9 L6-Oyd6 L18-Wnw1 L30-Oiw6 L42-Ggx4 L54-Ybc2 L66-Eiy3 L78-O_k3 L90-Bka8 L7-Fvd3 L19-Fvh0 L31-Xdh3 L43-Yly3 L55-Ue_9 L67-Dhg7 L79-Fhn0 L91-Yre6 L8-Smk6 L20-Q_k5 L32-U_p5 L44-Zhx3 L56-Kcg7 L68-Bos7 L80-Him5 L92-Vo_5 L9-Ccg2 L21-B_h7 L33-Gp_4 L45-Qmg5 L57-Jdy6 L69-Ukn6 L81-Ikb3 L93-R_h0 L10-Rvf3 L22-Bdq4 L34-C__6 L46-Drd5 L58-Wdh0 L70-P_n9 L82-J_i4 L94-Rvp8 L11-R_u8 L23-Qev2 L35-Gro2 L47-Nkt4 L59-Y_c3 L71-Pie1 L83-Ki_8 L95-Obj8 L12-Qab4 L24-Jy_2 L36-Ofj6 L48-Imk5 L60-Xpy8 L72-Mt_8 L84-Qka2 L96-Q_r9
L1-Zl_6 L13-Nye6 L25-D_w4 L37-Adc7 L49-Wjf5 L61-Ide3 L73-X_o9 L85-Gj_1 L97-Tzp1 L2-Chi3 L14-N_q1 L26-Aci7 L38-Isz4 L50-Upd5 L62-Ppq9 L74-Snv9 L86-Uci6 L98-Ull0 L3-U__0 L15-Qzl9 L27-Jtu2 L39-Uli2 L51-Mno8 L63-Xmq7 L75-Wmk4 L87-Emf4 L99-Gff9 L4-Sra8 L16-Bqc2 L28-Rpz3 L40-Aez4 L52-Nvl6 L64-Qza5 L76-Rfs0 L88-Ctf0 L100-Kyr8 L5-Rbp3 L17-Srp0 L29-Zny9 L41-Zlt4 L53-Sqi5 L65-Q_z1 L77-Xpa4 L89-Bvo3 L101-Voz9 L6-Bwf6 L18-Oyd6 L30-Wnw1 L42-Oiw6 L54-Ggx4 L66-Ybc2 L78-Eiy3 L90-O_k3 L102-Bka8 L7-Qbx8 L19-Fvd3 L31-Fvh0 L43-Xdh3 L55-Yly3 L67-Ue_9 L79-Dhg7 L91-Fhn0 L103-Yre6 L8-B_n4 L20-Smk6 L32-Q_k5 L44-U_p5 L56-Zhx3 L68-Kcg7 L80-Bos7 L92-Him5 L104-Vo_5 L9-Ne_2 L21-Ccg2 L33-B_h7 L45-Gp_4 L57-Qmg5 L69-Jdy6 L81-Ukn6 L93-Ikb3 L105-R_h0 L10-Pbc7 L22-Rvf3 L34-Bdq4 L46-C__6 L58-Drd5 L70-Wdh0 L82-P_n9 L94-J_i4 L106-Rvp8 L11-Dez2 L23-R_u8 L35-Qev2 L47-Gro2 L59-Nkt4 L71-Y_c3 L83-Pie1 L95-Ki_8 L107-Obj8 L12-Qz_2 L24-Qab4 L36-Jy_2 L48-Ofj6 L60-Imk5 L72-Xpy8 L84-Mt_8 L96-Qka2 L108-Q_r9
L1-Jjh5 L13-Zl_6 L25-Nye6 L37-D_w4 L49-Adc7 L61-Wjf5 L73-Ide3 L85-X_o9 L97-Gj_1 L109-Tzp1 L2-Igb1 L14-Chi3 L26-N_q1 L38-Aci7 L50-Isz4 L62-Upd5 L74-Ppq9 L86-Snv9 L98-Uci6 L110-Ull0 L3-Hz_0 L15-U__0 L27-Qzl9 L39-Jtu2 L51-Uli2 L63-Mno8 L75-Xmq7 L87-Wmk4 L99-Emf4 L111-Gff9 L4-Vom8 L16-Sra8 L28-Bqc2 L40-Rpz3 L52-Aez4 L64-Nvl6 L76-Qza5 L88-Rfs0 L100-Ctf0 L112-Kyr8 L5-Ory5 L17-Rbp3 L29-Srp0 L41-Zny9 L53-Zlt4 L65-Sqi5 L77-Q_z1 L89-Xpa4 L101-Bvo3 L113-Voz9 L6-Pjy6 L18-Bwf6 L30-Oyd6 L42-Wnw1 L54-Oiw6 L66-Ggx4 L78-Ybc2 L90-Eiy3 L102-O_k3 L114-Bka8 L7-Ayj7 L19-Qbx8 L31-Fvd3 L43-Fvh0 L55-Xdh3 L67-Yly3 L79-Ue_9 L91-Dhg7 L103-Fhn0 L115-Yre6 L8-Krk9 L20-B_n4 L32-Smk6 L44-Q_k5 L56-U_p5 L68-Zhx3 L80-Kcg7 L92-Bos7 L104-Him5 L116-Vo_5 L9-Aaq1 L21-Ne_2 L33-Ccg2 L45-B_h7 L57-Gp_4 L69-Qmg5 L81-Jdy6 L93-Ukn6 L105-Ikb3 L117-R_h0 L10-Erx4 L22-Pbc7 L34-Rvf3 L46-Bdq4 L58-C__6 L70-Drd5 L82-Wdh0 L94-P_n9 L106-J_i4 L118-Rvp8 L11-Qhr8 L23-Dez2 L35-R_u8 L47-Qev2 L59-Gro2 L71-Nkt4 L83-Y_c3 L95-Pie1 L107-Ki_8 L119-Obj8 L12-Nw_2 L24-Qz_2 L36-Qab4 L48-Jy_2 L60-Ofj6 L72-Imk5 L84-Xpy8 L96-Mt_8 L108-Qka2 L120-Q_r9
L1-Fwn4 L13-Jjh5 L25-Zl_6 L37-Nye6 L49-D_w4 L61-Adc7 L73-Wjf5 L85-Ide3 L97-X_o9 L109-Gj_1 L2-Ypg9 L14-Igb1 L26-Chi3 L38-N_q1 L50-Aci7 L62-Isz4 L74-Upd5 L86-Ppq9 L98-Snv9 L110-Uci6 L121-Ull0 L3-Ic_3 L15-Hz_0 L27-U__0 L39-Qzl9 L51-Jtu2 L63-Uli2 L75-Mno8 L87-Xmq7 L99-Wmk4 L111-Emf4 L122-Gff9 L4-Mju4 L16-Vom8 L28-Sra8 L40-Bqc2 L52-Rpz3 L64-Aez4 L76-Nvl6 L88-Qza5 L100-Rfs0 L112-Ctf0 L123-Kyr8 L5-Z_r0 L17-Ory5 L29-Rbp3 L41-Srp0 L53-Zny9 L65-Zlt4 L77-Sqi5 L89-Q_z1 L101-Xpa4 L113-Bvo3 L124-Voz9 L6-Czu8 L18-Pjy6 L30-Bwf6 L42-Oyd6 L54-Wnw1 L66-Oiw6 L78-Ggx4 L90-Ybc2 L102-Eiy3 L114-O_k3 L125-Bka8 L7-Hmy7 L19-Ayj7 L31-Qbx8 L43-Fvd3 L55-Fvh0 L67-Xdh3 L79-Yly3 L91-Ue_9 L103-Dhg7 L115-Fhn0 L126-Yre6 L8-K_b6 L20-Krk9 L32-B_n4 L44-Smk6 L56-Q_k5 L68-U_p5 L80-Zhx3 L92-Kcg7 L104-Bos7 L116-Him5 L127-Vo_5 L9-Ajm9 L21-Aaq1 L33-Ne_2 L45-Ccg2 L57-B_h7 L69-Gp_4 L81-Qmg5 L93-Jdy6 L105-Ukn6 L117-Ikb3 L128-R_h0 L10-Gff1 L22-Erx4 L34-Pbc7 L46-Rvf3 L58-Bdq4 L70-C__6 L82-Drd5 L94-Wdh0 L106-P_n9 L118-J_i4 L129-Rvp8 L11-Fcw5 L23-Qhr8 L35-Dez2 L47-R_u8 L59-Qev2 L71-Gro2 L83-Nkt4 L95-Y_c3 L107-Pie1 L119-Ki_8 L130-Obj8 L12-Ego3 L24-Nw_2 L36-Qz_2 L48-Qab4 L60-Jy_2 L72-Ofj6 L84-Imk5 L96-Xpy8 L108-Mt_8 L120-Qka2 L131-Q_r9
L1-Ayv7 L13-Fwn4 L25-Jjh5 L37-Zl_6 L49-Nye6 L61-D_w4 L73-Adc7 L85-Wjf5 L97-Ide3 L109-X_o9 L2-Trw4 L14-Ypg9 L26-Igb1 L38-Chi3 L50-N_q1 L62-Aci7 L74-Isz4 L86-Upd5 L98-Ppq9 L110-Snv9 L121-Uci6 L3-Hkx4 L15-Ic_3 L27-Hz_0 L39-U__0 L51-Qzl9 L63-Jtu2 L75-Uli2 L87-Mno8 L99-Xmq7 L111-Wmk4 L122-Emf4 L4-Zda2 L16-Mju4 L28-Vom8 L40-Sra8 L52-Bqc2 L64-Rpz3 L76-Aez4 L88-Nvl6 L100-Qza5 L112-Rfs0 L123-Ctf0 L5-Uej6 L17-Z_r0 L29-Ory5 L41-Rbp3 L53-Srp0 L65-Zny9 L77-Zlt4 L89-Sqi5 L101-Q_z1 L113-Xpa4 L124-Bvo3 L6-Juy8 L18-Czu8 L30-Pjy6 L42-Bwf6 L54-Oyd6 L66-Wnw1 L78-Oiw6 L90-Ggx4 L102-Ybc2 L114-Eiy3 L125-O_k3 L7-Rmg7 L19-Hmy7 L31-Ayj7 L43-Qbx8 L55-Fvd3 L67-Fvh0 L79-Xdh3 L91-Yly3 L103-Ue_9 L115-Dhg7 L126-Fhn0 L8-Cpb3 L20-K_b6 L32-Krk9 L44-B_n4 L56-Smk6 L68-Q_k5 L80-U_p5 L92-Zhx3 L104-Kcg7 L116-Bos7 L127-Him5 L9-Sjq9 L21-Ajm9 L33-Aaq1 L45-Ne_2 L57-Ccg2 L69-B_h7 L81-Gp_4 L93-Qmg5 L105-Jdy6 L117-Ukn6 L128-Ikb3 L10-Opj3 L22-Gff1 L34-Erx4 L46-Pbc7 L58-Rvf3 L70-Bdq4 L82-C__6 L94-Drd5 L106-Wdh0 L118-P_n9 L129-J_i4 L11-Eez1 L23-Fcw5 L35-Qhr8 L47-Dez2 L59-R_u8 L71-Qev2 L83-Gro2 L95-Nkt4 L107-Y_c3 L119-Pie1 L130-Ki_8 L12-Gjv0 L24-Ego3 L36-Nw_2 L48-Qz_2 L60-Qab4 L72-Jy_2 L84-Ofj6 L96-Imk5 L108-Xpy8 L120-Mt_8 L131-Qka2
L1-Kvo4 L13-Ayv7 L25-Fwn4 L37-Jjh5 L49-Zl_6 L61-Nye6 L73-D_w4 L85-Adc7 L97-Wjf5 L109-Ide3 L2-Kbq5 L14-Trw4 L26-Ypg9 L38-Igb1 L50-Chi3 L62-N_q1 L74-Aci7 L86-Isz4 L98-Upd5 L110-Ppq9 L121-Snv9 L3-Zqy7 L15-Hkx4 L27-Ic_3 L39-Hz_0 L51-U__0 L63-Qzl9 L75-Jtu2 L87-Uli2 L99-Mno8 L111-Xmq7 L122-Wmk4 L4-Klj4 L16-Zda2 L28-Mju4 L40-Vom8 L52-Sra8 L64-Bqc2 L76-Rpz3 L88-Aez4 L100-Nvl6 L112-Qza5 L123-Rfs0 L5-H_b5 L17-Uej6 L29-Z_r0 L41-Ory5 L53-Rbp3 L65-Srp0 L77-Zny9 L89-Zlt4 L101-Sqi5 L113-Q_z1 L124-Xpa4 L6-Eqa7 L18-Juy8 L30-Czu8 L42-Pjy6 L54-Bwf6 L66-Oyd6 L78-Wnw1 L90-Oiw6 L102-Ggx4 L114-Ybc2 L125-Eiy3 L7-Ni_3 L19-Rmg7 L31-Hmy7 L43-Ayj7 L55-Qbx8 L67-Fvd3 L79-Fvh0 L91-Xdh3 L103-Yly3 L115-Ue_9 L126-Dhg7 L8-Fcn4 L20-Cpb3 L32-K_b6 L44-Krk9 L56-B_n4 L68-Smk6 L80-Q_k5 L92-U_p5 L104-Zhx3 L116-Kcg7 L127-Bos7 L9-Bbt1 L21-Sjq9 L33-Ajm9 L45-Aaq1 L57-Ne_2 L69-Ccg2 L81-B_h7 L93-Gp_4 L105-Qmg5 L117-Jdy6 L128-Ukn6 L10-Wpc4 L22-Opj3 L34-Gff1 L46-Erx4 L58-Pbc7 L70-Rvf3 L82-Bdq4 L94-C__6 L106-Drd5 L118-Wdh0 L129-P_n9 L11-Xc_0 L23-Eez1 L35-Fcw5 L47-Qhr8 L59-Dez2 L71-R_u8 L83-Qev2 L95-Gro2 L107-Nkt4 L119-Y_c3 L130-Pie1 L12-Gso9 L24-Gjv0 L36-Ego3 L48-Nw_2 L60-Qz_2 L72-Qab4 L84-Jy_2 L96-Ofj6 L108-Imk5 L120-Xpy8 L131-Mt_8
L1-Auk7 L13-Kvo4 L25-Ayv7 L37-Fwn4 L49-Jjh5 L61-Zl_6 L73-Nye6 L85-D_w4 L97-Adc7 L109-Wjf5 L2-Wwv6 L14-Kbq5 L26-Trw4 L38-Ypg9 L50-Igb1 L62-Chi3 L74-N_q1 L86-Aci7 L98-Isz4 L110-Upd5 L121-Ppq9 L3-Rwb6 L15-Zqy7 L27-Hkx4 L39-Ic_3 L51-Hz_0 L63-U__0 L75-Qzl9 L87-Jtu2 L99-Uli2 L111-Mno8 L122-Xmq7 L4-Dau7 L16-Klj4 L28-Zda2 L40-Mju4 L52-Vom8 L64-Sra8 L76-Bqc2 L88-Rpz3 L100-Aez4 L112-Nvl6 L123-Qza5 L5-Gl_8 L17-H_b5 L29-Uej6 L41-Z_r0 L53-Ory5 L65-Rbp3 L77-Srp0 L89-Zny9 L101-Zlt4 L113-Sqi5 L124-Q_z1 L6-Ovj9 L18-Eqa7 L30-Juy8 L42-Czu8 L54-Pjy6 L66-Bwf6 L78-Oyd6 L90-Wnw1 L102-Oiw6 L114-Ggx4 L125-Ybc2 L7-Jct8 L19-Ni_3 L31-Rmg7 L43-Hmy7 L55-Ayj7 L67-Qbx8 L79-Fvd3 L91-Fvh0 L103-Xdh3 L115-Yly3 L126-Ue_9 L8-Iwi1 L20-Fcn4 L32-Cpb3 L44-K_b6 L56-Krk9 L68-B_n4 L80-Smk6 L92-Q_k5 L104-U_p5 L116-Zhx3 L127-Kcg7 L9-Oeo8 L21-Bbt1 L33-Sjq9 L45-Ajm9 L57-Aaq1 L69-Ne_2 L81-Ccg2 L93-B_h7 L105-Gp_4 L117-Qmg5 L128-Jdy6 L10-Oul4 L22-Wpc4 L34-Opj3 L46-Gff1 L58-Erx4 L70-Pbc7 L82-Rvf3 L94-Bdq4 L106-C__6 L118-Drd5 L129-Wdh0 L11-Ddv6 L23-Xc_0 L35-Eez1 L47-Fcw5 L59-Qhr8 L71-Dez2 L83-R_u8 L95-Qev2 L107-Gro2 L119-Nkt4 L130-Y_c3 L12-Fxr3 L24-Gso9 L36-Gjv0 L48-Ego3 L60-Nw_2 L72-Qz_2 L84-Qab4 L96-Jy_2 L108-Ofj6 L120-Imk5 L131-Xpy8
L1-Iwe5 L13-Auk7 L25-Kvo4 L37-Ayv7 L49-Fwn4 L61-Jjh5 L73-Zl_6 L85-Nye6 L97-D_w4 L109-Adc7 L2-Xkm7 L14-Wwv6 L26-Kbq5 L38-Trw4 L50-Ypg9 L62-Igb1 L74-Chi3 L86-N_q1 L98-Aci7 L110-Isz4 L121-Upd5 L3-F_s7 L15-Rwb6 L27-Zqy7 L39-Hkx4 L51-Ic_3 L63-Hz_0 L75-U__0 L87-Qzl9 L99-Jtu2 L111-Uli2 L122-Mno8 L4-Sro7 L16-Dau7 L28-Klj4 L40-Zda2 L52-Mju4 L64-Vom8 L76-Sra8 L88-Bqc2 L100-Rpz3 L112-Aez4 L123-Nvl6 L5-Dwq6 L17-Gl_8 L29-H_b5 L41-Uej6 L53-Z_r0 L65-Ory5 L77-Rbp3 L89-Srp0 L101-Zny9 L113-Zlt4 L124-Sqi5 L6-Rul9 L18-Ovj9 L30-Eqa7 L42-Juy8 L54-Czu8 L66-Pjy6 L78-Bwf6 L90-Oyd6 L102-Wnw1 L114-Oiw6 L125-Ggx4 L7-Gs_6 L19-Jct8 L31-Ni_3 L43-Rmg7 L55-Hmy7 L67-Ayj7 L79-Qbx8 L91-Fvd3 L103-Fvh0 L115-Xdh3 L126-Yly3 L8-Ywb5 L20-Iwi1 L32-Fcn4 L44-Cpb3 L56-K_b6 L68-Krk9 L80-B_n4 L92-Smk6 L104-Q_k5 L116-U_p5 L127-Zhx3 L9-Afp7 L21-Oeo8 L33-Bbt1 L45-Sjq9 L57-Ajm9 L69-Aaq1 L81-Ne_2 L93-Ccg2 L105-B_h7 L117-Gp_4 L128-Qmg5 L10-Wfr4 L22-Oul4 L34-Wpc4 L46-Opj3 L58-Gff1 L70-Erx4 L82-Pbc7 L94-Rvf3 L106-Bdq4 L118-C__6 L129-Drd5 L11-Jgu8 L23-Ddv6 L35-Xc_0 L47-Eez1 L59-Fcw5 L71-Qhr8 L83-Dez2 L95-R_u8 L107-Qev2 L119-Gro2 L130-Nkt4 L12-Nwn7 L24-Fxr3 L36-Gso9 L48-Gjv0 L60-Ego3 L72-Nw_2 L84-Qz_2 L96-Qab4 L108-Jy_2 L120-Ofj6 L131-Imk5
L1-Dg_5 L13-Iwe5 L25-Auk7 L37-Kvo4 L49-Ayv7 L61-Fwn4 L73-Jjh5 L85-Zl_6 L97-Nye6 L109-D_w4 L2-Eic5 L14-Xkm7 L26-Wwv6 L38-Kbq5 L50-Trw4 L62-Ypg9 L74-Igb1 L86-Chi3 L98-N_q1 L110-Aci7 L121-Isz4 L3-Oif1 L15-F_s7 L27-Rwb6 L39-Zqy7 L51-Hkx4 L63-Ic_3 L75-Hz_0 L87-U__0 L99-Qzl9 L111-Jtu2 L122-Uli2 L4-Hcc8 L16-Sro7 L28-Dau7 L40-Klj4 L52-Zda2 L64-Mju4 L76-Vom8 L88-Sra8 L100-Bqc2 L112-Rpz3 L123-Aez4 L5-Kwg0 L17-Dwq6 L29-Gl_8 L41-H_b5 L53-Uej6 L65-Z_r0 L77-Ory5 L89-Rbp3 L101-Srp0 L113-Zny9 L124-Zlt4 L6-Izu7 L18-Rul9 L30-Ovj9 L42-Eqa7 L54-Juy8 L66-Czu8 L78-Pjy6 L90-Bwf6 L102-Oyd6 L114-Wnw1 L125-Oiw6 L7-Cbd1 L19-Gs_6 L31-Jct8 L43-Ni_3 L55-Rmg7 L67-Hmy7 L79-Ayj7 L91-Qbx8 L103-Fvd3 L115-Fvh0 L126-Xdh3 L8-Dhg9 L20-Ywb5 L32-Iwi1 L44-Fcn4 L56-Cpb3 L68-K_b6 L80-Krk9 L92-B_n4 L104-Smk6 L116-Q_k5 L127-U_p5 L9-M__0 L21-Afp7 L33-Oeo8 L45-Bbt1 L57-Sjq9 L69-Ajm9 L81-Aaq1 L93-Ne_2 L105-Ccg2 L117-B_h7 L128-Gp_4 L10-Clo0 L22-Wfr4 L34-Oul4 L46-Wpc4 L58-Opj3 L70-Gff1 L82-Erx4 L94-Pbc7 L106-Rvf3 L118-Bdq4 L129-C__6 L11-Xpu6 L23-Jgu8 L35-Ddv6 L47-Xc_0 L59-Eez1 L71-Fcw5 L83-Qhr8 L95-Dez2 L107-R_u8 L119-Qev2 L130-Gro2 L12-Car3 L24-Nwn7 L36-Fxr3 L48-Gso9 L60-Gjv0 L72-Ego3 L84-Nw_2 L96-Qz_2 L108-Qab4 L120-Jy_2 L131-Ofj6
L1-Ffw1 L13-Dg_5 L25-Iwe5 L37-Auk7 L49-Kvo4 L61-Ayv7 L73-Fwn4 L85-Jjh5 L97-Zl_6 L109-Nye6 L2-Kle9 L14-Eic5 L26-Xkm7 L38-Wwv6 L50-Kbq5 L62-Trw4 L74-Ypg9 L86-Igb1 L98-Chi3 L110-N_q1 L121-Aci7 L3-Mlj0 L15-Oif1 L27-F_s7 L39-Rwb6 L51-Zqy7 L63-Hkx4 L75-Ic_3 L87-Hz_0 L99-U__0 L111-Qzl9 L122-Jtu2 L4-Zxy7 L16-Hcc8 L28-Sro7 L40-Dau7 L52-Klj4 L64-Zda2 L76-Mju4 L88-Vom8 L100-Sra8 L112-Bqc2 L123-Rpz3 L5-Hru6 L17-Kwg0 L29-Dwq6 L41-Gl_8 L53-H_b5 L65-Uej6 L77-Z_r0 L89-Ory5 L101-Rbp3 L113-Srp0 L124-Zny9 L6-Rzz9 L18-Izu7 L30-Rul9 L42-Ovj9 L54-Eqa7 L66-Juy8 L78-Czu8 L90-Pjy6 L102-Bwf6 L114-Oyd6 L125-Wnw1 L7-Bau6 L19-Cbd1 L31-Gs_6 L43-Jct8 L55-Ni_3 L67-Rmg7 L79-Hmy7 L91-Ayj7 L103-Qbx8 L115-Fvd3 L126-Fvh0 L8-Olr2 L20-Dhg9 L32-Ywb5 L44-Iwi1 L56-Fcn4 L68-Cpb3 L80-K_b6 L92-Krk9 L104-B_n4 L116-Smk6 L127-Q_k5 L9-Qxd0 L21-M__0 L33-Afp7 L45-Oeo8 L57-Bbt1 L69-Sjq9 L81-Ajm9 L93-Aaq1 L105-Ne_2 L117-Ccg2 L128-B_h7 L10-Him6 L22-Clo0 L34-Wfr4 L46-Oul4 L58-Wpc4 L70-Opj3 L82-Gff1 L94-Erx4 L106-Pbc7 L118-Rvf3 L129-Bdq4 L11-Him6 L23-Xpu6 L35-Jgu8 L47-Ddv6 L59-Xc_0 L71-Eez1 L83-Fcw5 L95-Qhr8 L107-Dez2 L119-R_u8 L130-Qev2 L12-Him6 L24-Car3 L36-Nwn7 L48-Fxr3 L60-Gso9 L72-Gjv0 L84-Ego3 L96-Nw_2 L108-Qz_2 L120-Qab4 L131-Jy_2
L1-Jat5 L13-Ffw1 L25-Dg_5 L37-Iwe5 L49-Auk7 L61-Kvo4 L73-Ayv7 L85-Fwn4 L97-Jjh5 L109-Zl_6 L2-Wox9 L14-Kle9 L26-Eic5 L38-Xkm7 L50-Wwv6 L62-Kbq5 L74-Trw4 L86-Ypg9 L98-Igb1 L110-Chi3 L121-N_q1 L3-Bhl0 L15-Mlj0 L27-Oif1 L39-F_s7 L51-Rwb6 L63-Zqy7 L75-Hkx4 L87-Ic_3 L99-Hz_0 L111-U__0 L122-Qzl9 L4-Sqc7 L16-Zxy7 L28-Hcc8 L40-Sro7 L52-Dau7 L64-Klj4 L76-Zda2 L88-Mju4 L100-Vom8 L112-Sra8 L123-Bqc2 L5-Hpz8 L17-Hru6 L29-Kwg0 L41-Dwq6 L53-Gl_8 L65-H_b5 L77-Uej6 L89-Z_r0 L101-Ory5 L113-Rbp3 L124-Srp0 L6-Hue2 L18-Rzz9 L30-Izu7 L42-Rul9 L54-Ovj9 L66-Eqa7 L78-Juy8 L90-Czu8 L102-Pjy6 L114-Bwf6 L125-Oyd6 L7-Qdo7 L19-Bau6 L31-Cbd1 L43-Gs_6 L55-Jct8 L67-Ni_3 L79-Rmg7 L91-Hmy7 L103-Ayj7 L115-Qbx8 L126-Fvd3 L8-Him6 L20-Olr2 L32-Dhg9 L44-Ywb5 L56-Iwi1 L68-Fcn4 L80-Cpb3 L92-K_b6 L104-Krk9 L116-B_n4 L127-Smk6 L9-Him6 L21-Qxd0 L33-M__0 L45-Afp7 L57-Oeo8 L69-Bbt1 L81-Sjq9 L93-Ajm9 L105-Aaq1 L117-Ne_2 L128-Ccg2 L22-Him6 L34-Clo0 L46-Wfr4 L58-Oul4 L70-Wpc4 L82-Opj3 L94-Gff1 L106-Erx4 L118-Pbc7 L129-Rvf3 L23-Him6 L35-Xpu6 L47-Jgu8 L59-Ddv6 L71-Xc_0 L83-Eez1 L95-Fcw5 L107-Qhr8 L119-Dez2 L130-R_u8 L24-Him6 L36-Car3 L48-Nwn7 L60-Fxr3 L72-Gso9 L84-Gjv0 L96-Ego3 L108-Nw_2 L120-Qz_2 L131-Qab4
L1-Xes7 L13-Jat5 L25-Ffw1 L37-Dg_5 L49-Iwe5 L61-Auk7 L73-Kvo4 L85-Ayv7 L97-Fwn4 L109-Jjh5 L2-Dsn3 L14-Wox9 L26-Kle9 L38-Eic5 L50-Xkm7 L62-Wwv6 L74-Kbq5 L86-Trw4 L98-Ypg9 L110-Igb1 L121-Chi3 L3-Jvs3 L15-Bhl0 L27-Mlj0 L39-Oif1 L51-F_s7 L63-Rwb6 L75-Zqy7 L87-Hkx4 L99-Ic_3 L111-Hz_0 L122-U__0 L4-Zpg8 L16-Sqc7 L28-Zxy7 L40-Hcc8 L52-Sro7 L64-Dau7 L76-Klj4 L88-Zda2 L100-Mju4 L112-Vom8 L123-Sra8 L5-Qpm8 L17-Hpz8 L29-Hru6 L41-Kwg0 L53-Dwq6 L65-Gl_8 L77-H_b5 L89-Uej6 L101-Z_r0 L113-Ory5 L124-Rbp3 L6-Wbv7 L18-Hue2 L30-Rzz9 L42-Izu7 L54-Rul9 L66-Ovj9 L78-Eqa7 L90-Juy8 L102-Czu8 L114-Pjy6 L125-Bwf6 L7-Emt5 L19-Qdo7 L31-Bau6 L43-Cbd1 L55-Gs_6 L67-Jct8 L79-Ni_3 L91-Rmg7 L103-Hmy7 L115-Ayj7 L126-Qbx8 L20-Him6 L32-Olr2 L44-Dhg9 L56-Ywb5 L68-Iwi1 L80-Fcn4 L92-Cpb3 L104-K_b6 L116-Krk9 L127-B_n4 L21-Him6 L33-Qxd0 L45-M__0 L57-Afp7 L69-Oeo8 L81-Bbt1 L93-Sjq9 L105-Ajm9 L117-Aaq1 L128-Ne_2 L34-Him6 L46-Clo0 L58-Wfr4 L70-Oul4 L82-Wpc4 L94-Opj3 L106-Gff1 L118-Erx4 L129-Pbc7 L35-Him6 L47-Xpu6 L59-Jgu8 L71-Ddv6 L83-Xc_0 L95-Eez1 L107-Fcw5 L119-Qhr8 L130-Dez2 L36-Him6 L48-Car3 L60-Nwn7 L72-Fxr3 L84-Gso9 L96-Gjv0 L108-Ego3 L120-Nw_2 L131-Qz_2
L1-Gsb8 L13-Xes7 L25-Jat5 L37-Ffw1 L49-Dg_5 L61-Iwe5 L73-Auk7 L85-Kvo4 L97-Ayv7 L109-Fwn4 L2-Fwb6 L14-Dsn3 L26-Wox9 L38-Kle9 L50-Eic5 L62-Xkm7 L74-Wwv6 L86-Kbq5 L98-Trw4 L110-Ypg9 L121-Igb1 L3-Gom6 L15-Jvs3 L27-Bhl0 L39-Mlj0 L51-Oif1 L63-F_s7 L75-Rwb6 L87-Zqy7 L99-Hkx4 L111-Ic_3 L122-Hz_0 L4-Maj5 L16-Zpg8 L28-Sqc7 L40-Zxy7 L52-Hcc8 L64-Sro7 L76-Dau7 L88-Klj4 L100-Zda2 L112-Mju4 L123-Vom8 L5-Tm_3 L17-Qpm8 L29-Hpz8 L41-Hru6 L53-Kwg0 L65-Dwq6 L77-Gl_8 L89-H_b5 L101-Uej6 L113-Z_r0 L124-Ory5 L6-Saa1 L18-Wbv7 L30-Hue2 L42-Rzz9 L54-Izu7 L66-Rul9 L78-Ovj9 L90-Eqa7 L102-Juy8 L114-Czu8 L125-Pjy6 L7-Him6 L19-Emt5 L31-Qdo7 L43-Bau6 L55-Cbd1 L67-Gs_6 L79-Jct8 L91-Ni_3 L103-Rmg7 L115-Hmy7 L126-Ayj7 L32-Him6 L44-Olr2 L56-Dhg9 L68-Ywb5 L80-Iwi1 L92-Fcn4 L104-Cpb3 L116-K_b6 L127-Krk9 L33-Him6 L45-Qxd0 L57-M__0 L69-Afp7 L81-Oeo8 L93-Bbt1 L105-Sjq9 L117-Ajm9 L128-Aaq1 L46-Him6 L58-Clo0 L70-Wfr4 L82-Oul4 L94-Wpc4 L106-Opj3 L118-Gff1 L129-Erx4 L47-Him6 L59-Xpu6 L71-Jgu8 L83-Ddv6 L95-Xc_0 L107-Eez1 L119-Fcw5 L130-Qhr8 L48-Him6 L60-Car3 L72-Nwn7 L84-Fxr3 L96-Gso9 L108-Gjv0 L120-Ego3 L131-Nw_2
L1-Tjn4 L13-Gsb8 L25-Xes7 L37-Jat5 L49-Ffw1 L61-Dg_5 L73-Iwe5 L85-Auk7 L97-Kvo4 L109-Ayv7 L2-Hn_8 L14-Fwb6 L26-Dsn3 L38-Wox9 L50-Kle9 L62-Eic5 L74-Xkm7 L86-Wwv6 L98-Kbq5 L110-Trw4 L121-Ypg9 L3-Oqn4 L15-Gom6 L27-Jvs3 L39-Bhl0 L51-Mlj0 L63-Oif1 L75-F_s7 L87-Rwb6 L99-Zqy7 L111-Hkx4 L122-Ic_3 L4-Xep1 L16-Maj5 L28-Zpg8 L40-Sqc7 L52-Zxy7 L64-Hcc8 L76-Sro7 L88-Dau7 L100-Klj4 L112-Zda2 L123-Mju4 L5-Msz7 L17-Tm_3 L29-Qpm8 L41-Hpz8 L53-Hru6 L65-Kwg0 L77-Dwq6 L89-Gl_8 L101-H_b5 L113-Uej6 L124-Z_r0 L6-Him6 L18-Saa1 L30-Wbv7 L42-Hue2 L54-Rzz9 L66-Izu7 L78-Rul9 L90-Ovj9 L102-Eqa7 L114-Juy8 L125-Czu8 L19-Him6 L31-Emt5 L43-Qdo7 L55-Bau6 L67-Cbd1 L79-Gs_6 L91-Jct8 L103-Ni_3 L115-Rmg7 L126-Hmy7 L44-Him6 L56-Olr2 L68-Dhg9 L80-Ywb5 L92-Iwi1 L104-Fcn4 L116-Cpb3 L127-K_b6 L45-Him6 L57-Qxd0 L69-M__0 L81-Afp7 L93-Oeo8 L105-Bbt1 L117-Sjq9 L128-Ajm9 L58-Him6 L70-Clo0 L82-Wfr4 L94-Oul4 L106-Wpc4 L118-Opj3 L129-Gff1 L59-Him6 L71-Xpu6 L83-Jgu8 L95-Ddv6 L107-Xc_0 L119-Eez1 L130-Fcw5 L60-Him6 L72-Car3 L84-Nwn7 L96-Fxr3 L108-Gso9 L120-Gjv0 L131-Ego3
L1-Tdo0 L13-Tjn4 L25-Gsb8 L37-Xes7 L49-Jat5 L61-Ffw1 L73-Dg_5 L85-Iwe5 L97-Auk7 L109-Kvo4 L2-Djh4 L14-Hn_8 L26-Fwb6 L38-Dsn3 L50-Wox9 L62-Kle9 L74-Eic5 L86-Xkm7 L98-Wwv6 L110-Kbq5 L121-Trw4 L3-Zgr3 L15-Oqn4 L27-Gom6 L39-Jvs3 L51-Bhl0 L63-Mlj0 L75-Oif1 L87-F_s7 L99-Rwb6 L111-Zqy7 L122-Hkx4 L4-T_f8 L16-Xep1 L28-Maj5 L40-Zpg8 L52-Sqc7 L64-Zxy7 L76-Hcc8 L88-Sro7 L100-Dau7 L112-Klj4 L123-Zda2 L5-Ryc6 L17-Msz7 L29-Tm_3 L41-Qpm8 L53-Hpz8 L65-Hru6 L77-Kwg0 L89-Dwq6 L101-Gl_8 L113-H_b5 L124-Uej6 L18-Him6 L30-Saa1 L42-Wbv7 L54-Hue2 L66-Rzz9 L78-Izu7 L90-Rul9 L102-Ovj9 L114-Eqa7 L125-Juy8 L31-Him6 L43-Emt5 L55-Qdo7 L67-Bau6 L79-Cbd1 L91-Gs_6 L103-Jct8 L115-Ni_3 L126-Rmg7 L56-Him6 L68-Olr2 L80-Dhg9 L92-Ywb5 L104-Iwi1 L116-Fcn4 L127-Cpb3 L57-Him6 L69-Qxd0 L81-M__0 L93-Afp7 L105-Oeo8 L117-Bbt1 L128-Sjq9 L70-Him6 L82-Clo0 L94-Wfr4 L106-Oul4 L118-Wpc4 L129-Opj3 L71-Him6 L83-Xpu6 L95-Jgu8 L107-Ddv6 L119-Xc_0 L130-Eez1 L72-Him6 L84-Car3 L96-Nwn7 L108-Fxr3 L120-Gso9 L131-Gjv0
L1-Mzm1 L13-Tdo0 L25-Tjn4 L37-Gsb8 L49-Xes7 L61-Jat5 L73-Ffw1 L85-Dg_5 L97-Iwe5 L109-Auk7 L2-Muh3 L14-Djh4 L26-Hn_8 L38-Fwb6 L50-Dsn3 L62-Wox9 L74-Kle9 L86-Eic5 L98-Xkm7 L110-Wwv6 L121-Kbq5 L3-Fca1 L15-Zgr3 L27-Oqn4 L39-Gom6 L51-Jvs3 L63-Bhl0 L75-Mlj0 L87-Oif1 L99-F_s7 L111-Rwb6 L122-Zqy7 L4-Yfh0 L16-T_f8 L28-Xep1 L40-Maj5 L52-Zpg8 L64-Sqc7 L76-Zxy7 L88-Hcc8 L100-Sro7 L112-Dau7 L123-Klj4 L5-Ayy6 L17-Ryc6 L29-Msz7 L41-Tm_3 L53-Qpm8 L65-Hpz8 L77-Hru6 L89-Kwg0 L101-Dwq6 L113-Gl_8 L124-H_b5 L30-Him6 L42-Saa1 L54-Wbv7 L66-Hue2 L78-Rzz9 L90-Izu7 L102-Rul9 L114-Ovj9 L125-Eqa7 L43-Him6 L55-Emt5 L67-Qdo7 L79-Bau6 L91-Cbd1 L103-Gs_6 L115-Jct8 L126-Ni_3 L68-Him6 L80-Olr2 L92-Dhg9 L104-Ywb5 L116-Iwi1 L127-Fcn4 L69-Him6 L81-Qxd0 L93-M__0 L105-Afp7 L117-Oeo8 L128-Bbt1 L82-Him6 L94-Clo0 L106-Wfr4 L118-Oul4 L129-Wpc4 L83-Him6 L95-Xpu6 L107-Jgu8 L119-Ddv6 L130-Xc_0 L84-Him6 L96-Car3 L108-Nwn7 L120-Fxr3 L131-Gso9
L1-Ylr1 L13-Mzm1 L25-Tdo0 L37-Tjn4 L49-Gsb8 L61-Xes7 L73-Jat5 L85-Ffw1 L97-Dg_5 L109-Iwe5 L2-Pbq8 L14-Muh3 L26-Djh4 L38-Hn_8 L50-Fwb6 L62-Dsn3 L74-Wox9 L86-Kle9 L98-Eic5 L110-Xkm7 L121-Wwv6 L3-Cky5 L15-Fca1 L27-Zgr3 L39-Oqn4 L51-Gom6 L63-Jvs3 L75-Bhl0 L87-Mlj0 L99-Oif1 L111-F_s7 L122-Rwb6 L4-Him6 L16-Yfh0 L28-T_f8 L40-Xep1 L52-Maj5 L64-Zpg8 L76-Sqc7 L88-Zxy7 L100-Hcc8 L112-Sro7 L123-Dau7 L5-Him6 L17-Ayy6 L29-Ryc6 L41-Msz7 L53-Tm_3 L65-Qpm8 L77-Hpz8 L89-Hru6 L101-Kwg0 L113-Dwq6 L124-Gl_8 L42-Him6 L54-Saa1 L66-Wbv7 L78-Hue2 L90-Rzz9 L102-Izu7 L114-Rul9 L125-Ovj9 L55-Him6 L67-Emt5 L79-Qdo7 L91-Bau6 L103-Cbd1 L115-Gs_6 L126-Jct8 L80-Him6 L92-Olr2 L104-Dhg9 L116-Ywb5 L127-Iwi1 L81-Him6 L93-Qxd0 L105-M__0 L117-Afp7 L128-Oeo8 L94-Him6 L106-Clo0 L118-Wfr4 L129-Oul4 L95-Him6 L107-Xpu6 L119-Jgu8 L130-Ddv6 L96-Him6 L108-Car3 L120-Nwn7 L131-Fxr3
L1-Him6 L13-Ylr1 L25-Mzm1 L37-Tdo0 L49-Tjn4 L61-Gsb8 L73-Xes7 L85-Jat5 L97-Ffw1 L109-Dg_5 L2-Him6 L14-Pbq8 L26-Muh3 L38-Djh4 L50-Hn_8 L62-Fwb6 L74-Dsn3 L86-Wox9 L98-Kle9 L110-Eic5 L121-Xkm7 L3-Him6 L15-Cky5 L27-Fca1 L39-Zgr3 L51-Oqn4 L63-Gom6 L75-Jvs3 L87-Bhl0 L99-Mlj0 L111-Oif1 L122-F_s7 L16-Him6 L28-Yfh0 L40-T_f8 L52-Xep1 L64-Maj5 L76-Zpg8 L88-Sqc7 L100-Zxy7 L112-Hcc8 L123-Sro7 L17-Him6 L29-Ayy6 L41-Ryc6 L53-Msz7 L65-Tm_3 L77-Qpm8 L89-Hpz8 L101-Hru6 L113-Kwg0 L124-Dwq6 L54-Him6 L66-Saa1 L78-Wbv7 L90-Hue2 L102-Rzz9 L114-Izu7 L125-Rul9 L67-Him6 L79-Emt5 L91-Qdo7 L103-Bau6 L115-Cbd1 L126-Gs_6 L92-Him6 L104-Olr2 L116-Dhg9 L127-Ywb5 L93-Him6 L105-Qxd0 L117-M__0 L128-Afp7 L106-Him6 L118-Clo0 L129-Wfr4 L107-Him6 L119-Xpu6 L130-Jgu8 L108-Him6 L120-Car3 L131-Nwn7
L13-Him6 L25-Ylr1 L37-Mzm1 L49-Tdo0 L61-Tjn4 L73-Gsb8 L85-Xes7 L97-Jat5 L109-Ffw1 L14-Him6 L26-Pbq8 L38-Muh3 L50-Djh4 L62-Hn_8 L74-Fwb6 L86-Dsn3 L98-Wox9 L110-Kle9 L121-Eic5 L15-Him6 L27-Cky5 L39-Fca1 L51-Zgr3 L63-Oqn4 L75-Gom6 L87-Jvs3 L99-Bhl0 L111-Mlj0 L122-Oif1 L28-Him6 L40-Yfh0 L52-T_f8 L64-Xep1 L76-Maj5 L88-Zpg8 L100-Sqc7 L112-Zxy7 L123-Hcc8 L29-Him6 L41-Ayy6 L53-Ryc6 L65-Msz7 L77-Tm_3 L89-Qpm8 L101-Hpz8 L113-Hru6 L124-Kwg0 L66-Him6 L78-Saa1 L90-Wbv7 L102-Hue2 L114-Rzz9 L125-Izu7 L79-Him6 L91-Emt5 L103-Qdo7 L115-Bau6 L126-Cbd1 L104-Him6 L116-Olr2 L127-Dhg9 L105-Him6 L117-Qxd0 L128-M__0 L118-Him6 L129-Clo0 L119-Him6 L130-Xpu6 L120-Him6 L131-Car3
L25-Him6 L37-Ylr1 L49-Mzm1 L61-Tdo0 L73-Tjn4 L85-Gsb8 L97-Xes7 L109-Jat5 L26-Him6 L38-Pbq8 L50-Muh3 L62-Djh4 L74-Hn_8 L86-Fwb6 L98-Dsn3 L110-Wox9 L121-Kle9 L27-Him6 L39-Cky5 L51-Fca1 L63-Zgr3 L75-Oqn4 L87-Gom6 L99-Jvs3 L111-Bhl0 L122-Mlj0 L40-Him6 L52-Yfh0 L64-T_f8 L76-Xep1 L88-Maj5 L100-Zpg8 L112-Sqc7 L123-Zxy7 L41-Him6 L53-Ayy6 L65-Ryc6 L77-Msz7 L89-Tm_3 L101-Qpm8 L113-Hpz8 L124-Hru6 L78-Him6 L90-Saa1 L102-Wbv7 L114-Hue2 L125-Rzz9 L91-Him6 L103-Emt5 L115-Qdo7 L126-Bau6 L116-Him6 L127-Olr2 L117-Him6 L128-Qxd0 L129-Him6 L130-Him6 L131-Him6
L37-Him6 L49-Ylr1 L61-Mzm1 L73-Tdo0 L85-Tjn4 L97-Gsb8 L109-Xes7 L38-Him6 L50-Pbq8 L62-Muh3 L74-Djh4 L86-Hn_8 L98-Fwb6 L110-Dsn3 L121-Wox9 L39-Him6 L51-Cky5 L63-Fca1 L75-Zgr3 L87-Oqn4 L99-Gom6 L111-Jvs3 L122-Bhl0 L52-Him6 L64-Yfh0 L76-T_f8 L88-Xep1 L100-Maj5 L112-Zpg8 L123-Sqc7 L53-Him6 L65-Ayy6 L77-Ryc6 L89-Msz7 L101-Tm_3 L113-Qpm8 L124-Hpz8 L90-Him6 L102-Saa1 L114-Wbv7 L125-Hue2 L103-Him6 L115-Emt5 L126-Qdo7 L127-Him6 L128-Him6
L49-Him6 L61-Ylr1 L73-Mzm1 L85-Tdo0 L97-Tjn4 L109-Gsb8 L50-Him6 L62-Pbq8 L74-Muh3 L86-Djh4 L98-Hn_8 L110-Fwb6 L121-Dsn3 L51-Him6 L63-Cky5 L75-Fca1 L87-Zgr3 L99-Oqn4 L111-Gom6 L122-Jvs3 L64-Him6 L76-Yfh0 L88-T_f8 L100-Xep1 L112-Maj5 L123-Zpg8 L65-Him6 L77-Ayy6 L89-Ryc6 L101-Msz7 L113-Tm_3 L124-Qpm8 L102-Him6 L114-Saa1 L125-Wbv7 L115-Him6 L126-Emt5
L61-Him6 L73-Ylr1 L85-Mzm1 L97-Tdo0 L109-Tjn4 L62-Him6 L74-Pbq8 L86-Muh3 L98-Djh4 L110-Hn_8 L121-Fwb6 L63-Him6 L75-Cky5 L87-Fca1 L99-Zgr3 L111-Oqn4 L122-Gom6 L76-Him6 L88-Yfh0 L100-T_f8 L112-Xep1 L123-Maj5 L77-Him6 L89-Ayy6 L101-Ryc6 L113-Msz7 L124-Tm_3 L114-Him6 L125-Saa1 L126-Him6
L73-Him6 L85-Ylr1 L97-Mzm1 L109-Tdo0 L74-Him6 L86-Pbq8 L98-Muh3 L110-Djh4 L121-Hn_8 L75-Him6 L87-Cky5 L99-Fca1 L111-Zgr3 L122-Oqn4 L88-Him6 L100-Yfh0 L112-T_f8 L123-Xep1 L89-Him6 L101-Ayy6 L113-Ryc6 L124-Msz7 L125-Him6
L85-Him6 L97-Ylr1 L109-Mzm1 L86-Him6 L98-Pbq8 L110-Muh3 L121-Djh4 L87-Him6 L99-Cky5 L111-Fca1 L122-Zgr3 L100-Him6 L112-Yfh0 L123-T_f8 L101-Him6 L113-Ayy6 L124-Ryc6
L97-Him6 L109-Ylr1 L98-Him6 L110-Pbq8 L121-Muh3 L99-Him6 L111-Cky5 L122-Fca1 L112-Him6 L123-Yfh0 L113-Him6 L124-Ayy6
L109-Him6 L110-Him6 L121-Pbq8 L111-Him6 L122-Cky5 L123-Him6 L124-Him6
L121-Him6 L122-Him6
