14
#Here is the number of lines required: 32
##start
Iah7 4 4
##end
Zeg2 6 6
Urx1 9 9
Iwu1 11 11
Pyp4 14 14
Jsq1 16 16
Ido2 19 19
Zeu6 23 23
Ruy8 24 24
Vhk3 27 27
Fhj9 32 32
Ghu0 37 37
Xfp5 40 40
Wrc4 43 43
Tkn8 48 48
Mzx7 53 53
Qyn6 56 56
Jwg8 59 59
Uxn0 63 63
Pyp0 65 65
Y_u7 68 68
Tqj7 72 72
J__4 75 75
Afs1 76 76
Hfd4 79 79
Qba6 84 84
Sp_8 87 87
Zue5 90 90
Ptz4 94 94
Eyp2 96 96
Tsf1 98 98
Wql1 99 99
Z_w1 102 102
Zhi1 105 105
Auc2 108 108
Onk6 110 110
B_a9 113 113
Olp4 114 114
Tch0 119 119
Xwq2 121 121
Syi8 125 125
Tem6 129 129
Wuv8 132 132
Jtn6 133 133
Nzz5 136 136
Tbf9 140 140
B_w7 143 143
Xuw0 145 145
Snv9 150 150
Yfd8 152 152
Hti2 157 157
Ixp9 161 161
Bew9 163 163
D_s7 166 166
Rah3 167 167
Ftx6 170 170
Ufd4 174 174
Gqs8 177 177
Eig3 180 180
Coy8 185 185
Kbd2 188 188
Ayu5 193 193
Uua3 195 195
Obr4 198 198
Reu6 199 199
Tvu6 201 201
Cov3 203 203
Dnt5 207 207
Rk_0 209 209
Ruc5 213 213
Eop1 217 217
Vv_7 220 220
Hh_5 221 221
Jwt0 224 224
Qsi8 227 227
Hl_7 232 232
Pml9 237 237
Ruc8 239 239
Sbp0 242 242
Ns_1 245 245
Dar9 246 246
Mnt4 249 249
Rpg9 250 250
Clk4 253 253
Eyd3 257 257
Yaz7 260 260
Xlr1 262 262
Fqs2 264 264
Tbb2 269 269
Azs6 273 273
Ufh5 276 276
Jyw7 281 281
Bzo9 283 283
Khl5 285 285
Fi_4 287 287
Byp5 290 290
Zuu8 293 293
H_k7 298 298
Mup8 301 301
Rfk2 304 304
Xas2 307 307
Dq_4 310 310
Cpr9 313 313
Ja_1 315 315
Odc4 318 318
Aqs0 322 322
Naj5 327 327
Ijw9 330 330
Hcb0 333 333
A_z8 338 338
Ah_1 341 341
Wpq2 344 344
Jfc7 347 347
Jsv7 351 351
Pjj2 356 356
Pax0 358 358
Kyl5 360 360
R_x9 364 364
Efk1 367 367
Mjb7 370 370
Wfj1 371 371
Ksi6 374 374
Rwb5 379 379
Rik7 382 382
H_t2 384 384
Zdp4 387 387
Zq_8 389 389
Wnl2 393 393
Vnc8 396 396
Vud1 399 399
Efb8 402 402
Ctm4 405 405
Tj_4 407 407
Gnj2 408 408
Xuk9 412 412
Gyp9 415 415
Dv_0 419 419
Yp_2 422 422
Dt_4 425 425
Pcv2 428 428
Xae8 432 432
Mcv6 434 434
Pdg2 436 436
Rut8 439 439
Apo3 440 440
Hjy0 443 443
Mjp2 445 445
Glz6 446 446
Cam5 451 451
Nia5 453 453
Btm6 458 458
Wey9 463 463
Wjn0 468 468
Msb4 472 472
Iol2 474 474
Duf8 478 478
Xdb8 480 480
Eoi3 482 482
Kcg7 485 485
Pt_3 488 488
Tsq1 492 492
Oxs8 494 494
Vhn1 497 497
Ced3 499 499
Z_q0 502 502
Z__7 506 506
Iet0 508 508
Atc3 512 512
Qkc4 517 517
Ihj1 522 522
Snc7 524 524
Noh9 527 527
Yis6 529 529
Nzo2 530 530
Vkg5 534 534
Iwg3 538 538
Hch6 541 541
Zpn2 542 542
Zff8 545 545
Efm4 549 549
Jde7 552 552
Uyu4 556 556
Vme0 557 557
Ndg1 561 561
Ris2 566 566
Pbt4 568 568
Xld6 571 571
Bii1 572 572
Gwf7 575 575
Dxo4 579 579
Rij3 584 584
Vox8 586 586
Frd6 589 589
Prm5 593 593
Oeg5 597 597
Kll0 601 601
Y_f8 605 605
Qea4 608 608
Qxy4 611 611
Jwh5 614 614
Wrh1 618 618
Oti1 620 620
Rjs8 623 623
Csq0 626 626
Pwh7 629 629
Dko4 633 633
Cum5 635 635
Eil3 637 637
D__7 642 642
U_p5 646 646
Wct6 648 648
Jpr0 651 651
Jvs2 655 655
Dgm9 658 658
Exs1 661 661
B_b4 664 664
Qai8 667 667
Guu9 672 672
Poy6 675 675
Syz4 678 678
Hi_4 681 681
Qgf6 684 684
Arv1 689 689
Bfc4 692 692
Kgv2 695 695
Fzh8 700 700
Vlo6 705 705
Idk7 708 708
Dn_5 711 711
Wsp5 714 714
Yus3 717 717
Pej9 720 720
Xw_6 723 723
Zjl4 724 724
Zdm6 726 726
Ohp5 731 731
Xpq0 734 734
Ndp2 738 738
Vqs5 741 741
Ism8 746 746
Kpb9 748 748
B_s0 751 751
Upw9 754 754
Px_1 757 757
Ufw5 759 759
Pwt7 763 763
Tya8 766 766
Zru0 771 771
Hwb8 773 773
Ixg2 775 775
Cno4 780 780
Fqs6 785 785
Ksz6 789 789
B_b1 793 793
Als8 798 798
Zpg5 801 801
Dum6 804 804
Ahg3 807 807
Jnq5 810 810
B_f1 813 813
Omw2 816 816
Rzt8 817 817
Bnh8 820 820
Enz6 824 824
Tji9 829 829
S_p4 833 833
Non9 835 835
Tbv5 836 836
Puw4 838 838
Dyw9 840 840
Wqz8 845 845
Ylc4 847 847
Bxp3 849 849
Rfp5 850 850
X_k8 853 853
S_u2 858 858
Gls0 860 860
Orx4 862 862
Aeo1 865 865
Gow3 870 870
Wse2 874 874
Nqs5 879 879
Xkl6 881 881
Zab5 883 883
Mqy9 887 887
Wcw8 889 889
Kry2 892 892
Zmr8 895 895
Aqd5 898 898
Geh2 903 903
Dbq3 905 905
S_q3 909 909
Mne4 912 912
K_k7 915 915
Kqf3 918 918
Yws1 920 920
O_v9 923 923
Uwq7 928 928
Bwc5 931 931
Ulv8 935 935
Yby8 940 940
Jwn7 941 941
Sth1 942 942
Rjq5 945 945
Z_h3 947 947
Xwj6 950 950
Hav2 953 953
Eha7 954 954
Qva0 957 957
Wwd7 960 960
Het7 961 961
Mam7 966 966
Mqu4 970 970
Ikj6 975 975
Poe7 977 977
Wr_6 980 980
Gyv4 984 984
I__9 986 986
Mvf0 990 990
Sng9 994 994
Dwe3 996 996
O_c8 999 999
Egk7 1002 1002
Rie3 1004 1004
Rkk8 1007 1007
Vvy4 1010 1010
Jmj4 1013 1013
Quu9 1016 1016
Mme7 1020 1020
Veg3 1023 1023
Sif8 1028 1028
Snt4 1031 1031
Cdp3 1033 1033
Eiq9 1035 1035
Mpl2 1036 1036
Car6 1038 1038
Ixm9 1040 1040
Wik0 1042 1042
Gmu7 1044 1044
Ndm4 1048 1048
Oln9 1053 1053
Kyw0 1057 1057
Rg_1 1060 1060
Rv_8 1062 1062
Ipv3 1066 1066
Mgb4 1071 1071
Tfy5 1072 1072
Mfm7 1074 1074
Ceh6 1078 1078
Wj_6 1082 1082
Zay9 1083 1083
Kuk6 1086 1086
Awe9 1089 1089
Erm6 1092 1092
Zrl4 1095 1095
Hnr2 1099 1099
Vbc7 1103 1103
Owi1 1107 1107
Ajw0 1108 1108
Pvh0 1113 1113
Dop2 1116 1116
Mi_2 1120 1120
Wnr6 1122 1122
Uuv2 1125 1125
Hdi5 1129 1129
X_j9 1131 1131
Sz_8 1133 1133
Sat7 1136 1136
M_z1 1139 1139
Rna4 1142 1142
Yvt9 1146 1146
Bse9 1151 1151
Ttr7 1155 1155
Qwb5 1158 1158
Tgj7 1161 1161
Ibm6 1165 1165
Djc8 1170 1170
Fpv5 1173 1173
Env3 1174 1174
Esi7 1177 1177
Xhw7 1180 1180
Ksh7 1185 1185
U_p1 1187 1187
Auc6 1188 1188
Kt_9 1193 1193
Qqm4 1197 1197
Cxj1 1198 1198
Rjo0 1201 1201
Hqn5 1204 1204
Uuj5 1208 1208
Wju6 1213 1213
Why6 1216 1216
Gng3 1221 1221
Kqj2 1224 1224
Dsn8 1228 1228
Oiz5 1230 1230
Tdd8 1234 1234
Fua8 1238 1238
Wwu7 1241 1241
Hqj0 1244 1244
Aww3 1245 1245
Jhw9 1250 1250
Bhp7 1255 1255
Yzh0 1259 1259
Qgx6 1262 1262
X_f5 1267 1267
Xnp8 1270 1270
Xyo4 1272 1272
Bdh7 1276 1276
Cpg1 1280 1280
Rml4 1283 1283
Xke7 1285 1285
Kpw9 1288 1288
Dlx8 1292 1292
Tai1 1295 1295
Iss6 1296 1296
Tqs8 1301 1301
Dip5 1303 1303
Csm1 1306 1306
Zuo8 1308 1308
Izb9 1311 1311
Uyb7 1315 1315
Ket2 1317 1317
Mpp1 1320 1320
Wrq3 1323 1323
Rru5 1324 1324
Wrr1 1327 1327
Pha8 1330 1330
Ztx9 1334 1334
Zu_3 1338 1338
Jdi0 1341 1341
Npb4 1345 1345
Nw_5 1347 1347
Hlm3 1350 1350
Fmw1 1354 1354
O_h6 1355 1355
Djs6 1360 1360
Kex3 1363 1363
Ed_3 1366 1366
Sax2 1369 1369
Csc6 1373 1373
Sdj3 1375 1375
Ya_6 1378 1378
Ahy8 1381 1381
Qhf5 1384 1384
Vgn9 1387 1387
Ij_1 1390 1390
Ije9 1391 1391
Tkt7 1394 1394
Ewr0 1397 1397
Viw7 1399 1399
Pfh5 1402 1402
Rjt4 1406 1406
N_n2 1409 1409
Fia5 1412 1412
Itq2 1416 1416
Wrk0 1420 1420
Ieb4 1423 1423
Wfw8 1426 1426
Fch5 1431 1431
Toy2 1432 1432
Yxr2 1436 1436
Gdx4 1437 1437
Rbw3 1439 1439
Nzr6 1442 1442
Wsq6 1446 1446
Sis8 1447 1447
Gfx1 1451 1451
Roh4 1453 1453
Vnk5 1457 1457
Kly3 1461 1461
Qpa0 1463 1463
A_j4 1466 1466
Ybh4 1467 1467
Gvk1 1471 1471
Yiq9 1474 1474
Ijy0 1477 1477
P_e4 1481 1481
Bf_3 1482 1482
R_g3 1487 1487
Uz_9 1492 1492
Vci0 1497 1497
Wd_4 1500 1500
Adc0 1505 1505
Igw7 1508 1508
Onp1 1510 1510
Edq2 1513 1513
Wsc7 1517 1517
Rqe6 1520 1520
Gre4 1525 1525
Ghv2 1528 1528
Wmw8 1532 1532
Sdt4 1533 1533
Iv_6 1535 1535
Kvq1 1537 1537
U_w4 1539 1539
Ni_2 1541 1541
S_h6 1546 1546
Eal9 1551 1551
Ikk9 1555 1555
Qee7 1557 1557
J_q4 1559 1559
Voc7 1561 1561
Aug9 1564 1564
V_k4 1568 1568
Drj1 1570 1570
Rel0 1574 1574
Ajd2 1578 1578
Ihq2 1582 1582
Wny6 1583 1583
Wcd6 1584 1584
Gms2 1589 1589
Aw_2 1590 1590
Tkl3 1594 1594
Dbk4 1596 1596
Jid1 1600 1600
Ikr0 1603 1603
X_l4 1604 1604
R_h9 1605 1605
Gux8 1608 1608
Jdi8 1611 1611
Ebe5 1613 1613
Zry6 1615 1615
Zza4 1618 1618
Ylg5 1621 1621
Oam6 1623 1623
Ouu4 1626 1626
Ufx7 1628 1628
Kxl0 1633 1633
Psa9 1637 1637
Jxh9 1641 1641
Asj4 1642 1642
Zds3 1645 1645
Wos5 1648 1648
Zv_9 1651 1651
Qet2 1655 1655
Den8 1658 1658
Xjn0 1662 1662
Rnw1 1665 1665
Vsm5 1667 1667
Elp1 1670 1670
Clz8 1674 1674
Weh7 1677 1677
Pvu2 1680 1680
Rh_4 1684 1684
I_f4 1685 1685
Zce8 1689 1689
Rrg7 1694 1694
Cmp7 1697 1697
Kxk7 1701 1701
Zrp4 1703 1703
Yay4 1706 1706
Syr8 1708 1708
Mzw0 1712 1712
Vhn5 1717 1717
Vzl0 1720 1720
Hgy0 1722 1722
Any6 1724 1724
Z_v8 1725 1725
Myj0 1728 1728
Qoo0 1731 1731
Dbi6 1735 1735
Fsf6 1737 1737
Mrd1 1739 1739
Env7 1742 1742
Yty1 1745 1745
Dxp3 1748 1748
Pn_2 1752 1752
Zbe3 1754 1754
Xvg1 1756 1756
Wgf9 1759 1759
K_h5 1760 1760
Qac8 1761 1761
Ecd2 1764 1764
Syx4 1768 1768
Mwa6 1771 1771
Mnq4 1774 1774
Fjc4 1777 1777
Xtj9 1779 1779
Mer5 1781 1781
Qzk1 1786 1786
Snj4 1789 1789
Nqn3 1792 1792
Oeq7 1794 1794
Roi1 1798 1798
Xme2 1800 1800
Rbj1 1803 1803
Jtf3 1804 1804
Eec3 1807 1807
Pon3 1812 1812
Xyg7 1817 1817
Uda6 1818 1818
Tcq9 1823 1823
Edq1 1826 1826
Igf5 1828 1828
Vkv5 1831 1831
Bif5 1834 1834
Ao_8 1837 1837
C_w0 1842 1842
Pkm9 1843 1843
Trm0 1846 1846
Wqg4 1849 1849
Vaj4 1852 1852
Bkh1 1856 1856
Zdd9 1859 1859
Dk_1 1863 1863
Y_d4 1866 1866
Hec4 1868 1868
Oli5 1870 1870
Ued0 1875 1875
Krv0 1878 1878
R_g5 1882 1882
Xjz4 1885 1885
Djo9 1887 1887
Nfd7 1890 1890
Jgg9 1893 1893
Jbc9 1897 1897
Zii7 1902 1902
Cmj6 1906 1906
Jpr0-Cmj6
Fjc4-Iwu1
Wmw8-Zii7
Edq1-Pyp4
Omw2-Jsq1
Jvs2-Jbc9
Ruy8-Ido2
Uxn0-Ruy8
Pej9-Vhk3
Toy2-Jgg9
Tsq1-Nfd7
Rjs8-Fhj9
Hti2-R_g5
Edq2-Xfp5
Oli5-Ued0
Hec4-Tkn8
Y_d4-Hec4
Mzx7-Y_d4
Jwg8-Qyn6
Zdd9-Pyp0
Bkh1-Zdd9
Vaj4-Bkh1
Y_u7-Vaj4
Pkm9-Trm0
Tqj7-Pkm9
Afs1-J__4
Hfd4-Afs1
Igf5-Sp_8
Zue5-Igf5
Xyg7-Uda6
Eec3-Pon3
Jtf3-Eec3
Eyp2-Jtf3
Tsf1-Eyp2
Rbj1-Tsf1
Wql1-Rbj1
Xme2-Wql1
Z_w1-Roi1
Nqn3-Zhi1
Auc2-Nqn3
Xtj9-Mer5
Olp4-Xtj9
Mnq4-Fjc4
Tch0-Mnq4
Tem6-Mwa6
Jtn6-Wuv8
Syx4-Nzz5
Tbf9-Syx4
Qac8-Zeg2
K_h5-Yfd8
Wgf9-Hti2
Xvg1-Bew9
D_s7-Xvg1
Dxp3-Ufd4
Env7-Gqs8
Fsf6-Eig3
Dbi6-Fsf6
Coy8-Myj0
Tvu6-Any6
Vhn5-Vzl0
Mzw0-Vhn5
Dnt5-Syr8
Rk_0-Dnt5
Ruc5-Rk_0
Eop1-Ruc5
Hh_5-Vv_7
Yay4-Hh_5
Kxk7-Zrp4
Jwt0-Kxk7
Qsi8-Cmp7
Rrg7-Qsi8
Hl_7-Rrg7
Pml9-Hl_7
Ruc8-Pml9
Sbp0-Ruc8
Zce8-Sbp0
I_f4-Zce8
Rh_4-I_f4
Weh7-Dar9
Mnt4-Clz8
Elp1-Mnt4
Rnw1-Vsm5
Yaz7-Xjn0
Qet2-Den8
Xlr1-Qet2
Tbb2-Fqs2
Azs6-Tbb2
Jxh9-Jyw7
Psa9-Jxh9
Ufx7-Kxl0
Khl5-Ufx7
Ouu4-Fi_4
Byp5-Oam6
Ylg5-Byp5
H_k7-Zuu8
Dq_4-Xas2
Ebe5-Dq_4
Odc4-Gux8
Naj5-Aqs0
R_h9-Ijw9
X_l4-R_h9
A_z8-Hcb0
Dbk4-Jid1
Tkl3-Dbk4
Aw_2-Ah_1
Gms2-Aw_2
Wpq2-Gms2
Wcd6-Wpq2
Jsv7-Ihq2
Ajd2-Jsv7
Drj1-Rel0
Pjj2-V_k4
Pax0-Pjj2
Aug9-Kyl5
J_q4-R_x9
Qee7-J_q4
Ikk9-Qee7
Mjb7-Efk1
Eal9-Wfj1
Rik7-Rwb5
U_w4-Rik7
H_t2-U_w4
Zdp4-H_t2
Vnc8-Iv_6
Efb8-Sdt4
Gre4-Ghv2
Rqe6-Pcv2
Wsc7-Rqe6
Xae8-Wsc7
Edq2-Xae8
Mcv6-Edq2
Onp1-Mcv6
Pdg2-Onp1
Rut8-Pdg2
Apo3-Rut8
Adc0-Glz6
Uz_9-Vci0
Nia5-Uz_9
P_e4-Btm6
Wey9-Ijy0
Msb4-Gvk1
A_j4-Ybh4
Iol2-Qpa0
Gfx1-Roh4
Kcg7-Gfx1
Pt_3-Kcg7
Sis8-Pt_3
Rbw3-Nzr6
Tsq1-Rbw3
Oxs8-Tsq1
Iah7-Oxs8
Vhn1-Zeg2
Gdx4-Vhn1
Z_q0-Ced3
Fch5-Toy2
Iet0-Z__7
Atc3-Iet0
Ihj1-Qkc4
Snc7-Ihj1
Wfw8-Snc7
Nzo2-Yis6
Iwg3-Vkg5
Hch6-Iwg3
Wrk0-Zpn2
Zff8-Itq2
Efm4-Fia5
N_n2-Efm4
Uyu4-Jde7
Vme0-Uyu4
Iah7-Vme0
O_c8-Zeg2
Pbt4-Ris2
Xld6-Ewr0
Dxo4-Gwf7
Ije9-Rij3
Vox8-Ije9
Vgn9-Ij_1
Frd6-Vgn9
Oeg5-Prm5
Qhf5-Oeg5
Ahy8-Qhf5
Kll0-Ahy8
Y_f8-Sdj3
Iah7-Y_f8
Qea4-Sax2
Ed_3-Qea4
Wrh1-Jwh5
Oti1-Kex3
Djs6-Oti1
Rjs8-O_h6
Fmw1-Rjs8
Pwh7-Nw_5
Dko4-Pwh7
Npb4-Dko4
Eil3-Cum5
U_p5-D__7
Pha8-Ztx9
Mpp1-Zeg2
Ket2-Wct6
Jvs2-Jpr0
B_b4-Exs1
Poy6-Guu9
Uyb7-Poy6
Izb9-Arv1
Bfc4-Izb9
Kgv2-Bfc4
Fzh8-Kgv2
Dip5-Csm1
Tqs8-Dip5
Tai1-Iss6
Wsp5-Dn_5
Dlx8-Wsp5
Iah7-Kpw9
Yus3-Rml4
Cpg1-Yus3
Xyo4-Bdh7
Pej9-Xyo4
Xw_6-Pej9
Zjl4-Xw_6
Zdm6-Xnp8
Xpq0-Ohp5
Ndp2-X_f5
Qgx6-Ndp2
Yzh0-Qgx6
Ism8-Bhp7
B_s0-Kpb9
Jhw9-B_s0
Aww3-Jhw9
Wwu7-Hqj0
Ufw5-Fua8
Iah7-Ufw5
Tdd8-Zeg2
Pwt7-Tdd8
Oiz5-Pwt7
Zru0-Dsn8
Kqj2-Hwb8
Cno4-Ixg2
Gng3-Fqs6
Ksz6-Gng3
Wju6-Why6
Uuj5-Wju6
B_b1-Uuj5
Als8-B_b1
Rjo0-Hqn5
Cxj1-Rjo0
Ahg3-Dum6
Jnq5-Ahg3
B_f1-Jnq5
Omw2-B_f1
Qqm4-Omw2
Kt_9-Qqm4
Rzt8-Kt_9
U_p1-Auc6
Enz6-U_p1
Tji9-Enz6
Iah7-Tji9
Esi7-Xhw7
S_p4-Esi7
Env3-S_p4
Fpv5-Non9
Tbv5-Fpv5
Puw4-Tbv5
Dyw9-Ibm6
Ylc4-Wqz8
Ttr7-Qwb5
Bxp3-Ttr7
Rfp5-Bse9
Yvt9-Rfp5
X_k8-Yvt9
Rna4-X_k8
Sat7-S_u2
Gls0-Sz_8
X_j9-Orx4
Gow3-Aeo1
Pvh0-Xkl6
Zab5-Pvh0
Mqy9-Zab5
Ajw0-Mqy9
Owi1-Ajw0
Wcw8-Vbc7
Hnr2-Wcw8
Zmr8-Kry2
Zrl4-Zmr8
Kuk6-Aqd5
Geh2-Zay9
Iah7-Wj_6
Ceh6-Zeg2
Mfm7-Ceh6
S_q3-Dbq3
Tfy5-S_q3
Mgb4-K_k7
Ipv3-Mgb4
Rv_8-Yws1
Uwq7-O_v9
Ulv8-Bwc5
Oln9-Kyw0
Sth1-Oln9
Rjq5-Sth1
Ndm4-Rjq5
Gmu7-Ndm4
Z_h3-Gmu7
Xwj6-Wik0
Hav2-Car6
Iah7-Hav2
Snt4-Cdp3
Mam7-Snt4
Mqu4-Mam7
Quu9-Mme7
Gyv4-Vvy4
I__9-Gyv4
Iah7-Egk7
Egk7-Rie3
Rie3-Dwe3
Dwe3-Rkk8
Rkk8-Sng9
Sng9-Mvf0
Mvf0-I__9
Vvy4-Jmj4
Jmj4-Wr_6
Wr_6-Quu9
Mme7-Poe7
Poe7-Veg3
Veg3-Ikj6
Ikj6-Sif8
Sif8-Mqu4
Cdp3-Het7
Het7-Wwd7
Wwd7-Qva0
Qva0-Eha7
Eha7-Eiq9
Eiq9-Mpl2
Mpl2-Zeg2
Car6-Ixm9
Ixm9-Xwj6
Wik0-Z_h3
Kyw0-Rg_1
Rg_1-Jwn7
Jwn7-Yby8
Yby8-Ulv8
Bwc5-Uwq7
O_v9-Rv_8
Yws1-Kqf3
Kqf3-Ipv3
K_k7-Mne4
Mne4-Tfy5
Dbq3-Mfm7
Wj_6-Geh2
Zay9-Kuk6
Aqd5-Awe9
Awe9-Erm6
Erm6-Zrl4
Kry2-Hnr2
Vbc7-Owi1
Xkl6-Dop2
Dop2-Nqs5
Nqs5-Mi_2
Mi_2-Wnr6
Wnr6-Wse2
Wse2-Gow3
Aeo1-Uuv2
Uuv2-Hdi5
Hdi5-X_j9
Orx4-Zeg2
Iah7-Gls0
Sz_8-Sat7
S_u2-M_z1
M_z1-Rna4
Bse9-Bxp3
Qwb5-Ylc4
Wqz8-Tgj7
Tgj7-Dyw9
Ibm6-Djc8
Djc8-Puw4
Non9-Env3
Xhw7-Ksh7
Ksh7-Zeg2
Auc6-Bnh8
Bnh8-Rzt8
Dum6-Cxj1
Hqn5-Zpg5
Zpg5-Als8
Why6-Ksz6
Fqs6-Cno4
Ixg2-Kqj2
Hwb8-Zru0
Dsn8-Tya8
Tya8-Oiz5
Fua8-Px_1
Px_1-Wwu7
Hqj0-Upw9
Upw9-Aww3
Kpb9-Ism8
Bhp7-Vqs5
Vqs5-Yzh0
X_f5-Xpq0
Ohp5-Zdm6
Xnp8-Zjl4
Bdh7-Cpg1
Rml4-Xke7
Xke7-Zeg2
Kpw9-Dlx8
Dn_5-Tai1
Iss6-Idk7
Idk7-Tqs8
Csm1-Zuo8
Zuo8-Vlo6
Vlo6-Fzh8
Arv1-Qgf6
Qgf6-Hi_4
Hi_4-Syz4
Syz4-Uyb7
Guu9-Qai8
Qai8-B_b4
Exs1-Dgm9
Dgm9-Jvs2
Jpr0-Ket2
Wct6-Mpp1
Iah7-Wrq3
Wrq3-Rru5
Rru5-Wrr1
Wrr1-Pha8
Ztx9-U_p5
D__7-Zu_3
Zu_3-Jdi0
Jdi0-Eil3
Cum5-Npb4
Nw_5-Hlm3
Hlm3-Csq0
Csq0-Fmw1
O_h6-Djs6
Kex3-Wrh1
Jwh5-Qxy4
Qxy4-Ed_3
Sax2-Csc6
Csc6-Zeg2
Sdj3-Ya_6
Ya_6-Kll0
Prm5-Frd6
Ij_1-Vox8
Rij3-Tkt7
Tkt7-Dxo4
Gwf7-Bii1
Bii1-Xld6
Ewr0-Viw7
Viw7-Pbt4
Ris2-Pfh5
Pfh5-Ndg1
Ndg1-Rjt4
Rjt4-O_c8
Jde7-N_n2
Fia5-Zff8
Itq2-Wrk0
Zpn2-Hch6
Vkg5-Nzo2
Yis6-Ieb4
Ieb4-Noh9
Noh9-Wfw8
Qkc4-Atc3
Z__7-Fch5
Toy2-Z_q0
Ced3-Yxr2
Yxr2-Gdx4
Nzr6-Wsq6
Wsq6-Sis8
Roh4-Vnk5
Vnk5-Eoi3
Eoi3-Kly3
Kly3-Xdb8
Xdb8-Duf8
Duf8-Iol2
Qpa0-A_j4
Ybh4-Msb4
Gvk1-Yiq9
Yiq9-Wjn0
Wjn0-Wey9
Ijy0-P_e4
Btm6-Bf_3
Bf_3-R_g3
R_g3-Nia5
Vci0-Cam5
Cam5-Wd_4
Wd_4-Adc0
Glz6-Igw7
Igw7-Mjp2
Mjp2-Hjy0
Hjy0-Apo3
Pcv2-Dt_4
Dt_4-Yp_2
Yp_2-Dv_0
Dv_0-Gyp9
Gyp9-Xuk9
Xuk9-Gre4
Ghv2-Wmw8
Wmw8-Gnj2
Gnj2-Tj_4
Tj_4-Ctm4
Ctm4-Efb8
Sdt4-Zeg2
Iah7-Vud1
Vud1-Vnc8
Iv_6-Kvq1
Kvq1-Wnl2
Wnl2-Zq_8
Zq_8-Zdp4
Rwb5-Ni_2
Ni_2-S_h6
S_h6-Ksi6
Ksi6-Eal9
Wfj1-Mjb7
Efk1-Ikk9
R_x9-Voc7
Voc7-Aug9
Kyl5-Pax0
V_k4-Drj1
Rel0-Ajd2
Ihq2-Wny6
Wny6-Jfc7
Jfc7-Wcd6
Ah_1-Tkl3
Jid1-Ikr0
Ikr0-A_z8
Hcb0-X_l4
Ijw9-Naj5
Aqs0-Odc4
Gux8-Jdi8
Jdi8-Ja_1
Ja_1-Cpr9
Cpr9-Ebe5
Xas2-Zry6
Zry6-Rfk2
Rfk2-Zza4
Zza4-Mup8
Mup8-H_k7
Zuu8-Ylg5
Oam6-Ouu4
Fi_4-Khl5
Kxl0-Bzo9
Bzo9-Psa9
Jyw7-Asj4
Asj4-Zds3
Zds3-Ufh5
Ufh5-Wos5
Wos5-Azs6
Fqs2-Zv_9
Zv_9-Xlr1
Den8-Yaz7
Xjn0-Rnw1
Vsm5-Eyd3
Eyd3-Clk4
Clk4-Zeg2
Iah7-Rpg9
Rpg9-Elp1
Clz8-Weh7
Dar9-Pvu2
Pvu2-Ns_1
Ns_1-Rh_4
Cmp7-Jwt0
Zrp4-Yay4
Vv_7-Eop1
Syr8-Mzw0
Vzl0-Hgy0
Hgy0-Cov3
Cov3-Tvu6
Any6-Reu6
Reu6-Obr4
Obr4-Uua3
Uua3-Ayu5
Ayu5-Z_v8
Z_v8-Kbd2
Kbd2-Coy8
Myj0-Qoo0
Qoo0-Dbi6
Eig3-Mrd1
Mrd1-Env7
Gqs8-Yty1
Yty1-Dxp3
Ufd4-Pn_2
Pn_2-Ftx6
Ftx6-Zbe3
Zbe3-Rah3
Rah3-D_s7
Bew9-Ixp9
Ixp9-Wgf9
Hti2-K_h5
Yfd8-Snv9
Snv9-Qac8
Iah7-Ecd2
Ecd2-Xuw0
Xuw0-B_w7
B_w7-Tbf9
Nzz5-Jtn6
Wuv8-Tem6
Mwa6-Syi8
Syi8-Xwq2
Xwq2-Tch0
Fjc4-Olp4
Mer5-Qzk1
Qzk1-B_a9
B_a9-Snj4
Snj4-Onk6
Onk6-Auc2
Zhi1-Oeq7
Oeq7-Z_w1
Roi1-Xme2
Pon3-Ptz4
Ptz4-Xyg7
Uda6-Tcq9
Tcq9-Edq1
Edq1-Zue5
Sp_8-Vkv5
Vkv5-Bif5
Bif5-Ao_8
Ao_8-C_w0
C_w0-Qba6
Qba6-Hfd4
J__4-Tqj7
Trm0-Wqg4
Wqg4-Y_u7
Pyp0-Uxn0
Uxn0-Dk_1
Dk_1-Jwg8
Qyn6-Mzx7
Tkn8-Oli5
Ued0-Wrc4
Wrc4-Zeg2
B_f1-Ghu0
Wrc4-Krv0
Rel0-Xjz4
Eha7-Djo9
Ihq2-Zeu6
Mjp2-Urx1
#Here is the number of lines required: 32

L1-Gls0 L2-Egk7 L3-Y_f8
L1-Sz_8 L4-Gls0 L2-Rie3 L5-Egk7 L3-Sdj3 L6-Y_f8
L1-Sat7 L4-Sz_8 L7-Gls0 L2-Dwe3 L5-Rie3 L8-Egk7 L3-Ya_6 L6-Sdj3 L9-Y_f8
L1-S_u2 L4-Sat7 L7-Sz_8 L10-Gls0 L2-Rkk8 L5-Dwe3 L8-Rie3 L11-Egk7 L3-Kll0 L6-Ya_6 L9-Sdj3 L12-Y_f8
L1-M_z1 L4-S_u2 L7-Sat7 L10-Sz_8 L2-Sng9 L5-Rkk8 L8-Dwe3 L11-Rie3 L13-Egk7 L3-Ahy8 L6-Kll0 L9-Ya_6 L12-Sdj3 L14-Y_f8
L1-Rna4 L4-M_z1 L7-S_u2 L10-Sat7 L2-Mvf0 L5-Sng9 L8-Rkk8 L11-Dwe3 L13-Rie3 L3-Qhf5 L6-Ahy8 L9-Kll0 L12-Ya_6 L14-Sdj3
L1-X_k8 L4-Rna4 L7-M_z1 L10-S_u2 L2-I__9 L5-Mvf0 L8-Sng9 L11-Rkk8 L13-Dwe3 L3-Oeg5 L6-Qhf5 L9-Ahy8 L12-Kll0 L14-Ya_6
L1-Yvt9 L4-X_k8 L7-Rna4 L10-M_z1 L2-Gyv4 L5-I__9 L8-Mvf0 L11-Sng9 L13-Rkk8 L3-Prm5 L6-Oeg5 L9-Qhf5 L12-Ahy8 L14-Kll0
L1-Rfp5 L4-Yvt9 L7-X_k8 L10-Rna4 L2-Vvy4 L5-Gyv4 L8-I__9 L11-Mvf0 L13-Sng9 L3-Frd6 L6-Prm5 L9-Oeg5 L12-Qhf5 L14-Ahy8
L1-Bse9 L4-Rfp5 L7-Yvt9 L10-X_k8 L2-Jmj4 L5-Vvy4 L8-Gyv4 L11-I__9 L13-Mvf0 L3-Vgn9 L6-Frd6 L9-Prm5 L12-Oeg5 L14-Qhf5
L1-Bxp3 L4-Bse9 L7-Rfp5 L10-Yvt9 L2-Wr_6 L5-Jmj4 L8-Vvy4 L11-Gyv4 L13-I__9 L3-Ij_1 L6-Vgn9 L9-Frd6 L12-Prm5 L14-Oeg5
L1-Ttr7 L4-Bxp3 L7-Bse9 L10-Rfp5 L2-Quu9 L5-Wr_6 L8-Jmj4 L11-Vvy4 L13-Gyv4 L3-Vox8 L6-Ij_1 L9-Vgn9 L12-Frd6 L14-Prm5
L1-Qwb5 L4-Ttr7 L7-Bxp3 L10-Bse9 L2-Mme7 L5-Quu9 L8-Wr_6 L11-Jmj4 L13-Vvy4 L3-Ije9 L6-Vox8 L9-Ij_1 L12-Vgn9 L14-Frd6
L1-Ylc4 L4-Qwb5 L7-Ttr7 L10-Bxp3 L2-Poe7 L5-Mme7 L8-Quu9 L11-Wr_6 L13-Jmj4 L3-Rij3 L6-Ije9 L9-Vox8 L12-Ij_1 L14-Vgn9
L1-Wqz8 L4-Ylc4 L7-Qwb5 L10-Ttr7 L2-Veg3 L5-Poe7 L8-Mme7 L11-Quu9 L13-Wr_6 L3-Tkt7 L6-Rij3 L9-Ije9 L12-Vox8 L14-Ij_1
L1-Tgj7 L4-Wqz8 L7-Ylc4 L10-Qwb5 L2-Ikj6 L5-Veg3 L8-Poe7 L11-Mme7 L13-Quu9 L3-Dxo4 L6-Tkt7 L9-Rij3 L12-Ije9 L14-Vox8
L1-Dyw9 L4-Tgj7 L7-Wqz8 L10-Ylc4 L2-Sif8 L5-Ikj6 L8-Veg3 L11-Poe7 L13-Mme7 L3-Gwf7 L6-Dxo4 L9-Tkt7 L12-Rij3 L14-Ije9
L1-Ibm6 L4-Dyw9 L7-Tgj7 L10-Wqz8 L2-Mqu4 L5-Sif8 L8-Ikj6 L11-Veg3 L13-Poe7 L3-Bii1 L6-Gwf7 L9-Dxo4 L12-Tkt7 L14-Rij3
L1-Djc8 L4-Ibm6 L7-Dyw9 L10-Tgj7 L2-Mam7 L5-Mqu4 L8-Sif8 L11-Ikj6 L13-Veg3 L3-Xld6 L6-Bii1 L9-Gwf7 L12-Dxo4 L14-Tkt7
L1-Puw4 L4-Djc8 L7-Ibm6 L10-Dyw9 L2-Snt4 L5-Mam7 L8-Mqu4 L11-Sif8 L13-Ikj6 L3-Ewr0 L6-Xld6 L9-Bii1 L12-Gwf7 L14-Dxo4
L1-Tbv5 L4-Puw4 L7-Djc8 L10-Ibm6 L2-Cdp3 L5-Snt4 L8-Mam7 L11-Mqu4 L13-Sif8 L3-Viw7 L6-Ewr0 L9-Xld6 L12-Bii1 L14-Gwf7
L1-Fpv5 L4-Tbv5 L7-Puw4 L10-Djc8 L2-Het7 L5-Cdp3 L8-Snt4 L11-Mam7 L13-Mqu4 L3-Pbt4 L6-Viw7 L9-Ewr0 L12-Xld6 L14-Bii1
L1-Non9 L4-Fpv5 L7-Tbv5 L10-Puw4 L2-Wwd7 L5-Het7 L8-Cdp3 L11-Snt4 L13-Mam7 L3-Ris2 L6-Pbt4 L9-Viw7 L12-Ewr0 L14-Xld6
L1-Env3 L4-Non9 L7-Fpv5 L10-Tbv5 L2-Qva0 L5-Wwd7 L8-Het7 L11-Cdp3 L13-Snt4 L3-Pfh5 L6-Ris2 L9-Pbt4 L12-Viw7 L14-Ewr0
L1-S_p4 L4-Env3 L7-Non9 L10-Fpv5 L2-Eha7 L5-Qva0 L8-Wwd7 L11-Het7 L13-Cdp3 L3-Ndg1 L6-Pfh5 L9-Ris2 L12-Pbt4 L14-Viw7
L1-Esi7 L4-S_p4 L7-Env3 L10-Non9 L2-Eiq9 L5-Eha7 L8-Qva0 L11-Wwd7 L13-Het7 L3-Rjt4 L6-Ndg1 L9-Pfh5 L12-Ris2 L14-Pbt4
L1-Xhw7 L4-Esi7 L7-S_p4 L10-Env3 L2-Mpl2 L5-Eiq9 L8-Eha7 L11-Qva0 L13-Wwd7 L3-O_c8 L6-Rjt4 L9-Ndg1 L12-Pfh5 L14-Ris2
L1-Ksh7 L4-Xhw7 L7-Esi7 L10-S_p4 L2-Zeg2 L5-Mpl2 L8-Eiq9 L11-Eha7 L13-Qva0 L3-Zeg2 L6-O_c8 L9-Rjt4 L12-Ndg1 L14-Pfh5
L1-Zeg2 L4-Ksh7 L7-Xhw7 L10-Esi7 L5-Zeg2 L8-Mpl2 L11-Eiq9 L13-Eha7 L6-Zeg2 L9-O_c8 L12-Rjt4 L14-Ndg1
L4-Zeg2 L7-Ksh7 L10-Xhw7 L8-Zeg2 L11-Mpl2 L13-Eiq9 L9-Zeg2 L12-O_c8 L14-Rjt4
L7-Zeg2 L10-Ksh7 L11-Zeg2 L13-Mpl2 L12-Zeg2 L14-O_c8
L10-Zeg2 L13-Zeg2 L14-Zeg2
