11
#Here is the number of lines required: 30
##start
Qdr0 0 0
##end
Qvy3 5 5
Pqs9 10 10
Ojb2 13 13
Go_0 18 18
Cwi1 20 20
Iwf6 22 22
Qmq8 26 26
Hul0 31 31
Mws2 34 34
Peg9 36 36
Rkt3 39 39
Qrm2 42 42
Yxq9 45 45
Jae1 48 48
Pwd8 51 51
Sar0 54 54
Y_m1 57 57
Ky_9 59 59
A_e0 61 61
Fpu2 63 63
V_j5 67 67
Cht7 69 69
Vaz4 73 73
Joz6 75 75
Xxw9 78 78
Bmr5 81 81
E_k5 84 84
Oye3 88 88
Cvg7 92 92
Fd_0 95 95
Xv_0 98 98
Myt6 101 101
Ybs6 103 103
Bya8 105 105
Fln6 108 108
Aff0 110 110
Wpo0 111 111
Knm1 114 114
Dvu2 117 117
Wg_0 121 121
Nya4 124 124
Vmm4 129 129
Wog2 134 134
Cjj9 139 139
Rel1 142 142
Fso1 145 145
Bnv7 148 148
Yku2 151 151
Oht4 153 153
Hy_4 156 156
Yay0 159 159
Dlr2 162 162
Oau0 164 164
Ddb2 166 166
Zxs3 170 170
Jta4 171 171
Q_t0 173 173
Byt0 175 175
Wvv1 177 177
Fjf5 180 180
Fkc1 184 184
Bzm7 188 188
Tnw0 190 190
Xnt4 192 192
Czb6 196 196
Ouq6 201 201
Mim8 205 205
Oyv7 207 207
Yf_7 209 209
C_e1 210 210
Fno1 212 212
Opg9 216 216
Vdm6 217 217
Gyv7 219 219
Cgv2 220 220
Dtq0 221 221
Vmm0 224 224
Jsl8 228 228
Og_5 230 230
Otl7 235 235
Bvz5 238 238
Dj_9 243 243
Oak2 245 245
S_n0 248 248
Q_e3 251 251
Nvn1 254 254
Vyf1 259 259
Sz_3 264 264
Ntc1 265 265
Kxl0 270 270
Xuu3 273 273
Tgk9 275 275
Dwh8 278 278
Xsj0 282 282
Eqq2 287 287
A_z3 289 289
Vcd9 291 291
Fwh3 294 294
Yu_1 296 296
X_c0 300 300
Sop1 303 303
H_b0 307 307
Ovw9 312 312
Iev0 316 316
Brh4 319 319
Sin1 322 322
Ttu0 326 326
Blr2 328 328
Kyx1 331 331
W_m4 334 334
Mrb1 336 336
Nml9 339 339
F_p7 341 341
Pzj4 343 343
Bcg9 347 347
Uuc4 349 349
Mqa9 352 352
Hbz5 357 357
Sxg7 361 361
Svd2 364 364
Wdq6 366 366
Uxm2 369 369
Wyy3 373 373
Brh0 377 377
Skd8 381 381
Vnh3 384 384
Vlr4 387 387
Gzx1 392 392
Vkq9 396 396
Ouf7 399 399
Xxm2 404 404
Bou4 408 408
Owz8 412 412
All1 415 415
Dfv4 418 418
Zyc8 421 421
V_w7 425 425
Emw4 427 427
Ybp1 430 430
Bd_0 433 433
Zs_8 435 435
Jze1 437 437
Ovo5 440 440
Zqn7 444 444
Rzp9 447 447
K_k1 449 449
Kd_9 452 452
I__7 454 454
Iqa6 457 457
Qlv4 460 460
Uyg2 464 464
Sew8 466 466
Ooy1 469 469
Fs_1 471 471
Mae6 475 475
W_u4 478 478
Voq8 479 479
Bja2 481 481
Uu_1 484 484
Gjr9 487 487
Qif2 490 490
G_v1 494 494
Hjp9 497 497
Isk3 501 501
Mgp1 505 505
Rdo3 506 506
Jrk5 509 509
Gkt1 511 511
Ywu3 516 516
Pxd9 520 520
Tv_6 523 523
Ijz2 525 525
O_w9 527 527
Jej1 529 529
Gl_4 532 532
Enz5 533 533
Cr_1 537 537
Fjn1 542 542
Yun2 543 543
Mpb6 545 545
Urf4 546 546
Vie9 549 549
E_d7 551 551
Nwb1 552 552
C_r6 554 554
Htr1 558 558
M_c3 560 560
Pez9 565 565
X_b8 568 568
Bls1 573 573
Kdo3 576 576
Vtd8 579 579
Rxm9 582 582
Rlm4 583 583
Pms1 587 587
Fcw3 591 591
Gdx4 593 593
Ect7 596 596
Yfz1 597 597
Mii3 602 602
Rti6 603 603
Oon1 607 607
Evv5 610 610
Ycl8 613 613
Csx3 617 617
C_q1 619 619
Hco6 622 622
J_m6 625 625
Spv6 627 627
Wzw8 630 630
Fgr0 631 631
Au_9 633 633
Zdo0 635 635
Hxk0 640 640
Pux4 644 644
Z_t8 645 645
B_z2 646 646
R_d3 650 650
Wsb5 653 653
Zk_0 656 656
A__8 660 660
Dbq9 664 664
Uij9 667 667
Vkt5 670 670
Qwf9 672 672
Fiz7 676 676
E__4 679 679
Vbf4 682 682
Shp2 685 685
Vfj7 689 689
Au_4 693 693
Xlj4 694 694
Pyi4 698 698
M_t2 701 701
Eex6 704 704
Hna6 708 708
Qeg7 711 711
Jsj0 713 713
Fqr0 716 716
Xpn8 719 719
Tzp0 722 722
Acq2 725 725
Fxf2 728 728
Sjv9 731 731
Duo8 734 734
W_w0 735 735
Jer7 740 740
Eoo5 743 743
Qoi2 747 747
Iby6 750 750
Q_s5 752 752
Sru9 756 756
D__5 760 760
Zd_6 763 763
D_h8 768 768
Pgb6 770 770
Daw2 775 775
Kz_1 777 777
Kyu3 781 781
Z_x3 783 783
Dkz0 786 786
Jqf6 789 789
Qrp0 792 792
Cpr1 797 797
Hyv1 802 802
Ini1 806 806
Qbk9 807 807
Wdc4 810 810
Rnp5 812 812
Gtn5 815 815
Gcw2 820 820
Qdj3 822 822
Xwv0 825 825
Ccs6 828 828
Oic3 831 831
Uxu4 834 834
Fhe1 837 837
Nns4 838 838
Gbh1 840 840
Vae7 842 842
P_o1 845 845
Bi_8 849 849
Abw4 853 853
Ofn0 857 857
Ycw8 860 860
Ege7 861 861
Wmj9 864 864
Xoc7 866 866
Vwn0 869 869
Xtx4 872 872
Qfm2 877 877
Svl6 882 882
Brk3 885 885
T__9 888 888
Fdn6 891 891
J_y6 896 896
Net7 899 899
Dre2 902 902
Vzc7 903 903
Bte3 905 905
Emc3 908 908
Vjd7 909 909
Ifz8 912 912
Faq4 916 916
Hlr4 917 917
Scc7 918 918
Eyo7 921 921
Ebd5 925 925
Rhq4 926 926
Fvo6 931 931
Csm2 934 934
H_o9 935 935
Xaw9 937 937
Cvi2 939 939
Seo5 943 943
Tju7 946 946
O_r5 951 951
Ivb0 954 954
S_s2 958 958
Wka9 960 960
Fbz7 963 963
Co_2 966 966
Xat0 969 969
Adf9 972 972
Hov2 974 974
Am_8 978 978
Fpi4 979 979
Fuo4 984 984
Xxf1 987 987
Shu9 992 992
Gqa4 993 993
Wct8 998 998
Ql_8 1001 1001
F_z0 1006 1006
Vee3 1007 1007
Ocn9 1010 1010
Frq7 1014 1014
Ocu3 1017 1017
Yne8 1020 1020
Efz8 1022 1022
Kvw6 1026 1026
Rsi1 1030 1030
Aqb4 1032 1032
Bk_9 1034 1034
Wfq7 1035 1035
Jgh7 1037 1037
Bos9 1041 1041
Jog0 1044 1044
Irt4 1045 1045
Yuq5 1050 1050
Zuf3 1053 1053
Ald3 1055 1055
No_4 1059 1059
Iof7 1061 1061
J_d6 1062 1062
Wgu3 1065 1065
Kuw4 1069 1069
Rq_7 1071 1071
Xn_3 1074 1074
I_w6 1075 1075
Ucz1 1077 1077
Har4 1082 1082
Zis9 1087 1087
R_t7 1091 1091
Ukm3 1095 1095
Jkt6 1099 1099
X_t9 1103 1103
Aqa4 1107 1107
Vbv3 1110 1110
Ndo9 1112 1112
F_e5 1116 1116
Jbw2 1119 1119
Ah_8 1123 1123
Sjw8 1126 1126
Rzp8 1129 1129
Qvj8 1132 1132
Poq1 1135 1135
Djx8 1137 1137
Dn_3 1140 1140
Ojb8 1144 1144
Eqn4 1146 1146
Nnz6 1149 1149
Gvt1 1152 1152
F_e3 1155 1155
Dlm7 1158 1158
Vg_6 1162 1162
C_n5 1163 1163
Iai0 1164 1164
Ugx4 1166 1166
Kln7 1170 1170
Rhr6 1171 1171
Nmr0 1176 1176
Pbv0 1180 1180
Nd_2 1181 1181
Avx4 1183 1183
M_q4 1186 1186
O_k2 1191 1191
Nta3 1195 1195
Dad8 1198 1198
Bvg4 1200 1200
Kdw8 1202 1202
Otf6 1204 1204
Yqw5 1208 1208
Dqr0 1211 1211
Stv7 1213 1213
Vhz9 1216 1216
Gop4 1220 1220
Irw2 1225 1225
Prt1 1227 1227
Qpr9 1230 1230
Hqz3 1231 1231
Pop1 1233 1233
Yhg5 1234 1234
Qkv5 1239 1239
Sot4 1243 1243
Rdm4 1245 1245
Kfj8 1248 1248
Wyh7 1249 1249
Eov0 1253 1253
Pbw6 1255 1255
U_f3 1257 1257
Xhr1 1260 1260
Ixi6 1265 1265
Ydo9 1268 1268
Mph0 1271 1271
Ki_3 1276 1276
Wzd1 1278 1278
Gy_3 1282 1282
Gbs7 1284 1284
Dsn7 1287 1287
Ulq8 1290 1290
Jnw4 1294 1294
Rzc9 1297 1297
Mut1 1300 1300
Yff8 1303 1303
Koh5 1304 1304
Hzp4 1309 1309
Cgx4 1311 1311
Vbb1 1316 1316
O_x8 1320 1320
Cex5 1325 1325
T_c2 1328 1328
Pau2 1332 1332
Cwm2 1336 1336
B_g6 1339 1339
Imv6 1341 1341
Kvc0 1343 1343
Tdy3 1346 1346
Vix0 1350 1350
Hsc2 1353 1353
Vhm0 1355 1355
Svh0 1357 1357
Ttz6 1359 1359
Ew_5 1362 1362
Ikl3 1364 1364
Epe0 1367 1367
Ort2 1370 1370
Gsn3 1375 1375
Ex_6 1376 1376
Jad4 1381 1381
Kfc9 1382 1382
Hbc7 1384 1384
Bti9 1386 1386
Pyz1 1388 1388
Jl_8 1391 1391
Uxx1 1395 1395
Qzc2 1398 1398
Dcc0 1403 1403
Hie4 1408 1408
Dan6 1410 1410
Gyj1 1413 1413
Kxo9 1418 1418
Qpv0 1422 1422
Rv_2 1425 1425
H_r0 1429 1429
Flw3 1432 1432
Vo_3 1435 1435
Esc7 1438 1438
Zom3 1441 1441
Xdo2 1444 1444
Tep6 1447 1447
D_l8 1451 1451
Mbg9 1454 1454
Hf_2 1459 1459
Byc4 1463 1463
Njf0 1464 1464
Ypl4 1468 1468
W_l1 1469 1469
Xhm9 1474 1474
Xoz7 1476 1476
Yg_1 1479 1479
Yix0 1480 1480
Eos5 1484 1484
I_e2 1489 1489
Tqf5 1493 1493
Fmd1 1496 1496
Tre4 1500 1500
Xnd8 1503 1503
Rjr0 1505 1505
Der4 1508 1508
Cpg2 1510 1510
Zbw8 1511 1511
Jol4 1514 1514
Xyo3 1518 1518
Wg_2 1521 1521
Wrw1 1526 1526
Dli2 1528 1528
Kr_9 1529 1529
Pqr7 1531 1531
Wt_4 1535 1535
Vfv7 1538 1538
Auf9 1541 1541
Utx5 1546 1546
Ohv5 1551 1551
Ufk6 1552 1552
Mcy4 1556 1556
Azj2 1561 1561
Hbw3 1564 1564
Cyd3 1567 1567
Nxq5 1571 1571
Wld7 1573 1573
Q_l3 1578 1578
Bfr0 1581 1581
Bmq3 1585 1585
Yao2 1589 1589
Oxr9 1594 1594
Wqq5 1597 1597
Iii7 1599 1599
Mmt8 1601 1601
Eky9 1606 1606
Vwy6 1611 1611
Nos1 1614 1614
Qte4 1617 1617
Qlw5 1620 1620
Ub_9 1622 1622
Dqr8 1627 1627
Ufz2 1631 1631
Evi6 1636 1636
Frn2 1640 1640
Qzu6 1642 1642
Jtz1 1644 1644
Nnd1 1647 1647
A_u3 1651 1651
Itg5 1654 1654
Xi_1 1657 1657
Xty0 1662 1662
Kma6 1663 1663
Mns0 1664 1664
Wqw1 1668 1668
O_t3 1671 1671
Ghd1 1673 1673
Yip5 1676 1676
Kih2 1679 1679
N_d6 1681 1681
Avu2 1685 1685
Xef9 1687 1687
Djx6 1692 1692
Cso5 1694 1694
S_i4 1698 1698
Hxw7 1702 1702
N_r5 1705 1705
Si_2 1706 1706
Qsg8 1711 1711
Uel9 1713 1713
O_m6 1715 1715
Hol2 1719 1719
Gd_8 1722 1722
Ovb1 1725 1725
Tp_3 1728 1728
Hot3 1730 1730
Mhy8 1734 1734
Gpw0 1737 1737
Ij_8 1739 1739
Vcn0 1741 1741
N_j1 1745 1745
R_c0 1747 1747
Nsn8 1752 1752
Onv4 1755 1755
Zcz8 1759 1759
Ma_8 1762 1762
Dgr0 1766 1766
X_j8 1770 1770
Yzc9 1773 1773
X_e7 1775 1775
Zgq7 1779 1779
Zjr4 1781 1781
Van4 1786 1786
Zsd3 1788 1788
Zji2 1792 1792
Kup6 1793 1793
V_i5 1795 1795
Zgq3 1798 1798
Itk5 1802 1802
Vhz6 1807 1807
Tsm1 1809 1809
Pap0 1810 1810
Izk1 1811 1811
Qfd9 1814 1814
Gvi3 1816 1816
Ouf7-Ojb2
Zyc8-Qfd9
Svd2-Izk1
Fd_0-Pap0
Nxq5-Go_0
X_b8-Tsm1
Fso1-Vhz6
Qif2-Cwi1
Zgq3-Itk5
V_i5-Zgq3
Kup6-V_i5
Zji2-Hul0
Van4-Zsd3
Zjr4-Van4
X_e7-Zgq7
Yzc9-Mws2
Rkt3-Peg9
Ma_8-Dgr0
Zcz8-Ma_8
Y_m1-Sar0
Onv4-Y_m1
Ky_9-Nsn8
A_e0-Ky_9
Fpu2-N_j1
V_j5-Fpu2
Cht7-V_j5
Vcn0-Vaz4
Joz6-Vcn0
Bmr5-Ij_8
E_k5-Bmr5
Cvg7-Oye3
Xv_0-Hot3
Tp_3-Xv_0
Ybs6-Myt6
Fln6-Bya8
Aff0-Fln6
O_m6-Hol2
Qsg8-Wpo0
Si_2-Qsg8
N_r5-Si_2
Hxw7-N_r5
Dvu2-Knm1
Djx6-Nya4
Vmm4-Djx6
Wog2-Vmm4
Cjj9-Wog2
Rel1-Cjj9
Oht4-Yku2
Avu2-Oht4
Oau0-Dlr2
Ghd1-Yip5
Ddb2-Ghd1
Qdr0-Zxs3
Jta4-Qvy3
Byt0-Q_t0
Fjf5-O_t3
Bzm7-Fkc1
Tnw0-Wqw1
Xnt4-Tnw0
Czb6-Xnt4
Oyv7-Kma6
Fno1-C_e1
Gyv7-Vdm6
Xty0-Gyv7
Xi_1-Xty0
Cgv2-Xi_1
Dtq0-Cgv2
A_u3-Vmm0
Jsl8-A_u3
Nnd1-Og_5
Jtz1-Otl7
Bvz5-Jtz1
Qzu6-Bvz5
Dj_9-Qzu6
Frn2-Dj_9
S_n0-Oak2
Ufz2-S_n0
Q_e3-Ufz2
Dqr8-Nvn1
Ub_9-Vyf1
Sz_3-Ub_9
Qte4-Qlw5
Nos1-Qte4
Kxl0-Nos1
Tgk9-Xuu3
Eky9-Tgk9
Mmt8-Eky9
Dwh8-Mmt8
Iii7-Dwh8
Wqq5-Iii7
Oxr9-Wqq5
Yao2-Oxr9
Bmq3-Yao2
Bfr0-Xsj0
Q_l3-Bfr0
Wld7-Eqq2
A_z3-Wld7
Nxq5-Fwh3
Yu_1-Nxq5
Cyd3-Yu_1
X_c0-Hbw3
Sop1-X_c0
H_b0-Sop1
Azj2-H_b0
Mcy4-Azj2
Ovw9-Ufk6
Iev0-Ovw9
Ohv5-Iev0
Utx5-Brh4
Sin1-Utx5
Vfv7-Qvy3
Pqr7-Wt_4
Blr2-Kr_9
Dli2-Blr2
Wg_2-Wrw1
Xyo3-Wg_2
Kyx1-Xyo3
Jol4-Kyx1
Zbw8-W_m4
Der4-Cpg2
Rjr0-Der4
Xnd8-Rjr0
Fmd1-Tre4
Tqf5-Fmd1
Nml9-I_e2
Eos5-Nml9
Bcg9-Pzj4
Yix0-Bcg9
Uuc4-Yg_1
Ypl4-W_l1
Njf0-Hbz5
Byc4-Njf0
Hf_2-Byc4
Sxg7-Hf_2
Svd2-Sxg7
Uxm2-Wdq6
Mbg9-Uxm2
D_l8-Mbg9
Xdo2-Tep6
Esc7-Brh0
Vo_3-Esc7
Flw3-Vo_3
Rv_2-H_r0
Dan6-Gyj1
Skd8-Dan6
Hie4-Skd8
Vnh3-Dcc0
Vlr4-Vnh3
Vkq9-Gzx1
Qdr0-Vkq9
Jl_8-Xxm2
Dfv4-All1
V_w7-Zyc8
Kfc9-V_w7
Jad4-Kfc9
Gsn3-Ex_6
Ybp1-Gsn3
Epe0-Ort2
Ew_5-Ikl3
Bd_0-Ew_5
Ttz6-Bd_0
Svh0-Zs_8
Hsc2-Vhm0
Tdy3-Vix0
Kvc0-Tdy3
Ovo5-Jze1
Zqn7-Ovo5
Imv6-Zqn7
B_g6-Imv6
K_k1-Cwm2
I__7-Kd_9
Vbb1-O_x8
Iqa6-Cgx4
Qlv4-Iqa6
Koh5-Ooy1
Fs_1-Yff8
Mae6-Fs_1
W_u4-Mae6
Mut1-Voq8
Ulq8-Jnw4
Bja2-Ulq8
Gy_3-Gbs7
Wzd1-Gy_3
Uu_1-Wzd1
G_v1-Ydo9
Ixi6-Mgp1
Xhr1-Ixi6
Rdo3-Xhr1
U_f3-Rdo3
Jrk5-Eov0
Wyh7-Jrk5
Kfj8-Wyh7
Rdm4-Tv_6
Sot4-Rdm4
Gl_4-Jej1
Yhg5-Gl_4
Enz5-Yhg5
Cr_1-Enz5
Pop1-Cr_1
Hqz3-Pop1
Qpr9-Hqz3
Fjn1-Qpr9
Yun2-Fjn1
Prt1-Mpb6
Irw2-Prt1
Stv7-Vhz9
Dqr0-Stv7
Vie9-Otf6
E_d7-Kdw8
Nwb1-E_d7
C_r6-Nwb1
Bvg4-C_r6
Dad8-Bvg4
Htr1-Dad8
X_b8-M_q4
Nd_2-Avx4
Bls1-Nd_2
Kdo3-Pbv0
Nmr0-Kdo3
Vtd8-Nmr0
Rhr6-Vtd8
Rxm9-Rhr6
Kln7-Rxm9
Ugx4-Rlm4
C_n5-Iai0
Gdx4-Fcw3
F_e3-Dlm7
Ect7-F_e3
Gvt1-Ect7
Yfz1-Gvt1
Eqn4-Nnz6
Ojb8-Eqn4
Evv5-Oon1
Ycl8-Poq1
Sjw8-Csx3
Ah_8-Sjw8
Jbw2-Ah_8
J_y6-Qvy3
Hco6-C_q1
Ndo9-F_e5
Vbv3-Ndo9
Aqa4-Vbv3
X_t9-Aqa4
J_m6-X_t9
Jkt6-J_m6
Spv6-Jkt6
Wzw8-Ukm3
R_t7-Wzw8
Zis9-R_t7
Hxk0-Zdo0
Ucz1-Har4
Pux4-Xn_3
Rq_7-Z_t8
Kuw4-Qvy3
Wgu3-B_z2
R_d3-Wgu3
Iof7-J_d6
Wsb5-Iof7
Dbq9-A__8
No_4-Dbq9
Uij9-No_4
Qwf9-Vkt5
Zuf3-Qwf9
Irt4-Yuq5
Jog0-Irt4
Fiz7-Jog0
E__4-Fiz7
Bos9-E__4
Jgh7-Bos9
Bk_9-Vbf4
Shp2-Bk_9
Rsi1-Au_4
Pyi4-Xlj4
Eex6-Efz8
Qeg7-Yne8
Frq7-Ocu3
Fqr0-F_z0
Tzp0-Xpn8
Acq2-Tzp0
Fxf2-Acq2
Wct8-Ql_8
Gqa4-Wct8
Duo8-Sjv9
Qdr0-Duo8
Jer7-W_w0
Shu9-Jer7
Eoo5-Shu9
Fuo4-Xxf1
Q_s5-Am_8
Sru9-Q_s5
Zd_6-Hov2
Pgb6-D_h8
Adf9-Pgb6
Kz_1-Daw2
Z_x3-Kyu3
Jqf6-Wka9
Ivb0-Qvy3
Hyv1-Cpr1
Wdc4-Qbk9
Tju7-Wdc4
Cvi2-Seo5
Rnp5-Cvi2
Gtn5-Xaw9
Qdj3-Gcw2
H_o9-Qdj3
Xwv0-Csm2
Qdr0-Ebd5
Nns4-Qvy3
Vae7-Eyo7
P_o1-Vae7
Abw4-Bi_8
Ofn0-Abw4
Ege7-Ycw8
Wmj9-Ege7
Hlr4-Xoc7
Ifz8-Faq4
Vjd7-Ifz8
Xtx4-Vwn0
Emc3-Xtx4
Svl6-Qfm2
Bte3-Svl6
Net7-T__9
Fdn6-Net7
Qdr0-Fdn6
T__9-Dre2
Dre2-Brk3
Brk3-Vzc7
Vzc7-Bte3
Qfm2-Emc3
Vwn0-Vjd7
Faq4-Hlr4
Xoc7-Wmj9
Ycw8-Ofn0
Bi_8-Scc7
Scc7-P_o1
Eyo7-Gbh1
Gbh1-Nns4
Ebd5-Fhe1
Fhe1-Uxu4
Uxu4-Oic3
Oic3-Rhq4
Rhq4-Fvo6
Fvo6-Ccs6
Ccs6-Xwv0
Csm2-H_o9
Gcw2-Gtn5
Xaw9-Rnp5
Seo5-Tju7
Qbk9-Ini1
Ini1-Hyv1
Cpr1-O_r5
O_r5-Qrp0
Qrp0-Ivb0
Qdr0-S_s2
S_s2-Jqf6
Wka9-Fbz7
Fbz7-Dkz0
Dkz0-Z_x3
Kyu3-Kz_1
Daw2-Co_2
Co_2-Xat0
Xat0-Adf9
D_h8-Zd_6
Hov2-D__5
D__5-Sru9
Am_8-Iby6
Iby6-Qoi2
Qoi2-Fpi4
Fpi4-Fuo4
Xxf1-Eoo5
W_w0-Qvy3
Sjv9-Gqa4
Ql_8-Fxf2
Xpn8-Fqr0
F_z0-Vee3
Vee3-Ocn9
Ocn9-Jsj0
Jsj0-Frq7
Ocu3-Qeg7
Yne8-Hna6
Hna6-Eex6
Efz8-Kvw6
Kvw6-M_t2
M_t2-Pyi4
Xlj4-Rsi1
Au_4-Aqb4
Aqb4-Vfj7
Vfj7-Qvy3
Qdr0-Shp2
Vbf4-Wfq7
Wfq7-Jgh7
Yuq5-Zuf3
Vkt5-Ald3
Ald3-Uij9
A__8-Zk_0
Zk_0-Wsb5
J_d6-R_d3
B_z2-Kuw4
Qdr0-Rq_7
Z_t8-Pux4
Xn_3-I_w6
I_w6-Ucz1
Har4-Hxk0
Zdo0-Au_9
Au_9-Fgr0
Fgr0-Zis9
Ukm3-Spv6
F_e5-Hco6
C_q1-J_y6
Qdr0-Jbw2
Csx3-Rzp8
Rzp8-Qvj8
Qvj8-Ycl8
Poq1-Djx8
Djx8-Evv5
Oon1-Dn_3
Dn_3-Rti6
Rti6-Mii3
Mii3-Ojb8
Nnz6-Yfz1
Dlm7-Gdx4
Fcw3-Pms1
Pms1-Vg_6
Vg_6-C_n5
Iai0-Ugx4
Rlm4-Kln7
Pbv0-Bls1
Avx4-X_b8
M_q4-Pez9
Pez9-O_k2
O_k2-M_c3
M_c3-Nta3
Nta3-Htr1
Kdw8-Vie9
Otf6-Yqw5
Yqw5-Dqr0
Vhz9-Gop4
Gop4-Urf4
Urf4-Irw2
Mpb6-Yun2
Jej1-O_w9
O_w9-Qkv5
Qkv5-Ijz2
Ijz2-Sot4
Tv_6-Pxd9
Pxd9-Ywu3
Ywu3-Gkt1
Gkt1-Kfj8
Eov0-Pbw6
Pbw6-U_f3
Mgp1-Isk3
Isk3-Hjp9
Hjp9-Qvy3
Qdr0-G_v1
Ydo9-Qif2
Qif2-Gjr9
Gjr9-Mph0
Mph0-Ki_3
Ki_3-Uu_1
Gbs7-Dsn7
Dsn7-Bja2
Jnw4-Rzc9
Rzc9-Mut1
Voq8-W_u4
Yff8-Koh5
Ooy1-Sew8
Sew8-Hzp4
Hzp4-Uyg2
Uyg2-Qlv4
Cgx4-Vbb1
O_x8-I__7
Kd_9-Cex5
Cex5-T_c2
T_c2-Pau2
Pau2-K_k1
Cwm2-Rzp9
Rzp9-B_g6
Jze1-Kvc0
Vix0-Hsc2
Vhm0-Svh0
Zs_8-Ttz6
Ikl3-Epe0
Ort2-Ybp1
Ex_6-Emw4
Emw4-Jad4
Zyc8-Dfv4
All1-Owz8
Owz8-Hbc7
Hbc7-Bti9
Bti9-Bou4
Bou4-Pyz1
Pyz1-Jl_8
Xxm2-Uxx1
Uxx1-Ouf7
Ouf7-Qvy3
Gzx1-Qzc2
Qzc2-Vlr4
Dcc0-Hie4
Gyj1-Kxo9
Kxo9-Qpv0
Qpv0-Rv_2
H_r0-Flw3
Brh0-Zom3
Zom3-Wyy3
Wyy3-Xdo2
Tep6-D_l8
Wdq6-Svd2
Hbz5-Ypl4
W_l1-Xhm9
Xhm9-Mqa9
Mqa9-Xoz7
Xoz7-Uuc4
Yg_1-Yix0
Pzj4-F_p7
F_p7-Eos5
I_e2-Mrb1
Mrb1-Tqf5
Tre4-Xnd8
Cpg2-Zbw8
W_m4-Jol4
Wrw1-Dli2
Kr_9-Pqr7
Wt_4-Vfv7
Qdr0-Ttu0
Ttu0-Auf9
Auf9-Sin1
Brh4-Ohv5
Ufk6-Mcy4
Hbw3-Cyd3
Fwh3-Vcd9
Vcd9-A_z3
Eqq2-Q_l3
Xsj0-Bmq3
Xuu3-Vwy6
Vwy6-Kxl0
Qlw5-Ntc1
Ntc1-Sz_3
Vyf1-Dqr8
Nvn1-Q_e3
Oak2-Evi6
Evi6-Frn2
Otl7-Nnd1
Og_5-Jsl8
Vmm0-Itg5
Itg5-Dtq0
Vdm6-Opg9
Opg9-Fno1
C_e1-Yf_7
Yf_7-Oyv7
Kma6-Mim8
Mim8-Ouq6
Ouq6-Mns0
Mns0-Czb6
Wqw1-Bzm7
Fkc1-Fjf5
O_t3-Wvv1
Wvv1-Byt0
Q_t0-Jta4
Zxs3-Ddb2
Yip5-Oau0
Dlr2-Yay0
Yay0-Hy_4
Hy_4-Kih2
Kih2-N_d6
N_d6-Avu2
Yku2-Bnv7
Bnv7-Xef9
Xef9-Fso1
Fso1-Rel1
Nya4-Cso5
Cso5-Wg_0
Wg_0-S_i4
S_i4-Dvu2
Knm1-Hxw7
Wpo0-Uel9
Uel9-O_m6
Hol2-Aff0
Bya8-Gd_8
Gd_8-Ybs6
Myt6-Ovb1
Ovb1-Tp_3
Hot3-Mhy8
Mhy8-Fd_0
Fd_0-Cvg7
Oye3-Gpw0
Gpw0-E_k5
Ij_8-Xxw9
Xxw9-Joz6
Vaz4-Cht7
N_j1-R_c0
R_c0-A_e0
Nsn8-Onv4
Sar0-Pwd8
Pwd8-Jae1
Jae1-Yxq9
Yxq9-Qrm2
Qrm2-Zcz8
Dgr0-Rkt3
Peg9-X_j8
X_j8-Yzc9
Mws2-X_e7
Zgq7-Zjr4
Zsd3-Zji2
Hul0-Kup6
Itk5-Qmq8
Qmq8-Iwf6
Iwf6-Qvy3
W_w0-Gvi3
Xsj0-Pqs9
#Here is the number of lines required: 30

L1-Shp2 L2-Ebd5 L3-Rq_7
L1-Bk_9 L4-Shp2 L2-Fhe1 L5-Ebd5 L3-Z_t8 L6-Rq_7
L1-Vbf4 L4-Bk_9 L7-Shp2 L2-Uxu4 L5-Fhe1 L8-Ebd5 L3-Pux4 L6-Z_t8 L9-Rq_7
L1-Wfq7 L4-Vbf4 L7-Bk_9 L2-Oic3 L5-Uxu4 L8-Fhe1 L10-Ebd5 L3-Xn_3 L6-Pux4 L9-Z_t8 L11-Rq_7
L1-Jgh7 L4-Wfq7 L7-Vbf4 L2-Rhq4 L5-Oic3 L8-Uxu4 L10-Fhe1 L3-I_w6 L6-Xn_3 L9-Pux4 L11-Z_t8
L1-Bos9 L4-Jgh7 L7-Wfq7 L2-Fvo6 L5-Rhq4 L8-Oic3 L10-Uxu4 L3-Ucz1 L6-I_w6 L9-Xn_3 L11-Pux4
L1-E__4 L4-Bos9 L7-Jgh7 L2-Ccs6 L5-Fvo6 L8-Rhq4 L10-Oic3 L3-Har4 L6-Ucz1 L9-I_w6 L11-Xn_3
L1-Fiz7 L4-E__4 L7-Bos9 L2-Xwv0 L5-Ccs6 L8-Fvo6 L10-Rhq4 L3-Hxk0 L6-Har4 L9-Ucz1 L11-I_w6
L1-Jog0 L4-Fiz7 L7-E__4 L2-Csm2 L5-Xwv0 L8-Ccs6 L10-Fvo6 L3-Zdo0 L6-Hxk0 L9-Har4 L11-Ucz1
L1-Irt4 L4-Jog0 L7-Fiz7 L2-H_o9 L5-Csm2 L8-Xwv0 L10-Ccs6 L3-Au_9 L6-Zdo0 L9-Hxk0 L11-Har4
L1-Yuq5 L4-Irt4 L7-Jog0 L2-Qdj3 L5-H_o9 L8-Csm2 L10-Xwv0 L3-Fgr0 L6-Au_9 L9-Zdo0 L11-Hxk0
L1-Zuf3 L4-Yuq5 L7-Irt4 L2-Gcw2 L5-Qdj3 L8-H_o9 L10-Csm2 L3-Zis9 L6-Fgr0 L9-Au_9 L11-Zdo0
L1-Qwf9 L4-Zuf3 L7-Yuq5 L2-Gtn5 L5-Gcw2 L8-Qdj3 L10-H_o9 L3-R_t7 L6-Zis9 L9-Fgr0 L11-Au_9
L1-Vkt5 L4-Qwf9 L7-Zuf3 L2-Xaw9 L5-Gtn5 L8-Gcw2 L10-Qdj3 L3-Wzw8 L6-R_t7 L9-Zis9 L11-Fgr0
L1-Ald3 L4-Vkt5 L7-Qwf9 L2-Rnp5 L5-Xaw9 L8-Gtn5 L10-Gcw2 L3-Ukm3 L6-Wzw8 L9-R_t7 L11-Zis9
L1-Uij9 L4-Ald3 L7-Vkt5 L2-Cvi2 L5-Rnp5 L8-Xaw9 L10-Gtn5 L3-Spv6 L6-Ukm3 L9-Wzw8 L11-R_t7
L1-No_4 L4-Uij9 L7-Ald3 L2-Seo5 L5-Cvi2 L8-Rnp5 L10-Xaw9 L3-Jkt6 L6-Spv6 L9-Ukm3 L11-Wzw8
L1-Dbq9 L4-No_4 L7-Uij9 L2-Tju7 L5-Seo5 L8-Cvi2 L10-Rnp5 L3-J_m6 L6-Jkt6 L9-Spv6 L11-Ukm3
L1-A__8 L4-Dbq9 L7-No_4 L2-Wdc4 L5-Tju7 L8-Seo5 L10-Cvi2 L3-X_t9 L6-J_m6 L9-Jkt6 L11-Spv6
L1-Zk_0 L4-A__8 L7-Dbq9 L2-Qbk9 L5-Wdc4 L8-Tju7 L10-Seo5 L3-Aqa4 L6-X_t9 L9-J_m6 L11-Jkt6
L1-Wsb5 L4-Zk_0 L7-A__8 L2-Ini1 L5-Qbk9 L8-Wdc4 L10-Tju7 L3-Vbv3 L6-Aqa4 L9-X_t9 L11-J_m6
L1-Iof7 L4-Wsb5 L7-Zk_0 L2-Hyv1 L5-Ini1 L8-Qbk9 L10-Wdc4 L3-Ndo9 L6-Vbv3 L9-Aqa4 L11-X_t9
L1-J_d6 L4-Iof7 L7-Wsb5 L2-Cpr1 L5-Hyv1 L8-Ini1 L10-Qbk9 L3-F_e5 L6-Ndo9 L9-Vbv3 L11-Aqa4
L1-R_d3 L4-J_d6 L7-Iof7 L2-O_r5 L5-Cpr1 L8-Hyv1 L10-Ini1 L3-Hco6 L6-F_e5 L9-Ndo9 L11-Vbv3
L1-Wgu3 L4-R_d3 L7-J_d6 L2-Qrp0 L5-O_r5 L8-Cpr1 L10-Hyv1 L3-C_q1 L6-Hco6 L9-F_e5 L11-Ndo9
L1-B_z2 L4-Wgu3 L7-R_d3 L2-Ivb0 L5-Qrp0 L8-O_r5 L10-Cpr1 L3-J_y6 L6-C_q1 L9-Hco6 L11-F_e5
L1-Kuw4 L4-B_z2 L7-Wgu3 L2-Qvy3 L5-Ivb0 L8-Qrp0 L10-O_r5 L3-Qvy3 L6-J_y6 L9-C_q1 L11-Hco6
L1-Qvy3 L4-Kuw4 L7-B_z2 L5-Qvy3 L8-Ivb0 L10-Qrp0 L6-Qvy3 L9-J_y6 L11-C_q1
L4-Qvy3 L7-Kuw4 L8-Qvy3 L10-Ivb0 L9-Qvy3 L11-J_y6
L7-Qvy3 L10-Qvy3 L11-Qvy3
