141
#Here is the number of lines required: 31
##start
Tmc8 1 1
##end
T_w7 4 4
Usx8 8 8
Dg_4 12 12
Jsm0 17 17
Izu8 19 19
Uwi1 20 20
F__7 24 24
Eo_7 27 27
Xrn3 31 31
Wqs3 35 35
Ton8 40 40
Ffv6 42 42
He_1 45 45
Dvv8 46 46
Ren9 49 49
Xun1 54 54
Sp_3 55 55
Giv3 58 58
Vm_1 61 61
Uly4 65 65
Xdp5 70 70
Cnc2 71 71
Erm9 72 72
Ywf0 77 77
Ke_7 80 80
Sew9 83 83
R_q5 85 85
Bjs0 89 89
Ztr0 93 93
Erq8 97 97
Npk9 99 99
Yeh3 100 100
Ae_3 104 104
Vui2 106 106
Xlf8 109 109
Njk3 112 112
Xlu3 114 114
Tit0 116 116
Cn_4 118 118
Sdp1 122 122
Fao7 124 124
I_n8 126 126
Ahb4 130 130
Aey3 133 133
Azv9 134 134
C__2 137 137
Nb_4 139 139
F_c3 143 143
Sag6 145 145
W_w8 148 148
Szd6 153 153
Yms3 156 156
Gne0 161 161
C_v6 163 163
Dsm3 168 168
Wky2 172 172
Qpb8 173 173
Wc_8 175 175
Jnk0 178 178
Caf6 182 182
Gzm4 185 185
Wgt6 189 189
Fq_8 194 194
Ukf5 198 198
Ksd0 202 202
Ues0 207 207
Nu_8 212 212
H_g2 214 214
Pwv8 217 217
Zvz2 219 219
Fcg3 224 224
Edi6 228 228
Mxj9 230 230
Rm_9 233 233
Hcn3 235 235
Nop6 239 239
Fmi8 243 243
Xif7 245 245
Xma9 247 247
T_n2 249 249
Rgk7 250 250
Dda7 254 254
Eih3 258 258
Jag6 261 261
Nti1 262 262
Gfe2 266 266
Mlq6 269 269
Omf9 270 270
Jhd0 274 274
Ezp9 276 276
Nwv3 279 279
Bev7 284 284
Zsh7 289 289
Jht8 290 290
Ber8 292 292
Jhc7 296 296
Aax9 301 301
Wfy9 306 306
Hez1 310 310
Tjh2 312 312
Dkg3 316 316
Cjo8 318 318
H_n4 322 322
Hqb7 325 325
Q_h0 328 328
D_v4 333 333
Tci0 337 337
Gbc4 341 341
Ixc1 345 345
Qfx9 350 350
Wlb6 354 354
Jhv7 357 357
Ict5 359 359
Xda7 364 364
Sia2 367 367
Qru1 370 370
Mym6 375 375
Ucp7 377 377
Huy4 380 380
Yco6 384 384
Qoe7 387 387
Iyy3 389 389
Yeu2 391 391
Qdt8 396 396
Qpv9 399 399
Fbc5 402 402
Iwa5 407 407
Kwl2 409 409
Nlh0 412 412
Dlh2 416 416
Rea7 417 417
Qqh9 420 420
Tug1 425 425
Tgw8 427 427
Mae4 430 430
Qma1 435 435
Obs3 438 438
Dmm7 441 441
Swr2 444 444
Nyc7 446 446
Qlj0 449 449
Pza4 452 452
Rbo3 456 456
Vbw9 459 459
Mcp6 463 463
Pfh2 465 465
Qev8 469 469
If_9 472 472
Emp2 475 475
Qcj4 479 479
Mbg5 484 484
Bzv3 485 485
Gkc4 488 488
Ctn3 490 490
Ze_4 494 494
Swv3 496 496
Omy7 501 501
T_d0 502 502
Fdh3 506 506
Aql9 510 510
Aev6 513 513
K_x1 516 516
Gpw8 519 519
Jl_7 521 521
Blh0 524 524
C_i0 528 528
Hfi8 530 530
Kqv2 532 532
Sas5 535 535
D_w4 539 539
Hpo4 542 542
Jvx5 547 547
Icw9 549 549
Asq2 552 552
E_p1 555 555
S_k7 558 558
Hgk5 559 559
Kws9 563 563
Xbp9 568 568
Esh6 573 573
Yhn0 575 575
Geu3 576 576
Eou3 579 579
Ngd2 582 582
Mie1 584 584
Flr9 587 587
Ovs3 591 591
Ogy2 594 594
Cpz0 597 597
Grk1 601 601
Z_d7 604 604
Btw2 607 607
Efn9 610 610
Vdh5 614 614
Vyr7 618 618
Byn0 623 623
Ypi7 624 624
Vff1 628 628
T__0 629 629
W_u9 632 632
Hxe3 635 635
Ryx7 637 637
Yyh1 639 639
Dfm0 643 643
Uza4 648 648
J_i8 653 653
Miv9 656 656
Jpy6 661 661
Hyy6 665 665
Bo_3 667 667
Rhl9 668 668
Kjc9 671 671
Hvy1 673 673
G_i3 677 677
Rlh9 682 682
Rvf0 686 686
Dnn0 690 690
Twd5 694 694
Abq3 695 695
Qo_8 698 698
Kcw0 701 701
J_l0 705 705
K__0 708 708
Vmc0 709 709
Ei_0 713 713
Cnd4 716 716
S_l7 718 718
Ezw6 721 721
Q_g4 724 724
Ah_9 727 727
Gps1 731 731
Kig2 736 736
Rxb4 738 738
Xpx1 743 743
C_y1 745 745
Abl7 747 747
Xbm6 750 750
Ovv1 752 752
Cdz4 754 754
Bmi8 755 755
Rpw2 756 756
Wlc4 761 761
Tdw8 764 764
Jid8 767 767
Mpf8 771 771
Vvt0 775 775
Htw6 779 779
Ipx0 782 782
Y_a7 784 784
Wqc1 786 786
Msj4 790 790
Idb1 793 793
Xee9 795 795
Nel4 797 797
T_m3 800 800
Zfb3 803 803
Pmu5 807 807
Bd_6 810 810
Pzl2 815 815
Zas6 818 818
Ure0 821 821
Jhe7 826 826
Vyy1 828 828
Zqt2 831 831
Ob_8 832 832
Ihf3 835 835
No_3 839 839
Q_s0 843 843
Xnb0 844 844
Dll1 846 846
Bez7 849 849
Iok7 853 853
Dkj4 856 856
Esg6 859 859
Pfq8 863 863
Mgd0 866 866
Swz9 871 871
Ghl8 876 876
Axo6 877 877
Vdu5 881 881
Ku_4 886 886
Mi_7 894 894
Air1 895 895
Uxc0 896 896
Wzz5 897 897
Vqz3 900 900
Usu3 905 905
Bzm4 908 908
Jel3 913 913
Njd8 916 916
Ig_0 921 921
W_l5 924 924
Nyq0 927 927
Njl5 928 928
Ano4 932 932
Mxx0 934 934
Dmi8 937 937
Ndo9 941 941
Nqx5 944 944
Fcm1 945 945
Svo8 947 947
Qwy0 952 952
Qlg1 955 955
Bfi4 956 956
Pqc5 961 961
Rzp2 964 964
Imc8 968 968
Nvm4 970 970
Tkv0 974 974
Zq_5 977 977
Hus5 979 979
Biv0 981 981
Zpu3 984 984
Ja_0 989 989
Sc_3 991 991
Tjv6 994 994
Uaw1 999 999
Cyt5 1001 1001
Bsf4 1005 1005
Wns4 1008 1008
Zvq3 1010 1010
Znd8 1015 1015
Vwk8 1017 1017
Kva2 1019 1019
Twz7 1024 1024
Tob6 1027 1027
Dfs1 1030 1030
Ydf4 1032 1032
Arm6 1036 1036
T_n7 1039 1039
Ers9 1042 1042
X_e6 1045 1045
Sem8 1048 1048
Ufj7 1051 1051
Nri1 1056 1056
Nnw5 1059 1059
Gad1 1063 1063
Alx3 1068 1068
Vpd2 1070 1070
Ddx4 1072 1072
Izw1 1076 1076
Ive3 1079 1079
Rre4 1082 1082
Ab_5 1086 1086
Gjy8 1088 1088
Ibd6 1091 1091
Tug3 1093 1093
Bpb8 1094 1094
Zvb2 1098 1098
Qdq4 1101 1101
Uzp5 1103 1103
Mfd0 1105 1105
Smj4 1108 1108
Fae8 1111 1111
Ayd4 1113 1113
Btw9 1116 1116
Uou5 1119 1119
Rkl8 1123 1123
Kpk1 1125 1125
A_l5 1128 1128
Xin1 1132 1132
Djh3 1135 1135
Aho4 1139 1139
Gwz9 1141 1141
Chb2 1144 1144
O_n9 1147 1147
Iue7 1151 1151
Ynp3 1154 1154
Fjr8 1158 1158
Koq9 1162 1162
Qau5 1165 1165
Ftg1 1169 1169
Bgr8 1172 1172
X_a6 1173 1173
H_u8 1178 1178
Wdv8 1180 1180
Oqk6 1184 1184
Iyy8 1187 1187
Aog2 1190 1190
Df_8 1193 1193
Hcb5 1196 1196
Cin5 1199 1199
Qvq7 1204 1204
Jcw4 1207 1207
Jgz1 1211 1211
Jsl7 1213 1213
Cvb7 1215 1215
Ssq5 1218 1218
Bms4 1222 1222
Rvu9 1227 1227
Mxw3 1230 1230
Yhf3 1234 1234
Ct_7 1239 1239
Yqn8 1240 1240
Zbo8 1243 1243
Due3 1245 1245
Pbv9 1247 1247
Qhe5 1251 1251
Qsa4 1255 1255
Gup6 1257 1257
Ewy7 1258 1258
Djf8 1262 1262
Spz1 1265 1265
Vvh0 1270 1270
Fds6 1275 1275
Pii5 1280 1280
Oxe1 1282 1282
Whq5 1286 1286
Ul_0 1288 1288
Noj9 1292 1292
Txv1 1293 1293
Jys8 1298 1298
Nld8 1303 1303
Rvf9 1304 1304
Aau1 1308 1308
Gpv3 1311 1311
Unb3 1315 1315
Hwi2 1318 1318
Hia8 1320 1320
Epq4 1323 1323
Htq6 1328 1328
Oee8 1333 1333
Gwh3 1335 1335
Bzp7 1339 1339
Pry7 1342 1342
Wme9 1345 1345
Ry_7 1350 1350
Vny7 1355 1355
Ahl8 1358 1358
Yzw4 1360 1360
E_p0 1363 1363
U_j4 1366 1366
Faj6 1369 1369
Hoc4 1371 1371
Ieu8 1375 1375
Zfl8 1378 1378
Cf_0 1383 1383
Ayo3 1386 1386
Orj7 1389 1389
Hbf9 1393 1393
Pec5 1398 1398
Jh_9 1401 1401
Ihk6 1404 1404
Nly4 1405 1405
Hx_7 1410 1410
To_7 1413 1413
Yqf6 1416 1416
Uhs9 1421 1421
Ng_4 1426 1426
Gvc9 1431 1431
Rwr0 1434 1434
Uvp0 1439 1439
Mxk5 1442 1442
Mdw2 1445 1445
Wnq5 1448 1448
Eko8 1449 1449
X_p6 1451 1451
Gk_8 1456 1456
Da_5 1459 1459
Khx7 1463 1463
Otx5 1464 1464
Psh7 1468 1468
Xiy6 1472 1472
Mn_8 1475 1475
Hkm3 1479 1479
Isz3 1480 1480
Dyk8 1482 1482
Fzo0 1484 1484
Rzc7 1489 1489
Oya4 1491 1491
Zgs9 1493 1493
Fh_4 1494 1494
Esk1 1497 1497
Mwk2 1501 1501
Fkn4 1504 1504
Wfu1 1505 1505
Ysm4 1507 1507
Osj1 1511 1511
Qmf8 1516 1516
Wyp8 1519 1519
Wx_4 1523 1523
Dey0 1526 1526
Ogm1 1528 1528
Khr6 1533 1533
Mz_7 1537 1537
Uvh9 1539 1539
Bbj0 1540 1540
Pfj7 1544 1544
Mdu8 1549 1549
Iph0 1550 1550
Owi6 1554 1554
Z_b8 1556 1556
Peb2 1559 1559
Rhx8 1563 1563
Jsp6 1567 1567
Bj_7 1570 1570
Mzj4 1573 1573
Xxg3 1577 1577
F_k5 1580 1580
Pbo0 1582 1582
Khe3 1585 1585
Hma1 1588 1588
Cah3 1591 1591
Nxw0 1596 1596
Uvn2 1597 1597
Nwl0 1601 1601
Zef2 1605 1605
Gpu3 1609 1609
Ubh2 1613 1613
Slh4 1618 1618
I_p0 1621 1621
Gvd4 1626 1626
Fkz5 1630 1630
Vms0 1633 1633
Dts6 1636 1636
Xui3 1637 1637
Zfz2 1640 1640
Ngi5 1644 1644
Kjx5 1647 1647
Iws8 1651 1651
Srl7 1654 1654
V_x3 1659 1659
Vir0 1663 1663
Rzj3 1666 1666
Vt_2 1670 1670
Fvr1 1672 1672
Iv_4 1675 1675
Hac4 1680 1680
Zhq7 1682 1682
Z_f2 1684 1684
Ynj6 1686 1686
Gih4 1691 1691
Prm4 1692 1692
Kup4 1693 1693
Q_x1 1698 1698
Isp3 1702 1702
Esz8 1704 1704
Ewp6 1706 1706
Vhu3 1707 1707
Glh2 1710 1710
Rey6 1713 1713
Qza9 1715 1715
Kvb4 1716 1716
Zod6 1718 1718
Y_s8 1722 1722
Kw_1 1724 1724
Fxc1 1727 1727
Fup6 1729 1729
Jfk4 1731 1731
Iij6 1732 1732
Wxj8 1733 1733
Ygn7 1737 1737
Wn_2 1740 1740
Req5 1742 1742
J_t3 1745 1745
Ylf5 1748 1748
D_w4-Usx8
Njk3-J_t3
Aog2-F__7
Cnd4-Ygn7
Gpv3-Wxj8
Htw6-Iij6
Khe3-Fup6
Nu_8-Fxc1
Jys8-Eo_7
Wx_4-Xrn3
Dfs1-Y_s8
Wdv8-Ton8
Idb1-Kvb4
Mym6-Rey6
Gzm4-Glh2
Oqk6-Ffv6
Dfs1-Ewp6
Qo_8-Dvv8
Ob_8-Kup4
Edi6-Prm4
Rxb4-Xdp5
Htw6-Cnc2
Jhc7-Zhq7
Hcb5-Hac4
Bd_6-Sew9
Fzo0-R_q5
Nqx5-Ztr0
Mym6-Erq8
Jnk0-Yeh3
Ssq5-Vt_2
Pfj7-Vir0
Ihk6-Vui2
Hgk5-Srl7
Njk3-Iws8
Jht8-Xlf8
J_i8-Ngi5
Yzw4-Zfz2
Fzo0-Xui3
Gup6-Dts6
Cyt5-Vms0
Ul_0-Fkz5
Yeu2-Gvd4
Nwl0-Ubh2
Tug1-Aey3
G_i3-Gpu3
W_l5-Azv9
W_l5-Zef2
Zas6-Nb_4
Iyy3-Uvn2
Rm_9-Khe3
W_l5-Szd6
Imc8-Xxg3
Eou3-Gne0
Iph0-C_v6
Zq_5-Dsm3
Bmi8-Wky2
Bms4-Qpb8
Rzp2-Mzj4
Wme9-Wc_8
Ive3-Caf6
Mym6-Rhx8
T_m3-Peb2
Abq3-Wgt6
Btw9-Mz_7
Smj4-Khr6
Icw9-Ogm1
H_n4-Dey0
Q_s0-H_g2
X_a6-Pwv8
Qvq7-Qmf8
Edi6-Fcg3
Mxj9-Edi6
Rm_9-Mxj9
Nop6-Hcn3
Osj1-Nop6
Fmi8-Osj1
Xma9-Ysm4
Wfu1-Dda7
Gfe2-Nti1
Esk1-Gfe2
Fh_4-Mlq6
Zgs9-Fh_4
Oya4-Zgs9
Rzc7-Oya4
Nwv3-Ezp9
Hkm3-T_w7
Zsh7-Hkm3
Ber8-Jht8
Mn_8-Aax9
Psh7-Xiy6
Otx5-Psh7
Wfy9-Otx5
Khx7-Wfy9
Tjh2-Da_5
Dkg3-Tjh2
H_n4-Cjo8
Gk_8-H_n4
X_p6-Gk_8
Eko8-Hqb7
Tci0-D_v4
Gbc4-Tci0
Wnq5-Gbc4
Mdw2-Ixc1
Uvp0-Mxk5
Qfx9-Uvp0
Rwr0-Wlb6
Jhv7-Rwr0
Uhs9-Ng_4
Tmc8-Uhs9
Yqf6-T_w7
Xda7-Yqf6
To_7-Xda7
Ihk6-Mym6
Jh_9-Ucp7
Pec5-Jh_9
Huy4-Pec5
Ayo3-Orj7
Qoe7-Yco6
Zfl8-Qoe7
Yeu2-Iyy3
Ieu8-Yeu2
Qdt8-Ieu8
Faj6-Hoc4
U_j4-Faj6
Qpv9-U_j4
Yzw4-Fbc5
Iwa5-Ahl8
Kwl2-Iwa5
Nlh0-Kwl2
Dlh2-Nlh0
Vny7-Dlh2
Ry_7-Vny7
Tmc8-Rea7
Bzp7-Pry7
Qqh9-Bzp7
Tug1-Qqh9
Htq6-Obs3
Swr2-Dmm7
Nyc7-Hia8
Hwi2-Qlj0
Unb3-Hwi2
Gpv3-Unb3
Aau1-Gpv3
Pza4-Aau1
Nld8-Rvf9
Vbw9-Jys8
Emp2-Noj9
Qcj4-Emp2
Ul_0-Qcj4
Whq5-Ul_0
Oxe1-Whq5
Bzv3-Pii5
Fds6-Bzv3
Gkc4-Fds6
Vvh0-Gkc4
Djf8-Spz1
Swv3-Ze_4
Ewy7-Swv3
Tmc8-Gup6
Omy7-Ku_4
T_d0-Qhe5
Aql9-Pbv9
Aev6-Due3
K_x1-Aev6
C_i0-Blh0
Tmc8-C_i0
Zbo8-T_w7
Yqn8-Zbo8
Ct_7-Kqv2
Yhf3-Ct_7
Sas5-Yhf3
Mxw3-D_w4
Hpo4-Mxw3
Icw9-Jvx5
Asq2-Icw9
E_p1-Asq2
Rvu9-E_p1
Bms4-Hgk5
Ssq5-Kws9
Tmc8-Ssq5
Esh6-Xbp9
Yhn0-Esh6
Cvb7-Yhn0
Geu3-Cvb7
Mie1-Ngd2
Jsl7-Flr9
Cpz0-Ogy2
Qvq7-Jcw4
Hcb5-Cin5
Grk1-Hcb5
Df_8-Grk1
Aog2-Df_8
H_u8-Wdv8
Vdh5-H_u8
X_a6-Vdh5
Vyr7-X_a6
Bgr8-Vyr7
Ftg1-T_w7
Qau5-T__0
W_u9-Qau5
Koq9-W_u9
Hxe3-Koq9
Yyh1-Ryx7
Ynp3-Fjr8
O_n9-Iue7
Chb2-O_n9
Gwz9-Chb2
J_i8-Aho4
Miv9-J_i8
Djh3-Jpy6
Hyy6-Djh3
Tmc8-Xin1
Bo_3-A_l5
Rhl9-Bo_3
Kpk1-Rhl9
Rkl8-Kpk1
Uou5-Rkl8
Ayd4-Btw9
Smj4-Hvy1
Mfd0-Smj4
Uzp5-Mfd0
Bpb8-Zvb2
Tug3-Bpb8
Ibd6-Tug3
Rlh9-Ibd6
Ive3-Rre4
Rvf0-Ive3
Dnn0-Rvf0
Ddx4-Twd5
Abq3-Ddx4
Kcw0-Qo_8
J_l0-Alx3
K__0-J_l0
Ei_0-Vmc0
Nri1-Nnw5
Ufj7-Nri1
S_l7-Cnd4
Ers9-Q_g4
Tob6-T_w7
Rxb4-Twz7
Xpx1-Rxb4
C_y1-Xpx1
Kva2-C_y1
Znd8-Ovv1
Cdz4-Znd8
Zvq3-Bmi8
Bsf4-Wns4
Tdw8-Cyt5
Tjv6-Uaw1
Mpf8-Tjv6
Ipx0-Htw6
Y_a7-Ipx0
Biv0-Zpu3
Hus5-Biv0
Xee9-Idb1
T_m3-T_w7
Tkv0-T_m3
Rzp2-Imc8
Pmu5-Rzp2
Bd_6-Pmu5
Pqc5-Pzl2
Bfi4-Pqc5
Qwy0-Qlg1
Svo8-Jhe7
Fcm1-Svo8
Vyy1-T_w7
Dmi8-Ndo9
Mxx0-Dmi8
Ano4-Mxx0
Njl5-No_3
Nyq0-Njl5
Ig_0-W_l5
Xnb0-Njd8
Dll1-Xnb0
Dkj4-Vqz3
Wzz5-Dkj4
Pfq8-Esg6
Mgd0-Pfq8
Swz9-Mgd0
Uxc0-Ghl8
Mi_7-Air1
Axo6-Mi_7
Tmc8-Vdu5
Vdu5-Axo6
Air1-Uxc0
Ghl8-Swz9
Esg6-Wzz5
Vqz3-Usu3
Usu3-Bzm4
Bzm4-Jel3
Jel3-Iok7
Iok7-Bez7
Bez7-T_w7
Tmc8-Dll1
Njd8-Q_s0
Q_s0-Ig_0
W_l5-Nyq0
No_3-Ano4
Ndo9-Ihf3
Ihf3-Ob_8
Ob_8-Zqt2
Zqt2-Vyy1
Tmc8-Nqx5
Nqx5-Fcm1
Jhe7-Ure0
Ure0-Zas6
Zas6-Qwy0
Qlg1-Bfi4
Pzl2-Bd_6
Imc8-Zfb3
Zfb3-Nvm4
Nvm4-Tkv0
Tmc8-Zq_5
Zq_5-Nel4
Nel4-Xee9
Idb1-Msj4
Msj4-Wqc1
Wqc1-Hus5
Zpu3-Ja_0
Ja_0-Sc_3
Sc_3-Y_a7
Htw6-Vvt0
Vvt0-Mpf8
Uaw1-Jid8
Jid8-Tdw8
Cyt5-T_w7
Tmc8-Wlc4
Wlc4-Bsf4
Wns4-Rpw2
Rpw2-Zvq3
Bmi8-Cdz4
Ovv1-Vwk8
Vwk8-Xbm6
Xbm6-Abl7
Abl7-Kva2
Twz7-Kig2
Kig2-Tob6
Tmc8-Dfs1
Dfs1-Ydf4
Ydf4-Gps1
Gps1-Arm6
Arm6-T_n7
T_n7-Ah_9
Ah_9-Ers9
Q_g4-X_e6
X_e6-Ezw6
Ezw6-Sem8
Sem8-S_l7
Cnd4-Ufj7
Nnw5-T_w7
Tmc8-Ei_0
Vmc0-Gad1
Gad1-K__0
Alx3-Vpd2
Vpd2-Kcw0
Qo_8-Abq3
Twd5-Izw1
Izw1-Dnn0
Rre4-T_w7
Tmc8-Ab_5
Ab_5-Gjy8
Gjy8-Rlh9
Zvb2-Qdq4
Qdq4-G_i3
G_i3-Uzp5
Hvy1-Kjc9
Kjc9-Fae8
Fae8-Ayd4
Btw9-Uou5
A_l5-T_w7
Xin1-Hyy6
Jpy6-Miv9
Aho4-Uza4
Uza4-Gwz9
Iue7-Dfm0
Dfm0-Ynp3
Fjr8-Yyh1
Ryx7-Hxe3
T__0-Ftg1
Tmc8-Vff1
Vff1-Ypi7
Ypi7-Byn0
Byn0-Bgr8
Wdv8-Oqk6
Oqk6-Iyy8
Iyy8-Efn9
Efn9-Btw2
Btw2-Z_d7
Z_d7-Aog2
Cin5-T_w7
Tmc8-Qvq7
Jcw4-Jgz1
Jgz1-Cpz0
Ogy2-Ovs3
Ovs3-Jsl7
Flr9-Mie1
Ngd2-Eou3
Eou3-Geu3
Xbp9-T_w7
Kws9-Bms4
Hgk5-S_k7
S_k7-Rvu9
Jvx5-Hpo4
D_w4-Sas5
Kqv2-Hfi8
Hfi8-Yqn8
Blh0-Jl_7
Jl_7-Gpw8
Gpw8-K_x1
Due3-Aql9
Pbv9-Fdh3
Fdh3-T_d0
Qhe5-Qsa4
Qsa4-Omy7
Ku_4-T_w7
Gup6-Ewy7
Ze_4-Djf8
Spz1-Ctn3
Ctn3-Vvh0
Pii5-Mbg5
Mbg5-Oxe1
Noj9-If_9
If_9-Qev8
Qev8-Txv1
Txv1-Pfh2
Pfh2-Mcp6
Mcp6-Vbw9
Jys8-Nld8
Rvf9-Rbo3
Rbo3-Pza4
Qlj0-Nyc7
Hia8-Epq4
Epq4-Swr2
Dmm7-Htq6
Obs3-Qma1
Qma1-Oee8
Oee8-Mae4
Mae4-Gwh3
Gwh3-Tgw8
Tgw8-Tug1
Pry7-T_w7
Rea7-Wme9
Wme9-Ry_7
Ahl8-Yzw4
Fbc5-E_p0
E_p0-Qpv9
Hoc4-Qdt8
Iyy3-Zfl8
Yco6-Cf_0
Cf_0-Ayo3
Orj7-Hbf9
Hbf9-Huy4
Ucp7-Ihk6
Mym6-Nly4
Nly4-Qru1
Qru1-Sia2
Sia2-Hx_7
Hx_7-To_7
Ng_4-Gvc9
Gvc9-Ict5
Ict5-Jhv7
Wlb6-Qfx9
Mxk5-Mdw2
Ixc1-Wnq5
D_v4-Q_h0
Q_h0-Eko8
Hqb7-X_p6
Cjo8-Dkg3
Da_5-Hez1
Hez1-Khx7
Xiy6-Mn_8
Aax9-Jhc7
Jhc7-Ber8
Jht8-Zsh7
Tmc8-Isz3
Isz3-Bev7
Bev7-Dyk8
Dyk8-Fzo0
Fzo0-Nwv3
Ezp9-Jhd0
Jhd0-Omf9
Omf9-Rzc7
Mlq6-Esk1
Nti1-Jag6
Jag6-Mwk2
Mwk2-Fkn4
Fkn4-Eih3
Eih3-Wfu1
Dda7-Rgk7
Rgk7-T_n2
T_n2-Xma9
Ysm4-Xif7
Xif7-Fmi8
Hcn3-Rm_9
Fcg3-T_w7
Rlh9-Zvz2
Bzp7-Wyp8
Ei_0-Wx_4
Cdz4-Nu_8
Nvm4-Ues0
Qwy0-Uvh9
Wdv8-Bbj0
Mxw3-Ksd0
Fdh3-Ukf5
Jh_9-Pfj7
Osj1-Mdu8
Htw6-Fq_8
Ctn3-Iph0
Wgt6-Owi6
Miv9-Z_b8
Mae4-Gzm4
Esh6-Jsp6
Orj7-Jnk0
Tkv0-Bj_7
Rm_9-Yms3
Dnn0-F_k5
Yqf6-Pbo0
Rhx8-Hma1
Bfi4-W_w8
Kpk1-Sag6
Iph0-F_c3
Oqk6-Cah3
Rvf9-Nxw0
Jcw4-C__2
Qru1-Nwl0
Abl7-Ahb4
Aho4-I_n8
Ku_4-Fao7
Htq6-Sdp1
Ues0-Cn_4
Rvu9-Slh4
Dyk8-Tit0
Mn_8-I_p0
Hus5-Xlu3
Fh_4-Njk3
Whq5-Kjx5
G_i3-Ae_3
Tdw8-V_x3
Dfs1-Rzj3
Ovv1-Npk9
Mfd0-Bjs0
Fmi8-Fvr1
Htq6-Iv_4
Szd6-Ke_7
Gpw8-Ywf0
Yqf6-Erm9
Xee9-Z_f2
Ke_7-Ynj6
Qma1-Gih4
Aau1-Uly4
Dts6-Vm_1
Qev8-Giv3
Ab_5-Sp_3
Pfj7-Xun1
Rkl8-Ren9
Idb1-Q_x1
Srl7-Isp3
Ryx7-Esz8
Nly4-He_1
Ogy2-Vhu3
Cf_0-Qza9
Rre4-Zod6
Cyt5-Kw_1
Uou5-Wqs3
Vff1-Jfk4
Dts6-Wn_2
Pbv9-Uwi1
Wxj8-Izu8
Ren9-Req5
Dts6-Jsm0
Grk1-Dg_4
Vny7-Ylf5
#Here is the number of lines required: 31

L1-Zq_5 L2-Ssq5 L3-Wlc4 L4-Nqx5 L5-Vff1 L6-Vdu5 L7-Ei_0 L8-Dll1 L9-Qvq7 L10-Dfs1 L11-C_i0
L1-Nel4 L12-Zq_5 L2-Kws9 L13-Ssq5 L3-Bsf4 L14-Wlc4 L4-Fcm1 L15-Nqx5 L5-Ypi7 L16-Vff1 L6-Axo6 L17-Vdu5 L7-Vmc0 L18-Ei_0 L8-Xnb0 L19-Dll1 L9-Jcw4 L20-Qvq7 L10-Ydf4 L21-Dfs1 L11-Blh0 L22-C_i0
L1-Xee9 L12-Nel4 L23-Zq_5 L2-Bms4 L13-Kws9 L24-Ssq5 L3-Wns4 L14-Bsf4 L25-Wlc4 L4-Svo8 L15-Fcm1 L26-Nqx5 L5-Byn0 L16-Ypi7 L27-Vff1 L6-Mi_7 L17-Axo6 L28-Vdu5 L7-Gad1 L18-Vmc0 L29-Ei_0 L8-Njd8 L19-Xnb0 L30-Dll1 L9-Jgz1 L20-Jcw4 L31-Qvq7 L10-Gps1 L21-Ydf4 L32-Dfs1 L11-Jl_7 L22-Blh0 L33-C_i0
L1-Idb1 L12-Xee9 L23-Nel4 L34-Zq_5 L2-Hgk5 L13-Bms4 L24-Kws9 L35-Ssq5 L3-Rpw2 L14-Wns4 L25-Bsf4 L36-Wlc4 L4-Jhe7 L15-Svo8 L26-Fcm1 L37-Nqx5 L5-Bgr8 L16-Byn0 L27-Ypi7 L38-Vff1 L6-Air1 L17-Mi_7 L28-Axo6 L39-Vdu5 L7-K__0 L18-Gad1 L29-Vmc0 L40-Ei_0 L8-Q_s0 L19-Njd8 L30-Xnb0 L41-Dll1 L9-Cpz0 L20-Jgz1 L31-Jcw4 L42-Qvq7 L10-Arm6 L21-Gps1 L32-Ydf4 L43-Dfs1 L11-Gpw8 L22-Jl_7 L33-Blh0 L44-C_i0
L1-Msj4 L12-Idb1 L23-Xee9 L34-Nel4 L45-Zq_5 L2-S_k7 L13-Hgk5 L24-Bms4 L35-Kws9 L46-Ssq5 L3-Zvq3 L14-Rpw2 L25-Wns4 L36-Bsf4 L47-Wlc4 L4-Ure0 L15-Jhe7 L26-Svo8 L37-Fcm1 L48-Nqx5 L5-Vyr7 L16-Bgr8 L27-Byn0 L38-Ypi7 L49-Vff1 L6-Uxc0 L17-Air1 L28-Mi_7 L39-Axo6 L50-Vdu5 L7-J_l0 L18-K__0 L29-Gad1 L40-Vmc0 L51-Ei_0 L8-Ig_0 L19-Q_s0 L30-Njd8 L41-Xnb0 L52-Dll1 L9-Ogy2 L20-Cpz0 L31-Jgz1 L42-Jcw4 L53-Qvq7 L10-T_n7 L21-Arm6 L32-Gps1 L43-Ydf4 L54-Dfs1 L11-K_x1 L22-Gpw8 L33-Jl_7 L44-Blh0 L55-C_i0
L1-Wqc1 L12-Msj4 L23-Idb1 L34-Xee9 L45-Nel4 L56-Zq_5 L2-Rvu9 L13-S_k7 L24-Hgk5 L35-Bms4 L46-Kws9 L57-Ssq5 L3-Bmi8 L14-Zvq3 L25-Rpw2 L36-Wns4 L47-Bsf4 L58-Wlc4 L4-Zas6 L15-Ure0 L26-Jhe7 L37-Svo8 L48-Fcm1 L59-Nqx5 L5-X_a6 L16-Vyr7 L27-Bgr8 L38-Byn0 L49-Ypi7 L60-Vff1 L6-Ghl8 L17-Uxc0 L28-Air1 L39-Mi_7 L50-Axo6 L61-Vdu5 L7-Alx3 L18-J_l0 L29-K__0 L40-Gad1 L51-Vmc0 L62-Ei_0 L8-W_l5 L19-Ig_0 L30-Q_s0 L41-Njd8 L52-Xnb0 L63-Dll1 L9-Ovs3 L20-Ogy2 L31-Cpz0 L42-Jgz1 L53-Jcw4 L64-Qvq7 L10-Ah_9 L21-T_n7 L32-Arm6 L43-Gps1 L54-Ydf4 L65-Dfs1 L11-Aev6 L22-K_x1 L33-Gpw8 L44-Jl_7 L55-Blh0 L66-C_i0
L1-Hus5 L12-Wqc1 L23-Msj4 L34-Idb1 L45-Xee9 L56-Nel4 L67-Zq_5 L2-E_p1 L13-Rvu9 L24-S_k7 L35-Hgk5 L46-Bms4 L57-Kws9 L68-Ssq5 L3-Cdz4 L14-Bmi8 L25-Zvq3 L36-Rpw2 L47-Wns4 L58-Bsf4 L69-Wlc4 L4-Qwy0 L15-Zas6 L26-Ure0 L37-Jhe7 L48-Svo8 L59-Fcm1 L70-Nqx5 L5-Vdh5 L16-X_a6 L27-Vyr7 L38-Bgr8 L49-Byn0 L60-Ypi7 L71-Vff1 L6-Swz9 L17-Ghl8 L28-Uxc0 L39-Air1 L50-Mi_7 L61-Axo6 L72-Vdu5 L7-Vpd2 L18-Alx3 L29-J_l0 L40-K__0 L51-Gad1 L62-Vmc0 L73-Ei_0 L8-Nyq0 L19-W_l5 L30-Ig_0 L41-Q_s0 L52-Njd8 L63-Xnb0 L74-Dll1 L9-Jsl7 L20-Ovs3 L31-Ogy2 L42-Cpz0 L53-Jgz1 L64-Jcw4 L75-Qvq7 L10-Ers9 L21-Ah_9 L32-T_n7 L43-Arm6 L54-Gps1 L65-Ydf4 L76-Dfs1 L11-Due3 L22-Aev6 L33-K_x1 L44-Gpw8 L55-Jl_7 L66-Blh0 L77-C_i0
L1-Biv0 L12-Hus5 L23-Wqc1 L34-Msj4 L45-Idb1 L56-Xee9 L67-Nel4 L78-Zq_5 L2-Asq2 L13-E_p1 L24-Rvu9 L35-S_k7 L46-Hgk5 L57-Bms4 L68-Kws9 L79-Ssq5 L3-Znd8 L14-Cdz4 L25-Bmi8 L36-Zvq3 L47-Rpw2 L58-Wns4 L69-Bsf4 L80-Wlc4 L4-Qlg1 L15-Qwy0 L26-Zas6 L37-Ure0 L48-Jhe7 L59-Svo8 L70-Fcm1 L81-Nqx5 L5-H_u8 L16-Vdh5 L27-X_a6 L38-Vyr7 L49-Bgr8 L60-Byn0 L71-Ypi7 L82-Vff1 L6-Mgd0 L17-Swz9 L28-Ghl8 L39-Uxc0 L50-Air1 L61-Mi_7 L72-Axo6 L83-Vdu5 L7-Kcw0 L18-Vpd2 L29-Alx3 L40-J_l0 L51-K__0 L62-Gad1 L73-Vmc0 L84-Ei_0 L8-Njl5 L19-Nyq0 L30-W_l5 L41-Ig_0 L52-Q_s0 L63-Njd8 L74-Xnb0 L85-Dll1 L9-Flr9 L20-Jsl7 L31-Ovs3 L42-Ogy2 L53-Cpz0 L64-Jgz1 L75-Jcw4 L86-Qvq7 L10-Q_g4 L21-Ers9 L32-Ah_9 L43-T_n7 L54-Arm6 L65-Gps1 L76-Ydf4 L87-Dfs1 L11-Aql9 L22-Due3 L33-Aev6 L44-K_x1 L55-Gpw8 L66-Jl_7 L77-Blh0 L88-C_i0
L1-Zpu3 L12-Biv0 L23-Hus5 L34-Wqc1 L45-Msj4 L56-Idb1 L67-Xee9 L78-Nel4 L89-Zq_5 L2-Icw9 L13-Asq2 L24-E_p1 L35-Rvu9 L46-S_k7 L57-Hgk5 L68-Bms4 L79-Kws9 L90-Ssq5 L3-Ovv1 L14-Znd8 L25-Cdz4 L36-Bmi8 L47-Zvq3 L58-Rpw2 L69-Wns4 L80-Bsf4 L91-Wlc4 L4-Bfi4 L15-Qlg1 L26-Qwy0 L37-Zas6 L48-Ure0 L59-Jhe7 L70-Svo8 L81-Fcm1 L92-Nqx5 L5-Wdv8 L16-H_u8 L27-Vdh5 L38-X_a6 L49-Vyr7 L60-Bgr8 L71-Byn0 L82-Ypi7 L93-Vff1 L6-Pfq8 L17-Mgd0 L28-Swz9 L39-Ghl8 L50-Uxc0 L61-Air1 L72-Mi_7 L83-Axo6 L94-Vdu5 L7-Qo_8 L18-Kcw0 L29-Vpd2 L40-Alx3 L51-J_l0 L62-K__0 L73-Gad1 L84-Vmc0 L95-Ei_0 L8-No_3 L19-Njl5 L30-Nyq0 L41-W_l5 L52-Ig_0 L63-Q_s0 L74-Njd8 L85-Xnb0 L96-Dll1 L9-Mie1 L20-Flr9 L31-Jsl7 L42-Ovs3 L53-Ogy2 L64-Cpz0 L75-Jgz1 L86-Jcw4 L97-Qvq7 L10-X_e6 L21-Q_g4 L32-Ers9 L43-Ah_9 L54-T_n7 L65-Arm6 L76-Gps1 L87-Ydf4 L98-Dfs1 L11-Pbv9 L22-Aql9 L33-Due3 L44-Aev6 L55-K_x1 L66-Gpw8 L77-Jl_7 L88-Blh0 L99-C_i0
L1-Ja_0 L12-Zpu3 L23-Biv0 L34-Hus5 L45-Wqc1 L56-Msj4 L67-Idb1 L78-Xee9 L89-Nel4 L100-Zq_5 L2-Jvx5 L13-Icw9 L24-Asq2 L35-E_p1 L46-Rvu9 L57-S_k7 L68-Hgk5 L79-Bms4 L90-Kws9 L101-Ssq5 L3-Vwk8 L14-Ovv1 L25-Znd8 L36-Cdz4 L47-Bmi8 L58-Zvq3 L69-Rpw2 L80-Wns4 L91-Bsf4 L102-Wlc4 L4-Pqc5 L15-Bfi4 L26-Qlg1 L37-Qwy0 L48-Zas6 L59-Ure0 L70-Jhe7 L81-Svo8 L92-Fcm1 L103-Nqx5 L5-Oqk6 L16-Wdv8 L27-H_u8 L38-Vdh5 L49-X_a6 L60-Vyr7 L71-Bgr8 L82-Byn0 L93-Ypi7 L104-Vff1 L6-Esg6 L17-Pfq8 L28-Mgd0 L39-Swz9 L50-Ghl8 L61-Uxc0 L72-Air1 L83-Mi_7 L94-Axo6 L105-Vdu5 L7-Abq3 L18-Qo_8 L29-Kcw0 L40-Vpd2 L51-Alx3 L62-J_l0 L73-K__0 L84-Gad1 L95-Vmc0 L106-Ei_0 L8-Ano4 L19-No_3 L30-Njl5 L41-Nyq0 L52-W_l5 L63-Ig_0 L74-Q_s0 L85-Njd8 L96-Xnb0 L107-Dll1 L9-Ngd2 L20-Mie1 L31-Flr9 L42-Jsl7 L53-Ovs3 L64-Ogy2 L75-Cpz0 L86-Jgz1 L97-Jcw4 L108-Qvq7 L10-Ezw6 L21-X_e6 L32-Q_g4 L43-Ers9 L54-Ah_9 L65-T_n7 L76-Arm6 L87-Gps1 L98-Ydf4 L109-Dfs1 L11-Fdh3 L22-Pbv9 L33-Aql9 L44-Due3 L55-Aev6 L66-K_x1 L77-Gpw8 L88-Jl_7 L99-Blh0 L110-C_i0
L1-Sc_3 L12-Ja_0 L23-Zpu3 L34-Biv0 L45-Hus5 L56-Wqc1 L67-Msj4 L78-Idb1 L89-Xee9 L100-Nel4 L111-Zq_5 L2-Hpo4 L13-Jvx5 L24-Icw9 L35-Asq2 L46-E_p1 L57-Rvu9 L68-S_k7 L79-Hgk5 L90-Bms4 L101-Kws9 L112-Ssq5 L3-Xbm6 L14-Vwk8 L25-Ovv1 L36-Znd8 L47-Cdz4 L58-Bmi8 L69-Zvq3 L80-Rpw2 L91-Wns4 L102-Bsf4 L113-Wlc4 L4-Pzl2 L15-Pqc5 L26-Bfi4 L37-Qlg1 L48-Qwy0 L59-Zas6 L70-Ure0 L81-Jhe7 L92-Svo8 L103-Fcm1 L114-Nqx5 L5-Iyy8 L16-Oqk6 L27-Wdv8 L38-H_u8 L49-Vdh5 L60-X_a6 L71-Vyr7 L82-Bgr8 L93-Byn0 L104-Ypi7 L115-Vff1 L6-Wzz5 L17-Esg6 L28-Pfq8 L39-Mgd0 L50-Swz9 L61-Ghl8 L72-Uxc0 L83-Air1 L94-Mi_7 L105-Axo6 L116-Vdu5 L7-Ddx4 L18-Abq3 L29-Qo_8 L40-Kcw0 L51-Vpd2 L62-Alx3 L73-J_l0 L84-K__0 L95-Gad1 L106-Vmc0 L117-Ei_0 L8-Mxx0 L19-Ano4 L30-No_3 L41-Njl5 L52-Nyq0 L63-W_l5 L74-Ig_0 L85-Q_s0 L96-Njd8 L107-Xnb0 L118-Dll1 L9-Eou3 L20-Ngd2 L31-Mie1 L42-Flr9 L53-Jsl7 L64-Ovs3 L75-Ogy2 L86-Cpz0 L97-Jgz1 L108-Jcw4 L119-Qvq7 L10-Sem8 L21-Ezw6 L32-X_e6 L43-Q_g4 L54-Ers9 L65-Ah_9 L76-T_n7 L87-Arm6 L98-Gps1 L109-Ydf4 L120-Dfs1 L11-T_d0 L22-Fdh3 L33-Pbv9 L44-Aql9 L55-Due3 L66-Aev6 L77-K_x1 L88-Gpw8 L99-Jl_7 L110-Blh0 L121-C_i0
L1-Y_a7 L12-Sc_3 L23-Ja_0 L34-Zpu3 L45-Biv0 L56-Hus5 L67-Wqc1 L78-Msj4 L89-Idb1 L100-Xee9 L111-Nel4 L122-Zq_5 L2-Mxw3 L13-Hpo4 L24-Jvx5 L35-Icw9 L46-Asq2 L57-E_p1 L68-Rvu9 L79-S_k7 L90-Hgk5 L101-Bms4 L112-Kws9 L123-Ssq5 L3-Abl7 L14-Xbm6 L25-Vwk8 L36-Ovv1 L47-Znd8 L58-Cdz4 L69-Bmi8 L80-Zvq3 L91-Rpw2 L102-Wns4 L113-Bsf4 L124-Wlc4 L4-Bd_6 L15-Pzl2 L26-Pqc5 L37-Bfi4 L48-Qlg1 L59-Qwy0 L70-Zas6 L81-Ure0 L92-Jhe7 L103-Svo8 L114-Fcm1 L125-Nqx5 L5-Efn9 L16-Iyy8 L27-Oqk6 L38-Wdv8 L49-H_u8 L60-Vdh5 L71-X_a6 L82-Vyr7 L93-Bgr8 L104-Byn0 L115-Ypi7 L126-Vff1 L6-Dkj4 L17-Wzz5 L28-Esg6 L39-Pfq8 L50-Mgd0 L61-Swz9 L72-Ghl8 L83-Uxc0 L94-Air1 L105-Mi_7 L116-Axo6 L127-Vdu5 L7-Twd5 L18-Ddx4 L29-Abq3 L40-Qo_8 L51-Kcw0 L62-Vpd2 L73-Alx3 L84-J_l0 L95-K__0 L106-Gad1 L117-Vmc0 L128-Ei_0 L8-Dmi8 L19-Mxx0 L30-Ano4 L41-No_3 L52-Njl5 L63-Nyq0 L74-W_l5 L85-Ig_0 L96-Q_s0 L107-Njd8 L118-Xnb0 L129-Dll1 L9-Geu3 L20-Eou3 L31-Ngd2 L42-Mie1 L53-Flr9 L64-Jsl7 L75-Ovs3 L86-Ogy2 L97-Cpz0 L108-Jgz1 L119-Jcw4 L130-Qvq7 L10-S_l7 L21-Sem8 L32-Ezw6 L43-X_e6 L54-Q_g4 L65-Ers9 L76-Ah_9 L87-T_n7 L98-Arm6 L109-Gps1 L120-Ydf4 L131-Dfs1 L11-Qhe5 L22-T_d0 L33-Fdh3 L44-Pbv9 L55-Aql9 L66-Due3 L77-Aev6 L88-K_x1 L99-Gpw8 L110-Jl_7 L121-Blh0 L132-C_i0
L1-Ipx0 L12-Y_a7 L23-Sc_3 L34-Ja_0 L45-Zpu3 L56-Biv0 L67-Hus5 L78-Wqc1 L89-Msj4 L100-Idb1 L111-Xee9 L122-Nel4 L2-D_w4 L13-Mxw3 L24-Hpo4 L35-Jvx5 L46-Icw9 L57-Asq2 L68-E_p1 L79-Rvu9 L90-S_k7 L101-Hgk5 L112-Bms4 L123-Kws9 L3-Kva2 L14-Abl7 L25-Xbm6 L36-Vwk8 L47-Ovv1 L58-Znd8 L69-Cdz4 L80-Bmi8 L91-Zvq3 L102-Rpw2 L113-Wns4 L124-Bsf4 L133-Wlc4 L4-Pmu5 L15-Bd_6 L26-Pzl2 L37-Pqc5 L48-Bfi4 L59-Qlg1 L70-Qwy0 L81-Zas6 L92-Ure0 L103-Jhe7 L114-Svo8 L125-Fcm1 L134-Nqx5 L5-Btw2 L16-Efn9 L27-Iyy8 L38-Oqk6 L49-Wdv8 L60-H_u8 L71-Vdh5 L82-X_a6 L93-Vyr7 L104-Bgr8 L115-Byn0 L126-Ypi7 L135-Vff1 L6-Vqz3 L17-Dkj4 L28-Wzz5 L39-Esg6 L50-Pfq8 L61-Mgd0 L72-Swz9 L83-Ghl8 L94-Uxc0 L105-Air1 L116-Mi_7 L127-Axo6 L136-Vdu5 L7-Izw1 L18-Twd5 L29-Ddx4 L40-Abq3 L51-Qo_8 L62-Kcw0 L73-Vpd2 L84-Alx3 L95-J_l0 L106-K__0 L117-Gad1 L128-Vmc0 L137-Ei_0 L8-Ndo9 L19-Dmi8 L30-Mxx0 L41-Ano4 L52-No_3 L63-Njl5 L74-Nyq0 L85-W_l5 L96-Ig_0 L107-Q_s0 L118-Njd8 L129-Xnb0 L138-Dll1 L9-Cvb7 L20-Geu3 L31-Eou3 L42-Ngd2 L53-Mie1 L64-Flr9 L75-Jsl7 L86-Ovs3 L97-Ogy2 L108-Cpz0 L119-Jgz1 L130-Jcw4 L139-Qvq7 L10-Cnd4 L21-S_l7 L32-Sem8 L43-Ezw6 L54-X_e6 L65-Q_g4 L76-Ers9 L87-Ah_9 L98-T_n7 L109-Arm6 L120-Gps1 L131-Ydf4 L140-Dfs1 L11-Qsa4 L22-Qhe5 L33-T_d0 L44-Fdh3 L55-Pbv9 L66-Aql9 L77-Due3 L88-Aev6 L99-K_x1 L110-Gpw8 L121-Jl_7 L132-Blh0 L141-C_i0
L1-Htw6 L12-Ipx0 L23-Y_a7 L34-Sc_3 L45-Ja_0 L56-Zpu3 L67-Biv0 L78-Hus5 L89-Wqc1 L100-Msj4 L111-Idb1 L122-Xee9 L2-Sas5 L13-D_w4 L24-Mxw3 L35-Hpo4 L46-Jvx5 L57-Icw9 L68-Asq2 L79-E_p1 L90-Rvu9 L101-S_k7 L112-Hgk5 L123-Bms4 L3-C_y1 L14-Kva2 L25-Abl7 L36-Xbm6 L47-Vwk8 L58-Ovv1 L69-Znd8 L80-Cdz4 L91-Bmi8 L102-Zvq3 L113-Rpw2 L124-Wns4 L133-Bsf4 L4-Rzp2 L15-Pmu5 L26-Bd_6 L37-Pzl2 L48-Pqc5 L59-Bfi4 L70-Qlg1 L81-Qwy0 L92-Zas6 L103-Ure0 L114-Jhe7 L125-Svo8 L134-Fcm1 L5-Z_d7 L16-Btw2 L27-Efn9 L38-Iyy8 L49-Oqk6 L60-Wdv8 L71-H_u8 L82-Vdh5 L93-X_a6 L104-Vyr7 L115-Bgr8 L126-Byn0 L135-Ypi7 L6-Usu3 L17-Vqz3 L28-Dkj4 L39-Wzz5 L50-Esg6 L61-Pfq8 L72-Mgd0 L83-Swz9 L94-Ghl8 L105-Uxc0 L116-Air1 L127-Mi_7 L136-Axo6 L7-Dnn0 L18-Izw1 L29-Twd5 L40-Ddx4 L51-Abq3 L62-Qo_8 L73-Kcw0 L84-Vpd2 L95-Alx3 L106-J_l0 L117-K__0 L128-Gad1 L137-Vmc0 L8-Ihf3 L19-Ndo9 L30-Dmi8 L41-Mxx0 L52-Ano4 L63-No_3 L74-Njl5 L85-Nyq0 L96-W_l5 L107-Ig_0 L118-Q_s0 L129-Njd8 L138-Xnb0 L9-Yhn0 L20-Cvb7 L31-Geu3 L42-Eou3 L53-Ngd2 L64-Mie1 L75-Flr9 L86-Jsl7 L97-Ovs3 L108-Ogy2 L119-Cpz0 L130-Jgz1 L139-Jcw4 L10-Ufj7 L21-Cnd4 L32-S_l7 L43-Sem8 L54-Ezw6 L65-X_e6 L76-Q_g4 L87-Ers9 L98-Ah_9 L109-T_n7 L120-Arm6 L131-Gps1 L140-Ydf4 L11-Omy7 L22-Qsa4 L33-Qhe5 L44-T_d0 L55-Fdh3 L66-Pbv9 L77-Aql9 L88-Due3 L99-Aev6 L110-K_x1 L121-Gpw8 L132-Jl_7 L141-Blh0
L1-Vvt0 L12-Htw6 L23-Ipx0 L34-Y_a7 L45-Sc_3 L56-Ja_0 L67-Zpu3 L78-Biv0 L89-Hus5 L100-Wqc1 L111-Msj4 L122-Idb1 L2-Yhf3 L13-Sas5 L24-D_w4 L35-Mxw3 L46-Hpo4 L57-Jvx5 L68-Icw9 L79-Asq2 L90-E_p1 L101-Rvu9 L112-S_k7 L123-Hgk5 L3-Xpx1 L14-C_y1 L25-Kva2 L36-Abl7 L47-Xbm6 L58-Vwk8 L69-Ovv1 L80-Znd8 L91-Cdz4 L102-Bmi8 L113-Zvq3 L124-Rpw2 L133-Wns4 L4-Imc8 L15-Rzp2 L26-Pmu5 L37-Bd_6 L48-Pzl2 L59-Pqc5 L70-Bfi4 L81-Qlg1 L92-Qwy0 L103-Zas6 L114-Ure0 L125-Jhe7 L134-Svo8 L5-Aog2 L16-Z_d7 L27-Btw2 L38-Efn9 L49-Iyy8 L60-Oqk6 L71-Wdv8 L82-H_u8 L93-Vdh5 L104-X_a6 L115-Vyr7 L126-Bgr8 L135-Byn0 L6-Bzm4 L17-Usu3 L28-Vqz3 L39-Dkj4 L50-Wzz5 L61-Esg6 L72-Pfq8 L83-Mgd0 L94-Swz9 L105-Ghl8 L116-Uxc0 L127-Air1 L136-Mi_7 L7-Rvf0 L18-Dnn0 L29-Izw1 L40-Twd5 L51-Ddx4 L62-Abq3 L73-Qo_8 L84-Kcw0 L95-Vpd2 L106-Alx3 L117-J_l0 L128-K__0 L137-Gad1 L8-Ob_8 L19-Ihf3 L30-Ndo9 L41-Dmi8 L52-Mxx0 L63-Ano4 L74-No_3 L85-Njl5 L96-Nyq0 L107-W_l5 L118-Ig_0 L129-Q_s0 L138-Njd8 L9-Esh6 L20-Yhn0 L31-Cvb7 L42-Geu3 L53-Eou3 L64-Ngd2 L75-Mie1 L86-Flr9 L97-Jsl7 L108-Ovs3 L119-Ogy2 L130-Cpz0 L139-Jgz1 L10-Nri1 L21-Ufj7 L32-Cnd4 L43-S_l7 L54-Sem8 L65-Ezw6 L76-X_e6 L87-Q_g4 L98-Ers9 L109-Ah_9 L120-T_n7 L131-Arm6 L140-Gps1 L11-Ku_4 L22-Omy7 L33-Qsa4 L44-Qhe5 L55-T_d0 L66-Fdh3 L77-Pbv9 L88-Aql9 L99-Due3 L110-Aev6 L121-K_x1 L132-Gpw8 L141-Jl_7
L1-Mpf8 L12-Vvt0 L23-Htw6 L34-Ipx0 L45-Y_a7 L56-Sc_3 L67-Ja_0 L78-Zpu3 L89-Biv0 L100-Hus5 L111-Wqc1 L122-Msj4 L2-Ct_7 L13-Yhf3 L24-Sas5 L35-D_w4 L46-Mxw3 L57-Hpo4 L68-Jvx5 L79-Icw9 L90-Asq2 L101-E_p1 L112-Rvu9 L123-S_k7 L3-Rxb4 L14-Xpx1 L25-C_y1 L36-Kva2 L47-Abl7 L58-Xbm6 L69-Vwk8 L80-Ovv1 L91-Znd8 L102-Cdz4 L113-Bmi8 L124-Zvq3 L133-Rpw2 L4-Zfb3 L15-Imc8 L26-Rzp2 L37-Pmu5 L48-Bd_6 L59-Pzl2 L70-Pqc5 L81-Bfi4 L92-Qlg1 L103-Qwy0 L114-Zas6 L125-Ure0 L134-Jhe7 L5-Df_8 L16-Aog2 L27-Z_d7 L38-Btw2 L49-Efn9 L60-Iyy8 L71-Oqk6 L82-Wdv8 L93-H_u8 L104-Vdh5 L115-X_a6 L126-Vyr7 L135-Bgr8 L6-Jel3 L17-Bzm4 L28-Usu3 L39-Vqz3 L50-Dkj4 L61-Wzz5 L72-Esg6 L83-Pfq8 L94-Mgd0 L105-Swz9 L116-Ghl8 L127-Uxc0 L136-Air1 L7-Ive3 L18-Rvf0 L29-Dnn0 L40-Izw1 L51-Twd5 L62-Ddx4 L73-Abq3 L84-Qo_8 L95-Kcw0 L106-Vpd2 L117-Alx3 L128-J_l0 L137-K__0 L8-Zqt2 L19-Ob_8 L30-Ihf3 L41-Ndo9 L52-Dmi8 L63-Mxx0 L74-Ano4 L85-No_3 L96-Njl5 L107-Nyq0 L118-W_l5 L129-Ig_0 L138-Q_s0 L9-Xbp9 L20-Esh6 L31-Yhn0 L42-Cvb7 L53-Geu3 L64-Eou3 L75-Ngd2 L86-Mie1 L97-Flr9 L108-Jsl7 L119-Ovs3 L130-Ogy2 L139-Cpz0 L10-Nnw5 L21-Nri1 L32-Ufj7 L43-Cnd4 L54-S_l7 L65-Sem8 L76-Ezw6 L87-X_e6 L98-Q_g4 L109-Ers9 L120-Ah_9 L131-T_n7 L140-Arm6 L11-T_w7 L22-Ku_4 L33-Omy7 L44-Qsa4 L55-Qhe5 L66-T_d0 L77-Fdh3 L88-Pbv9 L99-Aql9 L110-Due3 L121-Aev6 L132-K_x1 L141-Gpw8
L1-Tjv6 L12-Mpf8 L23-Vvt0 L34-Htw6 L45-Ipx0 L56-Y_a7 L67-Sc_3 L78-Ja_0 L89-Zpu3 L100-Biv0 L111-Hus5 L122-Wqc1 L2-Kqv2 L13-Ct_7 L24-Yhf3 L35-Sas5 L46-D_w4 L57-Mxw3 L68-Hpo4 L79-Jvx5 L90-Icw9 L101-Asq2 L112-E_p1 L123-Rvu9 L3-Twz7 L14-Rxb4 L25-Xpx1 L36-C_y1 L47-Kva2 L58-Abl7 L69-Xbm6 L80-Vwk8 L91-Ovv1 L102-Znd8 L113-Cdz4 L124-Bmi8 L133-Zvq3 L4-Nvm4 L15-Zfb3 L26-Imc8 L37-Rzp2 L48-Pmu5 L59-Bd_6 L70-Pzl2 L81-Pqc5 L92-Bfi4 L103-Qlg1 L114-Qwy0 L125-Zas6 L134-Ure0 L5-Grk1 L16-Df_8 L27-Aog2 L38-Z_d7 L49-Btw2 L60-Efn9 L71-Iyy8 L82-Oqk6 L93-Wdv8 L104-H_u8 L115-Vdh5 L126-X_a6 L135-Vyr7 L6-Iok7 L17-Jel3 L28-Bzm4 L39-Usu3 L50-Vqz3 L61-Dkj4 L72-Wzz5 L83-Esg6 L94-Pfq8 L105-Mgd0 L116-Swz9 L127-Ghl8 L136-Uxc0 L7-Rre4 L18-Ive3 L29-Rvf0 L40-Dnn0 L51-Izw1 L62-Twd5 L73-Ddx4 L84-Abq3 L95-Qo_8 L106-Kcw0 L117-Vpd2 L128-Alx3 L137-J_l0 L8-Vyy1 L19-Zqt2 L30-Ob_8 L41-Ihf3 L52-Ndo9 L63-Dmi8 L74-Mxx0 L85-Ano4 L96-No_3 L107-Njl5 L118-Nyq0 L129-W_l5 L138-Ig_0 L9-T_w7 L20-Xbp9 L31-Esh6 L42-Yhn0 L53-Cvb7 L64-Geu3 L75-Eou3 L86-Ngd2 L97-Mie1 L108-Flr9 L119-Jsl7 L130-Ovs3 L139-Ogy2 L10-T_w7 L21-Nnw5 L32-Nri1 L43-Ufj7 L54-Cnd4 L65-S_l7 L76-Sem8 L87-Ezw6 L98-X_e6 L109-Q_g4 L120-Ers9 L131-Ah_9 L140-T_n7 L22-T_w7 L33-Ku_4 L44-Omy7 L55-Qsa4 L66-Qhe5 L77-T_d0 L88-Fdh3 L99-Pbv9 L110-Aql9 L121-Due3 L132-Aev6 L141-K_x1
L1-Uaw1 L12-Tjv6 L23-Mpf8 L34-Vvt0 L45-Htw6 L56-Ipx0 L67-Y_a7 L78-Sc_3 L89-Ja_0 L100-Zpu3 L111-Biv0 L122-Hus5 L2-Hfi8 L13-Kqv2 L24-Ct_7 L35-Yhf3 L46-Sas5 L57-D_w4 L68-Mxw3 L79-Hpo4 L90-Jvx5 L101-Icw9 L112-Asq2 L123-E_p1 L3-Kig2 L14-Twz7 L25-Rxb4 L36-Xpx1 L47-C_y1 L58-Kva2 L69-Abl7 L80-Xbm6 L91-Vwk8 L102-Ovv1 L113-Znd8 L124-Cdz4 L133-Bmi8 L4-Tkv0 L15-Nvm4 L26-Zfb3 L37-Imc8 L48-Rzp2 L59-Pmu5 L70-Bd_6 L81-Pzl2 L92-Pqc5 L103-Bfi4 L114-Qlg1 L125-Qwy0 L134-Zas6 L5-Hcb5 L16-Grk1 L27-Df_8 L38-Aog2 L49-Z_d7 L60-Btw2 L71-Efn9 L82-Iyy8 L93-Oqk6 L104-Wdv8 L115-H_u8 L126-Vdh5 L135-X_a6 L6-Bez7 L17-Iok7 L28-Jel3 L39-Bzm4 L50-Usu3 L61-Vqz3 L72-Dkj4 L83-Wzz5 L94-Esg6 L105-Pfq8 L116-Mgd0 L127-Swz9 L136-Ghl8 L7-T_w7 L18-Rre4 L29-Ive3 L40-Rvf0 L51-Dnn0 L62-Izw1 L73-Twd5 L84-Ddx4 L95-Abq3 L106-Qo_8 L117-Kcw0 L128-Vpd2 L137-Alx3 L8-T_w7 L19-Vyy1 L30-Zqt2 L41-Ob_8 L52-Ihf3 L63-Ndo9 L74-Dmi8 L85-Mxx0 L96-Ano4 L107-No_3 L118-Njl5 L129-Nyq0 L138-W_l5 L20-T_w7 L31-Xbp9 L42-Esh6 L53-Yhn0 L64-Cvb7 L75-Geu3 L86-Eou3 L97-Ngd2 L108-Mie1 L119-Flr9 L130-Jsl7 L139-Ovs3 L21-T_w7 L32-Nnw5 L43-Nri1 L54-Ufj7 L65-Cnd4 L76-S_l7 L87-Sem8 L98-Ezw6 L109-X_e6 L120-Q_g4 L131-Ers9 L140-Ah_9 L33-T_w7 L44-Ku_4 L55-Omy7 L66-Qsa4 L77-Qhe5 L88-T_d0 L99-Fdh3 L110-Pbv9 L121-Aql9 L132-Due3 L141-Aev6
L1-Jid8 L12-Uaw1 L23-Tjv6 L34-Mpf8 L45-Vvt0 L56-Htw6 L67-Ipx0 L78-Y_a7 L89-Sc_3 L100-Ja_0 L111-Zpu3 L122-Biv0 L2-Yqn8 L13-Hfi8 L24-Kqv2 L35-Ct_7 L46-Yhf3 L57-Sas5 L68-D_w4 L79-Mxw3 L90-Hpo4 L101-Jvx5 L112-Icw9 L123-Asq2 L3-Tob6 L14-Kig2 L25-Twz7 L36-Rxb4 L47-Xpx1 L58-C_y1 L69-Kva2 L80-Abl7 L91-Xbm6 L102-Vwk8 L113-Ovv1 L124-Znd8 L133-Cdz4 L4-T_m3 L15-Tkv0 L26-Nvm4 L37-Zfb3 L48-Imc8 L59-Rzp2 L70-Pmu5 L81-Bd_6 L92-Pzl2 L103-Pqc5 L114-Bfi4 L125-Qlg1 L134-Qwy0 L5-T_w7 L16-Hcb5 L27-Grk1 L38-Df_8 L49-Aog2 L60-Z_d7 L71-Btw2 L82-Efn9 L93-Iyy8 L104-Oqk6 L115-Wdv8 L126-H_u8 L135-Vdh5 L6-T_w7 L17-Bez7 L28-Iok7 L39-Jel3 L50-Bzm4 L61-Usu3 L72-Vqz3 L83-Dkj4 L94-Wzz5 L105-Esg6 L116-Pfq8 L127-Mgd0 L136-Swz9 L18-T_w7 L29-Rre4 L40-Ive3 L51-Rvf0 L62-Dnn0 L73-Izw1 L84-Twd5 L95-Ddx4 L106-Abq3 L117-Qo_8 L128-Kcw0 L137-Vpd2 L19-T_w7 L30-Vyy1 L41-Zqt2 L52-Ob_8 L63-Ihf3 L74-Ndo9 L85-Dmi8 L96-Mxx0 L107-Ano4 L118-No_3 L129-Njl5 L138-Nyq0 L31-T_w7 L42-Xbp9 L53-Esh6 L64-Yhn0 L75-Cvb7 L86-Geu3 L97-Eou3 L108-Ngd2 L119-Mie1 L130-Flr9 L139-Jsl7 L32-T_w7 L43-Nnw5 L54-Nri1 L65-Ufj7 L76-Cnd4 L87-S_l7 L98-Sem8 L109-Ezw6 L120-X_e6 L131-Q_g4 L140-Ers9 L44-T_w7 L55-Ku_4 L66-Omy7 L77-Qsa4 L88-Qhe5 L99-T_d0 L110-Fdh3 L121-Pbv9 L132-Aql9 L141-Due3
L1-Tdw8 L12-Jid8 L23-Uaw1 L34-Tjv6 L45-Mpf8 L56-Vvt0 L67-Htw6 L78-Ipx0 L89-Y_a7 L100-Sc_3 L111-Ja_0 L122-Zpu3 L2-Zbo8 L13-Yqn8 L24-Hfi8 L35-Kqv2 L46-Ct_7 L57-Yhf3 L68-Sas5 L79-D_w4 L90-Mxw3 L101-Hpo4 L112-Jvx5 L123-Icw9 L3-T_w7 L14-Tob6 L25-Kig2 L36-Twz7 L47-Rxb4 L58-Xpx1 L69-C_y1 L80-Kva2 L91-Abl7 L102-Xbm6 L113-Vwk8 L124-Ovv1 L133-Znd8 L4-T_w7 L15-T_m3 L26-Tkv0 L37-Nvm4 L48-Zfb3 L59-Imc8 L70-Rzp2 L81-Pmu5 L92-Bd_6 L103-Pzl2 L114-Pqc5 L125-Bfi4 L134-Qlg1 L16-T_w7 L27-Hcb5 L38-Grk1 L49-Df_8 L60-Aog2 L71-Z_d7 L82-Btw2 L93-Efn9 L104-Iyy8 L115-Oqk6 L126-Wdv8 L135-H_u8 L17-T_w7 L28-Bez7 L39-Iok7 L50-Jel3 L61-Bzm4 L72-Usu3 L83-Vqz3 L94-Dkj4 L105-Wzz5 L116-Esg6 L127-Pfq8 L136-Mgd0 L29-T_w7 L40-Rre4 L51-Ive3 L62-Rvf0 L73-Dnn0 L84-Izw1 L95-Twd5 L106-Ddx4 L117-Abq3 L128-Qo_8 L137-Kcw0 L30-T_w7 L41-Vyy1 L52-Zqt2 L63-Ob_8 L74-Ihf3 L85-Ndo9 L96-Dmi8 L107-Mxx0 L118-Ano4 L129-No_3 L138-Njl5 L42-T_w7 L53-Xbp9 L64-Esh6 L75-Yhn0 L86-Cvb7 L97-Geu3 L108-Eou3 L119-Ngd2 L130-Mie1 L139-Flr9 L43-T_w7 L54-Nnw5 L65-Nri1 L76-Ufj7 L87-Cnd4 L98-S_l7 L109-Sem8 L120-Ezw6 L131-X_e6 L140-Q_g4 L55-T_w7 L66-Ku_4 L77-Omy7 L88-Qsa4 L99-Qhe5 L110-T_d0 L121-Fdh3 L132-Pbv9 L141-Aql9
L1-Cyt5 L12-Tdw8 L23-Jid8 L34-Uaw1 L45-Tjv6 L56-Mpf8 L67-Vvt0 L78-Htw6 L89-Ipx0 L100-Y_a7 L111-Sc_3 L122-Ja_0 L2-T_w7 L13-Zbo8 L24-Yqn8 L35-Hfi8 L46-Kqv2 L57-Ct_7 L68-Yhf3 L79-Sas5 L90-D_w4 L101-Mxw3 L112-Hpo4 L123-Jvx5 L14-T_w7 L25-Tob6 L36-Kig2 L47-Twz7 L58-Rxb4 L69-Xpx1 L80-C_y1 L91-Kva2 L102-Abl7 L113-Xbm6 L124-Vwk8 L133-Ovv1 L15-T_w7 L26-T_m3 L37-Tkv0 L48-Nvm4 L59-Zfb3 L70-Imc8 L81-Rzp2 L92-Pmu5 L103-Bd_6 L114-Pzl2 L125-Pqc5 L134-Bfi4 L27-T_w7 L38-Hcb5 L49-Grk1 L60-Df_8 L71-Aog2 L82-Z_d7 L93-Btw2 L104-Efn9 L115-Iyy8 L126-Oqk6 L135-Wdv8 L28-T_w7 L39-Bez7 L50-Iok7 L61-Jel3 L72-Bzm4 L83-Usu3 L94-Vqz3 L105-Dkj4 L116-Wzz5 L127-Esg6 L136-Pfq8 L40-T_w7 L51-Rre4 L62-Ive3 L73-Rvf0 L84-Dnn0 L95-Izw1 L106-Twd5 L117-Ddx4 L128-Abq3 L137-Qo_8 L41-T_w7 L52-Vyy1 L63-Zqt2 L74-Ob_8 L85-Ihf3 L96-Ndo9 L107-Dmi8 L118-Mxx0 L129-Ano4 L138-No_3 L53-T_w7 L64-Xbp9 L75-Esh6 L86-Yhn0 L97-Cvb7 L108-Geu3 L119-Eou3 L130-Ngd2 L139-Mie1 L54-T_w7 L65-Nnw5 L76-Nri1 L87-Ufj7 L98-Cnd4 L109-S_l7 L120-Sem8 L131-Ezw6 L140-X_e6 L66-T_w7 L77-Ku_4 L88-Omy7 L99-Qsa4 L110-Qhe5 L121-T_d0 L132-Fdh3 L141-Pbv9
L1-T_w7 L12-Cyt5 L23-Tdw8 L34-Jid8 L45-Uaw1 L56-Tjv6 L67-Mpf8 L78-Vvt0 L89-Htw6 L100-Ipx0 L111-Y_a7 L122-Sc_3 L13-T_w7 L24-Zbo8 L35-Yqn8 L46-Hfi8 L57-Kqv2 L68-Ct_7 L79-Yhf3 L90-Sas5 L101-D_w4 L112-Mxw3 L123-Hpo4 L25-T_w7 L36-Tob6 L47-Kig2 L58-Twz7 L69-Rxb4 L80-Xpx1 L91-C_y1 L102-Kva2 L113-Abl7 L124-Xbm6 L133-Vwk8 L26-T_w7 L37-T_m3 L48-Tkv0 L59-Nvm4 L70-Zfb3 L81-Imc8 L92-Rzp2 L103-Pmu5 L114-Bd_6 L125-Pzl2 L134-Pqc5 L38-T_w7 L49-Hcb5 L60-Grk1 L71-Df_8 L82-Aog2 L93-Z_d7 L104-Btw2 L115-Efn9 L126-Iyy8 L135-Oqk6 L39-T_w7 L50-Bez7 L61-Iok7 L72-Jel3 L83-Bzm4 L94-Usu3 L105-Vqz3 L116-Dkj4 L127-Wzz5 L136-Esg6 L51-T_w7 L62-Rre4 L73-Ive3 L84-Rvf0 L95-Dnn0 L106-Izw1 L117-Twd5 L128-Ddx4 L137-Abq3 L52-T_w7 L63-Vyy1 L74-Zqt2 L85-Ob_8 L96-Ihf3 L107-Ndo9 L118-Dmi8 L129-Mxx0 L138-Ano4 L64-T_w7 L75-Xbp9 L86-Esh6 L97-Yhn0 L108-Cvb7 L119-Geu3 L130-Eou3 L139-Ngd2 L65-T_w7 L76-Nnw5 L87-Nri1 L98-Ufj7 L109-Cnd4 L120-S_l7 L131-Sem8 L140-Ezw6 L77-T_w7 L88-Ku_4 L99-Omy7 L110-Qsa4 L121-Qhe5 L132-T_d0 L141-Fdh3
L12-T_w7 L23-Cyt5 L34-Tdw8 L45-Jid8 L56-Uaw1 L67-Tjv6 L78-Mpf8 L89-Vvt0 L100-Htw6 L111-Ipx0 L122-Y_a7 L24-T_w7 L35-Zbo8 L46-Yqn8 L57-Hfi8 L68-Kqv2 L79-Ct_7 L90-Yhf3 L101-Sas5 L112-D_w4 L123-Mxw3 L36-T_w7 L47-Tob6 L58-Kig2 L69-Twz7 L80-Rxb4 L91-Xpx1 L102-C_y1 L113-Kva2 L124-Abl7 L133-Xbm6 L37-T_w7 L48-T_m3 L59-Tkv0 L70-Nvm4 L81-Zfb3 L92-Imc8 L103-Rzp2 L114-Pmu5 L125-Bd_6 L134-Pzl2 L49-T_w7 L60-Hcb5 L71-Grk1 L82-Df_8 L93-Aog2 L104-Z_d7 L115-Btw2 L126-Efn9 L135-Iyy8 L50-T_w7 L61-Bez7 L72-Iok7 L83-Jel3 L94-Bzm4 L105-Usu3 L116-Vqz3 L127-Dkj4 L136-Wzz5 L62-T_w7 L73-Rre4 L84-Ive3 L95-Rvf0 L106-Dnn0 L117-Izw1 L128-Twd5 L137-Ddx4 L63-T_w7 L74-Vyy1 L85-Zqt2 L96-Ob_8 L107-Ihf3 L118-Ndo9 L129-Dmi8 L138-Mxx0 L75-T_w7 L86-Xbp9 L97-Esh6 L108-Yhn0 L119-Cvb7 L130-Geu3 L139-Eou3 L76-T_w7 L87-Nnw5 L98-Nri1 L109-Ufj7 L120-Cnd4 L131-S_l7 L140-Sem8 L88-T_w7 L99-Ku_4 L110-Omy7 L121-Qsa4 L132-Qhe5 L141-T_d0
L23-T_w7 L34-Cyt5 L45-Tdw8 L56-Jid8 L67-Uaw1 L78-Tjv6 L89-Mpf8 L100-Vvt0 L111-Htw6 L122-Ipx0 L35-T_w7 L46-Zbo8 L57-Yqn8 L68-Hfi8 L79-Kqv2 L90-Ct_7 L101-Yhf3 L112-Sas5 L123-D_w4 L47-T_w7 L58-Tob6 L69-Kig2 L80-Twz7 L91-Rxb4 L102-Xpx1 L113-C_y1 L124-Kva2 L133-Abl7 L48-T_w7 L59-T_m3 L70-Tkv0 L81-Nvm4 L92-Zfb3 L103-Imc8 L114-Rzp2 L125-Pmu5 L134-Bd_6 L60-T_w7 L71-Hcb5 L82-Grk1 L93-Df_8 L104-Aog2 L115-Z_d7 L126-Btw2 L135-Efn9 L61-T_w7 L72-Bez7 L83-Iok7 L94-Jel3 L105-Bzm4 L116-Usu3 L127-Vqz3 L136-Dkj4 L73-T_w7 L84-Rre4 L95-Ive3 L106-Rvf0 L117-Dnn0 L128-Izw1 L137-Twd5 L74-T_w7 L85-Vyy1 L96-Zqt2 L107-Ob_8 L118-Ihf3 L129-Ndo9 L138-Dmi8 L86-T_w7 L97-Xbp9 L108-Esh6 L119-Yhn0 L130-Cvb7 L139-Geu3 L87-T_w7 L98-Nnw5 L109-Nri1 L120-Ufj7 L131-Cnd4 L140-S_l7 L99-T_w7 L110-Ku_4 L121-Omy7 L132-Qsa4 L141-Qhe5
L34-T_w7 L45-Cyt5 L56-Tdw8 L67-Jid8 L78-Uaw1 L89-Tjv6 L100-Mpf8 L111-Vvt0 L122-Htw6 L46-T_w7 L57-Zbo8 L68-Yqn8 L79-Hfi8 L90-Kqv2 L101-Ct_7 L112-Yhf3 L123-Sas5 L58-T_w7 L69-Tob6 L80-Kig2 L91-Twz7 L102-Rxb4 L113-Xpx1 L124-C_y1 L133-Kva2 L59-T_w7 L70-T_m3 L81-Tkv0 L92-Nvm4 L103-Zfb3 L114-Imc8 L125-Rzp2 L134-Pmu5 L71-T_w7 L82-Hcb5 L93-Grk1 L104-Df_8 L115-Aog2 L126-Z_d7 L135-Btw2 L72-T_w7 L83-Bez7 L94-Iok7 L105-Jel3 L116-Bzm4 L127-Usu3 L136-Vqz3 L84-T_w7 L95-Rre4 L106-Ive3 L117-Rvf0 L128-Dnn0 L137-Izw1 L85-T_w7 L96-Vyy1 L107-Zqt2 L118-Ob_8 L129-Ihf3 L138-Ndo9 L97-T_w7 L108-Xbp9 L119-Esh6 L130-Yhn0 L139-Cvb7 L98-T_w7 L109-Nnw5 L120-Nri1 L131-Ufj7 L140-Cnd4 L110-T_w7 L121-Ku_4 L132-Omy7 L141-Qsa4
L45-T_w7 L56-Cyt5 L67-Tdw8 L78-Jid8 L89-Uaw1 L100-Tjv6 L111-Mpf8 L122-Vvt0 L57-T_w7 L68-Zbo8 L79-Yqn8 L90-Hfi8 L101-Kqv2 L112-Ct_7 L123-Yhf3 L69-T_w7 L80-Tob6 L91-Kig2 L102-Twz7 L113-Rxb4 L124-Xpx1 L133-C_y1 L70-T_w7 L81-T_m3 L92-Tkv0 L103-Nvm4 L114-Zfb3 L125-Imc8 L134-Rzp2 L82-T_w7 L93-Hcb5 L104-Grk1 L115-Df_8 L126-Aog2 L135-Z_d7 L83-T_w7 L94-Bez7 L105-Iok7 L116-Jel3 L127-Bzm4 L136-Usu3 L95-T_w7 L106-Rre4 L117-Ive3 L128-Rvf0 L137-Dnn0 L96-T_w7 L107-Vyy1 L118-Zqt2 L129-Ob_8 L138-Ihf3 L108-T_w7 L119-Xbp9 L130-Esh6 L139-Yhn0 L109-T_w7 L120-Nnw5 L131-Nri1 L140-Ufj7 L121-T_w7 L132-Ku_4 L141-Omy7
L56-T_w7 L67-Cyt5 L78-Tdw8 L89-Jid8 L100-Uaw1 L111-Tjv6 L122-Mpf8 L68-T_w7 L79-Zbo8 L90-Yqn8 L101-Hfi8 L112-Kqv2 L123-Ct_7 L80-T_w7 L91-Tob6 L102-Kig2 L113-Twz7 L124-Rxb4 L133-Xpx1 L81-T_w7 L92-T_m3 L103-Tkv0 L114-Nvm4 L125-Zfb3 L134-Imc8 L93-T_w7 L104-Hcb5 L115-Grk1 L126-Df_8 L135-Aog2 L94-T_w7 L105-Bez7 L116-Iok7 L127-Jel3 L136-Bzm4 L106-T_w7 L117-Rre4 L128-Ive3 L137-Rvf0 L107-T_w7 L118-Vyy1 L129-Zqt2 L138-Ob_8 L119-T_w7 L130-Xbp9 L139-Esh6 L120-T_w7 L131-Nnw5 L140-Nri1 L132-T_w7 L141-Ku_4
L67-T_w7 L78-Cyt5 L89-Tdw8 L100-Jid8 L111-Uaw1 L122-Tjv6 L79-T_w7 L90-Zbo8 L101-Yqn8 L112-Hfi8 L123-Kqv2 L91-T_w7 L102-Tob6 L113-Kig2 L124-Twz7 L133-Rxb4 L92-T_w7 L103-T_m3 L114-Tkv0 L125-Nvm4 L134-Zfb3 L104-T_w7 L115-Hcb5 L126-Grk1 L135-Df_8 L105-T_w7 L116-Bez7 L127-Iok7 L136-Jel3 L117-T_w7 L128-Rre4 L137-Ive3 L118-T_w7 L129-Vyy1 L138-Zqt2 L130-T_w7 L139-Xbp9 L131-T_w7 L140-Nnw5 L141-T_w7
L78-T_w7 L89-Cyt5 L100-Tdw8 L111-Jid8 L122-Uaw1 L90-T_w7 L101-Zbo8 L112-Yqn8 L123-Hfi8 L102-T_w7 L113-Tob6 L124-Kig2 L133-Twz7 L103-T_w7 L114-T_m3 L125-Tkv0 L134-Nvm4 L115-T_w7 L126-Hcb5 L135-Grk1 L116-T_w7 L127-Bez7 L136-Iok7 L128-T_w7 L137-Rre4 L129-T_w7 L138-Vyy1 L139-T_w7 L140-T_w7
L89-T_w7 L100-Cyt5 L111-Tdw8 L122-Jid8 L101-T_w7 L112-Zbo8 L123-Yqn8 L113-T_w7 L124-Tob6 L133-Kig2 L114-T_w7 L125-T_m3 L134-Tkv0 L126-T_w7 L135-Hcb5 L127-T_w7 L136-Bez7 L137-T_w7 L138-T_w7
L100-T_w7 L111-Cyt5 L122-Tdw8 L112-T_w7 L123-Zbo8 L124-T_w7 L133-Tob6 L125-T_w7 L134-T_m3 L135-T_w7 L136-T_w7
L111-T_w7 L122-Cyt5 L123-T_w7 L133-T_w7 L134-T_w7
L122-T_w7
