134
#Here is the number of lines required: 36
##start
Sf_1 2 2
##end
Eri5 6 6
Aix5 11 11
Inb3 12 12
Esj0 14 14
Jo_7 19 19
Gah0 21 21
Her8 25 25
Mw_7 27 27
O_l4 28 28
Epi1 29 29
Hmx9 33 33
Yqu5 35 35
A_k1 38 38
Oar7 41 41
Qm_1 44 44
Zen0 48 48
Arz5 53 53
Ykn9 56 56
Xrp9 61 61
Woe9 63 63
Alg1 65 65
Zkc9 70 70
Cys1 74 74
Bca3 75 75
G_m4 79 79
Hid1 81 81
C_p5 86 86
Bth0 88 88
Z_d1 91 91
Xkl6 95 95
J_g9 100 100
Wnl9 103 103
Qhv2 107 107
End1 109 109
Idv3 112 112
Jij6 114 114
T_b1 116 116
Ixt0 118 118
Sak4 120 120
Asu4 122 122
Atz0 125 125
Ofz1 126 126
Zkq9 127 127
Oly1 132 132
Ebl7 136 136
Nbh1 137 137
Cza7 139 139
Hse9 142 142
Rsk1 145 145
R_p7 149 149
Est1 152 152
Oqx6 155 155
Ogg1 159 159
Me_6 161 161
Cke3 163 163
Wxd1 165 165
Jbl8 170 170
Gwy3 171 171
C_n7 175 175
Zx_1 177 177
C_o6 180 180
Rfs6 182 182
Gyo8 184 184
Mpv4 185 185
Fnr1 189 189
Eyg2 193 193
Sws2 198 198
Owa7 202 202
Ppr5 205 205
T_v8 206 206
Xyw7 209 209
Sht0 214 214
Idj6 218 218
I_j9 221 221
Mnk0 224 224
Hoo3 226 226
Iww6 229 229
Vpo4 233 233
Dyy1 236 236
Zjc1 241 241
Ncp3 244 244
Dck0 245 245
Trd0 249 249
Kme1 253 253
Y_l4 258 258
Yuh4 260 260
Szv6 262 262
Mgs7 265 265
Sc_7 270 270
Zyl1 272 272
Buk7 275 275
Fnq0 279 279
Goz1 281 281
Dkm3 284 284
Qbz1 287 287
Zgt7 288 288
Mzy1 290 290
Tju2 295 295
Com5 299 299
T__6 300 300
Jgd5 303 303
Bkr0 305 305
Zxs6 309 309
Ibd4 311 311
Bg_5 313 313
Nbs1 317 317
Vnr7 322 322
Jzv5 327 327
Oyd3 328 328
Zdq9 332 332
Tcu6 334 334
Xtg8 335 335
Aah5 337 337
Mfy1 342 342
Xdb3 345 345
A_q0 349 349
Vhh8 352 352
Ayf0 355 355
Mso8 357 357
Bax6 361 361
H_k3 365 365
Gpl1 369 369
Dnb6 371 371
Ez_3 375 375
Alt9 377 377
Kly1 379 379
Dox3 381 381
Tw_0 385 385
Six7 388 388
Nkn5 393 393
Rdl4 396 396
Tzp8 397 397
Dl_1 399 399
P_u9 403 403
Flc6 405 405
Rjw3 408 408
Y_c4 411 411
Zpo1 414 414
R_p4 416 416
A_p9 418 418
Fzm5 421 421
Dqb6 424 424
Hkc7 426 426
Fqw4 429 429
Skw1 433 433
Bae1 436 436
Dpb4 439 439
Dj_3 442 442
Kbl0 445 445
Tix5 447 447
Esi5 450 450
Ylf0 455 455
Bgp4 457 457
Jnk9 459 459
Rzd4 460 460
Alk7 463 463
Sdn9 465 465
Xqy0 466 466
Evu5 469 469
Ujs6 471 471
Sk_0 473 473
Ey_9 474 474
Mzk0 478 478
Zke8 480 480
Wva2 484 484
Voo3 487 487
Smb4 488 488
Rmj7 491 491
Jva7 496 496
Bvr3 500 500
Kna1 503 503
Vzc5 504 504
M_v2 505 505
Thp7 507 507
Msr4 510 510
Ptq6 512 512
Ihd4 514 514
Awo5 516 516
Oka2 518 518
Za_7 520 520
N_x7 521 521
Wtn5 524 524
Utx8 528 528
Bye4 529 529
Rl_2 532 532
Rsf9 534 534
Gxb4 535 535
Znw3 540 540
Crw5 544 544
Hbn8 547 547
Xlq0 548 548
Seo0 552 552
Jtg1 555 555
Nre1 557 557
Kom2 560 560
Fyw9 562 562
Rsc3 567 567
Dyh0 569 569
P__7 574 574
Xum8 579 579
Mjb5 583 583
Azy3 588 588
Jjw3 593 593
Jtb2 598 598
Tvb5 601 601
Cyc9 603 603
Cm_9 605 605
J_i1 608 608
Q_s1 612 612
Uyj8 616 616
Wil7 619 619
Wra8 620 620
Fsl2 623 623
Vfz2 627 627
Nee0 630 630
Ian9 633 633
Eia6 636 636
Foc7 640 640
Sjq8 643 643
Kip3 646 646
Tmw0 651 651
Ns_6 654 654
Vbd7 657 657
Pkz4 658 658
Han6 661 661
Irk0 663 663
E_k7 667 667
Nuu6 670 670
Fag2 673 673
Pdy3 676 676
Sll0 679 679
J_w3 682 682
T_a9 684 684
Mh_9 689 689
Yum5 693 693
Thk7 695 695
O_w2 700 700
Vx_0 703 703
V_f1 708 708
Q_p9 711 711
Kxz4 714 714
Jfq8 719 719
K_u9 721 721
Jal6 723 723
Gzg1 727 727
Wgx4 728 728
Z_k5 732 732
Uqd1 734 734
Npo3 738 738
Hez8 742 742
Vc_7 745 745
Heb4 749 749
Xgt1 753 753
Ai_1 756 756
Uij7 758 758
Owv2 762 762
Ihw9 765 765
Nme9 768 768
Jvl4 770 770
Kcm6 772 772
F_m5 775 775
Deq1 778 778
Exn9 782 782
Uqa8 787 787
Bhs2 788 788
Xpv4 793 793
Mwg5 798 798
Fyi2 801 801
Khf4 803 803
F_a4 807 807
S_i9 808 808
Tok7 812 812
Cvv3 814 814
Qqn9 815 815
Ibg2 818 818
C__1 821 821
Gkx1 823 823
Pwf3 826 826
Kh_6 827 827
Ya_5 829 829
E_m0 830 830
Sds5 833 833
J_s3 836 836
Hv_4 837 837
Fpw0 840 840
Dnu6 843 843
Hpx7 846 846
Pvx9 847 847
Woi9 851 851
Ehe1 855 855
U__1 858 858
Tpb0 862 862
Toi5 866 866
Nbe1 872 872
Xbj6 875 875
Alw6 879 879
Ski9 882 882
Adi5 885 885
Pnx8 889 889
Abk4 893 893
Aqq8 895 895
Uiu8 898 898
Clw8 900 900
Gsu7 904 904
Eof1 908 908
Zws9 912 912
Pas1 915 915
Slx5 919 919
Hkf1 923 923
Wet0 926 926
Olw5 929 929
Aks8 932 932
Tnp4 935 935
Afk4 937 937
Mqt9 939 939
Pai8 941 941
Bgw8 945 945
Jen1 948 948
Hfh8 951 951
Ukq8 955 955
Uks0 958 958
Vbh8 961 961
Okv1 963 963
Rge6 968 968
Thf5 971 971
Mmm3 975 975
Jlr8 979 979
Ppk3 981 981
Tsg3 984 984
Ybt7 987 987
Ibi1 990 990
Oss7 992 992
Xex9 995 995
Vly6 997 997
Arb5 999 999
Weg2 1003 1003
Hqe7 1007 1007
M_v9 1012 1012
Ekk7 1015 1015
N_d9 1017 1017
Jkq6 1022 1022
Ap_5 1023 1023
Rjd3 1027 1027
Ron3 1032 1032
D_w9 1037 1037
J_a5 1038 1038
Ayr6 1039 1039
Zsq3 1042 1042
Awi2 1044 1044
Yhk5 1049 1049
Wxc4 1051 1051
X_h4 1052 1052
Wtx4 1054 1054
S_t9 1057 1057
Dek2 1060 1060
Vug7 1062 1062
Ixu0 1064 1064
Cdc0 1067 1067
Ytl7 1069 1069
Iju9 1071 1071
Phg2 1072 1072
Rxn6 1075 1075
Opa4 1077 1077
C_x2 1081 1081
Qna7 1085 1085
Jfj8 1088 1088
Ppa8 1092 1092
Vha3 1095 1095
Ckm0 1098 1098
Mqv6 1102 1102
Agv5 1105 1105
Fhw4 1107 1107
Fig0 1110 1110
Xpj0 1113 1113
P_p3 1114 1114
Fsm4 1117 1117
Pgl9 1119 1119
Nd_3 1123 1123
Yn_9 1126 1126
Rmz5 1130 1130
Dwg4 1133 1133
Zkj8 1137 1137
Ffq4 1140 1140
Fzp9 1141 1141
Zdg9 1144 1144
Zv_9 1147 1147
Ele4 1152 1152
Gut5 1156 1156
Qio1 1159 1159
Uxd3 1162 1162
Hcy0 1164 1164
Amd7 1168 1168
Qwk7 1169 1169
Nzs9 1173 1173
Sht8 1175 1175
K_k8 1180 1180
Ncy3 1183 1183
Pjm5 1187 1187
Tux2 1190 1190
Jpz1 1193 1193
Xzi3 1196 1196
Gbg7 1198 1198
Hmp4 1201 1201
Bbj6 1205 1205
Wed0 1207 1207
Wxf7 1212 1212
Xlj8 1215 1215
Xi_2 1218 1218
Eyb6 1220 1220
Mxs1 1225 1225
Yha6 1228 1228
Fsd5 1232 1232
Nwv4 1236 1236
Dka5 1237 1237
Kpi6 1240 1240
Nnr1 1242 1242
Ko_9 1244 1244
Qio7 1249 1249
Mio4 1252 1252
Wja9 1256 1256
Uln9 1261 1261
Saf8 1264 1264
H_d1 1267 1267
Ri_8 1270 1270
Sus5 1273 1273
Syz5 1274 1274
Tkn2 1277 1277
Qzb8 1280 1280
Wcs1 1282 1282
Ijg1 1285 1285
Ut_3 1288 1288
Sbl7 1291 1291
Wm_4 1294 1294
Wzn5 1296 1296
Pbh1 1300 1300
P_j9 1304 1304
Wqk3 1307 1307
Nrt8 1309 1309
X_k9 1310 1310
Wcd4 1314 1314
Jit9 1316 1316
Rve9 1321 1321
Ped1 1324 1324
Oyd9 1326 1326
Npj5 1328 1328
Qnf6 1330 1330
Ezc9 1334 1334
Ply0 1338 1338
Mfv0 1341 1341
Enh2 1344 1344
Jo_0 1347 1347
Ntw9 1352 1352
Ooq8 1355 1355
U_e2 1357 1357
Zoy1 1360 1360
Urr1 1363 1363
Cxj2 1364 1364
V_z7 1367 1367
Sc_0 1370 1370
Orh8 1373 1373
V_k6 1375 1375
Uas9 1378 1378
Afz0 1381 1381
Zvi9 1385 1385
Or_1 1389 1389
Hno6 1392 1392
Rwu4 1396 1396
Gcz7 1400 1400
Bcq8 1404 1404
H_t8 1406 1406
Oot2 1407 1407
Jou5 1410 1410
Jjd9 1411 1411
Ure6 1415 1415
S__9 1418 1418
Tld1 1421 1421
Ab_5 1422 1422
Tak1 1425 1425
Qt_8 1429 1429
Oey3 1430 1430
Ou_2 1432 1432
Els3 1434 1434
Wey5 1436 1436
Ild7 1438 1438
Tzi5 1441 1441
Wcs6 1446 1446
Sau3 1449 1449
Z_x8 1452 1452
Tie8 1456 1456
Xxs4 1458 1458
Zug1 1462 1462
Tei1 1465 1465
Uwa9 1469 1469
Nzn6 1470 1470
M_q4 1474 1474
Emd0 1476 1476
Kr_0 1480 1480
Eml6 1482 1482
Uqo2 1486 1486
Dzi9 1489 1489
Sxl8 1492 1492
Myy6 1495 1495
Od_4 1500 1500
Azu1 1505 1505
Apj6 1508 1508
Doy9 1512 1512
Vjh9 1515 1515
Y_v3 1519 1519
Nsm2 1522 1522
Tv_5 1525 1525
Jgu6 1530 1530
Bh_3 1533 1533
App4 1538 1538
Xii6 1539 1539
Qyc8 1544 1544
Ewl2 1547 1547
Dkq9 1548 1548
Dk_4 1550 1550
Uia5 1554 1554
Ggd7 1557 1557
Ulr3 1561 1561
Xxp2 1565 1565
Vrb1 1569 1569
Qcv7 1571 1571
Auq7 1574 1574
Bvk2 1578 1578
Msu8 1579 1579
Rf_7 1582 1582
Qlu2 1585 1585
Nbf4 1587 1587
Oxj7 1588 1588
Qbx2 1593 1593
Q_f4 1595 1595
Sim4 1597 1597
E_s9 1600 1600
Bfh3 1603 1603
Xvt5 1607 1607
Jko8 1610 1610
Emo2 1615 1615
Vhw3 1618 1618
E_o3 1621 1621
Fpr9 1624 1624
Qmy6 1626 1626
Hlj7 1627 1627
Zos7 1631 1631
Epd1 1633 1633
Kvw9 1638 1638
Cza7-Epd1
Cke3-Esj0
Nbs1-Hlj7
Dk_4-Gah0
Bg_5-Fpr9
Mwg5-Her8
Qt_8-Vhw3
Wxf7-Emo2
Eia6-Hmx9
Jtb2-Yqu5
Xqy0-A_k1
Skw1-Oar7
Mjb5-E_s9
Szv6-Qm_1
Pdy3-Arz5
Sbl7-Q_f4
Zsq3-Alg1
Uas9-Cys1
Qio7-Qlu2
Wm_4-Bca3
Rsc3-C_p5
Sau3-Z_d1
Slx5-Xkl6
Jbl8-J_g9
P_p3-Wnl9
Saf8-Bvk2
Wva2-Ixt0
Buk7-Sak4
Thp7-Qcv7
Oka2-Xxp2
Nbs1-Ebl7
Uks0-Ulr3
Crw5-Uia5
Bax6-Dk_4
Bgw8-Hse9
Iju9-Rsk1
Kxz4-Ewl2
Sht8-Qyc8
O_w2-Jgu6
Fig0-Est1
Mpv4-Oqx6
Vpo4-Y_v3
Cvv3-Ogg1
Ntw9-Me_6
Bae1-Wxd1
Gwy3-Jbl8
Vjh9-Gwy3
Apj6-Doy9
Od_4-Azu1
Gyo8-Rfs6
Fnr1-Mpv4
Myy6-Fnr1
Sxl8-Myy6
Dzi9-Sxl8
Uqo2-Dzi9
Kr_0-Eml6
Eyg2-Kr_0
T_v8-Ppr5
Idj6-M_q4
Hoo3-Mnk0
Nzn6-Iww6
Xxs4-Zug1
Vpo4-Xxs4
Tie8-Vpo4
Dyy1-Tie8
Sau3-Z_x8
Zjc1-Sau3
Ncp3-Zjc1
Tzi5-Wcs6
Ild7-Tzi5
Wey5-Ild7
Els3-Wey5
Dck0-Ou_2
Qt_8-Oey3
Tak1-Trd0
Yuh4-Y_l4
Szv6-Yuh4
Tld1-Szv6
Mgs7-Jjd9
Sc_7-Mgs7
Zyl1-Sc_7
Jou5-Zyl1
Oot2-Buk7
H_t8-Oot2
Bcq8-H_t8
Gcz7-Bcq8
Hno6-Rwu4
Goz1-Fnq0
Dkm3-Goz1
Qbz1-Or_1
Zvi9-Qbz1
Afz0-Tju2
Uas9-Afz0
V_k6-Uas9
T__6-Com5
Bkr0-Jgd5
Ibd4-Zxs6
Nbs1-Bg_5
Vnr7-Nbs1
Jzv5-Vnr7
V_z7-Jzv5
Oyd3-V_z7
Tcu6-Zdq9
Sf_1-Xtg8
Mfy1-Aah5
Cxj2-A_q0
Urr1-Cxj2
Vhh8-Urr1
Zoy1-Mso8
U_e2-Zoy1
Jo_0-Ntw9
Enh2-Jo_0
Dnb6-Ply0
Ezc9-Dnb6
Qnf6-Ezc9
Npj5-Qnf6
Wcd4-Jit9
Kly1-Alt9
Dox3-Kly1
Nrt8-X_k9
Six7-Nrt8
Nkn5-Wqk3
Rdl4-Nkn5
P_j9-Rdl4
Dl_1-Tzp8
Wzn5-P_u9
Flc6-Wzn5
Rjw3-Flc6
Wm_4-Rjw3
Sbl7-Y_c4
Ut_3-Sbl7
Sf_1-Ut_3
Wcs1-Ijg1
Tkn2-Qzb8
Hkc7-H_d1
Saf8-Hkc7
Uln9-Saf8
Fqw4-Uln9
Ylf0-Esi5
Bgp4-Ylf0
Mio4-Jnk9
Qio7-Mio4
Ko_9-Qio7
Nnr1-Ko_9
Fsd5-Nwv4
Yha6-Fsd5
Xi_2-Eyb6
Sdn9-Xi_2
Xlj8-Sdn9
Xqy0-Xlj8
Wed0-Ujs6
Sk_0-Wed0
Ey_9-Sk_0
Mzk0-Bbj6
Hmp4-Zke8
Gbg7-Wva2
Voo3-Gbg7
Smb4-Xzi3
Tux2-Jpz1
Pjm5-Rmj7
Jva7-Pjm5
Ncy3-Jva7
K_k8-Ncy3
Sht8-Bvr3
Qwk7-Kna1
Amd7-Qwk7
Vzc5-Amd7
M_v2-Vzc5
Qio1-Thp7
Gut5-Qio1
Ele4-Gut5
Zv_9-Ele4
Zdg9-Msr4
Fzp9-Zdg9
Ptq6-Fzp9
Zkj8-Ffq4
Dwg4-Zkj8
Rmz5-Dwg4
Nd_3-Awo5
Oka2-Nd_3
Za_7-Oka2
Pgl9-Za_7
Fsm4-Wtn5
P_p3-Fsm4
Utx8-P_p3
Bye4-Utx8
Fig0-Xpj0
Fhw4-Fig0
Mqv6-Rsf9
Ckm0-Mqv6
Gxb4-Ckm0
Vha3-Znw3
Ppa8-Crw5
Hbn8-Ppa8
Xlq0-Hbn8
Qna7-Jfj8
Seo0-C_x2
Rxn6-Opa4
Phg2-Rxn6
Toi5-Eri5
Iju9-Nre1
Kom2-Iju9
Fyw9-Kom2
Ixu0-Cdc0
Vug7-Ixu0
Dek2-Vug7
S_t9-Dek2
Wtx4-S_t9
Rsc3-Wtx4
X_h4-Rsc3
Wxc4-Eri5
Awi2-Azy3
Zsq3-Awi2
Jtb2-Jjw3
Tvb5-Jtb2
Cm_9-Cyc9
J_i1-Cm_9
Ayr6-Q_s1
Sf_1-Ayr6
Wil7-Uyj8
J_a5-Wil7
Wra8-J_a5
D_w9-Fsl2
Ron3-Vfz2
Nee0-Ron3
N_d9-Jkq6
M_v9-Foc7
Sjq8-M_v9
Kip3-Sjq8
Sf_1-Kip3
Tmw0-Eri5
Ns_6-Tmw0
Weg2-Hqe7
Arb5-Weg2
Vbd7-Arb5
Vly6-Han6
E_k7-Irk0
Fag2-Xex9
Ibi1-Pdy3
Sll0-Ibi1
J_w3-Sll0
T_a9-J_w3
Ybt7-T_a9
Tsg3-Ybt7
Mh_9-Tsg3
Jlr8-Ppk3
Thf5-Kxz4
Jfq8-Thf5
Jal6-K_u9
Rge6-Jal6
Gzg1-Rge6
Wgx4-Gzg1
Z_k5-Wgx4
Npo3-Okv1
Hez8-Npo3
Vbh8-Heb4
Uks0-Eri5
Ukq8-Uks0
Uij7-Ai_1
Mqt9-Pai8
Owv2-Tnp4
Aks8-Owv2
Olw5-Aks8
Nme9-Ihw9
Jvl4-Nme9
Kcm6-Jvl4
Wet0-F_m5
Deq1-Wet0
Sf_1-Uqa8
Slx5-Hkf1
Pas1-Xpv4
Zws9-Pas1
Mwg5-Zws9
F_a4-Khf4
Eof1-F_a4
S_i9-Clw8
Tok7-S_i9
Ibg2-Aqq8
C__1-Ibg2
Pnx8-Eri5
Gkx1-Pnx8
Pwf3-Gkx1
Ski9-Adi5
Alw6-Ski9
Kh_6-Alw6
Sds5-E_m0
Hv_4-J_s3
Fpw0-Hv_4
Hpx7-Dnu6
Woi9-Pvx9
U__1-Ehe1
Sf_1-Nbe1
Nbe1-Xbj6
Xbj6-Tpb0
Tpb0-U__1
Ehe1-Woi9
Pvx9-Hpx7
Dnu6-Fpw0
J_s3-Sds5
E_m0-Ya_5
Ya_5-Kh_6
Adi5-Pwf3
Sf_1-Abk4
Abk4-C__1
Aqq8-Qqn9
Qqn9-Cvv3
Cvv3-Uiu8
Uiu8-Tok7
Clw8-Gsu7
Gsu7-Eof1
Khf4-Fyi2
Fyi2-Mwg5
Xpv4-Slx5
Hkf1-Bhs2
Bhs2-Eri5
Uqa8-Exn9
Exn9-Deq1
F_m5-Kcm6
Ihw9-Olw5
Tnp4-Afk4
Afk4-Mqt9
Pai8-Bgw8
Bgw8-Uij7
Ai_1-Jen1
Jen1-Hfh8
Hfh8-Xgt1
Xgt1-Ukq8
Sf_1-Vbh8
Heb4-Vc_7
Vc_7-Hez8
Okv1-Uqd1
Uqd1-Z_k5
K_u9-Jfq8
Kxz4-Mmm3
Mmm3-Q_p9
Q_p9-V_f1
V_f1-Vx_0
Vx_0-O_w2
O_w2-Jlr8
Ppk3-Thk7
Thk7-Eri5
Sf_1-Yum5
Yum5-Mh_9
Pdy3-Oss7
Oss7-Fag2
Xex9-Nuu6
Nuu6-E_k7
Irk0-Vly6
Han6-Pkz4
Pkz4-Vbd7
Hqe7-Ns_6
Foc7-Eia6
Eia6-Ekk7
Ekk7-Ian9
Ian9-N_d9
Jkq6-Ap_5
Ap_5-Rjd3
Rjd3-Nee0
Vfz2-D_w9
Fsl2-Wra8
Uyj8-Eri5
Q_s1-J_i1
Cyc9-Tvb5
Jjw3-Zsq3
Azy3-Yhk5
Yhk5-Mjb5
Mjb5-Xum8
Xum8-P__7
P__7-Wxc4
Sf_1-Dyh0
Dyh0-X_h4
Cdc0-Ytl7
Ytl7-Fyw9
Nre1-Jtg1
Jtg1-Toi5
Sf_1-Phg2
Opa4-Seo0
C_x2-Qna7
Jfj8-Xlq0
Crw5-Vha3
Znw3-Gxb4
Rsf9-Rl_2
Rl_2-Eri5
Sf_1-Agv5
Agv5-Fhw4
Xpj0-Bye4
Wtn5-N_x7
N_x7-Pgl9
Awo5-Yn_9
Yn_9-Ihd4
Ihd4-Rmz5
Ffq4-Ptq6
Msr4-Zv_9
Thp7-Uxd3
Uxd3-Hcy0
Hcy0-M_v2
Kna1-Nzs9
Nzs9-Sht8
Bvr3-K_k8
Rmj7-Tux2
Jpz1-Smb4
Xzi3-Voo3
Wva2-Hmp4
Zke8-Eri5
Sf_1-Mzk0
Bbj6-Ey_9
Ujs6-Wxf7
Wxf7-Evu5
Evu5-Xqy0
Eyb6-Alk7
Alk7-Mxs1
Mxs1-Yha6
Nwv4-Dka5
Dka5-Rzd4
Rzd4-Kpi6
Kpi6-Nnr1
Jnk9-Bgp4
Esi5-Tix5
Tix5-Wja9
Wja9-Kbl0
Kbl0-Dj_3
Dj_3-Dpb4
Dpb4-Bae1
Bae1-Skw1
Skw1-Fqw4
H_d1-Ri_8
Ri_8-Dqb6
Dqb6-Sus5
Sus5-Syz5
Syz5-Tkn2
Qzb8-Fzm5
Fzm5-A_p9
A_p9-R_p4
R_p4-Wcs1
Ijg1-Zpo1
Zpo1-Eri5
Y_c4-Wm_4
P_u9-Dl_1
Tzp8-Pbh1
Pbh1-P_j9
Wqk3-Six7
X_k9-Tw_0
Tw_0-Dox3
Alt9-Wcd4
Jit9-Rve9
Rve9-Ped1
Ped1-Oyd9
Oyd9-Ez_3
Ez_3-Npj5
Ply0-Mfv0
Mfv0-Gpl1
Gpl1-H_k3
H_k3-Enh2
Ntw9-Ooq8
Ooq8-Bax6
Bax6-U_e2
Mso8-Ayf0
Ayf0-Vhh8
A_q0-Xdb3
Xdb3-Mfy1
Aah5-Eri5
Xtg8-Tcu6
Zdq9-Oyd3
Bg_5-Sc_0
Sc_0-Orh8
Orh8-Ibd4
Zxs6-Bkr0
Jgd5-T__6
Com5-V_k6
Tju2-Mzy1
Mzy1-Zgt7
Zgt7-Zvi9
Or_1-Dkm3
Fnq0-Hno6
Rwu4-Gcz7
Buk7-Jou5
Jjd9-Ure6
Ure6-S__9
S__9-Tld1
Y_l4-Ab_5
Ab_5-Kme1
Kme1-Tak1
Trd0-Qt_8
Oey3-Eri5
Sf_1-Dck0
Ou_2-Els3
Wcs6-Ncp3
Z_x8-Dyy1
Zug1-Tei1
Tei1-Uwa9
Uwa9-Nzn6
Iww6-Hoo3
Mnk0-I_j9
I_j9-Idj6
M_q4-Sht0
Sht0-Xyw7
Xyw7-Emd0
Emd0-T_v8
Ppr5-Owa7
Owa7-Sws2
Sws2-Eyg2
Eml6-Uqo2
Mpv4-Gyo8
Rfs6-C_o6
C_o6-Od_4
Azu1-Apj6
Doy9-Zx_1
Zx_1-C_n7
C_n7-Vjh9
Jbl8-Eri5
Vjh9-Cke3
D_w9-Nsm2
E_k7-Tv_5
Mio4-Bh_3
Pkz4-App4
Wm_4-Xii6
Npj5-R_p7
Yum5-Dkq9
Oqx6-Cza7
Urr1-Ggd7
Awi2-Nbh1
Mjb5-Oly1
Oyd3-Zkq9
Fzp9-Vrb1
Xi_2-Ofz1
Hbn8-Atz0
T_a9-Asu4
Qio1-Auq7
Saf8-T_b1
Xqy0-Jij6
P_j9-Idv3
Vrb1-End1
Dnb6-Qhv2
Sxl8-Msu8
Yum5-Bth0
Kxz4-Rf_7
O_w2-Hid1
Jzv5-G_m4
M_q4-Nbf4
Yum5-Zkc9
Gbg7-Woe9
Smb4-Oxj7
Ekk7-Xrp9
Z_d1-Ykn9
Bg_5-Qbx2
Ai_1-Zen0
Dck0-Sim4
Fpw0-Bfh3
Dek2-Xvt5
Bvr3-Jko8
Gkx1-Epi1
Vx_0-O_l4
Vnr7-Mw_7
Heb4-E_o3
Tei1-Qmy6
Dl_1-Jo_7
Jfj8-Zos7
Doy9-Kvw9
Doy9-Inb3
Ezc9-Aix5
#Here is the number of lines required: 36

L1-Yum5 L2-Vbh8 L3-Uqa8 L4-Abk4 L5-Nbe1 L6-Kip3 L7-Phg2 L8-Ayr6 L9-Dyh0
L1-Mh_9 L10-Yum5 L2-Heb4 L11-Vbh8 L3-Exn9 L12-Uqa8 L4-C__1 L13-Abk4 L5-Xbj6 L14-Nbe1 L6-Sjq8 L15-Kip3 L7-Rxn6 L16-Phg2 L8-Q_s1 L17-Ayr6 L9-X_h4 L18-Dyh0
L1-Tsg3 L10-Mh_9 L19-Yum5 L2-Vc_7 L11-Heb4 L20-Vbh8 L3-Deq1 L12-Exn9 L21-Uqa8 L4-Ibg2 L13-C__1 L22-Abk4 L5-Tpb0 L14-Xbj6 L23-Nbe1 L6-M_v9 L15-Sjq8 L24-Kip3 L7-Opa4 L16-Rxn6 L25-Phg2 L8-J_i1 L17-Q_s1 L26-Ayr6 L9-Rsc3 L18-X_h4 L27-Dyh0
L1-Ybt7 L10-Tsg3 L19-Mh_9 L28-Yum5 L2-Hez8 L11-Vc_7 L20-Heb4 L29-Vbh8 L3-Wet0 L12-Deq1 L21-Exn9 L30-Uqa8 L4-Aqq8 L13-Ibg2 L22-C__1 L31-Abk4 L5-U__1 L14-Tpb0 L23-Xbj6 L32-Nbe1 L6-Foc7 L15-M_v9 L24-Sjq8 L33-Kip3 L7-Seo0 L16-Opa4 L25-Rxn6 L34-Phg2 L8-Cm_9 L17-J_i1 L26-Q_s1 L35-Ayr6 L9-Wtx4 L18-Rsc3 L27-X_h4 L36-Dyh0
L1-T_a9 L10-Ybt7 L19-Tsg3 L28-Mh_9 L37-Yum5 L2-Npo3 L11-Hez8 L20-Vc_7 L29-Heb4 L38-Vbh8 L3-F_m5 L12-Wet0 L21-Deq1 L30-Exn9 L39-Uqa8 L4-Qqn9 L13-Aqq8 L22-Ibg2 L31-C__1 L40-Abk4 L5-Ehe1 L14-U__1 L23-Tpb0 L32-Xbj6 L41-Nbe1 L6-Eia6 L15-Foc7 L24-M_v9 L33-Sjq8 L42-Kip3 L7-C_x2 L16-Seo0 L25-Opa4 L34-Rxn6 L43-Phg2 L8-Cyc9 L17-Cm_9 L26-J_i1 L35-Q_s1 L44-Ayr6 L9-S_t9 L18-Wtx4 L27-Rsc3 L36-X_h4 L45-Dyh0
L1-J_w3 L10-T_a9 L19-Ybt7 L28-Tsg3 L37-Mh_9 L46-Yum5 L2-Okv1 L11-Npo3 L20-Hez8 L29-Vc_7 L38-Heb4 L47-Vbh8 L3-Kcm6 L12-F_m5 L21-Wet0 L30-Deq1 L39-Exn9 L48-Uqa8 L4-Cvv3 L13-Qqn9 L22-Aqq8 L31-Ibg2 L40-C__1 L49-Abk4 L5-Woi9 L14-Ehe1 L23-U__1 L32-Tpb0 L41-Xbj6 L50-Nbe1 L6-Ekk7 L15-Eia6 L24-Foc7 L33-M_v9 L42-Sjq8 L51-Kip3 L7-Qna7 L16-C_x2 L25-Seo0 L34-Opa4 L43-Rxn6 L52-Phg2 L8-Tvb5 L17-Cyc9 L26-Cm_9 L35-J_i1 L44-Q_s1 L53-Ayr6 L9-Dek2 L18-S_t9 L27-Wtx4 L36-Rsc3 L45-X_h4 L54-Dyh0
L1-Sll0 L10-J_w3 L19-T_a9 L28-Ybt7 L37-Tsg3 L46-Mh_9 L55-Yum5 L2-Uqd1 L11-Okv1 L20-Npo3 L29-Hez8 L38-Vc_7 L47-Heb4 L56-Vbh8 L3-Jvl4 L12-Kcm6 L21-F_m5 L30-Wet0 L39-Deq1 L48-Exn9 L57-Uqa8 L4-Uiu8 L13-Cvv3 L22-Qqn9 L31-Aqq8 L40-Ibg2 L49-C__1 L58-Abk4 L5-Pvx9 L14-Woi9 L23-Ehe1 L32-U__1 L41-Tpb0 L50-Xbj6 L59-Nbe1 L6-Ian9 L15-Ekk7 L24-Eia6 L33-Foc7 L42-M_v9 L51-Sjq8 L60-Kip3 L7-Jfj8 L16-Qna7 L25-C_x2 L34-Seo0 L43-Opa4 L52-Rxn6 L61-Phg2 L8-Jtb2 L17-Tvb5 L26-Cyc9 L35-Cm_9 L44-J_i1 L53-Q_s1 L62-Ayr6 L9-Vug7 L18-Dek2 L27-S_t9 L36-Wtx4 L45-Rsc3 L54-X_h4 L63-Dyh0
L1-Ibi1 L10-Sll0 L19-J_w3 L28-T_a9 L37-Ybt7 L46-Tsg3 L55-Mh_9 L64-Yum5 L2-Z_k5 L11-Uqd1 L20-Okv1 L29-Npo3 L38-Hez8 L47-Vc_7 L56-Heb4 L65-Vbh8 L3-Nme9 L12-Jvl4 L21-Kcm6 L30-F_m5 L39-Wet0 L48-Deq1 L57-Exn9 L66-Uqa8 L4-Tok7 L13-Uiu8 L22-Cvv3 L31-Qqn9 L40-Aqq8 L49-Ibg2 L58-C__1 L67-Abk4 L5-Hpx7 L14-Pvx9 L23-Woi9 L32-Ehe1 L41-U__1 L50-Tpb0 L59-Xbj6 L68-Nbe1 L6-N_d9 L15-Ian9 L24-Ekk7 L33-Eia6 L42-Foc7 L51-M_v9 L60-Sjq8 L69-Kip3 L7-Xlq0 L16-Jfj8 L25-Qna7 L34-C_x2 L43-Seo0 L52-Opa4 L61-Rxn6 L70-Phg2 L8-Jjw3 L17-Jtb2 L26-Tvb5 L35-Cyc9 L44-Cm_9 L53-J_i1 L62-Q_s1 L71-Ayr6 L9-Ixu0 L18-Vug7 L27-Dek2 L36-S_t9 L45-Wtx4 L54-Rsc3 L63-X_h4 L72-Dyh0
L1-Pdy3 L10-Ibi1 L19-Sll0 L28-J_w3 L37-T_a9 L46-Ybt7 L55-Tsg3 L64-Mh_9 L73-Yum5 L2-Wgx4 L11-Z_k5 L20-Uqd1 L29-Okv1 L38-Npo3 L47-Hez8 L56-Vc_7 L65-Heb4 L74-Vbh8 L3-Ihw9 L12-Nme9 L21-Jvl4 L30-Kcm6 L39-F_m5 L48-Wet0 L57-Deq1 L66-Exn9 L75-Uqa8 L4-S_i9 L13-Tok7 L22-Uiu8 L31-Cvv3 L40-Qqn9 L49-Aqq8 L58-Ibg2 L67-C__1 L76-Abk4 L5-Dnu6 L14-Hpx7 L23-Pvx9 L32-Woi9 L41-Ehe1 L50-U__1 L59-Tpb0 L68-Xbj6 L77-Nbe1 L6-Jkq6 L15-N_d9 L24-Ian9 L33-Ekk7 L42-Eia6 L51-Foc7 L60-M_v9 L69-Sjq8 L78-Kip3 L7-Hbn8 L16-Xlq0 L25-Jfj8 L34-Qna7 L43-C_x2 L52-Seo0 L61-Opa4 L70-Rxn6 L79-Phg2 L8-Zsq3 L17-Jjw3 L26-Jtb2 L35-Tvb5 L44-Cyc9 L53-Cm_9 L62-J_i1 L71-Q_s1 L80-Ayr6 L9-Cdc0 L18-Ixu0 L27-Vug7 L36-Dek2 L45-S_t9 L54-Wtx4 L63-Rsc3 L72-X_h4 L81-Dyh0
L1-Oss7 L10-Pdy3 L19-Ibi1 L28-Sll0 L37-J_w3 L46-T_a9 L55-Ybt7 L64-Tsg3 L73-Mh_9 L82-Yum5 L2-Gzg1 L11-Wgx4 L20-Z_k5 L29-Uqd1 L38-Okv1 L47-Npo3 L56-Hez8 L65-Vc_7 L74-Heb4 L83-Vbh8 L3-Olw5 L12-Ihw9 L21-Nme9 L30-Jvl4 L39-Kcm6 L48-F_m5 L57-Wet0 L66-Deq1 L75-Exn9 L84-Uqa8 L4-Clw8 L13-S_i9 L22-Tok7 L31-Uiu8 L40-Cvv3 L49-Qqn9 L58-Aqq8 L67-Ibg2 L76-C__1 L85-Abk4 L5-Fpw0 L14-Dnu6 L23-Hpx7 L32-Pvx9 L41-Woi9 L50-Ehe1 L59-U__1 L68-Tpb0 L77-Xbj6 L86-Nbe1 L6-Ap_5 L15-Jkq6 L24-N_d9 L33-Ian9 L42-Ekk7 L51-Eia6 L60-Foc7 L69-M_v9 L78-Sjq8 L87-Kip3 L7-Ppa8 L16-Hbn8 L25-Xlq0 L34-Jfj8 L43-Qna7 L52-C_x2 L61-Seo0 L70-Opa4 L79-Rxn6 L88-Phg2 L8-Awi2 L17-Zsq3 L26-Jjw3 L35-Jtb2 L44-Tvb5 L53-Cyc9 L62-Cm_9 L71-J_i1 L80-Q_s1 L89-Ayr6 L9-Ytl7 L18-Cdc0 L27-Ixu0 L36-Vug7 L45-Dek2 L54-S_t9 L63-Wtx4 L72-Rsc3 L81-X_h4 L90-Dyh0
L1-Fag2 L10-Oss7 L19-Pdy3 L28-Ibi1 L37-Sll0 L46-J_w3 L55-T_a9 L64-Ybt7 L73-Tsg3 L82-Mh_9 L91-Yum5 L2-Rge6 L11-Gzg1 L20-Wgx4 L29-Z_k5 L38-Uqd1 L47-Okv1 L56-Npo3 L65-Hez8 L74-Vc_7 L83-Heb4 L92-Vbh8 L3-Aks8 L12-Olw5 L21-Ihw9 L30-Nme9 L39-Jvl4 L48-Kcm6 L57-F_m5 L66-Wet0 L75-Deq1 L84-Exn9 L93-Uqa8 L4-Gsu7 L13-Clw8 L22-S_i9 L31-Tok7 L40-Uiu8 L49-Cvv3 L58-Qqn9 L67-Aqq8 L76-Ibg2 L85-C__1 L94-Abk4 L5-Hv_4 L14-Fpw0 L23-Dnu6 L32-Hpx7 L41-Pvx9 L50-Woi9 L59-Ehe1 L68-U__1 L77-Tpb0 L86-Xbj6 L95-Nbe1 L6-Rjd3 L15-Ap_5 L24-Jkq6 L33-N_d9 L42-Ian9 L51-Ekk7 L60-Eia6 L69-Foc7 L78-M_v9 L87-Sjq8 L96-Kip3 L7-Crw5 L16-Ppa8 L25-Hbn8 L34-Xlq0 L43-Jfj8 L52-Qna7 L61-C_x2 L70-Seo0 L79-Opa4 L88-Rxn6 L97-Phg2 L8-Azy3 L17-Awi2 L26-Zsq3 L35-Jjw3 L44-Jtb2 L53-Tvb5 L62-Cyc9 L71-Cm_9 L80-J_i1 L89-Q_s1 L98-Ayr6 L9-Fyw9 L18-Ytl7 L27-Cdc0 L36-Ixu0 L45-Vug7 L54-Dek2 L63-S_t9 L72-Wtx4 L81-Rsc3 L90-X_h4 L99-Dyh0
L1-Xex9 L10-Fag2 L19-Oss7 L28-Pdy3 L37-Ibi1 L46-Sll0 L55-J_w3 L64-T_a9 L73-Ybt7 L82-Tsg3 L91-Mh_9 L100-Yum5 L2-Jal6 L11-Rge6 L20-Gzg1 L29-Wgx4 L38-Z_k5 L47-Uqd1 L56-Okv1 L65-Npo3 L74-Hez8 L83-Vc_7 L92-Heb4 L101-Vbh8 L3-Owv2 L12-Aks8 L21-Olw5 L30-Ihw9 L39-Nme9 L48-Jvl4 L57-Kcm6 L66-F_m5 L75-Wet0 L84-Deq1 L93-Exn9 L102-Uqa8 L4-Eof1 L13-Gsu7 L22-Clw8 L31-S_i9 L40-Tok7 L49-Uiu8 L58-Cvv3 L67-Qqn9 L76-Aqq8 L85-Ibg2 L94-C__1 L103-Abk4 L5-J_s3 L14-Hv_4 L23-Fpw0 L32-Dnu6 L41-Hpx7 L50-Pvx9 L59-Woi9 L68-Ehe1 L77-U__1 L86-Tpb0 L95-Xbj6 L104-Nbe1 L6-Nee0 L15-Rjd3 L24-Ap_5 L33-Jkq6 L42-N_d9 L51-Ian9 L60-Ekk7 L69-Eia6 L78-Foc7 L87-M_v9 L96-Sjq8 L105-Kip3 L7-Vha3 L16-Crw5 L25-Ppa8 L34-Hbn8 L43-Xlq0 L52-Jfj8 L61-Qna7 L70-C_x2 L79-Seo0 L88-Opa4 L97-Rxn6 L106-Phg2 L8-Yhk5 L17-Azy3 L26-Awi2 L35-Zsq3 L44-Jjw3 L53-Jtb2 L62-Tvb5 L71-Cyc9 L80-Cm_9 L89-J_i1 L98-Q_s1 L107-Ayr6 L9-Kom2 L18-Fyw9 L27-Ytl7 L36-Cdc0 L45-Ixu0 L54-Vug7 L63-Dek2 L72-S_t9 L81-Wtx4 L90-Rsc3 L99-X_h4 L108-Dyh0
L1-Nuu6 L10-Xex9 L19-Fag2 L28-Oss7 L37-Pdy3 L46-Ibi1 L55-Sll0 L64-J_w3 L73-T_a9 L82-Ybt7 L91-Tsg3 L100-Mh_9 L109-Yum5 L2-K_u9 L11-Jal6 L20-Rge6 L29-Gzg1 L38-Wgx4 L47-Z_k5 L56-Uqd1 L65-Okv1 L74-Npo3 L83-Hez8 L92-Vc_7 L101-Heb4 L110-Vbh8 L3-Tnp4 L12-Owv2 L21-Aks8 L30-Olw5 L39-Ihw9 L48-Nme9 L57-Jvl4 L66-Kcm6 L75-F_m5 L84-Wet0 L93-Deq1 L102-Exn9 L111-Uqa8 L4-F_a4 L13-Eof1 L22-Gsu7 L31-Clw8 L40-S_i9 L49-Tok7 L58-Uiu8 L67-Cvv3 L76-Qqn9 L85-Aqq8 L94-Ibg2 L103-C__1 L112-Abk4 L5-Sds5 L14-J_s3 L23-Hv_4 L32-Fpw0 L41-Dnu6 L50-Hpx7 L59-Pvx9 L68-Woi9 L77-Ehe1 L86-U__1 L95-Tpb0 L104-Xbj6 L113-Nbe1 L6-Ron3 L15-Nee0 L24-Rjd3 L33-Ap_5 L42-Jkq6 L51-N_d9 L60-Ian9 L69-Ekk7 L78-Eia6 L87-Foc7 L96-M_v9 L105-Sjq8 L114-Kip3 L7-Znw3 L16-Vha3 L25-Crw5 L34-Ppa8 L43-Hbn8 L52-Xlq0 L61-Jfj8 L70-Qna7 L79-C_x2 L88-Seo0 L97-Opa4 L106-Rxn6 L115-Phg2 L8-Mjb5 L17-Yhk5 L26-Azy3 L35-Awi2 L44-Zsq3 L53-Jjw3 L62-Jtb2 L71-Tvb5 L80-Cyc9 L89-Cm_9 L98-J_i1 L107-Q_s1 L116-Ayr6 L9-Iju9 L18-Kom2 L27-Fyw9 L36-Ytl7 L45-Cdc0 L54-Ixu0 L63-Vug7 L72-Dek2 L81-S_t9 L90-Wtx4 L99-Rsc3 L108-X_h4 L117-Dyh0
L1-E_k7 L10-Nuu6 L19-Xex9 L28-Fag2 L37-Oss7 L46-Pdy3 L55-Ibi1 L64-Sll0 L73-J_w3 L82-T_a9 L91-Ybt7 L100-Tsg3 L109-Mh_9 L118-Yum5 L2-Jfq8 L11-K_u9 L20-Jal6 L29-Rge6 L38-Gzg1 L47-Wgx4 L56-Z_k5 L65-Uqd1 L74-Okv1 L83-Npo3 L92-Hez8 L101-Vc_7 L110-Heb4 L119-Vbh8 L3-Afk4 L12-Tnp4 L21-Owv2 L30-Aks8 L39-Olw5 L48-Ihw9 L57-Nme9 L66-Jvl4 L75-Kcm6 L84-F_m5 L93-Wet0 L102-Deq1 L111-Exn9 L120-Uqa8 L4-Khf4 L13-F_a4 L22-Eof1 L31-Gsu7 L40-Clw8 L49-S_i9 L58-Tok7 L67-Uiu8 L76-Cvv3 L85-Qqn9 L94-Aqq8 L103-Ibg2 L112-C__1 L121-Abk4 L5-E_m0 L14-Sds5 L23-J_s3 L32-Hv_4 L41-Fpw0 L50-Dnu6 L59-Hpx7 L68-Pvx9 L77-Woi9 L86-Ehe1 L95-U__1 L104-Tpb0 L113-Xbj6 L122-Nbe1 L6-Vfz2 L15-Ron3 L24-Nee0 L33-Rjd3 L42-Ap_5 L51-Jkq6 L60-N_d9 L69-Ian9 L78-Ekk7 L87-Eia6 L96-Foc7 L105-M_v9 L114-Sjq8 L123-Kip3 L7-Gxb4 L16-Znw3 L25-Vha3 L34-Crw5 L43-Ppa8 L52-Hbn8 L61-Xlq0 L70-Jfj8 L79-Qna7 L88-C_x2 L97-Seo0 L106-Opa4 L115-Rxn6 L124-Phg2 L8-Xum8 L17-Mjb5 L26-Yhk5 L35-Azy3 L44-Awi2 L53-Zsq3 L62-Jjw3 L71-Jtb2 L80-Tvb5 L89-Cyc9 L98-Cm_9 L107-J_i1 L116-Q_s1 L125-Ayr6 L9-Nre1 L18-Iju9 L27-Kom2 L36-Fyw9 L45-Ytl7 L54-Cdc0 L63-Ixu0 L72-Vug7 L81-Dek2 L90-S_t9 L99-Wtx4 L108-Rsc3 L117-X_h4 L126-Dyh0
L1-Irk0 L10-E_k7 L19-Nuu6 L28-Xex9 L37-Fag2 L46-Oss7 L55-Pdy3 L64-Ibi1 L73-Sll0 L82-J_w3 L91-T_a9 L100-Ybt7 L109-Tsg3 L118-Mh_9 L2-Thf5 L11-Jfq8 L20-K_u9 L29-Jal6 L38-Rge6 L47-Gzg1 L56-Wgx4 L65-Z_k5 L74-Uqd1 L83-Okv1 L92-Npo3 L101-Hez8 L110-Vc_7 L119-Heb4 L127-Vbh8 L3-Mqt9 L12-Afk4 L21-Tnp4 L30-Owv2 L39-Aks8 L48-Olw5 L57-Ihw9 L66-Nme9 L75-Jvl4 L84-Kcm6 L93-F_m5 L102-Wet0 L111-Deq1 L120-Exn9 L128-Uqa8 L4-Fyi2 L13-Khf4 L22-F_a4 L31-Eof1 L40-Gsu7 L49-Clw8 L58-S_i9 L67-Tok7 L76-Uiu8 L85-Cvv3 L94-Qqn9 L103-Aqq8 L112-Ibg2 L121-C__1 L129-Abk4 L5-Ya_5 L14-E_m0 L23-Sds5 L32-J_s3 L41-Hv_4 L50-Fpw0 L59-Dnu6 L68-Hpx7 L77-Pvx9 L86-Woi9 L95-Ehe1 L104-U__1 L113-Tpb0 L122-Xbj6 L130-Nbe1 L6-D_w9 L15-Vfz2 L24-Ron3 L33-Nee0 L42-Rjd3 L51-Ap_5 L60-Jkq6 L69-N_d9 L78-Ian9 L87-Ekk7 L96-Eia6 L105-Foc7 L114-M_v9 L123-Sjq8 L131-Kip3 L7-Ckm0 L16-Gxb4 L25-Znw3 L34-Vha3 L43-Crw5 L52-Ppa8 L61-Hbn8 L70-Xlq0 L79-Jfj8 L88-Qna7 L97-C_x2 L106-Seo0 L115-Opa4 L124-Rxn6 L132-Phg2 L8-P__7 L17-Xum8 L26-Mjb5 L35-Yhk5 L44-Azy3 L53-Awi2 L62-Zsq3 L71-Jjw3 L80-Jtb2 L89-Tvb5 L98-Cyc9 L107-Cm_9 L116-J_i1 L125-Q_s1 L133-Ayr6 L9-Jtg1 L18-Nre1 L27-Iju9 L36-Kom2 L45-Fyw9 L54-Ytl7 L63-Cdc0 L72-Ixu0 L81-Vug7 L90-Dek2 L99-S_t9 L108-Wtx4 L117-Rsc3 L126-X_h4 L134-Dyh0
L1-Vly6 L10-Irk0 L19-E_k7 L28-Nuu6 L37-Xex9 L46-Fag2 L55-Oss7 L64-Pdy3 L73-Ibi1 L82-Sll0 L91-J_w3 L100-T_a9 L109-Ybt7 L118-Tsg3 L2-Kxz4 L11-Thf5 L20-Jfq8 L29-K_u9 L38-Jal6 L47-Rge6 L56-Gzg1 L65-Wgx4 L74-Z_k5 L83-Uqd1 L92-Okv1 L101-Npo3 L110-Hez8 L119-Vc_7 L127-Heb4 L3-Pai8 L12-Mqt9 L21-Afk4 L30-Tnp4 L39-Owv2 L48-Aks8 L57-Olw5 L66-Ihw9 L75-Nme9 L84-Jvl4 L93-Kcm6 L102-F_m5 L111-Wet0 L120-Deq1 L128-Exn9 L4-Mwg5 L13-Fyi2 L22-Khf4 L31-F_a4 L40-Eof1 L49-Gsu7 L58-Clw8 L67-S_i9 L76-Tok7 L85-Uiu8 L94-Cvv3 L103-Qqn9 L112-Aqq8 L121-Ibg2 L129-C__1 L5-Kh_6 L14-Ya_5 L23-E_m0 L32-Sds5 L41-J_s3 L50-Hv_4 L59-Fpw0 L68-Dnu6 L77-Hpx7 L86-Pvx9 L95-Woi9 L104-Ehe1 L113-U__1 L122-Tpb0 L130-Xbj6 L6-Fsl2 L15-D_w9 L24-Vfz2 L33-Ron3 L42-Nee0 L51-Rjd3 L60-Ap_5 L69-Jkq6 L78-N_d9 L87-Ian9 L96-Ekk7 L105-Eia6 L114-Foc7 L123-M_v9 L131-Sjq8 L7-Mqv6 L16-Ckm0 L25-Gxb4 L34-Znw3 L43-Vha3 L52-Crw5 L61-Ppa8 L70-Hbn8 L79-Xlq0 L88-Jfj8 L97-Qna7 L106-C_x2 L115-Seo0 L124-Opa4 L132-Rxn6 L8-Wxc4 L17-P__7 L26-Xum8 L35-Mjb5 L44-Yhk5 L53-Azy3 L62-Awi2 L71-Zsq3 L80-Jjw3 L89-Jtb2 L98-Tvb5 L107-Cyc9 L116-Cm_9 L125-J_i1 L133-Q_s1 L9-Toi5 L18-Jtg1 L27-Nre1 L36-Iju9 L45-Kom2 L54-Fyw9 L63-Ytl7 L72-Cdc0 L81-Ixu0 L90-Vug7 L99-Dek2 L108-S_t9 L117-Wtx4 L126-Rsc3 L134-X_h4
L1-Han6 L10-Vly6 L19-Irk0 L28-E_k7 L37-Nuu6 L46-Xex9 L55-Fag2 L64-Oss7 L73-Pdy3 L82-Ibi1 L91-Sll0 L100-J_w3 L109-T_a9 L118-Ybt7 L2-Mmm3 L11-Kxz4 L20-Thf5 L29-Jfq8 L38-K_u9 L47-Jal6 L56-Rge6 L65-Gzg1 L74-Wgx4 L83-Z_k5 L92-Uqd1 L101-Okv1 L110-Npo3 L119-Hez8 L127-Vc_7 L3-Bgw8 L12-Pai8 L21-Mqt9 L30-Afk4 L39-Tnp4 L48-Owv2 L57-Aks8 L66-Olw5 L75-Ihw9 L84-Nme9 L93-Jvl4 L102-Kcm6 L111-F_m5 L120-Wet0 L128-Deq1 L4-Zws9 L13-Mwg5 L22-Fyi2 L31-Khf4 L40-F_a4 L49-Eof1 L58-Gsu7 L67-Clw8 L76-S_i9 L85-Tok7 L94-Uiu8 L103-Cvv3 L112-Qqn9 L121-Aqq8 L129-Ibg2 L5-Alw6 L14-Kh_6 L23-Ya_5 L32-E_m0 L41-Sds5 L50-J_s3 L59-Hv_4 L68-Fpw0 L77-Dnu6 L86-Hpx7 L95-Pvx9 L104-Woi9 L113-Ehe1 L122-U__1 L130-Tpb0 L6-Wra8 L15-Fsl2 L24-D_w9 L33-Vfz2 L42-Ron3 L51-Nee0 L60-Rjd3 L69-Ap_5 L78-Jkq6 L87-N_d9 L96-Ian9 L105-Ekk7 L114-Eia6 L123-Foc7 L131-M_v9 L7-Rsf9 L16-Mqv6 L25-Ckm0 L34-Gxb4 L43-Znw3 L52-Vha3 L61-Crw5 L70-Ppa8 L79-Hbn8 L88-Xlq0 L97-Jfj8 L106-Qna7 L115-C_x2 L124-Seo0 L132-Opa4 L8-Eri5 L17-Wxc4 L26-P__7 L35-Xum8 L44-Mjb5 L53-Yhk5 L62-Azy3 L71-Awi2 L80-Zsq3 L89-Jjw3 L98-Jtb2 L107-Tvb5 L116-Cyc9 L125-Cm_9 L133-J_i1 L9-Eri5 L18-Toi5 L27-Jtg1 L36-Nre1 L45-Iju9 L54-Kom2 L63-Fyw9 L72-Ytl7 L81-Cdc0 L90-Ixu0 L99-Vug7 L108-Dek2 L117-S_t9 L126-Wtx4 L134-Rsc3
L1-Pkz4 L10-Han6 L19-Vly6 L28-Irk0 L37-E_k7 L46-Nuu6 L55-Xex9 L64-Fag2 L73-Oss7 L82-Pdy3 L91-Ibi1 L100-Sll0 L109-J_w3 L118-T_a9 L2-Q_p9 L11-Mmm3 L20-Kxz4 L29-Thf5 L38-Jfq8 L47-K_u9 L56-Jal6 L65-Rge6 L74-Gzg1 L83-Wgx4 L92-Z_k5 L101-Uqd1 L110-Okv1 L119-Npo3 L127-Hez8 L3-Uij7 L12-Bgw8 L21-Pai8 L30-Mqt9 L39-Afk4 L48-Tnp4 L57-Owv2 L66-Aks8 L75-Olw5 L84-Ihw9 L93-Nme9 L102-Jvl4 L111-Kcm6 L120-F_m5 L128-Wet0 L4-Pas1 L13-Zws9 L22-Mwg5 L31-Fyi2 L40-Khf4 L49-F_a4 L58-Eof1 L67-Gsu7 L76-Clw8 L85-S_i9 L94-Tok7 L103-Uiu8 L112-Cvv3 L121-Qqn9 L129-Aqq8 L5-Ski9 L14-Alw6 L23-Kh_6 L32-Ya_5 L41-E_m0 L50-Sds5 L59-J_s3 L68-Hv_4 L77-Fpw0 L86-Dnu6 L95-Hpx7 L104-Pvx9 L113-Woi9 L122-Ehe1 L130-U__1 L6-J_a5 L15-Wra8 L24-Fsl2 L33-D_w9 L42-Vfz2 L51-Ron3 L60-Nee0 L69-Rjd3 L78-Ap_5 L87-Jkq6 L96-N_d9 L105-Ian9 L114-Ekk7 L123-Eia6 L131-Foc7 L7-Rl_2 L16-Rsf9 L25-Mqv6 L34-Ckm0 L43-Gxb4 L52-Znw3 L61-Vha3 L70-Crw5 L79-Ppa8 L88-Hbn8 L97-Xlq0 L106-Jfj8 L115-Qna7 L124-C_x2 L132-Seo0 L17-Eri5 L26-Wxc4 L35-P__7 L44-Xum8 L53-Mjb5 L62-Yhk5 L71-Azy3 L80-Awi2 L89-Zsq3 L98-Jjw3 L107-Jtb2 L116-Tvb5 L125-Cyc9 L133-Cm_9 L18-Eri5 L27-Toi5 L36-Jtg1 L45-Nre1 L54-Iju9 L63-Kom2 L72-Fyw9 L81-Ytl7 L90-Cdc0 L99-Ixu0 L108-Vug7 L117-Dek2 L126-S_t9 L134-Wtx4
L1-Vbd7 L10-Pkz4 L19-Han6 L28-Vly6 L37-Irk0 L46-E_k7 L55-Nuu6 L64-Xex9 L73-Fag2 L82-Oss7 L91-Pdy3 L100-Ibi1 L109-Sll0 L118-J_w3 L2-V_f1 L11-Q_p9 L20-Mmm3 L29-Kxz4 L38-Thf5 L47-Jfq8 L56-K_u9 L65-Jal6 L74-Rge6 L83-Gzg1 L92-Wgx4 L101-Z_k5 L110-Uqd1 L119-Okv1 L127-Npo3 L3-Ai_1 L12-Uij7 L21-Bgw8 L30-Pai8 L39-Mqt9 L48-Afk4 L57-Tnp4 L66-Owv2 L75-Aks8 L84-Olw5 L93-Ihw9 L102-Nme9 L111-Jvl4 L120-Kcm6 L128-F_m5 L4-Xpv4 L13-Pas1 L22-Zws9 L31-Mwg5 L40-Fyi2 L49-Khf4 L58-F_a4 L67-Eof1 L76-Gsu7 L85-Clw8 L94-S_i9 L103-Tok7 L112-Uiu8 L121-Cvv3 L129-Qqn9 L5-Adi5 L14-Ski9 L23-Alw6 L32-Kh_6 L41-Ya_5 L50-E_m0 L59-Sds5 L68-J_s3 L77-Hv_4 L86-Fpw0 L95-Dnu6 L104-Hpx7 L113-Pvx9 L122-Woi9 L130-Ehe1 L6-Wil7 L15-J_a5 L24-Wra8 L33-Fsl2 L42-D_w9 L51-Vfz2 L60-Ron3 L69-Nee0 L78-Rjd3 L87-Ap_5 L96-Jkq6 L105-N_d9 L114-Ian9 L123-Ekk7 L131-Eia6 L7-Eri5 L16-Rl_2 L25-Rsf9 L34-Mqv6 L43-Ckm0 L52-Gxb4 L61-Znw3 L70-Vha3 L79-Crw5 L88-Ppa8 L97-Hbn8 L106-Xlq0 L115-Jfj8 L124-Qna7 L132-C_x2 L26-Eri5 L35-Wxc4 L44-P__7 L53-Xum8 L62-Mjb5 L71-Yhk5 L80-Azy3 L89-Awi2 L98-Zsq3 L107-Jjw3 L116-Jtb2 L125-Tvb5 L133-Cyc9 L27-Eri5 L36-Toi5 L45-Jtg1 L54-Nre1 L63-Iju9 L72-Kom2 L81-Fyw9 L90-Ytl7 L99-Cdc0 L108-Ixu0 L117-Vug7 L126-Dek2 L134-S_t9
L1-Arb5 L10-Vbd7 L19-Pkz4 L28-Han6 L37-Vly6 L46-Irk0 L55-E_k7 L64-Nuu6 L73-Xex9 L82-Fag2 L91-Oss7 L100-Pdy3 L109-Ibi1 L118-Sll0 L2-Vx_0 L11-V_f1 L20-Q_p9 L29-Mmm3 L38-Kxz4 L47-Thf5 L56-Jfq8 L65-K_u9 L74-Jal6 L83-Rge6 L92-Gzg1 L101-Wgx4 L110-Z_k5 L119-Uqd1 L127-Okv1 L3-Jen1 L12-Ai_1 L21-Uij7 L30-Bgw8 L39-Pai8 L48-Mqt9 L57-Afk4 L66-Tnp4 L75-Owv2 L84-Aks8 L93-Olw5 L102-Ihw9 L111-Nme9 L120-Jvl4 L128-Kcm6 L4-Slx5 L13-Xpv4 L22-Pas1 L31-Zws9 L40-Mwg5 L49-Fyi2 L58-Khf4 L67-F_a4 L76-Eof1 L85-Gsu7 L94-Clw8 L103-S_i9 L112-Tok7 L121-Uiu8 L129-Cvv3 L5-Pwf3 L14-Adi5 L23-Ski9 L32-Alw6 L41-Kh_6 L50-Ya_5 L59-E_m0 L68-Sds5 L77-J_s3 L86-Hv_4 L95-Fpw0 L104-Dnu6 L113-Hpx7 L122-Pvx9 L130-Woi9 L6-Uyj8 L15-Wil7 L24-J_a5 L33-Wra8 L42-Fsl2 L51-D_w9 L60-Vfz2 L69-Ron3 L78-Nee0 L87-Rjd3 L96-Ap_5 L105-Jkq6 L114-N_d9 L123-Ian9 L131-Ekk7 L16-Eri5 L25-Rl_2 L34-Rsf9 L43-Mqv6 L52-Ckm0 L61-Gxb4 L70-Znw3 L79-Vha3 L88-Crw5 L97-Ppa8 L106-Hbn8 L115-Xlq0 L124-Jfj8 L132-Qna7 L35-Eri5 L44-Wxc4 L53-P__7 L62-Xum8 L71-Mjb5 L80-Yhk5 L89-Azy3 L98-Awi2 L107-Zsq3 L116-Jjw3 L125-Jtb2 L133-Tvb5 L36-Eri5 L45-Toi5 L54-Jtg1 L63-Nre1 L72-Iju9 L81-Kom2 L90-Fyw9 L99-Ytl7 L108-Cdc0 L117-Ixu0 L126-Vug7 L134-Dek2
L1-Weg2 L10-Arb5 L19-Vbd7 L28-Pkz4 L37-Han6 L46-Vly6 L55-Irk0 L64-E_k7 L73-Nuu6 L82-Xex9 L91-Fag2 L100-Oss7 L109-Pdy3 L118-Ibi1 L2-O_w2 L11-Vx_0 L20-V_f1 L29-Q_p9 L38-Mmm3 L47-Kxz4 L56-Thf5 L65-Jfq8 L74-K_u9 L83-Jal6 L92-Rge6 L101-Gzg1 L110-Wgx4 L119-Z_k5 L127-Uqd1 L3-Hfh8 L12-Jen1 L21-Ai_1 L30-Uij7 L39-Bgw8 L48-Pai8 L57-Mqt9 L66-Afk4 L75-Tnp4 L84-Owv2 L93-Aks8 L102-Olw5 L111-Ihw9 L120-Nme9 L128-Jvl4 L4-Hkf1 L13-Slx5 L22-Xpv4 L31-Pas1 L40-Zws9 L49-Mwg5 L58-Fyi2 L67-Khf4 L76-F_a4 L85-Eof1 L94-Gsu7 L103-Clw8 L112-S_i9 L121-Tok7 L129-Uiu8 L5-Gkx1 L14-Pwf3 L23-Adi5 L32-Ski9 L41-Alw6 L50-Kh_6 L59-Ya_5 L68-E_m0 L77-Sds5 L86-J_s3 L95-Hv_4 L104-Fpw0 L113-Dnu6 L122-Hpx7 L130-Pvx9 L6-Eri5 L15-Uyj8 L24-Wil7 L33-J_a5 L42-Wra8 L51-Fsl2 L60-D_w9 L69-Vfz2 L78-Ron3 L87-Nee0 L96-Rjd3 L105-Ap_5 L114-Jkq6 L123-N_d9 L131-Ian9 L25-Eri5 L34-Rl_2 L43-Rsf9 L52-Mqv6 L61-Ckm0 L70-Gxb4 L79-Znw3 L88-Vha3 L97-Crw5 L106-Ppa8 L115-Hbn8 L124-Xlq0 L132-Jfj8 L44-Eri5 L53-Wxc4 L62-P__7 L71-Xum8 L80-Mjb5 L89-Yhk5 L98-Azy3 L107-Awi2 L116-Zsq3 L125-Jjw3 L133-Jtb2 L45-Eri5 L54-Toi5 L63-Jtg1 L72-Nre1 L81-Iju9 L90-Kom2 L99-Fyw9 L108-Ytl7 L117-Cdc0 L126-Ixu0 L134-Vug7
L1-Hqe7 L10-Weg2 L19-Arb5 L28-Vbd7 L37-Pkz4 L46-Han6 L55-Vly6 L64-Irk0 L73-E_k7 L82-Nuu6 L91-Xex9 L100-Fag2 L109-Oss7 L118-Pdy3 L2-Jlr8 L11-O_w2 L20-Vx_0 L29-V_f1 L38-Q_p9 L47-Mmm3 L56-Kxz4 L65-Thf5 L74-Jfq8 L83-K_u9 L92-Jal6 L101-Rge6 L110-Gzg1 L119-Wgx4 L127-Z_k5 L3-Xgt1 L12-Hfh8 L21-Jen1 L30-Ai_1 L39-Uij7 L48-Bgw8 L57-Pai8 L66-Mqt9 L75-Afk4 L84-Tnp4 L93-Owv2 L102-Aks8 L111-Olw5 L120-Ihw9 L128-Nme9 L4-Bhs2 L13-Hkf1 L22-Slx5 L31-Xpv4 L40-Pas1 L49-Zws9 L58-Mwg5 L67-Fyi2 L76-Khf4 L85-F_a4 L94-Eof1 L103-Gsu7 L112-Clw8 L121-S_i9 L129-Tok7 L5-Pnx8 L14-Gkx1 L23-Pwf3 L32-Adi5 L41-Ski9 L50-Alw6 L59-Kh_6 L68-Ya_5 L77-E_m0 L86-Sds5 L95-J_s3 L104-Hv_4 L113-Fpw0 L122-Dnu6 L130-Hpx7 L15-Eri5 L24-Uyj8 L33-Wil7 L42-J_a5 L51-Wra8 L60-Fsl2 L69-D_w9 L78-Vfz2 L87-Ron3 L96-Nee0 L105-Rjd3 L114-Ap_5 L123-Jkq6 L131-N_d9 L34-Eri5 L43-Rl_2 L52-Rsf9 L61-Mqv6 L70-Ckm0 L79-Gxb4 L88-Znw3 L97-Vha3 L106-Crw5 L115-Ppa8 L124-Hbn8 L132-Xlq0 L53-Eri5 L62-Wxc4 L71-P__7 L80-Xum8 L89-Mjb5 L98-Yhk5 L107-Azy3 L116-Awi2 L125-Zsq3 L133-Jjw3 L54-Eri5 L63-Toi5 L72-Jtg1 L81-Nre1 L90-Iju9 L99-Kom2 L108-Fyw9 L117-Ytl7 L126-Cdc0 L134-Ixu0
L1-Ns_6 L10-Hqe7 L19-Weg2 L28-Arb5 L37-Vbd7 L46-Pkz4 L55-Han6 L64-Vly6 L73-Irk0 L82-E_k7 L91-Nuu6 L100-Xex9 L109-Fag2 L118-Oss7 L2-Ppk3 L11-Jlr8 L20-O_w2 L29-Vx_0 L38-V_f1 L47-Q_p9 L56-Mmm3 L65-Kxz4 L74-Thf5 L83-Jfq8 L92-K_u9 L101-Jal6 L110-Rge6 L119-Gzg1 L127-Wgx4 L3-Ukq8 L12-Xgt1 L21-Hfh8 L30-Jen1 L39-Ai_1 L48-Uij7 L57-Bgw8 L66-Pai8 L75-Mqt9 L84-Afk4 L93-Tnp4 L102-Owv2 L111-Aks8 L120-Olw5 L128-Ihw9 L4-Eri5 L13-Bhs2 L22-Hkf1 L31-Slx5 L40-Xpv4 L49-Pas1 L58-Zws9 L67-Mwg5 L76-Fyi2 L85-Khf4 L94-F_a4 L103-Eof1 L112-Gsu7 L121-Clw8 L129-S_i9 L5-Eri5 L14-Pnx8 L23-Gkx1 L32-Pwf3 L41-Adi5 L50-Ski9 L59-Alw6 L68-Kh_6 L77-Ya_5 L86-E_m0 L95-Sds5 L104-J_s3 L113-Hv_4 L122-Fpw0 L130-Dnu6 L24-Eri5 L33-Uyj8 L42-Wil7 L51-J_a5 L60-Wra8 L69-Fsl2 L78-D_w9 L87-Vfz2 L96-Ron3 L105-Nee0 L114-Rjd3 L123-Ap_5 L131-Jkq6 L43-Eri5 L52-Rl_2 L61-Rsf9 L70-Mqv6 L79-Ckm0 L88-Gxb4 L97-Znw3 L106-Vha3 L115-Crw5 L124-Ppa8 L132-Hbn8 L62-Eri5 L71-Wxc4 L80-P__7 L89-Xum8 L98-Mjb5 L107-Yhk5 L116-Azy3 L125-Awi2 L133-Zsq3 L63-Eri5 L72-Toi5 L81-Jtg1 L90-Nre1 L99-Iju9 L108-Kom2 L117-Fyw9 L126-Ytl7 L134-Cdc0
L1-Tmw0 L10-Ns_6 L19-Hqe7 L28-Weg2 L37-Arb5 L46-Vbd7 L55-Pkz4 L64-Han6 L73-Vly6 L82-Irk0 L91-E_k7 L100-Nuu6 L109-Xex9 L118-Fag2 L2-Thk7 L11-Ppk3 L20-Jlr8 L29-O_w2 L38-Vx_0 L47-V_f1 L56-Q_p9 L65-Mmm3 L74-Kxz4 L83-Thf5 L92-Jfq8 L101-K_u9 L110-Jal6 L119-Rge6 L127-Gzg1 L3-Uks0 L12-Ukq8 L21-Xgt1 L30-Hfh8 L39-Jen1 L48-Ai_1 L57-Uij7 L66-Bgw8 L75-Pai8 L84-Mqt9 L93-Afk4 L102-Tnp4 L111-Owv2 L120-Aks8 L128-Olw5 L13-Eri5 L22-Bhs2 L31-Hkf1 L40-Slx5 L49-Xpv4 L58-Pas1 L67-Zws9 L76-Mwg5 L85-Fyi2 L94-Khf4 L103-F_a4 L112-Eof1 L121-Gsu7 L129-Clw8 L14-Eri5 L23-Pnx8 L32-Gkx1 L41-Pwf3 L50-Adi5 L59-Ski9 L68-Alw6 L77-Kh_6 L86-Ya_5 L95-E_m0 L104-Sds5 L113-J_s3 L122-Hv_4 L130-Fpw0 L33-Eri5 L42-Uyj8 L51-Wil7 L60-J_a5 L69-Wra8 L78-Fsl2 L87-D_w9 L96-Vfz2 L105-Ron3 L114-Nee0 L123-Rjd3 L131-Ap_5 L52-Eri5 L61-Rl_2 L70-Rsf9 L79-Mqv6 L88-Ckm0 L97-Gxb4 L106-Znw3 L115-Vha3 L124-Crw5 L132-Ppa8 L71-Eri5 L80-Wxc4 L89-P__7 L98-Xum8 L107-Mjb5 L116-Yhk5 L125-Azy3 L133-Awi2 L72-Eri5 L81-Toi5 L90-Jtg1 L99-Nre1 L108-Iju9 L117-Kom2 L126-Fyw9 L134-Ytl7
L1-Eri5 L10-Tmw0 L19-Ns_6 L28-Hqe7 L37-Weg2 L46-Arb5 L55-Vbd7 L64-Pkz4 L73-Han6 L82-Vly6 L91-Irk0 L100-E_k7 L109-Nuu6 L118-Xex9 L2-Eri5 L11-Thk7 L20-Ppk3 L29-Jlr8 L38-O_w2 L47-Vx_0 L56-V_f1 L65-Q_p9 L74-Mmm3 L83-Kxz4 L92-Thf5 L101-Jfq8 L110-K_u9 L119-Jal6 L127-Rge6 L3-Eri5 L12-Uks0 L21-Ukq8 L30-Xgt1 L39-Hfh8 L48-Jen1 L57-Ai_1 L66-Uij7 L75-Bgw8 L84-Pai8 L93-Mqt9 L102-Afk4 L111-Tnp4 L120-Owv2 L128-Aks8 L22-Eri5 L31-Bhs2 L40-Hkf1 L49-Slx5 L58-Xpv4 L67-Pas1 L76-Zws9 L85-Mwg5 L94-Fyi2 L103-Khf4 L112-F_a4 L121-Eof1 L129-Gsu7 L23-Eri5 L32-Pnx8 L41-Gkx1 L50-Pwf3 L59-Adi5 L68-Ski9 L77-Alw6 L86-Kh_6 L95-Ya_5 L104-E_m0 L113-Sds5 L122-J_s3 L130-Hv_4 L42-Eri5 L51-Uyj8 L60-Wil7 L69-J_a5 L78-Wra8 L87-Fsl2 L96-D_w9 L105-Vfz2 L114-Ron3 L123-Nee0 L131-Rjd3 L61-Eri5 L70-Rl_2 L79-Rsf9 L88-Mqv6 L97-Ckm0 L106-Gxb4 L115-Znw3 L124-Vha3 L132-Crw5 L80-Eri5 L89-Wxc4 L98-P__7 L107-Xum8 L116-Mjb5 L125-Yhk5 L133-Azy3 L81-Eri5 L90-Toi5 L99-Jtg1 L108-Nre1 L117-Iju9 L126-Kom2 L134-Fyw9
L10-Eri5 L19-Tmw0 L28-Ns_6 L37-Hqe7 L46-Weg2 L55-Arb5 L64-Vbd7 L73-Pkz4 L82-Han6 L91-Vly6 L100-Irk0 L109-E_k7 L118-Nuu6 L11-Eri5 L20-Thk7 L29-Ppk3 L38-Jlr8 L47-O_w2 L56-Vx_0 L65-V_f1 L74-Q_p9 L83-Mmm3 L92-Kxz4 L101-Thf5 L110-Jfq8 L119-K_u9 L127-Jal6 L12-Eri5 L21-Uks0 L30-Ukq8 L39-Xgt1 L48-Hfh8 L57-Jen1 L66-Ai_1 L75-Uij7 L84-Bgw8 L93-Pai8 L102-Mqt9 L111-Afk4 L120-Tnp4 L128-Owv2 L31-Eri5 L40-Bhs2 L49-Hkf1 L58-Slx5 L67-Xpv4 L76-Pas1 L85-Zws9 L94-Mwg5 L103-Fyi2 L112-Khf4 L121-F_a4 L129-Eof1 L32-Eri5 L41-Pnx8 L50-Gkx1 L59-Pwf3 L68-Adi5 L77-Ski9 L86-Alw6 L95-Kh_6 L104-Ya_5 L113-E_m0 L122-Sds5 L130-J_s3 L51-Eri5 L60-Uyj8 L69-Wil7 L78-J_a5 L87-Wra8 L96-Fsl2 L105-D_w9 L114-Vfz2 L123-Ron3 L131-Nee0 L70-Eri5 L79-Rl_2 L88-Rsf9 L97-Mqv6 L106-Ckm0 L115-Gxb4 L124-Znw3 L132-Vha3 L89-Eri5 L98-Wxc4 L107-P__7 L116-Xum8 L125-Mjb5 L133-Yhk5 L90-Eri5 L99-Toi5 L108-Jtg1 L117-Nre1 L126-Iju9 L134-Kom2
L19-Eri5 L28-Tmw0 L37-Ns_6 L46-Hqe7 L55-Weg2 L64-Arb5 L73-Vbd7 L82-Pkz4 L91-Han6 L100-Vly6 L109-Irk0 L118-E_k7 L20-Eri5 L29-Thk7 L38-Ppk3 L47-Jlr8 L56-O_w2 L65-Vx_0 L74-V_f1 L83-Q_p9 L92-Mmm3 L101-Kxz4 L110-Thf5 L119-Jfq8 L127-K_u9 L21-Eri5 L30-Uks0 L39-Ukq8 L48-Xgt1 L57-Hfh8 L66-Jen1 L75-Ai_1 L84-Uij7 L93-Bgw8 L102-Pai8 L111-Mqt9 L120-Afk4 L128-Tnp4 L40-Eri5 L49-Bhs2 L58-Hkf1 L67-Slx5 L76-Xpv4 L85-Pas1 L94-Zws9 L103-Mwg5 L112-Fyi2 L121-Khf4 L129-F_a4 L41-Eri5 L50-Pnx8 L59-Gkx1 L68-Pwf3 L77-Adi5 L86-Ski9 L95-Alw6 L104-Kh_6 L113-Ya_5 L122-E_m0 L130-Sds5 L60-Eri5 L69-Uyj8 L78-Wil7 L87-J_a5 L96-Wra8 L105-Fsl2 L114-D_w9 L123-Vfz2 L131-Ron3 L79-Eri5 L88-Rl_2 L97-Rsf9 L106-Mqv6 L115-Ckm0 L124-Gxb4 L132-Znw3 L98-Eri5 L107-Wxc4 L116-P__7 L125-Xum8 L133-Mjb5 L99-Eri5 L108-Toi5 L117-Jtg1 L126-Nre1 L134-Iju9
L28-Eri5 L37-Tmw0 L46-Ns_6 L55-Hqe7 L64-Weg2 L73-Arb5 L82-Vbd7 L91-Pkz4 L100-Han6 L109-Vly6 L118-Irk0 L29-Eri5 L38-Thk7 L47-Ppk3 L56-Jlr8 L65-O_w2 L74-Vx_0 L83-V_f1 L92-Q_p9 L101-Mmm3 L110-Kxz4 L119-Thf5 L127-Jfq8 L30-Eri5 L39-Uks0 L48-Ukq8 L57-Xgt1 L66-Hfh8 L75-Jen1 L84-Ai_1 L93-Uij7 L102-Bgw8 L111-Pai8 L120-Mqt9 L128-Afk4 L49-Eri5 L58-Bhs2 L67-Hkf1 L76-Slx5 L85-Xpv4 L94-Pas1 L103-Zws9 L112-Mwg5 L121-Fyi2 L129-Khf4 L50-Eri5 L59-Pnx8 L68-Gkx1 L77-Pwf3 L86-Adi5 L95-Ski9 L104-Alw6 L113-Kh_6 L122-Ya_5 L130-E_m0 L69-Eri5 L78-Uyj8 L87-Wil7 L96-J_a5 L105-Wra8 L114-Fsl2 L123-D_w9 L131-Vfz2 L88-Eri5 L97-Rl_2 L106-Rsf9 L115-Mqv6 L124-Ckm0 L132-Gxb4 L107-Eri5 L116-Wxc4 L125-P__7 L133-Xum8 L108-Eri5 L117-Toi5 L126-Jtg1 L134-Nre1
L37-Eri5 L46-Tmw0 L55-Ns_6 L64-Hqe7 L73-Weg2 L82-Arb5 L91-Vbd7 L100-Pkz4 L109-Han6 L118-Vly6 L38-Eri5 L47-Thk7 L56-Ppk3 L65-Jlr8 L74-O_w2 L83-Vx_0 L92-V_f1 L101-Q_p9 L110-Mmm3 L119-Kxz4 L127-Thf5 L39-Eri5 L48-Uks0 L57-Ukq8 L66-Xgt1 L75-Hfh8 L84-Jen1 L93-Ai_1 L102-Uij7 L111-Bgw8 L120-Pai8 L128-Mqt9 L58-Eri5 L67-Bhs2 L76-Hkf1 L85-Slx5 L94-Xpv4 L103-Pas1 L112-Zws9 L121-Mwg5 L129-Fyi2 L59-Eri5 L68-Pnx8 L77-Gkx1 L86-Pwf3 L95-Adi5 L104-Ski9 L113-Alw6 L122-Kh_6 L130-Ya_5 L78-Eri5 L87-Uyj8 L96-Wil7 L105-J_a5 L114-Wra8 L123-Fsl2 L131-D_w9 L97-Eri5 L106-Rl_2 L115-Rsf9 L124-Mqv6 L132-Ckm0 L116-Eri5 L125-Wxc4 L133-P__7 L117-Eri5 L126-Toi5 L134-Jtg1
L46-Eri5 L55-Tmw0 L64-Ns_6 L73-Hqe7 L82-Weg2 L91-Arb5 L100-Vbd7 L109-Pkz4 L118-Han6 L47-Eri5 L56-Thk7 L65-Ppk3 L74-Jlr8 L83-O_w2 L92-Vx_0 L101-V_f1 L110-Q_p9 L119-Mmm3 L127-Kxz4 L48-Eri5 L57-Uks0 L66-Ukq8 L75-Xgt1 L84-Hfh8 L93-Jen1 L102-Ai_1 L111-Uij7 L120-Bgw8 L128-Pai8 L67-Eri5 L76-Bhs2 L85-Hkf1 L94-Slx5 L103-Xpv4 L112-Pas1 L121-Zws9 L129-Mwg5 L68-Eri5 L77-Pnx8 L86-Gkx1 L95-Pwf3 L104-Adi5 L113-Ski9 L122-Alw6 L130-Kh_6 L87-Eri5 L96-Uyj8 L105-Wil7 L114-J_a5 L123-Wra8 L131-Fsl2 L106-Eri5 L115-Rl_2 L124-Rsf9 L132-Mqv6 L125-Eri5 L133-Wxc4 L126-Eri5 L134-Toi5
L55-Eri5 L64-Tmw0 L73-Ns_6 L82-Hqe7 L91-Weg2 L100-Arb5 L109-Vbd7 L118-Pkz4 L56-Eri5 L65-Thk7 L74-Ppk3 L83-Jlr8 L92-O_w2 L101-Vx_0 L110-V_f1 L119-Q_p9 L127-Mmm3 L57-Eri5 L66-Uks0 L75-Ukq8 L84-Xgt1 L93-Hfh8 L102-Jen1 L111-Ai_1 L120-Uij7 L128-Bgw8 L76-Eri5 L85-Bhs2 L94-Hkf1 L103-Slx5 L112-Xpv4 L121-Pas1 L129-Zws9 L77-Eri5 L86-Pnx8 L95-Gkx1 L104-Pwf3 L113-Adi5 L122-Ski9 L130-Alw6 L96-Eri5 L105-Uyj8 L114-Wil7 L123-J_a5 L131-Wra8 L115-Eri5 L124-Rl_2 L132-Rsf9 L133-Eri5 L134-Eri5
L64-Eri5 L73-Tmw0 L82-Ns_6 L91-Hqe7 L100-Weg2 L109-Arb5 L118-Vbd7 L65-Eri5 L74-Thk7 L83-Ppk3 L92-Jlr8 L101-O_w2 L110-Vx_0 L119-V_f1 L127-Q_p9 L66-Eri5 L75-Uks0 L84-Ukq8 L93-Xgt1 L102-Hfh8 L111-Jen1 L120-Ai_1 L128-Uij7 L85-Eri5 L94-Bhs2 L103-Hkf1 L112-Slx5 L121-Xpv4 L129-Pas1 L86-Eri5 L95-Pnx8 L104-Gkx1 L113-Pwf3 L122-Adi5 L130-Ski9 L105-Eri5 L114-Uyj8 L123-Wil7 L131-J_a5 L124-Eri5 L132-Rl_2
L73-Eri5 L82-Tmw0 L91-Ns_6 L100-Hqe7 L109-Weg2 L118-Arb5 L74-Eri5 L83-Thk7 L92-Ppk3 L101-Jlr8 L110-O_w2 L119-Vx_0 L127-V_f1 L75-Eri5 L84-Uks0 L93-Ukq8 L102-Xgt1 L111-Hfh8 L120-Jen1 L128-Ai_1 L94-Eri5 L103-Bhs2 L112-Hkf1 L121-Slx5 L129-Xpv4 L95-Eri5 L104-Pnx8 L113-Gkx1 L122-Pwf3 L130-Adi5 L114-Eri5 L123-Uyj8 L131-Wil7 L132-Eri5
L82-Eri5 L91-Tmw0 L100-Ns_6 L109-Hqe7 L118-Weg2 L83-Eri5 L92-Thk7 L101-Ppk3 L110-Jlr8 L119-O_w2 L127-Vx_0 L84-Eri5 L93-Uks0 L102-Ukq8 L111-Xgt1 L120-Hfh8 L128-Jen1 L103-Eri5 L112-Bhs2 L121-Hkf1 L129-Slx5 L104-Eri5 L113-Pnx8 L122-Gkx1 L130-Pwf3 L123-Eri5 L131-Uyj8
L91-Eri5 L100-Tmw0 L109-Ns_6 L118-Hqe7 L92-Eri5 L101-Thk7 L110-Ppk3 L119-Jlr8 L127-O_w2 L93-Eri5 L102-Uks0 L111-Ukq8 L120-Xgt1 L128-Hfh8 L112-Eri5 L121-Bhs2 L129-Hkf1 L113-Eri5 L122-Pnx8 L130-Gkx1 L131-Eri5
L100-Eri5 L109-Tmw0 L118-Ns_6 L101-Eri5 L110-Thk7 L119-Ppk3 L127-Jlr8 L102-Eri5 L111-Uks0 L120-Ukq8 L128-Xgt1 L121-Eri5 L129-Bhs2 L122-Eri5 L130-Pnx8
L109-Eri5 L118-Tmw0 L110-Eri5 L119-Thk7 L127-Ppk3 L111-Eri5 L120-Uks0 L128-Ukq8 L129-Eri5 L130-Eri5
L118-Eri5 L119-Eri5 L127-Thk7 L120-Eri5 L128-Uks0
L127-Eri5 L128-Eri5
