1
#Here is the number of lines required: 28
##start
Yke5 3 3
##end
K_j4 6 6
Kpw0 11 11
Tmx3 16 16
Wvt5 19 19
J_n7 21 21
Vgk9 22 22
Rra3 26 26
Og_6 30 30
Rum4 32 32
Tgx3 35 35
Y_q9 39 39
A_m9 41 41
Omb5 44 44
Gi_7 47 47
C_i1 50 50
Pkd4 53 53
Ibi1 55 55
Hmu5 59 59
Cyh8 64 64
Wjc3 67 67
Gxt6 71 71
Yry8 76 76
Unu1 80 80
B_w9 81 81
Vkd4 84 84
Oho2 86 86
Fim1 90 90
Wo_7 92 92
Een0 93 93
Tko1 97 97
Sgo5 101 101
Vqf0 106 106
Kxk7 110 110
Jkm5 114 114
Dty2 119 119
Fro0 122 122
Vfm9 126 126
Mdn9 130 130
Rbo1 132 132
Avj6 133 133
Pez0 137 137
B_n6 141 141
Kif6 144 144
Oyw2 147 147
Inz8 151 151
Kjy7 156 156
Qon9 159 159
Cqt9 164 164
Uws0 168 168
Rxr2 169 169
Cpv6 172 172
Tbp9 176 176
Qbz0 179 179
I_o4 181 181
Qtn9 183 183
Zfx5 186 186
P_i6 190 190
Hlf3 192 192
Nw_9 194 194
Vnb4 199 199
Yyp1 203 203
Rnu4 206 206
Gsg5 210 210
Ddz7 214 214
Hlp2 218 218
Mtx0 220 220
Dil3 221 221
Mlh4 223 223
Fgg4 226 226
Zow3 228 228
Juj7 233 233
X_f7 237 237
Vjl8 239 239
Pd_0 243 243
Ktp3 245 245
Dpj6 246 246
Sln0 250 250
Bu_9 254 254
Yvf0 259 259
Czl9 262 262
Mxc7 263 263
Wxo8 265 265
Khs8 268 268
Jbo9 271 271
Mif8 275 275
Dxf7 278 278
Nht8 280 280
Ayx2 285 285
Y_u2 289 289
Ttw5 290 290
Qym9 295 295
Bxv1 300 300
Uev5 303 303
Guk8 304 304
Uzm7 307 307
Enr3 312 312
Xqg4 315 315
Xpi0 318 318
I_c2 322 322
I_h0 325 325
Hxg3 329 329
Kns0 334 334
Rbi3 336 336
Auk9 339 339
Qxw3 343 343
Ula6 346 346
Xdl6 350 350
O_v2 352 352
Xey1 356 356
F_p5 360 360
H_o8 362 362
Ffc9 365 365
Rkq9 368 368
Ny_0 371 371
Ejz2 374 374
Tfu7 379 379
Cqk0 383 383
Vri0 385 385
E_q1 389 389
Qqd0 390 390
A_g0 393 393
Pec2 398 398
Fsi7 400 400
Jkz4 403 403
Wpj2 404 404
B_e7 406 406
Fug8 409 409
Ffc4 410 410
Nak0 414 414
Kzb2 417 417
Pye9 420 420
Jmf3 423 423
Ag_3 427 427
Cno9 432 432
Drt5 434 434
Roq5 438 438
Ysu8 440 440
Cu_0 444 444
Vj_0 446 446
Kvs1 451 451
Rtx1 456 456
Xif9 457 457
Dll6 459 459
Jmq5 464 464
Afn7 467 467
Ryq0 470 470
Mnn6 473 473
Cm_6 476 476
Iei2 481 481
Iwm1 483 483
Ide4 488 488
Afo4 491 491
Kra6 494 494
Zub9 497 497
Hm_3 499 499
Jtz6 502 502
Zuw0 506 506
Mje7 509 509
Vlh8 512 512
Tg_9 515 515
Dgs3 519 519
Wkx1 521 521
Koc8 525 525
F_o1 530 530
Xnt2 532 532
Hjj1 537 537
Npd4 541 541
Nsy5 546 546
Q__4 550 550
Pax9 553 553
Jwd9 554 554
Yyk2 558 558
Mtd2 560 560
Omi3 564 564
Wcd4 566 566
Ckm8 570 570
Aqp2 572 572
Shf9 576 576
Sah0 577 577
M_d5 578 578
W_l6 581 581
K_w3 584 584
Cwl4 585 585
Eoh1 589 589
Qik3 593 593
Xrk1 596 596
Nqp4 600 600
Ive5 601 601
H_n5 605 605
Pte6 608 608
Cbr8 611 611
Xsn8 615 615
N_u7 617 617
Ain6 621 621
Fwl8 622 622
Ues8 627 627
Wuk4 631 631
V_p0 635 635
Rke4 637 637
Iic2 642 642
Svd2 644 644
Xqf4 649 649
Vmd8 651 651
Tek3 654 654
Con9 656 656
Cnz5 661 661
Yue7 664 664
Szk7 667 667
Www6 670 670
Bay0 673 673
Zsu4 677 677
Mlj0 679 679
Yyf2 680 680
Ikt3 682 682
Asu1 687 687
Gru0 688 688
Qcf1 691 691
Eiv2 693 693
Rpj0 696 696
Oqu1 701 701
Tit0 703 703
Kpf8 707 707
Mdl5 709 709
Sus1 712 712
Old4 717 717
Veo6 719 719
N_m1 724 724
Xta0 727 727
Pnh5 731 731
Pnt5 733 733
Tdi4 736 736
Hl_0 738 738
H_l9 741 741
Rpa7 744 744
Sfm9 746 746
Wgt8 749 749
Fdb2 753 753
Rxh8 754 754
Pbt3 758 758
Jc_6 759 759
Xyn2 761 761
Ivu6 764 764
Nvl9 768 768
Edc7 773 773
Zn_6 778 778
Bcl1 782 782
R_p0 785 785
Qkr9 790 790
B_v1 794 794
Ucb0 798 798
Osp1 802 802
Nwk7 806 806
Zfd9 811 811
Xic1 814 814
Dmm2 816 816
Ytf7 817 817
U_g5 821 821
Yxk2 826 826
Npx5 829 829
B_v9 833 833
Iud7 835 835
Pem6 837 837
Iup1 838 838
Wlj8 839 839
Voy4 842 842
Fo_0 845 845
Mh_6 848 848
G_m0 853 853
Vzd1 858 858
Xro7 863 863
Vkl9 867 867
Kdq3 870 870
Oii4 874 874
Sna9 878 878
Xsu9 881 881
Zut3 883 883
Apo7 887 887
Hcv3 891 891
Ean6 894 894
Xqv7 898 898
Zbf2 902 902
Xlv6 904 904
Iaj0 905 905
Y__6 908 908
V_s2 912 912
Tyy7 916 916
Ikg5 920 920
Ddj2 921 921
Mmh6 924 924
Ptk3 926 926
Vmk3 931 931
Ylb0 934 934
Xct6 936 936
Zuh1 938 938
Nbi3 942 942
Ddd1 943 943
Kyr2 944 944
Cqk2 945 945
X_r4 948 948
Tge4 951 951
Z__0 954 954
Txa7 957 957
Qqi6 960 960
Dmx8 962 962
Afu1 965 965
Nhc0 970 970
Rzt9 972 972
Zto9 973 973
Elg0 976 976
Uvg5 978 978
Nfm7 981 981
Ity8 983 983
Ntb8 984 984
Qkt6 986 986
Rdx5 987 987
Yeh0 990 990
Bzg3 992 992
Iid8 996 996
Pa_5 1000 1000
Pue0 1003 1003
Cp_7 1006 1006
O__8 1011 1011
Cak7 1015 1015
Exs1 1018 1018
Gmw6 1020 1020
Huw6 1024 1024
Tjl5 1026 1026
Bvc1 1029 1029
Eh_8 1034 1034
Ero2 1039 1039
Cuh4 1040 1040
Yx_1 1042 1042
Pt_0 1045 1045
Ipq0 1048 1048
Wz_6 1053 1053
Hcd7 1055 1055
Uri2 1058 1058
Nde8 1061 1061
Zqy0 1063 1063
Mqu9 1066 1066
Qv_9 1069 1069
Zxn2 1073 1073
G_s9 1076 1076
Crq0 1079 1079
Td_5 1083 1083
Twe6 1088 1088
Jby2 1091 1091
Rwj8 1094 1094
Fot5 1096 1096
N_o1 1099 1099
Zhc2 1103 1103
Afd6 1106 1106
Odl7 1109 1109
Fme7 1112 1112
Hjs3 1113 1113
Bvj0 1114 1114
I_w4 1118 1118
Wuc2 1123 1123
Ubt9 1127 1127
Wrc9 1129 1129
Dza8 1131 1131
Tjw9 1132 1132
Tpj0 1136 1136
Nfp0 1140 1140
P_v4 1144 1144
Yq_6 1146 1146
Ug_0 1150 1150
Swj5 1152 1152
Bsx4 1155 1155
Bfl5 1157 1157
Atb2 1161 1161
Nwg5 1166 1166
Ihi8 1168 1168
K_z2 1173 1173
Xk_4 1178 1178
Hpd8 1181 1181
Nqj8 1184 1184
Rcv6 1189 1189
Stw4 1191 1191
E_u5 1195 1195
Cto9 1198 1198
Bns9 1203 1203
Urh9 1205 1205
Tmf1 1209 1209
Uyr3 1213 1213
Som5 1216 1216
Okx7 1219 1219
Kap9 1221 1221
Kec8 1226 1226
Uso4 1227 1227
Umw9 1230 1230
Ojb1 1233 1233
Ymy6 1238 1238
Dkf7 1240 1240
Ico2 1244 1244
Fqz7 1247 1247
Ou_6 1249 1249
Zuk5 1251 1251
Nsy0 1253 1253
F__4 1256 1256
A_z3 1258 1258
Ggi3 1262 1262
T_c3 1266 1266
Prv6 1270 1270
O_b7 1272 1272
Stf2 1273 1273
Pgr2 1276 1276
Pwq7 1278 1278
Fu_3 1282 1282
Ixv4 1285 1285
Dxe2 1288 1288
Idi0 1291 1291
Eml0 1294 1294
Sdv5 1297 1297
Ofl4 1300 1300
Cbq4 1302 1302
G__3 1305 1305
Hdf8 1309 1309
Vmv8 1312 1312
Dan5 1315 1315
Zty5 1318 1318
Tgd4 1320 1320
Cfc7 1323 1323
Rok2 1325 1325
Ei_2 1330 1330
Agh7 1333 1333
Jxe8 1338 1338
Z_y0 1342 1342
Hxs3 1346 1346
Vfi1 1350 1350
Gok3 1354 1354
We_2 1357 1357
Cbk9 1358 1358
Kxj5 1361 1361
Mlg0 1362 1362
Gfp4 1364 1364
Cnq0 1366 1366
U_i4 1369 1369
Nwi3 1370 1370
Mst1 1374 1374
Frq7 1377 1377
Fqy8 1381 1381
Eou7 1383 1383
Gog0 1386 1386
Jhr9 1388 1388
Ua_5 1390 1390
Sph3 1394 1394
Uwe2 1399 1399
Mxk6 1402 1402
Or_7 1404 1404
Bu_9-Mxk6
Vj_0-Uwe2
Mxc7-Sph3
Hmu5-Tmx3
Rbo1-Jhr9
C_i1-J_n7
Dmx8-Eou7
B_n6-Vgk9
Exs1-Rum4
Ymy6-Fqy8
We_2-Frq7
Som5-Y_q9
Mxc7-A_m9
Pec2-U_i4
Xsu9-Omb5
Gi_7-Cnq0
C_i1-Gi_7
Mlg0-Ibi1
Hmu5-Mlg0
Cyh8-Kxj5
Cbk9-Cyh8
Vfi1-Gok3
Gxt6-Hxs3
Yry8-Z_y0
B_w9-Unu1
Jxe8-B_w9
Wo_7-Fim1
Een0-Ei_2
Tko1-Een0
Zty5-Tgd4
Vqf0-Sgo5
Dan5-Vqf0
Jkm5-G__3
Cbq4-Dty2
Fro0-Cbq4
Vfm9-Ofl4
Ixv4-Dxe2
Fu_3-Ixv4
Pwq7-Fu_3
Pgr2-Pwq7
Oyw2-Kif6
O_b7-Stf2
Inz8-O_b7
Kjy7-Inz8
Qon9-Kjy7
Prv6-Qon9
Ggi3-T_c3
F__4-A_z3
Rxr2-F__4
Yke5-Rxr2
Cpv6-K_j4
Zuk5-Nsy0
Tbp9-Ou_6
Qbz0-Tbp9
Ymy6-Zfx5
Hlf3-Ojb1
Vnb4-Nw_9
Rnu4-Yyp1
Umw9-Rnu4
Kec8-Uso4
Kap9-Kec8
Gsg5-Okx7
Mtx0-Hlp2
Som5-Mtx0
Bns9-Urh9
E_u5-Dil3
Hpd8-Zow3
X_f7-Xk_4
Atb2-Nwg5
Pd_0-Vjl8
Ktp3-Pd_0
Dpj6-Ktp3
Bfl5-Sln0
Bsx4-Bfl5
Swj5-Bu_9
Ug_0-Swj5
Yq_6-Ug_0
P_v4-Yq_6
Yvf0-P_v4
Mxc7-Nfp0
Tpj0-Mxc7
Khs8-Wxo8
Dza8-Tjw9
Jbo9-Dza8
Mif8-Jbo9
Wrc9-Mif8
Dxf7-Wrc9
Nht8-K_j4
Y_u2-Ayx2
Bvj0-I_w4
Bxv1-Qym9
Hjs3-Bxv1
Guk8-Afd6
Enr3-Jby2
I_c2-Xpi0
Td_5-Twe6
Crq0-Td_5
Zxn2-G_s9
Hxg3-Qv_9
Mqu9-Hxg3
Zqy0-Mqu9
Rbi3-Nde8
Uri2-Auk9
Ula6-Qxw3
Xey1-Ero2
Eh_8-F_p5
H_o8-Eh_8
Bvc1-H_o8
Ffc9-Bvc1
Huw6-Rkq9
Ejz2-Ny_0
Tfu7-Gmw6
E_q1-Vri0
Cak7-E_q1
O__8-Cak7
Pa_5-Pue0
Pec2-A_g0
Iid8-Fsi7
Bzg3-Iid8
Rdx5-Yeh0
Wpj2-Rdx5
Qkt6-Wpj2
B_e7-Qkt6
Ntb8-Ffc4
Nak0-Ntb8
Yke5-Nak0
Kzb2-K_j4
Ity8-Kzb2
Nfm7-Ity8
Jmf3-Pye9
Ag_3-Jmf3
Roq5-Drt5
Nhc0-Vj_0
Xif9-Afu1
Jmq5-Dll6
Afn7-Jmq5
Ryq0-Txa7
Z__0-Ryq0
Cm_6-Mnn6
Iei2-Cm_6
Tge4-Iwm1
Kra6-Afo4
Zub9-Kyr2
Ddd1-Zub9
Hm_3-Ddd1
Zuh1-Nbi3
Ylb0-Xct6
Vmk3-Ylb0
Jtz6-Vmk3
Mje7-Zuw0
Ptk3-Vlh8
Tg_9-Ptk3
Mmh6-Dgs3
Ddj2-Mmh6
Koc8-Wkx1
F_o1-Tyy7
Xnt2-V_s2
Xlv6-Iaj0
Xqv7-Zbf2
Ean6-Xqv7
Hcv3-Ean6
Nsy5-Npd4
Xsu9-Zut3
Q__4-Xsu9
Sna9-Q__4
Oii4-Sna9
Pax9-Oii4
Jwd9-Vkl9
Xro7-Jwd9
Mtd2-Yyk2
Omi3-Mtd2
Wcd4-Omi3
G_m0-Ckm8
Shf9-Aqp2
Mh_6-Shf9
Fo_0-Mh_6
Sah0-Fo_0
M_d5-Sah0
Cwl4-K_w3
Wlj8-Cwl4
Iup1-Wlj8
Iud7-Pem6
Ytf7-Nqp4
Dmm2-Ytf7
Ive5-Dmm2
Xic1-Ive5
Zfd9-Xic1
Cbr8-Nwk7
Xsn8-Cbr8
Osp1-Xsn8
Ucb0-Osp1
B_v1-Ucb0
N_u7-B_v1
Qkr9-Ain6
Wuk4-Ues8
Bcl1-V_p0
Svd2-Iic2
Xqf4-Svd2
Con9-Tek3
Edc7-Con9
Nvl9-Edc7
Cnz5-Nvl9
Yue7-Xyn2
Szk7-Yue7
Bay0-Www6
Jc_6-Bay0
Pbt3-Jc_6
Pnh5-K_j4
Mlj0-Pnh5
Rxh8-Mlj0
Asu1-Wgt8
Sfm9-Asu1
Gru0-Rpa7
Kpf8-Tit0
Mdl5-Kpf8
Old4-Sus1
Veo6-Old4
H_l9-Veo6
Hl_0-H_l9
Tdi4-Hl_0
N_m1-Tdi4
Xta0-Pnt5
Yke5-Xta0
Pnt5-N_m1
Sus1-Mdl5
Tit0-Oqu1
Oqu1-Rpj0
Rpj0-Eiv2
Eiv2-Qcf1
Qcf1-Gru0
Rpa7-Sfm9
Wgt8-Ikt3
Ikt3-Fdb2
Fdb2-Yyf2
Yyf2-Rxh8
Yke5-Zsu4
Zsu4-Pbt3
Www6-Szk7
Xyn2-Ivu6
Ivu6-Cnz5
Tek3-Vmd8
Vmd8-Zn_6
Zn_6-Xqf4
Iic2-Rke4
Rke4-Bcl1
V_p0-Wuk4
Ues8-Fwl8
Fwl8-R_p0
R_p0-Qkr9
Ain6-N_u7
Nwk7-Pte6
Pte6-H_n5
H_n5-Zfd9
Nqp4-Xrk1
Xrk1-U_g5
U_g5-Yxk2
Yxk2-Npx5
Npx5-Qik3
Qik3-B_v9
B_v9-Eoh1
Eoh1-Iud7
Pem6-Iup1
K_w3-Voy4
Voy4-W_l6
W_l6-M_d5
Aqp2-G_m0
Ckm8-Vzd1
Vzd1-Wcd4
Yyk2-Xro7
Vkl9-Kdq3
Kdq3-Pax9
Zut3-Apo7
Apo7-Nsy5
Npd4-Hcv3
Zbf2-Hjj1
Hjj1-Xlv6
Iaj0-K_j4
Yke5-Y__6
Y__6-Xnt2
V_s2-F_o1
Tyy7-Koc8
Wkx1-Ikg5
Ikg5-Ddj2
Dgs3-Tg_9
Vlh8-Mje7
Zuw0-Jtz6
Xct6-Zuh1
Nbi3-Hm_3
Kyr2-Cqk2
Cqk2-Kra6
Afo4-X_r4
X_r4-Ide4
Ide4-Tge4
Iwm1-Iei2
Mnn6-Z__0
Txa7-Qqi6
Qqi6-Dmx8
Dmx8-Afn7
Dll6-Xif9
Afu1-Rtx1
Rtx1-Kvs1
Kvs1-Nhc0
Vj_0-Rzt9
Rzt9-Zto9
Zto9-Elg0
Elg0-Cu_0
Cu_0-Ysu8
Ysu8-Roq5
Drt5-Uvg5
Uvg5-Cno9
Cno9-Ag_3
Pye9-Nfm7
Ffc4-Fug8
Fug8-B_e7
Yeh0-Jkz4
Jkz4-Bzg3
Fsi7-Pec2
A_g0-Pa_5
Pue0-Qqd0
Qqd0-Cp_7
Cp_7-O__8
Vri0-Exs1
Exs1-Cqk0
Cqk0-Tfu7
Gmw6-Ejz2
Ny_0-Huw6
Rkq9-Tjl5
Tjl5-Ffc9
F_p5-Xey1
Ero2-Cuh4
Cuh4-Yx_1
Yx_1-O_v2
O_v2-Pt_0
Pt_0-Ipq0
Ipq0-Xdl6
Xdl6-Ula6
Qxw3-Wz_6
Wz_6-Hcd7
Hcd7-Uri2
Auk9-Rbi3
Nde8-Kns0
Kns0-Zqy0
Qv_9-Zxn2
G_s9-Crq0
Twe6-I_h0
I_h0-I_c2
Xpi0-Xqg4
Xqg4-Enr3
Jby2-Rwj8
Rwj8-Fot5
Fot5-N_o1
N_o1-Uzm7
Uzm7-Zhc2
Zhc2-Guk8
Afd6-Odl7
Odl7-Fme7
Fme7-Uev5
Uev5-Hjs3
Qym9-Bvj0
I_w4-Ttw5
Ttw5-Y_u2
Ayx2-Wuc2
Wuc2-Ubt9
Ubt9-Nht8
Yke5-Dxf7
Tjw9-Khs8
Wxo8-Tpj0
Nfp0-Czl9
Czl9-Yvf0
Bu_9-Bsx4
Sln0-Dpj6
Vjl8-Atb2
Nwg5-Ihi8
Ihi8-K_z2
K_z2-X_f7
Xk_4-Juj7
Juj7-Hpd8
Zow3-Nqj8
Nqj8-Rcv6
Rcv6-Fgg4
Fgg4-Stw4
Stw4-Mlh4
Mlh4-E_u5
Dil3-Cto9
Cto9-Bns9
Urh9-Tmf1
Tmf1-Uyr3
Uyr3-Som5
Hlp2-Ddz7
Ddz7-Gsg5
Okx7-Kap9
Uso4-Umw9
Yyp1-Vnb4
Nw_9-Hlf3
Ojb1-P_i6
P_i6-Ymy6
Zfx5-Qtn9
Qtn9-I_o4
I_o4-Dkf7
Dkf7-Ico2
Ico2-Fqz7
Fqz7-Qbz0
Ou_6-Zuk5
Nsy0-Cpv6
A_z3-Ggi3
T_c3-Uws0
Uws0-Cqt9
Cqt9-Prv6
Stf2-Oyw2
Kif6-Pgr2
Dxe2-B_n6
B_n6-Idi0
Idi0-Eml0
Eml0-Pez0
Pez0-Sdv5
Sdv5-Avj6
Avj6-Rbo1
Rbo1-Mdn9
Mdn9-Vfm9
Ofl4-Fro0
Dty2-Jkm5
G__3-Hdf8
Hdf8-Vmv8
Vmv8-Kxk7
Kxk7-Dan5
Sgo5-Zty5
Tgd4-Cfc7
Cfc7-Rok2
Rok2-Tko1
Ei_2-Wo_7
Fim1-Oho2
Oho2-Agh7
Agh7-Vkd4
Vkd4-Jxe8
Unu1-Yry8
Z_y0-Gxt6
Hxs3-Vfi1
Gok3-Wjc3
Wjc3-We_2
We_2-Cbk9
Kxj5-Hmu5
Ibi1-Pkd4
Pkd4-Gfp4
Gfp4-C_i1
Cnq0-K_j4
Xic1-Nwi3
Pbt3-Mst1
Rkq9-Tgx3
Koc8-Og_6
Shf9-Rra3
Ibi1-Wvt5
Fme7-Gog0
Cbr8-Ua_5
Omi3-Kpw0
Tgx3-Or_7
#Here is the number of lines required: 28

L1-Xta0
L1-Pnt5
L1-N_m1
L1-Tdi4
L1-Hl_0
L1-H_l9
L1-Veo6
L1-Old4
L1-Sus1
L1-Mdl5
L1-Kpf8
L1-Tit0
L1-Oqu1
L1-Rpj0
L1-Eiv2
L1-Qcf1
L1-Gru0
L1-Rpa7
L1-Sfm9
L1-Asu1
L1-Wgt8
L1-Ikt3
L1-Fdb2
L1-Yyf2
L1-Rxh8
L1-Mlj0
L1-Pnh5
L1-K_j4
