110
#Here is the number of lines required: 30
##start
Nxq5 3 3
##end
Fwh3 6 6
Y_p0 10 10
Sop1 13 13
Sd_8 16 16
Rpy4 20 20
Pkh1 23 23
Vse9 25 25
Sin1 26 26
Fju0 30 30
Qfc1 34 34
Wra1 37 37
Kr_9 39 39
W_b1 42 42
Unp8 46 46
Cpg2 49 49
Qce5 52 52
Rfa0 56 56
Gea7 58 58
Ghq3 62 62
Eos5 66 66
Ua_5 68 68
X_h0 70 70
Cmc6 74 74
W_l1 77 77
Aop8 80 80
Udz7 85 85
Qce2 87 87
Cjx7 89 89
Mbg9 90 90
Bw_7 94 94
Aqj0 98 98
Byq7 101 101
F_v0 106 106
Enc0 110 110
Scn5 114 114
Brl4 117 117
Qeg6 120 120
Hbc7 122 122
Ari8 125 125
Oci8 127 127
Dfw5 128 128
Bbe0 132 132
Deh7 134 134
Rij8 138 138
Arp0 141 141
J_q8 143 143
Prb0 144 144
Vzt5 146 146
Jga4 149 149
Qdd6 152 152
Tfu9 155 155
Bx_5 159 159
Xts2 161 161
Nwi1 164 164
Yyl3 168 168
Dwq7 173 173
Nyd1 176 176
W_e3 181 181
Eda1 182 182
Wdi0 185 185
D_j9 190 190
Cwh1 192 192
Asq3 193 193
Y_i6 194 194
I_d4 197 197
Zf_6 199 199
Doi5 202 202
Qim8 205 205
Srt4 208 208
Gck0 209 209
Dlt9 212 212
St_0 216 216
Rdz0 221 221
Qwv2 223 223
Agn0 228 228
Cuv5 231 231
Dnv8 236 236
Enz5 239 239
Pop1 244 244
Hqz3 246 246
Fjn1 250 250
Mpb6 251 251
Irw2 254 254
Gop4 257 257
Vhz9 261 261
Dqr0 264 264
Otf6 268 268
Vie9 269 269
Kdw8 272 272
Nwb1 274 274
Rna1 275 275
O_t3 280 280
Ylt3 282 282
Ux_3 287 287
Pwe5 288 288
Ye_9 292 292
Cyv2 295 295
Gdd5 299 299
Fsd9 303 303
Ovm1 308 308
Zyl1 311 311
Jol5 314 314
Cfu7 317 317
Fsg1 321 321
V__6 324 324
Uzy5 327 327
Vum1 329 329
Peg6 334 334
Ncu2 337 337
Ybz5 341 341
Xpq7 342 342
Btq3 345 345
Kdu4 348 348
Bjz8 352 352
Qpl5 356 356
Xxh1 359 359
Rpy9 364 364
Mf_2 367 367
Zo_8 369 369
Ofd6 372 372
Zgb1 376 376
Ugq7 378 378
Bv_1 381 381
Wk_1 384 384
R_k8 385 385
Obj8 388 388
Blp9 391 391
Sus9 395 395
Gvm4 398 398
Jqm2 400 400
Xgu5 404 404
Evc2 409 409
Ubl0 411 411
Xqn2 415 415
Znr0 418 418
Q_q0 421 421
Ujn4 425 425
Afg5 428 428
Wvz9 431 431
Tkn9 435 435
Ioq8 437 437
Aga3 438 438
Fhf1 442 442
Zqg9 443 443
U_h0 446 446
Hpj6 448 448
V_b1 450 450
Jm_4 452 452
Wxm7 456 456
Qnu2 460 460
Igv9 465 465
Eby7 467 467
Kfk0 471 471
Viu2 473 473
Bjr0 477 477
Enj9 480 480
Vzk0 484 484
Bry0 486 486
Mf_5 490 490
J_h5 492 492
Oog2 495 495
V_c1 497 497
Fqy3 501 501
Dii5 504 504
Wyf5 507 507
Psn5 510 510
P_a7 513 513
Qvx8 515 515
O_q7 517 517
Uhv4 520 520
Vw_7 525 525
Zuw5 527 527
Fzg4 529 529
Rfy6 532 532
Oe_2 535 535
Opq3 539 539
Crk5 543 543
Mck0 547 547
Zio7 549 549
Vwf6 552 552
Pny7 555 555
Vwt6 556 556
Vjf6 559 559
Nop0 564 564
Xwv0 567 567
Oic3 572 572
Ebd5 574 574
Jsw0 576 576
Shy2 580 580
M_d7 585 585
Hlr4 588 588
Vjd7 590 590
Vwn0 593 593
Svl6 596 596
Bte3 599 599
Vzc7 602 602
Brk3 605 605
Dre2 608 608
T__9 611 611
Zwa4 613 613
Fdn6 617 617
Net7 618 618
Qfm2 622 622
Emc3 626 626
Xtx4 629 629
Ifz8 633 633
Faq4 637 637
Xoc7 641 641
Wmj9 643 643
Xel3 646 646
Uwp3 647 647
Wnf5 650 650
Iw_6 653 653
Pcl4 656 656
Gog5 660 660
Aef4 663 663
Nol6 666 666
Fhe1 670 670
Uxu4 673 673
Rhq4 676 676
Fvo6 678 678
Ccs6 681 681
Cmm7 684 684
Kpo7 686 686
Ton8 690 690
Mu_1 693 693
Mka3 695 695
Jin7 699 699
Uvd2 702 702
Hrr3 706 706
Gsx9 708 708
Saf0 709 709
Hzr3 713 713
Axn5 715 715
J__3 718 718
Y_z7 722 722
Atp0 726 726
Yf_4 728 728
Gbh3 730 730
Vub5 734 734
V_x3 737 737
Dif5 740 740
Zuh2 742 742
Mgr9 747 747
Mxv4 752 752
Zol3 757 757
Nvb1 760 760
Zas6 763 763
At_5 766 766
Nqk8 768 768
Tpf2 770 770
Znw0 773 773
Fe_3 774 774
Mqw8 777 777
Aun0 780 780
O_h9 782 782
Fd_0 785 785
Uxm9 790 790
B_g9 794 794
Rcm2 797 797
Pfm1 798 798
Use4 801 801
M_u0 803 803
Uzb4 805 805
Hzi3 807 807
Ziu2 809 809
Wsy3 813 813
Zrh4 814 814
Pon4 815 815
Ack8 817 817
Smn0 820 820
Jf_3 822 822
Rii5 824 824
Cta1 827 827
Eqs2 830 830
Ozi2 833 833
Geo9 838 838
Ua_3 842 842
Pic7 844 844
Vwz1 847 847
Akc0 848 848
Rx_0 852 852
Pwx0 856 856
I_l2 859 859
Qwo7 863 863
Wsf6 867 867
Otz0 870 870
Edx2 872 872
Dxt3 874 874
Mcf4 876 876
Mag4 879 879
Icg9 880 880
Xsu6 882 882
V_b4 885 885
N_c0 889 889
Adg5 890 890
Ncx3 893 893
Uuh7 894 894
Gkt1 895 895
Inb2 899 899
Vtl8 901 901
Es_4 904 904
Xl_6 907 907
Bvg4 912 912
C_r6 916 916
E_d7 919 919
Yqw5 921 921
Stv7 924 924
Urf4 929 929
Prt1 932 932
Yun2 935 935
Qpr9 939 939
Cr_1 942 942
Jjk4 945 945
Kpl3 947 947
Jdp3 950 950
Usk7 953 953
Nbe0 955 955
N_x9 958 958
Yup4 960 960
Hdc0 962 962
Vjx5 967 967
Obe9 969 969
Hhy3 974 974
Qpy1 976 976
Juu2 977 977
B__1 981 981
Yvn8 986 986
Nrv6 991 991
Ohh0 993 993
Z_d6 996 996
Bdv6 998 998
Pnd6 999 999
Zae9 1002 1002
Bq_9 1007 1007
Mbo1 1011 1011
Cyd1 1014 1014
Zdt5 1018 1018
Nzn5 1021 1021
Fod8 1026 1026
Wx_6 1031 1031
Bd_0 1033 1033
Via6 1035 1035
Wc_5 1039 1039
Fng8 1041 1041
Gxj7 1044 1044
Iwf4 1049 1049
Jpp4 1051 1051
Yaj3 1056 1056
Jwq7 1060 1060
O_x7 1064 1064
Gsd3 1068 1068
Evj7 1070 1070
Vhj5 1074 1074
Eu_7 1078 1078
Fug6 1081 1081
Ucl3 1083 1083
Ich0 1088 1088
Jcu0 1090 1090
Mb_7 1093 1093
Hwp3 1095 1095
Erf7 1098 1098
V_w7 1103 1103
Gzw4 1107 1107
Aiy6 1109 1109
Xxm2 1111 1111
Sxy8 1112 1112
Nub9 1115 1115
B_z6 1117 1117
Vlr4 1120 1120
Nh_8 1123 1123
Crk8 1125 1125
Pck4 1128 1128
Dan6 1130 1130
Ijw0 1132 1132
H_r0 1136 1136
Jwz0 1139 1139
H_x9 1143 1143
Hvr3 1145 1145
Zom3 1148 1148
Fml6 1151 1151
Wgd9 1154 1154
Hf_2 1155 1155
Hou3 1156 1156
Yg_1 1158 1158
Cxp1 1162 1162
S_l5 1164 1164
Nlq8 1167 1167
Mxh1 1169 1169
Fmd1 1172 1172
Pwu1 1173 1173
Umy6 1178 1178
Xyo3 1180 1180
Bbb7 1183 1183
Cwl6 1187 1187
Sim9 1191 1191
Fxu6 1194 1194
Tyw2 1197 1197
Ovw9 1199 1199
Bcy7 1201 1201
Iyu7 1204 1204
Yg_1-Iyu7
Gsd3-Y_p0
Rdz0-Bcy7
Mqw8-Ovw9
Tkn9-Vse9
Vzc7-Tyw2
Gsd3-Sin1
Gzw4-Sim9
R_k8-Pwu1
Dxt3-Cpg2
Aun0-Qce5
Viu2-Fmd1
Gop4-Ghq3
Usk7-Nlq8
W_l1-Eos5
Eda1-Cxp1
Dxt3-Hou3
Bv_1-X_h0
Nrv6-Cmc6
Zol3-W_l1
Xsu6-Aop8
Ebd5-Qce2
Hzi3-Cjx7
Evc2-Wgd9
Fdn6-Fml6
Wmj9-Aqj0
Qpl5-Byq7
Bjz8-Zom3
Wxm7-Jwz0
Fsg1-H_r0
Afg5-F_v0
Ack8-Enc0
Otz0-Dan6
Cwh1-Pck4
Zio7-Crk8
Pcl4-Nh_8
Mgr9-Vlr4
Bv_1-B_z6
Btq3-Nub9
Ack8-Scn5
Mag4-Sxy8
Hwp3-Aiy6
Zuw5-V_w7
Dfw5-Fwh3
Mb_7-Hwp3
J_q8-Arp0
Prb0-Jcu0
Ich0-Prb0
O_x7-Gsd3
Jwq7-O_x7
Jga4-Jwq7
Yaj3-Jga4
Jpp4-Yaj3
Iwf4-Jpp4
Gxj7-Iwf4
Wc_5-Bx_5
Via6-Wc_5
Xts2-Via6
Yyl3-Nwi1
Bd_0-Yyl3
Dwq7-Zdt5
Cyd1-Dwq7
W_e3-Nyd1
Wdi0-Eda1
Cwh1-Fwh3
Bq_9-Cwh1
Zae9-Bq_9
Pnd6-Zae9
Y_i6-Asq3
Bdv6-Y_i6
Nrv6-Ohh0
Zf_6-Nrv6
Yvn8-Doi5
B__1-Yvn8
Qim8-B__1
Hhy3-Qpy1
Obe9-Gck0
Hdc0-Vjx5
Yup4-Hdc0
N_x9-Yup4
Dlt9-N_x9
St_0-Dlt9
Nbe0-St_0
Cuv5-Jdp3
Pop1-Cr_1
Mpb6-Yun2
Prt1-Mpb6
Urf4-Irw2
Gop4-Urf4
Dqr0-Stv7
Yqw5-Dqr0
Otf6-Yqw5
Vie9-Otf6
Kdw8-Vie9
Nwb1-E_d7
Nxq5-Bvg4
Ux_3-Xl_6
Ye_9-Pwe5
Vtl8-Gdd5
Fsd9-Inb2
Uuh7-Gkt1
Ncx3-Uuh7
Zyl1-Ncx3
Jol5-Zyl1
Adg5-Jol5
Nxq5-Adg5
Cfu7-Fwh3
Fsg1-Cfu7
V__6-Fsg1
Uzy5-V__6
Ybz5-N_c0
V_b4-Ybz5
Btq3-Xsu6
Mag4-Icg9
Mcf4-Mag4
Kdu4-Mcf4
Edx2-Dxt3
Otz0-Edx2
Bjz8-Fwh3
Xxh1-Qpl5
Qwo7-Xxh1
Pwx0-I_l2
Akc0-Mf_2
Zo_8-Akc0
Zgb1-Ofd6
Wk_1-Bv_1
Nxq5-R_k8
Blp9-Obj8
Pic7-Blp9
Ua_3-Pic7
Rii5-Cta1
Smn0-Jf_3
Jqm2-Ack8
Xgu5-Jqm2
Nxq5-Xgu5
Zwa4-Fwh3
Ubl0-Evc2
Xqn2-Ubl0
Znr0-Xqn2
Wsy3-Q_q0
Ujn4-Wsy3
Afg5-Ujn4
Wvz9-Ziu2
Nxq5-Ioq8
Use4-M_u0
Hpj6-U_h0
B_g9-Jm_4
Igv9-Qnu2
Eby7-Igv9
Fd_0-Eby7
Kfk0-O_h9
Viu2-Kfk0
Mqw8-Aun0
Enj9-Bjr0
Tpf2-Znw0
Mf_5-Nqk8
J_h5-Mf_5
Zas6-At_5
Nvb1-Zas6
Fqy3-Mxv4
Dif5-Fwh3
Wyf5-Dii5
P_a7-Vub5
Uhv4-O_q7
Gbh3-Uhv4
Y_z7-Atp0
Vw_7-Y_z7
Zuw5-J__3
Axn5-Zuw5
Rfy6-Saf0
Gsx9-Rfy6
Crk5-Opq3
Hrr3-Crk5
Mu_1-Mck0
Ton8-Mu_1
Zio7-Ton8
Kpo7-Zio7
Vwf6-Kpo7
Pny7-Vwf6
Xwv0-Fwh3
Ccs6-Xwv0
Oic3-Rhq4
Uxu4-Oic3
Jsw0-Ebd5
Nol6-Shy2
Pcl4-Gog5
Iw_6-M_d7
Wnf5-Iw_6
Nxq5-Xel3
Hlr4-Xoc7
Faq4-Hlr4
Ifz8-Faq4
Qfm2-Emc3
Vzc7-Bte3
Brk3-Vzc7
Dre2-Brk3
Fdn6-Net7
Nxq5-Fdn6
Net7-T__9
T__9-Dre2
Bte3-Svl6
Svl6-Qfm2
Emc3-Xtx4
Xtx4-Vwn0
Vwn0-Vjd7
Vjd7-Ifz8
Xoc7-Wmj9
Wmj9-Fwh3
Xel3-Uwp3
Uwp3-Wnf5
M_d7-Pcl4
Gog5-Aef4
Aef4-Nol6
Shy2-Jsw0
Ebd5-Fhe1
Fhe1-Uxu4
Rhq4-Fvo6
Fvo6-Ccs6
Nxq5-Cmm7
Cmm7-Nop0
Nop0-Vjf6
Vjf6-Vwt6
Vwt6-Pny7
Mck0-Mka3
Mka3-Jin7
Jin7-Uvd2
Uvd2-Hrr3
Opq3-Fwh3
Nxq5-Oe_2
Oe_2-Gsx9
Saf0-Hzr3
Hzr3-Fzg4
Fzg4-Axn5
J__3-Vw_7
Atp0-Yf_4
Yf_4-Gbh3
O_q7-Qvx8
Qvx8-P_a7
Vub5-Psn5
Psn5-V_x3
V_x3-Wyf5
Dii5-Dif5
Nxq5-Zuh2
Zuh2-Mgr9
Mgr9-Fqy3
Mxv4-V_c1
V_c1-Zol3
Zol3-Oog2
Oog2-Nvb1
At_5-J_h5
Nqk8-Tpf2
Znw0-Bry0
Bry0-Vzk0
Vzk0-Fe_3
Fe_3-Enj9
Bjr0-Mqw8
Aun0-Fwh3
Nxq5-Viu2
O_h9-Fd_0
Qnu2-Uxm9
Uxm9-Wxm7
Wxm7-B_g9
Jm_4-V_b1
V_b1-Rcm2
Rcm2-Hpj6
U_h0-Pfm1
Pfm1-Zqg9
Zqg9-Fhf1
Fhf1-Use4
M_u0-Uzb4
Uzb4-Aga3
Aga3-Fwh3
Ioq8-Tkn9
Tkn9-Hzi3
Hzi3-Wvz9
Ziu2-Afg5
Q_q0-Zrh4
Zrh4-Pon4
Pon4-Znr0
Evc2-Zwa4
Ack8-Smn0
Jf_3-Rii5
Cta1-Eqs2
Eqs2-Ozi2
Ozi2-Geo9
Geo9-Gvm4
Gvm4-Sus9
Sus9-Ua_3
Obj8-Vwz1
Vwz1-Fwh3
R_k8-Wk_1
Bv_1-Ugq7
Ugq7-Zgb1
Ofd6-Zo_8
Mf_2-Rx_0
Rx_0-Rpy9
Rpy9-Pwx0
I_l2-Qwo7
Qpl5-Bjz8
Nxq5-Wsf6
Wsf6-Otz0
Dxt3-Kdu4
Icg9-Btq3
Xsu6-Xpq7
Xpq7-V_b4
N_c0-Ncu2
Ncu2-Peg6
Peg6-Vum1
Vum1-Uzy5
Gkt1-Ovm1
Ovm1-Fsd9
Inb2-Vtl8
Gdd5-Cyv2
Cyv2-Es_4
Es_4-Ye_9
Pwe5-Ux_3
Xl_6-Ylt3
Ylt3-O_t3
O_t3-Rna1
Rna1-Fwh3
Bvg4-C_r6
C_r6-Nwb1
E_d7-Kdw8
Stv7-Vhz9
Vhz9-Gop4
Irw2-Prt1
Yun2-Fjn1
Fjn1-Qpr9
Qpr9-Hqz3
Hqz3-Pop1
Cr_1-Enz5
Enz5-Fwh3
Nxq5-Jjk4
Jjk4-Dnv8
Dnv8-Kpl3
Kpl3-Cuv5
Jdp3-Agn0
Agn0-Qwv2
Qwv2-Rdz0
Rdz0-Usk7
Usk7-Nbe0
Vjx5-Obe9
Gck0-Srt4
Srt4-Hhy3
Qpy1-Juu2
Juu2-Qim8
Doi5-Zf_6
Ohh0-I_d4
I_d4-Z_d6
Z_d6-Bdv6
Asq3-Pnd6
Nxq5-Mbo1
Mbo1-D_j9
D_j9-Wdi0
Eda1-W_e3
Nyd1-Cyd1
Zdt5-Nzn5
Nzn5-Fod8
Fod8-Wx_6
Wx_6-Bd_0
Nwi1-Xts2
Bx_5-Tfu9
Tfu9-Qdd6
Qdd6-Fng8
Fng8-Gxj7
Gsd3-Evj7
Evj7-Vhj5
Vhj5-Eu_7
Eu_7-Fug6
Fug6-Vzt5
Vzt5-Ucl3
Ucl3-Ich0
Jcu0-J_q8
Arp0-Mb_7
Hwp3-Rij8
Rij8-Deh7
Deh7-Bbe0
Bbe0-Dfw5
Ioq8-Erf7
Xtx4-Oci8
Xl_6-Ari8
Zas6-Gzw4
Zol3-Hbc7
Irw2-Qeg6
Nbe0-Brl4
Nbe0-Xxm2
Dxt3-Ijw0
Gck0-H_x9
Kdw8-Hvr3
Smn0-Bw_7
Axn5-Mbg9
Mpb6-Hf_2
Tkn9-Udz7
Ton8-Yg_1
Nbe0-S_l5
Jol5-Ua_5
Dwq7-Mxh1
Arp0-Gea7
Z_d6-Rfa0
Wyf5-Unp8
Qce2-Umy6
Hhy3-Xyo3
Uvd2-W_b1
Deh7-Bbb7
Vw_7-Cwl6
Zdt5-Kr_9
Qim8-Wra1
Fzg4-Qfc1
Qwv2-Fju0
Geo9-Fxu6
Kdw8-Pkh1
Net7-Rpy4
Fod8-Sd_8
Obe9-Sop1
#Here is the number of lines required: 30

L1-Viu2 L2-Zuh2 L3-Wsf6 L4-Adg5 L5-Xel3 L6-Fdn6 L7-Xgu5 L8-R_k8 L9-Cmm7 L10-Ioq8
L1-Kfk0 L11-Viu2 L2-Mgr9 L12-Zuh2 L3-Otz0 L13-Wsf6 L4-Jol5 L14-Adg5 L5-Uwp3 L15-Xel3 L6-Net7 L16-Fdn6 L7-Jqm2 L17-Xgu5 L8-Wk_1 L18-R_k8 L9-Nop0 L19-Cmm7 L10-Tkn9 L20-Ioq8
L1-O_h9 L11-Kfk0 L21-Viu2 L2-Fqy3 L12-Mgr9 L22-Zuh2 L3-Edx2 L13-Otz0 L23-Wsf6 L4-Zyl1 L14-Jol5 L24-Adg5 L5-Wnf5 L15-Uwp3 L25-Xel3 L6-T__9 L16-Net7 L26-Fdn6 L7-Ack8 L17-Jqm2 L27-Xgu5 L8-Bv_1 L18-Wk_1 L28-R_k8 L9-Vjf6 L19-Nop0 L29-Cmm7 L10-Hzi3 L20-Tkn9 L30-Ioq8
L1-Fd_0 L11-O_h9 L21-Kfk0 L31-Viu2 L2-Mxv4 L12-Fqy3 L22-Mgr9 L32-Zuh2 L3-Dxt3 L13-Edx2 L23-Otz0 L33-Wsf6 L4-Ncx3 L14-Zyl1 L24-Jol5 L34-Adg5 L5-Iw_6 L15-Wnf5 L25-Uwp3 L35-Xel3 L6-Dre2 L16-T__9 L26-Net7 L36-Fdn6 L7-Smn0 L17-Ack8 L27-Jqm2 L37-Xgu5 L8-Ugq7 L18-Bv_1 L28-Wk_1 L38-R_k8 L9-Vwt6 L19-Vjf6 L29-Nop0 L39-Cmm7 L10-Wvz9 L20-Hzi3 L30-Tkn9 L40-Ioq8
L1-Eby7 L11-Fd_0 L21-O_h9 L31-Kfk0 L41-Viu2 L2-V_c1 L12-Mxv4 L22-Fqy3 L32-Mgr9 L42-Zuh2 L3-Kdu4 L13-Dxt3 L23-Edx2 L33-Otz0 L43-Wsf6 L4-Uuh7 L14-Ncx3 L24-Zyl1 L34-Jol5 L44-Adg5 L5-M_d7 L15-Iw_6 L25-Wnf5 L35-Uwp3 L45-Xel3 L6-Brk3 L16-Dre2 L26-T__9 L36-Net7 L46-Fdn6 L7-Jf_3 L17-Smn0 L27-Ack8 L37-Jqm2 L47-Xgu5 L8-Zgb1 L18-Ugq7 L28-Bv_1 L38-Wk_1 L48-R_k8 L9-Pny7 L19-Vwt6 L29-Vjf6 L39-Nop0 L49-Cmm7 L10-Ziu2 L20-Wvz9 L30-Hzi3 L40-Tkn9 L50-Ioq8
L1-Igv9 L11-Eby7 L21-Fd_0 L31-O_h9 L41-Kfk0 L51-Viu2 L2-Zol3 L12-V_c1 L22-Mxv4 L32-Fqy3 L42-Mgr9 L52-Zuh2 L3-Mcf4 L13-Kdu4 L23-Dxt3 L33-Edx2 L43-Otz0 L53-Wsf6 L4-Gkt1 L14-Uuh7 L24-Ncx3 L34-Zyl1 L44-Jol5 L54-Adg5 L5-Pcl4 L15-M_d7 L25-Iw_6 L35-Wnf5 L45-Uwp3 L55-Xel3 L6-Vzc7 L16-Brk3 L26-Dre2 L36-T__9 L46-Net7 L56-Fdn6 L7-Rii5 L17-Jf_3 L27-Smn0 L37-Ack8 L47-Jqm2 L57-Xgu5 L8-Ofd6 L18-Zgb1 L28-Ugq7 L38-Bv_1 L48-Wk_1 L58-R_k8 L9-Vwf6 L19-Pny7 L29-Vwt6 L39-Vjf6 L49-Nop0 L59-Cmm7 L10-Afg5 L20-Ziu2 L30-Wvz9 L40-Hzi3 L50-Tkn9 L60-Ioq8
L1-Qnu2 L11-Igv9 L21-Eby7 L31-Fd_0 L41-O_h9 L51-Kfk0 L61-Viu2 L2-Oog2 L12-Zol3 L22-V_c1 L32-Mxv4 L42-Fqy3 L52-Mgr9 L62-Zuh2 L3-Mag4 L13-Mcf4 L23-Kdu4 L33-Dxt3 L43-Edx2 L53-Otz0 L63-Wsf6 L4-Ovm1 L14-Gkt1 L24-Uuh7 L34-Ncx3 L44-Zyl1 L54-Jol5 L64-Adg5 L5-Gog5 L15-Pcl4 L25-M_d7 L35-Iw_6 L45-Wnf5 L55-Uwp3 L65-Xel3 L6-Bte3 L16-Vzc7 L26-Brk3 L36-Dre2 L46-T__9 L56-Net7 L66-Fdn6 L7-Cta1 L17-Rii5 L27-Jf_3 L37-Smn0 L47-Ack8 L57-Jqm2 L67-Xgu5 L8-Zo_8 L18-Ofd6 L28-Zgb1 L38-Ugq7 L48-Bv_1 L58-Wk_1 L68-R_k8 L9-Kpo7 L19-Vwf6 L29-Pny7 L39-Vwt6 L49-Vjf6 L59-Nop0 L69-Cmm7 L10-Ujn4 L20-Afg5 L30-Ziu2 L40-Wvz9 L50-Hzi3 L60-Tkn9 L70-Ioq8
L1-Uxm9 L11-Qnu2 L21-Igv9 L31-Eby7 L41-Fd_0 L51-O_h9 L61-Kfk0 L71-Viu2 L2-Nvb1 L12-Oog2 L22-Zol3 L32-V_c1 L42-Mxv4 L52-Fqy3 L62-Mgr9 L72-Zuh2 L3-Icg9 L13-Mag4 L23-Mcf4 L33-Kdu4 L43-Dxt3 L53-Edx2 L63-Otz0 L73-Wsf6 L4-Fsd9 L14-Ovm1 L24-Gkt1 L34-Uuh7 L44-Ncx3 L54-Zyl1 L64-Jol5 L74-Adg5 L5-Aef4 L15-Gog5 L25-Pcl4 L35-M_d7 L45-Iw_6 L55-Wnf5 L65-Uwp3 L75-Xel3 L6-Svl6 L16-Bte3 L26-Vzc7 L36-Brk3 L46-Dre2 L56-T__9 L66-Net7 L76-Fdn6 L7-Eqs2 L17-Cta1 L27-Rii5 L37-Jf_3 L47-Smn0 L57-Ack8 L67-Jqm2 L77-Xgu5 L8-Akc0 L18-Zo_8 L28-Ofd6 L38-Zgb1 L48-Ugq7 L58-Bv_1 L68-Wk_1 L78-R_k8 L9-Zio7 L19-Kpo7 L29-Vwf6 L39-Pny7 L49-Vwt6 L59-Vjf6 L69-Nop0 L79-Cmm7 L10-Wsy3 L20-Ujn4 L30-Afg5 L40-Ziu2 L50-Wvz9 L60-Hzi3 L70-Tkn9 L80-Ioq8
L1-Wxm7 L11-Uxm9 L21-Qnu2 L31-Igv9 L41-Eby7 L51-Fd_0 L61-O_h9 L71-Kfk0 L81-Viu2 L2-Zas6 L12-Nvb1 L22-Oog2 L32-Zol3 L42-V_c1 L52-Mxv4 L62-Fqy3 L72-Mgr9 L82-Zuh2 L3-Btq3 L13-Icg9 L23-Mag4 L33-Mcf4 L43-Kdu4 L53-Dxt3 L63-Edx2 L73-Otz0 L83-Wsf6 L4-Inb2 L14-Fsd9 L24-Ovm1 L34-Gkt1 L44-Uuh7 L54-Ncx3 L64-Zyl1 L74-Jol5 L84-Adg5 L5-Nol6 L15-Aef4 L25-Gog5 L35-Pcl4 L45-M_d7 L55-Iw_6 L65-Wnf5 L75-Uwp3 L85-Xel3 L6-Qfm2 L16-Svl6 L26-Bte3 L36-Vzc7 L46-Brk3 L56-Dre2 L66-T__9 L76-Net7 L86-Fdn6 L7-Ozi2 L17-Eqs2 L27-Cta1 L37-Rii5 L47-Jf_3 L57-Smn0 L67-Ack8 L77-Jqm2 L87-Xgu5 L8-Mf_2 L18-Akc0 L28-Zo_8 L38-Ofd6 L48-Zgb1 L58-Ugq7 L68-Bv_1 L78-Wk_1 L88-R_k8 L9-Ton8 L19-Zio7 L29-Kpo7 L39-Vwf6 L49-Pny7 L59-Vwt6 L69-Vjf6 L79-Nop0 L89-Cmm7 L10-Q_q0 L20-Wsy3 L30-Ujn4 L40-Afg5 L50-Ziu2 L60-Wvz9 L70-Hzi3 L80-Tkn9 L90-Ioq8
L1-B_g9 L11-Wxm7 L21-Uxm9 L31-Qnu2 L41-Igv9 L51-Eby7 L61-Fd_0 L71-O_h9 L81-Kfk0 L91-Viu2 L2-At_5 L12-Zas6 L22-Nvb1 L32-Oog2 L42-Zol3 L52-V_c1 L62-Mxv4 L72-Fqy3 L82-Mgr9 L92-Zuh2 L3-Xsu6 L13-Btq3 L23-Icg9 L33-Mag4 L43-Mcf4 L53-Kdu4 L63-Dxt3 L73-Edx2 L83-Otz0 L93-Wsf6 L4-Vtl8 L14-Inb2 L24-Fsd9 L34-Ovm1 L44-Gkt1 L54-Uuh7 L64-Ncx3 L74-Zyl1 L84-Jol5 L94-Adg5 L5-Shy2 L15-Nol6 L25-Aef4 L35-Gog5 L45-Pcl4 L55-M_d7 L65-Iw_6 L75-Wnf5 L85-Uwp3 L95-Xel3 L6-Emc3 L16-Qfm2 L26-Svl6 L36-Bte3 L46-Vzc7 L56-Brk3 L66-Dre2 L76-T__9 L86-Net7 L96-Fdn6 L7-Geo9 L17-Ozi2 L27-Eqs2 L37-Cta1 L47-Rii5 L57-Jf_3 L67-Smn0 L77-Ack8 L87-Jqm2 L97-Xgu5 L8-Rx_0 L18-Mf_2 L28-Akc0 L38-Zo_8 L48-Ofd6 L58-Zgb1 L68-Ugq7 L78-Bv_1 L88-Wk_1 L98-R_k8 L9-Mu_1 L19-Ton8 L29-Zio7 L39-Kpo7 L49-Vwf6 L59-Pny7 L69-Vwt6 L79-Vjf6 L89-Nop0 L99-Cmm7 L10-Zrh4 L20-Q_q0 L30-Wsy3 L40-Ujn4 L50-Afg5 L60-Ziu2 L70-Wvz9 L80-Hzi3 L90-Tkn9 L100-Ioq8
L1-Jm_4 L11-B_g9 L21-Wxm7 L31-Uxm9 L41-Qnu2 L51-Igv9 L61-Eby7 L71-Fd_0 L81-O_h9 L91-Kfk0 L101-Viu2 L2-J_h5 L12-At_5 L22-Zas6 L32-Nvb1 L42-Oog2 L52-Zol3 L62-V_c1 L72-Mxv4 L82-Fqy3 L92-Mgr9 L102-Zuh2 L3-Xpq7 L13-Xsu6 L23-Btq3 L33-Icg9 L43-Mag4 L53-Mcf4 L63-Kdu4 L73-Dxt3 L83-Edx2 L93-Otz0 L103-Wsf6 L4-Gdd5 L14-Vtl8 L24-Inb2 L34-Fsd9 L44-Ovm1 L54-Gkt1 L64-Uuh7 L74-Ncx3 L84-Zyl1 L94-Jol5 L104-Adg5 L5-Jsw0 L15-Shy2 L25-Nol6 L35-Aef4 L45-Gog5 L55-Pcl4 L65-M_d7 L75-Iw_6 L85-Wnf5 L95-Uwp3 L105-Xel3 L6-Xtx4 L16-Emc3 L26-Qfm2 L36-Svl6 L46-Bte3 L56-Vzc7 L66-Brk3 L76-Dre2 L86-T__9 L96-Net7 L106-Fdn6 L7-Gvm4 L17-Geo9 L27-Ozi2 L37-Eqs2 L47-Cta1 L57-Rii5 L67-Jf_3 L77-Smn0 L87-Ack8 L97-Jqm2 L107-Xgu5 L8-Rpy9 L18-Rx_0 L28-Mf_2 L38-Akc0 L48-Zo_8 L58-Ofd6 L68-Zgb1 L78-Ugq7 L88-Bv_1 L98-Wk_1 L108-R_k8 L9-Mck0 L19-Mu_1 L29-Ton8 L39-Zio7 L49-Kpo7 L59-Vwf6 L69-Pny7 L79-Vwt6 L89-Vjf6 L99-Nop0 L109-Cmm7 L10-Pon4 L20-Zrh4 L30-Q_q0 L40-Wsy3 L50-Ujn4 L60-Afg5 L70-Ziu2 L80-Wvz9 L90-Hzi3 L100-Tkn9 L110-Ioq8
L1-V_b1 L11-Jm_4 L21-B_g9 L31-Wxm7 L41-Uxm9 L51-Qnu2 L61-Igv9 L71-Eby7 L81-Fd_0 L91-O_h9 L101-Kfk0 L2-Mf_5 L12-J_h5 L22-At_5 L32-Zas6 L42-Nvb1 L52-Oog2 L62-Zol3 L72-V_c1 L82-Mxv4 L92-Fqy3 L102-Mgr9 L3-V_b4 L13-Xpq7 L23-Xsu6 L33-Btq3 L43-Icg9 L53-Mag4 L63-Mcf4 L73-Kdu4 L83-Dxt3 L93-Edx2 L103-Otz0 L4-Cyv2 L14-Gdd5 L24-Vtl8 L34-Inb2 L44-Fsd9 L54-Ovm1 L64-Gkt1 L74-Uuh7 L84-Ncx3 L94-Zyl1 L104-Jol5 L5-Ebd5 L15-Jsw0 L25-Shy2 L35-Nol6 L45-Aef4 L55-Gog5 L65-Pcl4 L75-M_d7 L85-Iw_6 L95-Wnf5 L105-Uwp3 L6-Vwn0 L16-Xtx4 L26-Emc3 L36-Qfm2 L46-Svl6 L56-Bte3 L66-Vzc7 L76-Brk3 L86-Dre2 L96-T__9 L106-Net7 L7-Sus9 L17-Gvm4 L27-Geo9 L37-Ozi2 L47-Eqs2 L57-Cta1 L67-Rii5 L77-Jf_3 L87-Smn0 L97-Ack8 L107-Jqm2 L8-Pwx0 L18-Rpy9 L28-Rx_0 L38-Mf_2 L48-Akc0 L58-Zo_8 L68-Ofd6 L78-Zgb1 L88-Ugq7 L98-Bv_1 L108-Wk_1 L9-Mka3 L19-Mck0 L29-Mu_1 L39-Ton8 L49-Zio7 L59-Kpo7 L69-Vwf6 L79-Pny7 L89-Vwt6 L99-Vjf6 L109-Nop0 L10-Znr0 L20-Pon4 L30-Zrh4 L40-Q_q0 L50-Wsy3 L60-Ujn4 L70-Afg5 L80-Ziu2 L90-Wvz9 L100-Hzi3 L110-Tkn9
L1-Rcm2 L11-V_b1 L21-Jm_4 L31-B_g9 L41-Wxm7 L51-Uxm9 L61-Qnu2 L71-Igv9 L81-Eby7 L91-Fd_0 L101-O_h9 L2-Nqk8 L12-Mf_5 L22-J_h5 L32-At_5 L42-Zas6 L52-Nvb1 L62-Oog2 L72-Zol3 L82-V_c1 L92-Mxv4 L102-Fqy3 L3-Ybz5 L13-V_b4 L23-Xpq7 L33-Xsu6 L43-Btq3 L53-Icg9 L63-Mag4 L73-Mcf4 L83-Kdu4 L93-Dxt3 L103-Edx2 L4-Es_4 L14-Cyv2 L24-Gdd5 L34-Vtl8 L44-Inb2 L54-Fsd9 L64-Ovm1 L74-Gkt1 L84-Uuh7 L94-Ncx3 L104-Zyl1 L5-Fhe1 L15-Ebd5 L25-Jsw0 L35-Shy2 L45-Nol6 L55-Aef4 L65-Gog5 L75-Pcl4 L85-M_d7 L95-Iw_6 L105-Wnf5 L6-Vjd7 L16-Vwn0 L26-Xtx4 L36-Emc3 L46-Qfm2 L56-Svl6 L66-Bte3 L76-Vzc7 L86-Brk3 L96-Dre2 L106-T__9 L7-Ua_3 L17-Sus9 L27-Gvm4 L37-Geo9 L47-Ozi2 L57-Eqs2 L67-Cta1 L77-Rii5 L87-Jf_3 L97-Smn0 L107-Ack8 L8-I_l2 L18-Pwx0 L28-Rpy9 L38-Rx_0 L48-Mf_2 L58-Akc0 L68-Zo_8 L78-Ofd6 L88-Zgb1 L98-Ugq7 L108-Bv_1 L9-Uvd2 L19-Mka3 L29-Mck0 L39-Mu_1 L49-Ton8 L59-Zio7 L69-Kpo7 L79-Vwf6 L89-Pny7 L99-Vwt6 L109-Vjf6 L10-Xqn2 L20-Znr0 L30-Pon4 L40-Zrh4 L50-Q_q0 L60-Wsy3 L70-Ujn4 L80-Afg5 L90-Ziu2 L100-Wvz9 L110-Hzi3
L1-Hpj6 L11-Rcm2 L21-V_b1 L31-Jm_4 L41-B_g9 L51-Wxm7 L61-Uxm9 L71-Qnu2 L81-Igv9 L91-Eby7 L101-Fd_0 L2-Tpf2 L12-Nqk8 L22-Mf_5 L32-J_h5 L42-At_5 L52-Zas6 L62-Nvb1 L72-Oog2 L82-Zol3 L92-V_c1 L102-Mxv4 L3-N_c0 L13-Ybz5 L23-V_b4 L33-Xpq7 L43-Xsu6 L53-Btq3 L63-Icg9 L73-Mag4 L83-Mcf4 L93-Kdu4 L103-Dxt3 L4-Ye_9 L14-Es_4 L24-Cyv2 L34-Gdd5 L44-Vtl8 L54-Inb2 L64-Fsd9 L74-Ovm1 L84-Gkt1 L94-Uuh7 L104-Ncx3 L5-Uxu4 L15-Fhe1 L25-Ebd5 L35-Jsw0 L45-Shy2 L55-Nol6 L65-Aef4 L75-Gog5 L85-Pcl4 L95-M_d7 L105-Iw_6 L6-Ifz8 L16-Vjd7 L26-Vwn0 L36-Xtx4 L46-Emc3 L56-Qfm2 L66-Svl6 L76-Bte3 L86-Vzc7 L96-Brk3 L106-Dre2 L7-Pic7 L17-Ua_3 L27-Sus9 L37-Gvm4 L47-Geo9 L57-Ozi2 L67-Eqs2 L77-Cta1 L87-Rii5 L97-Jf_3 L107-Smn0 L8-Qwo7 L18-I_l2 L28-Pwx0 L38-Rpy9 L48-Rx_0 L58-Mf_2 L68-Akc0 L78-Zo_8 L88-Ofd6 L98-Zgb1 L108-Ugq7 L9-Hrr3 L19-Uvd2 L29-Mka3 L39-Mck0 L49-Mu_1 L59-Ton8 L69-Zio7 L79-Kpo7 L89-Vwf6 L99-Pny7 L109-Vwt6 L10-Ubl0 L20-Xqn2 L30-Znr0 L40-Pon4 L50-Zrh4 L60-Q_q0 L70-Wsy3 L80-Ujn4 L90-Afg5 L100-Ziu2 L110-Wvz9
L1-U_h0 L11-Hpj6 L21-Rcm2 L31-V_b1 L41-Jm_4 L51-B_g9 L61-Wxm7 L71-Uxm9 L81-Qnu2 L91-Igv9 L101-Eby7 L2-Znw0 L12-Tpf2 L22-Nqk8 L32-Mf_5 L42-J_h5 L52-At_5 L62-Zas6 L72-Nvb1 L82-Oog2 L92-Zol3 L102-V_c1 L3-Ncu2 L13-N_c0 L23-Ybz5 L33-V_b4 L43-Xpq7 L53-Xsu6 L63-Btq3 L73-Icg9 L83-Mag4 L93-Mcf4 L103-Kdu4 L4-Pwe5 L14-Ye_9 L24-Es_4 L34-Cyv2 L44-Gdd5 L54-Vtl8 L64-Inb2 L74-Fsd9 L84-Ovm1 L94-Gkt1 L104-Uuh7 L5-Oic3 L15-Uxu4 L25-Fhe1 L35-Ebd5 L45-Jsw0 L55-Shy2 L65-Nol6 L75-Aef4 L85-Gog5 L95-Pcl4 L105-M_d7 L6-Faq4 L16-Ifz8 L26-Vjd7 L36-Vwn0 L46-Xtx4 L56-Emc3 L66-Qfm2 L76-Svl6 L86-Bte3 L96-Vzc7 L106-Brk3 L7-Blp9 L17-Pic7 L27-Ua_3 L37-Sus9 L47-Gvm4 L57-Geo9 L67-Ozi2 L77-Eqs2 L87-Cta1 L97-Rii5 L107-Jf_3 L8-Xxh1 L18-Qwo7 L28-I_l2 L38-Pwx0 L48-Rpy9 L58-Rx_0 L68-Mf_2 L78-Akc0 L88-Zo_8 L98-Ofd6 L108-Zgb1 L9-Crk5 L19-Hrr3 L29-Uvd2 L39-Mka3 L49-Mck0 L59-Mu_1 L69-Ton8 L79-Zio7 L89-Kpo7 L99-Vwf6 L109-Pny7 L10-Evc2 L20-Ubl0 L30-Xqn2 L40-Znr0 L50-Pon4 L60-Zrh4 L70-Q_q0 L80-Wsy3 L90-Ujn4 L100-Afg5 L110-Ziu2
L1-Pfm1 L11-U_h0 L21-Hpj6 L31-Rcm2 L41-V_b1 L51-Jm_4 L61-B_g9 L71-Wxm7 L81-Uxm9 L91-Qnu2 L101-Igv9 L2-Bry0 L12-Znw0 L22-Tpf2 L32-Nqk8 L42-Mf_5 L52-J_h5 L62-At_5 L72-Zas6 L82-Nvb1 L92-Oog2 L102-Zol3 L3-Peg6 L13-Ncu2 L23-N_c0 L33-Ybz5 L43-V_b4 L53-Xpq7 L63-Xsu6 L73-Btq3 L83-Icg9 L93-Mag4 L103-Mcf4 L4-Ux_3 L14-Pwe5 L24-Ye_9 L34-Es_4 L44-Cyv2 L54-Gdd5 L64-Vtl8 L74-Inb2 L84-Fsd9 L94-Ovm1 L104-Gkt1 L5-Rhq4 L15-Oic3 L25-Uxu4 L35-Fhe1 L45-Ebd5 L55-Jsw0 L65-Shy2 L75-Nol6 L85-Aef4 L95-Gog5 L105-Pcl4 L6-Hlr4 L16-Faq4 L26-Ifz8 L36-Vjd7 L46-Vwn0 L56-Xtx4 L66-Emc3 L76-Qfm2 L86-Svl6 L96-Bte3 L106-Vzc7 L7-Obj8 L17-Blp9 L27-Pic7 L37-Ua_3 L47-Sus9 L57-Gvm4 L67-Geo9 L77-Ozi2 L87-Eqs2 L97-Cta1 L107-Rii5 L8-Qpl5 L18-Xxh1 L28-Qwo7 L38-I_l2 L48-Pwx0 L58-Rpy9 L68-Rx_0 L78-Mf_2 L88-Akc0 L98-Zo_8 L108-Ofd6 L9-Opq3 L19-Crk5 L29-Hrr3 L39-Uvd2 L49-Mka3 L59-Mck0 L69-Mu_1 L79-Ton8 L89-Zio7 L99-Kpo7 L109-Vwf6 L10-Zwa4 L20-Evc2 L30-Ubl0 L40-Xqn2 L50-Znr0 L60-Pon4 L70-Zrh4 L80-Q_q0 L90-Wsy3 L100-Ujn4 L110-Afg5
L1-Zqg9 L11-Pfm1 L21-U_h0 L31-Hpj6 L41-Rcm2 L51-V_b1 L61-Jm_4 L71-B_g9 L81-Wxm7 L91-Uxm9 L101-Qnu2 L2-Vzk0 L12-Bry0 L22-Znw0 L32-Tpf2 L42-Nqk8 L52-Mf_5 L62-J_h5 L72-At_5 L82-Zas6 L92-Nvb1 L102-Oog2 L3-Vum1 L13-Peg6 L23-Ncu2 L33-N_c0 L43-Ybz5 L53-V_b4 L63-Xpq7 L73-Xsu6 L83-Btq3 L93-Icg9 L103-Mag4 L4-Xl_6 L14-Ux_3 L24-Pwe5 L34-Ye_9 L44-Es_4 L54-Cyv2 L64-Gdd5 L74-Vtl8 L84-Inb2 L94-Fsd9 L104-Ovm1 L5-Fvo6 L15-Rhq4 L25-Oic3 L35-Uxu4 L45-Fhe1 L55-Ebd5 L65-Jsw0 L75-Shy2 L85-Nol6 L95-Aef4 L105-Gog5 L6-Xoc7 L16-Hlr4 L26-Faq4 L36-Ifz8 L46-Vjd7 L56-Vwn0 L66-Xtx4 L76-Emc3 L86-Qfm2 L96-Svl6 L106-Bte3 L7-Vwz1 L17-Obj8 L27-Blp9 L37-Pic7 L47-Ua_3 L57-Sus9 L67-Gvm4 L77-Geo9 L87-Ozi2 L97-Eqs2 L107-Cta1 L8-Bjz8 L18-Qpl5 L28-Xxh1 L38-Qwo7 L48-I_l2 L58-Pwx0 L68-Rpy9 L78-Rx_0 L88-Mf_2 L98-Akc0 L108-Zo_8 L9-Fwh3 L19-Opq3 L29-Crk5 L39-Hrr3 L49-Uvd2 L59-Mka3 L69-Mck0 L79-Mu_1 L89-Ton8 L99-Zio7 L109-Kpo7 L10-Fwh3 L20-Zwa4 L30-Evc2 L40-Ubl0 L50-Xqn2 L60-Znr0 L70-Pon4 L80-Zrh4 L90-Q_q0 L100-Wsy3 L110-Ujn4
L1-Fhf1 L11-Zqg9 L21-Pfm1 L31-U_h0 L41-Hpj6 L51-Rcm2 L61-V_b1 L71-Jm_4 L81-B_g9 L91-Wxm7 L101-Uxm9 L2-Fe_3 L12-Vzk0 L22-Bry0 L32-Znw0 L42-Tpf2 L52-Nqk8 L62-Mf_5 L72-J_h5 L82-At_5 L92-Zas6 L102-Nvb1 L3-Uzy5 L13-Vum1 L23-Peg6 L33-Ncu2 L43-N_c0 L53-Ybz5 L63-V_b4 L73-Xpq7 L83-Xsu6 L93-Btq3 L103-Icg9 L4-Ylt3 L14-Xl_6 L24-Ux_3 L34-Pwe5 L44-Ye_9 L54-Es_4 L64-Cyv2 L74-Gdd5 L84-Vtl8 L94-Inb2 L104-Fsd9 L5-Ccs6 L15-Fvo6 L25-Rhq4 L35-Oic3 L45-Uxu4 L55-Fhe1 L65-Ebd5 L75-Jsw0 L85-Shy2 L95-Nol6 L105-Aef4 L6-Wmj9 L16-Xoc7 L26-Hlr4 L36-Faq4 L46-Ifz8 L56-Vjd7 L66-Vwn0 L76-Xtx4 L86-Emc3 L96-Qfm2 L106-Svl6 L7-Fwh3 L17-Vwz1 L27-Obj8 L37-Blp9 L47-Pic7 L57-Ua_3 L67-Sus9 L77-Gvm4 L87-Geo9 L97-Ozi2 L107-Eqs2 L8-Fwh3 L18-Bjz8 L28-Qpl5 L38-Xxh1 L48-Qwo7 L58-I_l2 L68-Pwx0 L78-Rpy9 L88-Rx_0 L98-Mf_2 L108-Akc0 L19-Fwh3 L29-Opq3 L39-Crk5 L49-Hrr3 L59-Uvd2 L69-Mka3 L79-Mck0 L89-Mu_1 L99-Ton8 L109-Zio7 L20-Fwh3 L30-Zwa4 L40-Evc2 L50-Ubl0 L60-Xqn2 L70-Znr0 L80-Pon4 L90-Zrh4 L100-Q_q0 L110-Wsy3
L1-Use4 L11-Fhf1 L21-Zqg9 L31-Pfm1 L41-U_h0 L51-Hpj6 L61-Rcm2 L71-V_b1 L81-Jm_4 L91-B_g9 L101-Wxm7 L2-Enj9 L12-Fe_3 L22-Vzk0 L32-Bry0 L42-Znw0 L52-Tpf2 L62-Nqk8 L72-Mf_5 L82-J_h5 L92-At_5 L102-Zas6 L3-V__6 L13-Uzy5 L23-Vum1 L33-Peg6 L43-Ncu2 L53-N_c0 L63-Ybz5 L73-V_b4 L83-Xpq7 L93-Xsu6 L103-Btq3 L4-O_t3 L14-Ylt3 L24-Xl_6 L34-Ux_3 L44-Pwe5 L54-Ye_9 L64-Es_4 L74-Cyv2 L84-Gdd5 L94-Vtl8 L104-Inb2 L5-Xwv0 L15-Ccs6 L25-Fvo6 L35-Rhq4 L45-Oic3 L55-Uxu4 L65-Fhe1 L75-Ebd5 L85-Jsw0 L95-Shy2 L105-Nol6 L6-Fwh3 L16-Wmj9 L26-Xoc7 L36-Hlr4 L46-Faq4 L56-Ifz8 L66-Vjd7 L76-Vwn0 L86-Xtx4 L96-Emc3 L106-Qfm2 L17-Fwh3 L27-Vwz1 L37-Obj8 L47-Blp9 L57-Pic7 L67-Ua_3 L77-Sus9 L87-Gvm4 L97-Geo9 L107-Ozi2 L18-Fwh3 L28-Bjz8 L38-Qpl5 L48-Xxh1 L58-Qwo7 L68-I_l2 L78-Pwx0 L88-Rpy9 L98-Rx_0 L108-Mf_2 L29-Fwh3 L39-Opq3 L49-Crk5 L59-Hrr3 L69-Uvd2 L79-Mka3 L89-Mck0 L99-Mu_1 L109-Ton8 L30-Fwh3 L40-Zwa4 L50-Evc2 L60-Ubl0 L70-Xqn2 L80-Znr0 L90-Pon4 L100-Zrh4 L110-Q_q0
L1-M_u0 L11-Use4 L21-Fhf1 L31-Zqg9 L41-Pfm1 L51-U_h0 L61-Hpj6 L71-Rcm2 L81-V_b1 L91-Jm_4 L101-B_g9 L2-Bjr0 L12-Enj9 L22-Fe_3 L32-Vzk0 L42-Bry0 L52-Znw0 L62-Tpf2 L72-Nqk8 L82-Mf_5 L92-J_h5 L102-At_5 L3-Fsg1 L13-V__6 L23-Uzy5 L33-Vum1 L43-Peg6 L53-Ncu2 L63-N_c0 L73-Ybz5 L83-V_b4 L93-Xpq7 L103-Xsu6 L4-Rna1 L14-O_t3 L24-Ylt3 L34-Xl_6 L44-Ux_3 L54-Pwe5 L64-Ye_9 L74-Es_4 L84-Cyv2 L94-Gdd5 L104-Vtl8 L5-Fwh3 L15-Xwv0 L25-Ccs6 L35-Fvo6 L45-Rhq4 L55-Oic3 L65-Uxu4 L75-Fhe1 L85-Ebd5 L95-Jsw0 L105-Shy2 L16-Fwh3 L26-Wmj9 L36-Xoc7 L46-Hlr4 L56-Faq4 L66-Ifz8 L76-Vjd7 L86-Vwn0 L96-Xtx4 L106-Emc3 L27-Fwh3 L37-Vwz1 L47-Obj8 L57-Blp9 L67-Pic7 L77-Ua_3 L87-Sus9 L97-Gvm4 L107-Geo9 L28-Fwh3 L38-Bjz8 L48-Qpl5 L58-Xxh1 L68-Qwo7 L78-I_l2 L88-Pwx0 L98-Rpy9 L108-Rx_0 L39-Fwh3 L49-Opq3 L59-Crk5 L69-Hrr3 L79-Uvd2 L89-Mka3 L99-Mck0 L109-Mu_1 L40-Fwh3 L50-Zwa4 L60-Evc2 L70-Ubl0 L80-Xqn2 L90-Znr0 L100-Pon4 L110-Zrh4
L1-Uzb4 L11-M_u0 L21-Use4 L31-Fhf1 L41-Zqg9 L51-Pfm1 L61-U_h0 L71-Hpj6 L81-Rcm2 L91-V_b1 L101-Jm_4 L2-Mqw8 L12-Bjr0 L22-Enj9 L32-Fe_3 L42-Vzk0 L52-Bry0 L62-Znw0 L72-Tpf2 L82-Nqk8 L92-Mf_5 L102-J_h5 L3-Cfu7 L13-Fsg1 L23-V__6 L33-Uzy5 L43-Vum1 L53-Peg6 L63-Ncu2 L73-N_c0 L83-Ybz5 L93-V_b4 L103-Xpq7 L4-Fwh3 L14-Rna1 L24-O_t3 L34-Ylt3 L44-Xl_6 L54-Ux_3 L64-Pwe5 L74-Ye_9 L84-Es_4 L94-Cyv2 L104-Gdd5 L15-Fwh3 L25-Xwv0 L35-Ccs6 L45-Fvo6 L55-Rhq4 L65-Oic3 L75-Uxu4 L85-Fhe1 L95-Ebd5 L105-Jsw0 L26-Fwh3 L36-Wmj9 L46-Xoc7 L56-Hlr4 L66-Faq4 L76-Ifz8 L86-Vjd7 L96-Vwn0 L106-Xtx4 L37-Fwh3 L47-Vwz1 L57-Obj8 L67-Blp9 L77-Pic7 L87-Ua_3 L97-Sus9 L107-Gvm4 L38-Fwh3 L48-Bjz8 L58-Qpl5 L68-Xxh1 L78-Qwo7 L88-I_l2 L98-Pwx0 L108-Rpy9 L49-Fwh3 L59-Opq3 L69-Crk5 L79-Hrr3 L89-Uvd2 L99-Mka3 L109-Mck0 L50-Fwh3 L60-Zwa4 L70-Evc2 L80-Ubl0 L90-Xqn2 L100-Znr0 L110-Pon4
L1-Aga3 L11-Uzb4 L21-M_u0 L31-Use4 L41-Fhf1 L51-Zqg9 L61-Pfm1 L71-U_h0 L81-Hpj6 L91-Rcm2 L101-V_b1 L2-Aun0 L12-Mqw8 L22-Bjr0 L32-Enj9 L42-Fe_3 L52-Vzk0 L62-Bry0 L72-Znw0 L82-Tpf2 L92-Nqk8 L102-Mf_5 L3-Fwh3 L13-Cfu7 L23-Fsg1 L33-V__6 L43-Uzy5 L53-Vum1 L63-Peg6 L73-Ncu2 L83-N_c0 L93-Ybz5 L103-V_b4 L14-Fwh3 L24-Rna1 L34-O_t3 L44-Ylt3 L54-Xl_6 L64-Ux_3 L74-Pwe5 L84-Ye_9 L94-Es_4 L104-Cyv2 L25-Fwh3 L35-Xwv0 L45-Ccs6 L55-Fvo6 L65-Rhq4 L75-Oic3 L85-Uxu4 L95-Fhe1 L105-Ebd5 L36-Fwh3 L46-Wmj9 L56-Xoc7 L66-Hlr4 L76-Faq4 L86-Ifz8 L96-Vjd7 L106-Vwn0 L47-Fwh3 L57-Vwz1 L67-Obj8 L77-Blp9 L87-Pic7 L97-Ua_3 L107-Sus9 L48-Fwh3 L58-Bjz8 L68-Qpl5 L78-Xxh1 L88-Qwo7 L98-I_l2 L108-Pwx0 L59-Fwh3 L69-Opq3 L79-Crk5 L89-Hrr3 L99-Uvd2 L109-Mka3 L60-Fwh3 L70-Zwa4 L80-Evc2 L90-Ubl0 L100-Xqn2 L110-Znr0
L1-Fwh3 L11-Aga3 L21-Uzb4 L31-M_u0 L41-Use4 L51-Fhf1 L61-Zqg9 L71-Pfm1 L81-U_h0 L91-Hpj6 L101-Rcm2 L2-Fwh3 L12-Aun0 L22-Mqw8 L32-Bjr0 L42-Enj9 L52-Fe_3 L62-Vzk0 L72-Bry0 L82-Znw0 L92-Tpf2 L102-Nqk8 L13-Fwh3 L23-Cfu7 L33-Fsg1 L43-V__6 L53-Uzy5 L63-Vum1 L73-Peg6 L83-Ncu2 L93-N_c0 L103-Ybz5 L24-Fwh3 L34-Rna1 L44-O_t3 L54-Ylt3 L64-Xl_6 L74-Ux_3 L84-Pwe5 L94-Ye_9 L104-Es_4 L35-Fwh3 L45-Xwv0 L55-Ccs6 L65-Fvo6 L75-Rhq4 L85-Oic3 L95-Uxu4 L105-Fhe1 L46-Fwh3 L56-Wmj9 L66-Xoc7 L76-Hlr4 L86-Faq4 L96-Ifz8 L106-Vjd7 L57-Fwh3 L67-Vwz1 L77-Obj8 L87-Blp9 L97-Pic7 L107-Ua_3 L58-Fwh3 L68-Bjz8 L78-Qpl5 L88-Xxh1 L98-Qwo7 L108-I_l2 L69-Fwh3 L79-Opq3 L89-Crk5 L99-Hrr3 L109-Uvd2 L70-Fwh3 L80-Zwa4 L90-Evc2 L100-Ubl0 L110-Xqn2
L11-Fwh3 L21-Aga3 L31-Uzb4 L41-M_u0 L51-Use4 L61-Fhf1 L71-Zqg9 L81-Pfm1 L91-U_h0 L101-Hpj6 L12-Fwh3 L22-Aun0 L32-Mqw8 L42-Bjr0 L52-Enj9 L62-Fe_3 L72-Vzk0 L82-Bry0 L92-Znw0 L102-Tpf2 L23-Fwh3 L33-Cfu7 L43-Fsg1 L53-V__6 L63-Uzy5 L73-Vum1 L83-Peg6 L93-Ncu2 L103-N_c0 L34-Fwh3 L44-Rna1 L54-O_t3 L64-Ylt3 L74-Xl_6 L84-Ux_3 L94-Pwe5 L104-Ye_9 L45-Fwh3 L55-Xwv0 L65-Ccs6 L75-Fvo6 L85-Rhq4 L95-Oic3 L105-Uxu4 L56-Fwh3 L66-Wmj9 L76-Xoc7 L86-Hlr4 L96-Faq4 L106-Ifz8 L67-Fwh3 L77-Vwz1 L87-Obj8 L97-Blp9 L107-Pic7 L68-Fwh3 L78-Bjz8 L88-Qpl5 L98-Xxh1 L108-Qwo7 L79-Fwh3 L89-Opq3 L99-Crk5 L109-Hrr3 L80-Fwh3 L90-Zwa4 L100-Evc2 L110-Ubl0
L21-Fwh3 L31-Aga3 L41-Uzb4 L51-M_u0 L61-Use4 L71-Fhf1 L81-Zqg9 L91-Pfm1 L101-U_h0 L22-Fwh3 L32-Aun0 L42-Mqw8 L52-Bjr0 L62-Enj9 L72-Fe_3 L82-Vzk0 L92-Bry0 L102-Znw0 L33-Fwh3 L43-Cfu7 L53-Fsg1 L63-V__6 L73-Uzy5 L83-Vum1 L93-Peg6 L103-Ncu2 L44-Fwh3 L54-Rna1 L64-O_t3 L74-Ylt3 L84-Xl_6 L94-Ux_3 L104-Pwe5 L55-Fwh3 L65-Xwv0 L75-Ccs6 L85-Fvo6 L95-Rhq4 L105-Oic3 L66-Fwh3 L76-Wmj9 L86-Xoc7 L96-Hlr4 L106-Faq4 L77-Fwh3 L87-Vwz1 L97-Obj8 L107-Blp9 L78-Fwh3 L88-Bjz8 L98-Qpl5 L108-Xxh1 L89-Fwh3 L99-Opq3 L109-Crk5 L90-Fwh3 L100-Zwa4 L110-Evc2
L31-Fwh3 L41-Aga3 L51-Uzb4 L61-M_u0 L71-Use4 L81-Fhf1 L91-Zqg9 L101-Pfm1 L32-Fwh3 L42-Aun0 L52-Mqw8 L62-Bjr0 L72-Enj9 L82-Fe_3 L92-Vzk0 L102-Bry0 L43-Fwh3 L53-Cfu7 L63-Fsg1 L73-V__6 L83-Uzy5 L93-Vum1 L103-Peg6 L54-Fwh3 L64-Rna1 L74-O_t3 L84-Ylt3 L94-Xl_6 L104-Ux_3 L65-Fwh3 L75-Xwv0 L85-Ccs6 L95-Fvo6 L105-Rhq4 L76-Fwh3 L86-Wmj9 L96-Xoc7 L106-Hlr4 L87-Fwh3 L97-Vwz1 L107-Obj8 L88-Fwh3 L98-Bjz8 L108-Qpl5 L99-Fwh3 L109-Opq3 L100-Fwh3 L110-Zwa4
L41-Fwh3 L51-Aga3 L61-Uzb4 L71-M_u0 L81-Use4 L91-Fhf1 L101-Zqg9 L42-Fwh3 L52-Aun0 L62-Mqw8 L72-Bjr0 L82-Enj9 L92-Fe_3 L102-Vzk0 L53-Fwh3 L63-Cfu7 L73-Fsg1 L83-V__6 L93-Uzy5 L103-Vum1 L64-Fwh3 L74-Rna1 L84-O_t3 L94-Ylt3 L104-Xl_6 L75-Fwh3 L85-Xwv0 L95-Ccs6 L105-Fvo6 L86-Fwh3 L96-Wmj9 L106-Xoc7 L97-Fwh3 L107-Vwz1 L98-Fwh3 L108-Bjz8 L109-Fwh3 L110-Fwh3
L51-Fwh3 L61-Aga3 L71-Uzb4 L81-M_u0 L91-Use4 L101-Fhf1 L52-Fwh3 L62-Aun0 L72-Mqw8 L82-Bjr0 L92-Enj9 L102-Fe_3 L63-Fwh3 L73-Cfu7 L83-Fsg1 L93-V__6 L103-Uzy5 L74-Fwh3 L84-Rna1 L94-O_t3 L104-Ylt3 L85-Fwh3 L95-Xwv0 L105-Ccs6 L96-Fwh3 L106-Wmj9 L107-Fwh3 L108-Fwh3
L61-Fwh3 L71-Aga3 L81-Uzb4 L91-M_u0 L101-Use4 L62-Fwh3 L72-Aun0 L82-Mqw8 L92-Bjr0 L102-Enj9 L73-Fwh3 L83-Cfu7 L93-Fsg1 L103-V__6 L84-Fwh3 L94-Rna1 L104-O_t3 L95-Fwh3 L105-Xwv0 L106-Fwh3
L71-Fwh3 L81-Aga3 L91-Uzb4 L101-M_u0 L72-Fwh3 L82-Aun0 L92-Mqw8 L102-Bjr0 L83-Fwh3 L93-Cfu7 L103-Fsg1 L94-Fwh3 L104-Rna1 L105-Fwh3
L81-Fwh3 L91-Aga3 L101-Uzb4 L82-Fwh3 L92-Aun0 L102-Mqw8 L93-Fwh3 L103-Cfu7 L104-Fwh3
L91-Fwh3 L101-Aga3 L92-Fwh3 L102-Aun0 L103-Fwh3
L101-Fwh3 L102-Fwh3
