16
#Here is the number of lines required: 33
##start
Pbv7 1 1
##end
Ovw1 4 4
Kfn2 6 6
Uow1 9 9
Orb4 11 11
Bfm8 15 15
Gdh0 19 19
Ovo1 21 21
Gqi8 24 24
Ocs4 25 25
Oq_0 30 30
Vgi4 32 32
Nku9 37 37
Wzf9 39 39
Ngq1 44 44
Edj1 48 48
Clq1 50 50
Jnv4 54 54
D_g1 58 58
F_l8 61 61
Dgx3 62 62
Xht8 64 64
Vbi8 68 68
Uzd3 72 72
Ojn4 75 75
Dqn9 79 79
Unh8 82 82
Iun1 87 87
Knt1 91 91
Tla9 94 94
Zfy1 98 98
N_v2 103 103
Faq0 108 108
Exv2 112 112
Jvo9 114 114
Cfs8 117 117
Oih4 120 120
Dke0 122 122
X__4 124 124
Pmx2 128 128
Xxo0 131 131
Aun2 133 133
Yaf6 137 137
Ixr7 138 138
Ifh8 142 142
Vm_7 143 143
Cin7 144 144
Ncb0 149 149
Fbj5 150 150
Taf5 152 152
Hff0 156 156
Rle0 160 160
Gad8 162 162
Mdu9 164 164
Ccy9 167 167
Mz_4 168 168
Spy8 172 172
Nv_0 177 177
Oog9 180 180
Bpy8 181 181
Fkc1 185 185
Ug_4 188 188
Vbh8 191 191
Imr8 194 194
Ps_8 198 198
Dqb4 200 200
Zod7 204 204
Qso9 209 209
Kmz3 210 210
Wtr4 213 213
K__2 215 215
Cfq1 216 216
P_u5 218 218
Osp2 222 222
Ggz3 225 225
Fzt2 230 230
Uwu4 232 232
Ep_6 236 236
Xvf7 239 239
Rnj7 242 242
Ird4 243 243
Vi_2 248 248
A_g4 251 251
Mdw3 256 256
Ild0 260 260
Umx6 264 264
Mg_8 267 267
Pus0 271 271
Uvx9 275 275
Se_9 277 277
Trp0 281 281
Mux3 285 285
Dsk7 289 289
Ota4 292 292
O_d8 296 296
Npu1 299 299
Ytl8 302 302
Gdq9 307 307
Oec0 311 311
Jkk6 313 313
Y_k4 317 317
Ywr7 319 319
Pop0 323 323
Nbh2 326 326
Opm0 329 329
Vge2 332 332
Upu7 335 335
Ikd6 338 338
Ngs3 340 340
Uvu5 344 344
Uzb9 346 346
Xdz2 349 349
Kxx5 352 352
Qsd7 356 356
Voc3 358 358
Qhn2 361 361
Emg1 363 363
Swt2 365 365
Flw7 370 370
Egw5 373 373
Xut0 376 376
Ku_2 381 381
Dhw4 385 385
J_e6 387 387
Gfa5 391 391
Hqf9 394 394
Nu_8 397 397
Pjn0 401 401
Nsp3 403 403
Krt6 408 408
Zwa4 411 411
Dxj0 416 416
Mxz5 419 419
N_n2 424 424
Yxa9 429 429
Ytf6 431 431
Srd3 433 433
O_t4 435 435
Ipt1 439 439
Wov5 443 443
Mqf3 446 446
Kzc8 449 449
O_v0 452 452
Rsh0 454 454
Phe4 457 457
Sip1 461 461
Qql3 464 464
Bko3 468 468
Kdl9 470 470
Njt7 473 473
Vyy5 476 476
Fyg2 479 479
Tqh9 480 480
Zik2 483 483
Pfo6 488 488
Fzf9 491 491
Rxo3 496 496
A_q2 500 500
Ypt2 504 504
Mpw1 507 507
Uis1 509 509
Uks3 512 512
Fqv9 515 515
Pri0 519 519
Ftg8 523 523
Vex6 526 526
Unn9 529 529
O_a0 532 532
Hrk6 537 537
Pmg2 541 541
Adk0 544 544
Aib8 545 545
F_e2 550 550
Wis2 554 554
Rrg8 556 556
Rjk6 558 558
V_n0 561 561
Cbp6 565 565
Vcl0 568 568
Och4 572 572
Fw_2 575 575
Clw4 579 579
Zaf0 582 582
Dgl1 583 583
Ale4 587 587
Imp2 588 588
Awg4 589 589
Qrt7 594 594
Amn0 597 597
Iq_6 600 600
Wrg5 602 602
O_h6 605 605
Xcu8 609 609
Ckm1 612 612
Anj3 617 617
Xzo1 621 621
Xma3 625 625
Hoi5 629 629
Wgm1 634 634
Ykr7 637 637
Uzq5 640 640
Tfd3 642 642
Ckb1 646 646
Sj_0 649 649
Z_p1 650 650
Xxj6 655 655
Pzf2 657 657
Jvb6 660 660
Qvl0 663 663
Ngz8 666 666
Vex7 670 670
Cf_8 673 673
Dsz9 674 674
U_f6 678 678
Ixr9 681 681
Prx7 684 684
Jjs1 685 685
Cbr1 688 688
Wht2 690 690
Wwa9 691 691
Rzh9 694 694
Vio4 697 697
Eso9 700 700
Zuv9 702 702
Skb3 705 705
Iqb3 706 706
Nu_9 709 709
Ihi3 710 710
Zfx0 713 713
A_a1 715 715
Sti3 720 720
Gts9 724 724
Zoo7 727 727
W_f6 729 729
C_w3 734 734
P_i4 739 739
Dxo6 743 743
Eh_1 747 747
H_w4 748 748
Nkz0 750 750
Sum2 753 753
Bcg8 755 755
Kmq8 759 759
Vwp3 762 762
Dzh1 763 763
Orj3 768 768
Ci_1 770 770
Sfu5 774 774
G_l4 776 776
Ooc0 779 779
Qpe1 783 783
Cif9 787 787
Wux7 790 790
Tfb5 793 793
Udl5 796 796
Xmr8 799 799
Shf2 802 802
Vru9 805 805
Seb9 807 807
Gul5 808 808
V_w2 810 810
Cxo4 811 811
Jvx7 813 813
Fwh0 814 814
Vyw4 819 819
Hnn5 820 820
Ems6 823 823
A_f7 825 825
I_v7 827 827
Krc8 832 832
R_n5 837 837
Kmy2 838 838
Vbk2 841 841
Fqs3 843 843
Bkk2 846 846
Twu4 849 849
A_y3 852 852
Tav1 855 855
Esx2 859 859
Q_u5 864 864
Rjy6 868 868
H_x2 872 872
B_q7 876 876
Rxa7 879 879
Zqh6 880 880
Zvk9 883 883
Omm9 887 887
Cqi5 889 889
Wjf2 894 894
Dmx1 903 903
I_z1 907 907
T_c7 909 909
Soi5 910 910
Tpi7 913 913
Z_o6 915 915
Ojq1 917 917
Ivp4 919 919
Dcn3 923 923
Wqp1 925 925
Yqt5 926 926
Qqm1 931 931
Bib4 934 934
Cio9 939 939
Yj_6 943 943
Pit9 946 946
Ffb8 948 948
Mmp9 952 952
X_g1 955 955
Hh_4 957 957
Nds4 961 961
Nsl0 962 962
K_x9 965 965
Has4 966 966
Dcn1 969 969
Vwi1 973 973
Azs2 978 978
D_q8 982 982
Srv8 985 985
Ige9 989 989
Bxh8 993 993
Zix6 997 997
Aal4 1000 1000
Clq2 1001 1001
W_h1 1004 1004
K_g7 1009 1009
Bvc1 1014 1014
Idm5 1018 1018
Tjy7 1019 1019
Fhc3 1022 1022
Pzl3 1025 1025
M__6 1029 1029
Xaw8 1034 1034
Fkj0 1038 1038
Uxn4 1041 1041
N_u7 1044 1044
Knn2 1049 1049
Z_m4 1054 1054
Zmq4 1057 1057
Ynt4 1060 1060
Acn7 1063 1063
Onc2 1067 1067
Jgv2 1070 1070
Xtt5 1073 1073
Vhn5 1075 1075
Rph2 1079 1079
Acf1 1081 1081
Ktf8 1085 1085
Enr2 1090 1090
Ttu5 1092 1092
Ver9 1097 1097
Dhb4 1100 1100
Qjd3 1103 1103
B_o4 1107 1107
Dbg1 1111 1111
Ydc6 1112 1112
Bmm2 1117 1117
Yk_5 1119 1119
Oll1 1122 1122
Jql1 1127 1127
Ezw5 1131 1131
Jck3 1132 1132
Kvf5 1135 1135
Dkn6 1136 1136
Nvl2 1137 1137
Est3 1138 1138
Nes6 1140 1140
Eqm2 1142 1142
Nxh2 1147 1147
Elo1 1149 1149
Awg6 1152 1152
Gsl6 1157 1157
Unh9 1160 1160
R_h9 1165 1165
D_e1 1168 1168
Wem6 1170 1170
Krd4 1172 1172
Qjo9 1175 1175
Ofk4 1179 1179
Rsh2 1182 1182
Io_1 1183 1183
Ssj4 1187 1187
Use1 1189 1189
Dep1 1192 1192
Qnf6 1196 1196
Egi3 1200 1200
Vyz2 1203 1203
Kqi6 1206 1206
Ofo1 1208 1208
Ogs3 1212 1212
Szk2 1215 1215
Oms3 1216 1216
R_a5 1218 1218
Xqa4 1222 1222
Gob8 1225 1225
Vyu5 1226 1226
Joz7 1231 1231
Igf5 1236 1236
Xvh3 1241 1241
Xbt7 1243 1243
Rf_5 1246 1246
V_o4 1249 1249
Gqg2 1253 1253
Wzg0 1256 1256
Brp4 1258 1258
Rnh9 1260 1260
Ehv3 1265 1265
Qye1 1267 1267
Tzw3 1272 1272
X_p8 1276 1276
Mpy9 1278 1278
Tcy2 1282 1282
F_i2 1286 1286
Q_t6 1290 1290
Mer3 1293 1293
Fkd4 1298 1298
Mzz1 1301 1301
Yo_4 1304 1304
Gmn8 1307 1307
Ybc9 1310 1310
Orq0 1312 1312
N_i2 1316 1316
Mch4 1319 1319
Mtd5 1322 1322
Hrm9 1326 1326
Ryg8 1331 1331
Grh9 1335 1335
Igw0 1336 1336
Ixa3 1340 1340
Eyh6 1343 1343
Sjw6 1346 1346
Q_j3 1348 1348
Qbm6 1350 1350
Qpv3 1353 1353
Rx_7 1355 1355
Dga9 1356 1356
Hyz3 1361 1361
Agr7 1363 1363
Eo_4 1365 1365
Hdb6 1367 1367
Dip0 1370 1370
Sgn5 1374 1374
Ddl4 1375 1375
Jly7 1379 1379
Nes7 1383 1383
Vlp9 1386 1386
Xcb4 1388 1388
M_m4 1390 1390
S_g8 1393 1393
Tyx6 1395 1395
Qax9 1396 1396
Mbl0 1398 1398
Jnm5 1399 1399
Fi_6 1402 1402
Xbp0 1405 1405
C_h7 1408 1408
Pjj4 1410 1410
K_f4 1413 1413
Dee8 1415 1415
G_s1 1418 1418
Csn1 1421 1421
Xch5 1424 1424
Gwb5 1427 1427
Eg_2 1430 1430
Yde6 1434 1434
Mok9 1439 1439
Gju0 1443 1443
Vfj5 1448 1448
Bzd7 1452 1452
Z_p8 1455 1455
Svy4 1459 1459
Xzk1 1464 1464
Bto0 1468 1468
Iuj8 1470 1470
Ys_3 1471 1471
Apz6 1475 1475
Zqf8 1480 1480
Nqn8 1483 1483
Jsi2 1487 1487
Xxk5 1489 1489
Eb_1 1490 1490
A_u9 1494 1494
Ayv5 1496 1496
Q_q1 1501 1501
Kzk7 1503 1503
Xqn3 1506 1506
Ryh6 1509 1509
Hko6 1513 1513
Koz9 1517 1517
Bpl6 1520 1520
Ah_2 1522 1522
Y_j2 1525 1525
Ss_9 1529 1529
Kln2 1534 1534
Rzo3 1539 1539
Sct3 1541 1541
X_x9 1544 1544
Rjs1 1546 1546
Boa3 1549 1549
Ms_6 1553 1553
Puw6 1554 1554
Cgs8 1556 1556
Hro3 1559 1559
Scz7 1564 1564
Nxo3 1569 1569
Ihz2 1571 1571
Fti3 1572 1572
Ify9 1574 1574
Pvt5 1577 1577
Rvc7 1580 1580
Ktb5 1585 1585
Nam1 1587 1587
Idk0 1589 1589
X_c3 1592 1592
Sph7 1594 1594
Kwo3 1596 1596
O_k1 1600 1600
Igz2 1603 1603
Zaf9 1606 1606
Ege6 1607 1607
Ydm2 1608 1608
Vai7 1613 1613
Yms1 1616 1616
Trw0 1619 1619
Zig7 1622 1622
Ck_4 1623 1623
Qn_6 1625 1625
Hcs2 1627 1627
Ywz8 1629 1629
Nyj9 1632 1632
Cw_2 1636 1636
Sqr9 1640 1640
Nqe0 1641 1641
Sde8 1644 1644
Yqa2 1648 1648
A_l4 1649 1649
Zeq9 1652 1652
Jfk1 1657 1657
Yie6 1661 1661
Olr9 1664 1664
H_p2 1667 1667
K_v9 1672 1672
Wvh8 1677 1677
Ncb5 1681 1681
O_g4 1684 1684
Ntu6 1687 1687
Fjg0 1689 1689
Ctf3 1693 1693
Xay0 1695 1695
Tig1 1698 1698
Qnp8 1699 1699
Xmj3 1703 1703
Knf0 1706 1706
Pz_5 1708 1708
Eln0 1709 1709
Xlr9 1714 1714
Hwz6 1717 1717
Jvd8 1720 1720
Fmz1 1721 1721
Xyt4 1724 1724
Sop1 1727 1727
Usr5 1731 1731
Uul9 1733 1733
Fkf7 1736 1736
Adl3 1737 1737
Bm_6 1738 1738
M_n0 1743 1743
Kdi3 1745 1745
Wo_4 1748 1748
Aqu1 1750 1750
O_i5 1754 1754
Mkp1 1757 1757
Odd9 1759 1759
Pcn4 1762 1762
C_v4 1767 1767
Hwx6 1769 1769
Vpb8 1774 1774
Q_f0 1779 1779
Dxd4 1784 1784
Frk7 1787 1787
Xg_9 1791 1791
Cad3 1795 1795
Pdc3 1799 1799
Tmq3 1801 1801
Xyz3 1803 1803
E_s8 1807 1807
Kxt4 1809 1809
Tuz6 1812 1812
B_m6 1815 1815
He_9 1816 1816
Vbr4 1820 1820
B_n7 1825 1825
Qll9 1829 1829
Ppk8 1830 1830
Efp4 1835 1835
Hzw2 1837 1837
Pdq0 1842 1842
Viz6 1843 1843
Adk3 1848 1848
Two9 1851 1851
Ajr1 1855 1855
Xnf3 1858 1858
Mzr3 1863 1863
Qte1 1866 1866
Sjw6-Mzr3
Cqi5-Kfn2
Mz_4-Xnf3
Qpe1-Uow1
Ug_4-Ajr1
Qpe1-Bfm8
Sqr9-Viz6
Sfu5-Pdq0
Faq0-Hzw2
H_x2-Efp4
Vyw4-Qll9
N_n2-Ocs4
Zuv9-B_n7
Ncb5-Oq_0
Tav1-Vbr4
Wis2-B_m6
Wo_4-Nku9
Gju0-Kxt4
Dhb4-Ngq1
Fkj0-E_s8
Awg6-Tmq3
W_f6-Cad3
Hdb6-Xg_9
Ybc9-Dxd4
Pcn4-Dgx3
Wwa9-C_v4
Cf_8-Vbi8
Ckm1-Ojn4
Y_j2-Unh8
Rjy6-Iun1
Bvc1-Wo_4
Jnm5-Tla9
N_v2-Ovw1
M_n0-N_v2
Bm_6-M_n0
Adl3-Bm_6
Faq0-Adl3
Uul9-Jvo9
Usr5-Oih4
Sop1-Usr5
Xyt4-Sop1
Jvd8-Fmz1
Hwz6-Jvd8
Dke0-Eln0
X__4-Dke0
Pz_5-X__4
Pmx2-Pz_5
Xxo0-Pmx2
Knf0-Xxo0
Aun2-Xmj3
Yaf6-Aun2
Ixr7-Yaf6
Cin7-Vm_7
Ncb0-Cin7
Fbj5-Ncb0
Taf5-Fbj5
Ctf3-Rle0
Mdu9-Ntu6
O_g4-Mdu9
Ccy9-Wvh8
Olr9-H_p2
Oog9-Olr9
Bpy8-Oog9
Fkc1-Yie6
Ug_4-Jfk1
Vbh8-Ug_4
Zeq9-Vbh8
Sde8-Yqa2
Sqr9-Imr8
Ps_8-Cw_2
Dqb4-Ps_8
Hcs2-Ywz8
Zod7-Hcs2
Ck_4-Qn_6
Zig7-Ovw1
Trw0-Zig7
Vai7-Wtr4
Ydm2-K__2
Cfq1-Ydm2
Ege6-Cfq1
P_u5-Ege6
Osp2-Zaf9
Ggz3-Osp2
Igz2-Ggz3
O_k1-Igz2
Uwu4-Fzt2
Ep_6-Kwo3
Ird4-X_c3
Vi_2-Ird4
A_g4-Idk0
Rvc7-Ktb5
Ild0-Mdw3
Umx6-Pvt5
Ify9-Umx6
Fti3-Ify9
Ihz2-Fti3
Dsk7-Cgs8
Ota4-Dsk7
Puw6-Ota4
O_d8-Puw6
Ms_6-Ytl8
Jkk6-Ovw1
Rjs1-Jkk6
Ywr7-Y_k4
X_x9-Ywr7
Pop0-Sct3
Opm0-Nbh2
Upu7-Vge2
Kln2-Rzo3
Y_j2-Ss_9
Ngs3-Y_j2
Ah_2-Ngs3
Bpl6-Uvu5
Uzb9-Bpl6
Koz9-Xdz2
Voc3-Ryh6
Kzk7-Xqn3
Q_q1-Kzk7
Eb_1-A_u9
Swt2-Xxk5
Flw7-Swt2
Egw5-Nqn8
Zqf8-Xut0
Apz6-Ku_2
Ys_3-Apz6
Iuj8-Ys_3
Bto0-Iuj8
Svy4-Xzk1
Z_p8-Svy4
Gfa5-Gju0
Mok9-Gfa5
Yde6-Mok9
Gwb5-Eg_2
Xch5-Gwb5
Pbv7-Csn1
Hqf9-Ovw1
G_s1-Hqf9
Nu_8-G_s1
Krt6-Nsp3
C_h7-Krt6
Zwa4-Xbp0
Fi_6-Dxj0
Qax9-Mbl0
Tyx6-Qax9
N_n2-S_g8
Xcb4-M_m4
Vlp9-Xcb4
Srd3-Vlp9
O_t4-Srd3
Nes7-O_t4
Jly7-Ipt1
Ddl4-Jly7
Mqf3-Wov5
Eo_4-Hdb6
Kzc8-Eo_4
O_v0-Hyz3
Rsh0-Dga9
Qpv3-Sip1
Qql3-Qpv3
Bko3-Qbm6
Kdl9-Q_j3
Eyh6-Sjw6
Vyy5-Eyh6
Ixa3-Vyy5
Fyg2-Ixa3
Mtd5-Ovw1
Orq0-N_i2
Ybc9-Zik2
Pfo6-Gmn8
Fzf9-Pfo6
Yo_4-Fzf9
Mzz1-Yo_4
Rxo3-Mzz1
A_q2-Rxo3
Ypt2-A_q2
Mpw1-Fkd4
Uis1-Mpw1
Uks3-Uis1
Mer3-Uks3
Q_t6-Mer3
Mpy9-Tcy2
X_p8-Mpy9
Pri0-X_p8
Ftg8-Ehv3
Rnh9-Vex6
O_a0-Unn9
Hrk6-Brp4
Pmg2-Gqg2
V_o4-Pmg2
Rf_5-V_o4
F_e2-Xbt7
Igf5-Xvh3
Wis2-Igf5
Gob8-Vyu5
Oms3-R_a5
Szk2-V_n0
Cbp6-Szk2
Pbv7-Ogs3
Ofo1-Vcl0
Vyz2-Kqi6
Och4-Vyz2
Egi3-Och4
Fw_2-Egi3
Zaf0-Clw4
Dgl1-Dep1
Imp2-Ale4
Use1-Imp2
Awg4-Use1
Ssj4-Awg4
Wrg5-Iq_6
Ckm1-Xcu8
Io_1-Ckm1
Rsh2-Io_1
Qjo9-Ofk4
Pbv7-Anj3
Xzo1-Ovw1
Hoi5-Xma3
Wgm1-Hoi5
Krd4-Uzq5
Wem6-Krd4
R_h9-D_e1
Tfd3-Unh9
Gsl6-Ckb1
Sj_0-Gsl6
Z_p1-Sj_0
Pzf2-Xxj6
Nes6-Eqm2
Est3-Nes6
Vex7-Ngz8
Dkn6-Nvl2
Dsz9-Cf_8
U_f6-Dsz9
Kvf5-U_f6
Jck3-Kvf5
Ezw5-Jck3
Oll1-Jql1
Prx7-Yk_5
Bmm2-Prx7
Ydc6-Jjs1
Cbr1-Ydc6
Wht2-Cbr1
Wwa9-Wht2
Rzh9-Wwa9
Vio4-Rzh9
Ver9-Dhb4
Zuv9-Ver9
Iqb3-Skb3
Ihi3-Nu_9
Zfx0-Ttu5
Enr2-A_a1
Dmx1-Ovw1
Sti3-Dmx1
Ktf8-Sti3
Acf1-Ktf8
Rph2-Acf1
Vhn5-Zoo7
W_f6-Jgv2
Dxo6-Ynt4
Zmq4-Dxo6
Eh_1-Knn2
H_w4-N_u7
Uxn4-H_w4
Nkz0-Uxn4
Pbv7-Xaw8
Bcg8-Ovw1
Vwp3-Kmq8
Orj3-M__6
Pzl3-Orj3
Fhc3-Pzl3
Ci_1-Fhc3
Sfu5-Ci_1
G_l4-Sfu5
Tjy7-G_l4
Idm5-Qpe1
Bvc1-Cif9
K_g7-Bvc1
Wux7-K_g7
Clq2-W_h1
Aal4-Clq2
Zix6-Aal4
Udl5-Zix6
Ige9-Xmr8
Srv8-Ovw1
D_q8-Srv8
Gul5-Seb9
Dcn1-Cxo4
Jvx7-Dcn1
Vyw4-Fwh0
Hnn5-Vyw4
Has4-Hnn5
Ems6-K_x9
Nds4-Nsl0
Hh_4-Nds4
Mmp9-X_g1
I_v7-Mmp9
Kmy2-R_n5
Fqs3-Yj_6
A_y3-Twu4
Bib4-Cio9
Wqp1-Yqt5
Esx2-Wqp1
Ivp4-Q_u5
Rjy6-Ivp4
Ojq1-H_x2
B_q7-Ojq1
Z_o6-B_q7
Zqh6-Rxa7
Zvk9-Zqh6
Omm9-Zvk9
Soi5-Tpi7
T_c7-Soi5
Cqi5-T_c7
Wjf2-Cqi5
Pbv7-I_z1
I_z1-Wjf2
Tpi7-Omm9
Rxa7-Z_o6
H_x2-Rjy6
Q_u5-Dcn3
Dcn3-Esx2
Yqt5-Tav1
Tav1-Qqm1
Qqm1-Bib4
Cio9-A_y3
Twu4-Bkk2
Bkk2-Fqs3
Yj_6-Ovw1
Pbv7-Vbk2
Vbk2-Kmy2
R_n5-Krc8
Krc8-Pit9
Pit9-Ffb8
Ffb8-I_v7
X_g1-Hh_4
Nsl0-A_f7
A_f7-Ems6
K_x9-Has4
Fwh0-Jvx7
Cxo4-V_w2
V_w2-Gul5
Seb9-Vwi1
Vwi1-Azs2
Azs2-D_q8
Pbv7-Vru9
Vru9-Shf2
Shf2-Ige9
Xmr8-Bxh8
Bxh8-Udl5
W_h1-Tfb5
Tfb5-Wux7
Cif9-Idm5
Qpe1-Ooc0
Ooc0-Tjy7
M__6-Dzh1
Dzh1-Vwp3
Kmq8-Bcg8
Xaw8-Fkj0
Fkj0-Sum2
Sum2-Nkz0
N_u7-Eh_1
Knn2-Z_m4
Z_m4-Zmq4
Ynt4-Acn7
Acn7-P_i4
P_i4-Onc2
Onc2-C_w3
C_w3-W_f6
Jgv2-Xtt5
Xtt5-Vhn5
Zoo7-Gts9
Gts9-Rph2
Pbv7-Enr2
A_a1-Zfx0
Ttu5-Ihi3
Nu_9-Iqb3
Skb3-Zuv9
Dhb4-Qjd3
Qjd3-B_o4
B_o4-Dbg1
Dbg1-Eso9
Eso9-Vio4
Jjs1-Bmm2
Yk_5-Oll1
Jql1-Ixr9
Ixr9-Ezw5
Cf_8-Ovw1
Pbv7-Dkn6
Nvl2-Vex7
Ngz8-Est3
Eqm2-Qvl0
Qvl0-Jvb6
Jvb6-Nxh2
Nxh2-Elo1
Elo1-Pzf2
Xxj6-Awg6
Awg6-Z_p1
Ckb1-Tfd3
Unh9-R_h9
D_e1-Wem6
Uzq5-Ykr7
Ykr7-Wgm1
Xma3-Xzo1
Anj3-Qjo9
Ofk4-Rsh2
Xcu8-O_h6
O_h6-Wrg5
Iq_6-Amn0
Amn0-Qrt7
Qrt7-Ssj4
Ale4-Dgl1
Dep1-Qnf6
Qnf6-Zaf0
Clw4-Fw_2
Kqi6-Ofo1
Vcl0-Ovw1
Ogs3-Cbp6
V_n0-Oms3
R_a5-Xqa4
Xqa4-Rjk6
Rjk6-Gob8
Vyu5-Rrg8
Rrg8-Joz7
Joz7-Wis2
Xvh3-F_e2
Xbt7-Aib8
Aib8-Adk0
Adk0-Rf_5
Gqg2-Wzg0
Wzg0-Hrk6
Brp4-O_a0
Unn9-Rnh9
Vex6-Ftg8
Ehv3-Qye1
Qye1-Tzw3
Tzw3-Pri0
Tcy2-F_i2
F_i2-Fqv9
Fqv9-Q_t6
Fkd4-Ypt2
Gmn8-Ybc9
Zik2-Tqh9
Tqh9-Orq0
N_i2-Mch4
Mch4-Mtd5
Pbv7-Hrm9
Hrm9-Ryg8
Ryg8-Grh9
Grh9-Igw0
Igw0-Fyg2
Sjw6-Njt7
Njt7-Kdl9
Q_j3-Bko3
Qbm6-Qql3
Sip1-Phe4
Phe4-Rx_7
Rx_7-Rsh0
Dga9-O_v0
Hyz3-Agr7
Agr7-Kzc8
Hdb6-Dip0
Dip0-Sgn5
Sgn5-Mqf3
Wov5-Ddl4
Ipt1-Nes7
M_m4-Ytf6
Ytf6-Yxa9
Yxa9-N_n2
S_g8-Tyx6
Mbl0-Jnm5
Jnm5-Mxz5
Mxz5-Fi_6
Dxj0-Zwa4
Xbp0-C_h7
Nsp3-Pjj4
Pjj4-Pjn0
Pjn0-K_f4
K_f4-Dee8
Dee8-Nu_8
Csn1-Xch5
Eg_2-Yde6
Gju0-Vfj5
Vfj5-Bzd7
Bzd7-J_e6
J_e6-Dhw4
Dhw4-Z_p8
Xzk1-Bto0
Ku_2-Zqf8
Xut0-Egw5
Nqn8-Jsi2
Jsi2-Flw7
Xxk5-Eb_1
A_u9-Ayv5
Ayv5-Emg1
Emg1-Q_q1
Xqn3-Qhn2
Qhn2-Voc3
Ryh6-Qsd7
Qsd7-Kxx5
Kxx5-Hko6
Hko6-Koz9
Xdz2-Uzb9
Uvu5-Ah_2
Ss_9-Ikd6
Ikd6-Kln2
Rzo3-Upu7
Vge2-Opm0
Nbh2-Pop0
Sct3-X_x9
Y_k4-Rjs1
Pbv7-Boa3
Boa3-Oec0
Oec0-Gdq9
Gdq9-Ms_6
Ytl8-Npu1
Npu1-O_d8
Cgs8-Hro3
Hro3-Mux3
Mux3-Scz7
Scz7-Nxo3
Nxo3-Trp0
Trp0-Se_9
Se_9-Uvx9
Uvx9-Pus0
Pus0-Mg_8
Mg_8-Ihz2
Pvt5-Ild0
Mdw3-Rvc7
Ktb5-Nam1
Nam1-A_g4
Idk0-Vi_2
X_c3-Sph7
Sph7-Rnj7
Rnj7-Xvf7
Xvf7-Ep_6
Kwo3-Uwu4
Fzt2-O_k1
Zaf9-P_u5
K__2-Vai7
Wtr4-Yms1
Yms1-Trw0
Pbv7-Kmz3
Kmz3-Qso9
Qso9-Ck_4
Qn_6-Zod7
Ywz8-Nyj9
Nyj9-Dqb4
Cw_2-Sqr9
Imr8-Nqe0
Nqe0-Sde8
Yqa2-A_l4
A_l4-Zeq9
Jfk1-Fkc1
Yie6-Bpy8
H_p2-K_v9
K_v9-Nv_0
Nv_0-Spy8
Spy8-Mz_4
Mz_4-Ccy9
Wvh8-Ncb5
Ncb5-O_g4
Ntu6-Gad8
Gad8-Fjg0
Fjg0-Ctf3
Rle0-Xay0
Xay0-Tig1
Tig1-Qnp8
Qnp8-Hff0
Hff0-Taf5
Vm_7-Ifh8
Ifh8-Ixr7
Xmj3-Knf0
Eln0-Xlr9
Xlr9-Hwz6
Fmz1-Xyt4
Oih4-Cfs8
Cfs8-Uul9
Jvo9-Fkf7
Fkf7-Exv2
Exv2-Faq0
Zfx0-Zfy1
Yde6-Kdi3
Sti3-Knt1
Xmj3-Aqu1
Hh_4-Dqn9
Aqu1-Uzd3
Dcn1-Xht8
Dip0-O_i5
Vbk2-Mkp1
Vfj5-Odd9
Vyu5-Pcn4
Nv_0-Hwx6
R_n5-F_l8
Ifh8-Vpb8
Xht8-D_g1
Amn0-Jnv4
M_n0-Clq1
Kvf5-Q_f0
Bxh8-Frk7
K__2-Pdc3
Gob8-Xyz3
Brp4-Edj1
Sct3-Tuz6
Wjf2-Wzf9
Ige9-Vgi4
Ddl4-He_9
Xbt7-Gqi8
Kzk7-Ppk8
G_s1-Ovo1
Zig7-Gdh0
Fmz1-Adk3
Rrg8-Orb4
Dee8-Two9
O_v0-Qte1
#Here is the number of lines required: 33

L1-Vru9 L2-I_z1 L3-Vbk2 L4-Anj3 L5-Xaw8
L1-Shf2 L6-Vru9 L2-Wjf2 L7-I_z1 L3-Kmy2 L8-Vbk2 L4-Qjo9 L9-Anj3 L5-Fkj0 L10-Xaw8
L1-Ige9 L6-Shf2 L11-Vru9 L2-Cqi5 L7-Wjf2 L12-I_z1 L3-R_n5 L8-Kmy2 L13-Vbk2 L4-Ofk4 L9-Qjo9 L14-Anj3 L5-Sum2 L10-Fkj0 L15-Xaw8
L1-Xmr8 L6-Ige9 L11-Shf2 L2-T_c7 L7-Cqi5 L12-Wjf2 L3-Krc8 L8-R_n5 L13-Kmy2 L4-Rsh2 L9-Ofk4 L14-Qjo9 L5-Nkz0 L10-Sum2 L15-Fkj0 L16-Xaw8
L1-Bxh8 L6-Xmr8 L11-Ige9 L2-Soi5 L7-T_c7 L12-Cqi5 L3-Pit9 L8-Krc8 L13-R_n5 L4-Io_1 L9-Rsh2 L14-Ofk4 L5-Uxn4 L10-Nkz0 L15-Sum2 L16-Fkj0
L1-Udl5 L6-Bxh8 L11-Xmr8 L2-Tpi7 L7-Soi5 L12-T_c7 L3-Ffb8 L8-Pit9 L13-Krc8 L4-Ckm1 L9-Io_1 L14-Rsh2 L5-H_w4 L10-Uxn4 L15-Nkz0 L16-Sum2
L1-Zix6 L6-Udl5 L11-Bxh8 L2-Omm9 L7-Tpi7 L12-Soi5 L3-I_v7 L8-Ffb8 L13-Pit9 L4-Xcu8 L9-Ckm1 L14-Io_1 L5-N_u7 L10-H_w4 L15-Uxn4 L16-Nkz0
L1-Aal4 L6-Zix6 L11-Udl5 L2-Zvk9 L7-Omm9 L12-Tpi7 L3-Mmp9 L8-I_v7 L13-Ffb8 L4-O_h6 L9-Xcu8 L14-Ckm1 L5-Eh_1 L10-N_u7 L15-H_w4 L16-Uxn4
L1-Clq2 L6-Aal4 L11-Zix6 L2-Zqh6 L7-Zvk9 L12-Omm9 L3-X_g1 L8-Mmp9 L13-I_v7 L4-Wrg5 L9-O_h6 L14-Xcu8 L5-Knn2 L10-Eh_1 L15-N_u7 L16-H_w4
L1-W_h1 L6-Clq2 L11-Aal4 L2-Rxa7 L7-Zqh6 L12-Zvk9 L3-Hh_4 L8-X_g1 L13-Mmp9 L4-Iq_6 L9-Wrg5 L14-O_h6 L5-Z_m4 L10-Knn2 L15-Eh_1 L16-N_u7
L1-Tfb5 L6-W_h1 L11-Clq2 L2-Z_o6 L7-Rxa7 L12-Zqh6 L3-Nds4 L8-Hh_4 L13-X_g1 L4-Amn0 L9-Iq_6 L14-Wrg5 L5-Zmq4 L10-Z_m4 L15-Knn2 L16-Eh_1
L1-Wux7 L6-Tfb5 L11-W_h1 L2-B_q7 L7-Z_o6 L12-Rxa7 L3-Nsl0 L8-Nds4 L13-Hh_4 L4-Qrt7 L9-Amn0 L14-Iq_6 L5-Dxo6 L10-Zmq4 L15-Z_m4 L16-Knn2
L1-K_g7 L6-Wux7 L11-Tfb5 L2-Ojq1 L7-B_q7 L12-Z_o6 L3-A_f7 L8-Nsl0 L13-Nds4 L4-Ssj4 L9-Qrt7 L14-Amn0 L5-Ynt4 L10-Dxo6 L15-Zmq4 L16-Z_m4
L1-Bvc1 L6-K_g7 L11-Wux7 L2-H_x2 L7-Ojq1 L12-B_q7 L3-Ems6 L8-A_f7 L13-Nsl0 L4-Awg4 L9-Ssj4 L14-Qrt7 L5-Acn7 L10-Ynt4 L15-Dxo6 L16-Zmq4
L1-Cif9 L6-Bvc1 L11-K_g7 L2-Rjy6 L7-H_x2 L12-Ojq1 L3-K_x9 L8-Ems6 L13-A_f7 L4-Use1 L9-Awg4 L14-Ssj4 L5-P_i4 L10-Acn7 L15-Ynt4 L16-Dxo6
L1-Idm5 L6-Cif9 L11-Bvc1 L2-Ivp4 L7-Rjy6 L12-H_x2 L3-Has4 L8-K_x9 L13-Ems6 L4-Imp2 L9-Use1 L14-Awg4 L5-Onc2 L10-P_i4 L15-Acn7 L16-Ynt4
L1-Qpe1 L6-Idm5 L11-Cif9 L2-Q_u5 L7-Ivp4 L12-Rjy6 L3-Hnn5 L8-Has4 L13-K_x9 L4-Ale4 L9-Imp2 L14-Use1 L5-C_w3 L10-Onc2 L15-P_i4 L16-Acn7
L1-Ooc0 L6-Qpe1 L11-Idm5 L2-Dcn3 L7-Q_u5 L12-Ivp4 L3-Vyw4 L8-Hnn5 L13-Has4 L4-Dgl1 L9-Ale4 L14-Imp2 L5-W_f6 L10-C_w3 L15-Onc2 L16-P_i4
L1-Tjy7 L6-Ooc0 L11-Qpe1 L2-Esx2 L7-Dcn3 L12-Q_u5 L3-Fwh0 L8-Vyw4 L13-Hnn5 L4-Dep1 L9-Dgl1 L14-Ale4 L5-Jgv2 L10-W_f6 L15-C_w3 L16-Onc2
L1-G_l4 L6-Tjy7 L11-Ooc0 L2-Wqp1 L7-Esx2 L12-Dcn3 L3-Jvx7 L8-Fwh0 L13-Vyw4 L4-Qnf6 L9-Dep1 L14-Dgl1 L5-Xtt5 L10-Jgv2 L15-W_f6 L16-C_w3
L1-Sfu5 L6-G_l4 L11-Tjy7 L2-Yqt5 L7-Wqp1 L12-Esx2 L3-Dcn1 L8-Jvx7 L13-Fwh0 L4-Zaf0 L9-Qnf6 L14-Dep1 L5-Vhn5 L10-Xtt5 L15-Jgv2 L16-W_f6
L1-Ci_1 L6-Sfu5 L11-G_l4 L2-Tav1 L7-Yqt5 L12-Wqp1 L3-Cxo4 L8-Dcn1 L13-Jvx7 L4-Clw4 L9-Zaf0 L14-Qnf6 L5-Zoo7 L10-Vhn5 L15-Xtt5 L16-Jgv2
L1-Fhc3 L6-Ci_1 L11-Sfu5 L2-Qqm1 L7-Tav1 L12-Yqt5 L3-V_w2 L8-Cxo4 L13-Dcn1 L4-Fw_2 L9-Clw4 L14-Zaf0 L5-Gts9 L10-Zoo7 L15-Vhn5 L16-Xtt5
L1-Pzl3 L6-Fhc3 L11-Ci_1 L2-Bib4 L7-Qqm1 L12-Tav1 L3-Gul5 L8-V_w2 L13-Cxo4 L4-Egi3 L9-Fw_2 L14-Clw4 L5-Rph2 L10-Gts9 L15-Zoo7 L16-Vhn5
L1-Orj3 L6-Pzl3 L11-Fhc3 L2-Cio9 L7-Bib4 L12-Qqm1 L3-Seb9 L8-Gul5 L13-V_w2 L4-Och4 L9-Egi3 L14-Fw_2 L5-Acf1 L10-Rph2 L15-Gts9 L16-Zoo7
L1-M__6 L6-Orj3 L11-Pzl3 L2-A_y3 L7-Cio9 L12-Bib4 L3-Vwi1 L8-Seb9 L13-Gul5 L4-Vyz2 L9-Och4 L14-Egi3 L5-Ktf8 L10-Acf1 L15-Rph2 L16-Gts9
L1-Dzh1 L6-M__6 L11-Orj3 L2-Twu4 L7-A_y3 L12-Cio9 L3-Azs2 L8-Vwi1 L13-Seb9 L4-Kqi6 L9-Vyz2 L14-Och4 L5-Sti3 L10-Ktf8 L15-Acf1 L16-Rph2
L1-Vwp3 L6-Dzh1 L11-M__6 L2-Bkk2 L7-Twu4 L12-A_y3 L3-D_q8 L8-Azs2 L13-Vwi1 L4-Ofo1 L9-Kqi6 L14-Vyz2 L5-Dmx1 L10-Sti3 L15-Ktf8 L16-Acf1
L1-Kmq8 L6-Vwp3 L11-Dzh1 L2-Fqs3 L7-Bkk2 L12-Twu4 L3-Srv8 L8-D_q8 L13-Azs2 L4-Vcl0 L9-Ofo1 L14-Kqi6 L5-Ovw1 L10-Dmx1 L15-Sti3 L16-Ktf8
L1-Bcg8 L6-Kmq8 L11-Vwp3 L2-Yj_6 L7-Fqs3 L12-Bkk2 L3-Ovw1 L8-Srv8 L13-D_q8 L4-Ovw1 L9-Vcl0 L14-Ofo1 L10-Ovw1 L15-Dmx1 L16-Sti3
L1-Ovw1 L6-Bcg8 L11-Kmq8 L2-Ovw1 L7-Yj_6 L12-Fqs3 L8-Ovw1 L13-Srv8 L9-Ovw1 L14-Vcl0 L15-Ovw1 L16-Dmx1
L6-Ovw1 L11-Bcg8 L7-Ovw1 L12-Yj_6 L13-Ovw1 L14-Ovw1 L16-Ovw1
L11-Ovw1 L12-Ovw1
