106
#Here is the number of lines required: 31
##start
Ofg0 0 0
##end
Ryp5 4 4
Pjb4 9 9
S_k5 10 10
Xqv7 13 13
Vuc9 16 16
Zpe4 21 21
Pcp5 25 25
Ptx1 26 26
Dgo2 29 29
Ivc9 31 31
Eqf2 34 34
Qox5 36 36
Vg_1 38 38
Zb_8 43 43
Psg5 45 45
Vcv3 47 47
Ell9 49 49
Q_d5 51 51
Wnd9 54 54
Q_y1 57 57
Vwz5 60 60
Wmr9 64 64
Gao4 67 67
Irn4 68 68
Vnh2 71 71
O_y9 72 72
Oi_7 75 75
Bho3 78 78
Fe_8 82 82
Wg_9 85 85
Upk0 86 86
Rhq2 90 90
Nnk6 93 93
Xep7 95 95
Hdw2 98 98
Nyp6 100 100
Unf7 102 102
Irl3 104 104
Bhl9 108 108
Nnv0 110 110
Do_7 112 112
Um_1 116 116
Vqd6 119 119
Adb9 122 122
Uwb0 127 127
Xwo4 128 128
Ewy2 133 133
Sjt5 138 138
Shh1 141 141
Ijc4 144 144
V_o8 146 146
Qyd8 149 149
Xvj3 154 154
Wrb8 155 155
P_d0 158 158
Pao0 161 161
Qrh3 165 165
Ruz3 166 166
Qje1 169 169
Eiv4 173 173
Ozy5 175 175
Jqp5 176 176
Du_0 179 179
Cl_4 182 182
Gms0 186 186
Itr9 188 188
Gfw7 191 191
Pay2 196 196
Pzw1 200 200
Rty1 203 203
Ugm6 206 206
Em_4 207 207
Vsq5 210 210
Gwt3 212 212
Zja7 214 214
Rvt3 217 217
Bnz0 220 220
Soa8 224 224
Sih6 229 229
Muf3 232 232
Ou_0 236 236
Z_l9 238 238
Ojk3 242 242
Vmw3 245 245
Umq7 248 248
Yye2 250 250
Aot4 254 254
Bpo6 257 257
Ysk7 261 261
Rln5 263 263
B_y0 266 266
Jec7 269 269
Uvh6 271 271
Vns2 273 273
E__1 275 275
H_k2 277 277
Vco1 280 280
D_o0 284 284
Ui_1 286 286
Ajy7 289 289
Dmg9 293 293
Hfq5 295 295
Isp0 298 298
Eng2 299 299
Xmk1 304 304
Tde1 305 305
Fta1 308 308
Pab7 311 311
Gvj6 315 315
Xwz7 319 319
Tst0 321 321
C_r4 324 324
Sus0 328 328
A_b3 331 331
K__2 335 335
Akx3 338 338
Ddv3 342 342
Yrm3 345 345
Six1 347 347
Wgj2 349 349
Cvp2 351 351
Dwd2 355 355
Tjg7 358 358
Obs2 359 359
Jlu8 361 361
St_4 365 365
Woi9 367 367
J_i3 369 369
Osv1 371 371
Pwy0 373 373
Muq7 375 375
Axo6 378 378
Ufw9 381 381
Rdz6 383 383
Gnk3 384 384
Tlb6 388 388
Oxe0 389 389
Vdi0 392 392
M_j3 394 394
Xu_1 397 397
W_e3 399 399
Jrt8 403 403
W_x3 405 405
Pqu2 409 409
Mcj1 412 412
Fvl5 415 415
Vgd5 416 416
Txt3 418 418
Dom7 421 421
Nss1 426 426
Tnw5 427 427
Agz9 428 428
Nam6 433 433
Yec7 437 437
Eid7 440 440
Q_m8 442 442
Ike0 446 446
E_b6 448 448
Tja8 452 452
Uax8 453 453
Tch9 455 455
Gnl3 458 458
Gjf9 461 461
Chn2 464 464
Zh_2 468 468
Ojh6 470 470
Bwl0 478 478
Bco5 481 481
Tk_9 483 483
Zr_7 485 485
Rtc8 486 486
Mqp3 489 489
Ity2 492 492
Qm_3 495 495
Rud6 497 497
Ten2 500 500
Vhj9 504 504
Cyr8 508 508
Kzg9 513 513
Cba0 518 518
Ikp6 520 520
Rrg2 521 521
Bnb7 524 524
Das9 525 525
Aoe7 530 530
Mpm3 533 533
Jwu2 536 536
Ujh1 540 540
Uh_0 544 544
Yqf1 546 546
Mio4 550 550
Cxa3 555 555
Cpw0 557 557
Wux6 560 560
Wni8 562 562
Buy5 564 564
Ccb2 567 567
Bgc0 569 569
A_o4 571 571
Aro8 573 573
Jij6 574 574
Q_e6 579 579
Rx_3 581 581
Eis8 585 585
Hii0 588 588
Gyw5 592 592
Aek0 596 596
W_a3 599 599
Gys7 601 601
Xnw4 605 605
Ide9 610 610
Yss2 611 611
Rtf3 613 613
Vbo1 616 616
Meh9 621 621
Xud0 624 624
Jad2 626 626
Rem8 629 629
Flk6 631 631
Jng6 634 634
Zy_8 635 635
Tib1 639 639
Mvh2 643 643
Fup7 646 646
Tgk7 651 651
Rdp5 655 655
Kpy7 659 659
S_w1 663 663
Zaf2 667 667
Bhg5 670 670
B_c5 672 672
Dnn9 676 676
Hbf5 678 678
Zzf6 679 679
Kpb7 681 681
Pgs5 682 682
Wfj6 687 687
Ju_9 691 691
Epw7 693 693
Ofj6 698 698
Q_n2 703 703
Wob0 708 708
Kjt6 710 710
Tp_8 712 712
I_r4 714 714
Wbq0 716 716
Th_1 719 719
Uqc4 722 722
Smo5 725 725
Baf4 730 730
Kcy4 731 731
Mog3 733 733
B_d4 738 738
Nda0 742 742
Vug6 747 747
Ayi3 750 750
Jio2 752 752
Ccu6 754 754
Ofc3 756 756
Shg6 759 759
Uij1 760 760
Fmk8 763 763
Qje8 766 766
Wjt2 769 769
Glr2 772 772
Zoc6 775 775
Qxe4 778 778
Knn2 781 781
Usf6 784 784
Bid2 788 788
Nim4 790 790
Suf1 793 793
Nbu8 794 794
Zf_1 795 795
Thz1 799 799
Ati9 803 803
F__6 806 806
Kpn8 809 809
Prp7 810 810
Kje1 815 815
Gko7 816 816
Dlo8 817 817
F_t1 818 818
Apv1 821 821
Icg0 825 825
Tg_1 829 829
Hzr4 832 832
Gax0 834 834
Gdl3 837 837
Pmy1 842 842
Bxe8 845 845
Igr3 848 848
Vhm4 850 850
Glb1 854 854
Dkn0 858 858
Eze1 862 862
Wzd1 867 867
Ygu7 868 868
Gau3 872 872
Vlc5 874 874
Fmr1 878 878
Dua8 880 880
Ahu2 883 883
Hwh9 887 887
Pok5 891 891
Oxq0 893 893
Fqc3 896 896
Tpo1 897 897
Etc7 900 900
Kds4 904 904
Sik0 909 909
G_b6 910 910
Jln7 912 912
Dir9 914 914
Yqd2 917 917
Tqp5 919 919
Puv5 922 922
Ywm9 927 927
Msq6 932 932
Fel9 936 936
Pdn1 939 939
Bqh9 943 943
Xth3 946 946
Vxy2 949 949
Vcy3 952 952
Hae8 956 956
Ery7 957 957
Ewy2-Pjb4
Bwl0-S_k5
Bqh9-Hae8
G_b6-Vcy3
Zf_1-Xqv7
Jng6-Xth3
Usf6-Pcp5
Uwb0-Bqh9
Vwz5-Fel9
B_y0-Eqf2
Do_7-Qox5
Eid7-Vg_1
Q_m8-Zb_8
Uwb0-Puv5
Six1-Q_d5
B_c5-Wnd9
Umq7-Q_y1
Fup7-Wmr9
Suf1-Tqp5
Ui_1-Jln7
Eze1-G_b6
Irn4-Kds4
O_y9-Vnh2
Fqc3-Tpo1
Bho3-Fqc3
Fe_8-Bho3
Wg_9-Fe_8
Upk0-Wg_9
Hwh9-Rhq2
Ahu2-Hwh9
Nnk6-Dua8
Vlc5-Fmr1
Gau3-Vlc5
Xep7-Gau3
Hdw2-Xep7
Nyp6-Hdw2
Unf7-Nyp6
Wzd1-Ygu7
Eze1-Wzd1
Bxe8-Irl3
Gax0-Gdl3
Hzr4-Nnv0
Icg0-Ryp5
Apv1-Icg0
Dlo8-F_t1
Gko7-Dlo8
Um_1-Do_7
Kje1-Um_1
Kpn8-Prp7
F__6-Kpn8
Vqd6-F__6
Thz1-Ati9
Zf_1-Thz1
Uwb0-Zf_1
Xwo4-Uwb0
Sjt5-Ewy2
Shh1-Sjt5
V_o8-Ijc4
Suf1-Nbu8
Xvj3-Qyd8
Wrb8-Nim4
Usf6-Bid2
Knn2-Usf6
Pao0-Qxe4
Qje1-Ruz3
Glr2-Zoc6
Eiv4-Wjt2
Qje8-Eiv4
Ozy5-Qje8
Ojh6-Ryp5
Jqp5-Ojh6
Du_0-Fmk8
Ofc3-Shg6
Jio2-Ccu6
Vug6-Ayi3
Itr9-Gms0
Nda0-Itr9
Pay2-Ryp5
Pzw1-B_d4
Kcy4-Mog3
Ugm6-Rty1
Baf4-Ugm6
Vsq5-Smo5
Uqc4-Gwt3
Th_1-Zja7
Bnz0-Rvt3
Soa8-I_r4
Ou_0-Tp_8
Kjt6-Z_l9
Ojk3-Kjt6
Vmw3-Ojk3
Bpo6-Aot4
Ju_9-Epw7
Uvh6-Jec7
Kpb7-Pgs5
Ofg0-Kpb7
Zzf6-Ryp5
H_k2-E__1
Vco1-H_k2
Dnn9-D_o0
Ajy7-Ui_1
Dmg9-Ajy7
B_c5-Dmg9
S_w1-Isp0
Kpy7-S_w1
Eng2-Kpy7
Rdp5-Eng2
Tgk7-Rdp5
Mvh2-Fup7
Tib1-Ryp5
Tde1-Xmk1
Zy_8-Tde1
Fta1-Zy_8
Pab7-Fta1
Gvj6-Pab7
Xwz7-Gvj6
Tst0-Xwz7
Jng6-Tst0
Rem8-Flk6
Jad2-Rem8
Xud0-Jad2
Vbo1-Meh9
Rtf3-Vbo1
Sus0-Rtf3
A_b3-Sus0
K__2-A_b3
Yss2-K__2
Akx3-Yss2
Xnw4-Ddv3
Yrm3-Gys7
Six1-W_a3
Wgj2-Six1
Dwd2-Cvp2
Aek0-Dwd2
Tjg7-Aek0
Gyw5-Tjg7
Obs2-Hii0
Eis8-Jlu8
Ofg0-Eis8
Rx_3-St_4
Q_e6-Rx_3
Aro8-J_i3
Osv1-Aro8
A_o4-Pwy0
Ofg0-Gnk3
Oxe0-Tlb6
Vdi0-Oxe0
M_j3-Vdi0
Ccb2-M_j3
Xu_1-Buy5
Jrt8-W_e3
W_x3-Jrt8
Wni8-W_x3
Pqu2-Cxa3
Mio4-Pqu2
Mcj1-Ryp5
Fvl5-Yqf1
Ujh1-Vgd5
Jwu2-Nss1
Mpm3-Jwu2
Tnw5-Mpm3
Nam6-Agz9
Das9-Nam6
Bnb7-Das9
Rrg2-Bnb7
Ikp6-Rrg2
Yec7-Cba0
Mqp3-Ity2
Ike0-Zr_7
Tk_9-E_b6
Uax8-Tja8
Gnl3-Tch9
Gjf9-Gnl3
Bwl0-Chn2
Ofg0-Zh_2
Zh_2-Bwl0
Chn2-Bco5
Bco5-Gjf9
Tch9-Uax8
Tja8-Tk_9
E_b6-Ike0
Zr_7-Rtc8
Rtc8-Mqp3
Ity2-Q_m8
Q_m8-Qm_3
Qm_3-Rud6
Rud6-Eid7
Eid7-Ten2
Ten2-Ryp5
Ofg0-Vhj9
Vhj9-Cyr8
Cyr8-Kzg9
Kzg9-Yec7
Cba0-Ikp6
Agz9-Aoe7
Aoe7-Tnw5
Nss1-Dom7
Dom7-Txt3
Txt3-Ujh1
Vgd5-Uh_0
Uh_0-Fvl5
Yqf1-Mcj1
Ofg0-Mio4
Cxa3-Cpw0
Cpw0-Wux6
Wux6-Wni8
W_e3-Xu_1
Buy5-Ccb2
Tlb6-Ryp5
Gnk3-Rdz6
Rdz6-Bgc0
Bgc0-Ufw9
Ufw9-Axo6
Axo6-Muq7
Muq7-A_o4
Pwy0-Osv1
J_i3-Woi9
Woi9-Jij6
Jij6-Q_e6
St_4-Ryp5
Jlu8-Obs2
Hii0-Gyw5
Cvp2-Wgj2
W_a3-Yrm3
Gys7-Xnw4
Ddv3-Ryp5
Ofg0-Ide9
Ide9-Akx3
Meh9-Xud0
Flk6-C_r4
C_r4-Jng6
Xmk1-Tib1
Ofg0-Mvh2
Fup7-Tgk7
Isp0-Zaf2
Zaf2-Hfq5
Hfq5-Bhg5
Bhg5-B_c5
Ui_1-Dnn9
D_o0-Hbf5
Hbf5-Vco1
E__1-Zzf6
Pgs5-Vns2
Vns2-Wfj6
Wfj6-Uvh6
Jec7-Ju_9
Epw7-Ofj6
Ofj6-B_y0
B_y0-Rln5
Rln5-Ysk7
Ysk7-Bpo6
Aot4-Q_n2
Q_n2-Wob0
Wob0-Yye2
Yye2-Umq7
Umq7-Vmw3
Z_l9-Ryp5
Ofg0-Ou_0
Tp_8-Muf3
Muf3-Sih6
Sih6-Soa8
I_r4-Bnz0
Rvt3-Wbq0
Wbq0-Th_1
Zja7-Uqc4
Gwt3-Vsq5
Smo5-Em_4
Em_4-Baf4
Rty1-Kcy4
Mog3-Pzw1
B_d4-Pay2
Ofg0-Gfw7
Gfw7-Nda0
Gms0-Cl_4
Cl_4-Vug6
Ayi3-Jio2
Ccu6-Ofc3
Shg6-Uij1
Uij1-Du_0
Fmk8-Jqp5
Ofg0-Ozy5
Wjt2-Glr2
Zoc6-Qje1
Ruz3-Qrh3
Qrh3-Pao0
Qxe4-P_d0
P_d0-Knn2
Bid2-Wrb8
Nim4-Xvj3
Qyd8-Suf1
Nbu8-V_o8
Ijc4-Shh1
Ewy2-Xwo4
Ati9-Adb9
Adb9-Vqd6
Prp7-Kje1
Do_7-Gko7
F_t1-Apv1
Ofg0-Tg_1
Tg_1-Hzr4
Nnv0-Gax0
Gdl3-Pmy1
Pmy1-Bhl9
Bhl9-Bxe8
Irl3-Igr3
Igr3-Vhm4
Vhm4-Glb1
Glb1-Dkn0
Dkn0-Eze1
Ygu7-Unf7
Fmr1-Nnk6
Dua8-Ahu2
Rhq2-Pok5
Pok5-Oxq0
Oxq0-Upk0
Tpo1-Oi_7
Oi_7-O_y9
Vnh2-Etc7
Etc7-Irn4
Kds4-Ryp5
Kzg9-Sik0
Uax8-Gao4
Gvj6-Dir9
Ruz3-Yqd2
Mpm3-Vwz5
Aek0-Ywm9
Rud6-Ell9
F__6-Vcv3
Z_l9-Psg5
Zy_8-Msq6
Ruz3-Ivc9
Ity2-Dgo2
Agz9-Pdn1
Gyw5-Ptx1
Vhm4-Zpe4
Gvj6-Vuc9
Jij6-Vxy2
Das9-Ery7
#Here is the number of lines required: 31

L1-Ou_0 L2-Ide9 L3-Vhj9 L4-Mvh2 L5-Kpb7 L6-Zh_2 L7-Mio4 L8-Gnk3 L9-Eis8 L10-Gfw7
L1-Tp_8 L11-Ou_0 L2-Akx3 L12-Ide9 L3-Cyr8 L13-Vhj9 L4-Fup7 L14-Mvh2 L5-Pgs5 L15-Kpb7 L6-Bwl0 L16-Zh_2 L7-Pqu2 L17-Mio4 L8-Rdz6 L18-Gnk3 L9-Jlu8 L19-Eis8 L10-Nda0 L20-Gfw7
L1-Muf3 L11-Tp_8 L21-Ou_0 L2-Yss2 L12-Akx3 L22-Ide9 L3-Kzg9 L13-Cyr8 L23-Vhj9 L4-Tgk7 L14-Fup7 L24-Mvh2 L5-Vns2 L15-Pgs5 L25-Kpb7 L6-Chn2 L16-Bwl0 L26-Zh_2 L7-Cxa3 L17-Pqu2 L27-Mio4 L8-Bgc0 L18-Rdz6 L28-Gnk3 L9-Obs2 L19-Jlu8 L29-Eis8 L10-Itr9 L20-Nda0 L30-Gfw7
L1-Sih6 L11-Muf3 L21-Tp_8 L31-Ou_0 L2-K__2 L12-Yss2 L22-Akx3 L32-Ide9 L3-Yec7 L13-Kzg9 L23-Cyr8 L33-Vhj9 L4-Rdp5 L14-Tgk7 L24-Fup7 L34-Mvh2 L5-Wfj6 L15-Vns2 L25-Pgs5 L35-Kpb7 L6-Bco5 L16-Chn2 L26-Bwl0 L36-Zh_2 L7-Cpw0 L17-Cxa3 L27-Pqu2 L37-Mio4 L8-Ufw9 L18-Bgc0 L28-Rdz6 L38-Gnk3 L9-Hii0 L19-Obs2 L29-Jlu8 L39-Eis8 L10-Gms0 L20-Itr9 L30-Nda0 L40-Gfw7
L1-Soa8 L11-Sih6 L21-Muf3 L31-Tp_8 L41-Ou_0 L2-A_b3 L12-K__2 L22-Yss2 L32-Akx3 L42-Ide9 L3-Cba0 L13-Yec7 L23-Kzg9 L33-Cyr8 L43-Vhj9 L4-Eng2 L14-Rdp5 L24-Tgk7 L34-Fup7 L44-Mvh2 L5-Uvh6 L15-Wfj6 L25-Vns2 L35-Pgs5 L45-Kpb7 L6-Gjf9 L16-Bco5 L26-Chn2 L36-Bwl0 L46-Zh_2 L7-Wux6 L17-Cpw0 L27-Cxa3 L37-Pqu2 L47-Mio4 L8-Axo6 L18-Ufw9 L28-Bgc0 L38-Rdz6 L48-Gnk3 L9-Gyw5 L19-Hii0 L29-Obs2 L39-Jlu8 L49-Eis8 L10-Cl_4 L20-Gms0 L30-Itr9 L40-Nda0 L50-Gfw7
L1-I_r4 L11-Soa8 L21-Sih6 L31-Muf3 L41-Tp_8 L51-Ou_0 L2-Sus0 L12-A_b3 L22-K__2 L32-Yss2 L42-Akx3 L52-Ide9 L3-Ikp6 L13-Cba0 L23-Yec7 L33-Kzg9 L43-Cyr8 L53-Vhj9 L4-Kpy7 L14-Eng2 L24-Rdp5 L34-Tgk7 L44-Fup7 L54-Mvh2 L5-Jec7 L15-Uvh6 L25-Wfj6 L35-Vns2 L45-Pgs5 L55-Kpb7 L6-Gnl3 L16-Gjf9 L26-Bco5 L36-Chn2 L46-Bwl0 L56-Zh_2 L7-Wni8 L17-Wux6 L27-Cpw0 L37-Cxa3 L47-Pqu2 L57-Mio4 L8-Muq7 L18-Axo6 L28-Ufw9 L38-Bgc0 L48-Rdz6 L58-Gnk3 L9-Tjg7 L19-Gyw5 L29-Hii0 L39-Obs2 L49-Jlu8 L59-Eis8 L10-Vug6 L20-Cl_4 L30-Gms0 L40-Itr9 L50-Nda0 L60-Gfw7
L1-Bnz0 L11-I_r4 L21-Soa8 L31-Sih6 L41-Muf3 L51-Tp_8 L61-Ou_0 L2-Rtf3 L12-Sus0 L22-A_b3 L32-K__2 L42-Yss2 L52-Akx3 L62-Ide9 L3-Rrg2 L13-Ikp6 L23-Cba0 L33-Yec7 L43-Kzg9 L53-Cyr8 L63-Vhj9 L4-S_w1 L14-Kpy7 L24-Eng2 L34-Rdp5 L44-Tgk7 L54-Fup7 L64-Mvh2 L5-Ju_9 L15-Jec7 L25-Uvh6 L35-Wfj6 L45-Vns2 L55-Pgs5 L65-Kpb7 L6-Tch9 L16-Gnl3 L26-Gjf9 L36-Bco5 L46-Chn2 L56-Bwl0 L66-Zh_2 L7-W_x3 L17-Wni8 L27-Wux6 L37-Cpw0 L47-Cxa3 L57-Pqu2 L67-Mio4 L8-A_o4 L18-Muq7 L28-Axo6 L38-Ufw9 L48-Bgc0 L58-Rdz6 L68-Gnk3 L9-Aek0 L19-Tjg7 L29-Gyw5 L39-Hii0 L49-Obs2 L59-Jlu8 L69-Eis8 L10-Ayi3 L20-Vug6 L30-Cl_4 L40-Gms0 L50-Itr9 L60-Nda0 L70-Gfw7
L1-Rvt3 L11-Bnz0 L21-I_r4 L31-Soa8 L41-Sih6 L51-Muf3 L61-Tp_8 L71-Ou_0 L2-Vbo1 L12-Rtf3 L22-Sus0 L32-A_b3 L42-K__2 L52-Yss2 L62-Akx3 L72-Ide9 L3-Bnb7 L13-Rrg2 L23-Ikp6 L33-Cba0 L43-Yec7 L53-Kzg9 L63-Cyr8 L73-Vhj9 L4-Isp0 L14-S_w1 L24-Kpy7 L34-Eng2 L44-Rdp5 L54-Tgk7 L64-Fup7 L74-Mvh2 L5-Epw7 L15-Ju_9 L25-Jec7 L35-Uvh6 L45-Wfj6 L55-Vns2 L65-Pgs5 L75-Kpb7 L6-Uax8 L16-Tch9 L26-Gnl3 L36-Gjf9 L46-Bco5 L56-Chn2 L66-Bwl0 L76-Zh_2 L7-Jrt8 L17-W_x3 L27-Wni8 L37-Wux6 L47-Cpw0 L57-Cxa3 L67-Pqu2 L77-Mio4 L8-Pwy0 L18-A_o4 L28-Muq7 L38-Axo6 L48-Ufw9 L58-Bgc0 L68-Rdz6 L78-Gnk3 L9-Dwd2 L19-Aek0 L29-Tjg7 L39-Gyw5 L49-Hii0 L59-Obs2 L69-Jlu8 L79-Eis8 L10-Jio2 L20-Ayi3 L30-Vug6 L40-Cl_4 L50-Gms0 L60-Itr9 L70-Nda0 L80-Gfw7
L1-Wbq0 L11-Rvt3 L21-Bnz0 L31-I_r4 L41-Soa8 L51-Sih6 L61-Muf3 L71-Tp_8 L81-Ou_0 L2-Meh9 L12-Vbo1 L22-Rtf3 L32-Sus0 L42-A_b3 L52-K__2 L62-Yss2 L72-Akx3 L82-Ide9 L3-Das9 L13-Bnb7 L23-Rrg2 L33-Ikp6 L43-Cba0 L53-Yec7 L63-Kzg9 L73-Cyr8 L83-Vhj9 L4-Zaf2 L14-Isp0 L24-S_w1 L34-Kpy7 L44-Eng2 L54-Rdp5 L64-Tgk7 L74-Fup7 L84-Mvh2 L5-Ofj6 L15-Epw7 L25-Ju_9 L35-Jec7 L45-Uvh6 L55-Wfj6 L65-Vns2 L75-Pgs5 L85-Kpb7 L6-Tja8 L16-Uax8 L26-Tch9 L36-Gnl3 L46-Gjf9 L56-Bco5 L66-Chn2 L76-Bwl0 L86-Zh_2 L7-W_e3 L17-Jrt8 L27-W_x3 L37-Wni8 L47-Wux6 L57-Cpw0 L67-Cxa3 L77-Pqu2 L87-Mio4 L8-Osv1 L18-Pwy0 L28-A_o4 L38-Muq7 L48-Axo6 L58-Ufw9 L68-Bgc0 L78-Rdz6 L88-Gnk3 L9-Cvp2 L19-Dwd2 L29-Aek0 L39-Tjg7 L49-Gyw5 L59-Hii0 L69-Obs2 L79-Jlu8 L89-Eis8 L10-Ccu6 L20-Jio2 L30-Ayi3 L40-Vug6 L50-Cl_4 L60-Gms0 L70-Itr9 L80-Nda0 L90-Gfw7
L1-Th_1 L11-Wbq0 L21-Rvt3 L31-Bnz0 L41-I_r4 L51-Soa8 L61-Sih6 L71-Muf3 L81-Tp_8 L91-Ou_0 L2-Xud0 L12-Meh9 L22-Vbo1 L32-Rtf3 L42-Sus0 L52-A_b3 L62-K__2 L72-Yss2 L82-Akx3 L92-Ide9 L3-Nam6 L13-Das9 L23-Bnb7 L33-Rrg2 L43-Ikp6 L53-Cba0 L63-Yec7 L73-Kzg9 L83-Cyr8 L93-Vhj9 L4-Hfq5 L14-Zaf2 L24-Isp0 L34-S_w1 L44-Kpy7 L54-Eng2 L64-Rdp5 L74-Tgk7 L84-Fup7 L94-Mvh2 L5-B_y0 L15-Ofj6 L25-Epw7 L35-Ju_9 L45-Jec7 L55-Uvh6 L65-Wfj6 L75-Vns2 L85-Pgs5 L95-Kpb7 L6-Tk_9 L16-Tja8 L26-Uax8 L36-Tch9 L46-Gnl3 L56-Gjf9 L66-Bco5 L76-Chn2 L86-Bwl0 L96-Zh_2 L7-Xu_1 L17-W_e3 L27-Jrt8 L37-W_x3 L47-Wni8 L57-Wux6 L67-Cpw0 L77-Cxa3 L87-Pqu2 L97-Mio4 L8-Aro8 L18-Osv1 L28-Pwy0 L38-A_o4 L48-Muq7 L58-Axo6 L68-Ufw9 L78-Bgc0 L88-Rdz6 L98-Gnk3 L9-Wgj2 L19-Cvp2 L29-Dwd2 L39-Aek0 L49-Tjg7 L59-Gyw5 L69-Hii0 L79-Obs2 L89-Jlu8 L99-Eis8 L10-Ofc3 L20-Ccu6 L30-Jio2 L40-Ayi3 L50-Vug6 L60-Cl_4 L70-Gms0 L80-Itr9 L90-Nda0 L100-Gfw7
L1-Zja7 L11-Th_1 L21-Wbq0 L31-Rvt3 L41-Bnz0 L51-I_r4 L61-Soa8 L71-Sih6 L81-Muf3 L91-Tp_8 L2-Jad2 L12-Xud0 L22-Meh9 L32-Vbo1 L42-Rtf3 L52-Sus0 L62-A_b3 L72-K__2 L82-Yss2 L92-Akx3 L3-Agz9 L13-Nam6 L23-Das9 L33-Bnb7 L43-Rrg2 L53-Ikp6 L63-Cba0 L73-Yec7 L83-Kzg9 L93-Cyr8 L4-Bhg5 L14-Hfq5 L24-Zaf2 L34-Isp0 L44-S_w1 L54-Kpy7 L64-Eng2 L74-Rdp5 L84-Tgk7 L94-Fup7 L5-Rln5 L15-B_y0 L25-Ofj6 L35-Epw7 L45-Ju_9 L55-Jec7 L65-Uvh6 L75-Wfj6 L85-Vns2 L95-Pgs5 L101-Kpb7 L6-E_b6 L16-Tk_9 L26-Tja8 L36-Uax8 L46-Tch9 L56-Gnl3 L66-Gjf9 L76-Bco5 L86-Chn2 L96-Bwl0 L102-Zh_2 L7-Buy5 L17-Xu_1 L27-W_e3 L37-Jrt8 L47-W_x3 L57-Wni8 L67-Wux6 L77-Cpw0 L87-Cxa3 L97-Pqu2 L103-Mio4 L8-J_i3 L18-Aro8 L28-Osv1 L38-Pwy0 L48-A_o4 L58-Muq7 L68-Axo6 L78-Ufw9 L88-Bgc0 L98-Rdz6 L104-Gnk3 L9-Six1 L19-Wgj2 L29-Cvp2 L39-Dwd2 L49-Aek0 L59-Tjg7 L69-Gyw5 L79-Hii0 L89-Obs2 L99-Jlu8 L105-Eis8 L10-Shg6 L20-Ofc3 L30-Ccu6 L40-Jio2 L50-Ayi3 L60-Vug6 L70-Cl_4 L80-Gms0 L90-Itr9 L100-Nda0 L106-Gfw7
L1-Uqc4 L11-Zja7 L21-Th_1 L31-Wbq0 L41-Rvt3 L51-Bnz0 L61-I_r4 L71-Soa8 L81-Sih6 L91-Muf3 L2-Rem8 L12-Jad2 L22-Xud0 L32-Meh9 L42-Vbo1 L52-Rtf3 L62-Sus0 L72-A_b3 L82-K__2 L92-Yss2 L3-Aoe7 L13-Agz9 L23-Nam6 L33-Das9 L43-Bnb7 L53-Rrg2 L63-Ikp6 L73-Cba0 L83-Yec7 L93-Kzg9 L4-B_c5 L14-Bhg5 L24-Hfq5 L34-Zaf2 L44-Isp0 L54-S_w1 L64-Kpy7 L74-Eng2 L84-Rdp5 L94-Tgk7 L5-Ysk7 L15-Rln5 L25-B_y0 L35-Ofj6 L45-Epw7 L55-Ju_9 L65-Jec7 L75-Uvh6 L85-Wfj6 L95-Vns2 L101-Pgs5 L6-Ike0 L16-E_b6 L26-Tk_9 L36-Tja8 L46-Uax8 L56-Tch9 L66-Gnl3 L76-Gjf9 L86-Bco5 L96-Chn2 L102-Bwl0 L7-Ccb2 L17-Buy5 L27-Xu_1 L37-W_e3 L47-Jrt8 L57-W_x3 L67-Wni8 L77-Wux6 L87-Cpw0 L97-Cxa3 L103-Pqu2 L8-Woi9 L18-J_i3 L28-Aro8 L38-Osv1 L48-Pwy0 L58-A_o4 L68-Muq7 L78-Axo6 L88-Ufw9 L98-Bgc0 L104-Rdz6 L9-W_a3 L19-Six1 L29-Wgj2 L39-Cvp2 L49-Dwd2 L59-Aek0 L69-Tjg7 L79-Gyw5 L89-Hii0 L99-Obs2 L105-Jlu8 L10-Uij1 L20-Shg6 L30-Ofc3 L40-Ccu6 L50-Jio2 L60-Ayi3 L70-Vug6 L80-Cl_4 L90-Gms0 L100-Itr9 L106-Nda0
L1-Gwt3 L11-Uqc4 L21-Zja7 L31-Th_1 L41-Wbq0 L51-Rvt3 L61-Bnz0 L71-I_r4 L81-Soa8 L91-Sih6 L2-Flk6 L12-Rem8 L22-Jad2 L32-Xud0 L42-Meh9 L52-Vbo1 L62-Rtf3 L72-Sus0 L82-A_b3 L92-K__2 L3-Tnw5 L13-Aoe7 L23-Agz9 L33-Nam6 L43-Das9 L53-Bnb7 L63-Rrg2 L73-Ikp6 L83-Cba0 L93-Yec7 L4-Dmg9 L14-B_c5 L24-Bhg5 L34-Hfq5 L44-Zaf2 L54-Isp0 L64-S_w1 L74-Kpy7 L84-Eng2 L94-Rdp5 L5-Bpo6 L15-Ysk7 L25-Rln5 L35-B_y0 L45-Ofj6 L55-Epw7 L65-Ju_9 L75-Jec7 L85-Uvh6 L95-Wfj6 L101-Vns2 L6-Zr_7 L16-Ike0 L26-E_b6 L36-Tk_9 L46-Tja8 L56-Uax8 L66-Tch9 L76-Gnl3 L86-Gjf9 L96-Bco5 L102-Chn2 L7-M_j3 L17-Ccb2 L27-Buy5 L37-Xu_1 L47-W_e3 L57-Jrt8 L67-W_x3 L77-Wni8 L87-Wux6 L97-Cpw0 L103-Cxa3 L8-Jij6 L18-Woi9 L28-J_i3 L38-Aro8 L48-Osv1 L58-Pwy0 L68-A_o4 L78-Muq7 L88-Axo6 L98-Ufw9 L104-Bgc0 L9-Yrm3 L19-W_a3 L29-Six1 L39-Wgj2 L49-Cvp2 L59-Dwd2 L69-Aek0 L79-Tjg7 L89-Gyw5 L99-Hii0 L105-Obs2 L10-Du_0 L20-Uij1 L30-Shg6 L40-Ofc3 L50-Ccu6 L60-Jio2 L70-Ayi3 L80-Vug6 L90-Cl_4 L100-Gms0 L106-Itr9
L1-Vsq5 L11-Gwt3 L21-Uqc4 L31-Zja7 L41-Th_1 L51-Wbq0 L61-Rvt3 L71-Bnz0 L81-I_r4 L91-Soa8 L2-C_r4 L12-Flk6 L22-Rem8 L32-Jad2 L42-Xud0 L52-Meh9 L62-Vbo1 L72-Rtf3 L82-Sus0 L92-A_b3 L3-Mpm3 L13-Tnw5 L23-Aoe7 L33-Agz9 L43-Nam6 L53-Das9 L63-Bnb7 L73-Rrg2 L83-Ikp6 L93-Cba0 L4-Ajy7 L14-Dmg9 L24-B_c5 L34-Bhg5 L44-Hfq5 L54-Zaf2 L64-Isp0 L74-S_w1 L84-Kpy7 L94-Eng2 L5-Aot4 L15-Bpo6 L25-Ysk7 L35-Rln5 L45-B_y0 L55-Ofj6 L65-Epw7 L75-Ju_9 L85-Jec7 L95-Uvh6 L101-Wfj6 L6-Rtc8 L16-Zr_7 L26-Ike0 L36-E_b6 L46-Tk_9 L56-Tja8 L66-Uax8 L76-Tch9 L86-Gnl3 L96-Gjf9 L102-Bco5 L7-Vdi0 L17-M_j3 L27-Ccb2 L37-Buy5 L47-Xu_1 L57-W_e3 L67-Jrt8 L77-W_x3 L87-Wni8 L97-Wux6 L103-Cpw0 L8-Q_e6 L18-Jij6 L28-Woi9 L38-J_i3 L48-Aro8 L58-Osv1 L68-Pwy0 L78-A_o4 L88-Muq7 L98-Axo6 L104-Ufw9 L9-Gys7 L19-Yrm3 L29-W_a3 L39-Six1 L49-Wgj2 L59-Cvp2 L69-Dwd2 L79-Aek0 L89-Tjg7 L99-Gyw5 L105-Hii0 L10-Fmk8 L20-Du_0 L30-Uij1 L40-Shg6 L50-Ofc3 L60-Ccu6 L70-Jio2 L80-Ayi3 L90-Vug6 L100-Cl_4 L106-Gms0
L1-Smo5 L11-Vsq5 L21-Gwt3 L31-Uqc4 L41-Zja7 L51-Th_1 L61-Wbq0 L71-Rvt3 L81-Bnz0 L91-I_r4 L2-Jng6 L12-C_r4 L22-Flk6 L32-Rem8 L42-Jad2 L52-Xud0 L62-Meh9 L72-Vbo1 L82-Rtf3 L92-Sus0 L3-Jwu2 L13-Mpm3 L23-Tnw5 L33-Aoe7 L43-Agz9 L53-Nam6 L63-Das9 L73-Bnb7 L83-Rrg2 L93-Ikp6 L4-Ui_1 L14-Ajy7 L24-Dmg9 L34-B_c5 L44-Bhg5 L54-Hfq5 L64-Zaf2 L74-Isp0 L84-S_w1 L94-Kpy7 L5-Q_n2 L15-Aot4 L25-Bpo6 L35-Ysk7 L45-Rln5 L55-B_y0 L65-Ofj6 L75-Epw7 L85-Ju_9 L95-Jec7 L101-Uvh6 L6-Mqp3 L16-Rtc8 L26-Zr_7 L36-Ike0 L46-E_b6 L56-Tk_9 L66-Tja8 L76-Uax8 L86-Tch9 L96-Gnl3 L102-Gjf9 L7-Oxe0 L17-Vdi0 L27-M_j3 L37-Ccb2 L47-Buy5 L57-Xu_1 L67-W_e3 L77-Jrt8 L87-W_x3 L97-Wni8 L103-Wux6 L8-Rx_3 L18-Q_e6 L28-Jij6 L38-Woi9 L48-J_i3 L58-Aro8 L68-Osv1 L78-Pwy0 L88-A_o4 L98-Muq7 L104-Axo6 L9-Xnw4 L19-Gys7 L29-Yrm3 L39-W_a3 L49-Six1 L59-Wgj2 L69-Cvp2 L79-Dwd2 L89-Aek0 L99-Tjg7 L105-Gyw5 L10-Jqp5 L20-Fmk8 L30-Du_0 L40-Uij1 L50-Shg6 L60-Ofc3 L70-Ccu6 L80-Jio2 L90-Ayi3 L100-Vug6 L106-Cl_4
L1-Em_4 L11-Smo5 L21-Vsq5 L31-Gwt3 L41-Uqc4 L51-Zja7 L61-Th_1 L71-Wbq0 L81-Rvt3 L91-Bnz0 L2-Tst0 L12-Jng6 L22-C_r4 L32-Flk6 L42-Rem8 L52-Jad2 L62-Xud0 L72-Meh9 L82-Vbo1 L92-Rtf3 L3-Nss1 L13-Jwu2 L23-Mpm3 L33-Tnw5 L43-Aoe7 L53-Agz9 L63-Nam6 L73-Das9 L83-Bnb7 L93-Rrg2 L4-Dnn9 L14-Ui_1 L24-Ajy7 L34-Dmg9 L44-B_c5 L54-Bhg5 L64-Hfq5 L74-Zaf2 L84-Isp0 L94-S_w1 L5-Wob0 L15-Q_n2 L25-Aot4 L35-Bpo6 L45-Ysk7 L55-Rln5 L65-B_y0 L75-Ofj6 L85-Epw7 L95-Ju_9 L101-Jec7 L6-Ity2 L16-Mqp3 L26-Rtc8 L36-Zr_7 L46-Ike0 L56-E_b6 L66-Tk_9 L76-Tja8 L86-Uax8 L96-Tch9 L102-Gnl3 L7-Tlb6 L17-Oxe0 L27-Vdi0 L37-M_j3 L47-Ccb2 L57-Buy5 L67-Xu_1 L77-W_e3 L87-Jrt8 L97-W_x3 L103-Wni8 L8-St_4 L18-Rx_3 L28-Q_e6 L38-Jij6 L48-Woi9 L58-J_i3 L68-Aro8 L78-Osv1 L88-Pwy0 L98-A_o4 L104-Muq7 L9-Ddv3 L19-Xnw4 L29-Gys7 L39-Yrm3 L49-W_a3 L59-Six1 L69-Wgj2 L79-Cvp2 L89-Dwd2 L99-Aek0 L105-Tjg7 L10-Ojh6 L20-Jqp5 L30-Fmk8 L40-Du_0 L50-Uij1 L60-Shg6 L70-Ofc3 L80-Ccu6 L90-Jio2 L100-Ayi3 L106-Vug6
L1-Baf4 L11-Em_4 L21-Smo5 L31-Vsq5 L41-Gwt3 L51-Uqc4 L61-Zja7 L71-Th_1 L81-Wbq0 L91-Rvt3 L2-Xwz7 L12-Tst0 L22-Jng6 L32-C_r4 L42-Flk6 L52-Rem8 L62-Jad2 L72-Xud0 L82-Meh9 L92-Vbo1 L3-Dom7 L13-Nss1 L23-Jwu2 L33-Mpm3 L43-Tnw5 L53-Aoe7 L63-Agz9 L73-Nam6 L83-Das9 L93-Bnb7 L4-D_o0 L14-Dnn9 L24-Ui_1 L34-Ajy7 L44-Dmg9 L54-B_c5 L64-Bhg5 L74-Hfq5 L84-Zaf2 L94-Isp0 L5-Yye2 L15-Wob0 L25-Q_n2 L35-Aot4 L45-Bpo6 L55-Ysk7 L65-Rln5 L75-B_y0 L85-Ofj6 L95-Epw7 L101-Ju_9 L6-Q_m8 L16-Ity2 L26-Mqp3 L36-Rtc8 L46-Zr_7 L56-Ike0 L66-E_b6 L76-Tk_9 L86-Tja8 L96-Uax8 L102-Tch9 L7-Ryp5 L17-Tlb6 L27-Oxe0 L37-Vdi0 L47-M_j3 L57-Ccb2 L67-Buy5 L77-Xu_1 L87-W_e3 L97-Jrt8 L103-W_x3 L8-Ryp5 L18-St_4 L28-Rx_3 L38-Q_e6 L48-Jij6 L58-Woi9 L68-J_i3 L78-Aro8 L88-Osv1 L98-Pwy0 L104-A_o4 L9-Ryp5 L19-Ddv3 L29-Xnw4 L39-Gys7 L49-Yrm3 L59-W_a3 L69-Six1 L79-Wgj2 L89-Cvp2 L99-Dwd2 L105-Aek0 L10-Ryp5 L20-Ojh6 L30-Jqp5 L40-Fmk8 L50-Du_0 L60-Uij1 L70-Shg6 L80-Ofc3 L90-Ccu6 L100-Jio2 L106-Ayi3
L1-Ugm6 L11-Baf4 L21-Em_4 L31-Smo5 L41-Vsq5 L51-Gwt3 L61-Uqc4 L71-Zja7 L81-Th_1 L91-Wbq0 L2-Gvj6 L12-Xwz7 L22-Tst0 L32-Jng6 L42-C_r4 L52-Flk6 L62-Rem8 L72-Jad2 L82-Xud0 L92-Meh9 L3-Txt3 L13-Dom7 L23-Nss1 L33-Jwu2 L43-Mpm3 L53-Tnw5 L63-Aoe7 L73-Agz9 L83-Nam6 L93-Das9 L4-Hbf5 L14-D_o0 L24-Dnn9 L34-Ui_1 L44-Ajy7 L54-Dmg9 L64-B_c5 L74-Bhg5 L84-Hfq5 L94-Zaf2 L5-Umq7 L15-Yye2 L25-Wob0 L35-Q_n2 L45-Aot4 L55-Bpo6 L65-Ysk7 L75-Rln5 L85-B_y0 L95-Ofj6 L101-Epw7 L6-Qm_3 L16-Q_m8 L26-Ity2 L36-Mqp3 L46-Rtc8 L56-Zr_7 L66-Ike0 L76-E_b6 L86-Tk_9 L96-Tja8 L102-Uax8 L17-Ryp5 L27-Tlb6 L37-Oxe0 L47-Vdi0 L57-M_j3 L67-Ccb2 L77-Buy5 L87-Xu_1 L97-W_e3 L103-Jrt8 L18-Ryp5 L28-St_4 L38-Rx_3 L48-Q_e6 L58-Jij6 L68-Woi9 L78-J_i3 L88-Aro8 L98-Osv1 L104-Pwy0 L19-Ryp5 L29-Ddv3 L39-Xnw4 L49-Gys7 L59-Yrm3 L69-W_a3 L79-Six1 L89-Wgj2 L99-Cvp2 L105-Dwd2 L20-Ryp5 L30-Ojh6 L40-Jqp5 L50-Fmk8 L60-Du_0 L70-Uij1 L80-Shg6 L90-Ofc3 L100-Ccu6 L106-Jio2
L1-Rty1 L11-Ugm6 L21-Baf4 L31-Em_4 L41-Smo5 L51-Vsq5 L61-Gwt3 L71-Uqc4 L81-Zja7 L91-Th_1 L2-Pab7 L12-Gvj6 L22-Xwz7 L32-Tst0 L42-Jng6 L52-C_r4 L62-Flk6 L72-Rem8 L82-Jad2 L92-Xud0 L3-Ujh1 L13-Txt3 L23-Dom7 L33-Nss1 L43-Jwu2 L53-Mpm3 L63-Tnw5 L73-Aoe7 L83-Agz9 L93-Nam6 L4-Vco1 L14-Hbf5 L24-D_o0 L34-Dnn9 L44-Ui_1 L54-Ajy7 L64-Dmg9 L74-B_c5 L84-Bhg5 L94-Hfq5 L5-Vmw3 L15-Umq7 L25-Yye2 L35-Wob0 L45-Q_n2 L55-Aot4 L65-Bpo6 L75-Ysk7 L85-Rln5 L95-B_y0 L101-Ofj6 L6-Rud6 L16-Qm_3 L26-Q_m8 L36-Ity2 L46-Mqp3 L56-Rtc8 L66-Zr_7 L76-Ike0 L86-E_b6 L96-Tk_9 L102-Tja8 L27-Ryp5 L37-Tlb6 L47-Oxe0 L57-Vdi0 L67-M_j3 L77-Ccb2 L87-Buy5 L97-Xu_1 L103-W_e3 L28-Ryp5 L38-St_4 L48-Rx_3 L58-Q_e6 L68-Jij6 L78-Woi9 L88-J_i3 L98-Aro8 L104-Osv1 L29-Ryp5 L39-Ddv3 L49-Xnw4 L59-Gys7 L69-Yrm3 L79-W_a3 L89-Six1 L99-Wgj2 L105-Cvp2 L30-Ryp5 L40-Ojh6 L50-Jqp5 L60-Fmk8 L70-Du_0 L80-Uij1 L90-Shg6 L100-Ofc3 L106-Ccu6
L1-Kcy4 L11-Rty1 L21-Ugm6 L31-Baf4 L41-Em_4 L51-Smo5 L61-Vsq5 L71-Gwt3 L81-Uqc4 L91-Zja7 L2-Fta1 L12-Pab7 L22-Gvj6 L32-Xwz7 L42-Tst0 L52-Jng6 L62-C_r4 L72-Flk6 L82-Rem8 L92-Jad2 L3-Vgd5 L13-Ujh1 L23-Txt3 L33-Dom7 L43-Nss1 L53-Jwu2 L63-Mpm3 L73-Tnw5 L83-Aoe7 L93-Agz9 L4-H_k2 L14-Vco1 L24-Hbf5 L34-D_o0 L44-Dnn9 L54-Ui_1 L64-Ajy7 L74-Dmg9 L84-B_c5 L94-Bhg5 L5-Ojk3 L15-Vmw3 L25-Umq7 L35-Yye2 L45-Wob0 L55-Q_n2 L65-Aot4 L75-Bpo6 L85-Ysk7 L95-Rln5 L101-B_y0 L6-Eid7 L16-Rud6 L26-Qm_3 L36-Q_m8 L46-Ity2 L56-Mqp3 L66-Rtc8 L76-Zr_7 L86-Ike0 L96-E_b6 L102-Tk_9 L37-Ryp5 L47-Tlb6 L57-Oxe0 L67-Vdi0 L77-M_j3 L87-Ccb2 L97-Buy5 L103-Xu_1 L38-Ryp5 L48-St_4 L58-Rx_3 L68-Q_e6 L78-Jij6 L88-Woi9 L98-J_i3 L104-Aro8 L39-Ryp5 L49-Ddv3 L59-Xnw4 L69-Gys7 L79-Yrm3 L89-W_a3 L99-Six1 L105-Wgj2 L40-Ryp5 L50-Ojh6 L60-Jqp5 L70-Fmk8 L80-Du_0 L90-Uij1 L100-Shg6 L106-Ofc3
L1-Mog3 L11-Kcy4 L21-Rty1 L31-Ugm6 L41-Baf4 L51-Em_4 L61-Smo5 L71-Vsq5 L81-Gwt3 L91-Uqc4 L2-Zy_8 L12-Fta1 L22-Pab7 L32-Gvj6 L42-Xwz7 L52-Tst0 L62-Jng6 L72-C_r4 L82-Flk6 L92-Rem8 L3-Uh_0 L13-Vgd5 L23-Ujh1 L33-Txt3 L43-Dom7 L53-Nss1 L63-Jwu2 L73-Mpm3 L83-Tnw5 L93-Aoe7 L4-E__1 L14-H_k2 L24-Vco1 L34-Hbf5 L44-D_o0 L54-Dnn9 L64-Ui_1 L74-Ajy7 L84-Dmg9 L94-B_c5 L5-Kjt6 L15-Ojk3 L25-Vmw3 L35-Umq7 L45-Yye2 L55-Wob0 L65-Q_n2 L75-Aot4 L85-Bpo6 L95-Ysk7 L101-Rln5 L6-Ten2 L16-Eid7 L26-Rud6 L36-Qm_3 L46-Q_m8 L56-Ity2 L66-Mqp3 L76-Rtc8 L86-Zr_7 L96-Ike0 L102-E_b6 L47-Ryp5 L57-Tlb6 L67-Oxe0 L77-Vdi0 L87-M_j3 L97-Ccb2 L103-Buy5 L48-Ryp5 L58-St_4 L68-Rx_3 L78-Q_e6 L88-Jij6 L98-Woi9 L104-J_i3 L49-Ryp5 L59-Ddv3 L69-Xnw4 L79-Gys7 L89-Yrm3 L99-W_a3 L105-Six1 L50-Ryp5 L60-Ojh6 L70-Jqp5 L80-Fmk8 L90-Du_0 L100-Uij1 L106-Shg6
L1-Pzw1 L11-Mog3 L21-Kcy4 L31-Rty1 L41-Ugm6 L51-Baf4 L61-Em_4 L71-Smo5 L81-Vsq5 L91-Gwt3 L2-Tde1 L12-Zy_8 L22-Fta1 L32-Pab7 L42-Gvj6 L52-Xwz7 L62-Tst0 L72-Jng6 L82-C_r4 L92-Flk6 L3-Fvl5 L13-Uh_0 L23-Vgd5 L33-Ujh1 L43-Txt3 L53-Dom7 L63-Nss1 L73-Jwu2 L83-Mpm3 L93-Tnw5 L4-Zzf6 L14-E__1 L24-H_k2 L34-Vco1 L44-Hbf5 L54-D_o0 L64-Dnn9 L74-Ui_1 L84-Ajy7 L94-Dmg9 L5-Z_l9 L15-Kjt6 L25-Ojk3 L35-Vmw3 L45-Umq7 L55-Yye2 L65-Wob0 L75-Q_n2 L85-Aot4 L95-Bpo6 L101-Ysk7 L6-Ryp5 L16-Ten2 L26-Eid7 L36-Rud6 L46-Qm_3 L56-Q_m8 L66-Ity2 L76-Mqp3 L86-Rtc8 L96-Zr_7 L102-Ike0 L57-Ryp5 L67-Tlb6 L77-Oxe0 L87-Vdi0 L97-M_j3 L103-Ccb2 L58-Ryp5 L68-St_4 L78-Rx_3 L88-Q_e6 L98-Jij6 L104-Woi9 L59-Ryp5 L69-Ddv3 L79-Xnw4 L89-Gys7 L99-Yrm3 L105-W_a3 L60-Ryp5 L70-Ojh6 L80-Jqp5 L90-Fmk8 L100-Du_0 L106-Uij1
L1-B_d4 L11-Pzw1 L21-Mog3 L31-Kcy4 L41-Rty1 L51-Ugm6 L61-Baf4 L71-Em_4 L81-Smo5 L91-Vsq5 L2-Xmk1 L12-Tde1 L22-Zy_8 L32-Fta1 L42-Pab7 L52-Gvj6 L62-Xwz7 L72-Tst0 L82-Jng6 L92-C_r4 L3-Yqf1 L13-Fvl5 L23-Uh_0 L33-Vgd5 L43-Ujh1 L53-Txt3 L63-Dom7 L73-Nss1 L83-Jwu2 L93-Mpm3 L4-Ryp5 L14-Zzf6 L24-E__1 L34-H_k2 L44-Vco1 L54-Hbf5 L64-D_o0 L74-Dnn9 L84-Ui_1 L94-Ajy7 L5-Ryp5 L15-Z_l9 L25-Kjt6 L35-Ojk3 L45-Vmw3 L55-Umq7 L65-Yye2 L75-Wob0 L85-Q_n2 L95-Aot4 L101-Bpo6 L16-Ryp5 L26-Ten2 L36-Eid7 L46-Rud6 L56-Qm_3 L66-Q_m8 L76-Ity2 L86-Mqp3 L96-Rtc8 L102-Zr_7 L67-Ryp5 L77-Tlb6 L87-Oxe0 L97-Vdi0 L103-M_j3 L68-Ryp5 L78-St_4 L88-Rx_3 L98-Q_e6 L104-Jij6 L69-Ryp5 L79-Ddv3 L89-Xnw4 L99-Gys7 L105-Yrm3 L70-Ryp5 L80-Ojh6 L90-Jqp5 L100-Fmk8 L106-Du_0
L1-Pay2 L11-B_d4 L21-Pzw1 L31-Mog3 L41-Kcy4 L51-Rty1 L61-Ugm6 L71-Baf4 L81-Em_4 L91-Smo5 L2-Tib1 L12-Xmk1 L22-Tde1 L32-Zy_8 L42-Fta1 L52-Pab7 L62-Gvj6 L72-Xwz7 L82-Tst0 L92-Jng6 L3-Mcj1 L13-Yqf1 L23-Fvl5 L33-Uh_0 L43-Vgd5 L53-Ujh1 L63-Txt3 L73-Dom7 L83-Nss1 L93-Jwu2 L14-Ryp5 L24-Zzf6 L34-E__1 L44-H_k2 L54-Vco1 L64-Hbf5 L74-D_o0 L84-Dnn9 L94-Ui_1 L15-Ryp5 L25-Z_l9 L35-Kjt6 L45-Ojk3 L55-Vmw3 L65-Umq7 L75-Yye2 L85-Wob0 L95-Q_n2 L101-Aot4 L26-Ryp5 L36-Ten2 L46-Eid7 L56-Rud6 L66-Qm_3 L76-Q_m8 L86-Ity2 L96-Mqp3 L102-Rtc8 L77-Ryp5 L87-Tlb6 L97-Oxe0 L103-Vdi0 L78-Ryp5 L88-St_4 L98-Rx_3 L104-Q_e6 L79-Ryp5 L89-Ddv3 L99-Xnw4 L105-Gys7 L80-Ryp5 L90-Ojh6 L100-Jqp5 L106-Fmk8
L1-Ryp5 L11-Pay2 L21-B_d4 L31-Pzw1 L41-Mog3 L51-Kcy4 L61-Rty1 L71-Ugm6 L81-Baf4 L91-Em_4 L2-Ryp5 L12-Tib1 L22-Xmk1 L32-Tde1 L42-Zy_8 L52-Fta1 L62-Pab7 L72-Gvj6 L82-Xwz7 L92-Tst0 L3-Ryp5 L13-Mcj1 L23-Yqf1 L33-Fvl5 L43-Uh_0 L53-Vgd5 L63-Ujh1 L73-Txt3 L83-Dom7 L93-Nss1 L24-Ryp5 L34-Zzf6 L44-E__1 L54-H_k2 L64-Vco1 L74-Hbf5 L84-D_o0 L94-Dnn9 L25-Ryp5 L35-Z_l9 L45-Kjt6 L55-Ojk3 L65-Vmw3 L75-Umq7 L85-Yye2 L95-Wob0 L101-Q_n2 L36-Ryp5 L46-Ten2 L56-Eid7 L66-Rud6 L76-Qm_3 L86-Q_m8 L96-Ity2 L102-Mqp3 L87-Ryp5 L97-Tlb6 L103-Oxe0 L88-Ryp5 L98-St_4 L104-Rx_3 L89-Ryp5 L99-Ddv3 L105-Xnw4 L90-Ryp5 L100-Ojh6 L106-Jqp5
L11-Ryp5 L21-Pay2 L31-B_d4 L41-Pzw1 L51-Mog3 L61-Kcy4 L71-Rty1 L81-Ugm6 L91-Baf4 L12-Ryp5 L22-Tib1 L32-Xmk1 L42-Tde1 L52-Zy_8 L62-Fta1 L72-Pab7 L82-Gvj6 L92-Xwz7 L13-Ryp5 L23-Mcj1 L33-Yqf1 L43-Fvl5 L53-Uh_0 L63-Vgd5 L73-Ujh1 L83-Txt3 L93-Dom7 L34-Ryp5 L44-Zzf6 L54-E__1 L64-H_k2 L74-Vco1 L84-Hbf5 L94-D_o0 L35-Ryp5 L45-Z_l9 L55-Kjt6 L65-Ojk3 L75-Vmw3 L85-Umq7 L95-Yye2 L101-Wob0 L46-Ryp5 L56-Ten2 L66-Eid7 L76-Rud6 L86-Qm_3 L96-Q_m8 L102-Ity2 L97-Ryp5 L103-Tlb6 L98-Ryp5 L104-St_4 L99-Ryp5 L105-Ddv3 L100-Ryp5 L106-Ojh6
L21-Ryp5 L31-Pay2 L41-B_d4 L51-Pzw1 L61-Mog3 L71-Kcy4 L81-Rty1 L91-Ugm6 L22-Ryp5 L32-Tib1 L42-Xmk1 L52-Tde1 L62-Zy_8 L72-Fta1 L82-Pab7 L92-Gvj6 L23-Ryp5 L33-Mcj1 L43-Yqf1 L53-Fvl5 L63-Uh_0 L73-Vgd5 L83-Ujh1 L93-Txt3 L44-Ryp5 L54-Zzf6 L64-E__1 L74-H_k2 L84-Vco1 L94-Hbf5 L45-Ryp5 L55-Z_l9 L65-Kjt6 L75-Ojk3 L85-Vmw3 L95-Umq7 L101-Yye2 L56-Ryp5 L66-Ten2 L76-Eid7 L86-Rud6 L96-Qm_3 L102-Q_m8 L103-Ryp5 L104-Ryp5 L105-Ryp5 L106-Ryp5
L31-Ryp5 L41-Pay2 L51-B_d4 L61-Pzw1 L71-Mog3 L81-Kcy4 L91-Rty1 L32-Ryp5 L42-Tib1 L52-Xmk1 L62-Tde1 L72-Zy_8 L82-Fta1 L92-Pab7 L33-Ryp5 L43-Mcj1 L53-Yqf1 L63-Fvl5 L73-Uh_0 L83-Vgd5 L93-Ujh1 L54-Ryp5 L64-Zzf6 L74-E__1 L84-H_k2 L94-Vco1 L55-Ryp5 L65-Z_l9 L75-Kjt6 L85-Ojk3 L95-Vmw3 L101-Umq7 L66-Ryp5 L76-Ten2 L86-Eid7 L96-Rud6 L102-Qm_3
L41-Ryp5 L51-Pay2 L61-B_d4 L71-Pzw1 L81-Mog3 L91-Kcy4 L42-Ryp5 L52-Tib1 L62-Xmk1 L72-Tde1 L82-Zy_8 L92-Fta1 L43-Ryp5 L53-Mcj1 L63-Yqf1 L73-Fvl5 L83-Uh_0 L93-Vgd5 L64-Ryp5 L74-Zzf6 L84-E__1 L94-H_k2 L65-Ryp5 L75-Z_l9 L85-Kjt6 L95-Ojk3 L101-Vmw3 L76-Ryp5 L86-Ten2 L96-Eid7 L102-Rud6
L51-Ryp5 L61-Pay2 L71-B_d4 L81-Pzw1 L91-Mog3 L52-Ryp5 L62-Tib1 L72-Xmk1 L82-Tde1 L92-Zy_8 L53-Ryp5 L63-Mcj1 L73-Yqf1 L83-Fvl5 L93-Uh_0 L74-Ryp5 L84-Zzf6 L94-E__1 L75-Ryp5 L85-Z_l9 L95-Kjt6 L101-Ojk3 L86-Ryp5 L96-Ten2 L102-Eid7
L61-Ryp5 L71-Pay2 L81-B_d4 L91-Pzw1 L62-Ryp5 L72-Tib1 L82-Xmk1 L92-Tde1 L63-Ryp5 L73-Mcj1 L83-Yqf1 L93-Fvl5 L84-Ryp5 L94-Zzf6 L85-Ryp5 L95-Z_l9 L101-Kjt6 L96-Ryp5 L102-Ten2
L71-Ryp5 L81-Pay2 L91-B_d4 L72-Ryp5 L82-Tib1 L92-Xmk1 L73-Ryp5 L83-Mcj1 L93-Yqf1 L94-Ryp5 L95-Ryp5 L101-Z_l9 L102-Ryp5
L81-Ryp5 L91-Pay2 L82-Ryp5 L92-Tib1 L83-Ryp5 L93-Mcj1 L101-Ryp5
L91-Ryp5 L92-Ryp5 L93-Ryp5
