152
#Here is the number of lines required: 37
##start
Hat3 4 4
##end
Vls6 5 5
Yzi5 8 8
Dtk6 13 13
Ivd0 17 17
Fby1 20 20
Iuu2 22 22
Gzj8 23 23
Flf1 24 24
Vx_2 26 26
Jcg6 31 31
Jwp6 35 35
Bbq1 38 38
Cjx1 43 43
Taj8 46 46
Isz9 51 51
Yil5 53 53
Vgz4 56 56
Q_z9 59 59
Ary4 60 60
Cbp1 64 64
Bhk3 68 68
Nxd3 70 70
Yau6 74 74
Cfq7 78 78
Aca9 80 80
Em_1 83 83
Dyf8 88 88
Oyn5 89 89
Edd9 92 92
Iog1 93 93
Qcf1 94 94
A__4 96 96
Axb6 97 97
Obd8 99 99
Bol8 103 103
Ctq3 107 107
Sgc9 111 111
C_q4 114 114
Ofb7 118 118
Z_u8 119 119
Veo5 122 122
Eyp3 126 126
Cui4 127 127
Tnc8 130 130
Suj5 135 135
Ecu5 138 138
Hbc8 142 142
E__6 147 147
Usp2 150 150
Tcj3 155 155
Gdv4 157 157
Y__7 162 162
Xmg0 164 164
Ttc2 167 167
Bkd1 169 169
Ddn8 173 173
Ztg3 176 176
Ggx0 180 180
Kvo6 181 181
N_m3 186 186
Txh6 190 190
Wy_2 192 192
Mbi5 195 195
Pbs2 199 199
Boo6 200 200
Huo9 201 201
Doh4 204 204
Uow7 207 207
Vcu5 210 210
Zig9 215 215
Jxo7 217 217
Fs_0 219 219
Alb6 223 223
Akf4 228 228
Uo_1 232 232
N_t2 236 236
Htf5 238 238
Gso8 241 241
Rqu7 243 243
Kix0 244 244
Eof6 248 248
Oxo3 252 252
Tjr2 254 254
May4 257 257
Sm_7 262 262
Nda3 266 266
Isv8 267 267
Pj_6 270 270
Dsf4 273 273
Igo7 276 276
H_b0 278 278
Xdx2 280 280
Abe8 284 284
Kjs5 287 287
Qai7 292 292
Dgf9 295 295
Ef_8 298 298
Bfa5 301 301
Rme6 302 302
Rot5 306 306
Eon7 308 308
Jp_6 312 312
Ntk0 317 317
Cuh8 318 318
Rc_0 321 321
Ydu3 324 324
Jxb5 326 326
No_3 329 329
Bpc8 330 330
Rdq0 331 331
Oy_4 332 332
Brg1 334 334
R_x7 338 338
Ofz5 340 340
Ofv1 342 342
Rxt4 346 346
Kvx9 350 350
Jdd1 353 353
Ra_7 357 357
Xyd6 359 359
Dis3 362 362
Crv3 366 366
Qga1 371 371
Vtm5 374 374
Vqz0 375 375
Mkv6 379 379
Qzg6 383 383
Zez4 386 386
Gmc8 390 390
Ew_0 393 393
Cva4 395 395
Qka4 399 399
Ghd1 403 403
Eyy3 407 407
God2 410 410
Kte2 414 414
O_z0 416 416
B_b8 420 420
G_z3 425 425
Moa9 428 428
Qeb3 431 431
Hxz0 436 436
Gzu6 441 441
Sgb7 446 446
Ttf9 451 451
Tgm0 454 454
Bjc1 457 457
Iii6 462 462
Pf_0 464 464
Cxx9 467 467
Gkd9 471 471
Dg_7 474 474
Yij3 479 479
Kiy2 483 483
Ihf7 487 487
Ifx8 491 491
Wff8 493 493
Hyv8 495 495
Gdu1 497 497
D_x2 502 502
Nj_9 504 504
Pow1 508 508
Uiz3 510 510
Po_6 514 514
Hkc3 517 517
Gpc1 519 519
Odt9 521 521
Uwx6 525 525
Jyx7 529 529
Yvi6 534 534
Wtk3 539 539
Otw3 542 542
Pdm1 543 543
Bf_3 548 548
Cie9 551 551
Qnb3 554 554
Vh_3 556 556
Gxs3 559 559
Ibb3 562 562
M_h8 564 564
Ssr4 568 568
Yrf4 570 570
C_o0 575 575
V_p0 579 579
Iav9 581 581
Izl8 585 585
Q_q6 588 588
Fsz7 592 592
Jzo2 595 595
Fko3 598 598
Iae9 600 600
Nco8 605 605
Zns8 610 610
Qew9 615 615
Ptz2 619 619
R_y7 622 622
Jli9 624 624
Kwe1 625 625
Sc_3 626 626
Bnh9 628 628
Zhj5 629 629
Z_t0 632 632
Jes6 633 633
Ato2 634 634
Ofd2 639 639
Ihb8 642 642
Aw_4 643 643
Slu9 645 645
Poz5 648 648
Kxi7 652 652
Afl9 655 655
W_x6 657 657
Xiz8 660 660
Hyq0 664 664
Ord1 668 668
Zzt1 671 671
Tpk2 674 674
Ouy8 678 678
Ydk4 682 682
Bff7 685 685
Xgp4 690 690
A_r4 692 692
Mqw6 693 693
Uay4 696 696
Ftm1 697 697
Yzm9 700 700
Fez8 705 705
Sfu3 706 706
Nqv0 709 709
Jns6 710 710
Suj1 719 719
Ger3 721 721
Osa1 726 726
Ggj1 730 730
Brp6 733 733
Hwx2 736 736
Rdx7 739 739
Zrd5 742 742
I_m3 746 746
Vmf5 751 751
H_v1 755 755
Ocn3 759 759
Ubu0 764 764
Wgv3 767 767
Rkl4 770 770
Vvo9 774 774
Wpo7 777 777
Ktr1 781 781
A_q7 785 785
En_2 787 787
Pxj7 788 788
Sfe9 791 791
Wli4 796 796
Fc_9 800 800
Cav2 804 804
Ae_6 808 808
Th_8 811 811
Gur5 814 814
G_u1 818 818
Nkd9 823 823
Xvz6 828 828
Cyy4 830 830
Whg3 832 832
Oss4 835 835
Wnk1 837 837
Xru5 840 840
Bix0 843 843
Vnn8 847 847
Unx1 851 851
Ib_8 854 854
Psi8 855 855
Iux4 858 858
Ffo9 860 860
Whz3 863 863
Tht6 868 868
Zgv2 870 870
Aea4 872 872
Bcm5 876 876
Ozo9 880 880
Zjl8 882 882
Wsh1 884 884
Ene8 887 887
Yhs0 891 891
Kpa1 892 892
Ppe9 894 894
Exx4 897 897
Wuz4 902 902
Ojr9 906 906
X_v6 907 907
Qut7 910 910
Zhf5 913 913
Bwo7 915 915
Kgj8 918 918
Wdc1 921 921
M_x7 923 923
Clp7 926 926
Fih2 930 930
Epd7 933 933
Slj0 936 936
Ppr6 938 938
Qgj4 939 939
Uqc6 941 941
Xas7 945 945
Clh6 949 949
Gvg6 953 953
Irm7 957 957
Kor4 960 960
Ykz6 962 962
Aho4 965 965
Isa3 968 968
Thb6 972 972
T_b2 974 974
Bqf1 977 977
Ws_3 979 979
Wga3 982 982
Rko7 985 985
Zxa7 988 988
St_0 992 992
Clv6 995 995
Ptf9 997 997
Snc1 1000 1000
Q__7 1002 1002
Cun9 1007 1007
H_u2 1009 1009
Cgh8 1012 1012
Kxh9 1016 1016
Tdv0 1021 1021
Xol1 1025 1025
Mvf2 1026 1026
Fhw3 1028 1028
M_y5 1030 1030
Dj_2 1031 1031
Xhk5 1033 1033
Z_w2 1036 1036
Abc4 1038 1038
Vd_4 1040 1040
Vwl4 1045 1045
Pjl2 1048 1048
Fik8 1053 1053
Enu2 1058 1058
A_y8 1059 1059
Jri9 1063 1063
Cay6 1065 1065
Euv5 1067 1067
Rww3 1069 1069
Duz1 1071 1071
Nuw5 1074 1074
Nmr5 1077 1077
P_p1 1081 1081
Xnf6 1084 1084
Ipp8 1089 1089
Drg9 1091 1091
Ohu3 1095 1095
Dsx4 1097 1097
Bl_3 1101 1101
Mwu7 1104 1104
Jjt1 1105 1105
Bqd6 1110 1110
Ws_1 1114 1114
Bt_1 1117 1117
Ejv0 1119 1119
Tmo5 1121 1121
G_w4 1124 1124
Tsq7 1129 1129
Xh_2 1132 1132
Eug7 1137 1137
J_g0 1140 1140
Zut8 1141 1141
Rhi8 1143 1143
Pic3 1146 1146
Bvq8 1147 1147
Egw5 1152 1152
Acg7 1155 1155
Bhx5 1157 1157
Mts6 1162 1162
Qsu9 1164 1164
W_g6 1167 1167
Mdi2 1170 1170
M_d7 1171 1171
Wkw2 1174 1174
Tki9 1178 1178
Wxt3 1183 1183
Hyc4 1188 1188
Dtq3 1192 1192
Jwj5 1194 1194
Seu8 1196 1196
Eiy1 1200 1200
Yuw3 1201 1201
Xi_8 1206 1206
Shh9 1208 1208
Ke_6 1210 1210
Bve0 1213 1213
Ggq9 1214 1214
Ylw8 1216 1216
Ph_6 1218 1218
Gbf0 1221 1221
Ecw1 1225 1225
Gio0 1230 1230
Xvt3 1231 1231
Vgp7 1233 1233
Vat5 1236 1236
Dxg8 1241 1241
Mne9 1243 1243
Qbn6 1245 1245
E_g3 1248 1248
Udx8 1251 1251
Dxc7 1252 1252
Y_y0 1254 1254
Srb8 1258 1258
Qsg1 1261 1261
Hgj2 1262 1262
Ug_5 1264 1264
Xnw5 1268 1268
Ypy7 1270 1270
Zk_3 1275 1275
Hr_2 1278 1278
Vpm0 1279 1279
Jkb6 1282 1282
Dyv3 1284 1284
D__7 1286 1286
Coz7 1289 1289
If_6 1290 1290
Cjd8 1293 1293
Ilc7 1294 1294
Zjd7 1296 1296
Rhj7 1298 1298
Yuw5 1299 1299
Czx9 1302 1302
Wgy2 1306 1306
Amx2 1309 1309
Nmn3 1314 1314
Tdi9 1317 1317
T_m7 1321 1321
Xjc8 1325 1325
Csf9 1329 1329
Ncd4 1333 1333
Hcu9 1336 1336
Pwx3 1337 1337
Rrx3 1338 1338
Phd7 1341 1341
Mwn5 1343 1343
Ceu0 1346 1346
Arp9 1348 1348
Bqo0 1353 1353
Trp2 1356 1356
Igb8 1360 1360
Azr4 1362 1362
Yvp8 1367 1367
Xh_3 1370 1370
Wtu4 1375 1375
Ru_9 1379 1379
Aih6 1380 1380
C__5 1384 1384
Tjv6 1388 1388
Xvt3-Tjv6
Arp9-C__5
Jwp6-Xh_3
Kgj8-Yzi5
Kvx9-Azr4
G_u1-Dtk6
Jes6-Igb8
Pwx3-Ivd0
Izl8-Bqo0
Nmn3-Arp9
Rme6-Vx_2
Vgz4-Ceu0
Ejv0-Jcg6
Moa9-Jwp6
Thb6-Bbq1
E__6-Mwn5
Eug7-Phd7
C_o0-Taj8
Pjl2-Rrx3
Gur5-Pwx3
Jkb6-Hcu9
Wgy2-Yil5
Xvz6-Csf9
Brg1-Xjc8
Bcm5-Tdi9
Pic3-Nmn3
Aw_4-Vgz4
Zez4-Wgy2
Ghd1-Yuw5
Bhk3-Vls6
Nxd3-Bhk3
Rhj7-Nxd3
Yau6-Rhj7
Dyf8-Cjd8
Oyn5-Dyf8
Edd9-Oyn5
Coz7-If_6
Dyv3-Qcf1
Jkb6-Dyv3
A__4-Jkb6
Zk_3-Hr_2
Axb6-Zk_3
Obd8-Axb6
Bol8-Obd8
Ctq3-Bol8
Ypy7-Ctq3
Ug_5-Xnw5
Srb8-Qsg1
Y_y0-Srb8
Sgc9-Y_y0
Ofb7-C_q4
Udx8-Ofb7
E_g3-Udx8
Veo5-Z_u8
Qbn6-Eyp3
Hat3-Qbn6
Cui4-Vls6
Mne9-Hbc8
Gdv4-Vgp7
Xvt3-Gdv4
Xmg0-Y__7
Ttc2-Xmg0
Bkd1-Gio0
Ecw1-Bkd1
Ztg3-Gbf0
Ggx0-Ztg3
Ph_6-Ggx0
Ylw8-Ph_6
Bve0-Kvo6
Wy_2-Txh6
Yuw3-Wy_2
Mbi5-Yuw3
Hat3-Mbi5
Eiy1-Vls6
Pbs2-Eiy1
Seu8-Pbs2
Boo6-Jwj5
Dtq3-Boo6
Hyc4-Huo9
Doh4-Hyc4
Tki9-Wxt3
Uow7-Tki9
Wkw2-Uow7
Alb6-Fs_0
M_d7-Alb6
Mdi2-Akf4
N_t2-W_g6
Gso8-Qsu9
Rqu7-Gso8
Mts6-Rqu7
Kix0-Bhx5
Egw5-Acg7
Bvq8-Oxo3
Tjr2-Bvq8
Pic3-Tjr2
Rhi8-Pic3
Zut8-Rhi8
Sm_7-May4
Isv8-Nda3
Eug7-J_g0
Tsq7-Pj_6
Dsf4-G_w4
Igo7-Dsf4
Tmo5-Igo7
Ejv0-Tmo5
Hat3-Ejv0
Kjs5-Abe8
Qai7-Kjs5
Ef_8-Dgf9
Bqd6-Bfa5
Rot5-Rme6
Eon7-Rot5
Jjt1-Eon7
Mwu7-Jjt1
Ntk0-Drg9
Ydu3-Rc_0
Ipp8-Ydu3
P_p1-Xnf6
Nmr5-Jxb5
No_3-Nmr5
Brg1-Oy_4
Nuw5-Brg1
Duz1-Nuw5
Euv5-Rww3
Cay6-Ofz5
Jri9-Cay6
Hat3-Jri9
A_y8-Vls6
Enu2-Ofv1
Rxt4-Enu2
Jdd1-Vd_4
Xyd6-Ra_7
Crv3-M_y5
Qga1-Crv3
Mvf2-Vtm5
Xol1-Vqz0
Cgh8-Mkv6
Zez4-Qzg6
Cun9-Zez4
Snc1-Q__7
Ptf9-Gmc8
Ew_0-Ptf9
Clv6-Cva4
St_0-Clv6
Zxa7-St_0
Rko7-Zxa7
Qka4-Wga3
Ws_3-Qka4
Bqf1-Ghd1
Hat3-Eyy3
God2-Vls6
T_b2-God2
Thb6-T_b2
O_z0-Kte2
Isa3-O_z0
Kor4-Ykz6
Clh6-Gvg6
Xas7-B_b8
Ppr6-Qgj4
G_z3-Ppr6
Jns6-Vls6
Clp7-Fih2
Moa9-M_x7
Wdc1-Qeb3
Cxx9-Pf_0
Zhf5-Bwo7
Gkd9-Zhf5
X_v6-Qut7
Ojr9-X_v6
Ihf7-Ojr9
Kpa1-Ppe9
Ifx8-Kpa1
Hat3-Yhs0
Wff8-Ene8
Hyv8-Wsh1
D_x2-Gdu1
Aea4-Bcm5
Uiz3-Pow1
Po_6-Uiz3
Hkc3-Po_6
Zgv2-Hkc3
Whz3-Tht6
Odt9-Gpc1
Ffo9-Odt9
Uwx6-Ffo9
Otw3-Wtk3
Ib_8-Cie9
Vh_3-Qnb3
Ibb3-Gxs3
M_h8-Ibb3
Vnn8-M_h8
Hat3-Vnn8
Bix0-Vls6
Oss4-Wnk1
Yrf4-Oss4
C_o0-Yrf4
Whg3-C_o0
V_p0-Cyy4
Xvz6-V_p0
Nkd9-Xvz6
G_u1-Nkd9
Iav9-G_u1
Izl8-Iav9
Gur5-Izl8
Ae_6-Th_8
Cav2-Ae_6
Fc_9-Q_q6
Fsz7-Fc_9
Jzo2-Fsz7
Pxj7-Sfe9
En_2-Pxj7
Nco8-Wpo7
Rkl4-Qew9
Wgv3-R_y7
Kwe1-Jli9
Sc_3-Kwe1
Bnh9-Sc_3
Hat3-Z_t0
Jes6-Vls6
Ocn3-Ato2
Ofd2-Ocn3
H_v1-Ofd2
Ihb8-Vmf5
I_m3-Ihb8
Slu9-Aw_4
Zrd5-Poz5
W_x6-Afl9
Hyq0-Xiz8
Zzt1-Ord1
Ouy8-Vls6
Ydk4-Ouy8
Hwx2-Ydk4
Bff7-Hwx2
Uay4-Mqw6
Osa1-Uay4
Suj1-Fez8
Sfu3-Suj1
Nqv0-Sfu3
Hat3-Nqv0
Fez8-Yzm9
Yzm9-Ftm1
Ftm1-Ger3
Ger3-Osa1
Mqw6-A_r4
A_r4-Ggj1
Ggj1-Xgp4
Xgp4-Brp6
Brp6-Bff7
Hat3-Tpk2
Tpk2-Zzt1
Ord1-Hyq0
Xiz8-Rdx7
Rdx7-W_x6
Afl9-Kxi7
Kxi7-Zrd5
Poz5-Slu9
Aw_4-I_m3
Vmf5-H_v1
Ato2-Ubu0
Ubu0-Jes6
Z_t0-Zhj5
Zhj5-Bnh9
Jli9-Wgv3
R_y7-Ptz2
Ptz2-Rkl4
Qew9-Vvo9
Vvo9-Zns8
Zns8-Nco8
Wpo7-Ktr1
Ktr1-Iae9
Iae9-A_q7
A_q7-En_2
Sfe9-Fko3
Fko3-Vls6
Hat3-Wli4
Wli4-Jzo2
Q_q6-Cav2
Th_8-Gur5
Cyy4-Whg3
Wnk1-Xru5
Xru5-Ssr4
Ssr4-Bix0
Gxs3-Unx1
Unx1-Vh_3
Qnb3-Ib_8
Cie9-Bf_3
Bf_3-Pdm1
Pdm1-Psi8
Psi8-Iux4
Iux4-Otw3
Wtk3-Yvi6
Yvi6-Jyx7
Jyx7-Uwx6
Gpc1-Whz3
Tht6-Vls6
Hat3-Zgv2
Pow1-Aea4
Bcm5-Nj_9
Nj_9-D_x2
Gdu1-Ozo9
Ozo9-Zjl8
Zjl8-Hyv8
Wsh1-Wff8
Ene8-Vls6
Yhs0-Ifx8
Ppe9-Exx4
Exx4-Wuz4
Wuz4-Ihf7
Qut7-Kiy2
Kiy2-Yij3
Yij3-Dg_7
Dg_7-Gkd9
Bwo7-Cxx9
Pf_0-Vls6
Hat3-Kgj8
Kgj8-Iii6
Iii6-Bjc1
Bjc1-Tgm0
Tgm0-Ttf9
Ttf9-Sgb7
Sgb7-Gzu6
Gzu6-Hxz0
Hxz0-Wdc1
Qeb3-Moa9
M_x7-Clp7
Fih2-Epd7
Epd7-Jns6
Hat3-Slj0
Slj0-G_z3
Qgj4-Uqc6
Uqc6-Xas7
B_b8-Clh6
Gvg6-Irm7
Irm7-Kor4
Ykz6-Aho4
Aho4-Isa3
Kte2-Thb6
Eyy3-Bqf1
Ghd1-Ws_3
Wga3-Rko7
Cva4-Ew_0
Gmc8-Snc1
Q__7-Cun9
Qzg6-H_u2
H_u2-Cgh8
Mkv6-Kxh9
Kxh9-Tdv0
Tdv0-Xol1
Vqz0-Mvf2
Vtm5-Fhw3
Fhw3-Qga1
M_y5-Dj_2
Dj_2-Xhk5
Xhk5-Dis3
Dis3-Z_w2
Z_w2-Xyd6
Ra_7-Abc4
Abc4-Jdd1
Vd_4-Vwl4
Vwl4-Pjl2
Pjl2-Kvx9
Kvx9-Fik8
Fik8-Rxt4
Ofv1-A_y8
Ofz5-Euv5
Rww3-R_x7
R_x7-Duz1
Oy_4-Rdq0
Rdq0-Bpc8
Bpc8-No_3
Jxb5-P_p1
Xnf6-Ipp8
Rc_0-Cuh8
Cuh8-Ntk0
Drg9-Ohu3
Ohu3-Jp_6
Jp_6-Dsx4
Dsx4-Bl_3
Bl_3-Mwu7
Rme6-Bqd6
Bfa5-Ef_8
Dgf9-Ws_1
Ws_1-Qai7
Abe8-Bt_1
Bt_1-Xdx2
Xdx2-H_b0
H_b0-Vls6
G_w4-Tsq7
Pj_6-Xh_2
Xh_2-Eug7
J_g0-Isv8
Nda3-Sm_7
May4-Zut8
Oxo3-Egw5
Acg7-Eof6
Eof6-Kix0
Bhx5-Mts6
Qsu9-Htf5
Htf5-N_t2
W_g6-Uo_1
Uo_1-Mdi2
Akf4-M_d7
Fs_0-Jxo7
Jxo7-Zig9
Zig9-Vcu5
Vcu5-Wkw2
Wxt3-Doh4
Huo9-Dtq3
Jwj5-Seu8
Txh6-Xi_8
Xi_8-Shh9
Shh9-Ke_6
Ke_6-N_m3
N_m3-Bve0
Kvo6-Ggq9
Ggq9-Ylw8
Gbf0-Ddn8
Ddn8-Ecw1
Gio0-Ttc2
Y__7-Xvt3
Vgp7-Tcj3
Tcj3-Vat5
Vat5-Usp2
Usp2-Dxg8
Dxg8-E__6
E__6-Mne9
Hbc8-Ecu5
Ecu5-Suj5
Suj5-Tnc8
Tnc8-Cui4
Eyp3-Veo5
Z_u8-E_g3
C_q4-Dxc7
Dxc7-Sgc9
Qsg1-Hgj2
Hgj2-Ug_5
Xnw5-Ypy7
Hr_2-Vpm0
Vpm0-A__4
Qcf1-D__7
D__7-Iog1
Iog1-Coz7
If_6-Edd9
Cjd8-Em_1
Em_1-Aca9
Aca9-Ilc7
Ilc7-Cfq7
Cfq7-Zjd7
Zjd7-Yau6
Shh9-Czx9
Ptz2-Cbp1
Nda3-Ary4
Dgf9-Q_z9
Bt_1-Amx2
Yvi6-T_m7
Suj5-Ncd4
Rme6-Isz9
Xol1-Cjx1
Tki9-Flf1
Zzt1-Gzj8
C_o0-Iuu2
M_d7-Trp2
Eyp3-Fby1
Ssr4-Yvp8
Cjx1-Wtu4
Ntk0-Ru_9
Bbq1-Aih6
#Here is the number of lines required: 37

L1-Wli4 L2-Vnn8 L3-Tpk2 L4-Z_t0 L5-Slj0 L6-Nqv0 L7-Yhs0 L8-Zgv2 L9-Kgj8
L1-Jzo2 L10-Wli4 L2-M_h8 L11-Vnn8 L3-Zzt1 L12-Tpk2 L4-Zhj5 L13-Z_t0 L5-G_z3 L14-Slj0 L6-Sfu3 L15-Nqv0 L7-Ifx8 L16-Yhs0 L8-Hkc3 L17-Zgv2 L9-Iii6 L18-Kgj8
L1-Fsz7 L10-Jzo2 L19-Wli4 L2-Ibb3 L11-M_h8 L20-Vnn8 L3-Ord1 L12-Zzt1 L21-Tpk2 L4-Bnh9 L13-Zhj5 L22-Z_t0 L5-Ppr6 L14-G_z3 L23-Slj0 L6-Suj1 L15-Sfu3 L24-Nqv0 L7-Kpa1 L16-Ifx8 L25-Yhs0 L8-Po_6 L17-Hkc3 L26-Zgv2 L9-Bjc1 L18-Iii6 L27-Kgj8
L1-Fc_9 L10-Fsz7 L19-Jzo2 L28-Wli4 L2-Gxs3 L11-Ibb3 L20-M_h8 L29-Vnn8 L3-Hyq0 L12-Ord1 L21-Zzt1 L30-Tpk2 L4-Sc_3 L13-Bnh9 L22-Zhj5 L31-Z_t0 L5-Qgj4 L14-Ppr6 L23-G_z3 L32-Slj0 L6-Fez8 L15-Suj1 L24-Sfu3 L33-Nqv0 L7-Ppe9 L16-Kpa1 L25-Ifx8 L34-Yhs0 L8-Uiz3 L17-Po_6 L26-Hkc3 L35-Zgv2 L9-Tgm0 L18-Bjc1 L27-Iii6 L36-Kgj8
L1-Q_q6 L10-Fc_9 L19-Fsz7 L28-Jzo2 L37-Wli4 L2-Unx1 L11-Gxs3 L20-Ibb3 L29-M_h8 L38-Vnn8 L3-Xiz8 L12-Hyq0 L21-Ord1 L30-Zzt1 L39-Tpk2 L4-Kwe1 L13-Sc_3 L22-Bnh9 L31-Zhj5 L40-Z_t0 L5-Uqc6 L14-Qgj4 L23-Ppr6 L32-G_z3 L41-Slj0 L6-Yzm9 L15-Fez8 L24-Suj1 L33-Sfu3 L42-Nqv0 L7-Exx4 L16-Ppe9 L25-Kpa1 L34-Ifx8 L43-Yhs0 L8-Pow1 L17-Uiz3 L26-Po_6 L35-Hkc3 L44-Zgv2 L9-Ttf9 L18-Tgm0 L27-Bjc1 L36-Iii6 L45-Kgj8
L1-Cav2 L10-Q_q6 L19-Fc_9 L28-Fsz7 L37-Jzo2 L46-Wli4 L2-Vh_3 L11-Unx1 L20-Gxs3 L29-Ibb3 L38-M_h8 L47-Vnn8 L3-Rdx7 L12-Xiz8 L21-Hyq0 L30-Ord1 L39-Zzt1 L48-Tpk2 L4-Jli9 L13-Kwe1 L22-Sc_3 L31-Bnh9 L40-Zhj5 L49-Z_t0 L5-Xas7 L14-Uqc6 L23-Qgj4 L32-Ppr6 L41-G_z3 L50-Slj0 L6-Ftm1 L15-Yzm9 L24-Fez8 L33-Suj1 L42-Sfu3 L51-Nqv0 L7-Wuz4 L16-Exx4 L25-Ppe9 L34-Kpa1 L43-Ifx8 L52-Yhs0 L8-Aea4 L17-Pow1 L26-Uiz3 L35-Po_6 L44-Hkc3 L53-Zgv2 L9-Sgb7 L18-Ttf9 L27-Tgm0 L36-Bjc1 L45-Iii6 L54-Kgj8
L1-Ae_6 L10-Cav2 L19-Q_q6 L28-Fc_9 L37-Fsz7 L46-Jzo2 L55-Wli4 L2-Qnb3 L11-Vh_3 L20-Unx1 L29-Gxs3 L38-Ibb3 L47-M_h8 L56-Vnn8 L3-W_x6 L12-Rdx7 L21-Xiz8 L30-Hyq0 L39-Ord1 L48-Zzt1 L57-Tpk2 L4-Wgv3 L13-Jli9 L22-Kwe1 L31-Sc_3 L40-Bnh9 L49-Zhj5 L58-Z_t0 L5-B_b8 L14-Xas7 L23-Uqc6 L32-Qgj4 L41-Ppr6 L50-G_z3 L59-Slj0 L6-Ger3 L15-Ftm1 L24-Yzm9 L33-Fez8 L42-Suj1 L51-Sfu3 L60-Nqv0 L7-Ihf7 L16-Wuz4 L25-Exx4 L34-Ppe9 L43-Kpa1 L52-Ifx8 L61-Yhs0 L8-Bcm5 L17-Aea4 L26-Pow1 L35-Uiz3 L44-Po_6 L53-Hkc3 L62-Zgv2 L9-Gzu6 L18-Sgb7 L27-Ttf9 L36-Tgm0 L45-Bjc1 L54-Iii6 L63-Kgj8
L1-Th_8 L10-Ae_6 L19-Cav2 L28-Q_q6 L37-Fc_9 L46-Fsz7 L55-Jzo2 L64-Wli4 L2-Ib_8 L11-Qnb3 L20-Vh_3 L29-Unx1 L38-Gxs3 L47-Ibb3 L56-M_h8 L65-Vnn8 L3-Afl9 L12-W_x6 L21-Rdx7 L30-Xiz8 L39-Hyq0 L48-Ord1 L57-Zzt1 L66-Tpk2 L4-R_y7 L13-Wgv3 L22-Jli9 L31-Kwe1 L40-Sc_3 L49-Bnh9 L58-Zhj5 L67-Z_t0 L5-Clh6 L14-B_b8 L23-Xas7 L32-Uqc6 L41-Qgj4 L50-Ppr6 L59-G_z3 L68-Slj0 L6-Osa1 L15-Ger3 L24-Ftm1 L33-Yzm9 L42-Fez8 L51-Suj1 L60-Sfu3 L69-Nqv0 L7-Ojr9 L16-Ihf7 L25-Wuz4 L34-Exx4 L43-Ppe9 L52-Kpa1 L61-Ifx8 L70-Yhs0 L8-Nj_9 L17-Bcm5 L26-Aea4 L35-Pow1 L44-Uiz3 L53-Po_6 L62-Hkc3 L71-Zgv2 L9-Hxz0 L18-Gzu6 L27-Sgb7 L36-Ttf9 L45-Tgm0 L54-Bjc1 L63-Iii6 L72-Kgj8
L1-Gur5 L10-Th_8 L19-Ae_6 L28-Cav2 L37-Q_q6 L46-Fc_9 L55-Fsz7 L64-Jzo2 L73-Wli4 L2-Cie9 L11-Ib_8 L20-Qnb3 L29-Vh_3 L38-Unx1 L47-Gxs3 L56-Ibb3 L65-M_h8 L74-Vnn8 L3-Kxi7 L12-Afl9 L21-W_x6 L30-Rdx7 L39-Xiz8 L48-Hyq0 L57-Ord1 L66-Zzt1 L75-Tpk2 L4-Ptz2 L13-R_y7 L22-Wgv3 L31-Jli9 L40-Kwe1 L49-Sc_3 L58-Bnh9 L67-Zhj5 L76-Z_t0 L5-Gvg6 L14-Clh6 L23-B_b8 L32-Xas7 L41-Uqc6 L50-Qgj4 L59-Ppr6 L68-G_z3 L77-Slj0 L6-Uay4 L15-Osa1 L24-Ger3 L33-Ftm1 L42-Yzm9 L51-Fez8 L60-Suj1 L69-Sfu3 L78-Nqv0 L7-X_v6 L16-Ojr9 L25-Ihf7 L34-Wuz4 L43-Exx4 L52-Ppe9 L61-Kpa1 L70-Ifx8 L79-Yhs0 L8-D_x2 L17-Nj_9 L26-Bcm5 L35-Aea4 L44-Pow1 L53-Uiz3 L62-Po_6 L71-Hkc3 L80-Zgv2 L9-Wdc1 L18-Hxz0 L27-Gzu6 L36-Sgb7 L45-Ttf9 L54-Tgm0 L63-Bjc1 L72-Iii6 L81-Kgj8
L1-Izl8 L10-Gur5 L19-Th_8 L28-Ae_6 L37-Cav2 L46-Q_q6 L55-Fc_9 L64-Fsz7 L73-Jzo2 L82-Wli4 L2-Bf_3 L11-Cie9 L20-Ib_8 L29-Qnb3 L38-Vh_3 L47-Unx1 L56-Gxs3 L65-Ibb3 L74-M_h8 L83-Vnn8 L3-Zrd5 L12-Kxi7 L21-Afl9 L30-W_x6 L39-Rdx7 L48-Xiz8 L57-Hyq0 L66-Ord1 L75-Zzt1 L84-Tpk2 L4-Rkl4 L13-Ptz2 L22-R_y7 L31-Wgv3 L40-Jli9 L49-Kwe1 L58-Sc_3 L67-Bnh9 L76-Zhj5 L85-Z_t0 L5-Irm7 L14-Gvg6 L23-Clh6 L32-B_b8 L41-Xas7 L50-Uqc6 L59-Qgj4 L68-Ppr6 L77-G_z3 L86-Slj0 L6-Mqw6 L15-Uay4 L24-Osa1 L33-Ger3 L42-Ftm1 L51-Yzm9 L60-Fez8 L69-Suj1 L78-Sfu3 L87-Nqv0 L7-Qut7 L16-X_v6 L25-Ojr9 L34-Ihf7 L43-Wuz4 L52-Exx4 L61-Ppe9 L70-Kpa1 L79-Ifx8 L88-Yhs0 L8-Gdu1 L17-D_x2 L26-Nj_9 L35-Bcm5 L44-Aea4 L53-Pow1 L62-Uiz3 L71-Po_6 L80-Hkc3 L89-Zgv2 L9-Qeb3 L18-Wdc1 L27-Hxz0 L36-Gzu6 L45-Sgb7 L54-Ttf9 L63-Tgm0 L72-Bjc1 L81-Iii6 L90-Kgj8
L1-Iav9 L10-Izl8 L19-Gur5 L28-Th_8 L37-Ae_6 L46-Cav2 L55-Q_q6 L64-Fc_9 L73-Fsz7 L82-Jzo2 L91-Wli4 L2-Pdm1 L11-Bf_3 L20-Cie9 L29-Ib_8 L38-Qnb3 L47-Vh_3 L56-Unx1 L65-Gxs3 L74-Ibb3 L83-M_h8 L92-Vnn8 L3-Poz5 L12-Zrd5 L21-Kxi7 L30-Afl9 L39-W_x6 L48-Rdx7 L57-Xiz8 L66-Hyq0 L75-Ord1 L84-Zzt1 L93-Tpk2 L4-Qew9 L13-Rkl4 L22-Ptz2 L31-R_y7 L40-Wgv3 L49-Jli9 L58-Kwe1 L67-Sc_3 L76-Bnh9 L85-Zhj5 L94-Z_t0 L5-Kor4 L14-Irm7 L23-Gvg6 L32-Clh6 L41-B_b8 L50-Xas7 L59-Uqc6 L68-Qgj4 L77-Ppr6 L86-G_z3 L95-Slj0 L6-A_r4 L15-Mqw6 L24-Uay4 L33-Osa1 L42-Ger3 L51-Ftm1 L60-Yzm9 L69-Fez8 L78-Suj1 L87-Sfu3 L96-Nqv0 L7-Kiy2 L16-Qut7 L25-X_v6 L34-Ojr9 L43-Ihf7 L52-Wuz4 L61-Exx4 L70-Ppe9 L79-Kpa1 L88-Ifx8 L97-Yhs0 L8-Ozo9 L17-Gdu1 L26-D_x2 L35-Nj_9 L44-Bcm5 L53-Aea4 L62-Pow1 L71-Uiz3 L80-Po_6 L89-Hkc3 L98-Zgv2 L9-Moa9 L18-Qeb3 L27-Wdc1 L36-Hxz0 L45-Gzu6 L54-Sgb7 L63-Ttf9 L72-Tgm0 L81-Bjc1 L90-Iii6 L99-Kgj8
L1-G_u1 L10-Iav9 L19-Izl8 L28-Gur5 L37-Th_8 L46-Ae_6 L55-Cav2 L64-Q_q6 L73-Fc_9 L82-Fsz7 L91-Jzo2 L100-Wli4 L2-Psi8 L11-Pdm1 L20-Bf_3 L29-Cie9 L38-Ib_8 L47-Qnb3 L56-Vh_3 L65-Unx1 L74-Gxs3 L83-Ibb3 L92-M_h8 L101-Vnn8 L3-Slu9 L12-Poz5 L21-Zrd5 L30-Kxi7 L39-Afl9 L48-W_x6 L57-Rdx7 L66-Xiz8 L75-Hyq0 L84-Ord1 L93-Zzt1 L102-Tpk2 L4-Vvo9 L13-Qew9 L22-Rkl4 L31-Ptz2 L40-R_y7 L49-Wgv3 L58-Jli9 L67-Kwe1 L76-Sc_3 L85-Bnh9 L94-Zhj5 L103-Z_t0 L5-Ykz6 L14-Kor4 L23-Irm7 L32-Gvg6 L41-Clh6 L50-B_b8 L59-Xas7 L68-Uqc6 L77-Qgj4 L86-Ppr6 L95-G_z3 L104-Slj0 L6-Ggj1 L15-A_r4 L24-Mqw6 L33-Uay4 L42-Osa1 L51-Ger3 L60-Ftm1 L69-Yzm9 L78-Fez8 L87-Suj1 L96-Sfu3 L105-Nqv0 L7-Yij3 L16-Kiy2 L25-Qut7 L34-X_v6 L43-Ojr9 L52-Ihf7 L61-Wuz4 L70-Exx4 L79-Ppe9 L88-Kpa1 L97-Ifx8 L106-Yhs0 L8-Zjl8 L17-Ozo9 L26-Gdu1 L35-D_x2 L44-Nj_9 L53-Bcm5 L62-Aea4 L71-Pow1 L80-Uiz3 L89-Po_6 L98-Hkc3 L107-Zgv2 L9-M_x7 L18-Moa9 L27-Qeb3 L36-Wdc1 L45-Hxz0 L54-Gzu6 L63-Sgb7 L72-Ttf9 L81-Tgm0 L90-Bjc1 L99-Iii6 L108-Kgj8
L1-Nkd9 L10-G_u1 L19-Iav9 L28-Izl8 L37-Gur5 L46-Th_8 L55-Ae_6 L64-Cav2 L73-Q_q6 L82-Fc_9 L91-Fsz7 L100-Jzo2 L109-Wli4 L2-Iux4 L11-Psi8 L20-Pdm1 L29-Bf_3 L38-Cie9 L47-Ib_8 L56-Qnb3 L65-Vh_3 L74-Unx1 L83-Gxs3 L92-Ibb3 L101-M_h8 L110-Vnn8 L3-Aw_4 L12-Slu9 L21-Poz5 L30-Zrd5 L39-Kxi7 L48-Afl9 L57-W_x6 L66-Rdx7 L75-Xiz8 L84-Hyq0 L93-Ord1 L102-Zzt1 L111-Tpk2 L4-Zns8 L13-Vvo9 L22-Qew9 L31-Rkl4 L40-Ptz2 L49-R_y7 L58-Wgv3 L67-Jli9 L76-Kwe1 L85-Sc_3 L94-Bnh9 L103-Zhj5 L112-Z_t0 L5-Aho4 L14-Ykz6 L23-Kor4 L32-Irm7 L41-Gvg6 L50-Clh6 L59-B_b8 L68-Xas7 L77-Uqc6 L86-Qgj4 L95-Ppr6 L104-G_z3 L113-Slj0 L6-Xgp4 L15-Ggj1 L24-A_r4 L33-Mqw6 L42-Uay4 L51-Osa1 L60-Ger3 L69-Ftm1 L78-Yzm9 L87-Fez8 L96-Suj1 L105-Sfu3 L114-Nqv0 L7-Dg_7 L16-Yij3 L25-Kiy2 L34-Qut7 L43-X_v6 L52-Ojr9 L61-Ihf7 L70-Wuz4 L79-Exx4 L88-Ppe9 L97-Kpa1 L106-Ifx8 L115-Yhs0 L8-Hyv8 L17-Zjl8 L26-Ozo9 L35-Gdu1 L44-D_x2 L53-Nj_9 L62-Bcm5 L71-Aea4 L80-Pow1 L89-Uiz3 L98-Po_6 L107-Hkc3 L116-Zgv2 L9-Clp7 L18-M_x7 L27-Moa9 L36-Qeb3 L45-Wdc1 L54-Hxz0 L63-Gzu6 L72-Sgb7 L81-Ttf9 L90-Tgm0 L99-Bjc1 L108-Iii6 L117-Kgj8
L1-Xvz6 L10-Nkd9 L19-G_u1 L28-Iav9 L37-Izl8 L46-Gur5 L55-Th_8 L64-Ae_6 L73-Cav2 L82-Q_q6 L91-Fc_9 L100-Fsz7 L109-Jzo2 L118-Wli4 L2-Otw3 L11-Iux4 L20-Psi8 L29-Pdm1 L38-Bf_3 L47-Cie9 L56-Ib_8 L65-Qnb3 L74-Vh_3 L83-Unx1 L92-Gxs3 L101-Ibb3 L110-M_h8 L119-Vnn8 L3-I_m3 L12-Aw_4 L21-Slu9 L30-Poz5 L39-Zrd5 L48-Kxi7 L57-Afl9 L66-W_x6 L75-Rdx7 L84-Xiz8 L93-Hyq0 L102-Ord1 L111-Zzt1 L120-Tpk2 L4-Nco8 L13-Zns8 L22-Vvo9 L31-Qew9 L40-Rkl4 L49-Ptz2 L58-R_y7 L67-Wgv3 L76-Jli9 L85-Kwe1 L94-Sc_3 L103-Bnh9 L112-Zhj5 L121-Z_t0 L5-Isa3 L14-Aho4 L23-Ykz6 L32-Kor4 L41-Irm7 L50-Gvg6 L59-Clh6 L68-B_b8 L77-Xas7 L86-Uqc6 L95-Qgj4 L104-Ppr6 L113-G_z3 L122-Slj0 L6-Brp6 L15-Xgp4 L24-Ggj1 L33-A_r4 L42-Mqw6 L51-Uay4 L60-Osa1 L69-Ger3 L78-Ftm1 L87-Yzm9 L96-Fez8 L105-Suj1 L114-Sfu3 L123-Nqv0 L7-Gkd9 L16-Dg_7 L25-Yij3 L34-Kiy2 L43-Qut7 L52-X_v6 L61-Ojr9 L70-Ihf7 L79-Wuz4 L88-Exx4 L97-Ppe9 L106-Kpa1 L115-Ifx8 L124-Yhs0 L8-Wsh1 L17-Hyv8 L26-Zjl8 L35-Ozo9 L44-Gdu1 L53-D_x2 L62-Nj_9 L71-Bcm5 L80-Aea4 L89-Pow1 L98-Uiz3 L107-Po_6 L116-Hkc3 L125-Zgv2 L9-Fih2 L18-Clp7 L27-M_x7 L36-Moa9 L45-Qeb3 L54-Wdc1 L63-Hxz0 L72-Gzu6 L81-Sgb7 L90-Ttf9 L99-Tgm0 L108-Bjc1 L117-Iii6 L126-Kgj8
L1-V_p0 L10-Xvz6 L19-Nkd9 L28-G_u1 L37-Iav9 L46-Izl8 L55-Gur5 L64-Th_8 L73-Ae_6 L82-Cav2 L91-Q_q6 L100-Fc_9 L109-Fsz7 L118-Jzo2 L127-Wli4 L2-Wtk3 L11-Otw3 L20-Iux4 L29-Psi8 L38-Pdm1 L47-Bf_3 L56-Cie9 L65-Ib_8 L74-Qnb3 L83-Vh_3 L92-Unx1 L101-Gxs3 L110-Ibb3 L119-M_h8 L128-Vnn8 L3-Ihb8 L12-I_m3 L21-Aw_4 L30-Slu9 L39-Poz5 L48-Zrd5 L57-Kxi7 L66-Afl9 L75-W_x6 L84-Rdx7 L93-Xiz8 L102-Hyq0 L111-Ord1 L120-Zzt1 L129-Tpk2 L4-Wpo7 L13-Nco8 L22-Zns8 L31-Vvo9 L40-Qew9 L49-Rkl4 L58-Ptz2 L67-R_y7 L76-Wgv3 L85-Jli9 L94-Kwe1 L103-Sc_3 L112-Bnh9 L121-Zhj5 L130-Z_t0 L5-O_z0 L14-Isa3 L23-Aho4 L32-Ykz6 L41-Kor4 L50-Irm7 L59-Gvg6 L68-Clh6 L77-B_b8 L86-Xas7 L95-Uqc6 L104-Qgj4 L113-Ppr6 L122-G_z3 L131-Slj0 L6-Bff7 L15-Brp6 L24-Xgp4 L33-Ggj1 L42-A_r4 L51-Mqw6 L60-Uay4 L69-Osa1 L78-Ger3 L87-Ftm1 L96-Yzm9 L105-Fez8 L114-Suj1 L123-Sfu3 L132-Nqv0 L7-Zhf5 L16-Gkd9 L25-Dg_7 L34-Yij3 L43-Kiy2 L52-Qut7 L61-X_v6 L70-Ojr9 L79-Ihf7 L88-Wuz4 L97-Exx4 L106-Ppe9 L115-Kpa1 L124-Ifx8 L133-Yhs0 L8-Wff8 L17-Wsh1 L26-Hyv8 L35-Zjl8 L44-Ozo9 L53-Gdu1 L62-D_x2 L71-Nj_9 L80-Bcm5 L89-Aea4 L98-Pow1 L107-Uiz3 L116-Po_6 L125-Hkc3 L134-Zgv2 L9-Epd7 L18-Fih2 L27-Clp7 L36-M_x7 L45-Moa9 L54-Qeb3 L63-Wdc1 L72-Hxz0 L81-Gzu6 L90-Sgb7 L99-Ttf9 L108-Tgm0 L117-Bjc1 L126-Iii6 L135-Kgj8
L1-Cyy4 L10-V_p0 L19-Xvz6 L28-Nkd9 L37-G_u1 L46-Iav9 L55-Izl8 L64-Gur5 L73-Th_8 L82-Ae_6 L91-Cav2 L100-Q_q6 L109-Fc_9 L118-Fsz7 L127-Jzo2 L136-Wli4 L2-Yvi6 L11-Wtk3 L20-Otw3 L29-Iux4 L38-Psi8 L47-Pdm1 L56-Bf_3 L65-Cie9 L74-Ib_8 L83-Qnb3 L92-Vh_3 L101-Unx1 L110-Gxs3 L119-Ibb3 L128-M_h8 L137-Vnn8 L3-Vmf5 L12-Ihb8 L21-I_m3 L30-Aw_4 L39-Slu9 L48-Poz5 L57-Zrd5 L66-Kxi7 L75-Afl9 L84-W_x6 L93-Rdx7 L102-Xiz8 L111-Hyq0 L120-Ord1 L129-Zzt1 L138-Tpk2 L4-Ktr1 L13-Wpo7 L22-Nco8 L31-Zns8 L40-Vvo9 L49-Qew9 L58-Rkl4 L67-Ptz2 L76-R_y7 L85-Wgv3 L94-Jli9 L103-Kwe1 L112-Sc_3 L121-Bnh9 L130-Zhj5 L139-Z_t0 L5-Kte2 L14-O_z0 L23-Isa3 L32-Aho4 L41-Ykz6 L50-Kor4 L59-Irm7 L68-Gvg6 L77-Clh6 L86-B_b8 L95-Xas7 L104-Uqc6 L113-Qgj4 L122-Ppr6 L131-G_z3 L140-Slj0 L6-Hwx2 L15-Bff7 L24-Brp6 L33-Xgp4 L42-Ggj1 L51-A_r4 L60-Mqw6 L69-Uay4 L78-Osa1 L87-Ger3 L96-Ftm1 L105-Yzm9 L114-Fez8 L123-Suj1 L132-Sfu3 L141-Nqv0 L7-Bwo7 L16-Zhf5 L25-Gkd9 L34-Dg_7 L43-Yij3 L52-Kiy2 L61-Qut7 L70-X_v6 L79-Ojr9 L88-Ihf7 L97-Wuz4 L106-Exx4 L115-Ppe9 L124-Kpa1 L133-Ifx8 L142-Yhs0 L8-Ene8 L17-Wff8 L26-Wsh1 L35-Hyv8 L44-Zjl8 L53-Ozo9 L62-Gdu1 L71-D_x2 L80-Nj_9 L89-Bcm5 L98-Aea4 L107-Pow1 L116-Uiz3 L125-Po_6 L134-Hkc3 L143-Zgv2 L9-Jns6 L18-Epd7 L27-Fih2 L36-Clp7 L45-M_x7 L54-Moa9 L63-Qeb3 L72-Wdc1 L81-Hxz0 L90-Gzu6 L99-Sgb7 L108-Ttf9 L117-Tgm0 L126-Bjc1 L135-Iii6 L144-Kgj8
L1-Whg3 L10-Cyy4 L19-V_p0 L28-Xvz6 L37-Nkd9 L46-G_u1 L55-Iav9 L64-Izl8 L73-Gur5 L82-Th_8 L91-Ae_6 L100-Cav2 L109-Q_q6 L118-Fc_9 L127-Fsz7 L136-Jzo2 L2-Jyx7 L11-Yvi6 L20-Wtk3 L29-Otw3 L38-Iux4 L47-Psi8 L56-Pdm1 L65-Bf_3 L74-Cie9 L83-Ib_8 L92-Qnb3 L101-Vh_3 L110-Unx1 L119-Gxs3 L128-Ibb3 L137-M_h8 L145-Vnn8 L3-H_v1 L12-Vmf5 L21-Ihb8 L30-I_m3 L39-Aw_4 L48-Slu9 L57-Poz5 L66-Zrd5 L75-Kxi7 L84-Afl9 L93-W_x6 L102-Rdx7 L111-Xiz8 L120-Hyq0 L129-Ord1 L138-Zzt1 L146-Tpk2 L4-Iae9 L13-Ktr1 L22-Wpo7 L31-Nco8 L40-Zns8 L49-Vvo9 L58-Qew9 L67-Rkl4 L76-Ptz2 L85-R_y7 L94-Wgv3 L103-Jli9 L112-Kwe1 L121-Sc_3 L130-Bnh9 L139-Zhj5 L147-Z_t0 L5-Thb6 L14-Kte2 L23-O_z0 L32-Isa3 L41-Aho4 L50-Ykz6 L59-Kor4 L68-Irm7 L77-Gvg6 L86-Clh6 L95-B_b8 L104-Xas7 L113-Uqc6 L122-Qgj4 L131-Ppr6 L140-G_z3 L148-Slj0 L6-Ydk4 L15-Hwx2 L24-Bff7 L33-Brp6 L42-Xgp4 L51-Ggj1 L60-A_r4 L69-Mqw6 L78-Uay4 L87-Osa1 L96-Ger3 L105-Ftm1 L114-Yzm9 L123-Fez8 L132-Suj1 L141-Sfu3 L149-Nqv0 L7-Cxx9 L16-Bwo7 L25-Zhf5 L34-Gkd9 L43-Dg_7 L52-Yij3 L61-Kiy2 L70-Qut7 L79-X_v6 L88-Ojr9 L97-Ihf7 L106-Wuz4 L115-Exx4 L124-Ppe9 L133-Kpa1 L142-Ifx8 L150-Yhs0 L8-Vls6 L17-Ene8 L26-Wff8 L35-Wsh1 L44-Hyv8 L53-Zjl8 L62-Ozo9 L71-Gdu1 L80-D_x2 L89-Nj_9 L98-Bcm5 L107-Aea4 L116-Pow1 L125-Uiz3 L134-Po_6 L143-Hkc3 L151-Zgv2 L9-Vls6 L18-Jns6 L27-Epd7 L36-Fih2 L45-Clp7 L54-M_x7 L63-Moa9 L72-Qeb3 L81-Wdc1 L90-Hxz0 L99-Gzu6 L108-Sgb7 L117-Ttf9 L126-Tgm0 L135-Bjc1 L144-Iii6 L152-Kgj8
L1-C_o0 L10-Whg3 L19-Cyy4 L28-V_p0 L37-Xvz6 L46-Nkd9 L55-G_u1 L64-Iav9 L73-Izl8 L82-Gur5 L91-Th_8 L100-Ae_6 L109-Cav2 L118-Q_q6 L127-Fc_9 L136-Fsz7 L2-Uwx6 L11-Jyx7 L20-Yvi6 L29-Wtk3 L38-Otw3 L47-Iux4 L56-Psi8 L65-Pdm1 L74-Bf_3 L83-Cie9 L92-Ib_8 L101-Qnb3 L110-Vh_3 L119-Unx1 L128-Gxs3 L137-Ibb3 L145-M_h8 L3-Ofd2 L12-H_v1 L21-Vmf5 L30-Ihb8 L39-I_m3 L48-Aw_4 L57-Slu9 L66-Poz5 L75-Zrd5 L84-Kxi7 L93-Afl9 L102-W_x6 L111-Rdx7 L120-Xiz8 L129-Hyq0 L138-Ord1 L146-Zzt1 L4-A_q7 L13-Iae9 L22-Ktr1 L31-Wpo7 L40-Nco8 L49-Zns8 L58-Vvo9 L67-Qew9 L76-Rkl4 L85-Ptz2 L94-R_y7 L103-Wgv3 L112-Jli9 L121-Kwe1 L130-Sc_3 L139-Bnh9 L147-Zhj5 L5-T_b2 L14-Thb6 L23-Kte2 L32-O_z0 L41-Isa3 L50-Aho4 L59-Ykz6 L68-Kor4 L77-Irm7 L86-Gvg6 L95-Clh6 L104-B_b8 L113-Xas7 L122-Uqc6 L131-Qgj4 L140-Ppr6 L148-G_z3 L6-Ouy8 L15-Ydk4 L24-Hwx2 L33-Bff7 L42-Brp6 L51-Xgp4 L60-Ggj1 L69-A_r4 L78-Mqw6 L87-Uay4 L96-Osa1 L105-Ger3 L114-Ftm1 L123-Yzm9 L132-Fez8 L141-Suj1 L149-Sfu3 L7-Pf_0 L16-Cxx9 L25-Bwo7 L34-Zhf5 L43-Gkd9 L52-Dg_7 L61-Yij3 L70-Kiy2 L79-Qut7 L88-X_v6 L97-Ojr9 L106-Ihf7 L115-Wuz4 L124-Exx4 L133-Ppe9 L142-Kpa1 L150-Ifx8 L17-Vls6 L26-Ene8 L35-Wff8 L44-Wsh1 L53-Hyv8 L62-Zjl8 L71-Ozo9 L80-Gdu1 L89-D_x2 L98-Nj_9 L107-Bcm5 L116-Aea4 L125-Pow1 L134-Uiz3 L143-Po_6 L151-Hkc3 L18-Vls6 L27-Jns6 L36-Epd7 L45-Fih2 L54-Clp7 L63-M_x7 L72-Moa9 L81-Qeb3 L90-Wdc1 L99-Hxz0 L108-Gzu6 L117-Sgb7 L126-Ttf9 L135-Tgm0 L144-Bjc1 L152-Iii6
L1-Yrf4 L10-C_o0 L19-Whg3 L28-Cyy4 L37-V_p0 L46-Xvz6 L55-Nkd9 L64-G_u1 L73-Iav9 L82-Izl8 L91-Gur5 L100-Th_8 L109-Ae_6 L118-Cav2 L127-Q_q6 L136-Fc_9 L2-Ffo9 L11-Uwx6 L20-Jyx7 L29-Yvi6 L38-Wtk3 L47-Otw3 L56-Iux4 L65-Psi8 L74-Pdm1 L83-Bf_3 L92-Cie9 L101-Ib_8 L110-Qnb3 L119-Vh_3 L128-Unx1 L137-Gxs3 L145-Ibb3 L3-Ocn3 L12-Ofd2 L21-H_v1 L30-Vmf5 L39-Ihb8 L48-I_m3 L57-Aw_4 L66-Slu9 L75-Poz5 L84-Zrd5 L93-Kxi7 L102-Afl9 L111-W_x6 L120-Rdx7 L129-Xiz8 L138-Hyq0 L146-Ord1 L4-En_2 L13-A_q7 L22-Iae9 L31-Ktr1 L40-Wpo7 L49-Nco8 L58-Zns8 L67-Vvo9 L76-Qew9 L85-Rkl4 L94-Ptz2 L103-R_y7 L112-Wgv3 L121-Jli9 L130-Kwe1 L139-Sc_3 L147-Bnh9 L5-God2 L14-T_b2 L23-Thb6 L32-Kte2 L41-O_z0 L50-Isa3 L59-Aho4 L68-Ykz6 L77-Kor4 L86-Irm7 L95-Gvg6 L104-Clh6 L113-B_b8 L122-Xas7 L131-Uqc6 L140-Qgj4 L148-Ppr6 L6-Vls6 L15-Ouy8 L24-Ydk4 L33-Hwx2 L42-Bff7 L51-Brp6 L60-Xgp4 L69-Ggj1 L78-A_r4 L87-Mqw6 L96-Uay4 L105-Osa1 L114-Ger3 L123-Ftm1 L132-Yzm9 L141-Fez8 L149-Suj1 L7-Vls6 L16-Pf_0 L25-Cxx9 L34-Bwo7 L43-Zhf5 L52-Gkd9 L61-Dg_7 L70-Yij3 L79-Kiy2 L88-Qut7 L97-X_v6 L106-Ojr9 L115-Ihf7 L124-Wuz4 L133-Exx4 L142-Ppe9 L150-Kpa1 L26-Vls6 L35-Ene8 L44-Wff8 L53-Wsh1 L62-Hyv8 L71-Zjl8 L80-Ozo9 L89-Gdu1 L98-D_x2 L107-Nj_9 L116-Bcm5 L125-Aea4 L134-Pow1 L143-Uiz3 L151-Po_6 L27-Vls6 L36-Jns6 L45-Epd7 L54-Fih2 L63-Clp7 L72-M_x7 L81-Moa9 L90-Qeb3 L99-Wdc1 L108-Hxz0 L117-Gzu6 L126-Sgb7 L135-Ttf9 L144-Tgm0 L152-Bjc1
L1-Oss4 L10-Yrf4 L19-C_o0 L28-Whg3 L37-Cyy4 L46-V_p0 L55-Xvz6 L64-Nkd9 L73-G_u1 L82-Iav9 L91-Izl8 L100-Gur5 L109-Th_8 L118-Ae_6 L127-Cav2 L136-Q_q6 L2-Odt9 L11-Ffo9 L20-Uwx6 L29-Jyx7 L38-Yvi6 L47-Wtk3 L56-Otw3 L65-Iux4 L74-Psi8 L83-Pdm1 L92-Bf_3 L101-Cie9 L110-Ib_8 L119-Qnb3 L128-Vh_3 L137-Unx1 L145-Gxs3 L3-Ato2 L12-Ocn3 L21-Ofd2 L30-H_v1 L39-Vmf5 L48-Ihb8 L57-I_m3 L66-Aw_4 L75-Slu9 L84-Poz5 L93-Zrd5 L102-Kxi7 L111-Afl9 L120-W_x6 L129-Rdx7 L138-Xiz8 L146-Hyq0 L4-Pxj7 L13-En_2 L22-A_q7 L31-Iae9 L40-Ktr1 L49-Wpo7 L58-Nco8 L67-Zns8 L76-Vvo9 L85-Qew9 L94-Rkl4 L103-Ptz2 L112-R_y7 L121-Wgv3 L130-Jli9 L139-Kwe1 L147-Sc_3 L5-Vls6 L14-God2 L23-T_b2 L32-Thb6 L41-Kte2 L50-O_z0 L59-Isa3 L68-Aho4 L77-Ykz6 L86-Kor4 L95-Irm7 L104-Gvg6 L113-Clh6 L122-B_b8 L131-Xas7 L140-Uqc6 L148-Qgj4 L15-Vls6 L24-Ouy8 L33-Ydk4 L42-Hwx2 L51-Bff7 L60-Brp6 L69-Xgp4 L78-Ggj1 L87-A_r4 L96-Mqw6 L105-Uay4 L114-Osa1 L123-Ger3 L132-Ftm1 L141-Yzm9 L149-Fez8 L16-Vls6 L25-Pf_0 L34-Cxx9 L43-Bwo7 L52-Zhf5 L61-Gkd9 L70-Dg_7 L79-Yij3 L88-Kiy2 L97-Qut7 L106-X_v6 L115-Ojr9 L124-Ihf7 L133-Wuz4 L142-Exx4 L150-Ppe9 L35-Vls6 L44-Ene8 L53-Wff8 L62-Wsh1 L71-Hyv8 L80-Zjl8 L89-Ozo9 L98-Gdu1 L107-D_x2 L116-Nj_9 L125-Bcm5 L134-Aea4 L143-Pow1 L151-Uiz3 L36-Vls6 L45-Jns6 L54-Epd7 L63-Fih2 L72-Clp7 L81-M_x7 L90-Moa9 L99-Qeb3 L108-Wdc1 L117-Hxz0 L126-Gzu6 L135-Sgb7 L144-Ttf9 L152-Tgm0
L1-Wnk1 L10-Oss4 L19-Yrf4 L28-C_o0 L37-Whg3 L46-Cyy4 L55-V_p0 L64-Xvz6 L73-Nkd9 L82-G_u1 L91-Iav9 L100-Izl8 L109-Gur5 L118-Th_8 L127-Ae_6 L136-Cav2 L2-Gpc1 L11-Odt9 L20-Ffo9 L29-Uwx6 L38-Jyx7 L47-Yvi6 L56-Wtk3 L65-Otw3 L74-Iux4 L83-Psi8 L92-Pdm1 L101-Bf_3 L110-Cie9 L119-Ib_8 L128-Qnb3 L137-Vh_3 L145-Unx1 L3-Ubu0 L12-Ato2 L21-Ocn3 L30-Ofd2 L39-H_v1 L48-Vmf5 L57-Ihb8 L66-I_m3 L75-Aw_4 L84-Slu9 L93-Poz5 L102-Zrd5 L111-Kxi7 L120-Afl9 L129-W_x6 L138-Rdx7 L146-Xiz8 L4-Sfe9 L13-Pxj7 L22-En_2 L31-A_q7 L40-Iae9 L49-Ktr1 L58-Wpo7 L67-Nco8 L76-Zns8 L85-Vvo9 L94-Qew9 L103-Rkl4 L112-Ptz2 L121-R_y7 L130-Wgv3 L139-Jli9 L147-Kwe1 L14-Vls6 L23-God2 L32-T_b2 L41-Thb6 L50-Kte2 L59-O_z0 L68-Isa3 L77-Aho4 L86-Ykz6 L95-Kor4 L104-Irm7 L113-Gvg6 L122-Clh6 L131-B_b8 L140-Xas7 L148-Uqc6 L24-Vls6 L33-Ouy8 L42-Ydk4 L51-Hwx2 L60-Bff7 L69-Brp6 L78-Xgp4 L87-Ggj1 L96-A_r4 L105-Mqw6 L114-Uay4 L123-Osa1 L132-Ger3 L141-Ftm1 L149-Yzm9 L25-Vls6 L34-Pf_0 L43-Cxx9 L52-Bwo7 L61-Zhf5 L70-Gkd9 L79-Dg_7 L88-Yij3 L97-Kiy2 L106-Qut7 L115-X_v6 L124-Ojr9 L133-Ihf7 L142-Wuz4 L150-Exx4 L44-Vls6 L53-Ene8 L62-Wff8 L71-Wsh1 L80-Hyv8 L89-Zjl8 L98-Ozo9 L107-Gdu1 L116-D_x2 L125-Nj_9 L134-Bcm5 L143-Aea4 L151-Pow1 L45-Vls6 L54-Jns6 L63-Epd7 L72-Fih2 L81-Clp7 L90-M_x7 L99-Moa9 L108-Qeb3 L117-Wdc1 L126-Hxz0 L135-Gzu6 L144-Sgb7 L152-Ttf9
L1-Xru5 L10-Wnk1 L19-Oss4 L28-Yrf4 L37-C_o0 L46-Whg3 L55-Cyy4 L64-V_p0 L73-Xvz6 L82-Nkd9 L91-G_u1 L100-Iav9 L109-Izl8 L118-Gur5 L127-Th_8 L136-Ae_6 L2-Whz3 L11-Gpc1 L20-Odt9 L29-Ffo9 L38-Uwx6 L47-Jyx7 L56-Yvi6 L65-Wtk3 L74-Otw3 L83-Iux4 L92-Psi8 L101-Pdm1 L110-Bf_3 L119-Cie9 L128-Ib_8 L137-Qnb3 L145-Vh_3 L3-Jes6 L12-Ubu0 L21-Ato2 L30-Ocn3 L39-Ofd2 L48-H_v1 L57-Vmf5 L66-Ihb8 L75-I_m3 L84-Aw_4 L93-Slu9 L102-Poz5 L111-Zrd5 L120-Kxi7 L129-Afl9 L138-W_x6 L146-Rdx7 L4-Fko3 L13-Sfe9 L22-Pxj7 L31-En_2 L40-A_q7 L49-Iae9 L58-Ktr1 L67-Wpo7 L76-Nco8 L85-Zns8 L94-Vvo9 L103-Qew9 L112-Rkl4 L121-Ptz2 L130-R_y7 L139-Wgv3 L147-Jli9 L23-Vls6 L32-God2 L41-T_b2 L50-Thb6 L59-Kte2 L68-O_z0 L77-Isa3 L86-Aho4 L95-Ykz6 L104-Kor4 L113-Irm7 L122-Gvg6 L131-Clh6 L140-B_b8 L148-Xas7 L33-Vls6 L42-Ouy8 L51-Ydk4 L60-Hwx2 L69-Bff7 L78-Brp6 L87-Xgp4 L96-Ggj1 L105-A_r4 L114-Mqw6 L123-Uay4 L132-Osa1 L141-Ger3 L149-Ftm1 L34-Vls6 L43-Pf_0 L52-Cxx9 L61-Bwo7 L70-Zhf5 L79-Gkd9 L88-Dg_7 L97-Yij3 L106-Kiy2 L115-Qut7 L124-X_v6 L133-Ojr9 L142-Ihf7 L150-Wuz4 L53-Vls6 L62-Ene8 L71-Wff8 L80-Wsh1 L89-Hyv8 L98-Zjl8 L107-Ozo9 L116-Gdu1 L125-D_x2 L134-Nj_9 L143-Bcm5 L151-Aea4 L54-Vls6 L63-Jns6 L72-Epd7 L81-Fih2 L90-Clp7 L99-M_x7 L108-Moa9 L117-Qeb3 L126-Wdc1 L135-Hxz0 L144-Gzu6 L152-Sgb7
L1-Ssr4 L10-Xru5 L19-Wnk1 L28-Oss4 L37-Yrf4 L46-C_o0 L55-Whg3 L64-Cyy4 L73-V_p0 L82-Xvz6 L91-Nkd9 L100-G_u1 L109-Iav9 L118-Izl8 L127-Gur5 L136-Th_8 L2-Tht6 L11-Whz3 L20-Gpc1 L29-Odt9 L38-Ffo9 L47-Uwx6 L56-Jyx7 L65-Yvi6 L74-Wtk3 L83-Otw3 L92-Iux4 L101-Psi8 L110-Pdm1 L119-Bf_3 L128-Cie9 L137-Ib_8 L145-Qnb3 L3-Vls6 L12-Jes6 L21-Ubu0 L30-Ato2 L39-Ocn3 L48-Ofd2 L57-H_v1 L66-Vmf5 L75-Ihb8 L84-I_m3 L93-Aw_4 L102-Slu9 L111-Poz5 L120-Zrd5 L129-Kxi7 L138-Afl9 L146-W_x6 L4-Vls6 L13-Fko3 L22-Sfe9 L31-Pxj7 L40-En_2 L49-A_q7 L58-Iae9 L67-Ktr1 L76-Wpo7 L85-Nco8 L94-Zns8 L103-Vvo9 L112-Qew9 L121-Rkl4 L130-Ptz2 L139-R_y7 L147-Wgv3 L32-Vls6 L41-God2 L50-T_b2 L59-Thb6 L68-Kte2 L77-O_z0 L86-Isa3 L95-Aho4 L104-Ykz6 L113-Kor4 L122-Irm7 L131-Gvg6 L140-Clh6 L148-B_b8 L42-Vls6 L51-Ouy8 L60-Ydk4 L69-Hwx2 L78-Bff7 L87-Brp6 L96-Xgp4 L105-Ggj1 L114-A_r4 L123-Mqw6 L132-Uay4 L141-Osa1 L149-Ger3 L43-Vls6 L52-Pf_0 L61-Cxx9 L70-Bwo7 L79-Zhf5 L88-Gkd9 L97-Dg_7 L106-Yij3 L115-Kiy2 L124-Qut7 L133-X_v6 L142-Ojr9 L150-Ihf7 L62-Vls6 L71-Ene8 L80-Wff8 L89-Wsh1 L98-Hyv8 L107-Zjl8 L116-Ozo9 L125-Gdu1 L134-D_x2 L143-Nj_9 L151-Bcm5 L63-Vls6 L72-Jns6 L81-Epd7 L90-Fih2 L99-Clp7 L108-M_x7 L117-Moa9 L126-Qeb3 L135-Wdc1 L144-Hxz0 L152-Gzu6
L1-Bix0 L10-Ssr4 L19-Xru5 L28-Wnk1 L37-Oss4 L46-Yrf4 L55-C_o0 L64-Whg3 L73-Cyy4 L82-V_p0 L91-Xvz6 L100-Nkd9 L109-G_u1 L118-Iav9 L127-Izl8 L136-Gur5 L2-Vls6 L11-Tht6 L20-Whz3 L29-Gpc1 L38-Odt9 L47-Ffo9 L56-Uwx6 L65-Jyx7 L74-Yvi6 L83-Wtk3 L92-Otw3 L101-Iux4 L110-Psi8 L119-Pdm1 L128-Bf_3 L137-Cie9 L145-Ib_8 L12-Vls6 L21-Jes6 L30-Ubu0 L39-Ato2 L48-Ocn3 L57-Ofd2 L66-H_v1 L75-Vmf5 L84-Ihb8 L93-I_m3 L102-Aw_4 L111-Slu9 L120-Poz5 L129-Zrd5 L138-Kxi7 L146-Afl9 L13-Vls6 L22-Fko3 L31-Sfe9 L40-Pxj7 L49-En_2 L58-A_q7 L67-Iae9 L76-Ktr1 L85-Wpo7 L94-Nco8 L103-Zns8 L112-Vvo9 L121-Qew9 L130-Rkl4 L139-Ptz2 L147-R_y7 L41-Vls6 L50-God2 L59-T_b2 L68-Thb6 L77-Kte2 L86-O_z0 L95-Isa3 L104-Aho4 L113-Ykz6 L122-Kor4 L131-Irm7 L140-Gvg6 L148-Clh6 L51-Vls6 L60-Ouy8 L69-Ydk4 L78-Hwx2 L87-Bff7 L96-Brp6 L105-Xgp4 L114-Ggj1 L123-A_r4 L132-Mqw6 L141-Uay4 L149-Osa1 L52-Vls6 L61-Pf_0 L70-Cxx9 L79-Bwo7 L88-Zhf5 L97-Gkd9 L106-Dg_7 L115-Yij3 L124-Kiy2 L133-Qut7 L142-X_v6 L150-Ojr9 L71-Vls6 L80-Ene8 L89-Wff8 L98-Wsh1 L107-Hyv8 L116-Zjl8 L125-Ozo9 L134-Gdu1 L143-D_x2 L151-Nj_9 L72-Vls6 L81-Jns6 L90-Epd7 L99-Fih2 L108-Clp7 L117-M_x7 L126-Moa9 L135-Qeb3 L144-Wdc1 L152-Hxz0
L1-Vls6 L10-Bix0 L19-Ssr4 L28-Xru5 L37-Wnk1 L46-Oss4 L55-Yrf4 L64-C_o0 L73-Whg3 L82-Cyy4 L91-V_p0 L100-Xvz6 L109-Nkd9 L118-G_u1 L127-Iav9 L136-Izl8 L11-Vls6 L20-Tht6 L29-Whz3 L38-Gpc1 L47-Odt9 L56-Ffo9 L65-Uwx6 L74-Jyx7 L83-Yvi6 L92-Wtk3 L101-Otw3 L110-Iux4 L119-Psi8 L128-Pdm1 L137-Bf_3 L145-Cie9 L21-Vls6 L30-Jes6 L39-Ubu0 L48-Ato2 L57-Ocn3 L66-Ofd2 L75-H_v1 L84-Vmf5 L93-Ihb8 L102-I_m3 L111-Aw_4 L120-Slu9 L129-Poz5 L138-Zrd5 L146-Kxi7 L22-Vls6 L31-Fko3 L40-Sfe9 L49-Pxj7 L58-En_2 L67-A_q7 L76-Iae9 L85-Ktr1 L94-Wpo7 L103-Nco8 L112-Zns8 L121-Vvo9 L130-Qew9 L139-Rkl4 L147-Ptz2 L50-Vls6 L59-God2 L68-T_b2 L77-Thb6 L86-Kte2 L95-O_z0 L104-Isa3 L113-Aho4 L122-Ykz6 L131-Kor4 L140-Irm7 L148-Gvg6 L60-Vls6 L69-Ouy8 L78-Ydk4 L87-Hwx2 L96-Bff7 L105-Brp6 L114-Xgp4 L123-Ggj1 L132-A_r4 L141-Mqw6 L149-Uay4 L61-Vls6 L70-Pf_0 L79-Cxx9 L88-Bwo7 L97-Zhf5 L106-Gkd9 L115-Dg_7 L124-Yij3 L133-Kiy2 L142-Qut7 L150-X_v6 L80-Vls6 L89-Ene8 L98-Wff8 L107-Wsh1 L116-Hyv8 L125-Zjl8 L134-Ozo9 L143-Gdu1 L151-D_x2 L81-Vls6 L90-Jns6 L99-Epd7 L108-Fih2 L117-Clp7 L126-M_x7 L135-Moa9 L144-Qeb3 L152-Wdc1
L10-Vls6 L19-Bix0 L28-Ssr4 L37-Xru5 L46-Wnk1 L55-Oss4 L64-Yrf4 L73-C_o0 L82-Whg3 L91-Cyy4 L100-V_p0 L109-Xvz6 L118-Nkd9 L127-G_u1 L136-Iav9 L20-Vls6 L29-Tht6 L38-Whz3 L47-Gpc1 L56-Odt9 L65-Ffo9 L74-Uwx6 L83-Jyx7 L92-Yvi6 L101-Wtk3 L110-Otw3 L119-Iux4 L128-Psi8 L137-Pdm1 L145-Bf_3 L30-Vls6 L39-Jes6 L48-Ubu0 L57-Ato2 L66-Ocn3 L75-Ofd2 L84-H_v1 L93-Vmf5 L102-Ihb8 L111-I_m3 L120-Aw_4 L129-Slu9 L138-Poz5 L146-Zrd5 L31-Vls6 L40-Fko3 L49-Sfe9 L58-Pxj7 L67-En_2 L76-A_q7 L85-Iae9 L94-Ktr1 L103-Wpo7 L112-Nco8 L121-Zns8 L130-Vvo9 L139-Qew9 L147-Rkl4 L59-Vls6 L68-God2 L77-T_b2 L86-Thb6 L95-Kte2 L104-O_z0 L113-Isa3 L122-Aho4 L131-Ykz6 L140-Kor4 L148-Irm7 L69-Vls6 L78-Ouy8 L87-Ydk4 L96-Hwx2 L105-Bff7 L114-Brp6 L123-Xgp4 L132-Ggj1 L141-A_r4 L149-Mqw6 L70-Vls6 L79-Pf_0 L88-Cxx9 L97-Bwo7 L106-Zhf5 L115-Gkd9 L124-Dg_7 L133-Yij3 L142-Kiy2 L150-Qut7 L89-Vls6 L98-Ene8 L107-Wff8 L116-Wsh1 L125-Hyv8 L134-Zjl8 L143-Ozo9 L151-Gdu1 L90-Vls6 L99-Jns6 L108-Epd7 L117-Fih2 L126-Clp7 L135-M_x7 L144-Moa9 L152-Qeb3
L19-Vls6 L28-Bix0 L37-Ssr4 L46-Xru5 L55-Wnk1 L64-Oss4 L73-Yrf4 L82-C_o0 L91-Whg3 L100-Cyy4 L109-V_p0 L118-Xvz6 L127-Nkd9 L136-G_u1 L29-Vls6 L38-Tht6 L47-Whz3 L56-Gpc1 L65-Odt9 L74-Ffo9 L83-Uwx6 L92-Jyx7 L101-Yvi6 L110-Wtk3 L119-Otw3 L128-Iux4 L137-Psi8 L145-Pdm1 L39-Vls6 L48-Jes6 L57-Ubu0 L66-Ato2 L75-Ocn3 L84-Ofd2 L93-H_v1 L102-Vmf5 L111-Ihb8 L120-I_m3 L129-Aw_4 L138-Slu9 L146-Poz5 L40-Vls6 L49-Fko3 L58-Sfe9 L67-Pxj7 L76-En_2 L85-A_q7 L94-Iae9 L103-Ktr1 L112-Wpo7 L121-Nco8 L130-Zns8 L139-Vvo9 L147-Qew9 L68-Vls6 L77-God2 L86-T_b2 L95-Thb6 L104-Kte2 L113-O_z0 L122-Isa3 L131-Aho4 L140-Ykz6 L148-Kor4 L78-Vls6 L87-Ouy8 L96-Ydk4 L105-Hwx2 L114-Bff7 L123-Brp6 L132-Xgp4 L141-Ggj1 L149-A_r4 L79-Vls6 L88-Pf_0 L97-Cxx9 L106-Bwo7 L115-Zhf5 L124-Gkd9 L133-Dg_7 L142-Yij3 L150-Kiy2 L98-Vls6 L107-Ene8 L116-Wff8 L125-Wsh1 L134-Hyv8 L143-Zjl8 L151-Ozo9 L99-Vls6 L108-Jns6 L117-Epd7 L126-Fih2 L135-Clp7 L144-M_x7 L152-Moa9
L28-Vls6 L37-Bix0 L46-Ssr4 L55-Xru5 L64-Wnk1 L73-Oss4 L82-Yrf4 L91-C_o0 L100-Whg3 L109-Cyy4 L118-V_p0 L127-Xvz6 L136-Nkd9 L38-Vls6 L47-Tht6 L56-Whz3 L65-Gpc1 L74-Odt9 L83-Ffo9 L92-Uwx6 L101-Jyx7 L110-Yvi6 L119-Wtk3 L128-Otw3 L137-Iux4 L145-Psi8 L48-Vls6 L57-Jes6 L66-Ubu0 L75-Ato2 L84-Ocn3 L93-Ofd2 L102-H_v1 L111-Vmf5 L120-Ihb8 L129-I_m3 L138-Aw_4 L146-Slu9 L49-Vls6 L58-Fko3 L67-Sfe9 L76-Pxj7 L85-En_2 L94-A_q7 L103-Iae9 L112-Ktr1 L121-Wpo7 L130-Nco8 L139-Zns8 L147-Vvo9 L77-Vls6 L86-God2 L95-T_b2 L104-Thb6 L113-Kte2 L122-O_z0 L131-Isa3 L140-Aho4 L148-Ykz6 L87-Vls6 L96-Ouy8 L105-Ydk4 L114-Hwx2 L123-Bff7 L132-Brp6 L141-Xgp4 L149-Ggj1 L88-Vls6 L97-Pf_0 L106-Cxx9 L115-Bwo7 L124-Zhf5 L133-Gkd9 L142-Dg_7 L150-Yij3 L107-Vls6 L116-Ene8 L125-Wff8 L134-Wsh1 L143-Hyv8 L151-Zjl8 L108-Vls6 L117-Jns6 L126-Epd7 L135-Fih2 L144-Clp7 L152-M_x7
L37-Vls6 L46-Bix0 L55-Ssr4 L64-Xru5 L73-Wnk1 L82-Oss4 L91-Yrf4 L100-C_o0 L109-Whg3 L118-Cyy4 L127-V_p0 L136-Xvz6 L47-Vls6 L56-Tht6 L65-Whz3 L74-Gpc1 L83-Odt9 L92-Ffo9 L101-Uwx6 L110-Jyx7 L119-Yvi6 L128-Wtk3 L137-Otw3 L145-Iux4 L57-Vls6 L66-Jes6 L75-Ubu0 L84-Ato2 L93-Ocn3 L102-Ofd2 L111-H_v1 L120-Vmf5 L129-Ihb8 L138-I_m3 L146-Aw_4 L58-Vls6 L67-Fko3 L76-Sfe9 L85-Pxj7 L94-En_2 L103-A_q7 L112-Iae9 L121-Ktr1 L130-Wpo7 L139-Nco8 L147-Zns8 L86-Vls6 L95-God2 L104-T_b2 L113-Thb6 L122-Kte2 L131-O_z0 L140-Isa3 L148-Aho4 L96-Vls6 L105-Ouy8 L114-Ydk4 L123-Hwx2 L132-Bff7 L141-Brp6 L149-Xgp4 L97-Vls6 L106-Pf_0 L115-Cxx9 L124-Bwo7 L133-Zhf5 L142-Gkd9 L150-Dg_7 L116-Vls6 L125-Ene8 L134-Wff8 L143-Wsh1 L151-Hyv8 L117-Vls6 L126-Jns6 L135-Epd7 L144-Fih2 L152-Clp7
L46-Vls6 L55-Bix0 L64-Ssr4 L73-Xru5 L82-Wnk1 L91-Oss4 L100-Yrf4 L109-C_o0 L118-Whg3 L127-Cyy4 L136-V_p0 L56-Vls6 L65-Tht6 L74-Whz3 L83-Gpc1 L92-Odt9 L101-Ffo9 L110-Uwx6 L119-Jyx7 L128-Yvi6 L137-Wtk3 L145-Otw3 L66-Vls6 L75-Jes6 L84-Ubu0 L93-Ato2 L102-Ocn3 L111-Ofd2 L120-H_v1 L129-Vmf5 L138-Ihb8 L146-I_m3 L67-Vls6 L76-Fko3 L85-Sfe9 L94-Pxj7 L103-En_2 L112-A_q7 L121-Iae9 L130-Ktr1 L139-Wpo7 L147-Nco8 L95-Vls6 L104-God2 L113-T_b2 L122-Thb6 L131-Kte2 L140-O_z0 L148-Isa3 L105-Vls6 L114-Ouy8 L123-Ydk4 L132-Hwx2 L141-Bff7 L149-Brp6 L106-Vls6 L115-Pf_0 L124-Cxx9 L133-Bwo7 L142-Zhf5 L150-Gkd9 L125-Vls6 L134-Ene8 L143-Wff8 L151-Wsh1 L126-Vls6 L135-Jns6 L144-Epd7 L152-Fih2
L55-Vls6 L64-Bix0 L73-Ssr4 L82-Xru5 L91-Wnk1 L100-Oss4 L109-Yrf4 L118-C_o0 L127-Whg3 L136-Cyy4 L65-Vls6 L74-Tht6 L83-Whz3 L92-Gpc1 L101-Odt9 L110-Ffo9 L119-Uwx6 L128-Jyx7 L137-Yvi6 L145-Wtk3 L75-Vls6 L84-Jes6 L93-Ubu0 L102-Ato2 L111-Ocn3 L120-Ofd2 L129-H_v1 L138-Vmf5 L146-Ihb8 L76-Vls6 L85-Fko3 L94-Sfe9 L103-Pxj7 L112-En_2 L121-A_q7 L130-Iae9 L139-Ktr1 L147-Wpo7 L104-Vls6 L113-God2 L122-T_b2 L131-Thb6 L140-Kte2 L148-O_z0 L114-Vls6 L123-Ouy8 L132-Ydk4 L141-Hwx2 L149-Bff7 L115-Vls6 L124-Pf_0 L133-Cxx9 L142-Bwo7 L150-Zhf5 L134-Vls6 L143-Ene8 L151-Wff8 L135-Vls6 L144-Jns6 L152-Epd7
L64-Vls6 L73-Bix0 L82-Ssr4 L91-Xru5 L100-Wnk1 L109-Oss4 L118-Yrf4 L127-C_o0 L136-Whg3 L74-Vls6 L83-Tht6 L92-Whz3 L101-Gpc1 L110-Odt9 L119-Ffo9 L128-Uwx6 L137-Jyx7 L145-Yvi6 L84-Vls6 L93-Jes6 L102-Ubu0 L111-Ato2 L120-Ocn3 L129-Ofd2 L138-H_v1 L146-Vmf5 L85-Vls6 L94-Fko3 L103-Sfe9 L112-Pxj7 L121-En_2 L130-A_q7 L139-Iae9 L147-Ktr1 L113-Vls6 L122-God2 L131-T_b2 L140-Thb6 L148-Kte2 L123-Vls6 L132-Ouy8 L141-Ydk4 L149-Hwx2 L124-Vls6 L133-Pf_0 L142-Cxx9 L150-Bwo7 L143-Vls6 L151-Ene8 L144-Vls6 L152-Jns6
L73-Vls6 L82-Bix0 L91-Ssr4 L100-Xru5 L109-Wnk1 L118-Oss4 L127-Yrf4 L136-C_o0 L83-Vls6 L92-Tht6 L101-Whz3 L110-Gpc1 L119-Odt9 L128-Ffo9 L137-Uwx6 L145-Jyx7 L93-Vls6 L102-Jes6 L111-Ubu0 L120-Ato2 L129-Ocn3 L138-Ofd2 L146-H_v1 L94-Vls6 L103-Fko3 L112-Sfe9 L121-Pxj7 L130-En_2 L139-A_q7 L147-Iae9 L122-Vls6 L131-God2 L140-T_b2 L148-Thb6 L132-Vls6 L141-Ouy8 L149-Ydk4 L133-Vls6 L142-Pf_0 L150-Cxx9 L151-Vls6 L152-Vls6
L82-Vls6 L91-Bix0 L100-Ssr4 L109-Xru5 L118-Wnk1 L127-Oss4 L136-Yrf4 L92-Vls6 L101-Tht6 L110-Whz3 L119-Gpc1 L128-Odt9 L137-Ffo9 L145-Uwx6 L102-Vls6 L111-Jes6 L120-Ubu0 L129-Ato2 L138-Ocn3 L146-Ofd2 L103-Vls6 L112-Fko3 L121-Sfe9 L130-Pxj7 L139-En_2 L147-A_q7 L131-Vls6 L140-God2 L148-T_b2 L141-Vls6 L149-Ouy8 L142-Vls6 L150-Pf_0
L91-Vls6 L100-Bix0 L109-Ssr4 L118-Xru5 L127-Wnk1 L136-Oss4 L101-Vls6 L110-Tht6 L119-Whz3 L128-Gpc1 L137-Odt9 L145-Ffo9 L111-Vls6 L120-Jes6 L129-Ubu0 L138-Ato2 L146-Ocn3 L112-Vls6 L121-Fko3 L130-Sfe9 L139-Pxj7 L147-En_2 L140-Vls6 L148-God2 L149-Vls6 L150-Vls6
L100-Vls6 L109-Bix0 L118-Ssr4 L127-Xru5 L136-Wnk1 L110-Vls6 L119-Tht6 L128-Whz3 L137-Gpc1 L145-Odt9 L120-Vls6 L129-Jes6 L138-Ubu0 L146-Ato2 L121-Vls6 L130-Fko3 L139-Sfe9 L147-Pxj7 L148-Vls6
L109-Vls6 L118-Bix0 L127-Ssr4 L136-Xru5 L119-Vls6 L128-Tht6 L137-Whz3 L145-Gpc1 L129-Vls6 L138-Jes6 L146-Ubu0 L130-Vls6 L139-Fko3 L147-Sfe9
L118-Vls6 L127-Bix0 L136-Ssr4 L128-Vls6 L137-Tht6 L145-Whz3 L138-Vls6 L146-Jes6 L139-Vls6 L147-Fko3
L127-Vls6 L136-Bix0 L137-Vls6 L145-Tht6 L146-Vls6 L147-Vls6
L136-Vls6 L145-Vls6
