122
#Here is the number of lines required: 31
##start
Gjc5 1 1
##end
Gc_1 4 4
V__5 6 6
Pxj1 9 9
Stl2 12 12
Vof7 13 13
Fne7 16 16
A_w3 18 18
Hki6 22 22
Jx_4 27 27
Xuf9 31 31
Pgr5 34 34
Zgg1 36 36
Vba3 39 39
Yeh1 40 40
T_w4 42 42
Geq5 45 45
Eri2 48 48
A_x7 50 50
Pzx9 53 53
Puk8 58 58
W_s9 61 61
Zjt7 64 64
Seu4 67 67
F_u3 70 70
Uri4 74 74
Qua4 77 77
Kvw5 81 81
Rbi4 85 85
Mvx5 89 89
Pf_0 93 93
Mtb2 96 96
Jqr3 99 99
Iny4 103 103
Fsh1 108 108
Qgn2 110 110
Grk4 113 113
Afw0 116 116
A_x9 119 119
Spb3 121 121
Enx7 124 124
Ryw6 126 126
Efk5 128 128
Qne1 131 131
Qj_2 133 133
Woe4 136 136
Xfz5 139 139
Den9 143 143
Zbe0 148 148
Ojx4 152 152
Ysz9 156 156
Hxs6 159 159
Bth0 162 162
J_j1 165 165
Sfa3 167 167
Bkm6 168 168
Mth5 172 172
Cje5 176 176
Npb5 177 177
Dbf2 178 178
Bpa1 181 181
I_s7 185 185
H_s7 189 189
Zjn0 192 192
Nbb9 197 197
Edc4 200 200
Qeu3 205 205
Dtg3 209 209
Wph9 211 211
Wkx3 213 213
Xys7 215 215
Btr8 217 217
Cyv0 222 222
Z_k1 227 227
Kvr3 229 229
Crk8 233 233
Hsm9 235 235
Hqt4 238 238
Mrd1 241 241
Kzj0 244 244
Rfs5 246 246
Nji0 251 251
Sfk5 255 255
Y_x9 256 256
Fxa3 260 260
Rxc9 265 265
Qf_3 270 270
Bdv6 273 273
Ksx0 277 277
G_n0 279 279
Az_1 281 281
Bsv6 284 284
X_v6 288 288
Vhx2 290 290
Hfd6 294 294
Sbq2 298 298
Obq3 300 300
Amn3 303 303
Ods7 308 308
G_v1 312 312
Puf1 313 313
Ktg0 315 315
Bol3 318 318
Mle8 321 321
Vft0 325 325
C_z7 328 328
Jnt1 330 330
Uxg6 333 333
Pn_7 335 335
Zhq7 338 338
Plq2 339 339
Pbm9 341 341
T_k3 345 345
Ir_9 346 346
Hyw8 350 350
Noi2 354 354
Wdk1 357 357
As_7 361 361
Iyo9 363 363
Ryu0 368 368
Ptg8 371 371
Ars8 376 376
O_k9 378 378
Tjk7 381 381
Fd_6 382 382
Ofu9 385 385
Enh3 387 387
Rls3 389 389
Hvc0 394 394
No_1 397 397
Nvu6 401 401
Hnz4 402 402
Mzo7 405 405
Djz8 409 409
Rds3 412 412
Alt8 413 413
Kbw8 416 416
Gui1 419 419
B_r4 423 423
Pqe7 426 426
B__2 429 429
Fwf4 432 432
No_5 435 435
Nz_5 436 436
Qdo5 440 440
Yhg2 443 443
Ftf1 447 447
Roi4 451 451
Qfu4 454 454
J_t6 457 457
S_h0 461 461
So_8 465 465
Fof3 466 466
Smz8 469 469
Xnr9 472 472
Ejy4 476 476
Jhq3 478 478
Vfh6 481 481
Shv6 484 484
Ifg6 485 485
Zbs4 488 488
Nzb6 491 491
Khl0 495 495
Bor8 498 498
Rdw9 502 502
Fpz4 506 506
Thr4 509 509
Snd2 512 512
Kvw8 515 515
Rmq6 517 517
Ptr8 520 520
Ukz4 523 523
Cuw9 524 524
Zyt4 525 525
Rmf2 528 528
Xaz6 531 531
Ifq5 533 533
Fda5 536 536
Hxs1 539 539
Wav7 541 541
Bfs1 542 542
Gti0 547 547
Wzo1 549 549
Xoi9 552 552
B_x9 555 555
I_p6 559 559
Rbg1 562 562
Iax9 566 566
Dah8 568 568
Sfe4 573 573
Gyh6 576 576
Cnb3 579 579
Qmh7 583 583
Trz6 587 587
Srz5 589 589
Wnx7 593 593
Vya8 596 596
Mwq0 602 602
Ixf3 603 603
Gj_6 608 608
Nar5 613 613
Ju_4 618 618
G_x8 620 620
Cuk4 622 622
Kjt5 627 627
Xjx3 629 629
Gxk7 633 633
Uhp8 636 636
Xis0 637 637
Hsv9 641 641
Her0 644 644
Pkh1 649 649
Dnk9 650 650
Mlv1 654 654
Agg5 655 655
Nrv1 657 657
Xyw5 660 660
Fvh0 664 664
Uuj0 666 666
E_i7 668 668
Erv4 671 671
Ahb8 674 674
X_g7 676 676
Bcq3 678 678
Jbz6 682 682
Xey2 684 684
Usy9 686 686
Avh8 691 691
Ekf2 693 693
Kfj3 695 695
Mlu6 696 696
Ycs0 700 700
Day1 701 701
Mtr6 703 703
Jn_6 708 708
Hwo6 712 712
Zqx4 715 715
Jt_1 716 716
Hwc2 717 717
Pc_0 720 720
Vxb0 725 725
If_7 727 727
Gc_0 729 729
Bso2 730 730
F_h3 734 734
Hxl9 739 739
Gwh6 742 742
Pyq3 745 745
Uz_8 748 748
A_u5 750 750
Mgt4 754 754
Prc9 757 757
Gnm6 760 760
Vi_6 762 762
E_v9 764 764
B_x1 766 766
Jlf7 770 770
Zpd2 772 772
Dxb7 775 775
Noh5 776 776
Wql4 779 779
Qvt9 784 784
Qre0 787 787
Tyo1 792 792
Jhl8 795 795
Yyg6 796 796
Bzd4 800 800
Szs0 804 804
Vrw3 807 807
Sxg4 809 809
Egf2 814 814
Hhz7 816 816
P_v7 820 820
Hv_9 821 821
Tmn7 825 825
Csr1 826 826
Eqe5 831 831
Cvw3 835 835
Mji9 837 837
B_g1 841 841
Evp0 843 843
K__0 846 846
Wm_6 847 847
Uhv6 848 848
Qmy0 851 851
Jzw1 854 854
V_a8 858 858
Pjf5 860 860
Vmh3 864 864
Psy2 867 867
An_2 871 871
Psq2 875 875
Vab7 877 877
Jm_9 881 881
Yna9 884 884
Zjb6 886 886
Vaz4 889 889
Who7 891 891
Ruu4 892 892
Asd5 896 896
Qkh1 898 898
Ywa2 899 899
Grq0 902 902
Xfs4 904 904
Hvo6 909 909
I_j5 910 910
Zsy1 912 912
Mso2 915 915
Dhe1 917 917
Qrq0 922 922
J_d4 926 926
Nf_9 929 929
Fvn2 931 931
Izm0 935 935
Yxn1 937 937
Efw9 941 941
Tov9 944 944
Koq8 947 947
Ecx9 950 950
Cvj5 953 953
Jwo0 957 957
Kki8 959 959
Idn1 963 963
Jbt1 964 964
Wxp8 967 967
Abd3 972 972
Dyi4 976 976
Sgq9 979 979
Pmm9 981 981
Jvq8 984 984
Re_8 987 987
Ftu0 989 989
Bwf1 992 992
Glo4 995 995
Nuo4 999 999
K__2 1004 1004
Hh_3 1008 1008
Wic9 1010 1010
Vzm3 1013 1013
Grs1 1016 1016
Xla3 1019 1019
Xls9 1022 1022
Glq2 1027 1027
Cqm7 1028 1028
F_k4 1031 1031
Gax3 1035 1035
Gzd7 1038 1038
Wmk1 1041 1041
Vbm3 1044 1044
Czu6 1049 1049
Zmu4 1053 1053
Nsu5 1055 1055
Ard6 1059 1059
Osl5 1063 1063
Deo1 1068 1068
Wpx7 1072 1072
Jrc6 1075 1075
Fjc4 1078 1078
Pdh0 1082 1082
Ndm8 1085 1085
Dme8 1089 1089
Mib5 1090 1090
Jcf9 1093 1093
Gvn8 1097 1097
J_i9 1100 1100
Rim4 1104 1104
Buy0 1107 1107
Mep8 1108 1108
Hoe8 1112 1112
Veb9 1115 1115
Skc0 1117 1117
Egd8 1120 1120
Nxr4 1123 1123
Fcv4 1127 1127
Inq8 1129 1129
Sle0 1134 1134
Tkk1 1136 1136
Tta9 1140 1140
W_f5 1143 1143
Uyc7 1147 1147
Gxp2 1151 1151
Sxv9 1154 1154
Cae6 1158 1158
Uh_6 1160 1160
Nmb3 1161 1161
Icb0 1163 1163
Pza2 1166 1166
Zhm9 1167 1167
Rcy9 1170 1170
Fkp4 1171 1171
O_n2 1174 1174
Vzg5 1177 1177
Dsh7 1180 1180
Mkb3 1181 1181
Udx3 1186 1186
Vhb7 1188 1188
Gyb4 1192 1192
Nur5 1194 1194
Pin6 1198 1198
Bzq7 1202 1202
Kzl9 1206 1206
Bnx4 1209 1209
R_u9 1212 1212
Jrp6 1216 1216
Nou1 1219 1219
Ihn9 1224 1224
Hm_2 1228 1228
Jdy0 1231 1231
Gip3 1235 1235
Wcp8 1238 1238
Wgw9 1242 1242
Bmr1 1246 1246
F_x4 1251 1251
Qoo0 1254 1254
Emr3 1257 1257
Uya7 1261 1261
Jxp9 1264 1264
Och9 1268 1268
Skc0-Och9
Wgw9-Jxp9
Ojx4-Uya7
Pgr5-Fne7
Nji0-Emr3
Yyg6-Qoo0
T_k3-Hki6
Cqm7-Jx_4
Hxs1-Wgw9
Re_8-Wcp8
Mlv1-Zgg1
J_d4-Jdy0
Ekf2-Vba3
Noi2-Hm_2
Ars8-Ihn9
Jnt1-Nou1
Uhv6-A_x7
Fvn2-Kzl9
Osl5-Bzq7
Zpd2-Zjt7
Hyw8-Seu4
J_i9-Uri4
Rbg1-Nur5
Nxr4-Vhb7
Zbs4-Rbi4
Iny4-Udx3
Ndm8-Pf_0
Rbg1-Vzg5
Y_x9-O_n2
Z_k1-Fkp4
Nz_5-Rcy9
S_h0-Zhm9
Qmy0-Pza2
Hsv9-Nmb3
Vaz4-Iny4
Alt8-Fsh1
Wql4-Qgn2
Vmh3-Grk4
Gxp2-Sxv9
Enx7-Spb3
Tta9-Ryw6
Tkk1-Tta9
Efk5-Sle0
Fcv4-Qne1
Egd8-Nxr4
Veb9-Skc0
Hoe8-Veb9
Mep8-Hoe8
Jcf9-Gvn8
Xfz5-Jcf9
Den9-Xfz5
Fjc4-Pdh0
Zbe0-Fjc4
Jrc6-Hxs6
Bth0-Wpx7
J_j1-Gc_1
Deo1-J_j1
Osl5-Deo1
Sfa3-Osl5
Ard6-Sfa3
Nsu5-Ard6
Czu6-Bkm6
Mth5-Czu6
Cje5-Mth5
Vbm3-I_s7
Zjn0-Wmk1
Gax3-Gzd7
F_k4-Nbb9
Edc4-F_k4
Xls9-Glq2
Btr8-Grs1
Hh_3-Gc_1
K__2-Hh_3
Glo4-Nuo4
Bwf1-Glo4
Ftu0-Bwf1
Z_k1-Ftu0
Re_8-Z_k1
Jvq8-Re_8
Crk8-Sgq9
Wxp8-Hsm9
Jbt1-Wxp8
Idn1-Jbt1
Ecx9-Cvj5
Rfs5-Ecx9
Koq8-Rfs5
Efw9-Nji0
Yxn1-Sfk5
Qrq0-J_d4
Dhe1-Qrq0
Mso2-Y_x9
Gjc5-Mso2
I_j5-Zsy1
Qf_3-Rxc9
Bdv6-Hvo6
Grq0-Ksx0
G_n0-Grq0
Ywa2-G_n0
Az_1-Ywa2
Qkh1-Bsv6
X_v6-Qkh1
Asd5-X_v6
Ruu4-Asd5
Gjc5-Hfd6
Sbq2-Gc_1
Who7-Sbq2
Zjb6-Vaz4
Obq3-Zjb6
Amn3-Obq3
Yna9-Amn3
Vab7-Jm_9
G_v1-An_2
Psy2-Ktg0
Bol3-Psy2
Vmh3-Bol3
Vft0-Mle8
Pjf5-C_z7
Zhq7-Pn_7
Uhv6-Zhq7
Wm_6-Plq2
Pbm9-Wm_6
Ir_9-K__0
Noi2-Hyw8
Mji9-B_g1
Ptg8-Ryu0
Gjc5-Ptg8
Ars8-Gc_1
Fd_6-Tjk7
Ofu9-Cvw3
Rls3-Eqe5
Hvc0-Csr1
Tmn7-Hvc0
P_v7-Hv_9
No_1-P_v7
Mzo7-Hhz7
Egf2-Djz8
Vrw3-Sxg4
Rds3-Vrw3
Jhl8-Yyg6
Tyo1-Gui1
Pqe7-B_r4
Fwf4-B__2
Noh5-Wql4
No_5-Noh5
Dxb7-No_5
Gjc5-Nz_5
Zpd2-Vya8
Qdo5-Zpd2
Jlf7-Qdo5
E_v9-Yhg2
Ftf1-Vi_6
Roi4-Ftf1
Gnm6-Roi4
S_h0-J_t6
So_8-S_h0
Prc9-Gc_1
Smz8-Uz_8
Pyq3-Ejy4
Gwh6-Pyq3
F_h3-Hxl9
Bso2-F_h3
If_7-Vfh6
Vxb0-If_7
Shv6-Vxb0
Khl0-Nzb6
Bor8-Hwc2
Rdw9-Bor8
Jt_1-Rdw9
Zqx4-Fpz4
Hwo6-Zqx4
Jn_6-Hwo6
Thr4-Jn_6
Mtr6-Thr4
Kvw8-Snd2
Rmq6-Kvw8
Ptr8-Day1
Ycs0-Ptr8
Gjc5-Ukz4
Ekf2-Gc_1
Zyt4-Cuw9
Avh8-Xaz6
Ifq5-Avh8
Usy9-Ifq5
Bcq3-Jbz6
X_g7-Bcq3
Wav7-X_g7
E_i7-Erv4
Uuj0-Gc_1
Fvh0-Gti0
Mlv1-Agg5
Dnk9-Mlv1
Xoi9-Dnk9
B_x9-Xoi9
Pkh1-B_x9
Her0-Pkh1
Uhp8-Xis0
Sfe4-Dah8
Gyh6-Sfe4
Cnb3-Gyh6
G_x8-Cuk4
Nar5-Ju_4
Gj_6-Nar5
Ixf3-Gj_6
Qmh7-Ixf3
Mwq0-Qmh7
Trz6-Mwq0
Gjc5-Wnx7
Wnx7-Srz5
Srz5-Trz6
Ju_4-G_x8
Cuk4-Cnb3
Dah8-Kjt5
Kjt5-Xjx3
Xjx3-Iax9
Iax9-Rbg1
Rbg1-Gxk7
Gxk7-Gc_1
Gjc5-Uhp8
Xis0-Hsv9
Hsv9-I_p6
I_p6-Her0
Agg5-Nrv1
Nrv1-Xyw5
Xyw5-Wzo1
Wzo1-Fvh0
Gti0-Bfs1
Bfs1-Uuj0
Gjc5-E_i7
Erv4-Ahb8
Ahb8-Wav7
Jbz6-Xey2
Xey2-Hxs1
Hxs1-Fda5
Fda5-Usy9
Xaz6-Rmf2
Rmf2-Zyt4
Cuw9-Ekf2
Ukz4-Kfj3
Kfj3-Mlu6
Mlu6-Ycs0
Day1-Rmq6
Snd2-Mtr6
Fpz4-Jt_1
Hwc2-Khl0
Nzb6-Gc_1
Gjc5-Pc_0
Pc_0-Zbs4
Zbs4-Ifg6
Ifg6-Shv6
Vfh6-Gc_0
Gc_0-Bso2
Hxl9-Jhq3
Jhq3-Gwh6
Ejy4-Xnr9
Xnr9-Smz8
Uz_8-A_u5
A_u5-Mgt4
Mgt4-Fof3
Fof3-Prc9
Gjc5-So_8
J_t6-Qfu4
Qfu4-Gnm6
Vi_6-E_v9
Yhg2-B_x1
B_x1-Jlf7
Vya8-Gc_1
Nz_5-Dxb7
Wql4-Fwf4
B__2-Pqe7
B_r4-Qvt9
Qvt9-Qre0
Qre0-Tyo1
Gui1-Kbw8
Kbw8-Alt8
Alt8-Jhl8
Yyg6-Bzd4
Bzd4-Szs0
Szs0-Rds3
Sxg4-Gc_1
Gjc5-Egf2
Djz8-Mzo7
Hhz7-Hnz4
Hnz4-Nvu6
Nvu6-No_1
Hv_9-Tmn7
Csr1-Rls3
Eqe5-Enh3
Enh3-Ofu9
Cvw3-Fd_6
Tjk7-O_k9
O_k9-Ars8
Ryu0-Iyo9
Iyo9-As_7
As_7-Mji9
B_g1-Wdk1
Wdk1-Evp0
Evp0-Noi2
Hyw8-Ir_9
K__0-T_k3
T_k3-Pbm9
Plq2-Uhv6
Pn_7-Qmy0
Qmy0-Jzw1
Jzw1-V_a8
V_a8-Gc_1
Gjc5-Uxg6
Uxg6-Jnt1
Jnt1-Pjf5
C_z7-Vft0
Mle8-Vmh3
Ktg0-Puf1
Puf1-G_v1
An_2-Psq2
Psq2-Vab7
Jm_9-Ods7
Ods7-Yna9
Vaz4-Who7
Hfd6-Vhx2
Vhx2-Ruu4
Bsv6-Az_1
Ksx0-Xfs4
Xfs4-Bdv6
Hvo6-Qf_3
Rxc9-I_j5
Zsy1-Fxa3
Fxa3-Gc_1
Y_x9-Dhe1
J_d4-Nf_9
Nf_9-Fvn2
Fvn2-Izm0
Izm0-Yxn1
Sfk5-Efw9
Nji0-Tov9
Tov9-Koq8
Cvj5-Kzj0
Kzj0-Mrd1
Mrd1-Jwo0
Jwo0-Kki8
Kki8-Gc_1
Gjc5-Hqt4
Hqt4-Idn1
Hsm9-Abd3
Abd3-Dyi4
Dyi4-Crk8
Sgq9-Kvr3
Kvr3-Pmm9
Pmm9-Jvq8
Nuo4-K__2
Gjc5-Wic9
Wic9-Vzm3
Vzm3-Cyv0
Cyv0-Btr8
Grs1-Xys7
Xys7-Xla3
Xla3-Wkx3
Wkx3-Xls9
Glq2-Wph9
Wph9-Dtg3
Dtg3-Cqm7
Cqm7-Qeu3
Qeu3-Edc4
Nbb9-Gax3
Gzd7-Zjn0
Wmk1-H_s7
H_s7-Vbm3
I_s7-Bpa1
Bpa1-Dbf2
Dbf2-Npb5
Npb5-Cje5
Bkm6-Zmu4
Zmu4-Nsu5
Gjc5-Bth0
Wpx7-Jrc6
Hxs6-Ysz9
Ysz9-Ojx4
Ojx4-Zbe0
Pdh0-Ndm8
Ndm8-Dme8
Dme8-Mib5
Mib5-Den9
Gvn8-Woe4
Woe4-J_i9
J_i9-Rim4
Rim4-Qj_2
Qj_2-Buy0
Buy0-Mep8
Skc0-Egd8
Nxr4-Fcv4
Qne1-Inq8
Inq8-Efk5
Sle0-Tkk1
Ryw6-Enx7
Spb3-A_x9
A_x9-W_f5
W_f5-Uyc7
Uyc7-Gxp2
Sxv9-Afw0
Afw0-Gc_1
Jm_9-Cae6
Nzb6-Uh_6
Jwo0-Icb0
Vbm3-Jqr3
Srz5-Mtb2
Zpd2-Dsh7
B__2-Mvx5
Fd_6-Mkb3
K__2-Gyb4
Rds3-Kvw5
Icb0-Qua4
Hsv9-F_u3
Ksx0-W_s9
If_7-Pin6
Vrw3-Puk8
Qdo5-Bnx4
Kvw8-R_u9
Vaz4-Jrp6
Vmh3-Pzx9
Iyo9-Eri2
Jzw1-Geq5
Evp0-T_w4
Uri4-Yeh1
Ecx9-Gip3
Alt8-Pgr5
Den9-Xuf9
Xla3-Bmr1
Qfu4-A_w3
Spb3-F_x4
Her0-Vof7
B_r4-Stl2
Hnz4-Pxj1
So_8-V__5
#Here is the number of lines required: 31

L1-Pc_0 L2-Nz_5 L3-Ptg8 L4-Egf2 L5-Ukz4 L6-Mso2 L7-Hqt4 L8-Wnx7 L9-Hfd6 L10-E_i7 L11-Uhp8 L12-So_8
L1-Zbs4 L13-Pc_0 L2-Dxb7 L14-Nz_5 L3-Ryu0 L15-Ptg8 L4-Djz8 L16-Egf2 L5-Kfj3 L17-Ukz4 L6-Y_x9 L18-Mso2 L7-Idn1 L19-Hqt4 L8-Srz5 L20-Wnx7 L9-Vhx2 L21-Hfd6 L10-Erv4 L22-E_i7 L11-Xis0 L23-Uhp8 L12-S_h0 L24-So_8
L1-Ifg6 L13-Zbs4 L25-Pc_0 L2-No_5 L14-Dxb7 L26-Nz_5 L3-Iyo9 L15-Ryu0 L27-Ptg8 L4-Mzo7 L16-Djz8 L28-Egf2 L5-Mlu6 L17-Kfj3 L29-Ukz4 L6-Dhe1 L18-Y_x9 L30-Mso2 L7-Jbt1 L19-Idn1 L31-Hqt4 L8-Trz6 L20-Srz5 L32-Wnx7 L9-Ruu4 L21-Vhx2 L33-Hfd6 L10-Ahb8 L22-Erv4 L34-E_i7 L11-Hsv9 L23-Xis0 L35-Uhp8 L12-J_t6 L24-S_h0 L36-So_8
L1-Shv6 L13-Ifg6 L25-Zbs4 L37-Pc_0 L2-Noh5 L14-No_5 L26-Dxb7 L38-Nz_5 L3-As_7 L15-Iyo9 L27-Ryu0 L39-Ptg8 L4-Hhz7 L16-Mzo7 L28-Djz8 L40-Egf2 L5-Ycs0 L17-Mlu6 L29-Kfj3 L41-Ukz4 L6-Qrq0 L18-Dhe1 L30-Y_x9 L42-Mso2 L7-Wxp8 L19-Jbt1 L31-Idn1 L43-Hqt4 L8-Mwq0 L20-Trz6 L32-Srz5 L44-Wnx7 L9-Asd5 L21-Ruu4 L33-Vhx2 L45-Hfd6 L10-Wav7 L22-Ahb8 L34-Erv4 L46-E_i7 L11-I_p6 L23-Hsv9 L35-Xis0 L47-Uhp8 L12-Qfu4 L24-J_t6 L36-S_h0 L48-So_8
L1-Vxb0 L13-Shv6 L25-Ifg6 L37-Zbs4 L49-Pc_0 L2-Wql4 L14-Noh5 L26-No_5 L38-Dxb7 L50-Nz_5 L3-Mji9 L15-As_7 L27-Iyo9 L39-Ryu0 L51-Ptg8 L4-Hnz4 L16-Hhz7 L28-Mzo7 L40-Djz8 L52-Egf2 L5-Ptr8 L17-Ycs0 L29-Mlu6 L41-Kfj3 L53-Ukz4 L6-J_d4 L18-Qrq0 L30-Dhe1 L42-Y_x9 L54-Mso2 L7-Hsm9 L19-Wxp8 L31-Jbt1 L43-Idn1 L55-Hqt4 L8-Qmh7 L20-Mwq0 L32-Trz6 L44-Srz5 L56-Wnx7 L9-X_v6 L21-Asd5 L33-Ruu4 L45-Vhx2 L57-Hfd6 L10-X_g7 L22-Wav7 L34-Ahb8 L46-Erv4 L58-E_i7 L11-Her0 L23-I_p6 L35-Hsv9 L47-Xis0 L59-Uhp8 L12-Gnm6 L24-Qfu4 L36-J_t6 L48-S_h0 L60-So_8
L1-If_7 L13-Vxb0 L25-Shv6 L37-Ifg6 L49-Zbs4 L61-Pc_0 L2-Fwf4 L14-Wql4 L26-Noh5 L38-No_5 L50-Dxb7 L62-Nz_5 L3-B_g1 L15-Mji9 L27-As_7 L39-Iyo9 L51-Ryu0 L63-Ptg8 L4-Nvu6 L16-Hnz4 L28-Hhz7 L40-Mzo7 L52-Djz8 L64-Egf2 L5-Day1 L17-Ptr8 L29-Ycs0 L41-Mlu6 L53-Kfj3 L65-Ukz4 L6-Nf_9 L18-J_d4 L30-Qrq0 L42-Dhe1 L54-Y_x9 L66-Mso2 L7-Abd3 L19-Hsm9 L31-Wxp8 L43-Jbt1 L55-Idn1 L67-Hqt4 L8-Ixf3 L20-Qmh7 L32-Mwq0 L44-Trz6 L56-Srz5 L68-Wnx7 L9-Qkh1 L21-X_v6 L33-Asd5 L45-Ruu4 L57-Vhx2 L69-Hfd6 L10-Bcq3 L22-X_g7 L34-Wav7 L46-Ahb8 L58-Erv4 L70-E_i7 L11-Pkh1 L23-Her0 L35-I_p6 L47-Hsv9 L59-Xis0 L71-Uhp8 L12-Roi4 L24-Gnm6 L36-Qfu4 L48-J_t6 L60-S_h0 L72-So_8
L1-Vfh6 L13-If_7 L25-Vxb0 L37-Shv6 L49-Ifg6 L61-Zbs4 L73-Pc_0 L2-B__2 L14-Fwf4 L26-Wql4 L38-Noh5 L50-No_5 L62-Dxb7 L74-Nz_5 L3-Wdk1 L15-B_g1 L27-Mji9 L39-As_7 L51-Iyo9 L63-Ryu0 L75-Ptg8 L4-No_1 L16-Nvu6 L28-Hnz4 L40-Hhz7 L52-Mzo7 L64-Djz8 L76-Egf2 L5-Rmq6 L17-Day1 L29-Ptr8 L41-Ycs0 L53-Mlu6 L65-Kfj3 L77-Ukz4 L6-Fvn2 L18-Nf_9 L30-J_d4 L42-Qrq0 L54-Dhe1 L66-Y_x9 L78-Mso2 L7-Dyi4 L19-Abd3 L31-Hsm9 L43-Wxp8 L55-Jbt1 L67-Idn1 L79-Hqt4 L8-Gj_6 L20-Ixf3 L32-Qmh7 L44-Mwq0 L56-Trz6 L68-Srz5 L80-Wnx7 L9-Bsv6 L21-Qkh1 L33-X_v6 L45-Asd5 L57-Ruu4 L69-Vhx2 L81-Hfd6 L10-Jbz6 L22-Bcq3 L34-X_g7 L46-Wav7 L58-Ahb8 L70-Erv4 L82-E_i7 L11-B_x9 L23-Pkh1 L35-Her0 L47-I_p6 L59-Hsv9 L71-Xis0 L83-Uhp8 L12-Ftf1 L24-Roi4 L36-Gnm6 L48-Qfu4 L60-J_t6 L72-S_h0 L84-So_8
L1-Gc_0 L13-Vfh6 L25-If_7 L37-Vxb0 L49-Shv6 L61-Ifg6 L73-Zbs4 L85-Pc_0 L2-Pqe7 L14-B__2 L26-Fwf4 L38-Wql4 L50-Noh5 L62-No_5 L74-Dxb7 L86-Nz_5 L3-Evp0 L15-Wdk1 L27-B_g1 L39-Mji9 L51-As_7 L63-Iyo9 L75-Ryu0 L87-Ptg8 L4-P_v7 L16-No_1 L28-Nvu6 L40-Hnz4 L52-Hhz7 L64-Mzo7 L76-Djz8 L88-Egf2 L5-Kvw8 L17-Rmq6 L29-Day1 L41-Ptr8 L53-Ycs0 L65-Mlu6 L77-Kfj3 L89-Ukz4 L6-Izm0 L18-Fvn2 L30-Nf_9 L42-J_d4 L54-Qrq0 L66-Dhe1 L78-Y_x9 L90-Mso2 L7-Crk8 L19-Dyi4 L31-Abd3 L43-Hsm9 L55-Wxp8 L67-Jbt1 L79-Idn1 L91-Hqt4 L8-Nar5 L20-Gj_6 L32-Ixf3 L44-Qmh7 L56-Mwq0 L68-Trz6 L80-Srz5 L92-Wnx7 L9-Az_1 L21-Bsv6 L33-Qkh1 L45-X_v6 L57-Asd5 L69-Ruu4 L81-Vhx2 L93-Hfd6 L10-Xey2 L22-Jbz6 L34-Bcq3 L46-X_g7 L58-Wav7 L70-Ahb8 L82-Erv4 L94-E_i7 L11-Xoi9 L23-B_x9 L35-Pkh1 L47-Her0 L59-I_p6 L71-Hsv9 L83-Xis0 L95-Uhp8 L12-Vi_6 L24-Ftf1 L36-Roi4 L48-Gnm6 L60-Qfu4 L72-J_t6 L84-S_h0 L96-So_8
L1-Bso2 L13-Gc_0 L25-Vfh6 L37-If_7 L49-Vxb0 L61-Shv6 L73-Ifg6 L85-Zbs4 L97-Pc_0 L2-B_r4 L14-Pqe7 L26-B__2 L38-Fwf4 L50-Wql4 L62-Noh5 L74-No_5 L86-Dxb7 L98-Nz_5 L3-Noi2 L15-Evp0 L27-Wdk1 L39-B_g1 L51-Mji9 L63-As_7 L75-Iyo9 L87-Ryu0 L99-Ptg8 L4-Hv_9 L16-P_v7 L28-No_1 L40-Nvu6 L52-Hnz4 L64-Hhz7 L76-Mzo7 L88-Djz8 L100-Egf2 L5-Snd2 L17-Kvw8 L29-Rmq6 L41-Day1 L53-Ptr8 L65-Ycs0 L77-Mlu6 L89-Kfj3 L101-Ukz4 L6-Yxn1 L18-Izm0 L30-Fvn2 L42-Nf_9 L54-J_d4 L66-Qrq0 L78-Dhe1 L90-Y_x9 L102-Mso2 L7-Sgq9 L19-Crk8 L31-Dyi4 L43-Abd3 L55-Hsm9 L67-Wxp8 L79-Jbt1 L91-Idn1 L103-Hqt4 L8-Ju_4 L20-Nar5 L32-Gj_6 L44-Ixf3 L56-Qmh7 L68-Mwq0 L80-Trz6 L92-Srz5 L104-Wnx7 L9-Ywa2 L21-Az_1 L33-Bsv6 L45-Qkh1 L57-X_v6 L69-Asd5 L81-Ruu4 L93-Vhx2 L105-Hfd6 L10-Hxs1 L22-Xey2 L34-Jbz6 L46-Bcq3 L58-X_g7 L70-Wav7 L82-Ahb8 L94-Erv4 L106-E_i7 L11-Dnk9 L23-Xoi9 L35-B_x9 L47-Pkh1 L59-Her0 L71-I_p6 L83-Hsv9 L95-Xis0 L107-Uhp8 L12-E_v9 L24-Vi_6 L36-Ftf1 L48-Roi4 L60-Gnm6 L72-Qfu4 L84-J_t6 L96-S_h0 L108-So_8
L1-F_h3 L13-Bso2 L25-Gc_0 L37-Vfh6 L49-If_7 L61-Vxb0 L73-Shv6 L85-Ifg6 L97-Zbs4 L109-Pc_0 L2-Qvt9 L14-B_r4 L26-Pqe7 L38-B__2 L50-Fwf4 L62-Wql4 L74-Noh5 L86-No_5 L98-Dxb7 L110-Nz_5 L3-Hyw8 L15-Noi2 L27-Evp0 L39-Wdk1 L51-B_g1 L63-Mji9 L75-As_7 L87-Iyo9 L99-Ryu0 L111-Ptg8 L4-Tmn7 L16-Hv_9 L28-P_v7 L40-No_1 L52-Nvu6 L64-Hnz4 L76-Hhz7 L88-Mzo7 L100-Djz8 L112-Egf2 L5-Mtr6 L17-Snd2 L29-Kvw8 L41-Rmq6 L53-Day1 L65-Ptr8 L77-Ycs0 L89-Mlu6 L101-Kfj3 L113-Ukz4 L6-Sfk5 L18-Yxn1 L30-Izm0 L42-Fvn2 L54-Nf_9 L66-J_d4 L78-Qrq0 L90-Dhe1 L102-Y_x9 L114-Mso2 L7-Kvr3 L19-Sgq9 L31-Crk8 L43-Dyi4 L55-Abd3 L67-Hsm9 L79-Wxp8 L91-Jbt1 L103-Idn1 L115-Hqt4 L8-G_x8 L20-Ju_4 L32-Nar5 L44-Gj_6 L56-Ixf3 L68-Qmh7 L80-Mwq0 L92-Trz6 L104-Srz5 L116-Wnx7 L9-G_n0 L21-Ywa2 L33-Az_1 L45-Bsv6 L57-Qkh1 L69-X_v6 L81-Asd5 L93-Ruu4 L105-Vhx2 L117-Hfd6 L10-Fda5 L22-Hxs1 L34-Xey2 L46-Jbz6 L58-Bcq3 L70-X_g7 L82-Wav7 L94-Ahb8 L106-Erv4 L118-E_i7 L11-Mlv1 L23-Dnk9 L35-Xoi9 L47-B_x9 L59-Pkh1 L71-Her0 L83-I_p6 L95-Hsv9 L107-Xis0 L119-Uhp8 L12-Yhg2 L24-E_v9 L36-Vi_6 L48-Ftf1 L60-Roi4 L72-Gnm6 L84-Qfu4 L96-J_t6 L108-S_h0 L120-So_8
L1-Hxl9 L13-F_h3 L25-Bso2 L37-Gc_0 L49-Vfh6 L61-If_7 L73-Vxb0 L85-Shv6 L97-Ifg6 L109-Zbs4 L2-Qre0 L14-Qvt9 L26-B_r4 L38-Pqe7 L50-B__2 L62-Fwf4 L74-Wql4 L86-Noh5 L98-No_5 L110-Dxb7 L3-Ir_9 L15-Hyw8 L27-Noi2 L39-Evp0 L51-Wdk1 L63-B_g1 L75-Mji9 L87-As_7 L99-Iyo9 L111-Ryu0 L4-Hvc0 L16-Tmn7 L28-Hv_9 L40-P_v7 L52-No_1 L64-Nvu6 L76-Hnz4 L88-Hhz7 L100-Mzo7 L112-Djz8 L5-Thr4 L17-Mtr6 L29-Snd2 L41-Kvw8 L53-Rmq6 L65-Day1 L77-Ptr8 L89-Ycs0 L101-Mlu6 L113-Kfj3 L6-Efw9 L18-Sfk5 L30-Yxn1 L42-Izm0 L54-Fvn2 L66-Nf_9 L78-J_d4 L90-Qrq0 L102-Dhe1 L114-Y_x9 L7-Pmm9 L19-Kvr3 L31-Sgq9 L43-Crk8 L55-Dyi4 L67-Abd3 L79-Hsm9 L91-Wxp8 L103-Jbt1 L115-Idn1 L8-Cuk4 L20-G_x8 L32-Ju_4 L44-Nar5 L56-Gj_6 L68-Ixf3 L80-Qmh7 L92-Mwq0 L104-Trz6 L116-Srz5 L9-Grq0 L21-G_n0 L33-Ywa2 L45-Az_1 L57-Bsv6 L69-Qkh1 L81-X_v6 L93-Asd5 L105-Ruu4 L117-Vhx2 L10-Usy9 L22-Fda5 L34-Hxs1 L46-Xey2 L58-Jbz6 L70-Bcq3 L82-X_g7 L94-Wav7 L106-Ahb8 L118-Erv4 L11-Agg5 L23-Mlv1 L35-Dnk9 L47-Xoi9 L59-B_x9 L71-Pkh1 L83-Her0 L95-I_p6 L107-Hsv9 L119-Xis0 L121-Uhp8 L12-B_x1 L24-Yhg2 L36-E_v9 L48-Vi_6 L60-Ftf1 L72-Roi4 L84-Gnm6 L96-Qfu4 L108-J_t6 L120-S_h0 L122-So_8
L1-Jhq3 L13-Hxl9 L25-F_h3 L37-Bso2 L49-Gc_0 L61-Vfh6 L73-If_7 L85-Vxb0 L97-Shv6 L109-Ifg6 L2-Tyo1 L14-Qre0 L26-Qvt9 L38-B_r4 L50-Pqe7 L62-B__2 L74-Fwf4 L86-Wql4 L98-Noh5 L110-No_5 L3-K__0 L15-Ir_9 L27-Hyw8 L39-Noi2 L51-Evp0 L63-Wdk1 L75-B_g1 L87-Mji9 L99-As_7 L111-Iyo9 L4-Csr1 L16-Hvc0 L28-Tmn7 L40-Hv_9 L52-P_v7 L64-No_1 L76-Nvu6 L88-Hnz4 L100-Hhz7 L112-Mzo7 L5-Jn_6 L17-Thr4 L29-Mtr6 L41-Snd2 L53-Kvw8 L65-Rmq6 L77-Day1 L89-Ptr8 L101-Ycs0 L113-Mlu6 L6-Nji0 L18-Efw9 L30-Sfk5 L42-Yxn1 L54-Izm0 L66-Fvn2 L78-Nf_9 L90-J_d4 L102-Qrq0 L114-Dhe1 L7-Jvq8 L19-Pmm9 L31-Kvr3 L43-Sgq9 L55-Crk8 L67-Dyi4 L79-Abd3 L91-Hsm9 L103-Wxp8 L115-Jbt1 L8-Cnb3 L20-Cuk4 L32-G_x8 L44-Ju_4 L56-Nar5 L68-Gj_6 L80-Ixf3 L92-Qmh7 L104-Mwq0 L116-Trz6 L9-Ksx0 L21-Grq0 L33-G_n0 L45-Ywa2 L57-Az_1 L69-Bsv6 L81-Qkh1 L93-X_v6 L105-Asd5 L117-Ruu4 L10-Ifq5 L22-Usy9 L34-Fda5 L46-Hxs1 L58-Xey2 L70-Jbz6 L82-Bcq3 L94-X_g7 L106-Wav7 L118-Ahb8 L11-Nrv1 L23-Agg5 L35-Mlv1 L47-Dnk9 L59-Xoi9 L71-B_x9 L83-Pkh1 L95-Her0 L107-I_p6 L119-Hsv9 L121-Xis0 L12-Jlf7 L24-B_x1 L36-Yhg2 L48-E_v9 L60-Vi_6 L72-Ftf1 L84-Roi4 L96-Gnm6 L108-Qfu4 L120-J_t6 L122-S_h0
L1-Gwh6 L13-Jhq3 L25-Hxl9 L37-F_h3 L49-Bso2 L61-Gc_0 L73-Vfh6 L85-If_7 L97-Vxb0 L109-Shv6 L2-Gui1 L14-Tyo1 L26-Qre0 L38-Qvt9 L50-B_r4 L62-Pqe7 L74-B__2 L86-Fwf4 L98-Wql4 L110-Noh5 L3-T_k3 L15-K__0 L27-Ir_9 L39-Hyw8 L51-Noi2 L63-Evp0 L75-Wdk1 L87-B_g1 L99-Mji9 L111-As_7 L4-Rls3 L16-Csr1 L28-Hvc0 L40-Tmn7 L52-Hv_9 L64-P_v7 L76-No_1 L88-Nvu6 L100-Hnz4 L112-Hhz7 L5-Hwo6 L17-Jn_6 L29-Thr4 L41-Mtr6 L53-Snd2 L65-Kvw8 L77-Rmq6 L89-Day1 L101-Ptr8 L113-Ycs0 L6-Tov9 L18-Nji0 L30-Efw9 L42-Sfk5 L54-Yxn1 L66-Izm0 L78-Fvn2 L90-Nf_9 L102-J_d4 L114-Qrq0 L7-Re_8 L19-Jvq8 L31-Pmm9 L43-Kvr3 L55-Sgq9 L67-Crk8 L79-Dyi4 L91-Abd3 L103-Hsm9 L115-Wxp8 L8-Gyh6 L20-Cnb3 L32-Cuk4 L44-G_x8 L56-Ju_4 L68-Nar5 L80-Gj_6 L92-Ixf3 L104-Qmh7 L116-Mwq0 L9-Xfs4 L21-Ksx0 L33-Grq0 L45-G_n0 L57-Ywa2 L69-Az_1 L81-Bsv6 L93-Qkh1 L105-X_v6 L117-Asd5 L10-Avh8 L22-Ifq5 L34-Usy9 L46-Fda5 L58-Hxs1 L70-Xey2 L82-Jbz6 L94-Bcq3 L106-X_g7 L118-Wav7 L11-Xyw5 L23-Nrv1 L35-Agg5 L47-Mlv1 L59-Dnk9 L71-Xoi9 L83-B_x9 L95-Pkh1 L107-Her0 L119-I_p6 L121-Hsv9 L12-Qdo5 L24-Jlf7 L36-B_x1 L48-Yhg2 L60-E_v9 L72-Vi_6 L84-Ftf1 L96-Roi4 L108-Gnm6 L120-Qfu4 L122-J_t6
L1-Pyq3 L13-Gwh6 L25-Jhq3 L37-Hxl9 L49-F_h3 L61-Bso2 L73-Gc_0 L85-Vfh6 L97-If_7 L109-Vxb0 L2-Kbw8 L14-Gui1 L26-Tyo1 L38-Qre0 L50-Qvt9 L62-B_r4 L74-Pqe7 L86-B__2 L98-Fwf4 L110-Wql4 L3-Pbm9 L15-T_k3 L27-K__0 L39-Ir_9 L51-Hyw8 L63-Noi2 L75-Evp0 L87-Wdk1 L99-B_g1 L111-Mji9 L4-Eqe5 L16-Rls3 L28-Csr1 L40-Hvc0 L52-Tmn7 L64-Hv_9 L76-P_v7 L88-No_1 L100-Nvu6 L112-Hnz4 L5-Zqx4 L17-Hwo6 L29-Jn_6 L41-Thr4 L53-Mtr6 L65-Snd2 L77-Kvw8 L89-Rmq6 L101-Day1 L113-Ptr8 L6-Koq8 L18-Tov9 L30-Nji0 L42-Efw9 L54-Sfk5 L66-Yxn1 L78-Izm0 L90-Fvn2 L102-Nf_9 L114-J_d4 L7-Z_k1 L19-Re_8 L31-Jvq8 L43-Pmm9 L55-Kvr3 L67-Sgq9 L79-Crk8 L91-Dyi4 L103-Abd3 L115-Hsm9 L8-Sfe4 L20-Gyh6 L32-Cnb3 L44-Cuk4 L56-G_x8 L68-Ju_4 L80-Nar5 L92-Gj_6 L104-Ixf3 L116-Qmh7 L9-Bdv6 L21-Xfs4 L33-Ksx0 L45-Grq0 L57-G_n0 L69-Ywa2 L81-Az_1 L93-Bsv6 L105-Qkh1 L117-X_v6 L10-Xaz6 L22-Avh8 L34-Ifq5 L46-Usy9 L58-Fda5 L70-Hxs1 L82-Xey2 L94-Jbz6 L106-Bcq3 L118-X_g7 L11-Wzo1 L23-Xyw5 L35-Nrv1 L47-Agg5 L59-Mlv1 L71-Dnk9 L83-Xoi9 L95-B_x9 L107-Pkh1 L119-Her0 L121-I_p6 L12-Zpd2 L24-Qdo5 L36-Jlf7 L48-B_x1 L60-Yhg2 L72-E_v9 L84-Vi_6 L96-Ftf1 L108-Roi4 L120-Gnm6 L122-Qfu4
L1-Ejy4 L13-Pyq3 L25-Gwh6 L37-Jhq3 L49-Hxl9 L61-F_h3 L73-Bso2 L85-Gc_0 L97-Vfh6 L109-If_7 L2-Alt8 L14-Kbw8 L26-Gui1 L38-Tyo1 L50-Qre0 L62-Qvt9 L74-B_r4 L86-Pqe7 L98-B__2 L110-Fwf4 L3-Wm_6 L15-Pbm9 L27-T_k3 L39-K__0 L51-Ir_9 L63-Hyw8 L75-Noi2 L87-Evp0 L99-Wdk1 L111-B_g1 L4-Enh3 L16-Eqe5 L28-Rls3 L40-Csr1 L52-Hvc0 L64-Tmn7 L76-Hv_9 L88-P_v7 L100-No_1 L112-Nvu6 L5-Fpz4 L17-Zqx4 L29-Hwo6 L41-Jn_6 L53-Thr4 L65-Mtr6 L77-Snd2 L89-Kvw8 L101-Rmq6 L113-Day1 L6-Rfs5 L18-Koq8 L30-Tov9 L42-Nji0 L54-Efw9 L66-Sfk5 L78-Yxn1 L90-Izm0 L102-Fvn2 L114-Nf_9 L7-Ftu0 L19-Z_k1 L31-Re_8 L43-Jvq8 L55-Pmm9 L67-Kvr3 L79-Sgq9 L91-Crk8 L103-Dyi4 L115-Abd3 L8-Dah8 L20-Sfe4 L32-Gyh6 L44-Cnb3 L56-Cuk4 L68-G_x8 L80-Ju_4 L92-Nar5 L104-Gj_6 L116-Ixf3 L9-Hvo6 L21-Bdv6 L33-Xfs4 L45-Ksx0 L57-Grq0 L69-G_n0 L81-Ywa2 L93-Az_1 L105-Bsv6 L117-Qkh1 L10-Rmf2 L22-Xaz6 L34-Avh8 L46-Ifq5 L58-Usy9 L70-Fda5 L82-Hxs1 L94-Xey2 L106-Jbz6 L118-Bcq3 L11-Fvh0 L23-Wzo1 L35-Xyw5 L47-Nrv1 L59-Agg5 L71-Mlv1 L83-Dnk9 L95-Xoi9 L107-B_x9 L119-Pkh1 L121-Her0 L12-Vya8 L24-Zpd2 L36-Qdo5 L48-Jlf7 L60-B_x1 L72-Yhg2 L84-E_v9 L96-Vi_6 L108-Ftf1 L120-Roi4 L122-Gnm6
L1-Xnr9 L13-Ejy4 L25-Pyq3 L37-Gwh6 L49-Jhq3 L61-Hxl9 L73-F_h3 L85-Bso2 L97-Gc_0 L109-Vfh6 L2-Jhl8 L14-Alt8 L26-Kbw8 L38-Gui1 L50-Tyo1 L62-Qre0 L74-Qvt9 L86-B_r4 L98-Pqe7 L110-B__2 L3-Plq2 L15-Wm_6 L27-Pbm9 L39-T_k3 L51-K__0 L63-Ir_9 L75-Hyw8 L87-Noi2 L99-Evp0 L111-Wdk1 L4-Ofu9 L16-Enh3 L28-Eqe5 L40-Rls3 L52-Csr1 L64-Hvc0 L76-Tmn7 L88-Hv_9 L100-P_v7 L112-No_1 L5-Jt_1 L17-Fpz4 L29-Zqx4 L41-Hwo6 L53-Jn_6 L65-Thr4 L77-Mtr6 L89-Snd2 L101-Kvw8 L113-Rmq6 L6-Ecx9 L18-Rfs5 L30-Koq8 L42-Tov9 L54-Nji0 L66-Efw9 L78-Sfk5 L90-Yxn1 L102-Izm0 L114-Fvn2 L7-Bwf1 L19-Ftu0 L31-Z_k1 L43-Re_8 L55-Jvq8 L67-Pmm9 L79-Kvr3 L91-Sgq9 L103-Crk8 L115-Dyi4 L8-Kjt5 L20-Dah8 L32-Sfe4 L44-Gyh6 L56-Cnb3 L68-Cuk4 L80-G_x8 L92-Ju_4 L104-Nar5 L116-Gj_6 L9-Qf_3 L21-Hvo6 L33-Bdv6 L45-Xfs4 L57-Ksx0 L69-Grq0 L81-G_n0 L93-Ywa2 L105-Az_1 L117-Bsv6 L10-Zyt4 L22-Rmf2 L34-Xaz6 L46-Avh8 L58-Ifq5 L70-Usy9 L82-Fda5 L94-Hxs1 L106-Xey2 L118-Jbz6 L11-Gti0 L23-Fvh0 L35-Wzo1 L47-Xyw5 L59-Nrv1 L71-Agg5 L83-Mlv1 L95-Dnk9 L107-Xoi9 L119-B_x9 L121-Pkh1 L12-Gc_1 L24-Vya8 L36-Zpd2 L48-Qdo5 L60-Jlf7 L72-B_x1 L84-Yhg2 L96-E_v9 L108-Vi_6 L120-Ftf1 L122-Roi4
L1-Smz8 L13-Xnr9 L25-Ejy4 L37-Pyq3 L49-Gwh6 L61-Jhq3 L73-Hxl9 L85-F_h3 L97-Bso2 L109-Gc_0 L2-Yyg6 L14-Jhl8 L26-Alt8 L38-Kbw8 L50-Gui1 L62-Tyo1 L74-Qre0 L86-Qvt9 L98-B_r4 L110-Pqe7 L3-Uhv6 L15-Plq2 L27-Wm_6 L39-Pbm9 L51-T_k3 L63-K__0 L75-Ir_9 L87-Hyw8 L99-Noi2 L111-Evp0 L4-Cvw3 L16-Ofu9 L28-Enh3 L40-Eqe5 L52-Rls3 L64-Csr1 L76-Hvc0 L88-Tmn7 L100-Hv_9 L112-P_v7 L5-Rdw9 L17-Jt_1 L29-Fpz4 L41-Zqx4 L53-Hwo6 L65-Jn_6 L77-Thr4 L89-Mtr6 L101-Snd2 L113-Kvw8 L6-Cvj5 L18-Ecx9 L30-Rfs5 L42-Koq8 L54-Tov9 L66-Nji0 L78-Efw9 L90-Sfk5 L102-Yxn1 L114-Izm0 L7-Glo4 L19-Bwf1 L31-Ftu0 L43-Z_k1 L55-Re_8 L67-Jvq8 L79-Pmm9 L91-Kvr3 L103-Sgq9 L115-Crk8 L8-Xjx3 L20-Kjt5 L32-Dah8 L44-Sfe4 L56-Gyh6 L68-Cnb3 L80-Cuk4 L92-G_x8 L104-Ju_4 L116-Nar5 L9-Rxc9 L21-Qf_3 L33-Hvo6 L45-Bdv6 L57-Xfs4 L69-Ksx0 L81-Grq0 L93-G_n0 L105-Ywa2 L117-Az_1 L10-Cuw9 L22-Zyt4 L34-Rmf2 L46-Xaz6 L58-Avh8 L70-Ifq5 L82-Usy9 L94-Fda5 L106-Hxs1 L118-Xey2 L11-Bfs1 L23-Gti0 L35-Fvh0 L47-Wzo1 L59-Xyw5 L71-Nrv1 L83-Agg5 L95-Mlv1 L107-Dnk9 L119-Xoi9 L121-B_x9 L24-Gc_1 L36-Vya8 L48-Zpd2 L60-Qdo5 L72-Jlf7 L84-B_x1 L96-Yhg2 L108-E_v9 L120-Vi_6 L122-Ftf1
L1-Uz_8 L13-Smz8 L25-Xnr9 L37-Ejy4 L49-Pyq3 L61-Gwh6 L73-Jhq3 L85-Hxl9 L97-F_h3 L109-Bso2 L2-Bzd4 L14-Yyg6 L26-Jhl8 L38-Alt8 L50-Kbw8 L62-Gui1 L74-Tyo1 L86-Qre0 L98-Qvt9 L110-B_r4 L3-Zhq7 L15-Uhv6 L27-Plq2 L39-Wm_6 L51-Pbm9 L63-T_k3 L75-K__0 L87-Ir_9 L99-Hyw8 L111-Noi2 L4-Fd_6 L16-Cvw3 L28-Ofu9 L40-Enh3 L52-Eqe5 L64-Rls3 L76-Csr1 L88-Hvc0 L100-Tmn7 L112-Hv_9 L5-Bor8 L17-Rdw9 L29-Jt_1 L41-Fpz4 L53-Zqx4 L65-Hwo6 L77-Jn_6 L89-Thr4 L101-Mtr6 L113-Snd2 L6-Kzj0 L18-Cvj5 L30-Ecx9 L42-Rfs5 L54-Koq8 L66-Tov9 L78-Nji0 L90-Efw9 L102-Sfk5 L114-Yxn1 L7-Nuo4 L19-Glo4 L31-Bwf1 L43-Ftu0 L55-Z_k1 L67-Re_8 L79-Jvq8 L91-Pmm9 L103-Kvr3 L115-Sgq9 L8-Iax9 L20-Xjx3 L32-Kjt5 L44-Dah8 L56-Sfe4 L68-Gyh6 L80-Cnb3 L92-Cuk4 L104-G_x8 L116-Ju_4 L9-I_j5 L21-Rxc9 L33-Qf_3 L45-Hvo6 L57-Bdv6 L69-Xfs4 L81-Ksx0 L93-Grq0 L105-G_n0 L117-Ywa2 L10-Ekf2 L22-Cuw9 L34-Zyt4 L46-Rmf2 L58-Xaz6 L70-Avh8 L82-Ifq5 L94-Usy9 L106-Fda5 L118-Hxs1 L11-Uuj0 L23-Bfs1 L35-Gti0 L47-Fvh0 L59-Wzo1 L71-Xyw5 L83-Nrv1 L95-Agg5 L107-Mlv1 L119-Dnk9 L121-Xoi9 L36-Gc_1 L48-Vya8 L60-Zpd2 L72-Qdo5 L84-Jlf7 L96-B_x1 L108-Yhg2 L120-E_v9 L122-Vi_6
L1-A_u5 L13-Uz_8 L25-Smz8 L37-Xnr9 L49-Ejy4 L61-Pyq3 L73-Gwh6 L85-Jhq3 L97-Hxl9 L109-F_h3 L2-Szs0 L14-Bzd4 L26-Yyg6 L38-Jhl8 L50-Alt8 L62-Kbw8 L74-Gui1 L86-Tyo1 L98-Qre0 L110-Qvt9 L3-Pn_7 L15-Zhq7 L27-Uhv6 L39-Plq2 L51-Wm_6 L63-Pbm9 L75-T_k3 L87-K__0 L99-Ir_9 L111-Hyw8 L4-Tjk7 L16-Fd_6 L28-Cvw3 L40-Ofu9 L52-Enh3 L64-Eqe5 L76-Rls3 L88-Csr1 L100-Hvc0 L112-Tmn7 L5-Hwc2 L17-Bor8 L29-Rdw9 L41-Jt_1 L53-Fpz4 L65-Zqx4 L77-Hwo6 L89-Jn_6 L101-Thr4 L113-Mtr6 L6-Mrd1 L18-Kzj0 L30-Cvj5 L42-Ecx9 L54-Rfs5 L66-Koq8 L78-Tov9 L90-Nji0 L102-Efw9 L114-Sfk5 L7-K__2 L19-Nuo4 L31-Glo4 L43-Bwf1 L55-Ftu0 L67-Z_k1 L79-Re_8 L91-Jvq8 L103-Pmm9 L115-Kvr3 L8-Rbg1 L20-Iax9 L32-Xjx3 L44-Kjt5 L56-Dah8 L68-Sfe4 L80-Gyh6 L92-Cnb3 L104-Cuk4 L116-G_x8 L9-Zsy1 L21-I_j5 L33-Rxc9 L45-Qf_3 L57-Hvo6 L69-Bdv6 L81-Xfs4 L93-Ksx0 L105-Grq0 L117-G_n0 L10-Gc_1 L22-Ekf2 L34-Cuw9 L46-Zyt4 L58-Rmf2 L70-Xaz6 L82-Avh8 L94-Ifq5 L106-Usy9 L118-Fda5 L11-Gc_1 L23-Uuj0 L35-Bfs1 L47-Gti0 L59-Fvh0 L71-Wzo1 L83-Xyw5 L95-Nrv1 L107-Agg5 L119-Mlv1 L121-Dnk9 L48-Gc_1 L60-Vya8 L72-Zpd2 L84-Qdo5 L96-Jlf7 L108-B_x1 L120-Yhg2 L122-E_v9
L1-Mgt4 L13-A_u5 L25-Uz_8 L37-Smz8 L49-Xnr9 L61-Ejy4 L73-Pyq3 L85-Gwh6 L97-Jhq3 L109-Hxl9 L2-Rds3 L14-Szs0 L26-Bzd4 L38-Yyg6 L50-Jhl8 L62-Alt8 L74-Kbw8 L86-Gui1 L98-Tyo1 L110-Qre0 L3-Qmy0 L15-Pn_7 L27-Zhq7 L39-Uhv6 L51-Plq2 L63-Wm_6 L75-Pbm9 L87-T_k3 L99-K__0 L111-Ir_9 L4-O_k9 L16-Tjk7 L28-Fd_6 L40-Cvw3 L52-Ofu9 L64-Enh3 L76-Eqe5 L88-Rls3 L100-Csr1 L112-Hvc0 L5-Khl0 L17-Hwc2 L29-Bor8 L41-Rdw9 L53-Jt_1 L65-Fpz4 L77-Zqx4 L89-Hwo6 L101-Jn_6 L113-Thr4 L6-Jwo0 L18-Mrd1 L30-Kzj0 L42-Cvj5 L54-Ecx9 L66-Rfs5 L78-Koq8 L90-Tov9 L102-Nji0 L114-Efw9 L7-Hh_3 L19-K__2 L31-Nuo4 L43-Glo4 L55-Bwf1 L67-Ftu0 L79-Z_k1 L91-Re_8 L103-Jvq8 L115-Pmm9 L8-Gxk7 L20-Rbg1 L32-Iax9 L44-Xjx3 L56-Kjt5 L68-Dah8 L80-Sfe4 L92-Gyh6 L104-Cnb3 L116-Cuk4 L9-Fxa3 L21-Zsy1 L33-I_j5 L45-Rxc9 L57-Qf_3 L69-Hvo6 L81-Bdv6 L93-Xfs4 L105-Ksx0 L117-Grq0 L22-Gc_1 L34-Ekf2 L46-Cuw9 L58-Zyt4 L70-Rmf2 L82-Xaz6 L94-Avh8 L106-Ifq5 L118-Usy9 L23-Gc_1 L35-Uuj0 L47-Bfs1 L59-Gti0 L71-Fvh0 L83-Wzo1 L95-Xyw5 L107-Nrv1 L119-Agg5 L121-Mlv1 L60-Gc_1 L72-Vya8 L84-Zpd2 L96-Qdo5 L108-Jlf7 L120-B_x1 L122-Yhg2
L1-Fof3 L13-Mgt4 L25-A_u5 L37-Uz_8 L49-Smz8 L61-Xnr9 L73-Ejy4 L85-Pyq3 L97-Gwh6 L109-Jhq3 L2-Vrw3 L14-Rds3 L26-Szs0 L38-Bzd4 L50-Yyg6 L62-Jhl8 L74-Alt8 L86-Kbw8 L98-Gui1 L110-Tyo1 L3-Jzw1 L15-Qmy0 L27-Pn_7 L39-Zhq7 L51-Uhv6 L63-Plq2 L75-Wm_6 L87-Pbm9 L99-T_k3 L111-K__0 L4-Ars8 L16-O_k9 L28-Tjk7 L40-Fd_6 L52-Cvw3 L64-Ofu9 L76-Enh3 L88-Eqe5 L100-Rls3 L112-Csr1 L5-Nzb6 L17-Khl0 L29-Hwc2 L41-Bor8 L53-Rdw9 L65-Jt_1 L77-Fpz4 L89-Zqx4 L101-Hwo6 L113-Jn_6 L6-Kki8 L18-Jwo0 L30-Mrd1 L42-Kzj0 L54-Cvj5 L66-Ecx9 L78-Rfs5 L90-Koq8 L102-Tov9 L114-Nji0 L7-Gc_1 L19-Hh_3 L31-K__2 L43-Nuo4 L55-Glo4 L67-Bwf1 L79-Ftu0 L91-Z_k1 L103-Re_8 L115-Jvq8 L8-Gc_1 L20-Gxk7 L32-Rbg1 L44-Iax9 L56-Xjx3 L68-Kjt5 L80-Dah8 L92-Sfe4 L104-Gyh6 L116-Cnb3 L9-Gc_1 L21-Fxa3 L33-Zsy1 L45-I_j5 L57-Rxc9 L69-Qf_3 L81-Hvo6 L93-Bdv6 L105-Xfs4 L117-Ksx0 L34-Gc_1 L46-Ekf2 L58-Cuw9 L70-Zyt4 L82-Rmf2 L94-Xaz6 L106-Avh8 L118-Ifq5 L35-Gc_1 L47-Uuj0 L59-Bfs1 L71-Gti0 L83-Fvh0 L95-Wzo1 L107-Xyw5 L119-Nrv1 L121-Agg5 L72-Gc_1 L84-Vya8 L96-Zpd2 L108-Qdo5 L120-Jlf7 L122-B_x1
L1-Prc9 L13-Fof3 L25-Mgt4 L37-A_u5 L49-Uz_8 L61-Smz8 L73-Xnr9 L85-Ejy4 L97-Pyq3 L109-Gwh6 L2-Sxg4 L14-Vrw3 L26-Rds3 L38-Szs0 L50-Bzd4 L62-Yyg6 L74-Jhl8 L86-Alt8 L98-Kbw8 L110-Gui1 L3-V_a8 L15-Jzw1 L27-Qmy0 L39-Pn_7 L51-Zhq7 L63-Uhv6 L75-Plq2 L87-Wm_6 L99-Pbm9 L111-T_k3 L4-Gc_1 L16-Ars8 L28-O_k9 L40-Tjk7 L52-Fd_6 L64-Cvw3 L76-Ofu9 L88-Enh3 L100-Eqe5 L112-Rls3 L5-Gc_1 L17-Nzb6 L29-Khl0 L41-Hwc2 L53-Bor8 L65-Rdw9 L77-Jt_1 L89-Fpz4 L101-Zqx4 L113-Hwo6 L6-Gc_1 L18-Kki8 L30-Jwo0 L42-Mrd1 L54-Kzj0 L66-Cvj5 L78-Ecx9 L90-Rfs5 L102-Koq8 L114-Tov9 L19-Gc_1 L31-Hh_3 L43-K__2 L55-Nuo4 L67-Glo4 L79-Bwf1 L91-Ftu0 L103-Z_k1 L115-Re_8 L20-Gc_1 L32-Gxk7 L44-Rbg1 L56-Iax9 L68-Xjx3 L80-Kjt5 L92-Dah8 L104-Sfe4 L116-Gyh6 L21-Gc_1 L33-Fxa3 L45-Zsy1 L57-I_j5 L69-Rxc9 L81-Qf_3 L93-Hvo6 L105-Bdv6 L117-Xfs4 L46-Gc_1 L58-Ekf2 L70-Cuw9 L82-Zyt4 L94-Rmf2 L106-Xaz6 L118-Avh8 L47-Gc_1 L59-Uuj0 L71-Bfs1 L83-Gti0 L95-Fvh0 L107-Wzo1 L119-Xyw5 L121-Nrv1 L84-Gc_1 L96-Vya8 L108-Zpd2 L120-Qdo5 L122-Jlf7
L1-Gc_1 L13-Prc9 L25-Fof3 L37-Mgt4 L49-A_u5 L61-Uz_8 L73-Smz8 L85-Xnr9 L97-Ejy4 L109-Pyq3 L2-Gc_1 L14-Sxg4 L26-Vrw3 L38-Rds3 L50-Szs0 L62-Bzd4 L74-Yyg6 L86-Jhl8 L98-Alt8 L110-Kbw8 L3-Gc_1 L15-V_a8 L27-Jzw1 L39-Qmy0 L51-Pn_7 L63-Zhq7 L75-Uhv6 L87-Plq2 L99-Wm_6 L111-Pbm9 L16-Gc_1 L28-Ars8 L40-O_k9 L52-Tjk7 L64-Fd_6 L76-Cvw3 L88-Ofu9 L100-Enh3 L112-Eqe5 L17-Gc_1 L29-Nzb6 L41-Khl0 L53-Hwc2 L65-Bor8 L77-Rdw9 L89-Jt_1 L101-Fpz4 L113-Zqx4 L18-Gc_1 L30-Kki8 L42-Jwo0 L54-Mrd1 L66-Kzj0 L78-Cvj5 L90-Ecx9 L102-Rfs5 L114-Koq8 L31-Gc_1 L43-Hh_3 L55-K__2 L67-Nuo4 L79-Glo4 L91-Bwf1 L103-Ftu0 L115-Z_k1 L32-Gc_1 L44-Gxk7 L56-Rbg1 L68-Iax9 L80-Xjx3 L92-Kjt5 L104-Dah8 L116-Sfe4 L33-Gc_1 L45-Fxa3 L57-Zsy1 L69-I_j5 L81-Rxc9 L93-Qf_3 L105-Hvo6 L117-Bdv6 L58-Gc_1 L70-Ekf2 L82-Cuw9 L94-Zyt4 L106-Rmf2 L118-Xaz6 L59-Gc_1 L71-Uuj0 L83-Bfs1 L95-Gti0 L107-Fvh0 L119-Wzo1 L121-Xyw5 L96-Gc_1 L108-Vya8 L120-Zpd2 L122-Qdo5
L13-Gc_1 L25-Prc9 L37-Fof3 L49-Mgt4 L61-A_u5 L73-Uz_8 L85-Smz8 L97-Xnr9 L109-Ejy4 L14-Gc_1 L26-Sxg4 L38-Vrw3 L50-Rds3 L62-Szs0 L74-Bzd4 L86-Yyg6 L98-Jhl8 L110-Alt8 L15-Gc_1 L27-V_a8 L39-Jzw1 L51-Qmy0 L63-Pn_7 L75-Zhq7 L87-Uhv6 L99-Plq2 L111-Wm_6 L28-Gc_1 L40-Ars8 L52-O_k9 L64-Tjk7 L76-Fd_6 L88-Cvw3 L100-Ofu9 L112-Enh3 L29-Gc_1 L41-Nzb6 L53-Khl0 L65-Hwc2 L77-Bor8 L89-Rdw9 L101-Jt_1 L113-Fpz4 L30-Gc_1 L42-Kki8 L54-Jwo0 L66-Mrd1 L78-Kzj0 L90-Cvj5 L102-Ecx9 L114-Rfs5 L43-Gc_1 L55-Hh_3 L67-K__2 L79-Nuo4 L91-Glo4 L103-Bwf1 L115-Ftu0 L44-Gc_1 L56-Gxk7 L68-Rbg1 L80-Iax9 L92-Xjx3 L104-Kjt5 L116-Dah8 L45-Gc_1 L57-Fxa3 L69-Zsy1 L81-I_j5 L93-Rxc9 L105-Qf_3 L117-Hvo6 L70-Gc_1 L82-Ekf2 L94-Cuw9 L106-Zyt4 L118-Rmf2 L71-Gc_1 L83-Uuj0 L95-Bfs1 L107-Gti0 L119-Fvh0 L121-Wzo1 L108-Gc_1 L120-Vya8 L122-Zpd2
L25-Gc_1 L37-Prc9 L49-Fof3 L61-Mgt4 L73-A_u5 L85-Uz_8 L97-Smz8 L109-Xnr9 L26-Gc_1 L38-Sxg4 L50-Vrw3 L62-Rds3 L74-Szs0 L86-Bzd4 L98-Yyg6 L110-Jhl8 L27-Gc_1 L39-V_a8 L51-Jzw1 L63-Qmy0 L75-Pn_7 L87-Zhq7 L99-Uhv6 L111-Plq2 L40-Gc_1 L52-Ars8 L64-O_k9 L76-Tjk7 L88-Fd_6 L100-Cvw3 L112-Ofu9 L41-Gc_1 L53-Nzb6 L65-Khl0 L77-Hwc2 L89-Bor8 L101-Rdw9 L113-Jt_1 L42-Gc_1 L54-Kki8 L66-Jwo0 L78-Mrd1 L90-Kzj0 L102-Cvj5 L114-Ecx9 L55-Gc_1 L67-Hh_3 L79-K__2 L91-Nuo4 L103-Glo4 L115-Bwf1 L56-Gc_1 L68-Gxk7 L80-Rbg1 L92-Iax9 L104-Xjx3 L116-Kjt5 L57-Gc_1 L69-Fxa3 L81-Zsy1 L93-I_j5 L105-Rxc9 L117-Qf_3 L82-Gc_1 L94-Ekf2 L106-Cuw9 L118-Zyt4 L83-Gc_1 L95-Uuj0 L107-Bfs1 L119-Gti0 L121-Fvh0 L120-Gc_1 L122-Vya8
L37-Gc_1 L49-Prc9 L61-Fof3 L73-Mgt4 L85-A_u5 L97-Uz_8 L109-Smz8 L38-Gc_1 L50-Sxg4 L62-Vrw3 L74-Rds3 L86-Szs0 L98-Bzd4 L110-Yyg6 L39-Gc_1 L51-V_a8 L63-Jzw1 L75-Qmy0 L87-Pn_7 L99-Zhq7 L111-Uhv6 L52-Gc_1 L64-Ars8 L76-O_k9 L88-Tjk7 L100-Fd_6 L112-Cvw3 L53-Gc_1 L65-Nzb6 L77-Khl0 L89-Hwc2 L101-Bor8 L113-Rdw9 L54-Gc_1 L66-Kki8 L78-Jwo0 L90-Mrd1 L102-Kzj0 L114-Cvj5 L67-Gc_1 L79-Hh_3 L91-K__2 L103-Nuo4 L115-Glo4 L68-Gc_1 L80-Gxk7 L92-Rbg1 L104-Iax9 L116-Xjx3 L69-Gc_1 L81-Fxa3 L93-Zsy1 L105-I_j5 L117-Rxc9 L94-Gc_1 L106-Ekf2 L118-Cuw9 L95-Gc_1 L107-Uuj0 L119-Bfs1 L121-Gti0 L122-Gc_1
L49-Gc_1 L61-Prc9 L73-Fof3 L85-Mgt4 L97-A_u5 L109-Uz_8 L50-Gc_1 L62-Sxg4 L74-Vrw3 L86-Rds3 L98-Szs0 L110-Bzd4 L51-Gc_1 L63-V_a8 L75-Jzw1 L87-Qmy0 L99-Pn_7 L111-Zhq7 L64-Gc_1 L76-Ars8 L88-O_k9 L100-Tjk7 L112-Fd_6 L65-Gc_1 L77-Nzb6 L89-Khl0 L101-Hwc2 L113-Bor8 L66-Gc_1 L78-Kki8 L90-Jwo0 L102-Mrd1 L114-Kzj0 L79-Gc_1 L91-Hh_3 L103-K__2 L115-Nuo4 L80-Gc_1 L92-Gxk7 L104-Rbg1 L116-Iax9 L81-Gc_1 L93-Fxa3 L105-Zsy1 L117-I_j5 L106-Gc_1 L118-Ekf2 L107-Gc_1 L119-Uuj0 L121-Bfs1
L61-Gc_1 L73-Prc9 L85-Fof3 L97-Mgt4 L109-A_u5 L62-Gc_1 L74-Sxg4 L86-Vrw3 L98-Rds3 L110-Szs0 L63-Gc_1 L75-V_a8 L87-Jzw1 L99-Qmy0 L111-Pn_7 L76-Gc_1 L88-Ars8 L100-O_k9 L112-Tjk7 L77-Gc_1 L89-Nzb6 L101-Khl0 L113-Hwc2 L78-Gc_1 L90-Kki8 L102-Jwo0 L114-Mrd1 L91-Gc_1 L103-Hh_3 L115-K__2 L92-Gc_1 L104-Gxk7 L116-Rbg1 L93-Gc_1 L105-Fxa3 L117-Zsy1 L118-Gc_1 L119-Gc_1 L121-Uuj0
L73-Gc_1 L85-Prc9 L97-Fof3 L109-Mgt4 L74-Gc_1 L86-Sxg4 L98-Vrw3 L110-Rds3 L75-Gc_1 L87-V_a8 L99-Jzw1 L111-Qmy0 L88-Gc_1 L100-Ars8 L112-O_k9 L89-Gc_1 L101-Nzb6 L113-Khl0 L90-Gc_1 L102-Kki8 L114-Jwo0 L103-Gc_1 L115-Hh_3 L104-Gc_1 L116-Gxk7 L105-Gc_1 L117-Fxa3 L121-Gc_1
L85-Gc_1 L97-Prc9 L109-Fof3 L86-Gc_1 L98-Sxg4 L110-Vrw3 L87-Gc_1 L99-V_a8 L111-Jzw1 L100-Gc_1 L112-Ars8 L101-Gc_1 L113-Nzb6 L102-Gc_1 L114-Kki8 L115-Gc_1 L116-Gc_1 L117-Gc_1
L97-Gc_1 L109-Prc9 L98-Gc_1 L110-Sxg4 L99-Gc_1 L111-V_a8 L112-Gc_1 L113-Gc_1 L114-Gc_1
L109-Gc_1 L110-Gc_1 L111-Gc_1
