1
#Here is the number of lines required: 33
##start
Q_k7 4 4
##end
Wdj1 6 6
Fcr4 8 8
Hn_9 12 12
Ybd4 15 15
Rfw8 19 19
Bmk1 24 24
Phz3 29 29
Esa4 31 31
Gwg7 33 33
Klg0 34 34
Tgf3 38 38
Moj6 42 42
Mdu1 45 45
Dmm0 49 49
Fyp9 50 50
Sw_3 52 52
Yyu6 54 54
Cas7 59 59
Tel4 62 62
Saq6 65 65
C_l7 70 70
Pek4 71 71
Bp_5 76 76
Xtr0 77 77
Y_u5 80 80
Hvg5 83 83
Uzi3 87 87
Hvs9 88 88
Rxk6 90 90
Fuo8 94 94
Ory6 98 98
Eyt9 100 100
Qdf2 103 103
G_x6 104 104
Zii6 106 106
Huo1 111 111
Saa1 114 114
Pnn1 116 116
Uol8 121 121
Yyr8 126 126
Bvp3 128 128
Hyy7 130 130
Isy3 133 133
Ejo1 137 137
Dsy4 140 140
Sdf6 145 145
Eup6 148 148
Mkr4 151 151
Dzj2 152 152
Sra5 155 155
Ztu5 159 159
Fkm7 163 163
Dcv9 165 165
Vhx3 168 168
Dqe3 173 173
Mxf3 176 176
Mua9 177 177
Fda8 181 181
Cyk7 183 183
Gpm2 186 186
Ig_7 190 190
Bva7 192 192
T_n0 197 197
Inv7 199 199
Hdx0 204 204
Kie6 205 205
Ygh6 207 207
Rzo4 211 211
Tgk5 215 215
Rox5 218 218
Dzx5 219 219
Tmh6 220 220
Yob2 223 223
U_l0 226 226
Ktk3 229 229
Ndu4 230 230
Jl_9 231 231
Ztc9 235 235
Thg5 240 240
Ipd7 243 243
S_r4 247 247
Rc_2 248 248
Cqv2 251 251
N_b4 255 255
Yyz6 256 256
Sya2 258 258
Qkq5 261 261
Ecs6 264 264
Mtc2 266 266
Xiv8 268 268
Ggy7 271 271
Tjm7 272 272
Ylh4 275 275
D__0 276 276
Gn_4 278 278
Onu6 282 282
Wjv7 285 285
Htm4 289 289
Tas6 293 293
Fic1 295 295
Cbn9 298 298
Bug3 303 303
Tfq2 307 307
Tqd9 310 310
Mbf9 312 312
Mqj8 314 314
D_n7 315 315
Znr2 318 318
Q_v3 323 323
Cxl5 325 325
Bu_0 329 329
Mgt3 332 332
N_v7 337 337
Fpd1 340 340
Qyu3 345 345
Pdg5 350 350
Ys_9 354 354
Cfg3 357 357
Emz5 360 360
Rcg1 362 362
Jme3 363 363
Xxn1 366 366
Cuv3 368 368
Ax_0 373 373
Vln5 374 374
Pvh0 378 378
Bwi9 382 382
Mvn9 385 385
Cx_4 386 386
Hdc9 389 389
Els9 392 392
Pum6 395 395
Rpl3 398 398
Alk1 400 400
Hmt7 403 403
Ckr6 406 406
Mpj5 410 410
Boe2 413 413
N_x7 416 416
Wfo8 417 417
V_z2 420 420
Wt_1 422 422
Xvr6 424 424
Wbc2 427 427
Fxh0 431 431
Qgz5 435 435
B_b8 437 437
Bmy2 440 440
H__9 443 443
Dlc5 447 447
Due8 450 450
Bxr8 452 452
Kf_6 455 455
Alr5 458 458
Uyr6 463 463
Kjk9 466 466
Qdu0 469 469
Mab1 472 472
Gss7 475 475
Er_0 480 480
Pxl1 484 484
Xis4 485 485
Mde8 490 490
Tra4 494 494
Pye5 499 499
Qus2 502 502
T_k1 506 506
A_m3 507 507
Xnc9 510 510
Vne7 512 512
P_u9 517 517
Fuk0 520 520
Pmv6 525 525
Goq1 527 527
Hjy0 531 531
Dxr7 533 533
Wgm0 537 537
Ufk2 540 540
Zmi4 543 543
Wwy8 547 547
Jrv9 549 549
Pmi9 551 551
Joj0 553 553
Fcm0 558 558
Mtn0 560 560
Ijb3 562 562
Dkm2 566 566
Jrr6 567 567
Ser8 568 568
Hhq3 572 572
Vlz9 574 574
Rtz3 577 577
Cxg0 581 581
Kcb6 585 585
Rak8 587 587
A_f0 591 591
Hdg3 595 595
J_v5 599 599
Uag6 604 604
Mxb4 606 606
Uz_8 610 610
Ysl1 613 613
Rwk8 616 616
Jnp6 617 617
Cfj1 621 621
Szw9 624 624
Bs_1 629 629
Mjk1 632 632
Tbv2 636 636
Bty5 639 639
Ufz6 640 640
Fla5 642 642
Pkf3 644 644
Plt4 647 647
Kul7 650 650
Avm7 654 654
Nln6 657 657
Cnl8 660 660
Ajz4 663 663
Xew1 667 667
Jv_1 670 670
Oft0 674 674
Fge8 677 677
Xde8 679 679
Gey4 682 682
Zbl8 683 683
Kkx3 684 684
Dex0 687 687
Erm6 689 689
Nlp6 691 691
Hu_8 694 694
Aiw5 699 699
Rbf5 701 701
Gzd4 706 706
Zhp4 709 709
Ztv9 710 710
Ui_9 713 713
Fen4 715 715
Bal0 718 718
Y_b0 722 722
R_a7 725 725
Aoz5 726 726
Qsp4 730 730
K_g8 732 732
H_v3 733 733
Vep6 737 737
Ck_3 740 740
Ifx6 742 742
Wxm6 743 743
Enc0 747 747
Kvg0 750 750
Mtb9 753 753
Sly9 756 756
Vcw7 758 758
Enx5 760 760
Nrl3 763 763
Zld8 765 765
Bbn4 767 767
Rx_8 770 770
Iz_6 771 771
Vzr8 774 774
Wso5 775 775
Upt9 778 778
I_a0 780 780
Fxw4 782 782
Ro_9 783 783
Dbk5 786 786
Emn3 790 790
Rps5 793 793
Vce7 794 794
Omk9 801 801
Gul1 803 803
Ikj9 806 806
Axx9 808 808
Bkd3 810 810
P_f3 811 811
Pju0 813 813
Q_f5 817 817
Vgi7 822 822
Avb1 826 826
Nbb3 830 830
Bio6 833 833
Fn_3 835 835
Phk3 838 838
Bkc8 843 843
Bdg2 848 848
Wbt4 851 851
Xas7 855 855
Sdk1 858 858
Klp8 862 862
Otz8 866 866
Byn4 870 870
Yy_4 873 873
Jis1 877 877
Bqn7 879 879
Izl6 881 881
Aud9 885 885
Wva3 887 887
Dbj5 891 891
Hsu6 893 893
Saz3 897 897
Vcv4 900 900
Ye_1 903 903
Ezk3 905 905
Cfc4 906 906
Jtk0 910 910
C_j3 915 915
Xox7 916 916
Fq_4 918 918
Clz7 921 921
Wmx9 925 925
Eph9 926 926
J_p2 929 929
Xxv4 931 931
Jmd0 935 935
A_k2 940 940
Zcl8 944 944
Ecs5 947 947
Qnw6 950 950
Zxn2 953 953
Ydr5 956 956
Puo4 959 959
Jko2 962 962
Fat1 964 964
Cbf3 967 967
Ina7 970 970
Ogx3 973 973
Cjj5 976 976
Tji5 979 979
Asy6 982 982
Wlr5 983 983
Kpx1 985 985
Ipa8 989 989
Pvn4 993 993
Qoc8 996 996
Sg_7 1001 1001
Uv_0 1004 1004
Dex7 1008 1008
Uqy6 1013 1013
Grj8 1015 1015
Qwo7 1019 1019
Doq3 1021 1021
Pdv3 1024 1024
Fte2 1026 1026
Syg1 1029 1029
U_c6 1032 1032
Krr0 1033 1033
Apk4 1034 1034
Vdx1 1036 1036
Gnv4 1040 1040
Mmh6 1044 1044
Amp0 1048 1048
Bbt1 1049 1049
Xsw8 1051 1051
Zsd1 1054 1054
Heh2 1058 1058
Hv_5 1059 1059
Hdu7 1060 1060
Jdx4 1063 1063
Nhy4 1066 1066
Qou9 1071 1071
Vxb7 1074 1074
Jdl9 1077 1077
Rne5 1082 1082
Gc_1 1087 1087
Gog1 1091 1091
Sgh1 1094 1094
Eji1 1097 1097
Nb_2 1100 1100
Afc4 1102 1102
Xfu6 1103 1103
Yqx2 1104 1104
Ggq4 1105 1105
Bug1 1109 1109
Xfu3 1111 1111
Ndv2 1113 1113
Jih3 1118 1118
Coq7 1120 1120
Ixy0 1125 1125
Gms4 1129 1129
Xee6 1133 1133
Dj_5 1135 1135
O_k9 1139 1139
Uer1 1144 1144
Ctz6 1149 1149
Gtq7 1152 1152
Kun2 1156 1156
Xci7 1161 1161
Icb4 1162 1162
Kax1 1164 1164
M_i3 1166 1166
Tjn4 1169 1169
Kbc1 1171 1171
C_a8 1175 1175
Yxn9 1177 1177
Hpb2 1179 1179
Fib4 1180 1180
Njc5 1184 1184
Sbx8 1187 1187
Ecd6 1189 1189
Jkz2 1192 1192
Qab1 1195 1195
E_v7 1198 1198
Crh3 1203 1203
Tc_3 1206 1206
Cdz4 1209 1209
Dmk7 1211 1211
Udp0 1214 1214
Yvx3 1217 1217
Yok3 1219 1219
Gcg9 1224 1224
Qev2 1227 1227
Wzi4 1232 1232
F_x4 1236 1236
Zje1 1241 1241
Yw_5 1244 1244
Eya4 1247 1247
Cvy4 1248 1248
Grz8 1249 1249
Cvx9 1254 1254
Cfb7 1258 1258
Icx0 1259 1259
H_h4 1262 1262
F_p1 1266 1266
Ds_6 1268 1268
Wqd0 1270 1270
Ntg5 1273 1273
Sez8 1275 1275
Szc3 1277 1277
Yhi1 1280 1280
Pu_9 1284 1284
Rew0 1287 1287
Qsu6 1291 1291
Uts8 1292 1292
N_h6 1296 1296
Wyn5 1299 1299
Vzw0 1301 1301
Cxq9 1303 1303
C_d0 1306 1306
A_s6 1308 1308
Hln3 1312 1312
Ity3 1313 1313
Cyc5 1314 1314
Vah0 1315 1315
Nlb8 1318 1318
Zfa2 1321 1321
Aux6 1323 1323
Yxq9 1326 1326
Phw2 1329 1329
Fkr0 1333 1333
Abw1 1337 1337
Zb_0 1342 1342
Gme4 1345 1345
Qtn7 1346 1346
Fqv0 1349 1349
Nto0 1353 1353
Mtz3 1356 1356
Trl6 1359 1359
Zoa9 1361 1361
Ujx4 1364 1364
Mrl3 1368 1368
Iib8 1370 1370
K_i6 1372 1372
Cyp1 1375 1375
Tsz0 1376 1376
Ihf1 1379 1379
Yyp3 1382 1382
Aiw5-Yyp3
Pkf3-Fcr4
Afc4-Rfw8
N_h6-Bmk1
Vln5-Tsz0
Dmk7-Phz3
F_p1-Cyp1
Fn_3-K_i6
C_l7-Gwg7
J_v5-Zoa9
Hu_8-Klg0
Aux6-Moj6
Tjm7-Dmm0
Mmh6-Fyp9
Huo1-Nto0
Wbc2-Cas7
Avb1-Fqv0
Xfu3-Saq6
Tas6-C_l7
Ejo1-Abw1
Xtr0-Phw2
Pvn4-Yxq9
Htm4-Pek4
Dj_5-Bp_5
Rtz3-Xtr0
Gms4-Y_u5
Ndv2-Uzi3
Qyu3-Fuo8
Xci7-Ory6
Uer1-Qdf2
Hjy0-Zfa2
M_i3-G_x6
Kvg0-Zii6
Eya4-Huo1
Hdc9-Pnn1
Sgh1-Ity3
Zhp4-Yyr8
Vne7-Bvp3
Tmh6-Hyy7
Fcm0-Isy3
Ikj9-Ejo1
Sdf6-Dsy4
Cxq9-Sdf6
Vzw0-Cxq9
Eup6-Vzw0
Wyn5-Eup6
Dzj2-Mkr4
Sra5-Dzj2
Ztu5-Sra5
Uts8-Fkm7
Dcv9-Qsu6
Vhx3-Dcv9
Dqe3-Vhx3
Rew0-Mxf3
Pu_9-Mua9
Yhi1-Pu_9
Sez8-Szc3
Cyk7-Wqd0
Gpm2-Cyk7
Ds_6-Bva7
T_n0-Ds_6
Ygh6-Kie6
H_h4-Rzo4
Tgk5-H_h4
Icx0-Tgk5
Rox5-Icx0
Cfb7-Rox5
Dzx5-Cfb7
Cvx9-Yob2
U_l0-Cvx9
Yw_5-Eya4
Ktk3-Yw_5
Thg5-Ztc9
Zje1-Thg5
Rc_2-S_r4
F_x4-Rc_2
Cqv2-F_x4
Qev2-Wdj1
Gcg9-Qev2
Sya2-Gcg9
Qkq5-Sya2
Ecs6-Qkq5
Mtc2-Ecs6
Xiv8-Mtc2
Tjm7-Yok3
Ylh4-Tjm7
D__0-Ylh4
Gn_4-Yvx3
Udp0-Gn_4
Onu6-Udp0
Dmk7-Onu6
Cdz4-Dmk7
Wjv7-Cdz4
Tc_3-Wjv7
Htm4-Tc_3
Qab1-Tas6
Jkz2-Qab1
Ecd6-Jkz2
Sbx8-Cbn9
Bug3-Sbx8
Fib4-Njc5
Tfq2-Fib4
Tqd9-Tfq2
Hpb2-Tqd9
Mqj8-Mbf9
C_a8-Mqj8
Kbc1-C_a8
Icb4-Znr2
Xci7-Icb4
Q_v3-Kun2
Ctz6-Gtq7
Uer1-Ctz6
Cxl5-Uer1
Dj_5-N_v7
Xee6-Fpd1
Gms4-Xee6
Ixy0-Gms4
Coq7-Ixy0
Jih3-Wdj1
Qyu3-Jih3
Ndv2-Qyu3
Xfu3-Ndv2
Bug1-Xfu3
Ys_9-Pdg5
Cfg3-Ys_9
Emz5-Cfg3
Rcg1-Emz5
Xxn1-Jme3
Cuv3-Yqx2
Ax_0-Cuv3
Vln5-Ax_0
Xfu6-Vln5
Pvh0-Xfu6
Pum6-Els9
Sgh1-Eji1
Gog1-Sgh1
Hmt7-Gog1
Gc_1-Hmt7
Mpj5-Qou9
Boe2-Mpj5
N_x7-Boe2
Nhy4-N_x7
V_z2-Wfo8
Jdx4-V_z2
Wt_1-Jdx4
Wbc2-Xvr6
Hdu7-Wbc2
Qgz5-Fxh0
Bmy2-B_b8
H__9-Bmy2
Hv_5-H__9
Heh2-Hv_5
Zsd1-Heh2
Xsw8-Zsd1
Bxr8-Due8
Kf_6-Bxr8
Alr5-Kf_6
Uyr6-Alr5
Kjk9-Uyr6
Gnv4-Qdu0
U_c6-Krr0
Gss7-U_c6
Fte2-Syg1
Pdv3-Fte2
Er_0-Pdv3
Pxl1-Er_0
Mde8-Xis4
Tra4-Mde8
Grj8-Qwo7
Q_k7-Pye5
Uqy6-Wdj1
Dex7-Uqy6
T_k1-Qus2
A_m3-T_k1
Sg_7-Uv_0
Qoc8-Sg_7
Kpx1-Ipa8
Pmv6-Wlr5
Asy6-Goq1
Hjy0-Asy6
Tji5-Dxr7
Wgm0-Ina7
Cbf3-Ufk2
Fat1-Cbf3
Jko2-Zmi4
Wwy8-Jko2
Jrv9-Wwy8
Pmi9-Jrv9
Mtn0-Fcm0
Ijb3-Mtn0
Puo4-Ijb3
Ydr5-Puo4
Zxn2-Ydr5
Ecs5-Qnw6
Zcl8-Jrr6
Jmd0-A_k2
Hhq3-Jmd0
Xxv4-Hhq3
Wmx9-Eph9
Clz7-Wmx9
Vlz9-Clz7
Fq_4-Vlz9
Xox7-Fq_4
C_j3-Cxg0
Jtk0-C_j3
Kcb6-Jtk0
Cfc4-Kcb6
Ye_1-J_v5
Vcv4-Ye_1
Uag6-Saz3
Mxb4-Uag6
Ysl1-Uz_8
Jnp6-Hsu6
Mjk1-Bs_1
Tbv2-Mjk1
Plt4-Pkf3
Kul7-Izl6
Bqn7-Kul7
Avm7-Bqn7
Nln6-Yy_4
Jv_1-Xew1
Fge8-Oft0
Xas7-Zbl8
Nlp6-Erm6
Rbf5-Bdg2
Gzd4-Rbf5
Y_b0-Bal0
Aoz5-Phk3
Qsp4-Aoz5
K_g8-Qsp4
Fn_3-K_g8
H_v3-Fn_3
Vep6-Bio6
Ifx6-Nbb3
Q_k7-Ifx6
Enc0-Wxm6
Kvg0-Enc0
Mtb9-Kvg0
Avb1-Sly9
Vcw7-Avb1
Enx5-Vcw7
Zld8-Nrl3
Rx_8-Bbn4
Pju0-Q_f5
Upt9-Wso5
I_a0-Upt9
Bkd3-I_a0
Fxw4-Bkd3
Ro_9-Fxw4
Axx9-Ro_9
Emn3-Dbk5
Ikj9-Emn3
Vce7-Rps5
Q_k7-Vce7
Rps5-Gul1
Gul1-Ikj9
Dbk5-Axx9
Wso5-Vzr8
Vzr8-P_f3
P_f3-Pju0
Q_f5-Vgi7
Vgi7-Iz_6
Iz_6-Rx_8
Bbn4-Zld8
Nrl3-Enx5
Sly9-Mtb9
Wxm6-Omk9
Omk9-Wdj1
Nbb3-Ck_3
Ck_3-Vep6
Bio6-H_v3
Phk3-R_a7
R_a7-Y_b0
Bal0-Bkc8
Bkc8-Fen4
Fen4-Ui_9
Ui_9-Ztv9
Ztv9-Zhp4
Zhp4-Gzd4
Bdg2-Aiw5
Aiw5-Hu_8
Hu_8-Nlp6
Erm6-Dex0
Dex0-Wbt4
Wbt4-Kkx3
Kkx3-Xas7
Zbl8-Gey4
Gey4-Sdk1
Sdk1-Xde8
Xde8-Fge8
Oft0-Klp8
Klp8-Jv_1
Xew1-Otz8
Otz8-Ajz4
Ajz4-Cnl8
Cnl8-Byn4
Byn4-Nln6
Yy_4-Jis1
Jis1-Avm7
Izl6-Plt4
Pkf3-Fla5
Fla5-Ufz6
Ufz6-Aud9
Aud9-Bty5
Bty5-Tbv2
Bs_1-Wva3
Wva3-Dbj5
Dbj5-Wdj1
Q_k7-Szw9
Szw9-Cfj1
Cfj1-Jnp6
Hsu6-Rwk8
Rwk8-Ysl1
Uz_8-Mxb4
Saz3-Vcv4
J_v5-Hdg3
Hdg3-A_f0
A_f0-Rak8
Rak8-Ezk3
Ezk3-Cfc4
Cxg0-Rtz3
Rtz3-Xox7
Eph9-J_p2
J_p2-Xxv4
A_k2-Ser8
Ser8-Zcl8
Jrr6-Dkm2
Dkm2-Ecs5
Qnw6-Zxn2
Fcm0-Joj0
Joj0-Pmi9
Zmi4-Fat1
Ufk2-Wgm0
Ina7-Ogx3
Ogx3-Cjj5
Cjj5-Tji5
Dxr7-Hjy0
Goq1-Pmv6
Wlr5-Fuk0
Fuk0-Kpx1
Ipa8-Pvn4
Pvn4-P_u9
P_u9-Vne7
Vne7-Qoc8
Uv_0-Xnc9
Xnc9-A_m3
Qus2-Dex7
Pye5-Grj8
Qwo7-Doq3
Doq3-Tra4
Xis4-Pxl1
Syg1-Gss7
Krr0-Mab1
Mab1-Apk4
Apk4-Vdx1
Vdx1-Gnv4
Qdu0-Kjk9
Due8-Mmh6
Mmh6-Amp0
Amp0-Bbt1
Bbt1-Dlc5
Dlc5-Xsw8
B_b8-Qgz5
Fxh0-Hdu7
Xvr6-Wt_1
Wfo8-Nhy4
Qou9-Vxb7
Vxb7-Jdl9
Jdl9-Rne5
Rne5-Ckr6
Ckr6-Gc_1
Eji1-Alk1
Alk1-Rpl3
Rpl3-Pum6
Els9-Hdc9
Hdc9-Cx_4
Cx_4-Mvn9
Mvn9-Bwi9
Bwi9-Nb_2
Nb_2-Afc4
Afc4-Pvh0
Yqx2-Ggq4
Ggq4-Xxn1
Jme3-Rcg1
Pdg5-Bug1
Q_k7-Coq7
Fpd1-Dj_5
N_v7-O_k9
O_k9-Mgt3
Mgt3-Bu_0
Bu_0-Cxl5
Gtq7-Q_v3
Kun2-Xci7
Znr2-D_n7
D_n7-Kax1
Kax1-M_i3
M_i3-Tjn4
Tjn4-Kbc1
Mbf9-Yxn9
Yxn9-Hpb2
Njc5-Bug3
Cbn9-Fic1
Fic1-Ecd6
Tas6-E_v7
E_v7-Crh3
Crh3-Htm4
Yvx3-D__0
Yok3-Ggy7
Ggy7-Xiv8
Q_k7-Yyz6
Yyz6-N_b4
N_b4-Wzi4
Wzi4-Cqv2
S_r4-Ipd7
Ipd7-Zje1
Ztc9-Jl_9
Jl_9-Ndu4
Ndu4-Ktk3
Eya4-Cvy4
Cvy4-Grz8
Grz8-U_l0
Yob2-Tmh6
Tmh6-Dzx5
Rzo4-Ygh6
Kie6-F_p1
F_p1-Hdx0
Hdx0-Inv7
Inv7-T_n0
Bva7-Ig_7
Ig_7-Gpm2
Wqd0-Ntg5
Ntg5-Fda8
Fda8-Sez8
Szc3-Yhi1
Mua9-Rew0
Mxf3-Dqe3
Qsu6-Uts8
Fkm7-N_h6
N_h6-Ztu5
Mkr4-Wyn5
Dsy4-Wdj1
Sez8-C_d0
Ipd7-A_s6
Sgh1-Hln3
Jrr6-Uol8
Bxr8-Cyc5
Ui_9-Saa1
Vhx3-Vah0
Rne5-Nlb8
Y_b0-Eyt9
Bkc8-Rxk6
Rpl3-Hvs9
Fla5-Hvg5
Xfu6-Aux6
Vzw0-Fkr0
Fla5-Zb_0
Bbn4-Gme4
Iz_6-Qtn7
Dcv9-Tel4
Yqx2-Yyu6
Xis4-Sw_3
Jrv9-Mtz3
Ysl1-Mdu1
Jme3-Trl6
Rtz3-Tgf3
Apk4-Ujx4
Yyu6-Mrl3
N_x7-Esa4
Nto0-Iib8
Gnv4-Ybd4
Joj0-Hn_9
Enc0-Ihf1
#Here is the number of lines required: 33

L1-Vce7
L1-Rps5
L1-Gul1
L1-Ikj9
L1-Emn3
L1-Dbk5
L1-Axx9
L1-Ro_9
L1-Fxw4
L1-Bkd3
L1-I_a0
L1-Upt9
L1-Wso5
L1-Vzr8
L1-P_f3
L1-Pju0
L1-Q_f5
L1-Vgi7
L1-Iz_6
L1-Rx_8
L1-Bbn4
L1-Zld8
L1-Nrl3
L1-Enx5
L1-Vcw7
L1-Avb1
L1-Sly9
L1-Mtb9
L1-Kvg0
L1-Enc0
L1-Wxm6
L1-Omk9
L1-Wdj1
