94
#Here is the number of lines required: 30
##start
Oog9 3 3
##end
Olr9 6 6
Rnp8 8 8
Fkd5 12 12
Ug_4 13 13
Exb7 15 15
Vak5 18 18
Sde8 21 21
I_q5 24 24
M_t2 29 29
Ysx8 32 32
Zod7 36 36
Ekn9 38 38
Trw0 40 40
Mqf5 42 42
Ysp3 43 43
Yf_4 48 48
Xto3 49 49
Zro2 52 52
Sph7 56 56
Uc_1 60 60
Mkn0 64 64
Abj1 69 69
Bws1 72 72
Ild0 77 77
Gf_9 81 81
Ihz2 85 85
Hix8 86 86
Ooo1 88 88
Cgs8 90 90
Npu1 95 95
Mcj5 98 98
Boa3 103 103
Jkk6 106 106
Iqy0 110 110
Fjb0 114 114
Irh1 116 116
Ryl9 119 119
Xwh0 122 122
Zjx7 126 126
Ngs3 129 129
Kkh0 133 133
Atw6 138 138
Xdz2 142 142
Bwo0 144 144
Qkh7 147 147
Q_q1 151 151
Tro5 154 154
Xxk5 158 158
New2 162 162
Qzh0 164 164
Fcu3 167 167
Vmm3 170 170
Oyr7 174 174
Xj_1 177 177
Gju0 179 179
Tqr5 184 184
Gwb5 187 187
Mlc7 190 190
Zc_7 193 193
Xgs1 196 196
A_a6 199 199
Qr_4 202 202
Krt6 204 204
Euy2 206 206
Fi_6 208 208
Rpk7 211 211
Tyx6 215 215
H_m8 219 219
Sfd3 224 224
M_m4 228 228
Ekc0 233 233
Jte7 236 236
Nes7 237 237
Sgp2 242 242
Sga9 246 246
Svb3 249 249
Ksg8 251 251
K_y5 253 253
Po_4 255 255
Fpg1 257 257
B_h4 260 260
Tcp6 262 262
Ryq1 266 266
Uc_3 270 270
Mnj4 275 275
Vmy2 279 279
Ohr8 280 280
Ezy2 281 281
N_i2 284 284
Tqh9 285 285
Zik2 287 287
Gmn8 291 291
Fzf9 295 295
Rxo3 299 299
Sj_3 303 303
P_p5 308 308
Obi7 311 311
Tek4 315 315
X_q7 318 318
Ca_4 321 321
Pgc5 323 323
Qq_0 327 327
Gbz7 329 329
Ouy5 330 330
Mct2 334 334
Vhr7 337 337
Plm7 340 340
V_f1 342 342
Tdd7 345 345
Xab4 348 348
Usi9 352 352
Dw_8 354 354
Asm1 357 357
Vzg3 360 360
Bav5 362 362
Vcl0 366 366
Vyz2 367 367
Och4 370 370
Egi3 371 371
Clw4 372 372
Qnf6 376 376
Dep1 380 380
Dgl1 382 382
Imp2 383 383
Use1 385 385
Awg4 387 387
Xcu8 389 389
Io_1 393 393
Rsh2 398 398
Anj3 399 399
Fik7 402 402
Eg_9 406 406
Uo_4 407 407
Dun1 409 409
Wkf0 412 412
Brk3 414 414
Qys3 417 417
Wpj5 419 419
Br_3 421 421
Bpw4 423 423
S_x4 426 426
N_l8 429 429
Jqc6 431 431
Cci6 435 435
Zlz4 439 439
Ofj4 441 441
Otv9 444 444
Vyc1 445 445
Wzx7 450 450
Nyr9 452 452
Wwr1 457 457
Vbg0 459 459
Min7 464 464
Vwc1 468 468
W_x3 470 470
Oit2 474 474
Cua8 478 478
Gap4 481 481
Aba9 482 482
Dwd3 484 484
Uxi8 488 488
Rmz8 492 492
Zq_3 495 495
Xzl0 499 499
M__4 502 502
Ftr6 507 507
Ttm0 511 511
Xqz8 514 514
Qms4 518 518
Onl9 523 523
Fnc7 528 528
Fz_4 532 532
Bjm2 534 534
Tuu2 537 537
Kec7 540 540
Nli7 542 542
Cyl6 544 544
Cew8 548 548
Dmz0 551 551
Pgk6 553 553
Kxf5 557 557
Fbo1 558 558
Bhc8 562 562
Xqy1 563 563
Olu7 564 564
Sxm0 569 569
Dlp4 570 570
Ihg9 572 572
Jra6 576 576
Mal0 580 580
Sii5 582 582
Klb2 584 584
Xxu8 587 587
Uhf4 588 588
Iwk5 592 592
Tnw5 597 597
Vfr4 600 600
Elt5 601 601
Hh_4 605 605
Mmp9 608 608
I_v7 611 611
Vbk2 614 614
Mkw5 618 618
Uuz6 620 620
Gmv6 624 624
Rpq3 629 629
Esx2 630 630
Rjy6 633 633
Ojq1 635 635
Z_o6 636 636
Zqh6 638 638
Omm9 642 642
Tpi7 645 645
Cqi5 650 650
Wjf2 652 652
F_p1 656 656
I_z1 663 663
T_c7 667 667
Soi5 668 668
Zvk9 673 673
Rxa7 678 678
B_q7 682 682
H_x2 685 685
Ivp4 689 689
Q_u5 694 694
Dcn3 696 696
Stj3 699 699
Gvs5 703 703
Oby7 706 706
Xon5 709 709
Oy_3 711 711
Hsn8 714 714
W_a3 718 718
Kmy2 722 722
R_n5 724 724
Krc8 728 728
Pit9 729 729
Ffb8 731 731
X_g1 735 735
Nsn2 739 739
Qsm0 743 743
Oxk2 745 745
Hsd7 749 749
Nne2 752 752
Dow0 757 757
Swc1 758 758
Zbi5 762 762
Ksz3 764 764
Jef7 767 767
Xuv2 770 770
Yfv8 775 775
Cei7 780 780
Acq2 783 783
Xff3 787 787
Icg3 788 788
Iuc2 790 790
Vys7 793 793
Ayn2 796 796
Fjl1 798 798
Eno7 801 801
Ome4 805 805
Kyc4 809 809
Qau5 811 811
Dw_5 816 816
Mmk2 819 819
Fwb2 823 823
Ou_4 826 826
V_r5 829 829
Vol3 832 832
Anm4 835 835
Euv1 838 838
Ryy3 840 840
X_q1 843 843
Iin9 845 845
Fri2 849 849
Ba_9 851 851
Srt5 854 854
Bx_3 857 857
Vrq1 861 861
Dtt0 864 864
Z_j7 866 866
Apg6 870 870
Ue_2 873 873
Vyz1 875 875
Qxt4 880 880
Vlm1 883 883
Aji0 886 886
Jhz4 889 889
Xqt7 891 891
Hrk9 895 895
Ael6 896 896
Wzq8 897 897
Ecz9 901 901
Vu_1 906 906
Rjs1 911 911
Epf9 914 914
Zlm7 917 917
Yed4 920 920
Yfq4 924 924
Nju0 929 929
Wtv9 932 932
Wxx4 935 935
Bsz9 938 938
Rqe6 940 940
Byr0 944 944
Emz2 946 946
Auk4 949 949
Omk7 953 953
Rab2 957 957
Ios3 960 960
Qjo9 963 963
Ofk4 966 966
Ckm1 968 968
O_h6 973 973
Wrg5 975 975
Iq_6 980 980
Amn0 983 983
Qrt7 987 987
Ssj4 990 990
Ale4 992 992
Zaf0 994 994
Fw_2 999 999
Kqi6 1002 1002
Ofo1 1004 1004
Zvq1 1008 1008
Hg_2 1013 1013
Qfq7 1016 1016
Zxj8 1019 1019
M_o7 1023 1023
Tyy8 1028 1028
Vmr6 1031 1031
T_o2 1033 1033
Hww3 1036 1036
S_g1 1039 1039
Axv3 1041 1041
I__8 1044 1044
Cli1 1047 1047
Qu_2 1050 1050
Nvq7 1051 1051
Czz1 1054 1054
Wvr4 1058 1058
Zk_4 1059 1059
Apn0 1063 1063
Zon0 1066 1066
Pue8 1069 1069
Ddh9 1071 1071
Tlr8 1074 1074
Isp0 1076 1076
Uq_5 1080 1080
Rje9 1084 1084
Bqp2 1087 1087
W_k0 1089 1089
Mzz1 1091 1091
Yo_4 1094 1094
Pfo6 1097 1097
Ybc9 1102 1102
Orq0 1106 1106
Mch4 1111 1111
Mtd5 1114 1114
Dxr5 1118 1118
Jgg9 1122 1122
Ncx8 1125 1125
Iky2 1126 1126
A_y1 1128 1128
M_j5 1131 1131
Crd4 1134 1134
Iwk6 1137 1137
Dib8 1139 1139
Tmi6 1143 1143
Zpx9 1145 1145
Xxs5 1148 1148
Irg6 1149 1149
Kzc8 1152 1152
R_q2 1155 1155
T_h2 1159 1159
Mqf3 1162 1162
Dmw0 1166 1166
Sh_3 1171 1171
Fxt6 1175 1175
Afx8 1178 1178
Pjx9 1182 1182
Fx_8 1187 1187
Dpm9 1190 1190
J_l2 1194 1194
Dee8 1198 1198
Y_l3 1203 1203
Etf4 1206 1206
Hvg6 1209 1209
R_h3 1211 1211
Z_p8 1214 1214
Ys_3 1217 1217
Rnp9 1220 1220
Dpu0 1224 1224
Egw5 1227 1227
Fn_9 1230 1230
Yow3 1233 1233
N_b5 1234 1234
Fsm9 1238 1238
Kem3 1241 1241
Cyo4 1244 1244
Ryh6 1247 1247
Hd_5 1249 1249
Ycx4 1253 1253
Ubu6 1258 1258
Rzo3 1259 1259
Guf5 1264 1264
Pop0 1267 1267
Etd7 1271 1271
Co_4 1275 1275
Pcw6 1279 1279
Rzt1 1282 1282
Hdh9 1285 1285
Ab_9 1286 1286
Uls8 1289 1289
Xtp2 1294 1294
Trp0 1297 1297
S_u9 1300 1300
Ezz9 1304 1304
Avg0 1306 1306
Wig8 1310 1310
Rjv1 1312 1312
Qea1 1316 1316
A_g4 1319 1319
Edd0 1322 1322
Sjx7 1323 1323
Gdw5 1327 1327
Uwu4 1329 1329
Yuk4 1334 1334
Xpg9 1335 1335
Osp2 1340 1340
Ydm2 1342 1342
A_h5 1345 1345
Czw4 1349 1349
Pnm1 1351 1351
Bgx0 1355 1355
Ozx5 1358 1358
D_d5 1361 1361
Kmn3 1362 1362
Egq9 1364 1364
Ps_8 1368 1368
Tly3 1372 1372
Agd3 1373 1373
Shy4 1376 1376
Ooo1-Shy4
Ild0-Ug_4
Ou_4-Sde8
N_l8-I_q5
Wwr1-M_t2
Xpg9-Ps_8
Zon0-Kmn3
Dtt0-Zod7
Ihz2-Ekn9
Rab2-D_d5
Pit9-Bgx0
Bx_3-Trw0
Io_1-Czw4
Eno7-A_h5
Ngs3-Ydm2
Jte7-Mqf5
Wzq8-Yf_4
Asm1-Uwu4
Dpm9-Gdw5
Zlm7-Sjx7
Iin9-Sph7
Wig8-Edd0
Fx_8-Qea1
H_m8-Ild0
Oxk2-Rjv1
Xcu8-Gf_9
N_l8-Wig8
Uxi8-Ihz2
Boa3-Avg0
Xxu8-Ezz9
Omk7-S_u9
Dow0-Trp0
Xxu8-Ab_9
Ryl9-Hdh9
Hww3-Rzt1
Anj3-Pcw6
Mtd5-Jkk6
Pfo6-Iqy0
Qau5-Etd7
Vyz2-Fjb0
Ryl9-Guf5
Uc_3-Xwh0
Ue_2-Ubu6
Vyz2-Xdz2
Ofj4-Bwo0
Emz2-Ycx4
Ohr8-Hd_5
Vrq1-Ryh6
Klb2-Q_q1
Ksz3-Fsm9
Ddh9-N_b5
Asm1-New2
Oyr7-Egw5
Wpj5-Dpu0
Po_4-Qzh0
Vbk2-Fcu3
Krc8-Vmm3
Plm7-Oyr7
Jqc6-Z_p8
Zon0-Gju0
X_q7-Etf4
Awg4-Tqr5
Fwb2-Zc_7
Sii5-A_a6
Wzx7-Qr_4
Ecz9-J_l2
Ksz3-Dpm9
Jra6-Fx_8
Mnj4-Euy2
Elt5-Fi_6
Anm4-Rpk7
Egi3-Fxt6
Ael6-Sh_3
Wzq8-H_m8
Klb2-Sfd3
O_h6-M_m4
T_c7-Ekc0
Zbi5-Nes7
Tcp6-Sga9
Zik2-Kzc8
Irg6-Olr9
Po_4-K_y5
Xxs5-Fpg1
Zpx9-Xxs5
B_h4-Zpx9
Tcp6-Tmi6
Iwk6-Dib8
Uc_3-Iwk6
M_j5-Mnj4
A_y1-M_j5
Ncx8-Iky2
Vmy2-Ncx8
Ezy2-Ohr8
Mtd5-Dxr5
Tqh9-Orq0
Gmn8-Ybc9
Pfo6-Gmn8
Fzf9-Pfo6
Oog9-Rxo3
Sj_3-Olr9
W_k0-P_p5
Bqp2-W_k0
Obi7-Bqp2
Rje9-Tek4
Uq_5-Rje9
Isp0-Pgc5
Qq_0-Isp0
Tlr8-Qq_0
Mct2-Ddh9
Pue8-Mct2
Zk_4-Apn0
Nvq7-Czz1
Plm7-Nvq7
V_f1-Qu_2
Tdd7-V_f1
Cli1-Tdd7
Axv3-I__8
S_g1-Axv3
Usi9-S_g1
Hww3-Usi9
T_o2-Hww3
Vmr6-T_o2
Tyy8-Vmr6
M_o7-Tyy8
Qfq7-Zxj8
Oog9-Hg_2
Ofo1-Vcl0
Och4-Vyz2
Fw_2-Egi3
Clw4-Fw_2
Dgl1-Dep1
Use1-Imp2
Ssj4-Awg4
Amn0-Qrt7
Iq_6-Amn0
Wrg5-Iq_6
Ckm1-Xcu8
Io_1-Ckm1
Ofk4-Rsh2
Qjo9-Ofk4
Anj3-Qjo9
Oog9-Omk7
Emz2-Auk4
Rqe6-Byr0
Wkf0-Dun1
Wpj5-Qys3
Br_3-Wpj5
Oog9-Wxx4
Wtv9-Olr9
Jqc6-Wtv9
Cci6-Jqc6
Nju0-Cci6
Yed4-Yfq4
Zlm7-Yed4
Ofj4-Zlz4
Rjs1-Epf9
Otv9-Vu_1
Vyc1-Otv9
Wzx7-Ecz9
Ael6-Wzq8
Hrk9-Ael6
Nyr9-Hrk9
Oog9-Nyr9
F_p1-Olr9
Vbg0-Wwr1
Min7-Jhz4
Aji0-Min7
Vwc1-Aji0
Vlm1-Vwc1
Oog9-Vrq1
Gap4-Bx_3
Srt5-Gap4
Aba9-Srt5
Ba_9-Aba9
X_q1-Iin9
Dwd3-Ryy3
Uxi8-Dwd3
M__4-Xzl0
Ftr6-Euv1
Oog9-Ftr6
Anm4-Olr9
Ttm0-Anm4
Vol3-Ttm0
Xqz8-Vol3
Qms4-Xqz8
Onl9-Qms4
V_r5-Onl9
Mmk2-Fz_4
Bjm2-Mmk2
Qau5-Kec7
Kyc4-Qau5
Ome4-Kyc4
Fjl1-Eno7
Ayn2-Fjl1
Iuc2-Olr9
Cyl6-Nli7
Icg3-Cyl6
Cew8-Icg3
Acq2-Xff3
Pgk6-Acq2
Kxf5-Pgk6
Bhc8-Fbo1
Sxm0-Olu7
Jra6-Ihg9
Cei7-Jra6
Xuv2-Yfv8
Jef7-Mal0
Zbi5-Sii5
Swc1-Klb2
Dow0-Swc1
Hsd7-Tnw5
Qsm0-Oxk2
Vfr4-Qsm0
Elt5-Vfr4
Nsn2-Elt5
Oog9-Nsn2
X_g1-Hh_4
Ffb8-I_v7
R_n5-Krc8
Kmy2-R_n5
Vbk2-Kmy2
Hsn8-W_a3
Uuz6-Mkw5
Oy_3-Uuz6
Xon5-Oy_3
Oby7-Xon5
Rpq3-Stj3
Oog9-Rpq3
Esx2-Olr9
Q_u5-Dcn3
Ivp4-Q_u5
Ojq1-H_x2
B_q7-Ojq1
Z_o6-B_q7
Rxa7-Z_o6
Zqh6-Rxa7
Soi5-Tpi7
Oog9-I_z1
I_z1-Wjf2
Wjf2-Cqi5
Cqi5-T_c7
T_c7-Soi5
Tpi7-Omm9
Omm9-Zvk9
Zvk9-Zqh6
H_x2-Rjy6
Rjy6-Ivp4
Dcn3-Esx2
Stj3-Gvs5
Gvs5-Gmv6
Gmv6-Oby7
Mkw5-Hsn8
W_a3-Vbk2
Krc8-Pit9
Pit9-Ffb8
I_v7-Mmp9
Mmp9-X_g1
Hh_4-Olr9
Oxk2-Hsd7
Tnw5-Iwk5
Iwk5-Uhf4
Uhf4-Xxu8
Xxu8-Nne2
Nne2-Dow0
Klb2-Zbi5
Sii5-Ksz3
Ksz3-Olr9
Oog9-Jef7
Mal0-Xuv2
Yfv8-Cei7
Ihg9-Dlp4
Dlp4-Sxm0
Olu7-Xqy1
Xqy1-Bhc8
Fbo1-Kxf5
Xff3-Dmz0
Dmz0-Cew8
Nli7-Iuc2
Oog9-Vys7
Vys7-Ayn2
Eno7-Ome4
Kec7-Tuu2
Tuu2-Dw_5
Dw_5-Bjm2
Fz_4-Fnc7
Fnc7-Fwb2
Fwb2-Ou_4
Ou_4-V_r5
Euv1-M__4
Xzl0-Zq_3
Zq_3-Rmz8
Rmz8-Uxi8
Ryy3-X_q1
Iin9-Fri2
Fri2-Ba_9
Bx_3-Cua8
Cua8-Oit2
Oit2-W_x3
W_x3-Olr9
Vrq1-Dtt0
Dtt0-Z_j7
Z_j7-Apg6
Apg6-Ue_2
Ue_2-Vyz1
Vyz1-Qxt4
Qxt4-Vlm1
Jhz4-Xqt7
Xqt7-Vbg0
Wwr1-F_p1
Wzq8-Wzx7
Ecz9-Vyc1
Vu_1-Rjs1
Epf9-Ofj4
Zlz4-Zlm7
Yfq4-Nju0
Wxx4-N_l8
N_l8-Bsz9
Bsz9-S_x4
S_x4-Bpw4
Bpw4-Br_3
Qys3-Brk3
Brk3-Wkf0
Dun1-Uo_4
Uo_4-Eg_9
Eg_9-Rqe6
Byr0-Emz2
Auk4-Olr9
Omk7-Fik7
Fik7-Rab2
Rab2-Ios3
Ios3-Anj3
Rsh2-Io_1
Xcu8-O_h6
O_h6-Wrg5
Qrt7-Ssj4
Awg4-Use1
Imp2-Ale4
Ale4-Dgl1
Dep1-Qnf6
Qnf6-Zaf0
Zaf0-Clw4
Egi3-Och4
Vyz2-Kqi6
Kqi6-Ofo1
Vcl0-Zvq1
Zvq1-Bav5
Bav5-Vzg3
Vzg3-Olr9
Hg_2-Asm1
Asm1-Dw_8
Dw_8-Qfq7
Zxj8-M_o7
I__8-Xab4
Xab4-Cli1
Qu_2-Plm7
Czz1-Vhr7
Vhr7-Wvr4
Wvr4-Zk_4
Apn0-Zon0
Zon0-Pue8
Ddh9-Ouy5
Ouy5-Gbz7
Gbz7-Tlr8
Pgc5-Ca_4
Ca_4-X_q7
X_q7-Uq_5
Tek4-Obi7
P_p5-Sj_3
Rxo3-Mzz1
Mzz1-Yo_4
Yo_4-Fzf9
Ybc9-Zik2
Zik2-Tqh9
Orq0-N_i2
N_i2-Mch4
Mch4-Mtd5
Dxr5-Ezy2
Ohr8-Jgg9
Jgg9-Vmy2
Iky2-A_y1
Mnj4-Crd4
Crd4-Uc_3
Dib8-Ryq1
Ryq1-Tcp6
Tmi6-B_h4
Fpg1-Po_4
K_y5-Irg6
Ca_4-R_q2
Pit9-T_h2
Tqh9-Ksg8
Qnf6-Mqf3
Xqz8-Svb3
Aba9-Sgp2
Zpx9-Jte7
Tlr8-Dmw0
Fwb2-Tyx6
Mnj4-Afx8
Anj3-Pjx9
S_g1-Krt6
Vbk2-Dee8
Plm7-Xgs1
Tqh9-Mlc7
Aba9-Gwb5
Stj3-Y_l3
Otv9-Xj_1
N_l8-Hvg6
Tpi7-R_h3
Ecz9-Ys_3
Fxt6-Rnp9
Ecz9-Fn_9
Hww3-Yow3
Nju0-Xxk5
Axv3-Tro5
Och4-Qkh7
Tyy8-Kem3
Fsm9-Cyo4
Vmm3-Atw6
Olu7-Kkh0
W_k0-Ngs3
Tdd7-Zjx7
Bwo0-Ryl9
Zvk9-Rzo3
Zpx9-Irh1
Mmp9-Pop0
Bav5-Co_4
Bsz9-Boa3
Tqr5-Mcj5
Mnj4-Npu1
Tyy8-Uls8
M_m4-Cgs8
W_k0-Ooo1
Kzc8-Xtp2
Nne2-Hix8
Cew8-Bws1
Xqz8-Abj1
Gvs5-A_g4
Mmp9-Mkn0
W_x3-Uc_1
Wpj5-Zro2
Rqe6-Xto3
Ksg8-Yuk4
Avg0-Xpg9
Qu_2-Osp2
Ca_4-Ysp3
Gwb5-Pnm1
Gbz7-Ozx5
Ubu6-Ysx8
Gmv6-Egq9
Fjb0-Tly3
Tro5-Vak5
Wtv9-Agd3
Gju0-Exb7
T_c7-Fkd5
Q_q1-Rnp8
#Here is the number of lines required: 30

L1-Vys7 L2-Jef7 L3-Rpq3 L4-Nyr9 L5-Ftr6 L6-I_z1 L7-Nsn2 L8-Wxx4 L9-Vrq1
L1-Ayn2 L10-Vys7 L2-Mal0 L11-Jef7 L3-Stj3 L12-Rpq3 L4-Hrk9 L13-Nyr9 L5-Euv1 L14-Ftr6 L6-Wjf2 L15-I_z1 L7-Elt5 L16-Nsn2 L8-N_l8 L17-Wxx4 L9-Dtt0 L18-Vrq1
L1-Fjl1 L10-Ayn2 L19-Vys7 L2-Xuv2 L11-Mal0 L20-Jef7 L3-Gvs5 L12-Stj3 L21-Rpq3 L4-Ael6 L13-Hrk9 L22-Nyr9 L5-M__4 L14-Euv1 L23-Ftr6 L6-Cqi5 L15-Wjf2 L24-I_z1 L7-Vfr4 L16-Elt5 L25-Nsn2 L8-Bsz9 L17-N_l8 L26-Wxx4 L9-Z_j7 L18-Dtt0 L27-Vrq1
L1-Eno7 L10-Fjl1 L19-Ayn2 L28-Vys7 L2-Yfv8 L11-Xuv2 L20-Mal0 L29-Jef7 L3-Gmv6 L12-Gvs5 L21-Stj3 L30-Rpq3 L4-Wzq8 L13-Ael6 L22-Hrk9 L31-Nyr9 L5-Xzl0 L14-M__4 L23-Euv1 L32-Ftr6 L6-T_c7 L15-Cqi5 L24-Wjf2 L33-I_z1 L7-Qsm0 L16-Vfr4 L25-Elt5 L34-Nsn2 L8-S_x4 L17-Bsz9 L26-N_l8 L35-Wxx4 L9-Apg6 L18-Z_j7 L27-Dtt0 L36-Vrq1
L1-Ome4 L10-Eno7 L19-Fjl1 L28-Ayn2 L37-Vys7 L2-Cei7 L11-Yfv8 L20-Xuv2 L29-Mal0 L38-Jef7 L3-Oby7 L12-Gmv6 L21-Gvs5 L30-Stj3 L39-Rpq3 L4-Wzx7 L13-Wzq8 L22-Ael6 L31-Hrk9 L40-Nyr9 L5-Zq_3 L14-Xzl0 L23-M__4 L32-Euv1 L41-Ftr6 L6-Soi5 L15-T_c7 L24-Cqi5 L33-Wjf2 L42-I_z1 L7-Oxk2 L16-Qsm0 L25-Vfr4 L34-Elt5 L43-Nsn2 L8-Bpw4 L17-S_x4 L26-Bsz9 L35-N_l8 L44-Wxx4 L9-Ue_2 L18-Apg6 L27-Z_j7 L36-Dtt0 L45-Vrq1
L1-Kyc4 L10-Ome4 L19-Eno7 L28-Fjl1 L37-Ayn2 L46-Vys7 L2-Jra6 L11-Cei7 L20-Yfv8 L29-Xuv2 L38-Mal0 L47-Jef7 L3-Xon5 L12-Oby7 L21-Gmv6 L30-Gvs5 L39-Stj3 L48-Rpq3 L4-Ecz9 L13-Wzx7 L22-Wzq8 L31-Ael6 L40-Hrk9 L49-Nyr9 L5-Rmz8 L14-Zq_3 L23-Xzl0 L32-M__4 L41-Euv1 L50-Ftr6 L6-Tpi7 L15-Soi5 L24-T_c7 L33-Cqi5 L42-Wjf2 L51-I_z1 L7-Hsd7 L16-Oxk2 L25-Qsm0 L34-Vfr4 L43-Elt5 L52-Nsn2 L8-Br_3 L17-Bpw4 L26-S_x4 L35-Bsz9 L44-N_l8 L53-Wxx4 L9-Vyz1 L18-Ue_2 L27-Apg6 L36-Z_j7 L45-Dtt0 L54-Vrq1
L1-Qau5 L10-Kyc4 L19-Ome4 L28-Eno7 L37-Fjl1 L46-Ayn2 L55-Vys7 L2-Ihg9 L11-Jra6 L20-Cei7 L29-Yfv8 L38-Xuv2 L47-Mal0 L56-Jef7 L3-Oy_3 L12-Xon5 L21-Oby7 L30-Gmv6 L39-Gvs5 L48-Stj3 L57-Rpq3 L4-Vyc1 L13-Ecz9 L22-Wzx7 L31-Wzq8 L40-Ael6 L49-Hrk9 L58-Nyr9 L5-Uxi8 L14-Rmz8 L23-Zq_3 L32-Xzl0 L41-M__4 L50-Euv1 L59-Ftr6 L6-Omm9 L15-Tpi7 L24-Soi5 L33-T_c7 L42-Cqi5 L51-Wjf2 L60-I_z1 L7-Tnw5 L16-Hsd7 L25-Oxk2 L34-Qsm0 L43-Vfr4 L52-Elt5 L61-Nsn2 L8-Wpj5 L17-Br_3 L26-Bpw4 L35-S_x4 L44-Bsz9 L53-N_l8 L62-Wxx4 L9-Qxt4 L18-Vyz1 L27-Ue_2 L36-Apg6 L45-Z_j7 L54-Dtt0 L63-Vrq1
L1-Kec7 L10-Qau5 L19-Kyc4 L28-Ome4 L37-Eno7 L46-Fjl1 L55-Ayn2 L64-Vys7 L2-Dlp4 L11-Ihg9 L20-Jra6 L29-Cei7 L38-Yfv8 L47-Xuv2 L56-Mal0 L65-Jef7 L3-Uuz6 L12-Oy_3 L21-Xon5 L30-Oby7 L39-Gmv6 L48-Gvs5 L57-Stj3 L66-Rpq3 L4-Otv9 L13-Vyc1 L22-Ecz9 L31-Wzx7 L40-Wzq8 L49-Ael6 L58-Hrk9 L67-Nyr9 L5-Dwd3 L14-Uxi8 L23-Rmz8 L32-Zq_3 L41-Xzl0 L50-M__4 L59-Euv1 L68-Ftr6 L6-Zvk9 L15-Omm9 L24-Tpi7 L33-Soi5 L42-T_c7 L51-Cqi5 L60-Wjf2 L69-I_z1 L7-Iwk5 L16-Tnw5 L25-Hsd7 L34-Oxk2 L43-Qsm0 L52-Vfr4 L61-Elt5 L70-Nsn2 L8-Qys3 L17-Wpj5 L26-Br_3 L35-Bpw4 L44-S_x4 L53-Bsz9 L62-N_l8 L71-Wxx4 L9-Vlm1 L18-Qxt4 L27-Vyz1 L36-Ue_2 L45-Apg6 L54-Z_j7 L63-Dtt0 L72-Vrq1
L1-Tuu2 L10-Kec7 L19-Qau5 L28-Kyc4 L37-Ome4 L46-Eno7 L55-Fjl1 L64-Ayn2 L73-Vys7 L2-Sxm0 L11-Dlp4 L20-Ihg9 L29-Jra6 L38-Cei7 L47-Yfv8 L56-Xuv2 L65-Mal0 L74-Jef7 L3-Mkw5 L12-Uuz6 L21-Oy_3 L30-Xon5 L39-Oby7 L48-Gmv6 L57-Gvs5 L66-Stj3 L75-Rpq3 L4-Vu_1 L13-Otv9 L22-Vyc1 L31-Ecz9 L40-Wzx7 L49-Wzq8 L58-Ael6 L67-Hrk9 L76-Nyr9 L5-Ryy3 L14-Dwd3 L23-Uxi8 L32-Rmz8 L41-Zq_3 L50-Xzl0 L59-M__4 L68-Euv1 L77-Ftr6 L6-Zqh6 L15-Zvk9 L24-Omm9 L33-Tpi7 L42-Soi5 L51-T_c7 L60-Cqi5 L69-Wjf2 L78-I_z1 L7-Uhf4 L16-Iwk5 L25-Tnw5 L34-Hsd7 L43-Oxk2 L52-Qsm0 L61-Vfr4 L70-Elt5 L79-Nsn2 L8-Brk3 L17-Qys3 L26-Wpj5 L35-Br_3 L44-Bpw4 L53-S_x4 L62-Bsz9 L71-N_l8 L80-Wxx4 L9-Vwc1 L18-Vlm1 L27-Qxt4 L36-Vyz1 L45-Ue_2 L54-Apg6 L63-Z_j7 L72-Dtt0 L81-Vrq1
L1-Dw_5 L10-Tuu2 L19-Kec7 L28-Qau5 L37-Kyc4 L46-Ome4 L55-Eno7 L64-Fjl1 L73-Ayn2 L82-Vys7 L2-Olu7 L11-Sxm0 L20-Dlp4 L29-Ihg9 L38-Jra6 L47-Cei7 L56-Yfv8 L65-Xuv2 L74-Mal0 L83-Jef7 L3-Hsn8 L12-Mkw5 L21-Uuz6 L30-Oy_3 L39-Xon5 L48-Oby7 L57-Gmv6 L66-Gvs5 L75-Stj3 L84-Rpq3 L4-Rjs1 L13-Vu_1 L22-Otv9 L31-Vyc1 L40-Ecz9 L49-Wzx7 L58-Wzq8 L67-Ael6 L76-Hrk9 L85-Nyr9 L5-X_q1 L14-Ryy3 L23-Dwd3 L32-Uxi8 L41-Rmz8 L50-Zq_3 L59-Xzl0 L68-M__4 L77-Euv1 L86-Ftr6 L6-Rxa7 L15-Zqh6 L24-Zvk9 L33-Omm9 L42-Tpi7 L51-Soi5 L60-T_c7 L69-Cqi5 L78-Wjf2 L87-I_z1 L7-Xxu8 L16-Uhf4 L25-Iwk5 L34-Tnw5 L43-Hsd7 L52-Oxk2 L61-Qsm0 L70-Vfr4 L79-Elt5 L88-Nsn2 L8-Wkf0 L17-Brk3 L26-Qys3 L35-Wpj5 L44-Br_3 L53-Bpw4 L62-S_x4 L71-Bsz9 L80-N_l8 L89-Wxx4 L9-Aji0 L18-Vwc1 L27-Vlm1 L36-Qxt4 L45-Vyz1 L54-Ue_2 L63-Apg6 L72-Z_j7 L81-Dtt0 L90-Vrq1
L1-Bjm2 L10-Dw_5 L19-Tuu2 L28-Kec7 L37-Qau5 L46-Kyc4 L55-Ome4 L64-Eno7 L73-Fjl1 L82-Ayn2 L2-Xqy1 L11-Olu7 L20-Sxm0 L29-Dlp4 L38-Ihg9 L47-Jra6 L56-Cei7 L65-Yfv8 L74-Xuv2 L83-Mal0 L3-W_a3 L12-Hsn8 L21-Mkw5 L30-Uuz6 L39-Oy_3 L48-Xon5 L57-Oby7 L66-Gmv6 L75-Gvs5 L84-Stj3 L4-Epf9 L13-Rjs1 L22-Vu_1 L31-Otv9 L40-Vyc1 L49-Ecz9 L58-Wzx7 L67-Wzq8 L76-Ael6 L85-Hrk9 L5-Fri2 L14-X_q1 L23-Ryy3 L32-Dwd3 L41-Uxi8 L50-Rmz8 L59-Zq_3 L68-Xzl0 L77-M__4 L86-Euv1 L6-Z_o6 L15-Rxa7 L24-Zqh6 L33-Zvk9 L42-Omm9 L51-Tpi7 L60-Soi5 L69-T_c7 L78-Cqi5 L87-Wjf2 L91-I_z1 L7-Nne2 L16-Xxu8 L25-Uhf4 L34-Iwk5 L43-Tnw5 L52-Hsd7 L61-Oxk2 L70-Qsm0 L79-Vfr4 L88-Elt5 L92-Nsn2 L8-Dun1 L17-Wkf0 L26-Brk3 L35-Qys3 L44-Wpj5 L53-Br_3 L62-Bpw4 L71-S_x4 L80-Bsz9 L89-N_l8 L93-Wxx4 L9-Jhz4 L18-Aji0 L27-Vwc1 L36-Vlm1 L45-Qxt4 L54-Vyz1 L63-Ue_2 L72-Apg6 L81-Z_j7 L90-Dtt0 L94-Vrq1
L1-Mmk2 L10-Bjm2 L19-Dw_5 L28-Tuu2 L37-Kec7 L46-Qau5 L55-Kyc4 L64-Ome4 L73-Eno7 L82-Fjl1 L2-Bhc8 L11-Xqy1 L20-Olu7 L29-Sxm0 L38-Dlp4 L47-Ihg9 L56-Jra6 L65-Cei7 L74-Yfv8 L83-Xuv2 L3-Vbk2 L12-W_a3 L21-Hsn8 L30-Mkw5 L39-Uuz6 L48-Oy_3 L57-Xon5 L66-Oby7 L75-Gmv6 L84-Gvs5 L4-Ofj4 L13-Epf9 L22-Rjs1 L31-Vu_1 L40-Otv9 L49-Vyc1 L58-Ecz9 L67-Wzx7 L76-Wzq8 L85-Ael6 L5-Ba_9 L14-Fri2 L23-X_q1 L32-Ryy3 L41-Dwd3 L50-Uxi8 L59-Rmz8 L68-Zq_3 L77-Xzl0 L86-M__4 L6-B_q7 L15-Z_o6 L24-Rxa7 L33-Zqh6 L42-Zvk9 L51-Omm9 L60-Tpi7 L69-Soi5 L78-T_c7 L87-Cqi5 L91-Wjf2 L7-Dow0 L16-Nne2 L25-Xxu8 L34-Uhf4 L43-Iwk5 L52-Tnw5 L61-Hsd7 L70-Oxk2 L79-Qsm0 L88-Vfr4 L92-Elt5 L8-Uo_4 L17-Dun1 L26-Wkf0 L35-Brk3 L44-Qys3 L53-Wpj5 L62-Br_3 L71-Bpw4 L80-S_x4 L89-Bsz9 L93-N_l8 L9-Xqt7 L18-Jhz4 L27-Aji0 L36-Vwc1 L45-Vlm1 L54-Qxt4 L63-Vyz1 L72-Ue_2 L81-Apg6 L90-Z_j7 L94-Dtt0
L1-Fz_4 L10-Mmk2 L19-Bjm2 L28-Dw_5 L37-Tuu2 L46-Kec7 L55-Qau5 L64-Kyc4 L73-Ome4 L82-Eno7 L2-Fbo1 L11-Bhc8 L20-Xqy1 L29-Olu7 L38-Sxm0 L47-Dlp4 L56-Ihg9 L65-Jra6 L74-Cei7 L83-Yfv8 L3-Kmy2 L12-Vbk2 L21-W_a3 L30-Hsn8 L39-Mkw5 L48-Uuz6 L57-Oy_3 L66-Xon5 L75-Oby7 L84-Gmv6 L4-Zlz4 L13-Ofj4 L22-Epf9 L31-Rjs1 L40-Vu_1 L49-Otv9 L58-Vyc1 L67-Ecz9 L76-Wzx7 L85-Wzq8 L5-Aba9 L14-Ba_9 L23-Fri2 L32-X_q1 L41-Ryy3 L50-Dwd3 L59-Uxi8 L68-Rmz8 L77-Zq_3 L86-Xzl0 L6-Ojq1 L15-B_q7 L24-Z_o6 L33-Rxa7 L42-Zqh6 L51-Zvk9 L60-Omm9 L69-Tpi7 L78-Soi5 L87-T_c7 L91-Cqi5 L7-Swc1 L16-Dow0 L25-Nne2 L34-Xxu8 L43-Uhf4 L52-Iwk5 L61-Tnw5 L70-Hsd7 L79-Oxk2 L88-Qsm0 L92-Vfr4 L8-Eg_9 L17-Uo_4 L26-Dun1 L35-Wkf0 L44-Brk3 L53-Qys3 L62-Wpj5 L71-Br_3 L80-Bpw4 L89-S_x4 L93-Bsz9 L9-Vbg0 L18-Xqt7 L27-Jhz4 L36-Aji0 L45-Vwc1 L54-Vlm1 L63-Qxt4 L72-Vyz1 L81-Ue_2 L90-Apg6 L94-Z_j7
L1-Fnc7 L10-Fz_4 L19-Mmk2 L28-Bjm2 L37-Dw_5 L46-Tuu2 L55-Kec7 L64-Qau5 L73-Kyc4 L82-Ome4 L2-Kxf5 L11-Fbo1 L20-Bhc8 L29-Xqy1 L38-Olu7 L47-Sxm0 L56-Dlp4 L65-Ihg9 L74-Jra6 L83-Cei7 L3-R_n5 L12-Kmy2 L21-Vbk2 L30-W_a3 L39-Hsn8 L48-Mkw5 L57-Uuz6 L66-Oy_3 L75-Xon5 L84-Oby7 L4-Zlm7 L13-Zlz4 L22-Ofj4 L31-Epf9 L40-Rjs1 L49-Vu_1 L58-Otv9 L67-Vyc1 L76-Ecz9 L85-Wzx7 L5-Srt5 L14-Aba9 L23-Ba_9 L32-Fri2 L41-X_q1 L50-Ryy3 L59-Dwd3 L68-Uxi8 L77-Rmz8 L86-Zq_3 L6-H_x2 L15-Ojq1 L24-B_q7 L33-Z_o6 L42-Rxa7 L51-Zqh6 L60-Zvk9 L69-Omm9 L78-Tpi7 L87-Soi5 L91-T_c7 L7-Klb2 L16-Swc1 L25-Dow0 L34-Nne2 L43-Xxu8 L52-Uhf4 L61-Iwk5 L70-Tnw5 L79-Hsd7 L88-Oxk2 L92-Qsm0 L8-Rqe6 L17-Eg_9 L26-Uo_4 L35-Dun1 L44-Wkf0 L53-Brk3 L62-Qys3 L71-Wpj5 L80-Br_3 L89-Bpw4 L93-S_x4 L9-Wwr1 L18-Vbg0 L27-Xqt7 L36-Jhz4 L45-Aji0 L54-Vwc1 L63-Vlm1 L72-Qxt4 L81-Vyz1 L90-Ue_2 L94-Apg6
L1-Fwb2 L10-Fnc7 L19-Fz_4 L28-Mmk2 L37-Bjm2 L46-Dw_5 L55-Tuu2 L64-Kec7 L73-Qau5 L82-Kyc4 L2-Pgk6 L11-Kxf5 L20-Fbo1 L29-Bhc8 L38-Xqy1 L47-Olu7 L56-Sxm0 L65-Dlp4 L74-Ihg9 L83-Jra6 L3-Krc8 L12-R_n5 L21-Kmy2 L30-Vbk2 L39-W_a3 L48-Hsn8 L57-Mkw5 L66-Uuz6 L75-Oy_3 L84-Xon5 L4-Yed4 L13-Zlm7 L22-Zlz4 L31-Ofj4 L40-Epf9 L49-Rjs1 L58-Vu_1 L67-Otv9 L76-Vyc1 L85-Ecz9 L5-Gap4 L14-Srt5 L23-Aba9 L32-Ba_9 L41-Fri2 L50-X_q1 L59-Ryy3 L68-Dwd3 L77-Uxi8 L86-Rmz8 L6-Rjy6 L15-H_x2 L24-Ojq1 L33-B_q7 L42-Z_o6 L51-Rxa7 L60-Zqh6 L69-Zvk9 L78-Omm9 L87-Tpi7 L91-Soi5 L7-Zbi5 L16-Klb2 L25-Swc1 L34-Dow0 L43-Nne2 L52-Xxu8 L61-Uhf4 L70-Iwk5 L79-Tnw5 L88-Hsd7 L92-Oxk2 L8-Byr0 L17-Rqe6 L26-Eg_9 L35-Uo_4 L44-Dun1 L53-Wkf0 L62-Brk3 L71-Qys3 L80-Wpj5 L89-Br_3 L93-Bpw4 L9-F_p1 L18-Wwr1 L27-Vbg0 L36-Xqt7 L45-Jhz4 L54-Aji0 L63-Vwc1 L72-Vlm1 L81-Qxt4 L90-Vyz1 L94-Ue_2
L1-Ou_4 L10-Fwb2 L19-Fnc7 L28-Fz_4 L37-Mmk2 L46-Bjm2 L55-Dw_5 L64-Tuu2 L73-Kec7 L82-Qau5 L2-Acq2 L11-Pgk6 L20-Kxf5 L29-Fbo1 L38-Bhc8 L47-Xqy1 L56-Olu7 L65-Sxm0 L74-Dlp4 L83-Ihg9 L3-Pit9 L12-Krc8 L21-R_n5 L30-Kmy2 L39-Vbk2 L48-W_a3 L57-Hsn8 L66-Mkw5 L75-Uuz6 L84-Oy_3 L4-Yfq4 L13-Yed4 L22-Zlm7 L31-Zlz4 L40-Ofj4 L49-Epf9 L58-Rjs1 L67-Vu_1 L76-Otv9 L85-Vyc1 L5-Bx_3 L14-Gap4 L23-Srt5 L32-Aba9 L41-Ba_9 L50-Fri2 L59-X_q1 L68-Ryy3 L77-Dwd3 L86-Uxi8 L6-Ivp4 L15-Rjy6 L24-H_x2 L33-Ojq1 L42-B_q7 L51-Z_o6 L60-Rxa7 L69-Zqh6 L78-Zvk9 L87-Omm9 L91-Tpi7 L7-Sii5 L16-Zbi5 L25-Klb2 L34-Swc1 L43-Dow0 L52-Nne2 L61-Xxu8 L70-Uhf4 L79-Iwk5 L88-Tnw5 L92-Hsd7 L8-Emz2 L17-Byr0 L26-Rqe6 L35-Eg_9 L44-Uo_4 L53-Dun1 L62-Wkf0 L71-Brk3 L80-Qys3 L89-Wpj5 L93-Br_3 L9-Olr9 L18-F_p1 L27-Wwr1 L36-Vbg0 L45-Xqt7 L54-Jhz4 L63-Aji0 L72-Vwc1 L81-Vlm1 L90-Qxt4 L94-Vyz1
L1-V_r5 L10-Ou_4 L19-Fwb2 L28-Fnc7 L37-Fz_4 L46-Mmk2 L55-Bjm2 L64-Dw_5 L73-Tuu2 L82-Kec7 L2-Xff3 L11-Acq2 L20-Pgk6 L29-Kxf5 L38-Fbo1 L47-Bhc8 L56-Xqy1 L65-Olu7 L74-Sxm0 L83-Dlp4 L3-Ffb8 L12-Pit9 L21-Krc8 L30-R_n5 L39-Kmy2 L48-Vbk2 L57-W_a3 L66-Hsn8 L75-Mkw5 L84-Uuz6 L4-Nju0 L13-Yfq4 L22-Yed4 L31-Zlm7 L40-Zlz4 L49-Ofj4 L58-Epf9 L67-Rjs1 L76-Vu_1 L85-Otv9 L5-Cua8 L14-Bx_3 L23-Gap4 L32-Srt5 L41-Aba9 L50-Ba_9 L59-Fri2 L68-X_q1 L77-Ryy3 L86-Dwd3 L6-Q_u5 L15-Ivp4 L24-Rjy6 L33-H_x2 L42-Ojq1 L51-B_q7 L60-Z_o6 L69-Rxa7 L78-Zqh6 L87-Zvk9 L91-Omm9 L7-Ksz3 L16-Sii5 L25-Zbi5 L34-Klb2 L43-Swc1 L52-Dow0 L61-Nne2 L70-Xxu8 L79-Uhf4 L88-Iwk5 L92-Tnw5 L8-Auk4 L17-Emz2 L26-Byr0 L35-Rqe6 L44-Eg_9 L53-Uo_4 L62-Dun1 L71-Wkf0 L80-Brk3 L89-Qys3 L93-Wpj5 L18-Olr9 L27-F_p1 L36-Wwr1 L45-Vbg0 L54-Xqt7 L63-Jhz4 L72-Aji0 L81-Vwc1 L90-Vlm1 L94-Qxt4
L1-Onl9 L10-V_r5 L19-Ou_4 L28-Fwb2 L37-Fnc7 L46-Fz_4 L55-Mmk2 L64-Bjm2 L73-Dw_5 L82-Tuu2 L2-Dmz0 L11-Xff3 L20-Acq2 L29-Pgk6 L38-Kxf5 L47-Fbo1 L56-Bhc8 L65-Xqy1 L74-Olu7 L83-Sxm0 L3-I_v7 L12-Ffb8 L21-Pit9 L30-Krc8 L39-R_n5 L48-Kmy2 L57-Vbk2 L66-W_a3 L75-Hsn8 L84-Mkw5 L4-Cci6 L13-Nju0 L22-Yfq4 L31-Yed4 L40-Zlm7 L49-Zlz4 L58-Ofj4 L67-Epf9 L76-Rjs1 L85-Vu_1 L5-Oit2 L14-Cua8 L23-Bx_3 L32-Gap4 L41-Srt5 L50-Aba9 L59-Ba_9 L68-Fri2 L77-X_q1 L86-Ryy3 L6-Dcn3 L15-Q_u5 L24-Ivp4 L33-Rjy6 L42-H_x2 L51-Ojq1 L60-B_q7 L69-Z_o6 L78-Rxa7 L87-Zqh6 L91-Zvk9 L7-Olr9 L16-Ksz3 L25-Sii5 L34-Zbi5 L43-Klb2 L52-Swc1 L61-Dow0 L70-Nne2 L79-Xxu8 L88-Uhf4 L92-Iwk5 L8-Olr9 L17-Auk4 L26-Emz2 L35-Byr0 L44-Rqe6 L53-Eg_9 L62-Uo_4 L71-Dun1 L80-Wkf0 L89-Brk3 L93-Qys3 L27-Olr9 L36-F_p1 L45-Wwr1 L54-Vbg0 L63-Xqt7 L72-Jhz4 L81-Aji0 L90-Vwc1 L94-Vlm1
L1-Qms4 L10-Onl9 L19-V_r5 L28-Ou_4 L37-Fwb2 L46-Fnc7 L55-Fz_4 L64-Mmk2 L73-Bjm2 L82-Dw_5 L2-Cew8 L11-Dmz0 L20-Xff3 L29-Acq2 L38-Pgk6 L47-Kxf5 L56-Fbo1 L65-Bhc8 L74-Xqy1 L83-Olu7 L3-Mmp9 L12-I_v7 L21-Ffb8 L30-Pit9 L39-Krc8 L48-R_n5 L57-Kmy2 L66-Vbk2 L75-W_a3 L84-Hsn8 L4-Jqc6 L13-Cci6 L22-Nju0 L31-Yfq4 L40-Yed4 L49-Zlm7 L58-Zlz4 L67-Ofj4 L76-Epf9 L85-Rjs1 L5-W_x3 L14-Oit2 L23-Cua8 L32-Bx_3 L41-Gap4 L50-Srt5 L59-Aba9 L68-Ba_9 L77-Fri2 L86-X_q1 L6-Esx2 L15-Dcn3 L24-Q_u5 L33-Ivp4 L42-Rjy6 L51-H_x2 L60-Ojq1 L69-B_q7 L78-Z_o6 L87-Rxa7 L91-Zqh6 L16-Olr9 L25-Ksz3 L34-Sii5 L43-Zbi5 L52-Klb2 L61-Swc1 L70-Dow0 L79-Nne2 L88-Xxu8 L92-Uhf4 L17-Olr9 L26-Auk4 L35-Emz2 L44-Byr0 L53-Rqe6 L62-Eg_9 L71-Uo_4 L80-Dun1 L89-Wkf0 L93-Brk3 L36-Olr9 L45-F_p1 L54-Wwr1 L63-Vbg0 L72-Xqt7 L81-Jhz4 L90-Aji0 L94-Vwc1
L1-Xqz8 L10-Qms4 L19-Onl9 L28-V_r5 L37-Ou_4 L46-Fwb2 L55-Fnc7 L64-Fz_4 L73-Mmk2 L82-Bjm2 L2-Icg3 L11-Cew8 L20-Dmz0 L29-Xff3 L38-Acq2 L47-Pgk6 L56-Kxf5 L65-Fbo1 L74-Bhc8 L83-Xqy1 L3-X_g1 L12-Mmp9 L21-I_v7 L30-Ffb8 L39-Pit9 L48-Krc8 L57-R_n5 L66-Kmy2 L75-Vbk2 L84-W_a3 L4-Wtv9 L13-Jqc6 L22-Cci6 L31-Nju0 L40-Yfq4 L49-Yed4 L58-Zlm7 L67-Zlz4 L76-Ofj4 L85-Epf9 L5-Olr9 L14-W_x3 L23-Oit2 L32-Cua8 L41-Bx_3 L50-Gap4 L59-Srt5 L68-Aba9 L77-Ba_9 L86-Fri2 L6-Olr9 L15-Esx2 L24-Dcn3 L33-Q_u5 L42-Ivp4 L51-Rjy6 L60-H_x2 L69-Ojq1 L78-B_q7 L87-Z_o6 L91-Rxa7 L25-Olr9 L34-Ksz3 L43-Sii5 L52-Zbi5 L61-Klb2 L70-Swc1 L79-Dow0 L88-Nne2 L92-Xxu8 L26-Olr9 L35-Auk4 L44-Emz2 L53-Byr0 L62-Rqe6 L71-Eg_9 L80-Uo_4 L89-Dun1 L93-Wkf0 L45-Olr9 L54-F_p1 L63-Wwr1 L72-Vbg0 L81-Xqt7 L90-Jhz4 L94-Aji0
L1-Vol3 L10-Xqz8 L19-Qms4 L28-Onl9 L37-V_r5 L46-Ou_4 L55-Fwb2 L64-Fnc7 L73-Fz_4 L82-Mmk2 L2-Cyl6 L11-Icg3 L20-Cew8 L29-Dmz0 L38-Xff3 L47-Acq2 L56-Pgk6 L65-Kxf5 L74-Fbo1 L83-Bhc8 L3-Hh_4 L12-X_g1 L21-Mmp9 L30-I_v7 L39-Ffb8 L48-Pit9 L57-Krc8 L66-R_n5 L75-Kmy2 L84-Vbk2 L4-Olr9 L13-Wtv9 L22-Jqc6 L31-Cci6 L40-Nju0 L49-Yfq4 L58-Yed4 L67-Zlm7 L76-Zlz4 L85-Ofj4 L14-Olr9 L23-W_x3 L32-Oit2 L41-Cua8 L50-Bx_3 L59-Gap4 L68-Srt5 L77-Aba9 L86-Ba_9 L15-Olr9 L24-Esx2 L33-Dcn3 L42-Q_u5 L51-Ivp4 L60-Rjy6 L69-H_x2 L78-Ojq1 L87-B_q7 L91-Z_o6 L34-Olr9 L43-Ksz3 L52-Sii5 L61-Zbi5 L70-Klb2 L79-Swc1 L88-Dow0 L92-Nne2 L35-Olr9 L44-Auk4 L53-Emz2 L62-Byr0 L71-Rqe6 L80-Eg_9 L89-Uo_4 L93-Dun1 L54-Olr9 L63-F_p1 L72-Wwr1 L81-Vbg0 L90-Xqt7 L94-Jhz4
L1-Ttm0 L10-Vol3 L19-Xqz8 L28-Qms4 L37-Onl9 L46-V_r5 L55-Ou_4 L64-Fwb2 L73-Fnc7 L82-Fz_4 L2-Nli7 L11-Cyl6 L20-Icg3 L29-Cew8 L38-Dmz0 L47-Xff3 L56-Acq2 L65-Pgk6 L74-Kxf5 L83-Fbo1 L3-Olr9 L12-Hh_4 L21-X_g1 L30-Mmp9 L39-I_v7 L48-Ffb8 L57-Pit9 L66-Krc8 L75-R_n5 L84-Kmy2 L13-Olr9 L22-Wtv9 L31-Jqc6 L40-Cci6 L49-Nju0 L58-Yfq4 L67-Yed4 L76-Zlm7 L85-Zlz4 L23-Olr9 L32-W_x3 L41-Oit2 L50-Cua8 L59-Bx_3 L68-Gap4 L77-Srt5 L86-Aba9 L24-Olr9 L33-Esx2 L42-Dcn3 L51-Q_u5 L60-Ivp4 L69-Rjy6 L78-H_x2 L87-Ojq1 L91-B_q7 L43-Olr9 L52-Ksz3 L61-Sii5 L70-Zbi5 L79-Klb2 L88-Swc1 L92-Dow0 L44-Olr9 L53-Auk4 L62-Emz2 L71-Byr0 L80-Rqe6 L89-Eg_9 L93-Uo_4 L63-Olr9 L72-F_p1 L81-Wwr1 L90-Vbg0 L94-Xqt7
L1-Anm4 L10-Ttm0 L19-Vol3 L28-Xqz8 L37-Qms4 L46-Onl9 L55-V_r5 L64-Ou_4 L73-Fwb2 L82-Fnc7 L2-Iuc2 L11-Nli7 L20-Cyl6 L29-Icg3 L38-Cew8 L47-Dmz0 L56-Xff3 L65-Acq2 L74-Pgk6 L83-Kxf5 L12-Olr9 L21-Hh_4 L30-X_g1 L39-Mmp9 L48-I_v7 L57-Ffb8 L66-Pit9 L75-Krc8 L84-R_n5 L22-Olr9 L31-Wtv9 L40-Jqc6 L49-Cci6 L58-Nju0 L67-Yfq4 L76-Yed4 L85-Zlm7 L32-Olr9 L41-W_x3 L50-Oit2 L59-Cua8 L68-Bx_3 L77-Gap4 L86-Srt5 L33-Olr9 L42-Esx2 L51-Dcn3 L60-Q_u5 L69-Ivp4 L78-Rjy6 L87-H_x2 L91-Ojq1 L52-Olr9 L61-Ksz3 L70-Sii5 L79-Zbi5 L88-Klb2 L92-Swc1 L53-Olr9 L62-Auk4 L71-Emz2 L80-Byr0 L89-Rqe6 L93-Eg_9 L72-Olr9 L81-F_p1 L90-Wwr1 L94-Vbg0
L1-Olr9 L10-Anm4 L19-Ttm0 L28-Vol3 L37-Xqz8 L46-Qms4 L55-Onl9 L64-V_r5 L73-Ou_4 L82-Fwb2 L2-Olr9 L11-Iuc2 L20-Nli7 L29-Cyl6 L38-Icg3 L47-Cew8 L56-Dmz0 L65-Xff3 L74-Acq2 L83-Pgk6 L21-Olr9 L30-Hh_4 L39-X_g1 L48-Mmp9 L57-I_v7 L66-Ffb8 L75-Pit9 L84-Krc8 L31-Olr9 L40-Wtv9 L49-Jqc6 L58-Cci6 L67-Nju0 L76-Yfq4 L85-Yed4 L41-Olr9 L50-W_x3 L59-Oit2 L68-Cua8 L77-Bx_3 L86-Gap4 L42-Olr9 L51-Esx2 L60-Dcn3 L69-Q_u5 L78-Ivp4 L87-Rjy6 L91-H_x2 L61-Olr9 L70-Ksz3 L79-Sii5 L88-Zbi5 L92-Klb2 L62-Olr9 L71-Auk4 L80-Emz2 L89-Byr0 L93-Rqe6 L81-Olr9 L90-F_p1 L94-Wwr1
L10-Olr9 L19-Anm4 L28-Ttm0 L37-Vol3 L46-Xqz8 L55-Qms4 L64-Onl9 L73-V_r5 L82-Ou_4 L11-Olr9 L20-Iuc2 L29-Nli7 L38-Cyl6 L47-Icg3 L56-Cew8 L65-Dmz0 L74-Xff3 L83-Acq2 L30-Olr9 L39-Hh_4 L48-X_g1 L57-Mmp9 L66-I_v7 L75-Ffb8 L84-Pit9 L40-Olr9 L49-Wtv9 L58-Jqc6 L67-Cci6 L76-Nju0 L85-Yfq4 L50-Olr9 L59-W_x3 L68-Oit2 L77-Cua8 L86-Bx_3 L51-Olr9 L60-Esx2 L69-Dcn3 L78-Q_u5 L87-Ivp4 L91-Rjy6 L70-Olr9 L79-Ksz3 L88-Sii5 L92-Zbi5 L71-Olr9 L80-Auk4 L89-Emz2 L93-Byr0 L90-Olr9 L94-F_p1
L19-Olr9 L28-Anm4 L37-Ttm0 L46-Vol3 L55-Xqz8 L64-Qms4 L73-Onl9 L82-V_r5 L20-Olr9 L29-Iuc2 L38-Nli7 L47-Cyl6 L56-Icg3 L65-Cew8 L74-Dmz0 L83-Xff3 L39-Olr9 L48-Hh_4 L57-X_g1 L66-Mmp9 L75-I_v7 L84-Ffb8 L49-Olr9 L58-Wtv9 L67-Jqc6 L76-Cci6 L85-Nju0 L59-Olr9 L68-W_x3 L77-Oit2 L86-Cua8 L60-Olr9 L69-Esx2 L78-Dcn3 L87-Q_u5 L91-Ivp4 L79-Olr9 L88-Ksz3 L92-Sii5 L80-Olr9 L89-Auk4 L93-Emz2 L94-Olr9
L28-Olr9 L37-Anm4 L46-Ttm0 L55-Vol3 L64-Xqz8 L73-Qms4 L82-Onl9 L29-Olr9 L38-Iuc2 L47-Nli7 L56-Cyl6 L65-Icg3 L74-Cew8 L83-Dmz0 L48-Olr9 L57-Hh_4 L66-X_g1 L75-Mmp9 L84-I_v7 L58-Olr9 L67-Wtv9 L76-Jqc6 L85-Cci6 L68-Olr9 L77-W_x3 L86-Oit2 L69-Olr9 L78-Esx2 L87-Dcn3 L91-Q_u5 L88-Olr9 L92-Ksz3 L89-Olr9 L93-Auk4
L37-Olr9 L46-Anm4 L55-Ttm0 L64-Vol3 L73-Xqz8 L82-Qms4 L38-Olr9 L47-Iuc2 L56-Nli7 L65-Cyl6 L74-Icg3 L83-Cew8 L57-Olr9 L66-Hh_4 L75-X_g1 L84-Mmp9 L67-Olr9 L76-Wtv9 L85-Jqc6 L77-Olr9 L86-W_x3 L78-Olr9 L87-Esx2 L91-Dcn3 L92-Olr9 L93-Olr9
L46-Olr9 L55-Anm4 L64-Ttm0 L73-Vol3 L82-Xqz8 L47-Olr9 L56-Iuc2 L65-Nli7 L74-Cyl6 L83-Icg3 L66-Olr9 L75-Hh_4 L84-X_g1 L76-Olr9 L85-Wtv9 L86-Olr9 L87-Olr9 L91-Esx2
L55-Olr9 L64-Anm4 L73-Ttm0 L82-Vol3 L56-Olr9 L65-Iuc2 L74-Nli7 L83-Cyl6 L75-Olr9 L84-Hh_4 L85-Olr9 L91-Olr9
L64-Olr9 L73-Anm4 L82-Ttm0 L65-Olr9 L74-Iuc2 L83-Nli7 L84-Olr9
L73-Olr9 L82-Anm4 L74-Olr9 L83-Iuc2
L82-Olr9 L83-Olr9
