136
#Here is the number of lines required: 34
##start
Joz7 2 2
##end
Nmr2 3 3
Hwy0 5 5
Dwg7 10 10
Ebh1 14 14
Kx_3 17 17
Ois7 22 22
Vid6 25 25
Clf0 26 26
Cee1 27 27
Ccs8 32 32
P_s7 36 36
Irv6 40 40
Hrj7 44 44
Vmp4 49 49
Cfi4 53 53
Ycj4 57 57
Eir8 58 58
Sii8 61 61
Fqw7 65 65
Cdt2 69 69
Fko4 72 72
Vdj0 76 76
Iec6 77 77
X__6 80 80
Daz0 85 85
Nq_7 88 88
Avy5 90 90
Moz1 95 95
Scy6 98 98
W_v2 101 101
Hnf4 105 105
Qbq4 107 107
Mtd4 109 109
Urk4 111 111
Ddu4 115 115
Xbo6 118 118
Tto2 119 119
Jxc3 124 124
Uey7 125 125
Ztj1 129 129
Rc_2 131 131
Otb6 133 133
Wfb0 137 137
Ory0 142 142
Ark2 145 145
Egm9 147 147
Btn2 148 148
Svh7 151 151
Ysz8 154 154
Kic6 157 157
Bqt2 160 160
T_a2 163 163
Eha9 166 166
Tji2 167 167
Q_d0 168 168
Bs_5 172 172
Whd5 176 176
Txd1 177 177
Tac5 181 181
Ujp8 184 184
Otk7 188 188
Plc3 190 190
Phd3 191 191
Oss1 194 194
Nlt5 196 196
New2 200 200
Fc_9 201 201
Bgv4 203 203
I_d8 206 206
Swz4 209 209
Qkb8 214 214
Vtt5 217 217
Als5 220 220
Sri0 223 223
Nhm2 225 225
Xhc5 227 227
Iol6 229 229
Wey4 230 230
J_u7 232 232
Wrq8 236 236
Rqc4 239 239
Voi7 241 241
D_g4 242 242
Jsv6 247 247
Gpx7 250 250
Ofo0 251 251
Gyo1 252 252
Ceh0 256 256
Vik5 259 259
Sa_4 260 260
Tsw4 262 262
U_x5 264 264
Bfd0 268 268
Qae7 272 272
Azj3 274 274
Ty_5 276 276
D__6 280 280
Hmh1 282 282
Wnw1 285 285
Jdl5 288 288
Hcc6 289 289
Pzo6 294 294
Nsn2 296 296
Icg5 299 299
Dvw8 301 301
Wyw2 306 306
Xm_5 309 309
Pos3 312 312
Tyu4 314 314
Wib3 317 317
Xvd9 320 320
Uxy0 323 323
Fmr1 325 325
Huk7 328 328
Imj5 331 331
Ep_6 335 335
Ypk8 340 340
Dyx9 342 342
Szx0 343 343
Yfk7 345 345
Yow4 348 348
Xfv0 350 350
Xjl4 355 355
Utr5 356 356
Alx0 359 359
Yzj6 362 362
Crh7 366 366
Pbv8 370 370
Zlu9 373 373
Bg_8 375 375
Rcu0 378 378
Qat6 380 380
Ubs1 382 382
Klt1 386 386
Wjf5 390 390
Dsy9 393 393
Uva4 396 396
Ah_1 400 400
Iiv3 401 401
Fao6 406 406
Dwy7 411 411
Fnn0 414 414
Sdm4 418 418
Ffm9 423 423
Dnx7 426 426
Deq8 428 428
Osx4 430 430
Dnc2 433 433
Qut1 436 436
Ya_9 440 440
Em_3 442 442
H_n8 446 446
Seo0 448 448
Jnz8 450 450
Cxh4 454 454
Srp0 457 457
G_n7 460 460
Nam2 463 463
Prn1 466 466
Gwr6 470 470
Emh4 471 471
Yfv5 472 472
Eou1 475 475
Dzt6 478 478
Etf6 482 482
V_s4 486 486
Toc1 488 488
Oeg0 490 490
Osu8 494 494
Bng2 497 497
Aba9 498 498
Fot4 499 499
Sde9 503 503
Mle3 508 508
Opf1 511 511
Bac7 516 516
Iru7 519 519
Nfy1 522 522
Oly3 525 525
Ylx0 527 527
Wlm0 532 532
J_u1 536 536
Bpc3 540 540
Pth9 544 544
Xht4 545 545
Wmk6 546 546
Pex1 549 549
Blb5 552 552
Dbn9 557 557
Vqf3 561 561
Iev0 564 564
Hjy2 565 565
Imi9 566 566
Ugx9 568 568
Kdp1 571 571
Xpe3 573 573
Jbl3 576 576
Fzu7 580 580
Jf_0 582 582
Ulm9 586 586
Izx6 590 590
Ezz5 591 591
Xqb3 594 594
D_q4 598 598
Wba6 602 602
S_e3 603 603
Rqn6 604 604
Uiu0 609 609
J_m9 611 611
Win3 614 614
Uip1 616 616
Zqq4 620 620
Qqe5 623 623
Noq3 625 625
Q_b8 628 628
Saw4 630 630
Ode5 631 631
N_i6 632 632
Jba2 636 636
Xhm7 640 640
Rp_2 644 644
Fgi3 646 646
Y_u7 647 647
Dl_8 650 650
Tez6 652 652
Djs1 655 655
Pwd8 658 658
Vnx3 660 660
Bkg8 662 662
Mpb1 668 668
Qke5 672 672
Bkt0 675 675
Vlg1 678 678
Ndt8 681 681
Q_g5 684 684
Aju0 686 686
Jvn2 689 689
Idv9 693 693
Vk_2 698 698
Wlu1 703 703
Fqh9 704 704
Svv7 709 709
Tco7 712 712
Gar0 713 713
M_m0 714 714
Pau9 717 717
Ont4 720 720
Jnr9 723 723
Yz_0 726 726
Umz6 731 731
Vp_1 734 734
Oty5 739 739
Ssd4 742 742
Rps9 744 744
Kah4 748 748
Jcr6 752 752
Rec9 755 755
R_v1 757 757
Tyr4 762 762
Akx4 765 765
Tij7 770 770
K_j0 775 775
Bwg2 778 778
Osh6 781 781
Pwm9 785 785
Awn1 790 790
Hbn2 792 792
Mot7 794 794
Mui7 798 798
Swo0 803 803
Igz5 806 806
Wz_0 811 811
N_e5 813 813
Jvy4 816 816
Qqm0 819 819
W_n3 824 824
Xhp9 829 829
Uij2 831 831
Vak0 835 835
Isp2 837 837
Vcq1 841 841
Amw9 843 843
Qot1 846 846
Myi6 849 849
Oxo2 851 851
Qji6 854 854
Dw_2 856 856
Kek2 860 860
Mtq1 865 865
Ojf7 868 868
Vim8 871 871
Qbq3 872 872
V_s5 874 874
Zem8 877 877
Cey9 882 882
Oxd9 883 883
Anx4 886 886
Mca3 890 890
Dcp8 893 893
I_m1 898 898
K_e7 901 901
Taz7 904 904
Hg_1 908 908
Tua6 910 910
Bgg4 913 913
R_f1 917 917
Wrx2 920 920
Njq0 921 921
Zkf1 926 926
Uve2 929 929
Phq2 934 934
Bx_8 936 936
Tnq3 940 940
Fy_4 943 943
Zrm7 946 946
Sfd0 947 947
Cjt8 948 948
Oxp5 951 951
Jb_3 953 953
Wgk7 955 955
K_e6 956 956
Ysp8 959 959
Npl0 964 964
Fu_6 965 965
Bfb4 968 968
Dtj9 970 970
Bai3 973 973
Gke0 977 977
Hee3 982 982
Gll1 986 986
Zxx9 991 991
Oie8 994 994
Yhq2 997 997
Zsy1 1000 1000
Jsn2 1004 1004
Ahi1 1009 1009
Fmy2 1014 1014
Wjg4 1018 1018
Tfz4 1021 1021
Dzf0 1024 1024
Jfb4 1028 1028
Mcc4 1030 1030
D__3 1031 1031
Xx_6 1034 1034
Ack5 1036 1036
Vb_2 1038 1038
Za_5 1040 1040
Psw4 1041 1041
T_k0 1043 1043
Rfa0 1046 1046
Zwa4 1050 1050
Arl8 1054 1054
Nkc1 1058 1058
Sgu0 1062 1062
Fsp8 1065 1065
V_w0 1069 1069
Uzg6 1071 1071
Nqm6 1074 1074
Z_h9 1076 1076
Aig6 1079 1079
Zjv7 1084 1084
Fli2 1089 1089
An_4 1090 1090
Xjs7 1094 1094
Yrx2 1099 1099
Tgn1 1100 1100
Ybh2 1102 1102
Fxp6 1104 1104
Zai4 1108 1108
Ksu6 1111 1111
S_c8 1114 1114
Zc_4 1117 1117
Ckv1 1120 1120
Jtc7 1122 1122
Cqi9 1125 1125
Ozk4 1127 1127
Nzu8 1129 1129
Sz_5 1133 1133
Sao3 1135 1135
Hrm7 1137 1137
K_k2 1140 1140
Wqr9 1143 1143
Gcy8 1145 1145
Ana9 1146 1146
Sfg9 1149 1149
Zol2 1154 1154
Vhr4 1155 1155
Fqj1 1158 1158
Ame4 1161 1161
Kn_4 1164 1164
Zbc0 1167 1167
Psf7 1171 1171
Bog7 1173 1173
K_o3 1174 1174
Xfr8 1176 1176
Sbl7 1180 1180
Vo_8 1183 1183
Kpc3 1184 1184
Epe7 1189 1189
Nt_5 1191 1191
Wqg2 1195 1195
Ars4 1197 1197
D_s3 1200 1200
Pyf5 1203 1203
Hoe5 1206 1206
Xhg7 1211 1211
Jlc4 1214 1214
Bwi4 1217 1217
Yem7 1219 1219
Mhe2 1223 1223
Sp_2 1228 1228
P_z4 1232 1232
Orj8 1237 1237
K_t8 1242 1242
Yvn7 1245 1245
Rqo1 1249 1249
Fs_6 1252 1252
Nrw4 1257 1257
We_2 1261 1261
Cmp7 1263 1263
C_h3 1268 1268
Qnt0 1271 1271
Yvy6 1274 1274
Ad_9 1278 1278
Qsw5 1280 1280
M_a5 1282 1282
Jww9 1286 1286
Eft2 1289 1289
Wfz5 1292 1292
Fwh1 1296 1296
Inr1 1301 1301
Qga3 1306 1306
Jpz7 1309 1309
Vqu8 1312 1312
Fot0 1315 1315
Xld4 1320 1320
C_h8 1323 1323
Kqw5 1325 1325
Hfs6 1328 1328
Fiv8 1331 1331
Hia5 1333 1333
Vik7 1337 1337
Pb_4 1340 1340
Uxw5 1342 1342
C_f4 1346 1346
Dbl0 1349 1349
Rgi5 1351 1351
Vrd5 1353 1353
Uh_2 1357 1357
B_d9 1360 1360
Iew7 1364 1364
Uos7 1367 1367
Enn0 1371 1371
Imj1 1373 1373
Rw_3 1375 1375
Izo5 1379 1379
Jfq5 1383 1383
Ogz0 1385 1385
Qbq5 1389 1389
Pco1 1392 1392
Huo0 1396 1396
Hy_6 1400 1400
Qnh7 1402 1402
Jdk1 1405 1405
I_e8 1408 1408
Jry9 1411 1411
Wmh5 1413 1413
Nwy5 1416 1416
Nlp7 1419 1419
Miw5 1423 1423
Kud4 1426 1426
Vxw6 1430 1430
Xks0 1434 1434
Wzn6 1437 1437
Mfy8 1438 1438
Guq4 1441 1441
Uhy7 1443 1443
Fzs0 1447 1447
Jlc4-Hwy0
Djs1-Fzs0
New2-Uhy7
Fao6-Kx_3
Vxw6-Ois7
Wey4-Clf0
Iec6-Mfy8
Tac5-Wzn6
Fgi3-Xks0
Jfq5-Kud4
C_h3-Vmp4
Iiv3-Nwy5
Cxh4-I_e8
Pwd8-Fqw7
Iiv3-Jdk1
Tji2-Qnh7
Fmr1-Hy_6
Dwy7-Fko4
Uos7-Iec6
Cqi9-X__6
Npl0-Qbq5
Dwy7-Daz0
Wrx2-Nq_7
Dl_8-Ogz0
Pau9-Avy5
Orj8-Jfq5
J_m9-Izo5
N_i6-Rw_3
Kqw5-Imj1
Txd1-Scy6
Pau9-W_v2
Ztj1-Hnf4
Jww9-Iew7
K_o3-B_d9
Eou1-Uh_2
Xjl4-Vrd5
Anx4-Qbq4
J_u1-Rgi5
Ezz5-Urk4
Cqi9-C_f4
R_v1-Uxw5
Qot1-Ddu4
T_k0-Pb_4
Hmh1-Xbo6
S_e3-Hia5
J_u7-Kqw5
Aju0-C_h8
Osx4-Uey7
V_s5-Ztj1
Fmy2-Vqu8
Saw4-Rc_2
Wey4-Inr1
Vp_1-Fwh1
Igz5-Wfb0
S_e3-Ory0
Izx6-Ark2
Fgi3-Egm9
Oeg0-M_a5
Ulm9-Ad_9
Tsw4-Btn2
Wrx2-Yvy6
S_c8-Svh7
Fy_4-C_h3
Z_h9-Cmp7
Dw_2-We_2
Cjt8-Bqt2
Jcr6-T_a2
Fxp6-Bs_5
Fs_6-Nmr2
Whd5-Fs_6
Rqo1-Whd5
Txd1-Yvn7
Tac5-Txd1
Ujp8-Tac5
Otk7-Ujp8
Phd3-Plc3
Oss1-Orj8
New2-Nlt5
Sp_2-New2
Mhe2-Sp_2
Yem7-Mhe2
Qkb8-Swz4
Pyf5-Vtt5
D_s3-Pyf5
Ars4-D_s3
Als5-Wqg2
Epe7-Nhm2
Iol6-Kpc3
Sbl7-Vo_8
Xfr8-Nmr2
J_u7-K_o3
Bog7-J_u7
Wrq8-Bog7
Rqc4-Wrq8
Zbc0-Psf7
D_g4-Voi7
Ame4-D_g4
Fqj1-Gpx7
Vhr4-Fqj1
Ofo0-Ana9
Gyo1-K_k2
Vik5-Ceh0
Hrm7-Vik5
Tsw4-Nzu8
U_x5-Tsw4
Cqi9-Ozk4
Joz7-Cqi9
Jtc7-Ty_5
D__6-Jtc7
Ckv1-D__6
Hmh1-Zc_4
Wnw1-Hmh1
Jdl5-S_c8
Zai4-Ksu6
Nsn2-Zai4
Fxp6-Nsn2
Dvw8-Icg5
Wyw2-Dvw8
Xjs7-Yrx2
Xm_5-An_4
Pos3-Xm_5
Tyu4-Pos3
Fli2-Tyu4
Aig6-Zjv7
Z_h9-Xvd9
Uxy0-Z_h9
Nqm6-Uxy0
Uzg6-Fmr1
Huk7-Uzg6
Imj5-Huk7
Ep_6-Imj5
Dyx9-V_w0
Fsp8-Yfk7
Sgu0-Fsp8
Yow4-Sgu0
Nkc1-Yow4
Xfv0-Nkc1
Utr5-Xjl4
Zwa4-Arl8
Alx0-Zwa4
Rfa0-Alx0
Yzj6-T_k0
Crh7-Yzj6
Psw4-Crh7
Vb_2-Pbv8
Xx_6-Ack5
Jfb4-Bg_8
Joz7-Dzf0
Tfz4-Nmr2
Klt1-Wjg4
Fmy2-Klt1
Dsy9-Wjf5
Jsn2-Uva4
Ah_1-Jsn2
Zsy1-Iiv3
Yhq2-Zsy1
Gke0-Hee3
Bai3-Gke0
Dtj9-Bai3
Bfb4-Fnn0
Npl0-Sdm4
Ffm9-Npl0
Wgk7-K_e6
Deq8-Oxp5
Cjt8-Deq8
Sfd0-Osx4
Dnc2-Zrm7
Joz7-Dnc2
Tnq3-Fy_4
Bx_8-Tnq3
Phq2-Bx_8
Qut1-Phq2
H_n8-Uve2
Zkf1-H_n8
Seo0-Njq0
Wrx2-Seo0
R_f1-Wrx2
Jnz8-R_f1
Bgg4-Jnz8
Tua6-Bgg4
K_e7-Srp0
Joz7-K_e7
Mpb1-Nmr2
Dcp8-I_m1
Mca3-Dcp8
Anx4-Nam2
Prn1-Anx4
Cey9-Oxd9
Yfv5-Emh4
V_s5-Yfv5
Mtq1-Etf6
Kek2-V_s4
Dw_2-Kek2
Toc1-Dw_2
Qot1-Myi6
Isp2-Aba9
Joz7-Fot4
Mle3-Sde9
Xhp9-Uij2
W_n3-Xhp9
Qqm0-Opf1
Bac7-Qqm0
Iru7-Bac7
Jvy4-Iru7
Nfy1-Jvy4
Wz_0-N_e5
Oly3-Wz_0
Wlm0-Swo0
Mui7-Wlm0
J_u1-Mui7
Bpc3-J_u1
Pth9-Bpc3
Mot7-Pth9
Hbn2-Xht4
Wmk6-Hbn2
Pex1-Wmk6
Blb5-Pex1
Dbn9-Awn1
Vqf3-Dbn9
Pwm9-Vqf3
Osh6-Pwm9
Iev0-Osh6
Tij7-K_j0
Imi9-Tij7
Ugx9-Imi9
Akx4-Kdp1
Joz7-Xpe3
Jbl3-Nmr2
Jcr6-Fzu7
Kah4-Jcr6
Jf_0-Rps9
Izx6-Ulm9
Xqb3-Ezz5
Vp_1-D_q4
Umz6-Wba6
Yz_0-Umz6
S_e3-Yz_0
Joz7-Uiu0
J_m9-Nmr2
Ont4-Uip1
Pau9-Ont4
Zqq4-M_m0
Q_b8-Noq3
Fqh9-Svv7
Wlu1-Jba2
Rp_2-Vk_2
Idv9-Rp_2
Aju0-Jvn2
Fgi3-Ndt8
Joz7-Qke5
Qke5-Bkg8
Bkg8-Bkt0
Bkt0-Vnx3
Vnx3-Pwd8
Pwd8-Djs1
Djs1-Tez6
Tez6-Vlg1
Vlg1-Dl_8
Dl_8-Y_u7
Y_u7-Fgi3
Ndt8-Q_g5
Q_g5-Aju0
Jvn2-Idv9
Vk_2-Xhm7
Xhm7-Nmr2
Joz7-Wlu1
Jba2-Fqh9
Svv7-Tco7
Tco7-N_i6
N_i6-Ode5
Ode5-Saw4
Saw4-Q_b8
Noq3-Gar0
Gar0-Qqe5
Qqe5-Zqq4
M_m0-Pau9
Uip1-Win3
Win3-Jnr9
Jnr9-J_m9
Uiu0-Rqn6
Rqn6-S_e3
Wba6-Vp_1
D_q4-Oty5
Oty5-Xqb3
Ezz5-Izx6
Ulm9-Ssd4
Ssd4-Jf_0
Rps9-Kah4
Fzu7-Rec9
Rec9-Jbl3
Xpe3-R_v1
R_v1-Tyr4
Tyr4-Akx4
Kdp1-Ugx9
K_j0-Hjy2
Hjy2-Bwg2
Bwg2-Iev0
Awn1-Blb5
Xht4-Nmr2
Joz7-Mot7
Swo0-Ylx0
Ylx0-Igz5
Igz5-Oly3
N_e5-Nfy1
Opf1-W_n3
Uij2-Vak0
Vak0-Mle3
Sde9-Nmr2
Fot4-Isp2
Aba9-Vcq1
Vcq1-Bng2
Bng2-Osu8
Osu8-Amw9
Amw9-Qot1
Myi6-Oeg0
Oeg0-Oxo2
Oxo2-Qji6
Qji6-Toc1
V_s4-Mtq1
Etf6-Ojf7
Ojf7-Vim8
Vim8-Dzt6
Dzt6-Nmr2
Joz7-Eou1
Eou1-Qbq3
Qbq3-V_s5
Emh4-Zem8
Zem8-Gwr6
Gwr6-Cey9
Oxd9-Prn1
Nam2-G_n7
G_n7-Mca3
I_m1-Mpb1
Srp0-Taz7
Taz7-Hg_1
Hg_1-Cxh4
Cxh4-Tua6
Njq0-Zkf1
Uve2-Em_3
Em_3-Ya_9
Ya_9-Qut1
Fy_4-Nmr2
Zrm7-Sfd0
Osx4-Cjt8
Oxp5-Dnx7
Dnx7-Jb_3
Jb_3-Wgk7
K_e6-Ysp8
Ysp8-Ffm9
Sdm4-Fu_6
Fu_6-Bfb4
Fnn0-Dwy7
Dwy7-Nmr2
Joz7-Dtj9
Hee3-Fao6
Fao6-Gll1
Gll1-Zxx9
Zxx9-Oie8
Oie8-Yhq2
Iiv3-Ah_1
Uva4-Dsy9
Wjf5-Ahi1
Ahi1-Fmy2
Wjg4-Ubs1
Ubs1-Qat6
Qat6-Tfz4
Dzf0-Rcu0
Rcu0-Jfb4
Bg_8-Mcc4
Mcc4-D__3
D__3-Xx_6
Ack5-Zlu9
Zlu9-Vb_2
Pbv8-Za_5
Za_5-Psw4
T_k0-Rfa0
Arl8-Utr5
Xjl4-Nmr2
Joz7-Xfv0
Yfk7-Szx0
Szx0-Dyx9
V_w0-Ypk8
Ypk8-Ep_6
Fmr1-Nqm6
Xvd9-Wib3
Wib3-Aig6
Zjv7-Fli2
An_4-Xjs7
Yrx2-Tgn1
Tgn1-Wyw2
Icg5-Ybh2
Ybh2-Fxp6
Ksu6-Pzo6
Pzo6-Hcc6
Hcc6-Jdl5
S_c8-Wnw1
Zc_4-Ckv1
Ty_5-Nmr2
Ozk4-Azj3
Azj3-Qae7
Qae7-Bfd0
Bfd0-U_x5
Nzu8-Sz_5
Sz_5-Sa_4
Sa_4-Sao3
Sao3-Hrm7
Ceh0-Gyo1
K_k2-Wqr9
Wqr9-Gcy8
Gcy8-Ofo0
Ana9-Sfg9
Sfg9-Zol2
Zol2-Vhr4
Gpx7-Jsv6
Jsv6-Ame4
Voi7-Kn_4
Kn_4-Zbc0
Psf7-Rqc4
K_o3-Xfr8
Joz7-Wey4
Wey4-Sbl7
Vo_8-Iol6
Kpc3-Xhc5
Xhc5-Epe7
Nhm2-Sri0
Sri0-Nt_5
Nt_5-Als5
Wqg2-Ars4
Vtt5-Hoe5
Hoe5-Qkb8
Swz4-I_d8
I_d8-Bgv4
Bgv4-Xhg7
Xhg7-Fc_9
Fc_9-Jlc4
Jlc4-Bwi4
Bwi4-Yem7
Nlt5-P_z4
P_z4-Oss1
Orj8-Phd3
Plc3-K_t8
K_t8-Otk7
Yvn7-Rqo1
Otk7-Nrw4
Epe7-Q_d0
Fc_9-Tji2
Tji2-Eha9
Osh6-Kic6
Rec9-Ysz8
Fli2-Qnt0
Pth9-Qsw5
Sde9-Jww9
Gwr6-Eft2
Xfv0-Otb6
Oly3-Wfz5
K_e6-Qga3
New2-Jpz7
An_4-Fot0
Ode5-Jxc3
D__6-Xld4
Inr1-Tto2
Xhg7-Hfs6
Ars4-Fiv8
Dzf0-Vik7
D_s3-Mtd4
Nrw4-Dbl0
S_e3-Uos7
Icg5-Enn0
Whd5-Moz1
Huk7-Pco1
Bai3-Vdj0
Uve2-Huo0
Mhe2-Cdt2
Em_3-Jry9
Xhp9-Sii8
T_a2-Eir8
Ont4-Wmh5
Pbv8-Ycj4
Cxh4-Cfi4
I_d8-Nlp7
Zrm7-Hrj7
Ame4-Miw5
Za_5-Irv6
Fxp6-P_s7
Xfv0-Vxw6
Rp_2-Ccs8
Fwh1-Cee1
Nfy1-Vid6
Jsv6-Guq4
Ndt8-Ebh1
Dbn9-Dwg7
#Here is the number of lines required: 34

L1-Dtj9 L2-Xpe3 L3-K_e7 L4-Dzf0 L5-Uiu0 L6-Fot4 L7-Wlu1 L8-Qke5 L9-Dnc2 L10-Eou1
L1-Bai3 L11-Dtj9 L2-R_v1 L12-Xpe3 L3-Srp0 L13-K_e7 L4-Rcu0 L14-Dzf0 L5-Rqn6 L15-Uiu0 L6-Isp2 L16-Fot4 L7-Jba2 L17-Wlu1 L8-Bkg8 L18-Qke5 L9-Zrm7 L19-Dnc2 L10-Qbq3 L20-Eou1
L1-Gke0 L11-Bai3 L21-Dtj9 L2-Tyr4 L12-R_v1 L22-Xpe3 L3-Taz7 L13-Srp0 L23-K_e7 L4-Jfb4 L14-Rcu0 L24-Dzf0 L5-S_e3 L15-Rqn6 L25-Uiu0 L6-Aba9 L16-Isp2 L26-Fot4 L7-Fqh9 L17-Jba2 L27-Wlu1 L8-Bkt0 L18-Bkg8 L28-Qke5 L9-Sfd0 L19-Zrm7 L29-Dnc2 L10-V_s5 L20-Qbq3 L30-Eou1
L1-Hee3 L11-Gke0 L21-Bai3 L31-Dtj9 L2-Akx4 L12-Tyr4 L22-R_v1 L32-Xpe3 L3-Hg_1 L13-Taz7 L23-Srp0 L33-K_e7 L4-Bg_8 L14-Jfb4 L24-Rcu0 L34-Dzf0 L5-Yz_0 L15-S_e3 L25-Rqn6 L35-Uiu0 L6-Vcq1 L16-Aba9 L26-Isp2 L36-Fot4 L7-Svv7 L17-Fqh9 L27-Jba2 L37-Wlu1 L8-Vnx3 L18-Bkt0 L28-Bkg8 L38-Qke5 L9-Osx4 L19-Sfd0 L29-Zrm7 L39-Dnc2 L10-Yfv5 L20-V_s5 L30-Qbq3 L40-Eou1
L1-Fao6 L11-Hee3 L21-Gke0 L31-Bai3 L41-Dtj9 L2-Kdp1 L12-Akx4 L22-Tyr4 L32-R_v1 L42-Xpe3 L3-Cxh4 L13-Hg_1 L23-Taz7 L33-Srp0 L43-K_e7 L4-Mcc4 L14-Bg_8 L24-Jfb4 L34-Rcu0 L44-Dzf0 L5-Umz6 L15-Yz_0 L25-S_e3 L35-Rqn6 L45-Uiu0 L6-Bng2 L16-Vcq1 L26-Aba9 L36-Isp2 L46-Fot4 L7-Tco7 L17-Svv7 L27-Fqh9 L37-Jba2 L47-Wlu1 L8-Pwd8 L18-Vnx3 L28-Bkt0 L38-Bkg8 L48-Qke5 L9-Cjt8 L19-Osx4 L29-Sfd0 L39-Zrm7 L49-Dnc2 L10-Emh4 L20-Yfv5 L30-V_s5 L40-Qbq3 L50-Eou1
L1-Gll1 L11-Fao6 L21-Hee3 L31-Gke0 L41-Bai3 L51-Dtj9 L2-Ugx9 L12-Kdp1 L22-Akx4 L32-Tyr4 L42-R_v1 L52-Xpe3 L3-Tua6 L13-Cxh4 L23-Hg_1 L33-Taz7 L43-Srp0 L53-K_e7 L4-D__3 L14-Mcc4 L24-Bg_8 L34-Jfb4 L44-Rcu0 L54-Dzf0 L5-Wba6 L15-Umz6 L25-Yz_0 L35-S_e3 L45-Rqn6 L55-Uiu0 L6-Osu8 L16-Bng2 L26-Vcq1 L36-Aba9 L46-Isp2 L56-Fot4 L7-N_i6 L17-Tco7 L27-Svv7 L37-Fqh9 L47-Jba2 L57-Wlu1 L8-Djs1 L18-Pwd8 L28-Vnx3 L38-Bkt0 L48-Bkg8 L58-Qke5 L9-Deq8 L19-Cjt8 L29-Osx4 L39-Sfd0 L49-Zrm7 L59-Dnc2 L10-Zem8 L20-Emh4 L30-Yfv5 L40-V_s5 L50-Qbq3 L60-Eou1
L1-Zxx9 L11-Gll1 L21-Fao6 L31-Hee3 L41-Gke0 L51-Bai3 L61-Dtj9 L2-Imi9 L12-Ugx9 L22-Kdp1 L32-Akx4 L42-Tyr4 L52-R_v1 L62-Xpe3 L3-Bgg4 L13-Tua6 L23-Cxh4 L33-Hg_1 L43-Taz7 L53-Srp0 L63-K_e7 L4-Xx_6 L14-D__3 L24-Mcc4 L34-Bg_8 L44-Jfb4 L54-Rcu0 L64-Dzf0 L5-Vp_1 L15-Wba6 L25-Umz6 L35-Yz_0 L45-S_e3 L55-Rqn6 L65-Uiu0 L6-Amw9 L16-Osu8 L26-Bng2 L36-Vcq1 L46-Aba9 L56-Isp2 L66-Fot4 L7-Ode5 L17-N_i6 L27-Tco7 L37-Svv7 L47-Fqh9 L57-Jba2 L67-Wlu1 L8-Tez6 L18-Djs1 L28-Pwd8 L38-Vnx3 L48-Bkt0 L58-Bkg8 L68-Qke5 L9-Oxp5 L19-Deq8 L29-Cjt8 L39-Osx4 L49-Sfd0 L59-Zrm7 L69-Dnc2 L10-Gwr6 L20-Zem8 L30-Emh4 L40-Yfv5 L50-V_s5 L60-Qbq3 L70-Eou1
L1-Oie8 L11-Zxx9 L21-Gll1 L31-Fao6 L41-Hee3 L51-Gke0 L61-Bai3 L71-Dtj9 L2-Tij7 L12-Imi9 L22-Ugx9 L32-Kdp1 L42-Akx4 L52-Tyr4 L62-R_v1 L72-Xpe3 L3-Jnz8 L13-Bgg4 L23-Tua6 L33-Cxh4 L43-Hg_1 L53-Taz7 L63-Srp0 L73-K_e7 L4-Ack5 L14-Xx_6 L24-D__3 L34-Mcc4 L44-Bg_8 L54-Jfb4 L64-Rcu0 L74-Dzf0 L5-D_q4 L15-Vp_1 L25-Wba6 L35-Umz6 L45-Yz_0 L55-S_e3 L65-Rqn6 L75-Uiu0 L6-Qot1 L16-Amw9 L26-Osu8 L36-Bng2 L46-Vcq1 L56-Aba9 L66-Isp2 L76-Fot4 L7-Saw4 L17-Ode5 L27-N_i6 L37-Tco7 L47-Svv7 L57-Fqh9 L67-Jba2 L77-Wlu1 L8-Vlg1 L18-Tez6 L28-Djs1 L38-Pwd8 L48-Vnx3 L58-Bkt0 L68-Bkg8 L78-Qke5 L9-Dnx7 L19-Oxp5 L29-Deq8 L39-Cjt8 L49-Osx4 L59-Sfd0 L69-Zrm7 L79-Dnc2 L10-Cey9 L20-Gwr6 L30-Zem8 L40-Emh4 L50-Yfv5 L60-V_s5 L70-Qbq3 L80-Eou1
L1-Yhq2 L11-Oie8 L21-Zxx9 L31-Gll1 L41-Fao6 L51-Hee3 L61-Gke0 L71-Bai3 L81-Dtj9 L2-K_j0 L12-Tij7 L22-Imi9 L32-Ugx9 L42-Kdp1 L52-Akx4 L62-Tyr4 L72-R_v1 L82-Xpe3 L3-R_f1 L13-Jnz8 L23-Bgg4 L33-Tua6 L43-Cxh4 L53-Hg_1 L63-Taz7 L73-Srp0 L83-K_e7 L4-Zlu9 L14-Ack5 L24-Xx_6 L34-D__3 L44-Mcc4 L54-Bg_8 L64-Jfb4 L74-Rcu0 L84-Dzf0 L5-Oty5 L15-D_q4 L25-Vp_1 L35-Wba6 L45-Umz6 L55-Yz_0 L65-S_e3 L75-Rqn6 L85-Uiu0 L6-Myi6 L16-Qot1 L26-Amw9 L36-Osu8 L46-Bng2 L56-Vcq1 L66-Aba9 L76-Isp2 L86-Fot4 L7-Q_b8 L17-Saw4 L27-Ode5 L37-N_i6 L47-Tco7 L57-Svv7 L67-Fqh9 L77-Jba2 L87-Wlu1 L8-Dl_8 L18-Vlg1 L28-Tez6 L38-Djs1 L48-Pwd8 L58-Vnx3 L68-Bkt0 L78-Bkg8 L88-Qke5 L9-Jb_3 L19-Dnx7 L29-Oxp5 L39-Deq8 L49-Cjt8 L59-Osx4 L69-Sfd0 L79-Zrm7 L89-Dnc2 L10-Oxd9 L20-Cey9 L30-Gwr6 L40-Zem8 L50-Emh4 L60-Yfv5 L70-V_s5 L80-Qbq3 L90-Eou1
L1-Zsy1 L11-Yhq2 L21-Oie8 L31-Zxx9 L41-Gll1 L51-Fao6 L61-Hee3 L71-Gke0 L81-Bai3 L91-Dtj9 L2-Hjy2 L12-K_j0 L22-Tij7 L32-Imi9 L42-Ugx9 L52-Kdp1 L62-Akx4 L72-Tyr4 L82-R_v1 L92-Xpe3 L3-Wrx2 L13-R_f1 L23-Jnz8 L33-Bgg4 L43-Tua6 L53-Cxh4 L63-Hg_1 L73-Taz7 L83-Srp0 L93-K_e7 L4-Vb_2 L14-Zlu9 L24-Ack5 L34-Xx_6 L44-D__3 L54-Mcc4 L64-Bg_8 L74-Jfb4 L84-Rcu0 L94-Dzf0 L5-Xqb3 L15-Oty5 L25-D_q4 L35-Vp_1 L45-Wba6 L55-Umz6 L65-Yz_0 L75-S_e3 L85-Rqn6 L95-Uiu0 L6-Oeg0 L16-Myi6 L26-Qot1 L36-Amw9 L46-Osu8 L56-Bng2 L66-Vcq1 L76-Aba9 L86-Isp2 L96-Fot4 L7-Noq3 L17-Q_b8 L27-Saw4 L37-Ode5 L47-N_i6 L57-Tco7 L67-Svv7 L77-Fqh9 L87-Jba2 L97-Wlu1 L8-Y_u7 L18-Dl_8 L28-Vlg1 L38-Tez6 L48-Djs1 L58-Pwd8 L68-Vnx3 L78-Bkt0 L88-Bkg8 L98-Qke5 L9-Wgk7 L19-Jb_3 L29-Dnx7 L39-Oxp5 L49-Deq8 L59-Cjt8 L69-Osx4 L79-Sfd0 L89-Zrm7 L99-Dnc2 L10-Prn1 L20-Oxd9 L30-Cey9 L40-Gwr6 L50-Zem8 L60-Emh4 L70-Yfv5 L80-V_s5 L90-Qbq3 L100-Eou1
L1-Iiv3 L11-Zsy1 L21-Yhq2 L31-Oie8 L41-Zxx9 L51-Gll1 L61-Fao6 L71-Hee3 L81-Gke0 L91-Bai3 L101-Dtj9 L2-Bwg2 L12-Hjy2 L22-K_j0 L32-Tij7 L42-Imi9 L52-Ugx9 L62-Kdp1 L72-Akx4 L82-Tyr4 L92-R_v1 L102-Xpe3 L3-Seo0 L13-Wrx2 L23-R_f1 L33-Jnz8 L43-Bgg4 L53-Tua6 L63-Cxh4 L73-Hg_1 L83-Taz7 L93-Srp0 L103-K_e7 L4-Pbv8 L14-Vb_2 L24-Zlu9 L34-Ack5 L44-Xx_6 L54-D__3 L64-Mcc4 L74-Bg_8 L84-Jfb4 L94-Rcu0 L104-Dzf0 L5-Ezz5 L15-Xqb3 L25-Oty5 L35-D_q4 L45-Vp_1 L55-Wba6 L65-Umz6 L75-Yz_0 L85-S_e3 L95-Rqn6 L105-Uiu0 L6-Oxo2 L16-Oeg0 L26-Myi6 L36-Qot1 L46-Amw9 L56-Osu8 L66-Bng2 L76-Vcq1 L86-Aba9 L96-Isp2 L106-Fot4 L7-Gar0 L17-Noq3 L27-Q_b8 L37-Saw4 L47-Ode5 L57-N_i6 L67-Tco7 L77-Svv7 L87-Fqh9 L97-Jba2 L107-Wlu1 L8-Fgi3 L18-Y_u7 L28-Dl_8 L38-Vlg1 L48-Tez6 L58-Djs1 L68-Pwd8 L78-Vnx3 L88-Bkt0 L98-Bkg8 L108-Qke5 L9-K_e6 L19-Wgk7 L29-Jb_3 L39-Dnx7 L49-Oxp5 L59-Deq8 L69-Cjt8 L79-Osx4 L89-Sfd0 L99-Zrm7 L109-Dnc2 L10-Anx4 L20-Prn1 L30-Oxd9 L40-Cey9 L50-Gwr6 L60-Zem8 L70-Emh4 L80-Yfv5 L90-V_s5 L100-Qbq3 L110-Eou1
L1-Ah_1 L11-Iiv3 L21-Zsy1 L31-Yhq2 L41-Oie8 L51-Zxx9 L61-Gll1 L71-Fao6 L81-Hee3 L91-Gke0 L101-Bai3 L111-Dtj9 L2-Iev0 L12-Bwg2 L22-Hjy2 L32-K_j0 L42-Tij7 L52-Imi9 L62-Ugx9 L72-Kdp1 L82-Akx4 L92-Tyr4 L102-R_v1 L112-Xpe3 L3-Njq0 L13-Seo0 L23-Wrx2 L33-R_f1 L43-Jnz8 L53-Bgg4 L63-Tua6 L73-Cxh4 L83-Hg_1 L93-Taz7 L103-Srp0 L113-K_e7 L4-Za_5 L14-Pbv8 L24-Vb_2 L34-Zlu9 L44-Ack5 L54-Xx_6 L64-D__3 L74-Mcc4 L84-Bg_8 L94-Jfb4 L104-Rcu0 L114-Dzf0 L5-Izx6 L15-Ezz5 L25-Xqb3 L35-Oty5 L45-D_q4 L55-Vp_1 L65-Wba6 L75-Umz6 L85-Yz_0 L95-S_e3 L105-Rqn6 L115-Uiu0 L6-Qji6 L16-Oxo2 L26-Oeg0 L36-Myi6 L46-Qot1 L56-Amw9 L66-Osu8 L76-Bng2 L86-Vcq1 L96-Aba9 L106-Isp2 L116-Fot4 L7-Qqe5 L17-Gar0 L27-Noq3 L37-Q_b8 L47-Saw4 L57-Ode5 L67-N_i6 L77-Tco7 L87-Svv7 L97-Fqh9 L107-Jba2 L117-Wlu1 L8-Ndt8 L18-Fgi3 L28-Y_u7 L38-Dl_8 L48-Vlg1 L58-Tez6 L68-Djs1 L78-Pwd8 L88-Vnx3 L98-Bkt0 L108-Bkg8 L118-Qke5 L9-Ysp8 L19-K_e6 L29-Wgk7 L39-Jb_3 L49-Dnx7 L59-Oxp5 L69-Deq8 L79-Cjt8 L89-Osx4 L99-Sfd0 L109-Zrm7 L119-Dnc2 L10-Nam2 L20-Anx4 L30-Prn1 L40-Oxd9 L50-Cey9 L60-Gwr6 L70-Zem8 L80-Emh4 L90-Yfv5 L100-V_s5 L110-Qbq3 L120-Eou1
L1-Jsn2 L11-Ah_1 L21-Iiv3 L31-Zsy1 L41-Yhq2 L51-Oie8 L61-Zxx9 L71-Gll1 L81-Fao6 L91-Hee3 L101-Gke0 L111-Bai3 L121-Dtj9 L2-Osh6 L12-Iev0 L22-Bwg2 L32-Hjy2 L42-K_j0 L52-Tij7 L62-Imi9 L72-Ugx9 L82-Kdp1 L92-Akx4 L102-Tyr4 L112-R_v1 L122-Xpe3 L3-Zkf1 L13-Njq0 L23-Seo0 L33-Wrx2 L43-R_f1 L53-Jnz8 L63-Bgg4 L73-Tua6 L83-Cxh4 L93-Hg_1 L103-Taz7 L113-Srp0 L123-K_e7 L4-Psw4 L14-Za_5 L24-Pbv8 L34-Vb_2 L44-Zlu9 L54-Ack5 L64-Xx_6 L74-D__3 L84-Mcc4 L94-Bg_8 L104-Jfb4 L114-Rcu0 L124-Dzf0 L5-Ulm9 L15-Izx6 L25-Ezz5 L35-Xqb3 L45-Oty5 L55-D_q4 L65-Vp_1 L75-Wba6 L85-Umz6 L95-Yz_0 L105-S_e3 L115-Rqn6 L125-Uiu0 L6-Toc1 L16-Qji6 L26-Oxo2 L36-Oeg0 L46-Myi6 L56-Qot1 L66-Amw9 L76-Osu8 L86-Bng2 L96-Vcq1 L106-Aba9 L116-Isp2 L126-Fot4 L7-Zqq4 L17-Qqe5 L27-Gar0 L37-Noq3 L47-Q_b8 L57-Saw4 L67-Ode5 L77-N_i6 L87-Tco7 L97-Svv7 L107-Fqh9 L117-Jba2 L127-Wlu1 L8-Q_g5 L18-Ndt8 L28-Fgi3 L38-Y_u7 L48-Dl_8 L58-Vlg1 L68-Tez6 L78-Djs1 L88-Pwd8 L98-Vnx3 L108-Bkt0 L118-Bkg8 L128-Qke5 L9-Ffm9 L19-Ysp8 L29-K_e6 L39-Wgk7 L49-Jb_3 L59-Dnx7 L69-Oxp5 L79-Deq8 L89-Cjt8 L99-Osx4 L109-Sfd0 L119-Zrm7 L129-Dnc2 L10-G_n7 L20-Nam2 L30-Anx4 L40-Prn1 L50-Oxd9 L60-Cey9 L70-Gwr6 L80-Zem8 L90-Emh4 L100-Yfv5 L110-V_s5 L120-Qbq3 L130-Eou1
L1-Uva4 L11-Jsn2 L21-Ah_1 L31-Iiv3 L41-Zsy1 L51-Yhq2 L61-Oie8 L71-Zxx9 L81-Gll1 L91-Fao6 L101-Hee3 L111-Gke0 L121-Bai3 L2-Pwm9 L12-Osh6 L22-Iev0 L32-Bwg2 L42-Hjy2 L52-K_j0 L62-Tij7 L72-Imi9 L82-Ugx9 L92-Kdp1 L102-Akx4 L112-Tyr4 L122-R_v1 L3-H_n8 L13-Zkf1 L23-Njq0 L33-Seo0 L43-Wrx2 L53-R_f1 L63-Jnz8 L73-Bgg4 L83-Tua6 L93-Cxh4 L103-Hg_1 L113-Taz7 L123-Srp0 L4-Crh7 L14-Psw4 L24-Za_5 L34-Pbv8 L44-Vb_2 L54-Zlu9 L64-Ack5 L74-Xx_6 L84-D__3 L94-Mcc4 L104-Bg_8 L114-Jfb4 L124-Rcu0 L5-Ssd4 L15-Ulm9 L25-Izx6 L35-Ezz5 L45-Xqb3 L55-Oty5 L65-D_q4 L75-Vp_1 L85-Wba6 L95-Umz6 L105-Yz_0 L115-S_e3 L125-Rqn6 L131-Uiu0 L6-Dw_2 L16-Toc1 L26-Qji6 L36-Oxo2 L46-Oeg0 L56-Myi6 L66-Qot1 L76-Amw9 L86-Osu8 L96-Bng2 L106-Vcq1 L116-Aba9 L126-Isp2 L132-Fot4 L7-M_m0 L17-Zqq4 L27-Qqe5 L37-Gar0 L47-Noq3 L57-Q_b8 L67-Saw4 L77-Ode5 L87-N_i6 L97-Tco7 L107-Svv7 L117-Fqh9 L127-Jba2 L133-Wlu1 L8-Aju0 L18-Q_g5 L28-Ndt8 L38-Fgi3 L48-Y_u7 L58-Dl_8 L68-Vlg1 L78-Tez6 L88-Djs1 L98-Pwd8 L108-Vnx3 L118-Bkt0 L128-Bkg8 L134-Qke5 L9-Npl0 L19-Ffm9 L29-Ysp8 L39-K_e6 L49-Wgk7 L59-Jb_3 L69-Dnx7 L79-Oxp5 L89-Deq8 L99-Cjt8 L109-Osx4 L119-Sfd0 L129-Zrm7 L135-Dnc2 L10-Mca3 L20-G_n7 L30-Nam2 L40-Anx4 L50-Prn1 L60-Oxd9 L70-Cey9 L80-Gwr6 L90-Zem8 L100-Emh4 L110-Yfv5 L120-V_s5 L130-Qbq3 L136-Eou1
L1-Dsy9 L11-Uva4 L21-Jsn2 L31-Ah_1 L41-Iiv3 L51-Zsy1 L61-Yhq2 L71-Oie8 L81-Zxx9 L91-Gll1 L101-Fao6 L111-Hee3 L121-Gke0 L2-Vqf3 L12-Pwm9 L22-Osh6 L32-Iev0 L42-Bwg2 L52-Hjy2 L62-K_j0 L72-Tij7 L82-Imi9 L92-Ugx9 L102-Kdp1 L112-Akx4 L122-Tyr4 L3-Uve2 L13-H_n8 L23-Zkf1 L33-Njq0 L43-Seo0 L53-Wrx2 L63-R_f1 L73-Jnz8 L83-Bgg4 L93-Tua6 L103-Cxh4 L113-Hg_1 L123-Taz7 L4-Yzj6 L14-Crh7 L24-Psw4 L34-Za_5 L44-Pbv8 L54-Vb_2 L64-Zlu9 L74-Ack5 L84-Xx_6 L94-D__3 L104-Mcc4 L114-Bg_8 L124-Jfb4 L5-Jf_0 L15-Ssd4 L25-Ulm9 L35-Izx6 L45-Ezz5 L55-Xqb3 L65-Oty5 L75-D_q4 L85-Vp_1 L95-Wba6 L105-Umz6 L115-Yz_0 L125-S_e3 L131-Rqn6 L6-Kek2 L16-Dw_2 L26-Toc1 L36-Qji6 L46-Oxo2 L56-Oeg0 L66-Myi6 L76-Qot1 L86-Amw9 L96-Osu8 L106-Bng2 L116-Vcq1 L126-Aba9 L132-Isp2 L7-Pau9 L17-M_m0 L27-Zqq4 L37-Qqe5 L47-Gar0 L57-Noq3 L67-Q_b8 L77-Saw4 L87-Ode5 L97-N_i6 L107-Tco7 L117-Svv7 L127-Fqh9 L133-Jba2 L8-Jvn2 L18-Aju0 L28-Q_g5 L38-Ndt8 L48-Fgi3 L58-Y_u7 L68-Dl_8 L78-Vlg1 L88-Tez6 L98-Djs1 L108-Pwd8 L118-Vnx3 L128-Bkt0 L134-Bkg8 L9-Sdm4 L19-Npl0 L29-Ffm9 L39-Ysp8 L49-K_e6 L59-Wgk7 L69-Jb_3 L79-Dnx7 L89-Oxp5 L99-Deq8 L109-Cjt8 L119-Osx4 L129-Sfd0 L135-Zrm7 L10-Dcp8 L20-Mca3 L30-G_n7 L40-Nam2 L50-Anx4 L60-Prn1 L70-Oxd9 L80-Cey9 L90-Gwr6 L100-Zem8 L110-Emh4 L120-Yfv5 L130-V_s5 L136-Qbq3
L1-Wjf5 L11-Dsy9 L21-Uva4 L31-Jsn2 L41-Ah_1 L51-Iiv3 L61-Zsy1 L71-Yhq2 L81-Oie8 L91-Zxx9 L101-Gll1 L111-Fao6 L121-Hee3 L2-Dbn9 L12-Vqf3 L22-Pwm9 L32-Osh6 L42-Iev0 L52-Bwg2 L62-Hjy2 L72-K_j0 L82-Tij7 L92-Imi9 L102-Ugx9 L112-Kdp1 L122-Akx4 L3-Em_3 L13-Uve2 L23-H_n8 L33-Zkf1 L43-Njq0 L53-Seo0 L63-Wrx2 L73-R_f1 L83-Jnz8 L93-Bgg4 L103-Tua6 L113-Cxh4 L123-Hg_1 L4-T_k0 L14-Yzj6 L24-Crh7 L34-Psw4 L44-Za_5 L54-Pbv8 L64-Vb_2 L74-Zlu9 L84-Ack5 L94-Xx_6 L104-D__3 L114-Mcc4 L124-Bg_8 L5-Rps9 L15-Jf_0 L25-Ssd4 L35-Ulm9 L45-Izx6 L55-Ezz5 L65-Xqb3 L75-Oty5 L85-D_q4 L95-Vp_1 L105-Wba6 L115-Umz6 L125-Yz_0 L131-S_e3 L6-V_s4 L16-Kek2 L26-Dw_2 L36-Toc1 L46-Qji6 L56-Oxo2 L66-Oeg0 L76-Myi6 L86-Qot1 L96-Amw9 L106-Osu8 L116-Bng2 L126-Vcq1 L132-Aba9 L7-Ont4 L17-Pau9 L27-M_m0 L37-Zqq4 L47-Qqe5 L57-Gar0 L67-Noq3 L77-Q_b8 L87-Saw4 L97-Ode5 L107-N_i6 L117-Tco7 L127-Svv7 L133-Fqh9 L8-Idv9 L18-Jvn2 L28-Aju0 L38-Q_g5 L48-Ndt8 L58-Fgi3 L68-Y_u7 L78-Dl_8 L88-Vlg1 L98-Tez6 L108-Djs1 L118-Pwd8 L128-Vnx3 L134-Bkt0 L9-Fu_6 L19-Sdm4 L29-Npl0 L39-Ffm9 L49-Ysp8 L59-K_e6 L69-Wgk7 L79-Jb_3 L89-Dnx7 L99-Oxp5 L109-Deq8 L119-Cjt8 L129-Osx4 L135-Sfd0 L10-I_m1 L20-Dcp8 L30-Mca3 L40-G_n7 L50-Nam2 L60-Anx4 L70-Prn1 L80-Oxd9 L90-Cey9 L100-Gwr6 L110-Zem8 L120-Emh4 L130-Yfv5 L136-V_s5
L1-Ahi1 L11-Wjf5 L21-Dsy9 L31-Uva4 L41-Jsn2 L51-Ah_1 L61-Iiv3 L71-Zsy1 L81-Yhq2 L91-Oie8 L101-Zxx9 L111-Gll1 L121-Fao6 L2-Awn1 L12-Dbn9 L22-Vqf3 L32-Pwm9 L42-Osh6 L52-Iev0 L62-Bwg2 L72-Hjy2 L82-K_j0 L92-Tij7 L102-Imi9 L112-Ugx9 L122-Kdp1 L3-Ya_9 L13-Em_3 L23-Uve2 L33-H_n8 L43-Zkf1 L53-Njq0 L63-Seo0 L73-Wrx2 L83-R_f1 L93-Jnz8 L103-Bgg4 L113-Tua6 L123-Cxh4 L4-Rfa0 L14-T_k0 L24-Yzj6 L34-Crh7 L44-Psw4 L54-Za_5 L64-Pbv8 L74-Vb_2 L84-Zlu9 L94-Ack5 L104-Xx_6 L114-D__3 L124-Mcc4 L5-Kah4 L15-Rps9 L25-Jf_0 L35-Ssd4 L45-Ulm9 L55-Izx6 L65-Ezz5 L75-Xqb3 L85-Oty5 L95-D_q4 L105-Vp_1 L115-Wba6 L125-Umz6 L131-Yz_0 L6-Mtq1 L16-V_s4 L26-Kek2 L36-Dw_2 L46-Toc1 L56-Qji6 L66-Oxo2 L76-Oeg0 L86-Myi6 L96-Qot1 L106-Amw9 L116-Osu8 L126-Bng2 L132-Vcq1 L7-Uip1 L17-Ont4 L27-Pau9 L37-M_m0 L47-Zqq4 L57-Qqe5 L67-Gar0 L77-Noq3 L87-Q_b8 L97-Saw4 L107-Ode5 L117-N_i6 L127-Tco7 L133-Svv7 L8-Rp_2 L18-Idv9 L28-Jvn2 L38-Aju0 L48-Q_g5 L58-Ndt8 L68-Fgi3 L78-Y_u7 L88-Dl_8 L98-Vlg1 L108-Tez6 L118-Djs1 L128-Pwd8 L134-Vnx3 L9-Bfb4 L19-Fu_6 L29-Sdm4 L39-Npl0 L49-Ffm9 L59-Ysp8 L69-K_e6 L79-Wgk7 L89-Jb_3 L99-Dnx7 L109-Oxp5 L119-Deq8 L129-Cjt8 L135-Osx4 L10-Mpb1 L20-I_m1 L30-Dcp8 L40-Mca3 L50-G_n7 L60-Nam2 L70-Anx4 L80-Prn1 L90-Oxd9 L100-Cey9 L110-Gwr6 L120-Zem8 L130-Emh4 L136-Yfv5
L1-Fmy2 L11-Ahi1 L21-Wjf5 L31-Dsy9 L41-Uva4 L51-Jsn2 L61-Ah_1 L71-Iiv3 L81-Zsy1 L91-Yhq2 L101-Oie8 L111-Zxx9 L121-Gll1 L2-Blb5 L12-Awn1 L22-Dbn9 L32-Vqf3 L42-Pwm9 L52-Osh6 L62-Iev0 L72-Bwg2 L82-Hjy2 L92-K_j0 L102-Tij7 L112-Imi9 L122-Ugx9 L3-Qut1 L13-Ya_9 L23-Em_3 L33-Uve2 L43-H_n8 L53-Zkf1 L63-Njq0 L73-Seo0 L83-Wrx2 L93-R_f1 L103-Jnz8 L113-Bgg4 L123-Tua6 L4-Alx0 L14-Rfa0 L24-T_k0 L34-Yzj6 L44-Crh7 L54-Psw4 L64-Za_5 L74-Pbv8 L84-Vb_2 L94-Zlu9 L104-Ack5 L114-Xx_6 L124-D__3 L5-Jcr6 L15-Kah4 L25-Rps9 L35-Jf_0 L45-Ssd4 L55-Ulm9 L65-Izx6 L75-Ezz5 L85-Xqb3 L95-Oty5 L105-D_q4 L115-Vp_1 L125-Wba6 L131-Umz6 L6-Etf6 L16-Mtq1 L26-V_s4 L36-Kek2 L46-Dw_2 L56-Toc1 L66-Qji6 L76-Oxo2 L86-Oeg0 L96-Myi6 L106-Qot1 L116-Amw9 L126-Osu8 L132-Bng2 L7-Jnr9 L17-Uip1 L27-Ont4 L37-Pau9 L47-M_m0 L57-Zqq4 L67-Qqe5 L77-Gar0 L87-Noq3 L97-Q_b8 L107-Saw4 L117-Ode5 L127-N_i6 L133-Tco7 L8-Vk_2 L18-Rp_2 L28-Idv9 L38-Jvn2 L48-Aju0 L58-Q_g5 L68-Ndt8 L78-Fgi3 L88-Y_u7 L98-Dl_8 L108-Vlg1 L118-Tez6 L128-Djs1 L134-Pwd8 L9-Fnn0 L19-Bfb4 L29-Fu_6 L39-Sdm4 L49-Npl0 L59-Ffm9 L69-Ysp8 L79-K_e6 L89-Wgk7 L99-Jb_3 L109-Dnx7 L119-Oxp5 L129-Deq8 L135-Cjt8 L10-Nmr2 L20-Mpb1 L30-I_m1 L40-Dcp8 L50-Mca3 L60-G_n7 L70-Nam2 L80-Anx4 L90-Prn1 L100-Oxd9 L110-Cey9 L120-Gwr6 L130-Zem8 L136-Emh4
L1-Klt1 L11-Fmy2 L21-Ahi1 L31-Wjf5 L41-Dsy9 L51-Uva4 L61-Jsn2 L71-Ah_1 L81-Iiv3 L91-Zsy1 L101-Yhq2 L111-Oie8 L121-Zxx9 L2-Pex1 L12-Blb5 L22-Awn1 L32-Dbn9 L42-Vqf3 L52-Pwm9 L62-Osh6 L72-Iev0 L82-Bwg2 L92-Hjy2 L102-K_j0 L112-Tij7 L122-Imi9 L3-Phq2 L13-Qut1 L23-Ya_9 L33-Em_3 L43-Uve2 L53-H_n8 L63-Zkf1 L73-Njq0 L83-Seo0 L93-Wrx2 L103-R_f1 L113-Jnz8 L123-Bgg4 L4-Zwa4 L14-Alx0 L24-Rfa0 L34-T_k0 L44-Yzj6 L54-Crh7 L64-Psw4 L74-Za_5 L84-Pbv8 L94-Vb_2 L104-Zlu9 L114-Ack5 L124-Xx_6 L5-Fzu7 L15-Jcr6 L25-Kah4 L35-Rps9 L45-Jf_0 L55-Ssd4 L65-Ulm9 L75-Izx6 L85-Ezz5 L95-Xqb3 L105-Oty5 L115-D_q4 L125-Vp_1 L131-Wba6 L6-Ojf7 L16-Etf6 L26-Mtq1 L36-V_s4 L46-Kek2 L56-Dw_2 L66-Toc1 L76-Qji6 L86-Oxo2 L96-Oeg0 L106-Myi6 L116-Qot1 L126-Amw9 L132-Osu8 L7-J_m9 L17-Jnr9 L27-Uip1 L37-Ont4 L47-Pau9 L57-M_m0 L67-Zqq4 L77-Qqe5 L87-Gar0 L97-Noq3 L107-Q_b8 L117-Saw4 L127-Ode5 L133-N_i6 L8-Xhm7 L18-Vk_2 L28-Rp_2 L38-Idv9 L48-Jvn2 L58-Aju0 L68-Q_g5 L78-Ndt8 L88-Fgi3 L98-Y_u7 L108-Dl_8 L118-Vlg1 L128-Tez6 L134-Djs1 L9-Dwy7 L19-Fnn0 L29-Bfb4 L39-Fu_6 L49-Sdm4 L59-Npl0 L69-Ffm9 L79-Ysp8 L89-K_e6 L99-Wgk7 L109-Jb_3 L119-Dnx7 L129-Oxp5 L135-Deq8 L20-Nmr2 L30-Mpb1 L40-I_m1 L50-Dcp8 L60-Mca3 L70-G_n7 L80-Nam2 L90-Anx4 L100-Prn1 L110-Oxd9 L120-Cey9 L130-Gwr6 L136-Zem8
L1-Wjg4 L11-Klt1 L21-Fmy2 L31-Ahi1 L41-Wjf5 L51-Dsy9 L61-Uva4 L71-Jsn2 L81-Ah_1 L91-Iiv3 L101-Zsy1 L111-Yhq2 L121-Oie8 L2-Wmk6 L12-Pex1 L22-Blb5 L32-Awn1 L42-Dbn9 L52-Vqf3 L62-Pwm9 L72-Osh6 L82-Iev0 L92-Bwg2 L102-Hjy2 L112-K_j0 L122-Tij7 L3-Bx_8 L13-Phq2 L23-Qut1 L33-Ya_9 L43-Em_3 L53-Uve2 L63-H_n8 L73-Zkf1 L83-Njq0 L93-Seo0 L103-Wrx2 L113-R_f1 L123-Jnz8 L4-Arl8 L14-Zwa4 L24-Alx0 L34-Rfa0 L44-T_k0 L54-Yzj6 L64-Crh7 L74-Psw4 L84-Za_5 L94-Pbv8 L104-Vb_2 L114-Zlu9 L124-Ack5 L5-Rec9 L15-Fzu7 L25-Jcr6 L35-Kah4 L45-Rps9 L55-Jf_0 L65-Ssd4 L75-Ulm9 L85-Izx6 L95-Ezz5 L105-Xqb3 L115-Oty5 L125-D_q4 L131-Vp_1 L6-Vim8 L16-Ojf7 L26-Etf6 L36-Mtq1 L46-V_s4 L56-Kek2 L66-Dw_2 L76-Toc1 L86-Qji6 L96-Oxo2 L106-Oeg0 L116-Myi6 L126-Qot1 L132-Amw9 L7-Nmr2 L17-J_m9 L27-Jnr9 L37-Uip1 L47-Ont4 L57-Pau9 L67-M_m0 L77-Zqq4 L87-Qqe5 L97-Gar0 L107-Noq3 L117-Q_b8 L127-Saw4 L133-Ode5 L8-Nmr2 L18-Xhm7 L28-Vk_2 L38-Rp_2 L48-Idv9 L58-Jvn2 L68-Aju0 L78-Q_g5 L88-Ndt8 L98-Fgi3 L108-Y_u7 L118-Dl_8 L128-Vlg1 L134-Tez6 L9-Nmr2 L19-Dwy7 L29-Fnn0 L39-Bfb4 L49-Fu_6 L59-Sdm4 L69-Npl0 L79-Ffm9 L89-Ysp8 L99-K_e6 L109-Wgk7 L119-Jb_3 L129-Dnx7 L135-Oxp5 L30-Nmr2 L40-Mpb1 L50-I_m1 L60-Dcp8 L70-Mca3 L80-G_n7 L90-Nam2 L100-Anx4 L110-Prn1 L120-Oxd9 L130-Cey9 L136-Gwr6
L1-Ubs1 L11-Wjg4 L21-Klt1 L31-Fmy2 L41-Ahi1 L51-Wjf5 L61-Dsy9 L71-Uva4 L81-Jsn2 L91-Ah_1 L101-Iiv3 L111-Zsy1 L121-Yhq2 L2-Hbn2 L12-Wmk6 L22-Pex1 L32-Blb5 L42-Awn1 L52-Dbn9 L62-Vqf3 L72-Pwm9 L82-Osh6 L92-Iev0 L102-Bwg2 L112-Hjy2 L122-K_j0 L3-Tnq3 L13-Bx_8 L23-Phq2 L33-Qut1 L43-Ya_9 L53-Em_3 L63-Uve2 L73-H_n8 L83-Zkf1 L93-Njq0 L103-Seo0 L113-Wrx2 L123-R_f1 L4-Utr5 L14-Arl8 L24-Zwa4 L34-Alx0 L44-Rfa0 L54-T_k0 L64-Yzj6 L74-Crh7 L84-Psw4 L94-Za_5 L104-Pbv8 L114-Vb_2 L124-Zlu9 L5-Jbl3 L15-Rec9 L25-Fzu7 L35-Jcr6 L45-Kah4 L55-Rps9 L65-Jf_0 L75-Ssd4 L85-Ulm9 L95-Izx6 L105-Ezz5 L115-Xqb3 L125-Oty5 L131-D_q4 L6-Dzt6 L16-Vim8 L26-Ojf7 L36-Etf6 L46-Mtq1 L56-V_s4 L66-Kek2 L76-Dw_2 L86-Toc1 L96-Qji6 L106-Oxo2 L116-Oeg0 L126-Myi6 L132-Qot1 L17-Nmr2 L27-J_m9 L37-Jnr9 L47-Uip1 L57-Ont4 L67-Pau9 L77-M_m0 L87-Zqq4 L97-Qqe5 L107-Gar0 L117-Noq3 L127-Q_b8 L133-Saw4 L18-Nmr2 L28-Xhm7 L38-Vk_2 L48-Rp_2 L58-Idv9 L68-Jvn2 L78-Aju0 L88-Q_g5 L98-Ndt8 L108-Fgi3 L118-Y_u7 L128-Dl_8 L134-Vlg1 L19-Nmr2 L29-Dwy7 L39-Fnn0 L49-Bfb4 L59-Fu_6 L69-Sdm4 L79-Npl0 L89-Ffm9 L99-Ysp8 L109-K_e6 L119-Wgk7 L129-Jb_3 L135-Dnx7 L40-Nmr2 L50-Mpb1 L60-I_m1 L70-Dcp8 L80-Mca3 L90-G_n7 L100-Nam2 L110-Anx4 L120-Prn1 L130-Oxd9 L136-Cey9
L1-Qat6 L11-Ubs1 L21-Wjg4 L31-Klt1 L41-Fmy2 L51-Ahi1 L61-Wjf5 L71-Dsy9 L81-Uva4 L91-Jsn2 L101-Ah_1 L111-Iiv3 L121-Zsy1 L2-Xht4 L12-Hbn2 L22-Wmk6 L32-Pex1 L42-Blb5 L52-Awn1 L62-Dbn9 L72-Vqf3 L82-Pwm9 L92-Osh6 L102-Iev0 L112-Bwg2 L122-Hjy2 L3-Fy_4 L13-Tnq3 L23-Bx_8 L33-Phq2 L43-Qut1 L53-Ya_9 L63-Em_3 L73-Uve2 L83-H_n8 L93-Zkf1 L103-Njq0 L113-Seo0 L123-Wrx2 L4-Xjl4 L14-Utr5 L24-Arl8 L34-Zwa4 L44-Alx0 L54-Rfa0 L64-T_k0 L74-Yzj6 L84-Crh7 L94-Psw4 L104-Za_5 L114-Pbv8 L124-Vb_2 L5-Nmr2 L15-Jbl3 L25-Rec9 L35-Fzu7 L45-Jcr6 L55-Kah4 L65-Rps9 L75-Jf_0 L85-Ssd4 L95-Ulm9 L105-Izx6 L115-Ezz5 L125-Xqb3 L131-Oty5 L6-Nmr2 L16-Dzt6 L26-Vim8 L36-Ojf7 L46-Etf6 L56-Mtq1 L66-V_s4 L76-Kek2 L86-Dw_2 L96-Toc1 L106-Qji6 L116-Oxo2 L126-Oeg0 L132-Myi6 L27-Nmr2 L37-J_m9 L47-Jnr9 L57-Uip1 L67-Ont4 L77-Pau9 L87-M_m0 L97-Zqq4 L107-Qqe5 L117-Gar0 L127-Noq3 L133-Q_b8 L28-Nmr2 L38-Xhm7 L48-Vk_2 L58-Rp_2 L68-Idv9 L78-Jvn2 L88-Aju0 L98-Q_g5 L108-Ndt8 L118-Fgi3 L128-Y_u7 L134-Dl_8 L29-Nmr2 L39-Dwy7 L49-Fnn0 L59-Bfb4 L69-Fu_6 L79-Sdm4 L89-Npl0 L99-Ffm9 L109-Ysp8 L119-K_e6 L129-Wgk7 L135-Jb_3 L50-Nmr2 L60-Mpb1 L70-I_m1 L80-Dcp8 L90-Mca3 L100-G_n7 L110-Nam2 L120-Anx4 L130-Prn1 L136-Oxd9
L1-Tfz4 L11-Qat6 L21-Ubs1 L31-Wjg4 L41-Klt1 L51-Fmy2 L61-Ahi1 L71-Wjf5 L81-Dsy9 L91-Uva4 L101-Jsn2 L111-Ah_1 L121-Iiv3 L2-Nmr2 L12-Xht4 L22-Hbn2 L32-Wmk6 L42-Pex1 L52-Blb5 L62-Awn1 L72-Dbn9 L82-Vqf3 L92-Pwm9 L102-Osh6 L112-Iev0 L122-Bwg2 L3-Nmr2 L13-Fy_4 L23-Tnq3 L33-Bx_8 L43-Phq2 L53-Qut1 L63-Ya_9 L73-Em_3 L83-Uve2 L93-H_n8 L103-Zkf1 L113-Njq0 L123-Seo0 L4-Nmr2 L14-Xjl4 L24-Utr5 L34-Arl8 L44-Zwa4 L54-Alx0 L64-Rfa0 L74-T_k0 L84-Yzj6 L94-Crh7 L104-Psw4 L114-Za_5 L124-Pbv8 L15-Nmr2 L25-Jbl3 L35-Rec9 L45-Fzu7 L55-Jcr6 L65-Kah4 L75-Rps9 L85-Jf_0 L95-Ssd4 L105-Ulm9 L115-Izx6 L125-Ezz5 L131-Xqb3 L16-Nmr2 L26-Dzt6 L36-Vim8 L46-Ojf7 L56-Etf6 L66-Mtq1 L76-V_s4 L86-Kek2 L96-Dw_2 L106-Toc1 L116-Qji6 L126-Oxo2 L132-Oeg0 L37-Nmr2 L47-J_m9 L57-Jnr9 L67-Uip1 L77-Ont4 L87-Pau9 L97-M_m0 L107-Zqq4 L117-Qqe5 L127-Gar0 L133-Noq3 L38-Nmr2 L48-Xhm7 L58-Vk_2 L68-Rp_2 L78-Idv9 L88-Jvn2 L98-Aju0 L108-Q_g5 L118-Ndt8 L128-Fgi3 L134-Y_u7 L39-Nmr2 L49-Dwy7 L59-Fnn0 L69-Bfb4 L79-Fu_6 L89-Sdm4 L99-Npl0 L109-Ffm9 L119-Ysp8 L129-K_e6 L135-Wgk7 L60-Nmr2 L70-Mpb1 L80-I_m1 L90-Dcp8 L100-Mca3 L110-G_n7 L120-Nam2 L130-Anx4 L136-Prn1
L1-Nmr2 L11-Tfz4 L21-Qat6 L31-Ubs1 L41-Wjg4 L51-Klt1 L61-Fmy2 L71-Ahi1 L81-Wjf5 L91-Dsy9 L101-Uva4 L111-Jsn2 L121-Ah_1 L12-Nmr2 L22-Xht4 L32-Hbn2 L42-Wmk6 L52-Pex1 L62-Blb5 L72-Awn1 L82-Dbn9 L92-Vqf3 L102-Pwm9 L112-Osh6 L122-Iev0 L13-Nmr2 L23-Fy_4 L33-Tnq3 L43-Bx_8 L53-Phq2 L63-Qut1 L73-Ya_9 L83-Em_3 L93-Uve2 L103-H_n8 L113-Zkf1 L123-Njq0 L14-Nmr2 L24-Xjl4 L34-Utr5 L44-Arl8 L54-Zwa4 L64-Alx0 L74-Rfa0 L84-T_k0 L94-Yzj6 L104-Crh7 L114-Psw4 L124-Za_5 L25-Nmr2 L35-Jbl3 L45-Rec9 L55-Fzu7 L65-Jcr6 L75-Kah4 L85-Rps9 L95-Jf_0 L105-Ssd4 L115-Ulm9 L125-Izx6 L131-Ezz5 L26-Nmr2 L36-Dzt6 L46-Vim8 L56-Ojf7 L66-Etf6 L76-Mtq1 L86-V_s4 L96-Kek2 L106-Dw_2 L116-Toc1 L126-Qji6 L132-Oxo2 L47-Nmr2 L57-J_m9 L67-Jnr9 L77-Uip1 L87-Ont4 L97-Pau9 L107-M_m0 L117-Zqq4 L127-Qqe5 L133-Gar0 L48-Nmr2 L58-Xhm7 L68-Vk_2 L78-Rp_2 L88-Idv9 L98-Jvn2 L108-Aju0 L118-Q_g5 L128-Ndt8 L134-Fgi3 L49-Nmr2 L59-Dwy7 L69-Fnn0 L79-Bfb4 L89-Fu_6 L99-Sdm4 L109-Npl0 L119-Ffm9 L129-Ysp8 L135-K_e6 L70-Nmr2 L80-Mpb1 L90-I_m1 L100-Dcp8 L110-Mca3 L120-G_n7 L130-Nam2 L136-Anx4
L11-Nmr2 L21-Tfz4 L31-Qat6 L41-Ubs1 L51-Wjg4 L61-Klt1 L71-Fmy2 L81-Ahi1 L91-Wjf5 L101-Dsy9 L111-Uva4 L121-Jsn2 L22-Nmr2 L32-Xht4 L42-Hbn2 L52-Wmk6 L62-Pex1 L72-Blb5 L82-Awn1 L92-Dbn9 L102-Vqf3 L112-Pwm9 L122-Osh6 L23-Nmr2 L33-Fy_4 L43-Tnq3 L53-Bx_8 L63-Phq2 L73-Qut1 L83-Ya_9 L93-Em_3 L103-Uve2 L113-H_n8 L123-Zkf1 L24-Nmr2 L34-Xjl4 L44-Utr5 L54-Arl8 L64-Zwa4 L74-Alx0 L84-Rfa0 L94-T_k0 L104-Yzj6 L114-Crh7 L124-Psw4 L35-Nmr2 L45-Jbl3 L55-Rec9 L65-Fzu7 L75-Jcr6 L85-Kah4 L95-Rps9 L105-Jf_0 L115-Ssd4 L125-Ulm9 L131-Izx6 L36-Nmr2 L46-Dzt6 L56-Vim8 L66-Ojf7 L76-Etf6 L86-Mtq1 L96-V_s4 L106-Kek2 L116-Dw_2 L126-Toc1 L132-Qji6 L57-Nmr2 L67-J_m9 L77-Jnr9 L87-Uip1 L97-Ont4 L107-Pau9 L117-M_m0 L127-Zqq4 L133-Qqe5 L58-Nmr2 L68-Xhm7 L78-Vk_2 L88-Rp_2 L98-Idv9 L108-Jvn2 L118-Aju0 L128-Q_g5 L134-Ndt8 L59-Nmr2 L69-Dwy7 L79-Fnn0 L89-Bfb4 L99-Fu_6 L109-Sdm4 L119-Npl0 L129-Ffm9 L135-Ysp8 L80-Nmr2 L90-Mpb1 L100-I_m1 L110-Dcp8 L120-Mca3 L130-G_n7 L136-Nam2
L21-Nmr2 L31-Tfz4 L41-Qat6 L51-Ubs1 L61-Wjg4 L71-Klt1 L81-Fmy2 L91-Ahi1 L101-Wjf5 L111-Dsy9 L121-Uva4 L32-Nmr2 L42-Xht4 L52-Hbn2 L62-Wmk6 L72-Pex1 L82-Blb5 L92-Awn1 L102-Dbn9 L112-Vqf3 L122-Pwm9 L33-Nmr2 L43-Fy_4 L53-Tnq3 L63-Bx_8 L73-Phq2 L83-Qut1 L93-Ya_9 L103-Em_3 L113-Uve2 L123-H_n8 L34-Nmr2 L44-Xjl4 L54-Utr5 L64-Arl8 L74-Zwa4 L84-Alx0 L94-Rfa0 L104-T_k0 L114-Yzj6 L124-Crh7 L45-Nmr2 L55-Jbl3 L65-Rec9 L75-Fzu7 L85-Jcr6 L95-Kah4 L105-Rps9 L115-Jf_0 L125-Ssd4 L131-Ulm9 L46-Nmr2 L56-Dzt6 L66-Vim8 L76-Ojf7 L86-Etf6 L96-Mtq1 L106-V_s4 L116-Kek2 L126-Dw_2 L132-Toc1 L67-Nmr2 L77-J_m9 L87-Jnr9 L97-Uip1 L107-Ont4 L117-Pau9 L127-M_m0 L133-Zqq4 L68-Nmr2 L78-Xhm7 L88-Vk_2 L98-Rp_2 L108-Idv9 L118-Jvn2 L128-Aju0 L134-Q_g5 L69-Nmr2 L79-Dwy7 L89-Fnn0 L99-Bfb4 L109-Fu_6 L119-Sdm4 L129-Npl0 L135-Ffm9 L90-Nmr2 L100-Mpb1 L110-I_m1 L120-Dcp8 L130-Mca3 L136-G_n7
L31-Nmr2 L41-Tfz4 L51-Qat6 L61-Ubs1 L71-Wjg4 L81-Klt1 L91-Fmy2 L101-Ahi1 L111-Wjf5 L121-Dsy9 L42-Nmr2 L52-Xht4 L62-Hbn2 L72-Wmk6 L82-Pex1 L92-Blb5 L102-Awn1 L112-Dbn9 L122-Vqf3 L43-Nmr2 L53-Fy_4 L63-Tnq3 L73-Bx_8 L83-Phq2 L93-Qut1 L103-Ya_9 L113-Em_3 L123-Uve2 L44-Nmr2 L54-Xjl4 L64-Utr5 L74-Arl8 L84-Zwa4 L94-Alx0 L104-Rfa0 L114-T_k0 L124-Yzj6 L55-Nmr2 L65-Jbl3 L75-Rec9 L85-Fzu7 L95-Jcr6 L105-Kah4 L115-Rps9 L125-Jf_0 L131-Ssd4 L56-Nmr2 L66-Dzt6 L76-Vim8 L86-Ojf7 L96-Etf6 L106-Mtq1 L116-V_s4 L126-Kek2 L132-Dw_2 L77-Nmr2 L87-J_m9 L97-Jnr9 L107-Uip1 L117-Ont4 L127-Pau9 L133-M_m0 L78-Nmr2 L88-Xhm7 L98-Vk_2 L108-Rp_2 L118-Idv9 L128-Jvn2 L134-Aju0 L79-Nmr2 L89-Dwy7 L99-Fnn0 L109-Bfb4 L119-Fu_6 L129-Sdm4 L135-Npl0 L100-Nmr2 L110-Mpb1 L120-I_m1 L130-Dcp8 L136-Mca3
L41-Nmr2 L51-Tfz4 L61-Qat6 L71-Ubs1 L81-Wjg4 L91-Klt1 L101-Fmy2 L111-Ahi1 L121-Wjf5 L52-Nmr2 L62-Xht4 L72-Hbn2 L82-Wmk6 L92-Pex1 L102-Blb5 L112-Awn1 L122-Dbn9 L53-Nmr2 L63-Fy_4 L73-Tnq3 L83-Bx_8 L93-Phq2 L103-Qut1 L113-Ya_9 L123-Em_3 L54-Nmr2 L64-Xjl4 L74-Utr5 L84-Arl8 L94-Zwa4 L104-Alx0 L114-Rfa0 L124-T_k0 L65-Nmr2 L75-Jbl3 L85-Rec9 L95-Fzu7 L105-Jcr6 L115-Kah4 L125-Rps9 L131-Jf_0 L66-Nmr2 L76-Dzt6 L86-Vim8 L96-Ojf7 L106-Etf6 L116-Mtq1 L126-V_s4 L132-Kek2 L87-Nmr2 L97-J_m9 L107-Jnr9 L117-Uip1 L127-Ont4 L133-Pau9 L88-Nmr2 L98-Xhm7 L108-Vk_2 L118-Rp_2 L128-Idv9 L134-Jvn2 L89-Nmr2 L99-Dwy7 L109-Fnn0 L119-Bfb4 L129-Fu_6 L135-Sdm4 L110-Nmr2 L120-Mpb1 L130-I_m1 L136-Dcp8
L51-Nmr2 L61-Tfz4 L71-Qat6 L81-Ubs1 L91-Wjg4 L101-Klt1 L111-Fmy2 L121-Ahi1 L62-Nmr2 L72-Xht4 L82-Hbn2 L92-Wmk6 L102-Pex1 L112-Blb5 L122-Awn1 L63-Nmr2 L73-Fy_4 L83-Tnq3 L93-Bx_8 L103-Phq2 L113-Qut1 L123-Ya_9 L64-Nmr2 L74-Xjl4 L84-Utr5 L94-Arl8 L104-Zwa4 L114-Alx0 L124-Rfa0 L75-Nmr2 L85-Jbl3 L95-Rec9 L105-Fzu7 L115-Jcr6 L125-Kah4 L131-Rps9 L76-Nmr2 L86-Dzt6 L96-Vim8 L106-Ojf7 L116-Etf6 L126-Mtq1 L132-V_s4 L97-Nmr2 L107-J_m9 L117-Jnr9 L127-Uip1 L133-Ont4 L98-Nmr2 L108-Xhm7 L118-Vk_2 L128-Rp_2 L134-Idv9 L99-Nmr2 L109-Dwy7 L119-Fnn0 L129-Bfb4 L135-Fu_6 L120-Nmr2 L130-Mpb1 L136-I_m1
L61-Nmr2 L71-Tfz4 L81-Qat6 L91-Ubs1 L101-Wjg4 L111-Klt1 L121-Fmy2 L72-Nmr2 L82-Xht4 L92-Hbn2 L102-Wmk6 L112-Pex1 L122-Blb5 L73-Nmr2 L83-Fy_4 L93-Tnq3 L103-Bx_8 L113-Phq2 L123-Qut1 L74-Nmr2 L84-Xjl4 L94-Utr5 L104-Arl8 L114-Zwa4 L124-Alx0 L85-Nmr2 L95-Jbl3 L105-Rec9 L115-Fzu7 L125-Jcr6 L131-Kah4 L86-Nmr2 L96-Dzt6 L106-Vim8 L116-Ojf7 L126-Etf6 L132-Mtq1 L107-Nmr2 L117-J_m9 L127-Jnr9 L133-Uip1 L108-Nmr2 L118-Xhm7 L128-Vk_2 L134-Rp_2 L109-Nmr2 L119-Dwy7 L129-Fnn0 L135-Bfb4 L130-Nmr2 L136-Mpb1
L71-Nmr2 L81-Tfz4 L91-Qat6 L101-Ubs1 L111-Wjg4 L121-Klt1 L82-Nmr2 L92-Xht4 L102-Hbn2 L112-Wmk6 L122-Pex1 L83-Nmr2 L93-Fy_4 L103-Tnq3 L113-Bx_8 L123-Phq2 L84-Nmr2 L94-Xjl4 L104-Utr5 L114-Arl8 L124-Zwa4 L95-Nmr2 L105-Jbl3 L115-Rec9 L125-Fzu7 L131-Jcr6 L96-Nmr2 L106-Dzt6 L116-Vim8 L126-Ojf7 L132-Etf6 L117-Nmr2 L127-J_m9 L133-Jnr9 L118-Nmr2 L128-Xhm7 L134-Vk_2 L119-Nmr2 L129-Dwy7 L135-Fnn0 L136-Nmr2
L81-Nmr2 L91-Tfz4 L101-Qat6 L111-Ubs1 L121-Wjg4 L92-Nmr2 L102-Xht4 L112-Hbn2 L122-Wmk6 L93-Nmr2 L103-Fy_4 L113-Tnq3 L123-Bx_8 L94-Nmr2 L104-Xjl4 L114-Utr5 L124-Arl8 L105-Nmr2 L115-Jbl3 L125-Rec9 L131-Fzu7 L106-Nmr2 L116-Dzt6 L126-Vim8 L132-Ojf7 L127-Nmr2 L133-J_m9 L128-Nmr2 L134-Xhm7 L129-Nmr2 L135-Dwy7
L91-Nmr2 L101-Tfz4 L111-Qat6 L121-Ubs1 L102-Nmr2 L112-Xht4 L122-Hbn2 L103-Nmr2 L113-Fy_4 L123-Tnq3 L104-Nmr2 L114-Xjl4 L124-Utr5 L115-Nmr2 L125-Jbl3 L131-Rec9 L116-Nmr2 L126-Dzt6 L132-Vim8 L133-Nmr2 L134-Nmr2 L135-Nmr2
L101-Nmr2 L111-Tfz4 L121-Qat6 L112-Nmr2 L122-Xht4 L113-Nmr2 L123-Fy_4 L114-Nmr2 L124-Xjl4 L125-Nmr2 L131-Jbl3 L126-Nmr2 L132-Dzt6
L111-Nmr2 L121-Tfz4 L122-Nmr2 L123-Nmr2 L124-Nmr2 L131-Nmr2 L132-Nmr2
L121-Nmr2
