15
#Here is the number of lines required: 30
##start
Sei0 1 1
##end
Kyr4 4 4
T_z9 8 8
Phh7 11 11
Wrr4 14 14
Zxv1 16 16
Sld2 20 20
Fev3 23 23
Wgj1 26 26
K_u5 28 28
Qab0 31 31
Pft5 34 34
Two6 37 37
J_f8 41 41
Mtz0 42 42
Rea9 46 46
Gbf4 50 50
U_n8 52 52
Vp_4 55 55
Mcp6 59 59
Vmw5 63 63
Bdg0 65 65
Xqe6 68 68
Pv_5 71 71
Iuw7 74 74
Wvx3 77 77
Gho5 78 78
Zaw1 81 81
Qir9 84 84
Msz5 87 87
Vtk8 90 90
Pam7 92 92
Kgs6 95 95
Gsu2 98 98
Tev4 101 101
Sto1 105 105
G_d6 108 108
Hyy4 112 112
Itq8 113 113
Wvk3 117 117
Zvq8 119 119
Jl_3 121 121
Ynk1 123 123
Zqd4 126 126
Neu5 129 129
Dmj7 132 132
Itl9 135 135
Oor8 140 140
Eqv6 144 144
Jhr3 147 147
Abx6 150 150
A_w3 154 154
Gao6 157 157
Tgz1 161 161
Yrc4 162 162
Uzr2 164 164
Wcn9 167 167
Fox9 169 169
Sqd9 171 171
Aus5 173 173
Kdk5 176 176
P_z6 181 181
Ww_7 185 185
Ikm8 186 186
Ipf5 189 189
Uig7 193 193
H_b0 196 196
Pnd7 198 198
Qra9 202 202
Nbr0 204 204
Zjo2 207 207
Xdn7 212 212
S_k0 215 215
Kfd0 217 217
Rui6 219 219
Ngq9 221 221
Scc9 222 222
Wbl8 226 226
Eoa6 230 230
Rbf4 233 233
Nas2 235 235
Ig_3 239 239
Zzf3 241 241
Cwq1 242 242
Djw7 244 244
Oyb9 248 248
Jup6 252 252
Uag6 257 257
Kwg5 261 261
Ksw2 264 264
Gtk2 268 268
Erp6 270 270
Vna6 275 275
S_l2 280 280
Zxc4 281 281
Uwc0 285 285
Cec7 288 288
Tdj9 292 292
Eqh3 296 296
Uzc5 300 300
Xsy2 304 304
Hv_4 308 308
H_h2 312 312
Zro9 317 317
En_2 321 321
Ehj6 324 324
U_j2 328 328
Bwc6 329 329
N_k7 332 332
Spi2 336 336
Goy9 338 338
Vyj2 341 341
Ugb6 343 343
Klf1 348 348
Ech4 351 351
Uvp6 354 354
Vll9 357 357
Siu2 361 361
Htn1 366 366
Hao1 371 371
Egb5 374 374
Wqt9 376 376
Sqp5 378 378
Dzi6 380 380
Jcd3 381 381
Pkv5 385 385
Swj7 388 388
Upu6 389 389
Rbf1 393 393
Doc5 397 397
Sr_9 399 399
Ivd9 402 402
Rno1 405 405
Hzp1 409 409
Cuu1 410 410
Ehq6 413 413
Dag7 416 416
Brh4 420 420
X_w2 425 425
Jw_9 429 429
Gzq5 431 431
Qe_6 434 434
Rsf4 435 435
Qaa6 437 437
Zh_8 441 441
Ikn8 445 445
Bqr1 450 450
Zor8 452 452
Ufx6 455 455
Q_l0 458 458
Tbe0 462 462
Xwf2 465 465
J_g6 469 469
Sco0 471 471
Nfa8 472 472
Iww8 476 476
Euu5 478 478
Pgw2 481 481
Is_2 482 482
Ek_1 486 486
Eec8 489 489
Hfd2 492 492
Qgq8 495 495
Vab4 497 497
Z__0 499 499
Fmm8 503 503
E__7 505 505
Hkd7 508 508
Zns2 510 510
Mrt5 513 513
Ypk6 517 517
Er_2 520 520
Zse9 523 523
A_m6 528 528
All6 530 530
Etc9 533 533
Thh8 534 534
Ckv9 536 536
M_m5 538 538
I_p8 540 540
Yxo5 541 541
Jdp2 546 546
Bln4 549 549
Rnx9 553 553
Bwn4 556 556
E_x2 557 557
Vfo2 560 560
Vle9 564 564
Wql2 566 566
Noc0 569 569
Qow6 573 573
Hjg1 576 576
Dvo9 579 579
Oia8 582 582
Yvg1 585 585
Md_4 588 588
Cvy6 591 591
Szb1 593 593
M__3 596 596
Ioq9 599 599
Qji5 603 603
Yjm7 606 606
Wgt2 611 611
W_s0 612 612
Xdf5 615 615
Ppa6 616 616
Usy5 619 619
Zrt0 621 621
Dpx1 624 624
Jmy5 628 628
Apr5 632 632
Qii8 635 635
Hvt4 639 639
Ejv1 643 643
Dyv1 647 647
Wqx2 650 650
Qer4 653 653
Coy2 657 657
Clo5 660 660
Pko5 662 662
He_1 665 665
Tmu4 666 666
Fzv5 671 671
Can3 672 672
Kj_9 673 673
Opc1 675 675
Eqc6 677 677
Byl4 680 680
Klp6 684 684
Ajb8 686 686
Rxd9 691 691
Hgy4 694 694
Agd1 698 698
Or_2 702 702
Sxv8 703 703
Uo_3 706 706
Qyv9 707 707
Ixn3 711 711
Tjl2 713 713
Cxm2 717 717
Phb2 718 718
Ege7 721 721
Irm8 724 724
A_e1 729 729
Csk1 732 732
Rs_1 735 735
Sjp7 738 738
Htd9 744 744
Kvt6 748 748
Iar6 750 750
Fxv4 755 755
Uzf3 757 757
Ung7 758 758
V_p6 759 759
Axg9 763 763
Ghw4 766 766
Rz_2 769 769
Iss0 772 772
Rai9 775 775
Yzd2 778 778
Pql7 782 782
Ssx5 785 785
F_l8 787 787
Pb_8 792 792
Uks4 795 795
Bap6 798 798
Vm_0 801 801
Eae6 804 804
Iwy0 808 808
Vlg6 810 810
Jvi4 812 812
Yxv3 816 816
Ytk9 819 819
Ajv2 822 822
B__5 825 825
Bxy1 828 828
Haf2 833 833
Zyc0 837 837
Gil6 840 840
Odj1 843 843
Onc3 846 846
Yvp7 849 849
Slj3 853 853
N_l5 858 858
Bgn7 862 862
Zxh4 865 865
Tzj4 868 868
Vws5 871 871
Bro3 874 874
Yjo8 877 877
Vqt3 880 880
Mx_9 885 885
Nqf8 889 889
Y_y2 893 893
Tja5 895 895
Tyf0 897 897
Jn_5 901 901
Jab1 903 903
Vas0 905 905
Nyz2 908 908
Dcs2 911 911
Uas1 915 915
Dci8 917 917
Ijl4 922 922
Vdu9 927 927
R_o8 932 932
Pwt5 934 934
Bnr3 937 937
Fjx1 941 941
Grk0 944 944
Jet3 948 948
Ngr4 952 952
Aup5 955 955
Vv_9 958 958
Ku_8 959 959
Hyq7 962 962
Mzp2 965 965
Wlm4 966 966
Bri2 969 969
Mfm4 974 974
Mof3 975 975
Gs_9 978 978
Ee_8 980 980
Scp7 982 982
Pe_3 983 983
Mrb9 985 985
Kdz8 990 990
Zck7 994 994
Jxc2 996 996
Txk4 999 999
Tvm4 1001 1001
Rny6 1004 1004
Bkf3 1007 1007
Qxb6 1010 1010
Ptd3 1014 1014
Dqk5 1018 1018
Qzp2 1022 1022
Hmn8 1025 1025
Uya1 1028 1028
Jzb8 1031 1031
Egg8 1033 1033
Bpm0 1037 1037
D_k0 1042 1042
Fhe6 1044 1044
Yqh8 1047 1047
Vot3 1050 1050
Ckp1 1052 1052
Ayt9 1054 1054
Yzg9 1055 1055
Yxd5 1058 1058
Snw5 1060 1060
G_b2 1065 1065
Wpx9 1069 1069
Tyq5 1072 1072
W_h5 1075 1075
Xso0 1078 1078
Uup3 1082 1082
Eel2 1085 1085
Sdm9 1087 1087
Tqj3 1091 1091
Vit2 1096 1096
Tde8 1101 1101
Scb8 1104 1104
Nur7 1105 1105
Szk1 1110 1110
Dww1 1113 1113
Eja2 1118 1118
Cwk1 1121 1121
Kix0 1122 1122
M_d3 1124 1124
Awc4 1126 1126
Qbc0 1130 1130
Hwy8 1131 1131
Snf7 1134 1134
Cdy8 1135 1135
Blj3 1137 1137
Qpo4 1141 1141
Jvw7 1144 1144
Iru5 1148 1148
Fcx5 1150 1150
Zao6 1152 1152
Cgh0 1154 1154
E_d5 1157 1157
N_c4 1160 1160
Ewc5 1162 1162
Wix4 1164 1164
J_d8 1166 1166
Tnx4 1167 1167
Qtp0 1170 1170
Xw_1 1173 1173
Yss1 1177 1177
Yaf1 1182 1182
Fve1 1185 1185
W_z1 1188 1188
Sxa4 1191 1191
Ym_6 1194 1194
Ega1 1197 1197
Jof2 1200 1200
Rpo2 1202 1202
Q_n2 1205 1205
Usq6 1210 1210
Yux7 1212 1212
H_j5 1217 1217
Ben1 1220 1220
Jh_5 1223 1223
Ebq4 1224 1224
Jtq4 1227 1227
R_w6 1231 1231
Yps8 1236 1236
Ffd1 1239 1239
Yd_3 1242 1242
Ukj1 1244 1244
Zzs3 1248 1248
Kik7 1251 1251
Coo5 1254 1254
Gw_6 1257 1257
B_k2 1260 1260
Jj_6 1264 1264
B_b9 1269 1269
Oyp8 1273 1273
Qok9 1276 1276
Cpd7 1279 1279
Ux_1 1281 1281
Fex1 1284 1284
Xol4 1288 1288
Vpe7 1291 1291
Pu_7 1294 1294
Ogt8 1296 1296
Ark5 1299 1299
Ksl7 1304 1304
B_v3 1307 1307
Cro3 1310 1310
Rpq6 1313 1313
Xhw3 1317 1317
A_y4 1322 1322
Xvq5 1323 1323
Vyz9 1326 1326
Bwj0 1329 1329
Cds0 1333 1333
Dde6 1337 1337
Ghc9 1342 1342
Jtr0 1345 1345
Mr_8 1349 1349
O_n0 1352 1352
Plz5 1357 1357
Uw_8 1359 1359
Fns0 1362 1362
Dta4 1367 1367
Ks_1 1371 1371
Wkf2 1375 1375
Kre6 1378 1378
Pyd2 1382 1382
Heh9 1384 1384
Ora0 1385 1385
K__7 1388 1388
Xez0 1393 1393
Tap9 1396 1396
Vaj8 1399 1399
Dte7 1402 1402
Ac_0 1405 1405
Ump3 1409 1409
Igc3 1414 1414
Dhb6 1415 1415
Apg6 1419 1419
Dge8 1424 1424
Nve4 1428 1428
Chw0 1431 1431
Rfw1 1435 1435
Jns1 1438 1438
Exv6 1442 1442
Xzw9 1446 1446
Kwr3 1449 1449
Xzn2 1452 1452
Mes1 1456 1456
Ryt4 1461 1461
Cl_5 1465 1465
Bes6 1468 1468
Ujw8 1470 1470
Rrp8 1473 1473
Asc3 1476 1476
Kdx0 1481 1481
Ijh7 1483 1483
Vf_2 1487 1487
Vvw7 1491 1491
Qzt4 1492 1492
Nit1 1495 1495
Ymj6 1497 1497
F_x6 1501 1501
Tbc7 1506 1506
Uox5 1511 1511
Iag1 1514 1514
Dlq2 1519 1519
Tyg8 1522 1522
Dpx7 1525 1525
Enc3 1527 1527
Vpo0 1529 1529
Kau6 1532 1532
Iri3 1536 1536
Tbn2 1539 1539
Pjk5 1542 1542
X_o0 1545 1545
Qah3 1547 1547
Qgf1 1550 1550
O_p1 1554 1554
Kgt6 1558 1558
Cmz5 1560 1560
Ppy4 1562 1562
D_c5 1565 1565
Xmk8 1568 1568
Iyt9 1570 1570
Jkp6 1574 1574
Rwr7 1579 1579
Cve3 1583 1583
Ued9 1585 1585
Z_y5 1589 1589
Tdc4 1592 1592
Sx_5 1596 1596
Wrs1 1597 1597
Y_f5 1598 1598
Nrh3 1600 1600
Csz7 1603 1603
Di_7 1606 1606
Axz2 1607 1607
A_w3-T_z9
Ikm8-Phh7
Spi2-Y_f5
Ikn8-Wrs1
Zqd4-Wrr4
Egg8-Tdc4
Ppy4-Cve3
Tnx4-Rwr7
Fex1-Sld2
Jof2-Jkp6
O_p1-Xmk8
Txk4-Fev3
Is_2-Ppy4
Xdf5-Cmz5
Jab1-Wgj1
Klp6-O_p1
Wix4-Pft5
Gtk2-Two6
Zh_8-J_f8
Vpe7-Qgf1
Zns2-Rea9
Qow6-Vp_4
Mcp6-Kyr4
Iri3-Tbn2
Bdg0-Kau6
Vpo0-Bdg0
Pv_5-Enc3
Gho5-Wvx3
Qir9-Zaw1
Vtk8-Tyg8
Pam7-Vtk8
Dlq2-Kgs6
Gsu2-Dlq2
Tev4-Gsu2
Iag1-Tev4
G_d6-Uox5
Tbc7-G_d6
F_x6-Tbc7
Ymj6-Hyy4
Wvk3-Itq8
Nit1-Wvk3
Qzt4-Nit1
Vvw7-Zvq8
Jl_3-Vvw7
Vf_2-Jl_3
Zqd4-Ynk1
Neu5-Zqd4
Dmj7-Kdx0
Itl9-Dmj7
Oor8-Itl9
Rrp8-Asc3
Jhr3-Rrp8
Mes1-Ryt4
Gao6-Mes1
Xzn2-Gao6
Uzr2-Yrc4
Kwr3-Uzr2
Xzw9-Kwr3
Rfw1-Jns1
Fox9-Wcn9
Sqd9-Fox9
Sei0-Sqd9
Chw0-Kyr4
Kdk5-Apg6
Dhb6-Kdk5
Igc3-Dhb6
Ump3-Ww_7
Ikm8-Vaj8
Ipf5-Ikm8
Pnd7-Ora0
Qra9-Pnd7
Nbr0-Qra9
Zjo2-Nbr0
Heh9-Zjo2
Xdn7-Heh9
Pyd2-Xdn7
S_k0-Kre6
Wkf2-S_k0
Fns0-Dta4
Uw_8-Fns0
Rui6-Uw_8
O_n0-Plz5
Scc9-O_n0
Wbl8-Mr_8
Rbf4-Eoa6
Nas2-Rbf4
Cwq1-Zzf3
Ghc9-Oyb9
Sei0-Jup6
Htd9-Kyr4
Uag6-Htd9
Dde6-Uag6
Bwj0-Cds0
Erp6-Gtk2
Vna6-Erp6
A_y4-Xvq5
Zxc4-S_l2
B_v3-Cro3
Cec7-Uwc0
Ksl7-Cec7
Ark5-Ksl7
Tdj9-Ogt8
Sei0-Pu_7
Eqh3-Kyr4
Ux_1-Fex1
H_h2-Oyp8
En_2-Zro9
B_b9-En_2
Gw_6-B_k2
Ehj6-Gw_6
Coo5-Ehj6
U_j2-Coo5
Spi2-Kik7
Goy9-Spi2
Ugb6-Zzs3
Klf1-Ugb6
Yd_3-Ukj1
Ffd1-Yd_3
Uvp6-Ech4
Vll9-Uvp6
Jtq4-Siu2
Egb5-Hao1
Ebq4-Egb5
Jh_5-Ebq4
Ben1-Jh_5
Usq6-Yux7
Sqp5-Usq6
Dzi6-Sqp5
Jcd3-Dzi6
Q_n2-Pkv5
Rpo2-Q_n2
Sxa4-Kyr4
Fve1-W_z1
Upu6-Fve1
Yss1-Yaf1
Doc5-Yss1
Sr_9-Tnx4
Rno1-Wix4
Hzp1-Ewc5
E_d5-N_c4
Cgh0-E_d5
Ehq6-Cgh0
Zao6-Dag7
Fcx5-Zao6
X_w2-Brh4
Sei0-Blj3
Cdy8-Kyr4
Qe_6-Gzq5
Rsf4-Qe_6
Hwy8-Snf7
Zh_8-Qaa6
Awc4-Ufx6
M_d3-Awc4
Cwk1-Kix0
Eja2-Cwk1
Xwf2-Nur7
Scb8-Xwf2
J_g6-Scb8
Sco0-J_g6
Nfa8-Tde8
Tqj3-Vit2
Sei0-Tqj3
Sdm9-Kyr4
Eel2-Iww8
Uup3-Eel2
W_h5-Xso0
Wpx9-Tyq5
Snw5-Is_2
Yxd5-Snw5
Eec8-Ek_1
Hfd2-Eec8
Qgq8-Hfd2
Yzg9-Vab4
Ayt9-Yzg9
Z__0-Fhe6
D_k0-Kyr4
Fmm8-D_k0
Bpm0-Fmm8
Egg8-Bpm0
Zns2-Hkd7
Uya1-Zns2
Hmn8-Uya1
Qzp2-Hmn8
Mrt5-Dqk5
Bkf3-Ypk6
Er_2-Bkf3
Rny6-Er_2
Zse9-Rny6
Tvm4-A_m6
Thh8-Etc9
M_m5-Jxc2
Zck7-I_p8
Kdz8-Zck7
Sei0-Kdz8
Mrb9-Kyr4
Ee_8-Scp7
Gs_9-Ee_8
Bln4-Jdp2
Rnx9-Mof3
Bwn4-Rnx9
E_x2-Bwn4
Bri2-Mfm4
Vfo2-Wlm4
Mzp2-Vfo2
Vle9-Mzp2
Noc0-Hyq7
Ku_8-Noc0
Hjg1-Qow6
Dvo9-Hjg1
Oia8-Dvo9
Sei0-Vv_9
Ngr4-Aup5
Jet3-Ngr4
Md_4-Jet3
Cvy6-Md_4
Szb1-Grk0
Fjx1-Szb1
Bnr3-Ioq9
Qji5-Bnr3
R_o8-Pwt5
Yjm7-Vdu9
Ijl4-Wgt2
Dci8-W_s0
Uas1-Xdf5
Tja5-Tyf0
Zrt0-Usy5
Jmy5-Nqf8
Qii8-Apr5
Mx_9-Qii8
Vqt3-Mx_9
Yjo8-Vqt3
Bro3-Yjo8
Tzj4-Vws5
Dyv1-Bgn7
Slj3-N_l5
Wqx2-Slj3
Onc3-Yvp7
Odj1-Coy2
Clo5-Odj1
Tmu4-He_1
Fzv5-Tmu4
Sei0-Fzv5
Zyc0-Gil6
Haf2-Zyc0
Can3-Bxy1
B__5-Can3
Ytk9-Ajv2
Yxv3-Ytk9
Iwy0-Vlg6
Eae6-Iwy0
Vm_0-Eae6
Bap6-Vm_0
Uks4-Bap6
Eqc6-Uks4
Byl4-Eqc6
Pb_8-Byl4
Ssx5-Klp6
Ajb8-Ssx5
Rxd9-Pql7
Rai9-Yzd2
Iss0-Rai9
Hgy4-Iss0
Rz_2-Hgy4
Ghw4-Rz_2
Sxv8-Or_2
Qyv9-Uo_3
Tjl2-Ixn3
V_p6-Tjl2
Phb2-Uzf3
Irm8-Iar6
A_e1-Irm8
Kvt6-A_e1
Rs_1-Csk1
Sei0-Sjp7
Sjp7-Rs_1
Csk1-Kvt6
Iar6-Ege7
Ege7-Fxv4
Fxv4-Phb2
Uzf3-Ung7
Ung7-Cxm2
Cxm2-V_p6
Ixn3-Qyv9
Uo_3-Sxv8
Or_2-Agd1
Agd1-Axg9
Axg9-Ghw4
Yzd2-Kyr4
Sei0-Rxd9
Pql7-Ajb8
Klp6-F_l8
F_l8-Pb_8
Vlg6-Opc1
Opc1-Jvi4
Jvi4-Yxv3
Ajv2-Kj_9
Kj_9-B__5
Bxy1-Haf2
Gil6-Kyr4
He_1-Pko5
Pko5-Clo5
Coy2-Onc3
Yvp7-Qer4
Qer4-Wqx2
N_l5-Dyv1
Bgn7-Zxh4
Zxh4-Ejv1
Ejv1-Hvt4
Hvt4-Tzj4
Vws5-Bro3
Apr5-Jmy5
Nqf8-Dpx1
Dpx1-Zrt0
Usy5-Y_y2
Y_y2-Kyr4
Sei0-Tja5
Tyf0-Jn_5
Jn_5-Jab1
Jab1-Vas0
Vas0-Nyz2
Nyz2-Dcs2
Dcs2-Ppa6
Ppa6-Uas1
Xdf5-Dci8
W_s0-Ijl4
Wgt2-Yjm7
Vdu9-R_o8
Pwt5-Qji5
Ioq9-M__3
M__3-Fjx1
Grk0-Cvy6
Aup5-Yvg1
Yvg1-Kyr4
Vv_9-Oia8
Qow6-Ku_8
Hyq7-Wql2
Wql2-Vle9
Wlm4-Bri2
Mfm4-E_x2
Mof3-Bln4
Jdp2-Gs_9
Scp7-Pe_3
Pe_3-Yxo5
Yxo5-Mrb9
I_p8-M_m5
Jxc2-Ckv9
Ckv9-Thh8
Etc9-Txk4
Txk4-All6
All6-Tvm4
A_m6-Zse9
Ypk6-Qxb6
Qxb6-Ptd3
Ptd3-Mrt5
Dqk5-Qzp2
Hkd7-E__7
E__7-Jzb8
Jzb8-Egg8
Sei0-Z__0
Fhe6-Yqh8
Yqh8-Vot3
Vot3-Ckp1
Ckp1-Ayt9
Vab4-Qgq8
Ek_1-Yxd5
Is_2-G_b2
G_b2-Wpx9
Tyq5-W_h5
Xso0-Pgw2
Pgw2-Euu5
Euu5-Uup3
Iww8-Sdm9
Vit2-Nfa8
Tde8-Sco0
Nur7-Szk1
Szk1-Dww1
Dww1-Tbe0
Tbe0-Q_l0
Q_l0-Eja2
Kix0-M_d3
Ufx6-Zor8
Zor8-Qbc0
Qbc0-Bqr1
Bqr1-Ikn8
Ikn8-Zh_8
Qaa6-Hwy8
Snf7-Rsf4
Gzq5-Cdy8
Blj3-Qpo4
Qpo4-Jvw7
Jvw7-Iru5
Iru5-Jw_9
Jw_9-X_w2
Brh4-Fcx5
Dag7-Ehq6
N_c4-Cuu1
Cuu1-Hzp1
Ewc5-Rno1
Wix4-J_d8
J_d8-Ivd9
Ivd9-Sr_9
Tnx4-Qtp0
Qtp0-Xw_1
Xw_1-Doc5
Yaf1-Rbf1
Rbf1-Upu6
W_z1-Sxa4
Sei0-Ym_6
Ym_6-Swj7
Swj7-Ega1
Ega1-Jof2
Jof2-Rpo2
Pkv5-Jcd3
Yux7-H_j5
H_j5-Wqt9
Wqt9-Ben1
Hao1-Htn1
Htn1-Jtq4
Siu2-Vll9
Ech4-R_w6
R_w6-Yps8
Yps8-Kyr4
Sei0-Ffd1
Ukj1-Klf1
Zzs3-Vyj2
Vyj2-Goy9
Kik7-N_k7
N_k7-Bwc6
Bwc6-U_j2
B_k2-Jj_6
Jj_6-B_b9
Zro9-H_h2
Oyp8-Qok9
Qok9-Cpd7
Cpd7-Hv_4
Hv_4-Ux_1
Fex1-Xsy2
Xsy2-Xol4
Xol4-Vpe7
Vpe7-Uzc5
Uzc5-Eqh3
Pu_7-Tdj9
Ogt8-Ark5
Uwc0-B_v3
Cro3-Zxc4
S_l2-Rpq6
Rpq6-Xhw3
Xhw3-A_y4
Xvq5-Vna6
Gtk2-Vyz9
Vyz9-Bwj0
Cds0-Ksw2
Ksw2-Kwg5
Kwg5-Dde6
Jup6-Ghc9
Oyb9-Jtr0
Jtr0-Djw7
Djw7-Cwq1
Zzf3-Ig_3
Ig_3-Nas2
Eoa6-Wbl8
Mr_8-Scc9
Plz5-Ngq9
Ngq9-Rui6
Dta4-Kfd0
Kfd0-Ks_1
Ks_1-Wkf2
Kre6-Pyd2
Ora0-K__7
K__7-H_b0
H_b0-Xez0
Xez0-Uig7
Uig7-Tap9
Tap9-Ipf5
Vaj8-Dte7
Dte7-Ac_0
Ac_0-Ump3
Ww_7-P_z6
P_z6-Igc3
Apg6-Aus5
Aus5-Dge8
Dge8-Nve4
Nve4-Chw0
Wcn9-Rfw1
Jns1-Exv6
Exv6-Xzw9
Yrc4-Tgz1
Tgz1-Xzn2
Ryt4-A_w3
A_w3-Abx6
Abx6-Cl_5
Cl_5-Bes6
Bes6-Ujw8
Ujw8-Jhr3
Asc3-Eqv6
Eqv6-Oor8
Kdx0-Ijh7
Ijh7-Neu5
Ynk1-Vf_2
Zvq8-Qzt4
Itq8-Ymj6
Hyy4-F_x6
Uox5-Sto1
Sto1-Iag1
Kgs6-Pam7
Tyg8-Msz5
Msz5-Qir9
Zaw1-Gho5
Wvx3-Dpx7
Dpx7-Iuw7
Iuw7-Pv_5
Enc3-Xqe6
Xqe6-Vpo0
Kau6-Iri3
Tbn2-Vmw5
Vmw5-Pjk5
Pjk5-X_o0
X_o0-Mcp6
A_w3-U_n8
Q_l0-Gbf4
S_k0-Qah3
Bwn4-Mtz0
Jxc2-Qab0
Zqd4-K_u5
Bxy1-Kgt6
Scb8-D_c5
Dta4-Iyt9
Apg6-Zxv1
R_w6-Ued9
Vab4-Z_y5
Hyq7-Sx_5
Qyv9-Nrh3
Yjo8-Csz7
Bap6-Di_7
Pjk5-Axz2
#Here is the number of lines required: 30

L1-Ym_6 L2-Rxd9 L3-Vv_9 L4-Z__0 L5-Pu_7
L1-Swj7 L6-Ym_6 L2-Pql7 L7-Rxd9 L3-Oia8 L8-Vv_9 L4-Fhe6 L9-Z__0 L5-Tdj9 L10-Pu_7
L1-Ega1 L6-Swj7 L11-Ym_6 L2-Ajb8 L7-Pql7 L12-Rxd9 L3-Dvo9 L8-Oia8 L13-Vv_9 L4-Yqh8 L9-Fhe6 L14-Z__0 L5-Ogt8 L10-Tdj9 L15-Pu_7
L1-Jof2 L6-Ega1 L11-Swj7 L2-Ssx5 L7-Ajb8 L12-Pql7 L3-Hjg1 L8-Dvo9 L13-Oia8 L4-Vot3 L9-Yqh8 L14-Fhe6 L5-Ark5 L10-Ogt8 L15-Tdj9
L1-Rpo2 L6-Jof2 L11-Ega1 L2-Klp6 L7-Ssx5 L12-Ajb8 L3-Qow6 L8-Hjg1 L13-Dvo9 L4-Ckp1 L9-Vot3 L14-Yqh8 L5-Ksl7 L10-Ark5 L15-Ogt8
L1-Q_n2 L6-Rpo2 L11-Jof2 L2-F_l8 L7-Klp6 L12-Ssx5 L3-Ku_8 L8-Qow6 L13-Hjg1 L4-Ayt9 L9-Ckp1 L14-Vot3 L5-Cec7 L10-Ksl7 L15-Ark5
L1-Pkv5 L6-Q_n2 L11-Rpo2 L2-Pb_8 L7-F_l8 L12-Klp6 L3-Noc0 L8-Ku_8 L13-Qow6 L4-Yzg9 L9-Ayt9 L14-Ckp1 L5-Uwc0 L10-Cec7 L15-Ksl7
L1-Jcd3 L6-Pkv5 L11-Q_n2 L2-Byl4 L7-Pb_8 L12-F_l8 L3-Hyq7 L8-Noc0 L13-Ku_8 L4-Vab4 L9-Yzg9 L14-Ayt9 L5-B_v3 L10-Uwc0 L15-Cec7
L1-Dzi6 L6-Jcd3 L11-Pkv5 L2-Eqc6 L7-Byl4 L12-Pb_8 L3-Wql2 L8-Hyq7 L13-Noc0 L4-Qgq8 L9-Vab4 L14-Yzg9 L5-Cro3 L10-B_v3 L15-Uwc0
L1-Sqp5 L6-Dzi6 L11-Jcd3 L2-Uks4 L7-Eqc6 L12-Byl4 L3-Vle9 L8-Wql2 L13-Hyq7 L4-Hfd2 L9-Qgq8 L14-Vab4 L5-Zxc4 L10-Cro3 L15-B_v3
L1-Usq6 L6-Sqp5 L11-Dzi6 L2-Bap6 L7-Uks4 L12-Eqc6 L3-Mzp2 L8-Vle9 L13-Wql2 L4-Eec8 L9-Hfd2 L14-Qgq8 L5-S_l2 L10-Zxc4 L15-Cro3
L1-Yux7 L6-Usq6 L11-Sqp5 L2-Vm_0 L7-Bap6 L12-Uks4 L3-Vfo2 L8-Mzp2 L13-Vle9 L4-Ek_1 L9-Eec8 L14-Hfd2 L5-Rpq6 L10-S_l2 L15-Zxc4
L1-H_j5 L6-Yux7 L11-Usq6 L2-Eae6 L7-Vm_0 L12-Bap6 L3-Wlm4 L8-Vfo2 L13-Mzp2 L4-Yxd5 L9-Ek_1 L14-Eec8 L5-Xhw3 L10-Rpq6 L15-S_l2
L1-Wqt9 L6-H_j5 L11-Yux7 L2-Iwy0 L7-Eae6 L12-Vm_0 L3-Bri2 L8-Wlm4 L13-Vfo2 L4-Snw5 L9-Yxd5 L14-Ek_1 L5-A_y4 L10-Xhw3 L15-Rpq6
L1-Ben1 L6-Wqt9 L11-H_j5 L2-Vlg6 L7-Iwy0 L12-Eae6 L3-Mfm4 L8-Bri2 L13-Wlm4 L4-Is_2 L9-Snw5 L14-Yxd5 L5-Xvq5 L10-A_y4 L15-Xhw3
L1-Jh_5 L6-Ben1 L11-Wqt9 L2-Opc1 L7-Vlg6 L12-Iwy0 L3-E_x2 L8-Mfm4 L13-Bri2 L4-G_b2 L9-Is_2 L14-Snw5 L5-Vna6 L10-Xvq5 L15-A_y4
L1-Ebq4 L6-Jh_5 L11-Ben1 L2-Jvi4 L7-Opc1 L12-Vlg6 L3-Bwn4 L8-E_x2 L13-Mfm4 L4-Wpx9 L9-G_b2 L14-Is_2 L5-Erp6 L10-Vna6 L15-Xvq5
L1-Egb5 L6-Ebq4 L11-Jh_5 L2-Yxv3 L7-Jvi4 L12-Opc1 L3-Rnx9 L8-Bwn4 L13-E_x2 L4-Tyq5 L9-Wpx9 L14-G_b2 L5-Gtk2 L10-Erp6 L15-Vna6
L1-Hao1 L6-Egb5 L11-Ebq4 L2-Ytk9 L7-Yxv3 L12-Jvi4 L3-Mof3 L8-Rnx9 L13-Bwn4 L4-W_h5 L9-Tyq5 L14-Wpx9 L5-Vyz9 L10-Gtk2 L15-Erp6
L1-Htn1 L6-Hao1 L11-Egb5 L2-Ajv2 L7-Ytk9 L12-Yxv3 L3-Bln4 L8-Mof3 L13-Rnx9 L4-Xso0 L9-W_h5 L14-Tyq5 L5-Bwj0 L10-Vyz9 L15-Gtk2
L1-Jtq4 L6-Htn1 L11-Hao1 L2-Kj_9 L7-Ajv2 L12-Ytk9 L3-Jdp2 L8-Bln4 L13-Mof3 L4-Pgw2 L9-Xso0 L14-W_h5 L5-Cds0 L10-Bwj0 L15-Vyz9
L1-Siu2 L6-Jtq4 L11-Htn1 L2-B__5 L7-Kj_9 L12-Ajv2 L3-Gs_9 L8-Jdp2 L13-Bln4 L4-Euu5 L9-Pgw2 L14-Xso0 L5-Ksw2 L10-Cds0 L15-Bwj0
L1-Vll9 L6-Siu2 L11-Jtq4 L2-Can3 L7-B__5 L12-Kj_9 L3-Ee_8 L8-Gs_9 L13-Jdp2 L4-Uup3 L9-Euu5 L14-Pgw2 L5-Kwg5 L10-Ksw2 L15-Cds0
L1-Uvp6 L6-Vll9 L11-Siu2 L2-Bxy1 L7-Can3 L12-B__5 L3-Scp7 L8-Ee_8 L13-Gs_9 L4-Eel2 L9-Uup3 L14-Euu5 L5-Dde6 L10-Kwg5 L15-Ksw2
L1-Ech4 L6-Uvp6 L11-Vll9 L2-Haf2 L7-Bxy1 L12-Can3 L3-Pe_3 L8-Scp7 L13-Ee_8 L4-Iww8 L9-Eel2 L14-Uup3 L5-Uag6 L10-Dde6 L15-Kwg5
L1-R_w6 L6-Ech4 L11-Uvp6 L2-Zyc0 L7-Haf2 L12-Bxy1 L3-Yxo5 L8-Pe_3 L13-Scp7 L4-Sdm9 L9-Iww8 L14-Eel2 L5-Htd9 L10-Uag6 L15-Dde6
L1-Yps8 L6-R_w6 L11-Ech4 L2-Gil6 L7-Zyc0 L12-Haf2 L3-Mrb9 L8-Yxo5 L13-Pe_3 L4-Kyr4 L9-Sdm9 L14-Iww8 L5-Kyr4 L10-Htd9 L15-Uag6
L1-Kyr4 L6-Yps8 L11-R_w6 L2-Kyr4 L7-Gil6 L12-Zyc0 L3-Kyr4 L8-Mrb9 L13-Yxo5 L9-Kyr4 L14-Sdm9 L10-Kyr4 L15-Htd9
L6-Kyr4 L11-Yps8 L7-Kyr4 L12-Gil6 L8-Kyr4 L13-Mrb9 L14-Kyr4 L15-Kyr4
L11-Kyr4 L12-Kyr4 L13-Kyr4
