9
#Here is the number of lines required: 33
##start
D_j0 1 1
##end
Msq6 5 5
Z_w3 8 8
Mvc1 12 12
Imi6 15 15
Qvy8 19 19
Jdm0 22 22
Azt0 27 27
Rpr1 30 30
Mdj9 33 33
Noh2 37 37
Bnf0 40 40
Uka5 44 44
Irn4 46 46
Gcm5 49 49
M_s3 53 53
Tpo1 55 55
Ihq9 58 58
Ius3 60 60
Ahu2 62 62
Bju5 64 64
Efk0 68 68
Bf_2 71 71
Ygu7 73 73
Soo6 75 75
Vhm4 77 77
Tng4 78 78
Pmy1 82 82
Kxd2 83 83
B_t5 87 87
Tg_1 88 88
Ios8 91 91
Bvm7 94 94
Tnb4 99 99
F__6 103 103
Z_q0 104 104
Zf_1 107 107
Gkf9 109 109
Xtb9 112 112
Shh1 114 114
Stl8 116 116
Ffb2 121 121
Qyd8 123 123
Jdv7 125 125
Tti4 127 127
Hrs0 129 129
Kln1 132 132
Pw_8 135 135
Fvx5 138 138
Doa3 142 142
Nbo2 145 145
Jtz2 146 146
Ep_3 149 149
Jkw9 150 150
Z_y0 153 153
Sci7 156 156
Euz3 160 160
Kor2 163 163
Wip9 164 164
Usq2 168 168
Ywc1 171 171
Bqd5 173 173
Tvy6 176 176
Jnr3 178 178
Fqj8 180 180
Hsy5 182 182
Pch9 186 186
Zw_8 188 188
Nym9 190 190
Qbp3 194 194
Nnn8 197 197
Wyf1 200 200
Jct9 205 205
Fhl9 206 206
Yji4 211 211
Qsz6 216 216
Bsp0 219 219
Zbm9 222 222
Wgz5 224 224
Tya2 227 227
Ebp8 232 232
Gpu9 233 233
Esv6 236 236
Mzf6 239 239
Rob3 243 243
Ypq9 244 244
Iwn3 247 247
Zkk6 251 251
Yhg0 253 253
Yrn1 254 254
Ud_2 257 257
H__5 260 260
Uop9 264 264
Mvo1 266 266
Jzy0 269 269
Fxn2 274 274
Ksj3 278 278
Vyz6 281 281
Mlu7 284 284
Y_i3 285 285
Cgl4 288 288
Dyn9 290 290
Zsk0 292 292
Jdm7 295 295
Y_l5 298 298
Rmy1 302 302
Ecq8 307 307
Hbb0 310 310
Ewz2 314 314
Uch1 316 316
Bnx6 320 320
Wn_2 323 323
Pui4 326 326
Yvo8 328 328
Kes3 332 332
P_w1 335 335
Sc_9 339 339
Ixl4 341 341
Yka8 344 344
Gm_7 347 347
Ayl1 349 349
Yld5 351 351
Dau5 353 353
Ox_0 355 355
Iur5 358 358
B_n9 362 362
Dnp1 364 364
Ndx6 367 367
Uoq8 371 371
Yqf1 373 373
Uh_0 376 376
Txt3 377 377
Aoe7 382 382
Msg5 383 383
Nqa0 386 386
Ccn0 389 389
Byr9 393 393
Vpk6 397 397
Sjb9 399 399
Inz3 402 402
Ity2 406 406
Mqp3 409 409
Rtc8 413 413
Ike0 416 416
Tk_9 420 420
Tch9 423 423
Gjf9 425 425
Bco5 427 427
Chn2 429 429
Bwl0 433 433
Eei0 436 436
Zh_2 441 441
Gnl3 443 443
Uax8 444 444
Tja8 448 448
E_b6 452 452
Zr_7 454 454
Q_m8 456 456
Qm_3 461 461
Rud6 463 463
Eid7 467 467
Ten2 469 469
Pgh3 470 470
Zzy5 474 474
Uke1 476 476
Eya2 477 477
Tnw5 480 480
Mpm3 484 484
Jwu2 486 486
Nss1 488 488
Dom7 491 491
Ujh1 492 492
Vgd5 495 495
Fvl5 499 499
Mcj1 500 500
Rgi5 501 501
Vxu6 505 505
Dq_0 507 507
Wxu4 509 509
Qnc8 514 514
Sz_0 517 517
Asx3 519 519
Bvs1 523 523
Kes8 527 527
Rtc6 529 529
Wrr7 533 533
Ox_3 537 537
Dtt2 542 542
Uyd2 544 544
Vmy5 547 547
Vyg4 549 549
Cfb7 552 552
Umx2 555 555
Sgd1 556 556
Czp3 559 559
Zzn1 561 561
Qiv7 563 563
Yr_1 566 566
Neo6 571 571
Fdl0 576 576
Kmz2 577 577
Gd_0 581 581
Dvt5 582 582
Fct5 585 585
Sig5 589 589
Pm_3 593 593
Gec0 597 597
Wpy3 601 601
Tpf4 604 604
Sg_5 606 606
Uyf2 609 609
Xwu4 612 612
Kua8 616 616
K__3 619 619
Eej7 620 620
Owq7 623 623
Vcn8 627 627
Jio7 629 629
A_l4 633 633
Mwm8 637 637
Ojg6 638 638
Ekg6 642 642
Gox0 645 645
Ith5 646 646
Ynb6 648 648
C_m2 650 650
Duj1 653 653
Yfj0 656 656
Mq_0 659 659
Usy0 662 662
Bjb8 667 667
Xi_1 671 671
Nuq2 673 673
Hf_0 675 675
Gcz2 679 679
Xkm8 683 683
Dif7 687 687
Fhy5 690 690
Psq1 692 692
Obz1 693 693
Onj5 696 696
Pci5 699 699
Cza1 702 702
Ixc9 703 703
Avv2 707 707
Nhn0 710 710
Xwo7 714 714
Naq8 718 718
Xrq1 723 723
Z_x0 727 727
Pga5 728 728
Ugx4 729 729
Pjp3 732 732
Qhk2 735 735
Ftj9 739 739
Iii4 742 742
Joj4 746 746
H_l2 750 750
Wsj9 752 752
Rsu5 755 755
D_r1 760 760
Ghi9 763 763
Xur1 766 766
Iqj4 768 768
Zjw1 771 771
Dzs5 772 772
Hbv5 776 776
Qql2 778 778
Do_7 779 779
N_j7 781 781
Rzp9 784 784
Icg0 787 787
Vrp2 790 790
Ulf6 795 795
Smz0 798 798
Fbd8 801 801
Gpz6 805 805
Obf7 808 808
Nie8 811 811
Gau3 815 815
Gcd0 818 818
Whs6 820 820
Vsx8 822 822
Upk0 826 826
X_n0 829 829
Pzx3 833 833
Xqt7 835 835
Wst9 838 838
Ybw9 841 841
Yre4 842 842
Qrq1 845 845
Uyy7 849 849
Od_8 852 852
Elv5 856 856
Hgp4 860 860
Pga5-Elv5
Vmy5-Imi6
Owq7-Jdm0
Gau3-Qrq1
A_l4-Mdj9
Ox_3-Yre4
Xi_1-Noh2
Ihq9-Uka5
Bco5-Wst9
Gkf9-Irn4
Smz0-Gcm5
Ccn0-M_s3
Kua8-Ihq9
Jdm7-X_n0
Nss1-Ius3
Ghi9-Whs6
Bco5-Ahu2
Zzn1-Efk0
Fvx5-Gcd0
Dtt2-Gau3
Ygu7-Obf7
Sc_9-Ygu7
B_n9-Gpz6
Rsu5-Soo6
Gkf9-Vhm4
Obz1-Smz0
Pmy1-Ulf6
Kua8-Kxd2
Y_l5-Vrp2
Yr_1-Ios8
Fct5-Do_7
Txt3-Qql2
Zzy5-Tnb4
D_r1-Z_q0
Qsz6-Hbv5
Inz3-Zf_1
Uyf2-Zjw1
Cza1-Xtb9
Uke1-Shh1
Hsy5-Iqj4
E_b6-Stl8
Qm_3-Ffb2
Zr_7-Qyd8
Xur1-Tti4
Ghi9-Xur1
Hrs0-Ghi9
Kln1-Hrs0
Fvx5-Pw_8
Doa3-Fvx5
D_r1-Doa3
Wsj9-Rsu5
Iii4-Joj4
Ftj9-Iii4
Jtz2-Ftj9
Qhk2-Jtz2
Ep_3-Qhk2
Jkw9-Ep_3
Pjp3-Z_y0
Ugx4-Pjp3
Sci7-Ugx4
Naq8-Xrq1
Xwo7-Naq8
Ywc1-Xwo7
Nhn0-Ywc1
Bqd5-Ixc9
Fqj8-Jnr3
Cza1-Fqj8
Pci5-Cza1
Onj5-Pci5
Obz1-Onj5
Dif7-Fhy5
Xkm8-Hsy5
Pch9-Xkm8
Gcz2-Pch9
Nuq2-Hf_0
Xi_1-Zw_8
Mq_0-Usy0
D_j0-Nym9
Ith5-Ynb6
Gox0-Ith5
Ekg6-Gox0
Nnn8-Ekg6
Ojg6-Wyf1
Mwm8-Ojg6
Fhl9-Jct9
Wgz5-Zbm9
Ebp8-Tya2
Owq7-Ebp8
Gpu9-Owq7
Esv6-Kua8
Ypq9-Msq6
Tpf4-Sg_5
Zkk6-Tpf4
Yhg0-Wpy3
Gec0-Yrn1
Ud_2-Gec0
Sig5-Pm_3
Fct5-Sig5
Gd_0-Dvt5
Kmz2-Gd_0
Fdl0-Kmz2
Mvo1-Uop9
Jzy0-Neo6
Fxn2-Jzy0
Yr_1-Fxn2
Ksj3-Yr_1
Zzn1-Qiv7
Vyz6-Zzn1
Czp3-Mlu7
D_j0-Czp3
Eei0-Msq6
Y_i3-Eei0
Sgd1-Y_i3
Cgl4-Sgd1
Umx2-Dyn9
Zsk0-Umx2
Cfb7-Zsk0
Y_l5-Jdm7
Rmy1-Vmy5
Hbb0-Ecq8
Uch1-Ewz2
Bnx6-Dtt2
Wn_2-Bnx6
Yvo8-Pui4
Ox_3-Yvo8
D_j0-Sc_9
Ixl4-Msq6
Yka8-Ixl4
Rtc6-Yka8
Bvs1-Kes8
Gm_7-Bvs1
Sz_0-Yld5
Qnc8-Sz_0
Ox_0-Dau5
B_n9-Dq_0
Ndx6-Dnp1
Uoq8-Ndx6
Rgi5-Uoq8
Mcj1-Rgi5
Yqf1-Mcj1
Ujh1-Vgd5
Txt3-Ujh1
Nss1-Dom7
Mpm3-Jwu2
Tnw5-Mpm3
Aoe7-Tnw5
D_j0-Aoe7
Msg5-Msq6
Eya2-Msg5
Ccn0-Nqa0
Byr9-Ccn0
Pgh3-Zzy5
Qm_3-Rud6
Ity2-Q_m8
Zr_7-Rtc8
Ike0-Zr_7
Tk_9-E_b6
Tja8-Tk_9
Tch9-Uax8
Gnl3-Tch9
Bco5-Gjf9
Chn2-Bco5
Bwl0-Chn2
D_j0-Zh_2
Zh_2-Bwl0
Gjf9-Gnl3
Uax8-Tja8
E_b6-Ike0
Rtc8-Mqp3
Mqp3-Ity2
Q_m8-Qm_3
Rud6-Eid7
Eid7-Ten2
Ten2-Pgh3
Zzy5-Inz3
Inz3-Uke1
Uke1-Sjb9
Sjb9-Vpk6
Vpk6-Byr9
Nqa0-Eya2
Jwu2-Nss1
Dom7-Txt3
Vgd5-Uh_0
Uh_0-Fvl5
Fvl5-Yqf1
Dnp1-Vxu6
Vxu6-B_n9
Dq_0-Iur5
Iur5-Ox_0
Dau5-Wxu4
Wxu4-Qnc8
Yld5-Asx3
Asx3-Ayl1
Ayl1-Gm_7
Kes8-Rtc6
Sc_9-P_w1
P_w1-Kes3
Kes3-Wrr7
Wrr7-Ox_3
Pui4-Wn_2
Dtt2-Uch1
Ewz2-Uyd2
Uyd2-Hbb0
Ecq8-Rmy1
Vmy5-Y_l5
Jdm7-Vyg4
Vyg4-Cfb7
Dyn9-Cgl4
Mlu7-Vyz6
Qiv7-Ksj3
Neo6-Mvo1
Uop9-H__5
H__5-Fdl0
Dvt5-Fct5
Pm_3-Ud_2
Yrn1-Yhg0
Wpy3-Zkk6
Sg_5-Uyf2
Uyf2-Iwn3
Iwn3-Ypq9
D_j0-Rob3
Rob3-Mzf6
Mzf6-Xwu4
Xwu4-Esv6
Kua8-K__3
K__3-Eej7
Eej7-Gpu9
Tya2-Vcn8
Vcn8-Jio7
Jio7-Wgz5
Zbm9-Bsp0
Bsp0-Qsz6
Qsz6-Yji4
Yji4-Fhl9
Jct9-A_l4
A_l4-Mwm8
Wyf1-Nnn8
Ynb6-Qbp3
Qbp3-Msq6
Nym9-C_m2
C_m2-Duj1
Duj1-Yfj0
Yfj0-Mq_0
Usy0-Bjb8
Bjb8-Xi_1
Zw_8-Nuq2
Hf_0-Gcz2
Hsy5-Dif7
Fhy5-Psq1
Psq1-Obz1
Jnr3-Tvy6
Tvy6-Bqd5
Ixc9-Avv2
Avv2-Nhn0
Xrq1-Usq2
Usq2-Z_x0
Z_x0-Pga5
Pga5-Wip9
Wip9-Kor2
Kor2-Euz3
Euz3-Sci7
Z_y0-Jkw9
Joj4-H_l2
H_l2-Nbo2
Nbo2-Wsj9
Rsu5-D_r1
Pw_8-Kln1
Tti4-Jdv7
Jdv7-Msq6
Ixl4-Gkf9
H__5-Dzs5
Rob3-F__6
Zsk0-Bvm7
Uh_0-N_j7
Gox0-Rzp9
Yvo8-Icg0
Z_q0-Tg_1
Vcn8-B_t5
Tti4-Pmy1
Duj1-Tng4
Rud6-Fbd8
Wip9-Bf_2
Qsz6-Nie8
Dvt5-Bju5
Xur1-Vsx8
Fdl0-Upk0
Rgi5-Pzx3
Gox0-Tpo1
Hbb0-Xqt7
Sci7-Ybw9
Neo6-Bnf0
Wrr7-Rpr1
Tg_1-Azt0
Wip9-Uyy7
Rtc8-Od_8
Rpr1-Qvy8
Eya2-Mvc1
Qyd8-Hgp4
Vsx8-Z_w3
#Here is the number of lines required: 33

L1-Rob3 L2-Sc_9
L1-Mzf6 L3-Rob3 L2-P_w1 L4-Sc_9
L1-Xwu4 L3-Mzf6 L5-Rob3 L2-Kes3 L4-P_w1 L6-Sc_9
L1-Esv6 L3-Xwu4 L5-Mzf6 L7-Rob3 L2-Wrr7 L4-Kes3 L6-P_w1 L8-Sc_9
L1-Kua8 L3-Esv6 L5-Xwu4 L7-Mzf6 L2-Ox_3 L4-Wrr7 L6-Kes3 L8-P_w1 L9-Sc_9
L1-K__3 L3-Kua8 L5-Esv6 L7-Xwu4 L2-Yvo8 L4-Ox_3 L6-Wrr7 L8-Kes3 L9-P_w1
L1-Eej7 L3-K__3 L5-Kua8 L7-Esv6 L2-Pui4 L4-Yvo8 L6-Ox_3 L8-Wrr7 L9-Kes3
L1-Gpu9 L3-Eej7 L5-K__3 L7-Kua8 L2-Wn_2 L4-Pui4 L6-Yvo8 L8-Ox_3 L9-Wrr7
L1-Owq7 L3-Gpu9 L5-Eej7 L7-K__3 L2-Bnx6 L4-Wn_2 L6-Pui4 L8-Yvo8 L9-Ox_3
L1-Ebp8 L3-Owq7 L5-Gpu9 L7-Eej7 L2-Dtt2 L4-Bnx6 L6-Wn_2 L8-Pui4 L9-Yvo8
L1-Tya2 L3-Ebp8 L5-Owq7 L7-Gpu9 L2-Uch1 L4-Dtt2 L6-Bnx6 L8-Wn_2 L9-Pui4
L1-Vcn8 L3-Tya2 L5-Ebp8 L7-Owq7 L2-Ewz2 L4-Uch1 L6-Dtt2 L8-Bnx6 L9-Wn_2
L1-Jio7 L3-Vcn8 L5-Tya2 L7-Ebp8 L2-Uyd2 L4-Ewz2 L6-Uch1 L8-Dtt2 L9-Bnx6
L1-Wgz5 L3-Jio7 L5-Vcn8 L7-Tya2 L2-Hbb0 L4-Uyd2 L6-Ewz2 L8-Uch1 L9-Dtt2
L1-Zbm9 L3-Wgz5 L5-Jio7 L7-Vcn8 L2-Ecq8 L4-Hbb0 L6-Uyd2 L8-Ewz2 L9-Uch1
L1-Bsp0 L3-Zbm9 L5-Wgz5 L7-Jio7 L2-Rmy1 L4-Ecq8 L6-Hbb0 L8-Uyd2 L9-Ewz2
L1-Qsz6 L3-Bsp0 L5-Zbm9 L7-Wgz5 L2-Vmy5 L4-Rmy1 L6-Ecq8 L8-Hbb0 L9-Uyd2
L1-Yji4 L3-Qsz6 L5-Bsp0 L7-Zbm9 L2-Y_l5 L4-Vmy5 L6-Rmy1 L8-Ecq8 L9-Hbb0
L1-Fhl9 L3-Yji4 L5-Qsz6 L7-Bsp0 L2-Jdm7 L4-Y_l5 L6-Vmy5 L8-Rmy1 L9-Ecq8
L1-Jct9 L3-Fhl9 L5-Yji4 L7-Qsz6 L2-Vyg4 L4-Jdm7 L6-Y_l5 L8-Vmy5 L9-Rmy1
L1-A_l4 L3-Jct9 L5-Fhl9 L7-Yji4 L2-Cfb7 L4-Vyg4 L6-Jdm7 L8-Y_l5 L9-Vmy5
L1-Mwm8 L3-A_l4 L5-Jct9 L7-Fhl9 L2-Zsk0 L4-Cfb7 L6-Vyg4 L8-Jdm7 L9-Y_l5
L1-Ojg6 L3-Mwm8 L5-A_l4 L7-Jct9 L2-Umx2 L4-Zsk0 L6-Cfb7 L8-Vyg4 L9-Jdm7
L1-Wyf1 L3-Ojg6 L5-Mwm8 L7-A_l4 L2-Dyn9 L4-Umx2 L6-Zsk0 L8-Cfb7 L9-Vyg4
L1-Nnn8 L3-Wyf1 L5-Ojg6 L7-Mwm8 L2-Cgl4 L4-Dyn9 L6-Umx2 L8-Zsk0 L9-Cfb7
L1-Ekg6 L3-Nnn8 L5-Wyf1 L7-Ojg6 L2-Sgd1 L4-Cgl4 L6-Dyn9 L8-Umx2 L9-Zsk0
L1-Gox0 L3-Ekg6 L5-Nnn8 L7-Wyf1 L2-Y_i3 L4-Sgd1 L6-Cgl4 L8-Dyn9 L9-Umx2
L1-Ith5 L3-Gox0 L5-Ekg6 L7-Nnn8 L2-Eei0 L4-Y_i3 L6-Sgd1 L8-Cgl4 L9-Dyn9
L1-Ynb6 L3-Ith5 L5-Gox0 L7-Ekg6 L2-Msq6 L4-Eei0 L6-Y_i3 L8-Sgd1 L9-Cgl4
L1-Qbp3 L3-Ynb6 L5-Ith5 L7-Gox0 L4-Msq6 L6-Eei0 L8-Y_i3 L9-Sgd1
L1-Msq6 L3-Qbp3 L5-Ynb6 L7-Ith5 L6-Msq6 L8-Eei0 L9-Y_i3
L3-Msq6 L5-Qbp3 L7-Ynb6 L8-Msq6 L9-Eei0
L5-Msq6 L7-Qbp3 L9-Msq6
L7-Msq6
