129
#Here is the number of lines required: 30
##start
Jfi2 2 2
##end
Iik9 5 5
Gnz6 7 7
Znb2 9 9
U_v3 12 12
Tyq3 14 14
Pc_5 18 18
Yns0 20 20
Sby0 25 25
Ych7 29 29
Fzn0 32 32
Tnn8 36 36
Nuy6 38 38
Mc_5 40 40
Hsm6 43 43
Aen1 46 46
U_f0 51 51
Cty8 52 52
Kpl9 54 54
Awf3 57 57
T_d2 62 62
Oqt4 65 65
Kpk3 66 66
Fmq4 68 68
Hg_2 72 72
Ako2 73 73
Dlj6 78 78
Gup4 82 82
U_n7 85 85
Zl_3 87 87
Xwb0 88 88
Vnf6 91 91
Vee9 94 94
Wy_2 96 96
N_s2 100 100
Qse9 105 105
Sig4 108 108
Zrm7 111 111
Vtp0 112 112
Gbm6 113 113
Qqq2 117 117
Wfy4 119 119
Kt_0 122 122
Vmj8 124 124
P_v5 125 125
Cme8 130 130
Iam1 132 132
Dkp7 135 135
Jnb1 139 139
Alu6 142 142
Ajt7 144 144
Whj1 145 145
Czt2 148 148
Rvj6 152 152
Ogf2 154 154
Kae0 156 156
Ztp6 161 161
Zeq1 163 163
Qyd5 165 165
Tkq8 170 170
Ohv6 172 172
Ime1 175 175
Eki5 179 179
Cod7 181 181
Ons9 184 184
Ysx3 186 186
Osk4 189 189
Wjh5 191 191
Szw1 194 194
Uia3 197 197
Wew4 199 199
Emh4 200 200
Nbz6 204 204
Tzt2 206 206
Vuy5 210 210
Dhq4 215 215
Asz1 219 219
Dwd3 221 221
Cav9 224 224
Ahv6 227 227
Ds_0 230 230
Czg1 234 234
Yeo5 237 237
Tk_2 238 238
Je_7 241 241
B_w5 243 243
K_s2 244 244
Ezq0 248 248
Nbc4 250 250
Cyc0 255 255
Huc2 258 258
Kdc6 262 262
Dwf7 264 264
Ccd1 267 267
Jof1 271 271
Qti7 275 275
Kvs3 280 280
Dmu2 283 283
Bax6 286 286
Mem7 289 289
Mlz8 291 291
Qky3 294 294
Bkf7 298 298
Dqr7 303 303
Zoo1 306 306
Nhy8 308 308
Tpg9 311 311
Sda5 314 314
Gvb4 317 317
Xve8 320 320
R_b3 323 323
Fwb0 326 326
Hp_0 331 331
Qaa1 336 336
Bdl8 339 339
Aos8 342 342
Qqg0 344 344
Fvx5 349 349
Vuk7 352 352
M_t7 353 353
Qgd5 354 354
Jr_7 358 358
Sbh6 361 361
Aor0 365 365
Fsd0 369 369
Cnl0 370 370
Azm1 375 375
Mjo8 378 378
Qef4 381 381
Na_7 383 383
Cvl5 386 386
Jgd7 388 388
Tlv3 389 389
Msp1 392 392
X_j8 396 396
Zha3 398 398
Ftg8 400 400
N_j7 402 402
Umc3 405 405
Jof6 408 408
Keo9 411 411
Gia7 413 413
Vp_5 415 415
F_v8 418 418
Vsu8 422 422
Huc1 426 426
Wsc4 431 431
Yaa8 433 433
Gzn1 436 436
Alh7 438 438
Hvn5 440 440
Clp3 441 441
Uyw0 443 443
Sbz1 445 445
Mgi2 448 448
Tdq8 451 451
Pvl5 453 453
Cwu9 456 456
Jsj5 459 459
Cyl3 460 460
Hmp1 463 463
X_f8 465 465
Q_u1 470 470
Bi_8 472 472
Shc0 475 475
X_t1 478 478
U_d8 480 480
Ruv8 484 484
Esj2 485 485
Epe3 489 489
Gpg0 491 491
Ir_6 493 493
Vlb0 497 497
Fag9 498 498
Kgw8 501 501
Ksg1 503 503
Kmf0 506 506
I__0 508 508
Uph7 512 512
Pcc3 516 516
Mkm2 518 518
Ak_2 522 522
Yrc7 525 525
U__5 529 529
Tne6 532 532
V_n1 536 536
Bdj8 538 538
Mf_8 543 543
Zza3 547 547
Nqd8 550 550
Bm_6 553 553
Gza7 556 556
Xjr3 558 558
Xlk9 561 561
Gz_0 564 564
Hsm7 568 568
Jiv7 570 570
Ru_8 573 573
C_f9 576 576
Sdf3 580 580
Hpk1 585 585
Kif0 588 588
Vkb8 595 595
Mrw3 598 598
Tqp2 602 602
Ndx6 605 605
Vtb6 607 607
Cch1 609 609
Ryj5 614 614
W_v4 618 618
Jgj2 620 620
Vlu0 622 622
Ppw5 623 623
Yci0 627 627
Vgb7 631 631
Wjt9 634 634
Vlf5 635 635
Eog6 636 636
Sbx3 641 641
Kqy2 645 645
Eb_6 646 646
Tf_7 648 648
Uje1 652 652
Wrz0 653 653
Q_t8 656 656
Hdg1 658 658
Ddt5 660 660
Tro2 664 664
Rbi6 667 667
On_0 669 669
Bod3 673 673
Hn_8 674 674
Ps_4 675 675
Ysf0 678 678
Vml7 682 682
Oze5 683 683
Iqm1 687 687
Rml0 692 692
Ffs0 694 694
Fl_5 697 697
Arp8 700 700
Cup3 705 705
Mpy9 709 709
Xah2 710 710
Ell7 713 713
Vfs2 717 717
Fgh8 719 719
Rg_5 724 724
Dph0 727 727
Al_0 730 730
Az_3 733 733
Jhc6 737 737
Eom0 740 740
Kw_4 743 743
Djj0 747 747
Phe2 752 752
Igp9 755 755
Ql_5 758 758
Gch0 761 761
Mac0 764 764
Jfx5 768 768
Ilp4 771 771
Exb3 774 774
Fyj5 777 777
Nqj9 780 780
Xwj8 783 783
Uvz9 788 788
Dkq5 789 789
Qay3 794 794
C__2 798 798
Wyq8 800 800
Msu7 802 802
Zkv4 805 805
Avy6 807 807
M_r2 810 810
Qxf1 812 812
Eza6 816 816
Jk_8 820 820
Ntm0 825 825
Sln7 829 829
Xfm5 831 831
Yts7 835 835
Q_b2 839 839
Geb0 842 842
Zpj4 847 847
Bre2 852 852
Igw9 854 854
Nj_7 858 858
R_m1 861 861
Ojv3 862 862
Voq8 867 867
Zti6 870 870
Pyk5 871 871
Ix_5 875 875
Yfy9 878 878
Oro1 882 882
Pnl6 885 885
Hil5 888 888
Vqk3 891 891
Ncv5 893 893
Wwa4 895 895
Btq3 899 899
Zg_1 902 902
Myp8 905 905
Td_6 908 908
Ayy2 910 910
Nd_5 912 912
Ymy9 915 915
Ott6 919 919
Bdk3 922 922
Czc8 925 925
Vdf7 930 930
Rr_7 932 932
Bt_3 936 936
Ryb4 938 938
Txe2 941 941
Avw8 942 942
T_k6 944 944
Wwr1 946 946
Y_d4 947 947
Hav2 950 950
Vlq9 955 955
Epp9 958 958
Kkn7 962 962
Sdx4 966 966
Igr1 970 970
Xeu9 973 973
Jzp2 977 977
Rlv2 982 982
Kny0 985 985
Xna1 988 988
Gnv5 990 990
O_n7 993 993
Heo8 995 995
Xcc7 998 998
Eic8 1000 1000
Xhm4 1003 1003
B_v9 1007 1007
Fn_2 1011 1011
Sfp3 1013 1013
Mvb5 1015 1015
Dwt4 1019 1019
Dia4 1023 1023
Vqr5 1025 1025
Dbh3 1030 1030
Fdc8 1033 1033
Kqs5 1035 1035
O_x5 1036 1036
Pam0 1039 1039
Y_h6 1041 1041
F_m6 1044 1044
Cbl2 1046 1046
Wjg7 1049 1049
Fl_2 1053 1053
Ogd4 1056 1056
Vbk3 1059 1059
Pbu1 1062 1062
A_w3 1065 1065
Nxk6 1067 1067
Clt0 1069 1069
Yzi9 1071 1071
Vd_8 1075 1075
Uql2 1076 1076
Qwz6 1079 1079
Iyy3 1083 1083
Fcg9 1085 1085
Tm_7 1089 1089
Eex7 1093 1093
Vng5 1096 1096
Njh6 1099 1099
Hzw9 1104 1104
Bjd6 1109 1109
Skq1 1111 1111
Shy0 1115 1115
Xbb9 1117 1117
Hxa5 1121 1121
Pcw9 1124 1124
Qno5 1128 1128
Uij5 1130 1130
Jtr1 1133 1133
Wrz0-Gnz6
Jgd7-Uij5
Msp1-Qno5
On_0-Znb2
Qwz6-Shy0
B_v9-Tyq3
Mac0-Pc_5
R_m1-Yns0
Xcc7-Sby0
Ru_8-Eex7
Xfm5-Ych7
T_k6-Tnn8
Zti6-Iyy3
Hsm6-Mc_5
Cty8-U_f0
Kpl9-Cty8
Awf3-Kpl9
Qwz6-Awf3
Uql2-Qwz6
Oqt4-Vd_8
Kpk3-Oqt4
Hg_2-Yzi9
Gup4-Dlj6
Clt0-Gup4
Nxk6-Clt0
A_w3-Nxk6
Pbu1-A_w3
Ogd4-Xwb0
Vnf6-Ogd4
Fl_2-Vee9
Wjg7-Fl_2
Cbl2-Wy_2
Y_h6-F_m6
Jfi2-Y_h6
Sig4-Qse9
Pam0-Sig4
Kqs5-O_x5
Fdc8-Kqs5
Vtp0-Fdc8
Gbm6-Vtp0
Qqq2-Dbh3
Wfy4-Vqr5
Dia4-Kt_0
Dwt4-Dia4
Vmj8-Dwt4
P_v5-Vmj8
Cme8-P_v5
Dkp7-Iam1
Sfp3-Dkp7
Alu6-B_v9
Xhm4-Alu6
Whj1-Ajt7
Heo8-Iik9
O_n7-Heo8
Xna1-Gnv5
Ztp6-Kny0
Rlv2-Ztp6
Zeq1-Rlv2
Tkq8-Qyd5
Ime1-Ohv6
Cod7-Eki5
Ons9-Cod7
Igr1-Ons9
Wjh5-Osk4
Szw1-Wjh5
Uia3-Sdx4
Epp9-Kkn7
Wew4-Epp9
Emh4-Wew4
Vuy5-Tzt2
Vlq9-Vuy5
Y_d4-Dhq4
Wwr1-Asz1
T_k6-Wwr1
Dwd3-T_k6
Avw8-Dwd3
Ahv6-Cav9
Ds_0-Ryb4
Rr_7-Bt_3
Yeo5-Rr_7
Vdf7-Yeo5
Tk_2-Czc8
Bdk3-Je_7
Jfi2-Bdk3
Ezq0-K_s2
Nbc4-Ymy9
Ayy2-Huc2
Td_6-Ayy2
Zg_1-Myp8
Btq3-Zg_1
Kvs3-Qti7
Ncv5-Dmu2
Bax6-Ncv5
Pnl6-Hil5
Yfy9-Oro1
Mlz8-Yfy9
Ix_5-Mlz8
Qky3-Ix_5
Dqr7-Bkf7
Jfi2-Pyk5
Nhy8-Zoo1
Ojv3-Voq8
R_m1-Ojv3
Nj_7-Tpg9
Igw9-Nj_7
Zpj4-Bre2
Geb0-Sda5
Xve8-Iik9
Yts7-Q_b2
Xfm5-Yts7
Sln7-Xfm5
Fwb0-R_b3
Qaa1-Hp_0
Eza6-Qaa1
Bdl8-Eza6
Qxf1-Bdl8
Qqg0-Aos8
M_r2-Qqg0
Avy6-Iik9
Fvx5-Avy6
Msu7-Qgd5
Jr_7-Msu7
Aor0-Sbh6
Fsd0-Aor0
Wyq8-Fsd0
Dkq5-Qay3
Xwj8-Uvz9
Fyj5-Nqj9
Jfi2-Fyj5
Exb3-Iik9
Mjo8-Azm1
Ilp4-Mjo8
Jgd7-Cvl5
Gch0-Mac0
Igp9-Ql_5
Kw_4-Djj0
Jfi2-Eom0
Zha3-Iik9
Jhc6-Zha3
N_j7-Ftg8
Jof6-Umc3
Keo9-Jof6
Al_0-Gia7
Vp_5-Al_0
F_v8-Vp_5
Vsu8-Dph0
Wsc4-Fgh8
Vfs2-Yaa8
Ell7-Vfs2
Xah2-Gzn1
Jfi2-Alh7
Uyw0-Arp8
Fl_5-Uyw0
Ffs0-Fl_5
Sbz1-Ffs0
Mgi2-Sbz1
Pvl5-Tdq8
Oze5-Iqm1
Vml7-Oze5
X_f8-Hmp1
Jfi2-X_f8
Hn_8-Iik9
Bi_8-Q_u1
X_t1-Shc0
Tro2-X_t1
Ddt5-Tro2
Wrz0-U_d8
Ruv8-Wrz0
Epe3-Esj2
Uje1-Epe3
Tf_7-Uje1
Ir_6-Gpg0
Fag9-Vlb0
Eb_6-Kgw8
I__0-Kmf0
Uph7-I__0
Kqy2-Uph7
Sbx3-Iik9
Eog6-U__5
Tne6-Eog6
V_n1-Wjt9
Mf_8-Bdj8
Nqd8-Zza3
Bm_6-Nqd8
Ppw5-Bm_6
Jfi2-Xlk9
Gz_0-Jgj2
W_v4-Jiv7
Ryj5-W_v4
Ru_8-Vtb6
Tqp2-Ndx6
Mrw3-Sdf3
Vkb8-Mrw3
Hpk1-Vkb8
Jfi2-Hpk1
Sdf3-C_f9
C_f9-Tqp2
Ndx6-Ru_8
Vtb6-Cch1
Cch1-Ryj5
Jiv7-Hsm7
Hsm7-Gz_0
Jgj2-Iik9
Xlk9-Vlu0
Vlu0-Xjr3
Xjr3-Gza7
Gza7-Ppw5
Zza3-Mf_8
Bdj8-Yci0
Yci0-Vgb7
Vgb7-V_n1
Wjt9-Vlf5
Vlf5-Tne6
U__5-Yrc7
Yrc7-Ak_2
Ak_2-Mkm2
Mkm2-Pcc3
Pcc3-Sbx3
Jfi2-Kqy2
Kmf0-Ksg1
Ksg1-Eb_6
Kgw8-Fag9
Vlb0-Ir_6
Gpg0-Tf_7
Esj2-Iik9
Jfi2-Ruv8
U_d8-Q_t8
Q_t8-Hdg1
Hdg1-Ddt5
Shc0-Rbi6
Rbi6-Bi_8
Q_u1-On_0
On_0-Bod3
Bod3-Hn_8
Hmp1-Cyl3
Cyl3-Ps_4
Ps_4-Jsj5
Jsj5-Ysf0
Ysf0-Vml7
Iqm1-Rml0
Rml0-Cwu9
Cwu9-Pvl5
Tdq8-Mgi2
Arp8-Clp3
Clp3-Cup3
Cup3-Mpy9
Mpy9-Hvn5
Hvn5-Iik9
Alh7-Xah2
Gzn1-Ell7
Yaa8-Wsc4
Fgh8-Huc1
Huc1-Rg_5
Rg_5-Vsu8
Dph0-F_v8
Gia7-Keo9
Umc3-Az_3
Az_3-N_j7
Ftg8-Jhc6
Eom0-Kw_4
Djj0-X_j8
X_j8-Phe2
Phe2-Igp9
Ql_5-Gch0
Mac0-Msp1
Msp1-Jfx5
Jfx5-Tlv3
Tlv3-Jgd7
Cvl5-Na_7
Na_7-Qef4
Qef4-Ilp4
Azm1-Exb3
Nqj9-Xwj8
Uvz9-Dkq5
Qay3-Cnl0
Cnl0-C__2
C__2-Wyq8
Sbh6-Jr_7
Qgd5-M_t7
M_t7-Vuk7
Vuk7-Zkv4
Zkv4-Fvx5
Jfi2-M_r2
Aos8-Qxf1
Hp_0-Jk_8
Jk_8-Fwb0
R_b3-Ntm0
Ntm0-Sln7
Q_b2-Xve8
Jfi2-Gvb4
Gvb4-Geb0
Sda5-Zpj4
Bre2-Igw9
Tpg9-R_m1
Voq8-Zti6
Zti6-Nhy8
Zoo1-Kif0
Kif0-Iik9
Pyk5-Dqr7
Bkf7-Qky3
Oro1-Pnl6
Hil5-Vqk3
Vqk3-Mem7
Mem7-Bax6
Dmu2-Kvs3
Qti7-Wwa4
Wwa4-Iik9
Jfi2-Btq3
Myp8-Jof1
Jof1-Ccd1
Ccd1-Dwf7
Dwf7-Kdc6
Kdc6-Td_6
Huc2-Cyc0
Cyc0-Nd_5
Nd_5-Nbc4
Ymy9-Ott6
Ott6-Ezq0
K_s2-B_w5
B_w5-Iik9
Je_7-Tk_2
Czc8-Vdf7
Bt_3-Czg1
Czg1-Ds_0
Ryb4-Ahv6
Cav9-Txe2
Txe2-Avw8
Asz1-Y_d4
Dhq4-Hav2
Hav2-Vlq9
Tzt2-Nbz6
Nbz6-Emh4
Kkn7-Uia3
Sdx4-Szw1
Osk4-Ysx3
Ysx3-Igr1
Eki5-Xeu9
Xeu9-Ime1
Ohv6-Tkq8
Qyd5-Jzp2
Jzp2-Zeq1
Kny0-Xna1
Gnv5-O_n7
Jfi2-Xcc7
Xcc7-Eic8
Eic8-Kae0
Kae0-Ogf2
Ogf2-Rvj6
Rvj6-Czt2
Czt2-Whj1
Ajt7-Xhm4
B_v9-Jnb1
Jnb1-Fn_2
Fn_2-Sfp3
Iam1-Mvb5
Mvb5-Cme8
Kt_0-Wfy4
Vqr5-Qqq2
Dbh3-Gbm6
O_x5-Zrm7
Zrm7-Pam0
Qse9-Iik9
F_m6-N_s2
N_s2-Cbl2
Wy_2-Wjg7
Vee9-Vnf6
Xwb0-Vbk3
Vbk3-Zl_3
Zl_3-U_n7
U_n7-Pbu1
Dlj6-Ako2
Ako2-Hg_2
Yzi9-Fmq4
Fmq4-Kpk3
Vd_8-T_d2
T_d2-Uql2
U_f0-Aen1
Aen1-Hsm6
Mc_5-Nuy6
Nuy6-Iik9
Ogf2-Fzn0
Ysf0-Fcg9
Dlj6-Tm_7
Vp_5-Vng5
Fdc8-Njh6
W_v4-Hzw9
Cav9-Bjd6
Myp8-Skq1
R_b3-U_v3
Eom0-Xbb9
Ajt7-Hxa5
Mgi2-Pcw9
Bkf7-Jtr1
#Here is the number of lines required: 30

L1-Eom0 L2-Fyj5 L3-Btq3 L4-Pyk5 L5-M_r2 L6-Hpk1 L7-Gvb4 L8-Kqy2 L9-Ruv8
L1-Kw_4 L10-Eom0 L2-Nqj9 L11-Fyj5 L3-Zg_1 L12-Btq3 L4-Dqr7 L13-Pyk5 L5-Qqg0 L14-M_r2 L6-Vkb8 L15-Hpk1 L7-Geb0 L16-Gvb4 L8-Uph7 L17-Kqy2 L9-Wrz0 L18-Ruv8
L1-Djj0 L10-Kw_4 L19-Eom0 L2-Xwj8 L11-Nqj9 L20-Fyj5 L3-Myp8 L12-Zg_1 L21-Btq3 L4-Bkf7 L13-Dqr7 L22-Pyk5 L5-Aos8 L14-Qqg0 L23-M_r2 L6-Mrw3 L15-Vkb8 L24-Hpk1 L7-Sda5 L16-Geb0 L25-Gvb4 L8-I__0 L17-Uph7 L26-Kqy2 L9-U_d8 L18-Wrz0 L27-Ruv8
L1-X_j8 L10-Djj0 L19-Kw_4 L28-Eom0 L2-Uvz9 L11-Xwj8 L20-Nqj9 L29-Fyj5 L3-Jof1 L12-Myp8 L21-Zg_1 L30-Btq3 L4-Qky3 L13-Bkf7 L22-Dqr7 L31-Pyk5 L5-Qxf1 L14-Aos8 L23-Qqg0 L32-M_r2 L6-Sdf3 L15-Mrw3 L24-Vkb8 L33-Hpk1 L7-Zpj4 L16-Sda5 L25-Geb0 L34-Gvb4 L8-Kmf0 L17-I__0 L26-Uph7 L35-Kqy2 L9-Q_t8 L18-U_d8 L27-Wrz0 L36-Ruv8
L1-Phe2 L10-X_j8 L19-Djj0 L28-Kw_4 L37-Eom0 L2-Dkq5 L11-Uvz9 L20-Xwj8 L29-Nqj9 L38-Fyj5 L3-Ccd1 L12-Jof1 L21-Myp8 L30-Zg_1 L39-Btq3 L4-Ix_5 L13-Qky3 L22-Bkf7 L31-Dqr7 L40-Pyk5 L5-Bdl8 L14-Qxf1 L23-Aos8 L32-Qqg0 L41-M_r2 L6-C_f9 L15-Sdf3 L24-Mrw3 L33-Vkb8 L42-Hpk1 L7-Bre2 L16-Zpj4 L25-Sda5 L34-Geb0 L43-Gvb4 L8-Ksg1 L17-Kmf0 L26-I__0 L35-Uph7 L44-Kqy2 L9-Hdg1 L18-Q_t8 L27-U_d8 L36-Wrz0 L45-Ruv8
L1-Igp9 L10-Phe2 L19-X_j8 L28-Djj0 L37-Kw_4 L46-Eom0 L2-Qay3 L11-Dkq5 L20-Uvz9 L29-Xwj8 L38-Nqj9 L47-Fyj5 L3-Dwf7 L12-Ccd1 L21-Jof1 L30-Myp8 L39-Zg_1 L48-Btq3 L4-Mlz8 L13-Ix_5 L22-Qky3 L31-Bkf7 L40-Dqr7 L49-Pyk5 L5-Eza6 L14-Bdl8 L23-Qxf1 L32-Aos8 L41-Qqg0 L50-M_r2 L6-Tqp2 L15-C_f9 L24-Sdf3 L33-Mrw3 L42-Vkb8 L51-Hpk1 L7-Igw9 L16-Bre2 L25-Zpj4 L34-Sda5 L43-Geb0 L52-Gvb4 L8-Eb_6 L17-Ksg1 L26-Kmf0 L35-I__0 L44-Uph7 L53-Kqy2 L9-Ddt5 L18-Hdg1 L27-Q_t8 L36-U_d8 L45-Wrz0 L54-Ruv8
L1-Ql_5 L10-Igp9 L19-Phe2 L28-X_j8 L37-Djj0 L46-Kw_4 L55-Eom0 L2-Cnl0 L11-Qay3 L20-Dkq5 L29-Uvz9 L38-Xwj8 L47-Nqj9 L56-Fyj5 L3-Kdc6 L12-Dwf7 L21-Ccd1 L30-Jof1 L39-Myp8 L48-Zg_1 L57-Btq3 L4-Yfy9 L13-Mlz8 L22-Ix_5 L31-Qky3 L40-Bkf7 L49-Dqr7 L58-Pyk5 L5-Qaa1 L14-Eza6 L23-Bdl8 L32-Qxf1 L41-Aos8 L50-Qqg0 L59-M_r2 L6-Ndx6 L15-Tqp2 L24-C_f9 L33-Sdf3 L42-Mrw3 L51-Vkb8 L60-Hpk1 L7-Nj_7 L16-Igw9 L25-Bre2 L34-Zpj4 L43-Sda5 L52-Geb0 L61-Gvb4 L8-Kgw8 L17-Eb_6 L26-Ksg1 L35-Kmf0 L44-I__0 L53-Uph7 L62-Kqy2 L9-Tro2 L18-Ddt5 L27-Hdg1 L36-Q_t8 L45-U_d8 L54-Wrz0 L63-Ruv8
L1-Gch0 L10-Ql_5 L19-Igp9 L28-Phe2 L37-X_j8 L46-Djj0 L55-Kw_4 L64-Eom0 L2-C__2 L11-Cnl0 L20-Qay3 L29-Dkq5 L38-Uvz9 L47-Xwj8 L56-Nqj9 L65-Fyj5 L3-Td_6 L12-Kdc6 L21-Dwf7 L30-Ccd1 L39-Jof1 L48-Myp8 L57-Zg_1 L66-Btq3 L4-Oro1 L13-Yfy9 L22-Mlz8 L31-Ix_5 L40-Qky3 L49-Bkf7 L58-Dqr7 L67-Pyk5 L5-Hp_0 L14-Qaa1 L23-Eza6 L32-Bdl8 L41-Qxf1 L50-Aos8 L59-Qqg0 L68-M_r2 L6-Ru_8 L15-Ndx6 L24-Tqp2 L33-C_f9 L42-Sdf3 L51-Mrw3 L60-Vkb8 L69-Hpk1 L7-Tpg9 L16-Nj_7 L25-Igw9 L34-Bre2 L43-Zpj4 L52-Sda5 L61-Geb0 L70-Gvb4 L8-Fag9 L17-Kgw8 L26-Eb_6 L35-Ksg1 L44-Kmf0 L53-I__0 L62-Uph7 L71-Kqy2 L9-X_t1 L18-Tro2 L27-Ddt5 L36-Hdg1 L45-Q_t8 L54-U_d8 L63-Wrz0 L72-Ruv8
L1-Mac0 L10-Gch0 L19-Ql_5 L28-Igp9 L37-Phe2 L46-X_j8 L55-Djj0 L64-Kw_4 L73-Eom0 L2-Wyq8 L11-C__2 L20-Cnl0 L29-Qay3 L38-Dkq5 L47-Uvz9 L56-Xwj8 L65-Nqj9 L74-Fyj5 L3-Ayy2 L12-Td_6 L21-Kdc6 L30-Dwf7 L39-Ccd1 L48-Jof1 L57-Myp8 L66-Zg_1 L75-Btq3 L4-Pnl6 L13-Oro1 L22-Yfy9 L31-Mlz8 L40-Ix_5 L49-Qky3 L58-Bkf7 L67-Dqr7 L76-Pyk5 L5-Jk_8 L14-Hp_0 L23-Qaa1 L32-Eza6 L41-Bdl8 L50-Qxf1 L59-Aos8 L68-Qqg0 L77-M_r2 L6-Vtb6 L15-Ru_8 L24-Ndx6 L33-Tqp2 L42-C_f9 L51-Sdf3 L60-Mrw3 L69-Vkb8 L78-Hpk1 L7-R_m1 L16-Tpg9 L25-Nj_7 L34-Igw9 L43-Bre2 L52-Zpj4 L61-Sda5 L70-Geb0 L79-Gvb4 L8-Vlb0 L17-Fag9 L26-Kgw8 L35-Eb_6 L44-Ksg1 L53-Kmf0 L62-I__0 L71-Uph7 L80-Kqy2 L9-Shc0 L18-X_t1 L27-Tro2 L36-Ddt5 L45-Hdg1 L54-Q_t8 L63-U_d8 L72-Wrz0 L81-Ruv8
L1-Msp1 L10-Mac0 L19-Gch0 L28-Ql_5 L37-Igp9 L46-Phe2 L55-X_j8 L64-Djj0 L73-Kw_4 L82-Eom0 L2-Fsd0 L11-Wyq8 L20-C__2 L29-Cnl0 L38-Qay3 L47-Dkq5 L56-Uvz9 L65-Xwj8 L74-Nqj9 L83-Fyj5 L3-Huc2 L12-Ayy2 L21-Td_6 L30-Kdc6 L39-Dwf7 L48-Ccd1 L57-Jof1 L66-Myp8 L75-Zg_1 L84-Btq3 L4-Hil5 L13-Pnl6 L22-Oro1 L31-Yfy9 L40-Mlz8 L49-Ix_5 L58-Qky3 L67-Bkf7 L76-Dqr7 L85-Pyk5 L5-Fwb0 L14-Jk_8 L23-Hp_0 L32-Qaa1 L41-Eza6 L50-Bdl8 L59-Qxf1 L68-Aos8 L77-Qqg0 L86-M_r2 L6-Cch1 L15-Vtb6 L24-Ru_8 L33-Ndx6 L42-Tqp2 L51-C_f9 L60-Sdf3 L69-Mrw3 L78-Vkb8 L87-Hpk1 L7-Ojv3 L16-R_m1 L25-Tpg9 L34-Nj_7 L43-Igw9 L52-Bre2 L61-Zpj4 L70-Sda5 L79-Geb0 L88-Gvb4 L8-Ir_6 L17-Vlb0 L26-Fag9 L35-Kgw8 L44-Eb_6 L53-Ksg1 L62-Kmf0 L71-I__0 L80-Uph7 L89-Kqy2 L9-Rbi6 L18-Shc0 L27-X_t1 L36-Tro2 L45-Ddt5 L54-Hdg1 L63-Q_t8 L72-U_d8 L81-Wrz0 L90-Ruv8
L1-Jfx5 L10-Msp1 L19-Mac0 L28-Gch0 L37-Ql_5 L46-Igp9 L55-Phe2 L64-X_j8 L73-Djj0 L82-Kw_4 L91-Eom0 L2-Aor0 L11-Fsd0 L20-Wyq8 L29-C__2 L38-Cnl0 L47-Qay3 L56-Dkq5 L65-Uvz9 L74-Xwj8 L83-Nqj9 L92-Fyj5 L3-Cyc0 L12-Huc2 L21-Ayy2 L30-Td_6 L39-Kdc6 L48-Dwf7 L57-Ccd1 L66-Jof1 L75-Myp8 L84-Zg_1 L93-Btq3 L4-Vqk3 L13-Hil5 L22-Pnl6 L31-Oro1 L40-Yfy9 L49-Mlz8 L58-Ix_5 L67-Qky3 L76-Bkf7 L85-Dqr7 L94-Pyk5 L5-R_b3 L14-Fwb0 L23-Jk_8 L32-Hp_0 L41-Qaa1 L50-Eza6 L59-Bdl8 L68-Qxf1 L77-Aos8 L86-Qqg0 L95-M_r2 L6-Ryj5 L15-Cch1 L24-Vtb6 L33-Ru_8 L42-Ndx6 L51-Tqp2 L60-C_f9 L69-Sdf3 L78-Mrw3 L87-Vkb8 L96-Hpk1 L7-Voq8 L16-Ojv3 L25-R_m1 L34-Tpg9 L43-Nj_7 L52-Igw9 L61-Bre2 L70-Zpj4 L79-Sda5 L88-Geb0 L97-Gvb4 L8-Gpg0 L17-Ir_6 L26-Vlb0 L35-Fag9 L44-Kgw8 L53-Eb_6 L62-Ksg1 L71-Kmf0 L80-I__0 L89-Uph7 L98-Kqy2 L9-Bi_8 L18-Rbi6 L27-Shc0 L36-X_t1 L45-Tro2 L54-Ddt5 L63-Hdg1 L72-Q_t8 L81-U_d8 L90-Wrz0 L99-Ruv8
L1-Tlv3 L10-Jfx5 L19-Msp1 L28-Mac0 L37-Gch0 L46-Ql_5 L55-Igp9 L64-Phe2 L73-X_j8 L82-Djj0 L91-Kw_4 L100-Eom0 L2-Sbh6 L11-Aor0 L20-Fsd0 L29-Wyq8 L38-C__2 L47-Cnl0 L56-Qay3 L65-Dkq5 L74-Uvz9 L83-Xwj8 L92-Nqj9 L101-Fyj5 L3-Nd_5 L12-Cyc0 L21-Huc2 L30-Ayy2 L39-Td_6 L48-Kdc6 L57-Dwf7 L66-Ccd1 L75-Jof1 L84-Myp8 L93-Zg_1 L102-Btq3 L4-Mem7 L13-Vqk3 L22-Hil5 L31-Pnl6 L40-Oro1 L49-Yfy9 L58-Mlz8 L67-Ix_5 L76-Qky3 L85-Bkf7 L94-Dqr7 L103-Pyk5 L5-Ntm0 L14-R_b3 L23-Fwb0 L32-Jk_8 L41-Hp_0 L50-Qaa1 L59-Eza6 L68-Bdl8 L77-Qxf1 L86-Aos8 L95-Qqg0 L104-M_r2 L6-W_v4 L15-Ryj5 L24-Cch1 L33-Vtb6 L42-Ru_8 L51-Ndx6 L60-Tqp2 L69-C_f9 L78-Sdf3 L87-Mrw3 L96-Vkb8 L105-Hpk1 L7-Zti6 L16-Voq8 L25-Ojv3 L34-R_m1 L43-Tpg9 L52-Nj_7 L61-Igw9 L70-Bre2 L79-Zpj4 L88-Sda5 L97-Geb0 L106-Gvb4 L8-Tf_7 L17-Gpg0 L26-Ir_6 L35-Vlb0 L44-Fag9 L53-Kgw8 L62-Eb_6 L71-Ksg1 L80-Kmf0 L89-I__0 L98-Uph7 L107-Kqy2 L9-Q_u1 L18-Bi_8 L27-Rbi6 L36-Shc0 L45-X_t1 L54-Tro2 L63-Ddt5 L72-Hdg1 L81-Q_t8 L90-U_d8 L99-Wrz0 L108-Ruv8
L1-Jgd7 L10-Tlv3 L19-Jfx5 L28-Msp1 L37-Mac0 L46-Gch0 L55-Ql_5 L64-Igp9 L73-Phe2 L82-X_j8 L91-Djj0 L100-Kw_4 L109-Eom0 L2-Jr_7 L11-Sbh6 L20-Aor0 L29-Fsd0 L38-Wyq8 L47-C__2 L56-Cnl0 L65-Qay3 L74-Dkq5 L83-Uvz9 L92-Xwj8 L101-Nqj9 L110-Fyj5 L3-Nbc4 L12-Nd_5 L21-Cyc0 L30-Huc2 L39-Ayy2 L48-Td_6 L57-Kdc6 L66-Dwf7 L75-Ccd1 L84-Jof1 L93-Myp8 L102-Zg_1 L111-Btq3 L4-Bax6 L13-Mem7 L22-Vqk3 L31-Hil5 L40-Pnl6 L49-Oro1 L58-Yfy9 L67-Mlz8 L76-Ix_5 L85-Qky3 L94-Bkf7 L103-Dqr7 L112-Pyk5 L5-Sln7 L14-Ntm0 L23-R_b3 L32-Fwb0 L41-Jk_8 L50-Hp_0 L59-Qaa1 L68-Eza6 L77-Bdl8 L86-Qxf1 L95-Aos8 L104-Qqg0 L113-M_r2 L6-Jiv7 L15-W_v4 L24-Ryj5 L33-Cch1 L42-Vtb6 L51-Ru_8 L60-Ndx6 L69-Tqp2 L78-C_f9 L87-Sdf3 L96-Mrw3 L105-Vkb8 L114-Hpk1 L7-Nhy8 L16-Zti6 L25-Voq8 L34-Ojv3 L43-R_m1 L52-Tpg9 L61-Nj_7 L70-Igw9 L79-Bre2 L88-Zpj4 L97-Sda5 L106-Geb0 L115-Gvb4 L8-Uje1 L17-Tf_7 L26-Gpg0 L35-Ir_6 L44-Vlb0 L53-Fag9 L62-Kgw8 L71-Eb_6 L80-Ksg1 L89-Kmf0 L98-I__0 L107-Uph7 L116-Kqy2 L9-On_0 L18-Q_u1 L27-Bi_8 L36-Rbi6 L45-Shc0 L54-X_t1 L63-Tro2 L72-Ddt5 L81-Hdg1 L90-Q_t8 L99-U_d8 L108-Wrz0 L117-Ruv8
L1-Cvl5 L10-Jgd7 L19-Tlv3 L28-Jfx5 L37-Msp1 L46-Mac0 L55-Gch0 L64-Ql_5 L73-Igp9 L82-Phe2 L91-X_j8 L100-Djj0 L109-Kw_4 L118-Eom0 L2-Msu7 L11-Jr_7 L20-Sbh6 L29-Aor0 L38-Fsd0 L47-Wyq8 L56-C__2 L65-Cnl0 L74-Qay3 L83-Dkq5 L92-Uvz9 L101-Xwj8 L110-Nqj9 L119-Fyj5 L3-Ymy9 L12-Nbc4 L21-Nd_5 L30-Cyc0 L39-Huc2 L48-Ayy2 L57-Td_6 L66-Kdc6 L75-Dwf7 L84-Ccd1 L93-Jof1 L102-Myp8 L111-Zg_1 L120-Btq3 L4-Ncv5 L13-Bax6 L22-Mem7 L31-Vqk3 L40-Hil5 L49-Pnl6 L58-Oro1 L67-Yfy9 L76-Mlz8 L85-Ix_5 L94-Qky3 L103-Bkf7 L112-Dqr7 L121-Pyk5 L5-Xfm5 L14-Sln7 L23-Ntm0 L32-R_b3 L41-Fwb0 L50-Jk_8 L59-Hp_0 L68-Qaa1 L77-Eza6 L86-Bdl8 L95-Qxf1 L104-Aos8 L113-Qqg0 L122-M_r2 L6-Hsm7 L15-Jiv7 L24-W_v4 L33-Ryj5 L42-Cch1 L51-Vtb6 L60-Ru_8 L69-Ndx6 L78-Tqp2 L87-C_f9 L96-Sdf3 L105-Mrw3 L114-Vkb8 L123-Hpk1 L7-Zoo1 L16-Nhy8 L25-Zti6 L34-Voq8 L43-Ojv3 L52-R_m1 L61-Tpg9 L70-Nj_7 L79-Igw9 L88-Bre2 L97-Zpj4 L106-Sda5 L115-Geb0 L124-Gvb4 L8-Epe3 L17-Uje1 L26-Tf_7 L35-Gpg0 L44-Ir_6 L53-Vlb0 L62-Fag9 L71-Kgw8 L80-Eb_6 L89-Ksg1 L98-Kmf0 L107-I__0 L116-Uph7 L125-Kqy2 L9-Bod3 L18-On_0 L27-Q_u1 L36-Bi_8 L45-Rbi6 L54-Shc0 L63-X_t1 L72-Tro2 L81-Ddt5 L90-Hdg1 L99-Q_t8 L108-U_d8 L117-Wrz0 L126-Ruv8
L1-Na_7 L10-Cvl5 L19-Jgd7 L28-Tlv3 L37-Jfx5 L46-Msp1 L55-Mac0 L64-Gch0 L73-Ql_5 L82-Igp9 L91-Phe2 L100-X_j8 L109-Djj0 L118-Kw_4 L2-Qgd5 L11-Msu7 L20-Jr_7 L29-Sbh6 L38-Aor0 L47-Fsd0 L56-Wyq8 L65-C__2 L74-Cnl0 L83-Qay3 L92-Dkq5 L101-Uvz9 L110-Xwj8 L119-Nqj9 L3-Ott6 L12-Ymy9 L21-Nbc4 L30-Nd_5 L39-Cyc0 L48-Huc2 L57-Ayy2 L66-Td_6 L75-Kdc6 L84-Dwf7 L93-Ccd1 L102-Jof1 L111-Myp8 L120-Zg_1 L4-Dmu2 L13-Ncv5 L22-Bax6 L31-Mem7 L40-Vqk3 L49-Hil5 L58-Pnl6 L67-Oro1 L76-Yfy9 L85-Mlz8 L94-Ix_5 L103-Qky3 L112-Bkf7 L121-Dqr7 L5-Yts7 L14-Xfm5 L23-Sln7 L32-Ntm0 L41-R_b3 L50-Fwb0 L59-Jk_8 L68-Hp_0 L77-Qaa1 L86-Eza6 L95-Bdl8 L104-Qxf1 L113-Aos8 L122-Qqg0 L6-Gz_0 L15-Hsm7 L24-Jiv7 L33-W_v4 L42-Ryj5 L51-Cch1 L60-Vtb6 L69-Ru_8 L78-Ndx6 L87-Tqp2 L96-C_f9 L105-Sdf3 L114-Mrw3 L123-Vkb8 L7-Kif0 L16-Zoo1 L25-Nhy8 L34-Zti6 L43-Voq8 L52-Ojv3 L61-R_m1 L70-Tpg9 L79-Nj_7 L88-Igw9 L97-Bre2 L106-Zpj4 L115-Sda5 L124-Geb0 L127-Gvb4 L8-Esj2 L17-Epe3 L26-Uje1 L35-Tf_7 L44-Gpg0 L53-Ir_6 L62-Vlb0 L71-Fag9 L80-Kgw8 L89-Eb_6 L98-Ksg1 L107-Kmf0 L116-I__0 L125-Uph7 L128-Kqy2 L9-Hn_8 L18-Bod3 L27-On_0 L36-Q_u1 L45-Bi_8 L54-Rbi6 L63-Shc0 L72-X_t1 L81-Tro2 L90-Ddt5 L99-Hdg1 L108-Q_t8 L117-U_d8 L126-Wrz0 L129-Ruv8
L1-Qef4 L10-Na_7 L19-Cvl5 L28-Jgd7 L37-Tlv3 L46-Jfx5 L55-Msp1 L64-Mac0 L73-Gch0 L82-Ql_5 L91-Igp9 L100-Phe2 L109-X_j8 L118-Djj0 L2-M_t7 L11-Qgd5 L20-Msu7 L29-Jr_7 L38-Sbh6 L47-Aor0 L56-Fsd0 L65-Wyq8 L74-C__2 L83-Cnl0 L92-Qay3 L101-Dkq5 L110-Uvz9 L119-Xwj8 L3-Ezq0 L12-Ott6 L21-Ymy9 L30-Nbc4 L39-Nd_5 L48-Cyc0 L57-Huc2 L66-Ayy2 L75-Td_6 L84-Kdc6 L93-Dwf7 L102-Ccd1 L111-Jof1 L120-Myp8 L4-Kvs3 L13-Dmu2 L22-Ncv5 L31-Bax6 L40-Mem7 L49-Vqk3 L58-Hil5 L67-Pnl6 L76-Oro1 L85-Yfy9 L94-Mlz8 L103-Ix_5 L112-Qky3 L121-Bkf7 L5-Q_b2 L14-Yts7 L23-Xfm5 L32-Sln7 L41-Ntm0 L50-R_b3 L59-Fwb0 L68-Jk_8 L77-Hp_0 L86-Qaa1 L95-Eza6 L104-Bdl8 L113-Qxf1 L122-Aos8 L6-Jgj2 L15-Gz_0 L24-Hsm7 L33-Jiv7 L42-W_v4 L51-Ryj5 L60-Cch1 L69-Vtb6 L78-Ru_8 L87-Ndx6 L96-Tqp2 L105-C_f9 L114-Sdf3 L123-Mrw3 L7-Iik9 L16-Kif0 L25-Zoo1 L34-Nhy8 L43-Zti6 L52-Voq8 L61-Ojv3 L70-R_m1 L79-Tpg9 L88-Nj_7 L97-Igw9 L106-Bre2 L115-Zpj4 L124-Sda5 L127-Geb0 L8-Iik9 L17-Esj2 L26-Epe3 L35-Uje1 L44-Tf_7 L53-Gpg0 L62-Ir_6 L71-Vlb0 L80-Fag9 L89-Kgw8 L98-Eb_6 L107-Ksg1 L116-Kmf0 L125-I__0 L128-Uph7 L9-Iik9 L18-Hn_8 L27-Bod3 L36-On_0 L45-Q_u1 L54-Bi_8 L63-Rbi6 L72-Shc0 L81-X_t1 L90-Tro2 L99-Ddt5 L108-Hdg1 L117-Q_t8 L126-U_d8 L129-Wrz0
L1-Ilp4 L10-Qef4 L19-Na_7 L28-Cvl5 L37-Jgd7 L46-Tlv3 L55-Jfx5 L64-Msp1 L73-Mac0 L82-Gch0 L91-Ql_5 L100-Igp9 L109-Phe2 L118-X_j8 L2-Vuk7 L11-M_t7 L20-Qgd5 L29-Msu7 L38-Jr_7 L47-Sbh6 L56-Aor0 L65-Fsd0 L74-Wyq8 L83-C__2 L92-Cnl0 L101-Qay3 L110-Dkq5 L119-Uvz9 L3-K_s2 L12-Ezq0 L21-Ott6 L30-Ymy9 L39-Nbc4 L48-Nd_5 L57-Cyc0 L66-Huc2 L75-Ayy2 L84-Td_6 L93-Kdc6 L102-Dwf7 L111-Ccd1 L120-Jof1 L4-Qti7 L13-Kvs3 L22-Dmu2 L31-Ncv5 L40-Bax6 L49-Mem7 L58-Vqk3 L67-Hil5 L76-Pnl6 L85-Oro1 L94-Yfy9 L103-Mlz8 L112-Ix_5 L121-Qky3 L5-Xve8 L14-Q_b2 L23-Yts7 L32-Xfm5 L41-Sln7 L50-Ntm0 L59-R_b3 L68-Fwb0 L77-Jk_8 L86-Hp_0 L95-Qaa1 L104-Eza6 L113-Bdl8 L122-Qxf1 L6-Iik9 L15-Jgj2 L24-Gz_0 L33-Hsm7 L42-Jiv7 L51-W_v4 L60-Ryj5 L69-Cch1 L78-Vtb6 L87-Ru_8 L96-Ndx6 L105-Tqp2 L114-C_f9 L123-Sdf3 L16-Iik9 L25-Kif0 L34-Zoo1 L43-Nhy8 L52-Zti6 L61-Voq8 L70-Ojv3 L79-R_m1 L88-Tpg9 L97-Nj_7 L106-Igw9 L115-Bre2 L124-Zpj4 L127-Sda5 L17-Iik9 L26-Esj2 L35-Epe3 L44-Uje1 L53-Tf_7 L62-Gpg0 L71-Ir_6 L80-Vlb0 L89-Fag9 L98-Kgw8 L107-Eb_6 L116-Ksg1 L125-Kmf0 L128-I__0 L18-Iik9 L27-Hn_8 L36-Bod3 L45-On_0 L54-Q_u1 L63-Bi_8 L72-Rbi6 L81-Shc0 L90-X_t1 L99-Tro2 L108-Ddt5 L117-Hdg1 L126-Q_t8 L129-U_d8
L1-Mjo8 L10-Ilp4 L19-Qef4 L28-Na_7 L37-Cvl5 L46-Jgd7 L55-Tlv3 L64-Jfx5 L73-Msp1 L82-Mac0 L91-Gch0 L100-Ql_5 L109-Igp9 L118-Phe2 L2-Zkv4 L11-Vuk7 L20-M_t7 L29-Qgd5 L38-Msu7 L47-Jr_7 L56-Sbh6 L65-Aor0 L74-Fsd0 L83-Wyq8 L92-C__2 L101-Cnl0 L110-Qay3 L119-Dkq5 L3-B_w5 L12-K_s2 L21-Ezq0 L30-Ott6 L39-Ymy9 L48-Nbc4 L57-Nd_5 L66-Cyc0 L75-Huc2 L84-Ayy2 L93-Td_6 L102-Kdc6 L111-Dwf7 L120-Ccd1 L4-Wwa4 L13-Qti7 L22-Kvs3 L31-Dmu2 L40-Ncv5 L49-Bax6 L58-Mem7 L67-Vqk3 L76-Hil5 L85-Pnl6 L94-Oro1 L103-Yfy9 L112-Mlz8 L121-Ix_5 L5-Iik9 L14-Xve8 L23-Q_b2 L32-Yts7 L41-Xfm5 L50-Sln7 L59-Ntm0 L68-R_b3 L77-Fwb0 L86-Jk_8 L95-Hp_0 L104-Qaa1 L113-Eza6 L122-Bdl8 L15-Iik9 L24-Jgj2 L33-Gz_0 L42-Hsm7 L51-Jiv7 L60-W_v4 L69-Ryj5 L78-Cch1 L87-Vtb6 L96-Ru_8 L105-Ndx6 L114-Tqp2 L123-C_f9 L25-Iik9 L34-Kif0 L43-Zoo1 L52-Nhy8 L61-Zti6 L70-Voq8 L79-Ojv3 L88-R_m1 L97-Tpg9 L106-Nj_7 L115-Igw9 L124-Bre2 L127-Zpj4 L26-Iik9 L35-Esj2 L44-Epe3 L53-Uje1 L62-Tf_7 L71-Gpg0 L80-Ir_6 L89-Vlb0 L98-Fag9 L107-Kgw8 L116-Eb_6 L125-Ksg1 L128-Kmf0 L27-Iik9 L36-Hn_8 L45-Bod3 L54-On_0 L63-Q_u1 L72-Bi_8 L81-Rbi6 L90-Shc0 L99-X_t1 L108-Tro2 L117-Ddt5 L126-Hdg1 L129-Q_t8
L1-Azm1 L10-Mjo8 L19-Ilp4 L28-Qef4 L37-Na_7 L46-Cvl5 L55-Jgd7 L64-Tlv3 L73-Jfx5 L82-Msp1 L91-Mac0 L100-Gch0 L109-Ql_5 L118-Igp9 L2-Fvx5 L11-Zkv4 L20-Vuk7 L29-M_t7 L38-Qgd5 L47-Msu7 L56-Jr_7 L65-Sbh6 L74-Aor0 L83-Fsd0 L92-Wyq8 L101-C__2 L110-Cnl0 L119-Qay3 L3-Iik9 L12-B_w5 L21-K_s2 L30-Ezq0 L39-Ott6 L48-Ymy9 L57-Nbc4 L66-Nd_5 L75-Cyc0 L84-Huc2 L93-Ayy2 L102-Td_6 L111-Kdc6 L120-Dwf7 L4-Iik9 L13-Wwa4 L22-Qti7 L31-Kvs3 L40-Dmu2 L49-Ncv5 L58-Bax6 L67-Mem7 L76-Vqk3 L85-Hil5 L94-Pnl6 L103-Oro1 L112-Yfy9 L121-Mlz8 L14-Iik9 L23-Xve8 L32-Q_b2 L41-Yts7 L50-Xfm5 L59-Sln7 L68-Ntm0 L77-R_b3 L86-Fwb0 L95-Jk_8 L104-Hp_0 L113-Qaa1 L122-Eza6 L24-Iik9 L33-Jgj2 L42-Gz_0 L51-Hsm7 L60-Jiv7 L69-W_v4 L78-Ryj5 L87-Cch1 L96-Vtb6 L105-Ru_8 L114-Ndx6 L123-Tqp2 L34-Iik9 L43-Kif0 L52-Zoo1 L61-Nhy8 L70-Zti6 L79-Voq8 L88-Ojv3 L97-R_m1 L106-Tpg9 L115-Nj_7 L124-Igw9 L127-Bre2 L35-Iik9 L44-Esj2 L53-Epe3 L62-Uje1 L71-Tf_7 L80-Gpg0 L89-Ir_6 L98-Vlb0 L107-Fag9 L116-Kgw8 L125-Eb_6 L128-Ksg1 L36-Iik9 L45-Hn_8 L54-Bod3 L63-On_0 L72-Q_u1 L81-Bi_8 L90-Rbi6 L99-Shc0 L108-X_t1 L117-Tro2 L126-Ddt5 L129-Hdg1
L1-Exb3 L10-Azm1 L19-Mjo8 L28-Ilp4 L37-Qef4 L46-Na_7 L55-Cvl5 L64-Jgd7 L73-Tlv3 L82-Jfx5 L91-Msp1 L100-Mac0 L109-Gch0 L118-Ql_5 L2-Avy6 L11-Fvx5 L20-Zkv4 L29-Vuk7 L38-M_t7 L47-Qgd5 L56-Msu7 L65-Jr_7 L74-Sbh6 L83-Aor0 L92-Fsd0 L101-Wyq8 L110-C__2 L119-Cnl0 L12-Iik9 L21-B_w5 L30-K_s2 L39-Ezq0 L48-Ott6 L57-Ymy9 L66-Nbc4 L75-Nd_5 L84-Cyc0 L93-Huc2 L102-Ayy2 L111-Td_6 L120-Kdc6 L13-Iik9 L22-Wwa4 L31-Qti7 L40-Kvs3 L49-Dmu2 L58-Ncv5 L67-Bax6 L76-Mem7 L85-Vqk3 L94-Hil5 L103-Pnl6 L112-Oro1 L121-Yfy9 L23-Iik9 L32-Xve8 L41-Q_b2 L50-Yts7 L59-Xfm5 L68-Sln7 L77-Ntm0 L86-R_b3 L95-Fwb0 L104-Jk_8 L113-Hp_0 L122-Qaa1 L33-Iik9 L42-Jgj2 L51-Gz_0 L60-Hsm7 L69-Jiv7 L78-W_v4 L87-Ryj5 L96-Cch1 L105-Vtb6 L114-Ru_8 L123-Ndx6 L43-Iik9 L52-Kif0 L61-Zoo1 L70-Nhy8 L79-Zti6 L88-Voq8 L97-Ojv3 L106-R_m1 L115-Tpg9 L124-Nj_7 L127-Igw9 L44-Iik9 L53-Esj2 L62-Epe3 L71-Uje1 L80-Tf_7 L89-Gpg0 L98-Ir_6 L107-Vlb0 L116-Fag9 L125-Kgw8 L128-Eb_6 L45-Iik9 L54-Hn_8 L63-Bod3 L72-On_0 L81-Q_u1 L90-Bi_8 L99-Rbi6 L108-Shc0 L117-X_t1 L126-Tro2 L129-Ddt5
L1-Iik9 L10-Exb3 L19-Azm1 L28-Mjo8 L37-Ilp4 L46-Qef4 L55-Na_7 L64-Cvl5 L73-Jgd7 L82-Tlv3 L91-Jfx5 L100-Msp1 L109-Mac0 L118-Gch0 L2-Iik9 L11-Avy6 L20-Fvx5 L29-Zkv4 L38-Vuk7 L47-M_t7 L56-Qgd5 L65-Msu7 L74-Jr_7 L83-Sbh6 L92-Aor0 L101-Fsd0 L110-Wyq8 L119-C__2 L21-Iik9 L30-B_w5 L39-K_s2 L48-Ezq0 L57-Ott6 L66-Ymy9 L75-Nbc4 L84-Nd_5 L93-Cyc0 L102-Huc2 L111-Ayy2 L120-Td_6 L22-Iik9 L31-Wwa4 L40-Qti7 L49-Kvs3 L58-Dmu2 L67-Ncv5 L76-Bax6 L85-Mem7 L94-Vqk3 L103-Hil5 L112-Pnl6 L121-Oro1 L32-Iik9 L41-Xve8 L50-Q_b2 L59-Yts7 L68-Xfm5 L77-Sln7 L86-Ntm0 L95-R_b3 L104-Fwb0 L113-Jk_8 L122-Hp_0 L42-Iik9 L51-Jgj2 L60-Gz_0 L69-Hsm7 L78-Jiv7 L87-W_v4 L96-Ryj5 L105-Cch1 L114-Vtb6 L123-Ru_8 L52-Iik9 L61-Kif0 L70-Zoo1 L79-Nhy8 L88-Zti6 L97-Voq8 L106-Ojv3 L115-R_m1 L124-Tpg9 L127-Nj_7 L53-Iik9 L62-Esj2 L71-Epe3 L80-Uje1 L89-Tf_7 L98-Gpg0 L107-Ir_6 L116-Vlb0 L125-Fag9 L128-Kgw8 L54-Iik9 L63-Hn_8 L72-Bod3 L81-On_0 L90-Q_u1 L99-Bi_8 L108-Rbi6 L117-Shc0 L126-X_t1 L129-Tro2
L10-Iik9 L19-Exb3 L28-Azm1 L37-Mjo8 L46-Ilp4 L55-Qef4 L64-Na_7 L73-Cvl5 L82-Jgd7 L91-Tlv3 L100-Jfx5 L109-Msp1 L118-Mac0 L11-Iik9 L20-Avy6 L29-Fvx5 L38-Zkv4 L47-Vuk7 L56-M_t7 L65-Qgd5 L74-Msu7 L83-Jr_7 L92-Sbh6 L101-Aor0 L110-Fsd0 L119-Wyq8 L30-Iik9 L39-B_w5 L48-K_s2 L57-Ezq0 L66-Ott6 L75-Ymy9 L84-Nbc4 L93-Nd_5 L102-Cyc0 L111-Huc2 L120-Ayy2 L31-Iik9 L40-Wwa4 L49-Qti7 L58-Kvs3 L67-Dmu2 L76-Ncv5 L85-Bax6 L94-Mem7 L103-Vqk3 L112-Hil5 L121-Pnl6 L41-Iik9 L50-Xve8 L59-Q_b2 L68-Yts7 L77-Xfm5 L86-Sln7 L95-Ntm0 L104-R_b3 L113-Fwb0 L122-Jk_8 L51-Iik9 L60-Jgj2 L69-Gz_0 L78-Hsm7 L87-Jiv7 L96-W_v4 L105-Ryj5 L114-Cch1 L123-Vtb6 L61-Iik9 L70-Kif0 L79-Zoo1 L88-Nhy8 L97-Zti6 L106-Voq8 L115-Ojv3 L124-R_m1 L127-Tpg9 L62-Iik9 L71-Esj2 L80-Epe3 L89-Uje1 L98-Tf_7 L107-Gpg0 L116-Ir_6 L125-Vlb0 L128-Fag9 L63-Iik9 L72-Hn_8 L81-Bod3 L90-On_0 L99-Q_u1 L108-Bi_8 L117-Rbi6 L126-Shc0 L129-X_t1
L19-Iik9 L28-Exb3 L37-Azm1 L46-Mjo8 L55-Ilp4 L64-Qef4 L73-Na_7 L82-Cvl5 L91-Jgd7 L100-Tlv3 L109-Jfx5 L118-Msp1 L20-Iik9 L29-Avy6 L38-Fvx5 L47-Zkv4 L56-Vuk7 L65-M_t7 L74-Qgd5 L83-Msu7 L92-Jr_7 L101-Sbh6 L110-Aor0 L119-Fsd0 L39-Iik9 L48-B_w5 L57-K_s2 L66-Ezq0 L75-Ott6 L84-Ymy9 L93-Nbc4 L102-Nd_5 L111-Cyc0 L120-Huc2 L40-Iik9 L49-Wwa4 L58-Qti7 L67-Kvs3 L76-Dmu2 L85-Ncv5 L94-Bax6 L103-Mem7 L112-Vqk3 L121-Hil5 L50-Iik9 L59-Xve8 L68-Q_b2 L77-Yts7 L86-Xfm5 L95-Sln7 L104-Ntm0 L113-R_b3 L122-Fwb0 L60-Iik9 L69-Jgj2 L78-Gz_0 L87-Hsm7 L96-Jiv7 L105-W_v4 L114-Ryj5 L123-Cch1 L70-Iik9 L79-Kif0 L88-Zoo1 L97-Nhy8 L106-Zti6 L115-Voq8 L124-Ojv3 L127-R_m1 L71-Iik9 L80-Esj2 L89-Epe3 L98-Uje1 L107-Tf_7 L116-Gpg0 L125-Ir_6 L128-Vlb0 L72-Iik9 L81-Hn_8 L90-Bod3 L99-On_0 L108-Q_u1 L117-Bi_8 L126-Rbi6 L129-Shc0
L28-Iik9 L37-Exb3 L46-Azm1 L55-Mjo8 L64-Ilp4 L73-Qef4 L82-Na_7 L91-Cvl5 L100-Jgd7 L109-Tlv3 L118-Jfx5 L29-Iik9 L38-Avy6 L47-Fvx5 L56-Zkv4 L65-Vuk7 L74-M_t7 L83-Qgd5 L92-Msu7 L101-Jr_7 L110-Sbh6 L119-Aor0 L48-Iik9 L57-B_w5 L66-K_s2 L75-Ezq0 L84-Ott6 L93-Ymy9 L102-Nbc4 L111-Nd_5 L120-Cyc0 L49-Iik9 L58-Wwa4 L67-Qti7 L76-Kvs3 L85-Dmu2 L94-Ncv5 L103-Bax6 L112-Mem7 L121-Vqk3 L59-Iik9 L68-Xve8 L77-Q_b2 L86-Yts7 L95-Xfm5 L104-Sln7 L113-Ntm0 L122-R_b3 L69-Iik9 L78-Jgj2 L87-Gz_0 L96-Hsm7 L105-Jiv7 L114-W_v4 L123-Ryj5 L79-Iik9 L88-Kif0 L97-Zoo1 L106-Nhy8 L115-Zti6 L124-Voq8 L127-Ojv3 L80-Iik9 L89-Esj2 L98-Epe3 L107-Uje1 L116-Tf_7 L125-Gpg0 L128-Ir_6 L81-Iik9 L90-Hn_8 L99-Bod3 L108-On_0 L117-Q_u1 L126-Bi_8 L129-Rbi6
L37-Iik9 L46-Exb3 L55-Azm1 L64-Mjo8 L73-Ilp4 L82-Qef4 L91-Na_7 L100-Cvl5 L109-Jgd7 L118-Tlv3 L38-Iik9 L47-Avy6 L56-Fvx5 L65-Zkv4 L74-Vuk7 L83-M_t7 L92-Qgd5 L101-Msu7 L110-Jr_7 L119-Sbh6 L57-Iik9 L66-B_w5 L75-K_s2 L84-Ezq0 L93-Ott6 L102-Ymy9 L111-Nbc4 L120-Nd_5 L58-Iik9 L67-Wwa4 L76-Qti7 L85-Kvs3 L94-Dmu2 L103-Ncv5 L112-Bax6 L121-Mem7 L68-Iik9 L77-Xve8 L86-Q_b2 L95-Yts7 L104-Xfm5 L113-Sln7 L122-Ntm0 L78-Iik9 L87-Jgj2 L96-Gz_0 L105-Hsm7 L114-Jiv7 L123-W_v4 L88-Iik9 L97-Kif0 L106-Zoo1 L115-Nhy8 L124-Zti6 L127-Voq8 L89-Iik9 L98-Esj2 L107-Epe3 L116-Uje1 L125-Tf_7 L128-Gpg0 L90-Iik9 L99-Hn_8 L108-Bod3 L117-On_0 L126-Q_u1 L129-Bi_8
L46-Iik9 L55-Exb3 L64-Azm1 L73-Mjo8 L82-Ilp4 L91-Qef4 L100-Na_7 L109-Cvl5 L118-Jgd7 L47-Iik9 L56-Avy6 L65-Fvx5 L74-Zkv4 L83-Vuk7 L92-M_t7 L101-Qgd5 L110-Msu7 L119-Jr_7 L66-Iik9 L75-B_w5 L84-K_s2 L93-Ezq0 L102-Ott6 L111-Ymy9 L120-Nbc4 L67-Iik9 L76-Wwa4 L85-Qti7 L94-Kvs3 L103-Dmu2 L112-Ncv5 L121-Bax6 L77-Iik9 L86-Xve8 L95-Q_b2 L104-Yts7 L113-Xfm5 L122-Sln7 L87-Iik9 L96-Jgj2 L105-Gz_0 L114-Hsm7 L123-Jiv7 L97-Iik9 L106-Kif0 L115-Zoo1 L124-Nhy8 L127-Zti6 L98-Iik9 L107-Esj2 L116-Epe3 L125-Uje1 L128-Tf_7 L99-Iik9 L108-Hn_8 L117-Bod3 L126-On_0 L129-Q_u1
L55-Iik9 L64-Exb3 L73-Azm1 L82-Mjo8 L91-Ilp4 L100-Qef4 L109-Na_7 L118-Cvl5 L56-Iik9 L65-Avy6 L74-Fvx5 L83-Zkv4 L92-Vuk7 L101-M_t7 L110-Qgd5 L119-Msu7 L75-Iik9 L84-B_w5 L93-K_s2 L102-Ezq0 L111-Ott6 L120-Ymy9 L76-Iik9 L85-Wwa4 L94-Qti7 L103-Kvs3 L112-Dmu2 L121-Ncv5 L86-Iik9 L95-Xve8 L104-Q_b2 L113-Yts7 L122-Xfm5 L96-Iik9 L105-Jgj2 L114-Gz_0 L123-Hsm7 L106-Iik9 L115-Kif0 L124-Zoo1 L127-Nhy8 L107-Iik9 L116-Esj2 L125-Epe3 L128-Uje1 L108-Iik9 L117-Hn_8 L126-Bod3 L129-On_0
L64-Iik9 L73-Exb3 L82-Azm1 L91-Mjo8 L100-Ilp4 L109-Qef4 L118-Na_7 L65-Iik9 L74-Avy6 L83-Fvx5 L92-Zkv4 L101-Vuk7 L110-M_t7 L119-Qgd5 L84-Iik9 L93-B_w5 L102-K_s2 L111-Ezq0 L120-Ott6 L85-Iik9 L94-Wwa4 L103-Qti7 L112-Kvs3 L121-Dmu2 L95-Iik9 L104-Xve8 L113-Q_b2 L122-Yts7 L105-Iik9 L114-Jgj2 L123-Gz_0 L115-Iik9 L124-Kif0 L127-Zoo1 L116-Iik9 L125-Esj2 L128-Epe3 L117-Iik9 L126-Hn_8 L129-Bod3
L73-Iik9 L82-Exb3 L91-Azm1 L100-Mjo8 L109-Ilp4 L118-Qef4 L74-Iik9 L83-Avy6 L92-Fvx5 L101-Zkv4 L110-Vuk7 L119-M_t7 L93-Iik9 L102-B_w5 L111-K_s2 L120-Ezq0 L94-Iik9 L103-Wwa4 L112-Qti7 L121-Kvs3 L104-Iik9 L113-Xve8 L122-Q_b2 L114-Iik9 L123-Jgj2 L124-Iik9 L127-Kif0 L125-Iik9 L128-Esj2 L126-Iik9 L129-Hn_8
L82-Iik9 L91-Exb3 L100-Azm1 L109-Mjo8 L118-Ilp4 L83-Iik9 L92-Avy6 L101-Fvx5 L110-Zkv4 L119-Vuk7 L102-Iik9 L111-B_w5 L120-K_s2 L103-Iik9 L112-Wwa4 L121-Qti7 L113-Iik9 L122-Xve8 L123-Iik9 L127-Iik9 L128-Iik9 L129-Iik9
L91-Iik9 L100-Exb3 L109-Azm1 L118-Mjo8 L92-Iik9 L101-Avy6 L110-Fvx5 L119-Zkv4 L111-Iik9 L120-B_w5 L112-Iik9 L121-Wwa4 L122-Iik9
L100-Iik9 L109-Exb3 L118-Azm1 L101-Iik9 L110-Avy6 L119-Fvx5 L120-Iik9 L121-Iik9
L109-Iik9 L118-Exb3 L110-Iik9 L119-Avy6
L118-Iik9 L119-Iik9
