1
#Here is the number of lines required: 34
##start
Ytb3 4 4
##end
Veg4 6 6
Wwg7 7 7
Cpy6 11 11
Hlw9 16 16
M_a4 18 18
Fqy5 20 20
A_y4 23 23
Gjh1 27 27
Dqg5 30 30
Mrf2 33 33
Ark5 36 36
Zdg3 41 41
Vpe7 44 44
Ngo3 48 48
I_i0 51 51
Hv_4 55 55
Dhg3 59 59
Zro9 63 63
Suw1 67 67
Qkh9 70 70
Vqh1 71 71
Zzs3 73 73
Rgg0 75 75
Ils3 78 78
Pb_3 79 79
Glk9 81 81
Bbt1 86 86
Cgs7 90 90
Yux7 93 93
A_s7 94 94
Cc_8 99 99
Gac4 101 101
Swj7 105 105
Kxw4 109 109
Fuh0 114 114
Bfa8 116 116
Kef8 118 118
Vrb7 120 120
Yge2 123 123
Hhs0 125 125
Sxc4 127 127
Xjd7 132 132
Yvn2 134 134
Qtm8 136 136
Sjq2 139 139
Sq_0 142 142
Iuo5 144 144
Vu_6 147 147
Iq_5 152 152
Bbz8 154 154
Dvn3 157 157
Gcw2 160 160
Ysh2 164 164
Gsk0 168 168
Acq1 172 172
Mto7 174 174
Inw4 176 176
Rpi3 179 179
Vbj5 182 182
Gow0 187 187
Haz4 189 189
Cpu7 192 192
Wwc5 194 194
F__0 199 199
Stf4 200 200
Fzq8 202 202
Sdm9 206 206
Uup3 208 208
Euu5 211 211
Tyq5 216 216
Snw5 219 219
Ek_1 223 223
Eec8 227 227
Hfd2 229 229
Yzg9 232 232
Yqh8 233 233
Fhe6 235 235
Z__0 239 239
Pme0 242 242
Igz6 243 243
Z__9 246 246
Cdd4 248 248
Vsr7 251 251
Oac4 253 253
Snu9 258 258
Wpl2 260 260
Dqk5 262 262
Ptd3 266 266
Ypk6 270 270
Zse9 272 272
Etc9 275 275
Thh8 278 278
Ckv9 283 283
Jxc2 285 285
M_m5 290 290
Zck7 294 294
Tpe9 299 299
W_a4 304 304
Zpf6 305 305
Knq9 308 308
Ixx1 310 310
Zng6 312 312
Emn1 315 315
Xof1 317 317
Ppw0 320 320
Fei1 323 323
Qld5 326 326
Dc_2 329 329
T_g2 333 333
Aoe7 335 335
Tay3 339 339
Afr5 342 342
Uru9 343 343
Pty3 347 347
Vxm6 349 349
Ous4 352 352
Bol5 355 355
Byv4 360 360
Txn7 361 361
Hfb8 364 364
Icj4 368 368
F_s4 372 372
Pcx8 375 375
Rce6 378 378
Bnl3 380 380
Oxs9 382 382
Tyu3 386 386
Xbi1 390 390
Vyx0 394 394
Vdr6 397 397
Xhn0 400 400
Jjf7 403 403
Kfx8 405 405
Kc_6 406 406
Arh2 409 409
Hlj3 413 413
Mkf3 418 418
Gk_1 422 422
Aii7 425 425
Haj0 426 426
O_t1 431 431
Bpp1 435 435
Eca5 438 438
Gok9 442 442
Ukq4 444 444
Ocy3 447 447
C__5 452 452
Isc3 454 454
Xux1 456 456
Qpa2 457 457
Hcg7 459 459
Zsz5 461 461
Zrh1 463 463
Rox7 466 466
Ovr4 470 470
Ttx0 472 472
Uno1 475 475
Owy2 477 477
Gfj4 481 481
Co_9 486 486
Slx1 487 487
Omn9 488 488
Nqz5 493 493
Ueh8 498 498
Spx2 500 500
Y_a1 502 502
Rjr9 506 506
Wnv0 511 511
Rus9 514 514
Xys3 515 515
X_j2 517 517
Err4 519 519
Mf_4 523 523
Rqg2 525 525
Nzx4 529 529
Xgg6 531 531
Eks0 534 534
Z_z1 536 536
X_t7 541 541
Rw_9 543 543
Ykb2 547 547
Gmm5 549 549
Vpa4 551 551
Gkw9 555 555
Val9 560 560
Bpv5 565 565
Jqx4 568 568
Jnj6 570 570
Ut_8 573 573
Aza3 576 576
Yox1 580 580
Raa0 585 585
Ndy8 587 587
Dyi1 589 589
Rkh1 591 591
Mxx7 594 594
Zpq9 597 597
Bjy4 598 598
Mgv4 602 602
Spn4 605 605
Vdh8 608 608
Wmp4 612 612
Go_9 615 615
J__1 616 616
Ude4 620 620
Mev4 623 623
Iws7 627 627
Vym6 631 631
W_l3 633 633
Jxj8 635 635
Aar3 639 639
Tfl4 643 643
Zb_0 647 647
Ouj4 651 651
Bxn1 654 654
Jog3 656 656
Oht4 659 659
Vjl7 661 661
Ql_0 664 664
Ejc0 666 666
Soi1 669 669
Pog2 674 674
P_c3 677 677
Abe0 678 678
W_s2 681 681
Ppz8 682 682
V_w7 683 683
Pct3 686 686
Frr7 689 689
Hq_7 693 693
K_d8 696 696
Mgd5 699 699
Vwj0 702 702
Fqq6 706 706
Hio1 708 708
Pm_9 711 711
Pxl6 715 715
Kfz1 719 719
P_a2 723 723
A_g8 726 726
Gog1 730 730
Ebb6 733 733
Kdz8 736 736
I_p8 739 739
Txk4 743 743
All6 745 745
Tvm4 748 748
A_m6 751 751
Rny6 754 754
Er_2 757 757
Bkf3 759 759
Qxb6 763 763
Mrt5 766 766
Ibk4 767 767
Umh8 770 770
Jky0 773 773
Vot3 778 778
Ckp1 781 781
Ayt9 784 784
Vab4 786 786
Qgq8 790 790
Yxd5 793 793
Is_2 796 796
G_b2 799 799
Wpx9 802 802
W_h5 806 806
Xso0 810 810
Pgw2 812 812
Eel2 817 817
Iww8 820 820
Dli2 823 823
Iwd2 827 827
Iyc0 831 831
Yow1 832 832
Mbb6 836 836
Qu_3 837 837
Hmw2 841 841
Ac_0 845 845
J_f4 846 846
Dgb9 849 849
Ola8 851 851
Scs6 854 854
Jle9 856 856
Agd4 859 859
Yhp4 862 862
Ijd9 864 864
Zvq7 866 866
Cec8 868 868
Utx6 870 870
Mdw5 873 873
Ts_9 874 874
Hdz9 877 877
Cqt0 880 880
Gu_1 885 885
Uqm9 888 888
Hxd8 893 893
Bhk1 897 897
Ggo2 898 898
Rbf1 901 901
Mjx7 905 905
Rvm0 907 907
Hky8 911 911
Pkv5 915 915
Fd_8 917 917
Tgc8 920 920
Dje1 924 924
R_h4 926 926
Ebq4 928 928
Abj7 931 931
Zgj0 934 934
Siu2 936 936
Ei_8 939 939
Yps8 943 943
Ffd1 948 948
H_o4 951 951
Djt1 954 954
Dqz3 958 958
Spi6 959 959
N_k7 962 962
Dcn4 965 965
Esg4 967 967
Gw_6 969 969
Jdn6 970 970
Qkl5 972 972
Uzp1 973 973
Ocq6 975 975
Ucx4 979 979
Szm4 983 983
Iyx3 984 984
Sla7 988 988
Fe_3 989 989
Cro3 993 993
Jct2 995 995
R_t8 999 999
Vyz9 1002 1002
Hjv2 1004 1004
Clz7 1005 1005
Dde6 1006 1006
Igq2 1008 1008
Tsu0 1012 1012
Y_h8 1014 1014
P_t6 1017 1017
U_j2 1021 1021
Glk9-Wwg7
Bkf3-U_j2
Spn4-P_t6
Zsz5-Y_h8
Zro9-Dde6
Dvn3-Hlw9
Jct2-Hjv2
Ocy3-R_t8
Ixx1-Gjh1
W_l3-Dqg5
Jog3-Cro3
Szm4-Mrf2
Ndy8-Sla7
Yge2-Ark5
Bkf3-Zdg3
Gw_6-Ngo3
Vyx0-Ocq6
Bxn1-Hv_4
Ebb6-Jdn6
Dc_2-Suw1
F_s4-Qkh9
Ql_0-Gw_6
Zgj0-Dqz3
Kfz1-Zzs3
Rbf1-Ils3
Aar3-Yps8
Xof1-Bbt1
Dgb9-Cgs7
Qxb6-Yux7
Kdz8-Pkv5
Xys3-Hky8
A_m6-Gac4
Thh8-Rvm0
Acq1-Mjx7
Ixx1-Kxw4
Hxd8-Bhk1
Gu_1-Uqm9
Cqt0-Hhs0
Xjd7-Sxc4
Hdz9-Xjd7
Mdw5-Ts_9
Utx6-Yvn2
Qtm8-Utx6
Sjq2-Cec8
Iuo5-Zvq7
Ijd9-Iuo5
Vu_6-Ijd9
Iq_5-Yhp4
Agd4-Iq_5
Bbz8-Agd4
Jle9-Bbz8
Scs6-Jle9
Dvn3-Scs6
Dgb9-Acq1
J_f4-Mto7
Inw4-J_f4
Rpi3-Ac_0
Hmw2-Rpi3
Qu_3-Vbj5
Mbb6-Qu_3
Yow1-Cpu7
Wwc5-Yow1
Iyc0-F__0
Dli2-Stf4
Fzq8-Dli2
Euu5-Uup3
Pgw2-Euu5
G_b2-Wpx9
Yxd5-Snw5
Ek_1-Yxd5
Hfd2-Eec8
Yzg9-Vab4
Ckp1-Ayt9
Jky0-Z__0
Vsr7-Cdd4
Oac4-Vsr7
Snu9-Oac4
Wpl2-Snu9
Ytb3-Wpl2
Dqk5-Veg4
Qxb6-Ptd3
Ypk6-Qxb6
A_m6-Zse9
All6-Tvm4
Txk4-All6
Etc9-Txk4
M_m5-Jxc2
Zck7-I_p8
Ebb6-Kdz8
Gog1-Ebb6
A_g8-Gog1
Tpe9-A_g8
W_a4-P_a2
Ixx1-Kfz1
Zng6-Ixx1
Pm_9-Pxl6
Hio1-Pm_9
Emn1-Hio1
Fei1-Ppw0
Dc_2-Fqq6
T_g2-Dc_2
Mgd5-Vwj0
Aoe7-Mgd5
Tay3-Aoe7
V_w7-Pct3
W_s2-Ppz8
Abe0-W_s2
Pty3-P_c3
Vxm6-Pty3
Ql_0-Ejc0
Bol5-Ous4
Byv4-Bol5
Vjl7-Byv4
Txn7-Vjl7
Oht4-Txn7
Hfb8-Oht4
Jog3-Hfb8
Bxn1-Jog3
Zb_0-Veg4
Aar3-Tfl4
Jxj8-Aar3
W_l3-Jxj8
Ude4-Mev4
J__1-Ude4
Bnl3-Go_9
Oxs9-Bnl3
Tyu3-Oxs9
Vdr6-Wmp4
Kc_6-Kfx8
Vdh8-Kc_6
Arh2-Spn4
Bjy4-Mkf3
Aii7-Gk_1
Ndy8-Aii7
Ut_8-Aza3
O_t1-Jnj6
Eca5-Gmm5
Rw_9-Ykb2
X_t7-Err4
Xux1-Isc3
Z_z1-Xux1
Qpa2-Z_z1
Eks0-Qpa2
Hcg7-Eks0
Zrh1-Zsz5
Rox7-Zrh1
Xgg6-Rox7
Co_9-Gfj4
Slx1-Co_9
Ueh8-Nqz5
Wnv0-Mf_4
Xys3-Rus9
X_j2-Xys3
Ytb3-X_j2
Rus9-Wnv0
Mf_4-Rjr9
Rjr9-Y_a1
Y_a1-Rqg2
Rqg2-Spx2
Spx2-Ueh8
Nqz5-Omn9
Omn9-Slx1
Gfj4-Nzx4
Nzx4-Owy2
Owy2-Uno1
Uno1-Ttx0
Ttx0-Ovr4
Ovr4-Xgg6
Zsz5-Hcg7
Isc3-C__5
C__5-X_t7
Err4-Veg4
Ytb3-Rw_9
Ykb2-Ocy3
Ocy3-Ukq4
Ukq4-Gok9
Gok9-Eca5
Gmm5-Vpa4
Vpa4-Gkw9
Gkw9-Val9
Val9-Bpp1
Bpp1-Bpv5
Bpv5-Jqx4
Jqx4-O_t1
Jnj6-Haj0
Haj0-Ut_8
Aza3-Yox1
Yox1-Raa0
Raa0-Ndy8
Gk_1-Dyi1
Dyi1-Rkh1
Rkh1-Mxx7
Mxx7-Zpq9
Zpq9-Bjy4
Mkf3-Mgv4
Mgv4-Hlj3
Hlj3-Arh2
Spn4-Vdh8
Kfx8-Jjf7
Jjf7-Xhn0
Xhn0-Vdr6
Wmp4-Vyx0
Vyx0-Xbi1
Xbi1-Tyu3
Go_9-J__1
Mev4-Rce6
Rce6-Pcx8
Pcx8-Iws7
Iws7-Vym6
Vym6-W_l3
Tfl4-F_s4
F_s4-Zb_0
Ytb3-Ouj4
Ouj4-Icj4
Icj4-Bxn1
Ous4-Ql_0
Ejc0-Soi1
Soi1-Pog2
Pog2-Vxm6
P_c3-Uru9
Uru9-Abe0
Ppz8-V_w7
Pct3-Frr7
Frr7-Hq_7
Hq_7-Afr5
Afr5-K_d8
K_d8-Tay3
Vwj0-T_g2
Fqq6-Qld5
Qld5-Fei1
Ppw0-Xof1
Xof1-Emn1
Pxl6-Zng6
Kfz1-Knq9
Knq9-Zpf6
Zpf6-W_a4
P_a2-Tpe9
Kdz8-Zck7
I_p8-M_m5
Jxc2-Ckv9
Ckv9-Thh8
Thh8-Etc9
Tvm4-A_m6
Zse9-Rny6
Rny6-Er_2
Er_2-Bkf3
Bkf3-Ypk6
Ptd3-Mrt5
Mrt5-Dqk5
Cdd4-Z__9
Z__9-Ibk4
Ibk4-Igz6
Igz6-Pme0
Pme0-Umh8
Umh8-Jky0
Z__0-Fhe6
Fhe6-Yqh8
Yqh8-Vot3
Vot3-Ckp1
Ayt9-Yzg9
Vab4-Qgq8
Qgq8-Hfd2
Eec8-Ek_1
Snw5-Is_2
Is_2-G_b2
Wpx9-Tyq5
Tyq5-W_h5
W_h5-Xso0
Xso0-Pgw2
Uup3-Eel2
Eel2-Iww8
Iww8-Sdm9
Sdm9-Fzq8
Stf4-Iwd2
Iwd2-Iyc0
F__0-Wwc5
Cpu7-Haz4
Haz4-Gow0
Gow0-Mbb6
Vbj5-Hmw2
Ac_0-Inw4
Mto7-Dgb9
Acq1-Gsk0
Gsk0-Ysh2
Ysh2-Ola8
Ola8-Gcw2
Gcw2-Dvn3
Yhp4-Vu_6
Zvq7-Sq_0
Sq_0-Sjq2
Cec8-Qtm8
Yvn2-Mdw5
Ts_9-Hdz9
Sxc4-Cqt0
Hhs0-Yge2
Yge2-Gu_1
Uqm9-Vrb7
Vrb7-Kef8
Kef8-Hxd8
Bhk1-Ggo2
Ggo2-Veg4
Yqh8-Bfa8
Tyq5-Rbf1
Arh2-Fuh0
Gcw2-Swj7
Ysh2-Cc_8
Ocy3-Fd_8
Inw4-Tgc8
Haz4-A_s7
Kc_6-Dje1
W_a4-R_h4
Zng6-Ebq4
Agd4-Abj7
Yzg9-Zgj0
Oac4-Siu2
Sjq2-Glk9
Stf4-Pb_3
W_a4-Ei_8
Mjx7-Ffd1
Oxs9-H_o4
R_h4-Rgg0
Wmp4-Djt1
Afr5-Spi6
Spi6-N_k7
Slx1-Dcn4
Ocy3-Esg4
Rw_9-Vqh1
Rus9-Zro9
Zgj0-Dhg3
Ibk4-Qkl5
Siu2-Uzp1
P_c3-I_i0
Hlj3-Vpe7
Arh2-Ucx4
I_i0-Szm4
Dli2-Iyx3
Xys3-Fe_3
Cec8-Jct2
Jxj8-A_y4
Pkv5-Fqy5
Slx1-M_a4
Hmw2-Vyz9
I_p8-Clz7
Pkv5-Igq2
Wpl2-Tsu0
Vym6-Cpy6
#Here is the number of lines required: 34

L1-X_j2
L1-Xys3
L1-Rus9
L1-Wnv0
L1-Mf_4
L1-Rjr9
L1-Y_a1
L1-Rqg2
L1-Spx2
L1-Ueh8
L1-Nqz5
L1-Omn9
L1-Slx1
L1-Co_9
L1-Gfj4
L1-Nzx4
L1-Owy2
L1-Uno1
L1-Ttx0
L1-Ovr4
L1-Xgg6
L1-Rox7
L1-Zrh1
L1-Zsz5
L1-Hcg7
L1-Eks0
L1-Qpa2
L1-Z_z1
L1-Xux1
L1-Isc3
L1-C__5
L1-X_t7
L1-Err4
L1-Veg4
