96
#Here is the number of lines required: 29
##start
Wu_8 2 2
##end
Wej2 3 3
Nys7 7 7
Ict2 12 12
Bar5 14 14
C_t4 18 18
Tuc0 21 21
Ujz8 25 25
Jwo7 28 28
Cez2 33 33
Kxi5 37 37
Uyj5 40 40
Vcu5 44 44
Iru4 47 47
Gcw1 50 50
Etp7 55 55
Fun0 58 58
Zgr4 61 61
Nkl8 65 65
Sxl5 67 67
Gcj7 71 71
Puk0 74 74
Siv5 79 79
Yjp0 83 83
Rgf7 86 86
C_m8 90 90
Dww2 93 93
C_c8 97 97
Gcn0 102 102
Cu_4 105 105
Mf_4 108 108
Dry1 110 110
Ss_7 112 112
Zw_5 115 115
Pyy7 118 118
Ucn8 123 123
Tcj1 126 126
Fmq9 129 129
Uke3 133 133
Rx_3 134 134
Gqs3 136 136
Zyc2 141 141
Dy_7 144 144
Yun2 149 149
Wbj3 151 151
Ckp0 154 154
D_d4 158 158
Hbo8 159 159
Xlx2 162 162
Nwk1 167 167
Yxx0 172 172
K_v2 177 177
Gia4 181 181
Dzz8 185 185
Ssu7 188 188
Ujj7 191 191
W__8 196 196
Zur1 201 201
Oet1 205 205
Bru5 206 206
Yrl0 207 207
Vwr0 209 209
P_l5 212 212
Ngc2 214 214
Ikz2 218 218
Waw3 221 221
Qgj8 225 225
Xsb9 228 228
Vwv3 230 230
Yuf7 232 232
Bsj9 236 236
Qlz2 240 240
G_k8 244 244
Uxk7 247 247
Ovz0 252 252
Iy_8 253 253
Tcu0 256 256
Z_u3 260 260
Gxe8 263 263
Vue4 267 267
Upi0 269 269
Zxs8 274 274
Tqb5 278 278
Bhl8 281 281
Msf0 282 282
Ppg9 286 286
Xti9 287 287
Xpa3 290 290
Ulx5 293 293
Stx9 297 297
Qdw2 301 301
Ykg5 304 304
Uxg5 306 306
Q_l6 309 309
Omf8 311 311
Jaa3 313 313
Kc_6 314 314
Hyy5 317 317
Zfc7 321 321
Bni2 323 323
Cs_0 326 326
Ksf9 328 328
Mft0 331 331
Xv_7 333 333
Yl_9 336 336
Dpo8 339 339
Zjd2 344 344
Zwk7 347 347
Duq8 348 348
Xix5 350 350
Djf4 353 353
Bm_4 357 357
Zis9 360 360
Bnj8 365 365
Myz4 367 367
Qpk2 368 368
Fhs0 373 373
Vzs9 374 374
Egg1 376 376
Sdj0 379 379
Fhu8 381 381
Iez1 383 383
Eot8 385 385
S__0 388 388
Sqe0 391 391
Eoo7 394 394
Vii1 396 396
Dfh7 399 399
Blm6 402 402
Mrq4 406 406
Ore7 409 409
Ydr9 413 413
Qik0 418 418
Smm7 421 421
Rzh3 424 424
Max4 428 428
Pnl5 431 431
Q__8 433 433
Zxj0 436 436
Wlm1 438 438
Blp0 443 443
Aoq7 445 445
I_e5 450 450
Q_q9 454 454
F_o1 457 457
Jgf4 459 459
Jrw3 461 461
Syh6 463 463
Dkz9 465 465
Kle5 470 470
Mgz5 474 474
Prz4 479 479
Dlj4 481 481
Ut_9 485 485
Chh2 489 489
Zon8 492 492
Uld5 495 495
Hdy5 497 497
Mfe1 500 500
Abj2 502 502
Zbr3 507 507
Jrp0 511 511
Ieq3 513 513
Gtu1 515 515
Yzd9 517 517
E_t3 521 521
Btp9 522 522
Ayq6 526 526
Jmh6 528 528
Hyz8 531 531
Znf1 532 532
Ydr6 536 536
Xwc2 540 540
Ct_8 545 545
Mel9 548 548
Fs_0 550 550
Bnh8 551 551
Twm1 552 552
Qpa8 555 555
App0 560 560
Mtx2 562 562
Kgb0 564 564
Cq_1 567 567
R_r5 568 568
Wfq0 571 571
Mwd8 572 572
Ihp2 574 574
Xgr9 576 576
Rde0 577 577
Xiy9 578 578
Dnl0 582 582
Jjg6 585 585
Csl7 589 589
D_n6 592 592
Mdh2 596 596
Rgz8 599 599
Q_g0 603 603
Bbz3 608 608
Iki5 612 612
Q__5 616 616
Ssj8 621 621
Tij9 626 626
Enr2 629 629
Qfx3 630 630
Q_y5 633 633
Jmr9 638 638
Hcd7 639 639
Wtt2 641 641
Jwb0 644 644
Sgo5 649 649
Ywr2 651 651
Ptz5 655 655
J_l0 658 658
Klc1 661 661
Sst7 666 666
Tw_8 667 667
Nxt0 671 671
Qiu3 676 676
Ti_5 679 679
Din8 681 681
Bic4 684 684
Fss8 686 686
Gov6 690 690
Ycm1 692 692
Ok_8 696 696
C__7 700 700
Gy_2 702 702
Zoh9 704 704
Efa5 706 706
Gal8 709 709
Vtf7 710 710
Ydy2 715 715
Wmz1 718 718
Rvh5 722 722
B_n8 727 727
Uew3 731 731
Uvh0 734 734
Yle5 736 736
Iyu9 739 739
Qjd3 742 742
Csg4 746 746
Mdo3 749 749
Vg_7 754 754
Gyb9 758 758
Dlq7 762 762
Xbu9 765 765
Gab7 768 768
Rxk2 771 771
Tte8 773 773
For3 778 778
Biq6 782 782
Wqr8 787 787
Zd_2 790 790
Yvq9 793 793
Aeg2 796 796
Mtv4 801 801
Pe_8 804 804
Xsc3 806 806
Gup8 811 811
Xzp4 814 814
Slj3 815 815
Ubp8 819 819
Zui4 821 821
Pva1 825 825
Fys5 826 826
Wzi9 828 828
B_g9 829 829
Jpv0 830 830
Hmz1 833 833
Ybu6 836 836
Oml9 841 841
Yfs3 845 845
Pzd8 847 847
Zdu2 850 850
Ecf4 852 852
Jjv3 856 856
Sci6 858 858
Ngc1 862 862
Nim1 865 865
Qo_1 867 867
Avq0 870 870
Bca6 872 872
Vqa5 875 875
Bnc5 878 878
Alt8 881 881
Tee2 884 884
Z_p3 887 887
Hcn5 891 891
Ewk8 896 896
Nhw7 901 901
Cuh8 903 903
Djy2 906 906
Ftn3 907 907
Rew1 911 911
Vrb9 915 915
Kkg9 919 919
B_b5 920 920
Jev0 924 924
Oet1-Bar5
Jjv3-B_b5
Myz4-C_t4
Vrb9-Tuc0
Zgr4-Ujz8
Gup8-Cez2
Kc_6-Kkg9
Duq8-Vrb9
Zui4-Rew1
E_t3-Nhw7
Rgz8-Fun0
Dlq7-Nkl8
Jaa3-Sxl5
Gab7-Yjp0
Bnj8-Dww2
Q_g0-C_c8
Xv_7-Gcn0
Bnc5-Alt8
Bca6-Ss_7
Zw_5-Bca6
Avq0-Zw_5
Tcj1-Ucn8
Fmq9-Sci6
Uke3-Fmq9
Jjv3-Uke3
Rx_3-Jjv3
Ecf4-Rx_3
Yun2-Dy_7
Pzd8-Wbj3
Yfs3-Pzd8
Ybu6-Oml9
Hmz1-Ybu6
Jpv0-Hmz1
B_g9-Ckp0
Fys5-Wzi9
Ubp8-D_d4
Hbo8-Ubp8
Nwk1-Slj3
Gia4-K_v2
Dzz8-Xzp4
Gup8-Dzz8
Xsc3-Gup8
Ssu7-Xsc3
Pe_8-Ssu7
Ujj7-Mtv4
W__8-Ujj7
Aeg2-W__8
Oet1-Zur1
Yvq9-Oet1
Bru5-Yvq9
Yrl0-Bru5
Wqr8-Zd_2
Vwr0-Biq6
Tte8-For3
P_l5-Xbu9
Dlq7-Ngc2
Gyb9-Dlq7
Waw3-Ikz2
Xsb9-Qgj8
Mdo3-Xsb9
Vwv3-Mdo3
Yuf7-Vwv3
G_k8-Iyu9
Yle5-Ovz0
Uvh0-Yle5
Uew3-Uvh0
Tcu0-Iy_8
Z_u3-B_n8
Rvh5-Vue4
Ydy2-Wmz1
Gal8-Vtf7
Upi0-Gal8
Efa5-Zxs8
Tqb5-Zoh9
C__7-Gy_2
Wu_8-C__7
Bhl8-Wej2
Ppg9-Msf0
Xti9-Ok_8
Gov6-Ycm1
Fss8-Ulx5
Qdw2-Stx9
Ykg5-Qdw2
Uxg5-Ykg5
Bic4-Uxg5
Q_l6-Bic4
Tw_8-Prz4
Sst7-Tw_8
Jaa3-J_l0
Kc_6-Jaa3
Ywr2-Ptz5
Hyy5-Ywr2
Cs_0-Bni2
Ksf9-Cs_0
Yl_9-Xv_7
Sgo5-Yl_9
Dpo8-Sgo5
Duq8-Wtt2
Hcd7-Xix5
Jmr9-Hcd7
Djf4-Jmr9
Bm_4-Djf4
Q_y5-Bm_4
Zis9-Q_y5
Qfx3-Zis9
Enr2-Qpk2
Fhs0-Tij9
Iki5-Q__5
Bbz3-Iki5
Q_g0-Bbz3
Rgz8-Q_g0
Vzs9-Rgz8
D_n6-Mdh2
Csl7-D_n6
Dnl0-Egg1
Xiy9-Dnl0
Ihp2-Xgr9
Mwd8-Eot8
Sqe0-S__0
Wfq0-Sqe0
Eoo7-Wfq0
R_r5-Eoo7
Vii1-Cq_1
Wu_8-Vii1
Dfh7-Wej2
Blm6-Dfh7
Kgb0-Blm6
Mrq4-Kgb0
Ore7-Mrq4
Mtx2-Ore7
Ydr9-Qpa8
Max4-Fs_0
Mel9-Max4
Wu_8-Mel9
Pnl5-Ct_8
Znf1-Ydr6
Hyz8-Znf1
Jmh6-Q__8
Zxj0-Ayq6
Wlm1-Zxj0
Blp0-Wlm1
Gtu1-Aoq7
Q_q9-I_e5
Ieq3-Q_q9
F_o1-Ieq3
Wu_8-F_o1
Zbr3-Jrp0
Abj2-Zbr3
Hdy5-Mfe1
Zon8-Jgf4
Dkz9-Syh6
Ut_9-Chh2
Wu_8-Mgz5
Mgz5-Dlj4
Dlj4-Kle5
Kle5-Ut_9
Chh2-Dkz9
Syh6-Jrw3
Jrw3-Zon8
Jgf4-Uld5
Uld5-Hdy5
Mfe1-Abj2
Jrp0-Wej2
I_e5-Gtu1
Aoq7-Yzd9
Yzd9-E_t3
E_t3-Btp9
Btp9-Blp0
Ayq6-Jmh6
Q__8-Hyz8
Ydr6-Xwc2
Xwc2-Pnl5
Ct_8-Wej2
Fs_0-Bnh8
Bnh8-Twm1
Twm1-Rzh3
Rzh3-Smm7
Smm7-Qik0
Qik0-Ydr9
Qpa8-App0
App0-Mtx2
Cq_1-R_r5
S__0-Mwd8
Eot8-Iez1
Iez1-Fhu8
Fhu8-Sdj0
Sdj0-Ihp2
Xgr9-Rde0
Rde0-Wej2
Wu_8-Xiy9
Egg1-Jjg6
Jjg6-Csl7
Mdh2-Vzs9
Q__5-Ssj8
Ssj8-Fhs0
Tij9-Enr2
Qpk2-Myz4
Myz4-Bnj8
Bnj8-Wej2
Wu_8-Qfx3
Xix5-Duq8
Wtt2-Zwk7
Zwk7-Jwb0
Jwb0-Zjd2
Zjd2-Dpo8
Xv_7-Wej2
Wu_8-Mft0
Mft0-Ksf9
Bni2-Zfc7
Zfc7-Hyy5
Ptz5-Kc_6
J_l0-Klc1
Klc1-Sst7
Prz4-Wej2
Wu_8-Nxt0
Nxt0-Qiu3
Qiu3-Ti_5
Ti_5-Omf8
Omf8-Din8
Din8-Q_l6
Stx9-Fss8
Ulx5-Gov6
Ycm1-Xpa3
Xpa3-Xti9
Ok_8-Ppg9
Msf0-Bhl8
Gy_2-Tqb5
Zoh9-Efa5
Zxs8-Upi0
Vtf7-Ydy2
Wmz1-Rvh5
Vue4-Gxe8
Gxe8-Z_u3
B_n8-Tcu0
Iy_8-Uew3
Ovz0-Uxk7
Uxk7-Wej2
Wu_8-G_k8
Iyu9-Qjd3
Qjd3-Qlz2
Qlz2-Bsj9
Bsj9-Csg4
Csg4-Yuf7
Qgj8-Vg_7
Vg_7-Waw3
Ikz2-Gyb9
Ngc2-P_l5
Xbu9-Gab7
Gab7-Rxk2
Rxk2-Tte8
For3-Vwr0
Biq6-Wqr8
Zd_2-Yrl0
Zur1-Aeg2
Mtv4-Pe_8
Xzp4-Gia4
K_v2-Wej2
Wu_8-Yxx0
Yxx0-Nwk1
Slj3-Xlx2
Xlx2-Hbo8
D_d4-Zui4
Zui4-Pva1
Pva1-Fys5
Wzi9-B_g9
Ckp0-Jpv0
Oml9-Yfs3
Wbj3-Zdu2
Zdu2-Yun2
Dy_7-Zyc2
Zyc2-Gqs3
Gqs3-Ecf4
Sci6-Tcj1
Ucn8-Pyy7
Pyy7-Ngc1
Ngc1-Nim1
Nim1-Qo_1
Qo_1-Avq0
Ss_7-Vqa5
Vqa5-Dry1
Dry1-Bnc5
Alt8-Tee2
Tee2-Wej2
Gal8-Z_p3
Jpv0-Mf_4
S__0-Cu_4
P_l5-Hcn5
B_g9-C_m8
Enr2-Rgf7
Prz4-Ewk8
Zd_2-Siv5
Vzs9-Puk0
Dnl0-Gcj7
Zon8-Zgr4
Alt8-Etp7
Dlq7-Cuh8
Gup8-Djy2
Q_g0-Gcw1
Sxl5-Ftn3
Rgz8-Iru4
Vii1-Vcu5
Msf0-Uyj5
Bhl8-Kxi5
Tij9-Jwo7
Rxk2-Jev0
Prz4-Ict2
Uyj5-Nys7
#Here is the number of lines required: 29

L1-Nxt0 L2-Xiy9 L3-Qfx3 L4-Mel9 L5-Mgz5 L6-Mft0 L7-Vii1
L1-Qiu3 L8-Nxt0 L2-Dnl0 L9-Xiy9 L3-Zis9 L10-Qfx3 L4-Max4 L11-Mel9 L5-Dlj4 L12-Mgz5 L6-Ksf9 L13-Mft0 L7-Cq_1 L14-Vii1
L1-Ti_5 L8-Qiu3 L15-Nxt0 L2-Egg1 L9-Dnl0 L16-Xiy9 L3-Q_y5 L10-Zis9 L17-Qfx3 L4-Fs_0 L11-Max4 L18-Mel9 L5-Kle5 L12-Dlj4 L19-Mgz5 L6-Cs_0 L13-Ksf9 L20-Mft0 L7-R_r5 L14-Cq_1 L21-Vii1
L1-Omf8 L8-Ti_5 L15-Qiu3 L22-Nxt0 L2-Jjg6 L9-Egg1 L16-Dnl0 L23-Xiy9 L3-Bm_4 L10-Q_y5 L17-Zis9 L24-Qfx3 L4-Bnh8 L11-Fs_0 L18-Max4 L25-Mel9 L5-Ut_9 L12-Kle5 L19-Dlj4 L26-Mgz5 L6-Bni2 L13-Cs_0 L20-Ksf9 L27-Mft0 L7-Eoo7 L14-R_r5 L21-Cq_1 L28-Vii1
L1-Q_l6 L8-Omf8 L15-Ti_5 L22-Qiu3 L29-Nxt0 L2-Csl7 L9-Jjg6 L16-Egg1 L23-Dnl0 L30-Xiy9 L3-Djf4 L10-Bm_4 L17-Q_y5 L24-Zis9 L31-Qfx3 L4-Twm1 L11-Bnh8 L18-Fs_0 L25-Max4 L32-Mel9 L5-Chh2 L12-Ut_9 L19-Kle5 L26-Dlj4 L33-Mgz5 L6-Zfc7 L13-Bni2 L20-Cs_0 L27-Ksf9 L34-Mft0 L7-Wfq0 L14-Eoo7 L21-R_r5 L28-Cq_1 L35-Vii1
L1-Bic4 L8-Q_l6 L15-Omf8 L22-Ti_5 L29-Qiu3 L36-Nxt0 L2-D_n6 L9-Csl7 L16-Jjg6 L23-Egg1 L30-Dnl0 L37-Xiy9 L3-Jmr9 L10-Djf4 L17-Bm_4 L24-Q_y5 L31-Zis9 L38-Qfx3 L4-Rzh3 L11-Twm1 L18-Bnh8 L25-Fs_0 L32-Max4 L39-Mel9 L5-Dkz9 L12-Chh2 L19-Ut_9 L26-Kle5 L33-Dlj4 L40-Mgz5 L6-Hyy5 L13-Zfc7 L20-Bni2 L27-Cs_0 L34-Ksf9 L41-Mft0 L7-Sqe0 L14-Wfq0 L21-Eoo7 L28-R_r5 L35-Cq_1 L42-Vii1
L1-Uxg5 L8-Bic4 L15-Q_l6 L22-Omf8 L29-Ti_5 L36-Qiu3 L43-Nxt0 L2-Mdh2 L9-D_n6 L16-Csl7 L23-Jjg6 L30-Egg1 L37-Dnl0 L44-Xiy9 L3-Hcd7 L10-Jmr9 L17-Djf4 L24-Bm_4 L31-Q_y5 L38-Zis9 L45-Qfx3 L4-Smm7 L11-Rzh3 L18-Twm1 L25-Bnh8 L32-Fs_0 L39-Max4 L46-Mel9 L5-Syh6 L12-Dkz9 L19-Chh2 L26-Ut_9 L33-Kle5 L40-Dlj4 L47-Mgz5 L6-Ywr2 L13-Hyy5 L20-Zfc7 L27-Bni2 L34-Cs_0 L41-Ksf9 L48-Mft0 L7-S__0 L14-Sqe0 L21-Wfq0 L28-Eoo7 L35-R_r5 L42-Cq_1 L49-Vii1
L1-Ykg5 L8-Uxg5 L15-Bic4 L22-Q_l6 L29-Omf8 L36-Ti_5 L43-Qiu3 L50-Nxt0 L2-Vzs9 L9-Mdh2 L16-D_n6 L23-Csl7 L30-Jjg6 L37-Egg1 L44-Dnl0 L51-Xiy9 L3-Xix5 L10-Hcd7 L17-Jmr9 L24-Djf4 L31-Bm_4 L38-Q_y5 L45-Zis9 L52-Qfx3 L4-Qik0 L11-Smm7 L18-Rzh3 L25-Twm1 L32-Bnh8 L39-Fs_0 L46-Max4 L53-Mel9 L5-Jrw3 L12-Syh6 L19-Dkz9 L26-Chh2 L33-Ut_9 L40-Kle5 L47-Dlj4 L54-Mgz5 L6-Ptz5 L13-Ywr2 L20-Hyy5 L27-Zfc7 L34-Bni2 L41-Cs_0 L48-Ksf9 L55-Mft0 L7-Mwd8 L14-S__0 L21-Sqe0 L28-Wfq0 L35-Eoo7 L42-R_r5 L49-Cq_1 L56-Vii1
L1-Qdw2 L8-Ykg5 L15-Uxg5 L22-Bic4 L29-Q_l6 L36-Omf8 L43-Ti_5 L50-Qiu3 L57-Nxt0 L2-Rgz8 L9-Vzs9 L16-Mdh2 L23-D_n6 L30-Csl7 L37-Jjg6 L44-Egg1 L51-Dnl0 L58-Xiy9 L3-Duq8 L10-Xix5 L17-Hcd7 L24-Jmr9 L31-Djf4 L38-Bm_4 L45-Q_y5 L52-Zis9 L59-Qfx3 L4-Ydr9 L11-Qik0 L18-Smm7 L25-Rzh3 L32-Twm1 L39-Bnh8 L46-Fs_0 L53-Max4 L60-Mel9 L5-Zon8 L12-Jrw3 L19-Syh6 L26-Dkz9 L33-Chh2 L40-Ut_9 L47-Kle5 L54-Dlj4 L61-Mgz5 L6-Kc_6 L13-Ptz5 L20-Ywr2 L27-Hyy5 L34-Zfc7 L41-Bni2 L48-Cs_0 L55-Ksf9 L62-Mft0 L7-Eot8 L14-Mwd8 L21-S__0 L28-Sqe0 L35-Wfq0 L42-Eoo7 L49-R_r5 L56-Cq_1 L63-Vii1
L1-Stx9 L8-Qdw2 L15-Ykg5 L22-Uxg5 L29-Bic4 L36-Q_l6 L43-Omf8 L50-Ti_5 L57-Qiu3 L64-Nxt0 L2-Q_g0 L9-Rgz8 L16-Vzs9 L23-Mdh2 L30-D_n6 L37-Csl7 L44-Jjg6 L51-Egg1 L58-Dnl0 L65-Xiy9 L3-Wtt2 L10-Duq8 L17-Xix5 L24-Hcd7 L31-Jmr9 L38-Djf4 L45-Bm_4 L52-Q_y5 L59-Zis9 L66-Qfx3 L4-Qpa8 L11-Ydr9 L18-Qik0 L25-Smm7 L32-Rzh3 L39-Twm1 L46-Bnh8 L53-Fs_0 L60-Max4 L67-Mel9 L5-Jgf4 L12-Zon8 L19-Jrw3 L26-Syh6 L33-Dkz9 L40-Chh2 L47-Ut_9 L54-Kle5 L61-Dlj4 L68-Mgz5 L6-Jaa3 L13-Kc_6 L20-Ptz5 L27-Ywr2 L34-Hyy5 L41-Zfc7 L48-Bni2 L55-Cs_0 L62-Ksf9 L69-Mft0 L7-Iez1 L14-Eot8 L21-Mwd8 L28-S__0 L35-Sqe0 L42-Wfq0 L49-Eoo7 L56-R_r5 L63-Cq_1 L70-Vii1
L1-Fss8 L8-Stx9 L15-Qdw2 L22-Ykg5 L29-Uxg5 L36-Bic4 L43-Q_l6 L50-Omf8 L57-Ti_5 L64-Qiu3 L71-Nxt0 L2-Bbz3 L9-Q_g0 L16-Rgz8 L23-Vzs9 L30-Mdh2 L37-D_n6 L44-Csl7 L51-Jjg6 L58-Egg1 L65-Dnl0 L72-Xiy9 L3-Zwk7 L10-Wtt2 L17-Duq8 L24-Xix5 L31-Hcd7 L38-Jmr9 L45-Djf4 L52-Bm_4 L59-Q_y5 L66-Zis9 L73-Qfx3 L4-App0 L11-Qpa8 L18-Ydr9 L25-Qik0 L32-Smm7 L39-Rzh3 L46-Twm1 L53-Bnh8 L60-Fs_0 L67-Max4 L74-Mel9 L5-Uld5 L12-Jgf4 L19-Zon8 L26-Jrw3 L33-Syh6 L40-Dkz9 L47-Chh2 L54-Ut_9 L61-Kle5 L68-Dlj4 L75-Mgz5 L6-J_l0 L13-Jaa3 L20-Kc_6 L27-Ptz5 L34-Ywr2 L41-Hyy5 L48-Zfc7 L55-Bni2 L62-Cs_0 L69-Ksf9 L76-Mft0 L7-Fhu8 L14-Iez1 L21-Eot8 L28-Mwd8 L35-S__0 L42-Sqe0 L49-Wfq0 L56-Eoo7 L63-R_r5 L70-Cq_1 L77-Vii1
L1-Ulx5 L8-Fss8 L15-Stx9 L22-Qdw2 L29-Ykg5 L36-Uxg5 L43-Bic4 L50-Q_l6 L57-Omf8 L64-Ti_5 L71-Qiu3 L78-Nxt0 L2-Iki5 L9-Bbz3 L16-Q_g0 L23-Rgz8 L30-Vzs9 L37-Mdh2 L44-D_n6 L51-Csl7 L58-Jjg6 L65-Egg1 L72-Dnl0 L79-Xiy9 L3-Jwb0 L10-Zwk7 L17-Wtt2 L24-Duq8 L31-Xix5 L38-Hcd7 L45-Jmr9 L52-Djf4 L59-Bm_4 L66-Q_y5 L73-Zis9 L80-Qfx3 L4-Mtx2 L11-App0 L18-Qpa8 L25-Ydr9 L32-Qik0 L39-Smm7 L46-Rzh3 L53-Twm1 L60-Bnh8 L67-Fs_0 L74-Max4 L81-Mel9 L5-Hdy5 L12-Uld5 L19-Jgf4 L26-Zon8 L33-Jrw3 L40-Syh6 L47-Dkz9 L54-Chh2 L61-Ut_9 L68-Kle5 L75-Dlj4 L82-Mgz5 L6-Klc1 L13-J_l0 L20-Jaa3 L27-Kc_6 L34-Ptz5 L41-Ywr2 L48-Hyy5 L55-Zfc7 L62-Bni2 L69-Cs_0 L76-Ksf9 L83-Mft0 L7-Sdj0 L14-Fhu8 L21-Iez1 L28-Eot8 L35-Mwd8 L42-S__0 L49-Sqe0 L56-Wfq0 L63-Eoo7 L70-R_r5 L77-Cq_1 L84-Vii1
L1-Gov6 L8-Ulx5 L15-Fss8 L22-Stx9 L29-Qdw2 L36-Ykg5 L43-Uxg5 L50-Bic4 L57-Q_l6 L64-Omf8 L71-Ti_5 L78-Qiu3 L85-Nxt0 L2-Q__5 L9-Iki5 L16-Bbz3 L23-Q_g0 L30-Rgz8 L37-Vzs9 L44-Mdh2 L51-D_n6 L58-Csl7 L65-Jjg6 L72-Egg1 L79-Dnl0 L86-Xiy9 L3-Zjd2 L10-Jwb0 L17-Zwk7 L24-Wtt2 L31-Duq8 L38-Xix5 L45-Hcd7 L52-Jmr9 L59-Djf4 L66-Bm_4 L73-Q_y5 L80-Zis9 L87-Qfx3 L4-Ore7 L11-Mtx2 L18-App0 L25-Qpa8 L32-Ydr9 L39-Qik0 L46-Smm7 L53-Rzh3 L60-Twm1 L67-Bnh8 L74-Fs_0 L81-Max4 L88-Mel9 L5-Mfe1 L12-Hdy5 L19-Uld5 L26-Jgf4 L33-Zon8 L40-Jrw3 L47-Syh6 L54-Dkz9 L61-Chh2 L68-Ut_9 L75-Kle5 L82-Dlj4 L89-Mgz5 L6-Sst7 L13-Klc1 L20-J_l0 L27-Jaa3 L34-Kc_6 L41-Ptz5 L48-Ywr2 L55-Hyy5 L62-Zfc7 L69-Bni2 L76-Cs_0 L83-Ksf9 L90-Mft0 L7-Ihp2 L14-Sdj0 L21-Fhu8 L28-Iez1 L35-Eot8 L42-Mwd8 L49-S__0 L56-Sqe0 L63-Wfq0 L70-Eoo7 L77-R_r5 L84-Cq_1 L91-Vii1
L1-Ycm1 L8-Gov6 L15-Ulx5 L22-Fss8 L29-Stx9 L36-Qdw2 L43-Ykg5 L50-Uxg5 L57-Bic4 L64-Q_l6 L71-Omf8 L78-Ti_5 L85-Qiu3 L2-Ssj8 L9-Q__5 L16-Iki5 L23-Bbz3 L30-Q_g0 L37-Rgz8 L44-Vzs9 L51-Mdh2 L58-D_n6 L65-Csl7 L72-Jjg6 L79-Egg1 L86-Dnl0 L3-Dpo8 L10-Zjd2 L17-Jwb0 L24-Zwk7 L31-Wtt2 L38-Duq8 L45-Xix5 L52-Hcd7 L59-Jmr9 L66-Djf4 L73-Bm_4 L80-Q_y5 L87-Zis9 L92-Qfx3 L4-Mrq4 L11-Ore7 L18-Mtx2 L25-App0 L32-Qpa8 L39-Ydr9 L46-Qik0 L53-Smm7 L60-Rzh3 L67-Twm1 L74-Bnh8 L81-Fs_0 L88-Max4 L93-Mel9 L5-Abj2 L12-Mfe1 L19-Hdy5 L26-Uld5 L33-Jgf4 L40-Zon8 L47-Jrw3 L54-Syh6 L61-Dkz9 L68-Chh2 L75-Ut_9 L82-Kle5 L89-Dlj4 L94-Mgz5 L6-Tw_8 L13-Sst7 L20-Klc1 L27-J_l0 L34-Jaa3 L41-Kc_6 L48-Ptz5 L55-Ywr2 L62-Hyy5 L69-Zfc7 L76-Bni2 L83-Cs_0 L90-Ksf9 L95-Mft0 L7-Xgr9 L14-Ihp2 L21-Sdj0 L28-Fhu8 L35-Iez1 L42-Eot8 L49-Mwd8 L56-S__0 L63-Sqe0 L70-Wfq0 L77-Eoo7 L84-R_r5 L91-Cq_1 L96-Vii1
L1-Xpa3 L8-Ycm1 L15-Gov6 L22-Ulx5 L29-Fss8 L36-Stx9 L43-Qdw2 L50-Ykg5 L57-Uxg5 L64-Bic4 L71-Q_l6 L78-Omf8 L85-Ti_5 L2-Fhs0 L9-Ssj8 L16-Q__5 L23-Iki5 L30-Bbz3 L37-Q_g0 L44-Rgz8 L51-Vzs9 L58-Mdh2 L65-D_n6 L72-Csl7 L79-Jjg6 L86-Egg1 L3-Sgo5 L10-Dpo8 L17-Zjd2 L24-Jwb0 L31-Zwk7 L38-Wtt2 L45-Duq8 L52-Xix5 L59-Hcd7 L66-Jmr9 L73-Djf4 L80-Bm_4 L87-Q_y5 L92-Zis9 L4-Kgb0 L11-Mrq4 L18-Ore7 L25-Mtx2 L32-App0 L39-Qpa8 L46-Ydr9 L53-Qik0 L60-Smm7 L67-Rzh3 L74-Twm1 L81-Bnh8 L88-Fs_0 L93-Max4 L5-Zbr3 L12-Abj2 L19-Mfe1 L26-Hdy5 L33-Uld5 L40-Jgf4 L47-Zon8 L54-Jrw3 L61-Syh6 L68-Dkz9 L75-Chh2 L82-Ut_9 L89-Kle5 L94-Dlj4 L6-Prz4 L13-Tw_8 L20-Sst7 L27-Klc1 L34-J_l0 L41-Jaa3 L48-Kc_6 L55-Ptz5 L62-Ywr2 L69-Hyy5 L76-Zfc7 L83-Bni2 L90-Cs_0 L95-Ksf9 L7-Rde0 L14-Xgr9 L21-Ihp2 L28-Sdj0 L35-Fhu8 L42-Iez1 L49-Eot8 L56-Mwd8 L63-S__0 L70-Sqe0 L77-Wfq0 L84-Eoo7 L91-R_r5 L96-Cq_1
L1-Xti9 L8-Xpa3 L15-Ycm1 L22-Gov6 L29-Ulx5 L36-Fss8 L43-Stx9 L50-Qdw2 L57-Ykg5 L64-Uxg5 L71-Bic4 L78-Q_l6 L85-Omf8 L2-Tij9 L9-Fhs0 L16-Ssj8 L23-Q__5 L30-Iki5 L37-Bbz3 L44-Q_g0 L51-Rgz8 L58-Vzs9 L65-Mdh2 L72-D_n6 L79-Csl7 L86-Jjg6 L3-Yl_9 L10-Sgo5 L17-Dpo8 L24-Zjd2 L31-Jwb0 L38-Zwk7 L45-Wtt2 L52-Duq8 L59-Xix5 L66-Hcd7 L73-Jmr9 L80-Djf4 L87-Bm_4 L92-Q_y5 L4-Blm6 L11-Kgb0 L18-Mrq4 L25-Ore7 L32-Mtx2 L39-App0 L46-Qpa8 L53-Ydr9 L60-Qik0 L67-Smm7 L74-Rzh3 L81-Twm1 L88-Bnh8 L93-Fs_0 L5-Jrp0 L12-Zbr3 L19-Abj2 L26-Mfe1 L33-Hdy5 L40-Uld5 L47-Jgf4 L54-Zon8 L61-Jrw3 L68-Syh6 L75-Dkz9 L82-Chh2 L89-Ut_9 L94-Kle5 L6-Wej2 L13-Prz4 L20-Tw_8 L27-Sst7 L34-Klc1 L41-J_l0 L48-Jaa3 L55-Kc_6 L62-Ptz5 L69-Ywr2 L76-Hyy5 L83-Zfc7 L90-Bni2 L95-Cs_0 L7-Wej2 L14-Rde0 L21-Xgr9 L28-Ihp2 L35-Sdj0 L42-Fhu8 L49-Iez1 L56-Eot8 L63-Mwd8 L70-S__0 L77-Sqe0 L84-Wfq0 L91-Eoo7 L96-R_r5
L1-Ok_8 L8-Xti9 L15-Xpa3 L22-Ycm1 L29-Gov6 L36-Ulx5 L43-Fss8 L50-Stx9 L57-Qdw2 L64-Ykg5 L71-Uxg5 L78-Bic4 L85-Q_l6 L2-Enr2 L9-Tij9 L16-Fhs0 L23-Ssj8 L30-Q__5 L37-Iki5 L44-Bbz3 L51-Q_g0 L58-Rgz8 L65-Vzs9 L72-Mdh2 L79-D_n6 L86-Csl7 L3-Xv_7 L10-Yl_9 L17-Sgo5 L24-Dpo8 L31-Zjd2 L38-Jwb0 L45-Zwk7 L52-Wtt2 L59-Duq8 L66-Xix5 L73-Hcd7 L80-Jmr9 L87-Djf4 L92-Bm_4 L4-Dfh7 L11-Blm6 L18-Kgb0 L25-Mrq4 L32-Ore7 L39-Mtx2 L46-App0 L53-Qpa8 L60-Ydr9 L67-Qik0 L74-Smm7 L81-Rzh3 L88-Twm1 L93-Bnh8 L5-Wej2 L12-Jrp0 L19-Zbr3 L26-Abj2 L33-Mfe1 L40-Hdy5 L47-Uld5 L54-Jgf4 L61-Zon8 L68-Jrw3 L75-Syh6 L82-Dkz9 L89-Chh2 L94-Ut_9 L13-Wej2 L20-Prz4 L27-Tw_8 L34-Sst7 L41-Klc1 L48-J_l0 L55-Jaa3 L62-Kc_6 L69-Ptz5 L76-Ywr2 L83-Hyy5 L90-Zfc7 L95-Bni2 L14-Wej2 L21-Rde0 L28-Xgr9 L35-Ihp2 L42-Sdj0 L49-Fhu8 L56-Iez1 L63-Eot8 L70-Mwd8 L77-S__0 L84-Sqe0 L91-Wfq0 L96-Eoo7
L1-Ppg9 L8-Ok_8 L15-Xti9 L22-Xpa3 L29-Ycm1 L36-Gov6 L43-Ulx5 L50-Fss8 L57-Stx9 L64-Qdw2 L71-Ykg5 L78-Uxg5 L85-Bic4 L2-Qpk2 L9-Enr2 L16-Tij9 L23-Fhs0 L30-Ssj8 L37-Q__5 L44-Iki5 L51-Bbz3 L58-Q_g0 L65-Rgz8 L72-Vzs9 L79-Mdh2 L86-D_n6 L3-Wej2 L10-Xv_7 L17-Yl_9 L24-Sgo5 L31-Dpo8 L38-Zjd2 L45-Jwb0 L52-Zwk7 L59-Wtt2 L66-Duq8 L73-Xix5 L80-Hcd7 L87-Jmr9 L92-Djf4 L4-Wej2 L11-Dfh7 L18-Blm6 L25-Kgb0 L32-Mrq4 L39-Ore7 L46-Mtx2 L53-App0 L60-Qpa8 L67-Ydr9 L74-Qik0 L81-Smm7 L88-Rzh3 L93-Twm1 L12-Wej2 L19-Jrp0 L26-Zbr3 L33-Abj2 L40-Mfe1 L47-Hdy5 L54-Uld5 L61-Jgf4 L68-Zon8 L75-Jrw3 L82-Syh6 L89-Dkz9 L94-Chh2 L20-Wej2 L27-Prz4 L34-Tw_8 L41-Sst7 L48-Klc1 L55-J_l0 L62-Jaa3 L69-Kc_6 L76-Ptz5 L83-Ywr2 L90-Hyy5 L95-Zfc7 L21-Wej2 L28-Rde0 L35-Xgr9 L42-Ihp2 L49-Sdj0 L56-Fhu8 L63-Iez1 L70-Eot8 L77-Mwd8 L84-S__0 L91-Sqe0 L96-Wfq0
L1-Msf0 L8-Ppg9 L15-Ok_8 L22-Xti9 L29-Xpa3 L36-Ycm1 L43-Gov6 L50-Ulx5 L57-Fss8 L64-Stx9 L71-Qdw2 L78-Ykg5 L85-Uxg5 L2-Myz4 L9-Qpk2 L16-Enr2 L23-Tij9 L30-Fhs0 L37-Ssj8 L44-Q__5 L51-Iki5 L58-Bbz3 L65-Q_g0 L72-Rgz8 L79-Vzs9 L86-Mdh2 L10-Wej2 L17-Xv_7 L24-Yl_9 L31-Sgo5 L38-Dpo8 L45-Zjd2 L52-Jwb0 L59-Zwk7 L66-Wtt2 L73-Duq8 L80-Xix5 L87-Hcd7 L92-Jmr9 L11-Wej2 L18-Dfh7 L25-Blm6 L32-Kgb0 L39-Mrq4 L46-Ore7 L53-Mtx2 L60-App0 L67-Qpa8 L74-Ydr9 L81-Qik0 L88-Smm7 L93-Rzh3 L19-Wej2 L26-Jrp0 L33-Zbr3 L40-Abj2 L47-Mfe1 L54-Hdy5 L61-Uld5 L68-Jgf4 L75-Zon8 L82-Jrw3 L89-Syh6 L94-Dkz9 L27-Wej2 L34-Prz4 L41-Tw_8 L48-Sst7 L55-Klc1 L62-J_l0 L69-Jaa3 L76-Kc_6 L83-Ptz5 L90-Ywr2 L95-Hyy5 L28-Wej2 L35-Rde0 L42-Xgr9 L49-Ihp2 L56-Sdj0 L63-Fhu8 L70-Iez1 L77-Eot8 L84-Mwd8 L91-S__0 L96-Sqe0
L1-Bhl8 L8-Msf0 L15-Ppg9 L22-Ok_8 L29-Xti9 L36-Xpa3 L43-Ycm1 L50-Gov6 L57-Ulx5 L64-Fss8 L71-Stx9 L78-Qdw2 L85-Ykg5 L2-Bnj8 L9-Myz4 L16-Qpk2 L23-Enr2 L30-Tij9 L37-Fhs0 L44-Ssj8 L51-Q__5 L58-Iki5 L65-Bbz3 L72-Q_g0 L79-Rgz8 L86-Vzs9 L17-Wej2 L24-Xv_7 L31-Yl_9 L38-Sgo5 L45-Dpo8 L52-Zjd2 L59-Jwb0 L66-Zwk7 L73-Wtt2 L80-Duq8 L87-Xix5 L92-Hcd7 L18-Wej2 L25-Dfh7 L32-Blm6 L39-Kgb0 L46-Mrq4 L53-Ore7 L60-Mtx2 L67-App0 L74-Qpa8 L81-Ydr9 L88-Qik0 L93-Smm7 L26-Wej2 L33-Jrp0 L40-Zbr3 L47-Abj2 L54-Mfe1 L61-Hdy5 L68-Uld5 L75-Jgf4 L82-Zon8 L89-Jrw3 L94-Syh6 L34-Wej2 L41-Prz4 L48-Tw_8 L55-Sst7 L62-Klc1 L69-J_l0 L76-Jaa3 L83-Kc_6 L90-Ptz5 L95-Ywr2 L35-Wej2 L42-Rde0 L49-Xgr9 L56-Ihp2 L63-Sdj0 L70-Fhu8 L77-Iez1 L84-Eot8 L91-Mwd8 L96-S__0
L1-Wej2 L8-Bhl8 L15-Msf0 L22-Ppg9 L29-Ok_8 L36-Xti9 L43-Xpa3 L50-Ycm1 L57-Gov6 L64-Ulx5 L71-Fss8 L78-Stx9 L85-Qdw2 L2-Wej2 L9-Bnj8 L16-Myz4 L23-Qpk2 L30-Enr2 L37-Tij9 L44-Fhs0 L51-Ssj8 L58-Q__5 L65-Iki5 L72-Bbz3 L79-Q_g0 L86-Rgz8 L24-Wej2 L31-Xv_7 L38-Yl_9 L45-Sgo5 L52-Dpo8 L59-Zjd2 L66-Jwb0 L73-Zwk7 L80-Wtt2 L87-Duq8 L92-Xix5 L25-Wej2 L32-Dfh7 L39-Blm6 L46-Kgb0 L53-Mrq4 L60-Ore7 L67-Mtx2 L74-App0 L81-Qpa8 L88-Ydr9 L93-Qik0 L33-Wej2 L40-Jrp0 L47-Zbr3 L54-Abj2 L61-Mfe1 L68-Hdy5 L75-Uld5 L82-Jgf4 L89-Zon8 L94-Jrw3 L41-Wej2 L48-Prz4 L55-Tw_8 L62-Sst7 L69-Klc1 L76-J_l0 L83-Jaa3 L90-Kc_6 L95-Ptz5 L42-Wej2 L49-Rde0 L56-Xgr9 L63-Ihp2 L70-Sdj0 L77-Fhu8 L84-Iez1 L91-Eot8 L96-Mwd8
L8-Wej2 L15-Bhl8 L22-Msf0 L29-Ppg9 L36-Ok_8 L43-Xti9 L50-Xpa3 L57-Ycm1 L64-Gov6 L71-Ulx5 L78-Fss8 L85-Stx9 L9-Wej2 L16-Bnj8 L23-Myz4 L30-Qpk2 L37-Enr2 L44-Tij9 L51-Fhs0 L58-Ssj8 L65-Q__5 L72-Iki5 L79-Bbz3 L86-Q_g0 L31-Wej2 L38-Xv_7 L45-Yl_9 L52-Sgo5 L59-Dpo8 L66-Zjd2 L73-Jwb0 L80-Zwk7 L87-Wtt2 L92-Duq8 L32-Wej2 L39-Dfh7 L46-Blm6 L53-Kgb0 L60-Mrq4 L67-Ore7 L74-Mtx2 L81-App0 L88-Qpa8 L93-Ydr9 L40-Wej2 L47-Jrp0 L54-Zbr3 L61-Abj2 L68-Mfe1 L75-Hdy5 L82-Uld5 L89-Jgf4 L94-Zon8 L48-Wej2 L55-Prz4 L62-Tw_8 L69-Sst7 L76-Klc1 L83-J_l0 L90-Jaa3 L95-Kc_6 L49-Wej2 L56-Rde0 L63-Xgr9 L70-Ihp2 L77-Sdj0 L84-Fhu8 L91-Iez1 L96-Eot8
L15-Wej2 L22-Bhl8 L29-Msf0 L36-Ppg9 L43-Ok_8 L50-Xti9 L57-Xpa3 L64-Ycm1 L71-Gov6 L78-Ulx5 L85-Fss8 L16-Wej2 L23-Bnj8 L30-Myz4 L37-Qpk2 L44-Enr2 L51-Tij9 L58-Fhs0 L65-Ssj8 L72-Q__5 L79-Iki5 L86-Bbz3 L38-Wej2 L45-Xv_7 L52-Yl_9 L59-Sgo5 L66-Dpo8 L73-Zjd2 L80-Jwb0 L87-Zwk7 L92-Wtt2 L39-Wej2 L46-Dfh7 L53-Blm6 L60-Kgb0 L67-Mrq4 L74-Ore7 L81-Mtx2 L88-App0 L93-Qpa8 L47-Wej2 L54-Jrp0 L61-Zbr3 L68-Abj2 L75-Mfe1 L82-Hdy5 L89-Uld5 L94-Jgf4 L55-Wej2 L62-Prz4 L69-Tw_8 L76-Sst7 L83-Klc1 L90-J_l0 L95-Jaa3 L56-Wej2 L63-Rde0 L70-Xgr9 L77-Ihp2 L84-Sdj0 L91-Fhu8 L96-Iez1
L22-Wej2 L29-Bhl8 L36-Msf0 L43-Ppg9 L50-Ok_8 L57-Xti9 L64-Xpa3 L71-Ycm1 L78-Gov6 L85-Ulx5 L23-Wej2 L30-Bnj8 L37-Myz4 L44-Qpk2 L51-Enr2 L58-Tij9 L65-Fhs0 L72-Ssj8 L79-Q__5 L86-Iki5 L45-Wej2 L52-Xv_7 L59-Yl_9 L66-Sgo5 L73-Dpo8 L80-Zjd2 L87-Jwb0 L92-Zwk7 L46-Wej2 L53-Dfh7 L60-Blm6 L67-Kgb0 L74-Mrq4 L81-Ore7 L88-Mtx2 L93-App0 L54-Wej2 L61-Jrp0 L68-Zbr3 L75-Abj2 L82-Mfe1 L89-Hdy5 L94-Uld5 L62-Wej2 L69-Prz4 L76-Tw_8 L83-Sst7 L90-Klc1 L95-J_l0 L63-Wej2 L70-Rde0 L77-Xgr9 L84-Ihp2 L91-Sdj0 L96-Fhu8
L29-Wej2 L36-Bhl8 L43-Msf0 L50-Ppg9 L57-Ok_8 L64-Xti9 L71-Xpa3 L78-Ycm1 L85-Gov6 L30-Wej2 L37-Bnj8 L44-Myz4 L51-Qpk2 L58-Enr2 L65-Tij9 L72-Fhs0 L79-Ssj8 L86-Q__5 L52-Wej2 L59-Xv_7 L66-Yl_9 L73-Sgo5 L80-Dpo8 L87-Zjd2 L92-Jwb0 L53-Wej2 L60-Dfh7 L67-Blm6 L74-Kgb0 L81-Mrq4 L88-Ore7 L93-Mtx2 L61-Wej2 L68-Jrp0 L75-Zbr3 L82-Abj2 L89-Mfe1 L94-Hdy5 L69-Wej2 L76-Prz4 L83-Tw_8 L90-Sst7 L95-Klc1 L70-Wej2 L77-Rde0 L84-Xgr9 L91-Ihp2 L96-Sdj0
L36-Wej2 L43-Bhl8 L50-Msf0 L57-Ppg9 L64-Ok_8 L71-Xti9 L78-Xpa3 L85-Ycm1 L37-Wej2 L44-Bnj8 L51-Myz4 L58-Qpk2 L65-Enr2 L72-Tij9 L79-Fhs0 L86-Ssj8 L59-Wej2 L66-Xv_7 L73-Yl_9 L80-Sgo5 L87-Dpo8 L92-Zjd2 L60-Wej2 L67-Dfh7 L74-Blm6 L81-Kgb0 L88-Mrq4 L93-Ore7 L68-Wej2 L75-Jrp0 L82-Zbr3 L89-Abj2 L94-Mfe1 L76-Wej2 L83-Prz4 L90-Tw_8 L95-Sst7 L77-Wej2 L84-Rde0 L91-Xgr9 L96-Ihp2
L43-Wej2 L50-Bhl8 L57-Msf0 L64-Ppg9 L71-Ok_8 L78-Xti9 L85-Xpa3 L44-Wej2 L51-Bnj8 L58-Myz4 L65-Qpk2 L72-Enr2 L79-Tij9 L86-Fhs0 L66-Wej2 L73-Xv_7 L80-Yl_9 L87-Sgo5 L92-Dpo8 L67-Wej2 L74-Dfh7 L81-Blm6 L88-Kgb0 L93-Mrq4 L75-Wej2 L82-Jrp0 L89-Zbr3 L94-Abj2 L83-Wej2 L90-Prz4 L95-Tw_8 L84-Wej2 L91-Rde0 L96-Xgr9
L50-Wej2 L57-Bhl8 L64-Msf0 L71-Ppg9 L78-Ok_8 L85-Xti9 L51-Wej2 L58-Bnj8 L65-Myz4 L72-Qpk2 L79-Enr2 L86-Tij9 L73-Wej2 L80-Xv_7 L87-Yl_9 L92-Sgo5 L74-Wej2 L81-Dfh7 L88-Blm6 L93-Kgb0 L82-Wej2 L89-Jrp0 L94-Zbr3 L90-Wej2 L95-Prz4 L91-Wej2 L96-Rde0
L57-Wej2 L64-Bhl8 L71-Msf0 L78-Ppg9 L85-Ok_8 L58-Wej2 L65-Bnj8 L72-Myz4 L79-Qpk2 L86-Enr2 L80-Wej2 L87-Xv_7 L92-Yl_9 L81-Wej2 L88-Dfh7 L93-Blm6 L89-Wej2 L94-Jrp0 L95-Wej2 L96-Wej2
L64-Wej2 L71-Bhl8 L78-Msf0 L85-Ppg9 L65-Wej2 L72-Bnj8 L79-Myz4 L86-Qpk2 L87-Wej2 L92-Xv_7 L88-Wej2 L93-Dfh7 L94-Wej2
L71-Wej2 L78-Bhl8 L85-Msf0 L72-Wej2 L79-Bnj8 L86-Myz4 L92-Wej2 L93-Wej2
L78-Wej2 L85-Bhl8 L79-Wej2 L86-Bnj8
L85-Wej2 L86-Wej2
