157
#Here is the number of lines required: 34
##start
Ccc8 2 2
##end
Gnq9 5 5
Mr_8 8 8
Ig_3 11 11
Nge3 14 14
Fjn8 19 19
Eu_4 22 22
Xqe7 26 26
Kwg5 29 29
Azs9 33 33
Gtk2 37 37
Bar5 41 41
Nyw2 45 45
Xhw3 48 48
Ctg4 49 49
Sxd4 51 51
Omk4 53 53
Pxt1 56 56
V_r4 57 57
Cpd7 59 59
Qgo5 64 64
U__1 68 68
Ngo7 71 71
Fnj7 72 72
Huo8 77 77
Mtz2 79 79
Rgg0 83 83
Bfd8 87 87
Hgf5 92 92
R_w6 94 94
Siu2 96 96
Jtq4 98 98
Egb5 101 101
Ebq4 103 103
Ben1 105 105
Wqt9 110 110
Sqp5 112 112
Jcd3 114 114
Q_n2 117 117
Rpo2 120 120
Ega1 122 122
Ym_6 125 125
Jzf7 130 130
Fuh0 132 132
Xsc8 135 135
Doc5 138 138
Qtp0 142 142
Tnx4 146 146
Sr_9 150 150
J_d8 152 152
Rno1 154 154
Hzp1 157 157
N_c4 160 160
Ehq6 165 165
Dag7 167 167
Zao6 170 170
Brh4 172 172
X_w2 177 177
Jvw7 178 178
Blj3 180 180
Fyb7 184 184
Gfo5 186 186
Afu6 189 189
Ono9 194 194
Oxn9 197 197
Wdn5 201 201
Hxd1 205 205
Qke5 207 207
Mbb6 210 210
Yow1 211 211
Wwc5 213 213
F__0 217 217
Stf4 220 220
Dli2 221 221
Sdm9 224 224
Iww8 226 226
Eel2 229 229
Uup3 231 231
Euu5 236 236
Pgw2 238 238
Xso0 240 240
Evy8 244 244
H__4 248 248
Iuk7 250 250
Uhz4 253 253
Gcy4 256 256
Iok5 261 261
Ieo4 263 263
Gmq8 268 268
Qho4 272 272
Ndz1 277 277
Hrk9 282 282
Bgn0 283 283
Y_y6 286 286
Ajz5 288 288
Ktq0 290 290
Dop7 293 293
Nfk6 295 295
Mkr9 298 298
Uen2 301 301
Bqh5 304 304
Gcp6 307 307
Yb_3 311 311
Ptt3 313 313
Gtf9 317 317
Uq_1 320 320
Pfz6 321 321
Izc5 325 325
Zxy0 327 327
Qnw2 330 330
Zfd9 333 333
Pw_7 338 338
Qdz0 339 339
V_x0 342 342
Ddb0 346 346
K_d8 350 350
W_s2 353 353
Abe0 356 356
Pog2 358 358
Soi1 360 360
Ejc0 364 364
Ql_0 368 368
Ous4 372 372
Hly6 375 375
Nsj3 378 378
Jix6 381 381
Ofh3 383 383
Tsf2 384 384
Ezc8 387 387
Asu7 391 391
F_s4 396 396
Iws7 400 400
Pcx8 403 403
Zon5 404 404
Rsy1 409 409
Rvm2 413 413
Tjc7 416 416
Jxd7 420 420
Nrp6 422 422
Tpr5 425 425
Eoj3 430 430
Pko5 432 432
He_1 434 434
Fzv5 435 435
Wc_1 437 437
Dfh4 439 439
Oyo7 441 441
Gna6 444 444
I_r1 448 448
Svu0 450 450
Ukc5 453 453
Dvv3 455 455
Zck4 459 459
Qgq3 464 464
Xyw5 465 465
Eae6 466 466
Vm_0 471 471
Bap6 476 476
Uks4 478 478
Byl4 480 480
Pb_8 484 484
Klp6 489 489
Ssx5 492 492
Ajb8 493 493
Pql7 495 495
Rxd9 497 497
Zss6 498 498
Wyc3 501 501
O_p2 503 503
Tjl2 506 506
Phb2 508 508
Iar6 512 512
Rs_1 515 515
Koa5 521 521
Sjp7 523 523
Csk1 527 527
Kvt6 528 528
A_e1 531 531
Irm8 535 535
Ege7 538 538
Fxv4 541 541
Uzf3 545 545
Ung7 546 546
Cxm2 548 548
V_p6 551 551
Ixn3 555 555
Qyv9 560 560
Ivo8 562 562
A_w0 564 564
Rd_0 567 567
Sg_1 571 571
Kwd1 576 576
U_u2 580 580
Fin3 583 583
Gdq1 585 585
F_l8 589 589
Eqc6 591 591
Dig3 593 593
V_y7 595 595
Blm6 598 598
Tmu4 602 602
Jjk2 605 605
Yyg8 608 608
Zcl3 611 611
Rlf8 612 612
Ovj6 613 613
Xnh4 615 615
Vhd9 619 619
Ety8 622 622
Kjb0 624 624
Oox3 628 628
Oto1 631 631
E__5 635 635
Bid5 637 637
Jre9 639 639
Rce6 644 644
Vym6 647 647
W_l3 651 651
Jxj8 654 654
Aar3 659 659
Tfl4 662 662
Zb_0 664 664
Psx9 668 668
Gao4 672 672
Bol5 675 675
Vxm6 678 678
Pty3 679 679
P_c3 682 682
Uru9 686 686
Ppz8 689 689
V_w7 692 692
Pct3 695 695
Frr7 697 697
Hq_7 700 700
Afr5 702 702
Nys0 706 706
Oeg1 709 709
Zjw8 713 713
Ygk8 716 716
Cqu5 719 719
Jik9 722 722
Tog4 725 725
A_z4 727 727
Ult4 732 732
Mgj3 735 735
Rqi4 738 738
Oae4 741 741
Jag8 745 745
Ker0 749 749
Tjx0 753 753
Var5 755 755
Zh_8 760 760
D_h6 762 762
Z_z9 765 765
Gvb4 767 767
Aoo2 769 769
Azy8 773 773
Mxx8 776 776
Rdt3 779 779
Orr5 781 781
Xwm5 784 784
S__0 786 786
Oxg8 787 787
Tep4 792 792
K_m2 794 794
Ig_0 795 795
Fxh4 797 797
Esa2 800 800
Jlg8 802 802
Ttf8 804 804
Nbe5 805 805
Box9 810 810
Qvn5 813 813
Vzs6 817 817
Hsp5 821 821
Vj_4 825 825
Fzq8 828 828
Iwd2 829 829
Iyc0 834 834
Cpu7 837 837
Haz4 840 840
Gow0 844 844
Qu_3 847 847
Vav7 850 850
Jcg9 853 853
Vrk5 855 855
Ncx6 858 858
Frc3 860 860
R_o5 864 864
Aa_2 866 866
Uyi2 868 868
N_d6 871 871
Xql2 876 876
Qpo4 880 880
Iru5 882 882
Jw_9 886 886
Fcx5 889 889
Cgh0 891 891
E_d5 895 895
Cuu1 897 897
Ewc5 898 898
Wix4 900 900
Ivd9 902 902
Xw_1 903 903
Tfi6 904 904
Cft9 908 908
Aex6 911 911
Gau1 914 914
Swj7 917 917
Jof2 919 919
Pkv5 922 922
Dzi6 924 924
Usq6 927 927
Yux7 931 931
H_j5 933 933
Jh_5 935 935
Hao1 936 936
Htn1 938 938
Vll9 940 940
Uvp6 944 944
Ech4 945 945
Yps8 949 949
D_k8 953 953
Wsl7 958 958
D_y6 961 961
Ezp2 963 963
Kik7 964 964
Oke6 968 968
Ehj6 972 972
Kho1 975 975
Mw_8 978 978
En_2 980 980
Hox7 984 984
Olo1 989 989
Kiv0 994 994
Bqs7 998 998
Xol4 1003 1003
Ged4 1005 1005
Ogt8 1008 1008
Vkj5 1012 1012
Bax8 1015 1015
Xfw4 1018 1018
B_v3 1022 1022
Non4 1026 1026
Ngp7 1028 1028
Syd7 1031 1031
Yzi1 1035 1035
Wvg8 1037 1037
Eek4 1041 1041
Pyo4 1044 1044
Phy0 1047 1047
Jtr0 1051 1051
Bbz5 1055 1055
Esb1 1058 1058
Qgq0 1061 1061
Rnb2 1065 1065
Pfz6-Qgq0
Xqe7-Ig_3
Uup3-Bbz5
Nfk6-Fjn8
Bax8-Jtr0
Hao1-Phy0
Bqs7-Azs9
Jik9-Bar5
Ygk8-Xhw3
Pgw2-Ctg4
Bfd8-Non4
Htn1-Xfw4
O_p2-Vkj5
Rs_1-Ogt8
Ezc8-Omk4
Egb5-Xol4
Box9-Bqs7
Ym_6-Kiv0
Doc5-Cpd7
Ddb0-Olo1
Hrk9-Qgo5
Oox3-Hox7
Pog2-En_2
Eel2-Mw_8
Ssx5-Oke6
Ezp2-Gnq9
Huo8-Ezp2
Mtz2-D_y6
Rgg0-Mtz2
D_k8-Wsl7
Bfd8-D_k8
Ech4-R_w6
Uvp6-Ech4
Siu2-Vll9
Hao1-Htn1
Egb5-Hao1
H_j5-Wqt9
Yux7-H_j5
Pkv5-Jcd3
Jof2-Rpo2
Ega1-Jof2
Ym_6-Swj7
Aex6-Jzf7
Cft9-Fuh0
Xw_1-Doc5
Rno1-Wix4
Ewc5-Rno1
Hzp1-Ewc5
Cuu1-Hzp1
N_c4-Cuu1
E_d5-N_c4
Dag7-Ehq6
Zao6-Dag7
Iru5-Jw_9
Qpo4-Jvw7
Blj3-Qpo4
Fyb7-Blj3
Afu6-Gfo5
Aa_2-Uyi2
Ono9-R_o5
Frc3-Ono9
Ncx6-Frc3
Vrk5-Ncx6
Jcg9-Oxn9
Vav7-Qke5
Ccc8-Vav7
Mbb6-Qu_3
Gow0-Mbb6
Haz4-Gow0
Wwc5-Yow1
Iwd2-Iyc0
Stf4-Iwd2
Fzq8-Dli2
Sdm9-Fzq8
Iww8-Sdm9
Ccc8-Xso0
Evy8-Vj_4
Hsp5-Evy8
Qvn5-Vzs6
Box9-Qvn5
Jlg8-Ttf8
Uhz4-Esa2
Gcy4-Uhz4
Iok5-Gcy4
Ieo4-Iok5
Gmq8-Ieo4
Fxh4-Gmq8
Ccc8-Fxh4
Qho4-Gnq9
Oxg8-Tep4
Hrk9-S__0
Bgn0-Hrk9
Y_y6-Bgn0
Mxx8-Rdt3
Dop7-Mxx8
Mkr9-Nfk6
Uen2-Mkr9
Ccc8-Uen2
Gcp6-Azy8
Ptt3-Gvb4
Gtf9-Ptt3
Uq_1-Z_z9
Tjx0-Var5
Rqi4-Pfz6
Izc5-Rqi4
A_z4-Ult4
Zfd9-Qnw2
Ddb0-Zjw8
Afr5-K_d8
Pct3-Frr7
W_s2-Ppz8
Abe0-W_s2
Uru9-Abe0
P_c3-Uru9
Pty3-P_c3
Pog2-Vxm6
Soi1-Pog2
Ejc0-Soi1
Jix6-Nsj3
Ofh3-Jix6
Psx9-Gao4
Aar3-Tfl4
W_l3-Jxj8
Vym6-W_l3
Pcx8-Iws7
Rce6-Pcx8
Ccc8-Rce6
Jre9-Gnq9
Oox3-Zon5
Rsy1-Oox3
Kjb0-Rsy1
Vhd9-Rvm2
Xnh4-Vhd9
Tjc7-Rlf8
Jxd7-Tjc7
Zcl3-Tpr5
Yyg8-Zcl3
Eoj3-Jjk2
Ccc8-Eoj3
Pko5-Gnq9
Tmu4-He_1
Fzv5-Tmu4
Blm6-Fzv5
Dfh4-Wc_1
Oyo7-Dfh4
Gna6-Oyo7
V_y7-Gna6
Svu0-I_r1
Ukc5-Svu0
Dvv3-Ukc5
Dig3-Dvv3
Qgq3-Zck4
Ccc8-Xyw5
Eae6-Gnq9
Vm_0-Eae6
Bap6-Vm_0
Pb_8-Byl4
F_l8-Pb_8
Klp6-F_l8
Gdq1-Rxd9
Fin3-Gdq1
Zss6-Fin3
Wyc3-Zss6
U_u2-Wyc3
Rd_0-Sg_1
O_p2-Ivo8
Ixn3-Qyv9
Tjl2-Ixn3
V_p6-Tjl2
Phb2-Uzf3
Fxv4-Phb2
Irm8-Iar6
A_e1-Irm8
Csk1-Kvt6
Sjp7-Rs_1
Ccc8-Sjp7
Rs_1-Csk1
Kvt6-A_e1
Iar6-Ege7
Ege7-Fxv4
Uzf3-Ung7
Ung7-Cxm2
Cxm2-V_p6
Qyv9-Gnq9
Ccc8-O_p2
Ivo8-A_w0
A_w0-Rd_0
Sg_1-Kwd1
Kwd1-U_u2
Rxd9-Pql7
Pql7-Ajb8
Ajb8-Ssx5
Ssx5-Klp6
Byl4-Eqc6
Eqc6-Uks4
Uks4-Bap6
Xyw5-Qgq3
Zck4-Dig3
I_r1-V_y7
Wc_1-Blm6
He_1-Pko5
Jjk2-Yyg8
Tpr5-Nrp6
Nrp6-Jxd7
Rlf8-Ovj6
Ovj6-Xnh4
Rvm2-Ety8
Ety8-Kjb0
Zon5-Oto1
Oto1-E__5
E__5-Bid5
Bid5-Jre9
Iws7-Vym6
Jxj8-Aar3
Tfl4-F_s4
F_s4-Zb_0
Zb_0-Asu7
Asu7-Ezc8
Ezc8-Psx9
Gao4-Tsf2
Tsf2-Ofh3
Nsj3-Hly6
Hly6-Gnq9
Ccc8-Bol5
Bol5-Ous4
Ous4-Ql_0
Ql_0-Ejc0
Vxm6-Pty3
Ppz8-V_w7
V_w7-Pct3
Frr7-Hq_7
Hq_7-Afr5
K_d8-Gnq9
Ccc8-Nys0
Nys0-Oeg1
Oeg1-Ddb0
Zjw8-Ygk8
Ygk8-V_x0
V_x0-Cqu5
Cqu5-Qdz0
Qdz0-Jik9
Jik9-Pw_7
Pw_7-Zfd9
Qnw2-Tog4
Tog4-A_z4
Ult4-Mgj3
Mgj3-Zxy0
Zxy0-Izc5
Pfz6-Oae4
Oae4-Jag8
Jag8-Ker0
Ker0-Gnq9
Ccc8-Tjx0
Var5-Zh_8
Zh_8-D_h6
D_h6-Uq_1
Z_z9-Gtf9
Gvb4-Aoo2
Aoo2-Yb_3
Yb_3-Gcp6
Azy8-Bqh5
Bqh5-Koa5
Koa5-Gnq9
Nfk6-Dop7
Rdt3-Orr5
Orr5-Ktq0
Ktq0-Ajz5
Ajz5-Xwm5
Xwm5-Y_y6
S__0-Ndz1
Ndz1-Oxg8
Tep4-K_m2
K_m2-Ig_0
Ig_0-Qho4
Esa2-Jlg8
Ttf8-Nbe5
Nbe5-Iuk7
Iuk7-Box9
Vzs6-H__4
H__4-Hsp5
Vj_4-Gnq9
Xso0-Pgw2
Pgw2-Euu5
Euu5-Uup3
Uup3-Eel2
Eel2-Iww8
Dli2-Stf4
Iyc0-F__0
F__0-Wwc5
Yow1-Cpu7
Cpu7-Haz4
Qu_3-Gnq9
Qke5-Hxd1
Hxd1-Wdn5
Wdn5-Jcg9
Oxn9-Vrk5
R_o5-Aa_2
Uyi2-Afu6
Gfo5-N_d6
N_d6-Xql2
Xql2-Fyb7
Jvw7-Iru5
Jw_9-X_w2
X_w2-Brh4
Brh4-Fcx5
Fcx5-Zao6
Ehq6-Cgh0
Cgh0-E_d5
Wix4-J_d8
J_d8-Ivd9
Ivd9-Sr_9
Sr_9-Tnx4
Tnx4-Qtp0
Qtp0-Xw_1
Doc5-Gnq9
Ccc8-Xsc8
Xsc8-Tfi6
Tfi6-Cft9
Fuh0-Aex6
Jzf7-Gau1
Gau1-Ym_6
Swj7-Ega1
Rpo2-Q_n2
Q_n2-Pkv5
Jcd3-Dzi6
Dzi6-Sqp5
Sqp5-Usq6
Usq6-Yux7
Wqt9-Ben1
Ben1-Jh_5
Jh_5-Ebq4
Ebq4-Egb5
Htn1-Jtq4
Jtq4-Siu2
Vll9-Uvp6
R_w6-Yps8
Yps8-Hgf5
Hgf5-Bfd8
Wsl7-Rgg0
D_y6-Huo8
Oae4-Kik7
Vj_4-Fnj7
Hrk9-Ngo7
Iww8-Ehj6
Haz4-U__1
Wqt9-Kho1
Ndz1-V_r4
Iyc0-Ged4
Yb_3-Pxt1
X_w2-Sxd4
X_w2-Bax8
Pct3-B_v3
Esa2-Ngp7
Kwd1-Nyw2
Zss6-Syd7
Uvp6-Gtk2
Jre9-Yzi1
Cpd7-Wvg8
Ult4-Kwg5
Yzi1-Eek4
Yow1-Xqe7
Kik7-Eu_4
Eu_4-Pyo4
Tsf2-Nge3
Ker0-Esb1
Jcg9-Rnb2
Mbb6-Mr_8
#Here is the number of lines required: 34

L1-O_p2 L2-Nys0 L3-Eoj3 L4-Uen2 L5-Xso0 L6-Bol5 L7-Rce6 L8-Xyw5 L9-Fxh4 L10-Sjp7 L11-Tjx0
L1-Ivo8 L12-O_p2 L2-Oeg1 L13-Nys0 L3-Jjk2 L14-Eoj3 L4-Mkr9 L15-Uen2 L5-Pgw2 L16-Xso0 L6-Ous4 L17-Bol5 L7-Pcx8 L18-Rce6 L8-Qgq3 L19-Xyw5 L9-Gmq8 L20-Fxh4 L10-Rs_1 L21-Sjp7 L11-Var5 L22-Tjx0
L1-A_w0 L12-Ivo8 L23-O_p2 L2-Ddb0 L13-Oeg1 L24-Nys0 L3-Yyg8 L14-Jjk2 L25-Eoj3 L4-Nfk6 L15-Mkr9 L26-Uen2 L5-Euu5 L16-Pgw2 L27-Xso0 L6-Ql_0 L17-Ous4 L28-Bol5 L7-Iws7 L18-Pcx8 L29-Rce6 L8-Zck4 L19-Qgq3 L30-Xyw5 L9-Ieo4 L20-Gmq8 L31-Fxh4 L10-Csk1 L21-Rs_1 L32-Sjp7 L11-Zh_8 L22-Var5 L33-Tjx0
L1-Rd_0 L12-A_w0 L23-Ivo8 L34-O_p2 L2-Zjw8 L13-Ddb0 L24-Oeg1 L35-Nys0 L3-Zcl3 L14-Yyg8 L25-Jjk2 L36-Eoj3 L4-Dop7 L15-Nfk6 L26-Mkr9 L37-Uen2 L5-Uup3 L16-Euu5 L27-Pgw2 L38-Xso0 L6-Ejc0 L17-Ql_0 L28-Ous4 L39-Bol5 L7-Vym6 L18-Iws7 L29-Pcx8 L40-Rce6 L8-Dig3 L19-Zck4 L30-Qgq3 L41-Xyw5 L9-Iok5 L20-Ieo4 L31-Gmq8 L42-Fxh4 L10-Kvt6 L21-Csk1 L32-Rs_1 L43-Sjp7 L11-D_h6 L22-Zh_8 L33-Var5 L44-Tjx0
L1-Sg_1 L12-Rd_0 L23-A_w0 L34-Ivo8 L45-O_p2 L2-Ygk8 L13-Zjw8 L24-Ddb0 L35-Oeg1 L46-Nys0 L3-Tpr5 L14-Zcl3 L25-Yyg8 L36-Jjk2 L47-Eoj3 L4-Mxx8 L15-Dop7 L26-Nfk6 L37-Mkr9 L48-Uen2 L5-Eel2 L16-Uup3 L27-Euu5 L38-Pgw2 L49-Xso0 L6-Soi1 L17-Ejc0 L28-Ql_0 L39-Ous4 L50-Bol5 L7-W_l3 L18-Vym6 L29-Iws7 L40-Pcx8 L51-Rce6 L8-Dvv3 L19-Dig3 L30-Zck4 L41-Qgq3 L52-Xyw5 L9-Gcy4 L20-Iok5 L31-Ieo4 L42-Gmq8 L53-Fxh4 L10-A_e1 L21-Kvt6 L32-Csk1 L43-Rs_1 L54-Sjp7 L11-Uq_1 L22-D_h6 L33-Zh_8 L44-Var5 L55-Tjx0
L1-Kwd1 L12-Sg_1 L23-Rd_0 L34-A_w0 L45-Ivo8 L56-O_p2 L2-V_x0 L13-Ygk8 L24-Zjw8 L35-Ddb0 L46-Oeg1 L57-Nys0 L3-Nrp6 L14-Tpr5 L25-Zcl3 L36-Yyg8 L47-Jjk2 L58-Eoj3 L4-Rdt3 L15-Mxx8 L26-Dop7 L37-Nfk6 L48-Mkr9 L59-Uen2 L5-Iww8 L16-Eel2 L27-Uup3 L38-Euu5 L49-Pgw2 L60-Xso0 L6-Pog2 L17-Soi1 L28-Ejc0 L39-Ql_0 L50-Ous4 L61-Bol5 L7-Jxj8 L18-W_l3 L29-Vym6 L40-Iws7 L51-Pcx8 L62-Rce6 L8-Ukc5 L19-Dvv3 L30-Dig3 L41-Zck4 L52-Qgq3 L63-Xyw5 L9-Uhz4 L20-Gcy4 L31-Iok5 L42-Ieo4 L53-Gmq8 L64-Fxh4 L10-Irm8 L21-A_e1 L32-Kvt6 L43-Csk1 L54-Rs_1 L65-Sjp7 L11-Z_z9 L22-Uq_1 L33-D_h6 L44-Zh_8 L55-Var5 L66-Tjx0
L1-U_u2 L12-Kwd1 L23-Sg_1 L34-Rd_0 L45-A_w0 L56-Ivo8 L67-O_p2 L2-Cqu5 L13-V_x0 L24-Ygk8 L35-Zjw8 L46-Ddb0 L57-Oeg1 L68-Nys0 L3-Jxd7 L14-Nrp6 L25-Tpr5 L36-Zcl3 L47-Yyg8 L58-Jjk2 L69-Eoj3 L4-Orr5 L15-Rdt3 L26-Mxx8 L37-Dop7 L48-Nfk6 L59-Mkr9 L70-Uen2 L5-Sdm9 L16-Iww8 L27-Eel2 L38-Uup3 L49-Euu5 L60-Pgw2 L71-Xso0 L6-Vxm6 L17-Pog2 L28-Soi1 L39-Ejc0 L50-Ql_0 L61-Ous4 L72-Bol5 L7-Aar3 L18-Jxj8 L29-W_l3 L40-Vym6 L51-Iws7 L62-Pcx8 L73-Rce6 L8-Svu0 L19-Ukc5 L30-Dvv3 L41-Dig3 L52-Zck4 L63-Qgq3 L74-Xyw5 L9-Esa2 L20-Uhz4 L31-Gcy4 L42-Iok5 L53-Ieo4 L64-Gmq8 L75-Fxh4 L10-Iar6 L21-Irm8 L32-A_e1 L43-Kvt6 L54-Csk1 L65-Rs_1 L76-Sjp7 L11-Gtf9 L22-Z_z9 L33-Uq_1 L44-D_h6 L55-Zh_8 L66-Var5 L77-Tjx0
L1-Wyc3 L12-U_u2 L23-Kwd1 L34-Sg_1 L45-Rd_0 L56-A_w0 L67-Ivo8 L78-O_p2 L2-Qdz0 L13-Cqu5 L24-V_x0 L35-Ygk8 L46-Zjw8 L57-Ddb0 L68-Oeg1 L79-Nys0 L3-Tjc7 L14-Jxd7 L25-Nrp6 L36-Tpr5 L47-Zcl3 L58-Yyg8 L69-Jjk2 L80-Eoj3 L4-Ktq0 L15-Orr5 L26-Rdt3 L37-Mxx8 L48-Dop7 L59-Nfk6 L70-Mkr9 L81-Uen2 L5-Fzq8 L16-Sdm9 L27-Iww8 L38-Eel2 L49-Uup3 L60-Euu5 L71-Pgw2 L82-Xso0 L6-Pty3 L17-Vxm6 L28-Pog2 L39-Soi1 L50-Ejc0 L61-Ql_0 L72-Ous4 L83-Bol5 L7-Tfl4 L18-Aar3 L29-Jxj8 L40-W_l3 L51-Vym6 L62-Iws7 L73-Pcx8 L84-Rce6 L8-I_r1 L19-Svu0 L30-Ukc5 L41-Dvv3 L52-Dig3 L63-Zck4 L74-Qgq3 L85-Xyw5 L9-Jlg8 L20-Esa2 L31-Uhz4 L42-Gcy4 L53-Iok5 L64-Ieo4 L75-Gmq8 L86-Fxh4 L10-Ege7 L21-Iar6 L32-Irm8 L43-A_e1 L54-Kvt6 L65-Csk1 L76-Rs_1 L87-Sjp7 L11-Ptt3 L22-Gtf9 L33-Z_z9 L44-Uq_1 L55-D_h6 L66-Zh_8 L77-Var5 L88-Tjx0
L1-Zss6 L12-Wyc3 L23-U_u2 L34-Kwd1 L45-Sg_1 L56-Rd_0 L67-A_w0 L78-Ivo8 L89-O_p2 L2-Jik9 L13-Qdz0 L24-Cqu5 L35-V_x0 L46-Ygk8 L57-Zjw8 L68-Ddb0 L79-Oeg1 L90-Nys0 L3-Rlf8 L14-Tjc7 L25-Jxd7 L36-Nrp6 L47-Tpr5 L58-Zcl3 L69-Yyg8 L80-Jjk2 L91-Eoj3 L4-Ajz5 L15-Ktq0 L26-Orr5 L37-Rdt3 L48-Mxx8 L59-Dop7 L70-Nfk6 L81-Mkr9 L92-Uen2 L5-Dli2 L16-Fzq8 L27-Sdm9 L38-Iww8 L49-Eel2 L60-Uup3 L71-Euu5 L82-Pgw2 L93-Xso0 L6-P_c3 L17-Pty3 L28-Vxm6 L39-Pog2 L50-Soi1 L61-Ejc0 L72-Ql_0 L83-Ous4 L94-Bol5 L7-F_s4 L18-Tfl4 L29-Aar3 L40-Jxj8 L51-W_l3 L62-Vym6 L73-Iws7 L84-Pcx8 L95-Rce6 L8-V_y7 L19-I_r1 L30-Svu0 L41-Ukc5 L52-Dvv3 L63-Dig3 L74-Zck4 L85-Qgq3 L96-Xyw5 L9-Ttf8 L20-Jlg8 L31-Esa2 L42-Uhz4 L53-Gcy4 L64-Iok5 L75-Ieo4 L86-Gmq8 L97-Fxh4 L10-Fxv4 L21-Ege7 L32-Iar6 L43-Irm8 L54-A_e1 L65-Kvt6 L76-Csk1 L87-Rs_1 L98-Sjp7 L11-Gvb4 L22-Ptt3 L33-Gtf9 L44-Z_z9 L55-Uq_1 L66-D_h6 L77-Zh_8 L88-Var5 L99-Tjx0
L1-Gdq1 L12-Zss6 L23-Wyc3 L34-U_u2 L45-Kwd1 L56-Sg_1 L67-Rd_0 L78-A_w0 L89-Ivo8 L100-O_p2 L2-Pw_7 L13-Jik9 L24-Qdz0 L35-Cqu5 L46-V_x0 L57-Ygk8 L68-Zjw8 L79-Ddb0 L90-Oeg1 L101-Nys0 L3-Ovj6 L14-Rlf8 L25-Tjc7 L36-Jxd7 L47-Nrp6 L58-Tpr5 L69-Zcl3 L80-Yyg8 L91-Jjk2 L102-Eoj3 L4-Xwm5 L15-Ajz5 L26-Ktq0 L37-Orr5 L48-Rdt3 L59-Mxx8 L70-Dop7 L81-Nfk6 L92-Mkr9 L103-Uen2 L5-Stf4 L16-Dli2 L27-Fzq8 L38-Sdm9 L49-Iww8 L60-Eel2 L71-Uup3 L82-Euu5 L93-Pgw2 L104-Xso0 L6-Uru9 L17-P_c3 L28-Pty3 L39-Vxm6 L50-Pog2 L61-Soi1 L72-Ejc0 L83-Ql_0 L94-Ous4 L105-Bol5 L7-Zb_0 L18-F_s4 L29-Tfl4 L40-Aar3 L51-Jxj8 L62-W_l3 L73-Vym6 L84-Iws7 L95-Pcx8 L106-Rce6 L8-Gna6 L19-V_y7 L30-I_r1 L41-Svu0 L52-Ukc5 L63-Dvv3 L74-Dig3 L85-Zck4 L96-Qgq3 L107-Xyw5 L9-Nbe5 L20-Ttf8 L31-Jlg8 L42-Esa2 L53-Uhz4 L64-Gcy4 L75-Iok5 L86-Ieo4 L97-Gmq8 L108-Fxh4 L10-Phb2 L21-Fxv4 L32-Ege7 L43-Iar6 L54-Irm8 L65-A_e1 L76-Kvt6 L87-Csk1 L98-Rs_1 L109-Sjp7 L11-Aoo2 L22-Gvb4 L33-Ptt3 L44-Gtf9 L55-Z_z9 L66-Uq_1 L77-D_h6 L88-Zh_8 L99-Var5 L110-Tjx0
L1-Rxd9 L12-Gdq1 L23-Zss6 L34-Wyc3 L45-U_u2 L56-Kwd1 L67-Sg_1 L78-Rd_0 L89-A_w0 L100-Ivo8 L111-O_p2 L2-Zfd9 L13-Pw_7 L24-Jik9 L35-Qdz0 L46-Cqu5 L57-V_x0 L68-Ygk8 L79-Zjw8 L90-Ddb0 L101-Oeg1 L112-Nys0 L3-Xnh4 L14-Ovj6 L25-Rlf8 L36-Tjc7 L47-Jxd7 L58-Nrp6 L69-Tpr5 L80-Zcl3 L91-Yyg8 L102-Jjk2 L113-Eoj3 L4-Y_y6 L15-Xwm5 L26-Ajz5 L37-Ktq0 L48-Orr5 L59-Rdt3 L70-Mxx8 L81-Dop7 L92-Nfk6 L103-Mkr9 L114-Uen2 L5-Iwd2 L16-Stf4 L27-Dli2 L38-Fzq8 L49-Sdm9 L60-Iww8 L71-Eel2 L82-Uup3 L93-Euu5 L104-Pgw2 L115-Xso0 L6-Abe0 L17-Uru9 L28-P_c3 L39-Pty3 L50-Vxm6 L61-Pog2 L72-Soi1 L83-Ejc0 L94-Ql_0 L105-Ous4 L116-Bol5 L7-Asu7 L18-Zb_0 L29-F_s4 L40-Tfl4 L51-Aar3 L62-Jxj8 L73-W_l3 L84-Vym6 L95-Iws7 L106-Pcx8 L117-Rce6 L8-Oyo7 L19-Gna6 L30-V_y7 L41-I_r1 L52-Svu0 L63-Ukc5 L74-Dvv3 L85-Dig3 L96-Zck4 L107-Qgq3 L118-Xyw5 L9-Iuk7 L20-Nbe5 L31-Ttf8 L42-Jlg8 L53-Esa2 L64-Uhz4 L75-Gcy4 L86-Iok5 L97-Ieo4 L108-Gmq8 L119-Fxh4 L10-Uzf3 L21-Phb2 L32-Fxv4 L43-Ege7 L54-Iar6 L65-Irm8 L76-A_e1 L87-Kvt6 L98-Csk1 L109-Rs_1 L120-Sjp7 L11-Yb_3 L22-Aoo2 L33-Gvb4 L44-Ptt3 L55-Gtf9 L66-Z_z9 L77-Uq_1 L88-D_h6 L99-Zh_8 L110-Var5 L121-Tjx0
L1-Pql7 L12-Rxd9 L23-Gdq1 L34-Zss6 L45-Wyc3 L56-U_u2 L67-Kwd1 L78-Sg_1 L89-Rd_0 L100-A_w0 L111-Ivo8 L122-O_p2 L2-Qnw2 L13-Zfd9 L24-Pw_7 L35-Jik9 L46-Qdz0 L57-Cqu5 L68-V_x0 L79-Ygk8 L90-Zjw8 L101-Ddb0 L112-Oeg1 L123-Nys0 L3-Vhd9 L14-Xnh4 L25-Ovj6 L36-Rlf8 L47-Tjc7 L58-Jxd7 L69-Nrp6 L80-Tpr5 L91-Zcl3 L102-Yyg8 L113-Jjk2 L124-Eoj3 L4-Bgn0 L15-Y_y6 L26-Xwm5 L37-Ajz5 L48-Ktq0 L59-Orr5 L70-Rdt3 L81-Mxx8 L92-Dop7 L103-Nfk6 L114-Mkr9 L125-Uen2 L5-Iyc0 L16-Iwd2 L27-Stf4 L38-Dli2 L49-Fzq8 L60-Sdm9 L71-Iww8 L82-Eel2 L93-Uup3 L104-Euu5 L115-Pgw2 L126-Xso0 L6-W_s2 L17-Abe0 L28-Uru9 L39-P_c3 L50-Pty3 L61-Vxm6 L72-Pog2 L83-Soi1 L94-Ejc0 L105-Ql_0 L116-Ous4 L127-Bol5 L7-Ezc8 L18-Asu7 L29-Zb_0 L40-F_s4 L51-Tfl4 L62-Aar3 L73-Jxj8 L84-W_l3 L95-Vym6 L106-Iws7 L117-Pcx8 L128-Rce6 L8-Dfh4 L19-Oyo7 L30-Gna6 L41-V_y7 L52-I_r1 L63-Svu0 L74-Ukc5 L85-Dvv3 L96-Dig3 L107-Zck4 L118-Qgq3 L129-Xyw5 L9-Box9 L20-Iuk7 L31-Nbe5 L42-Ttf8 L53-Jlg8 L64-Esa2 L75-Uhz4 L86-Gcy4 L97-Iok5 L108-Ieo4 L119-Gmq8 L130-Fxh4 L10-Ung7 L21-Uzf3 L32-Phb2 L43-Fxv4 L54-Ege7 L65-Iar6 L76-Irm8 L87-A_e1 L98-Kvt6 L109-Csk1 L120-Rs_1 L131-Sjp7 L11-Gcp6 L22-Yb_3 L33-Aoo2 L44-Gvb4 L55-Ptt3 L66-Gtf9 L77-Z_z9 L88-Uq_1 L99-D_h6 L110-Zh_8 L121-Var5 L132-Tjx0
L1-Ajb8 L12-Pql7 L23-Rxd9 L34-Gdq1 L45-Zss6 L56-Wyc3 L67-U_u2 L78-Kwd1 L89-Sg_1 L100-Rd_0 L111-A_w0 L122-Ivo8 L133-O_p2 L2-Tog4 L13-Qnw2 L24-Zfd9 L35-Pw_7 L46-Jik9 L57-Qdz0 L68-Cqu5 L79-V_x0 L90-Ygk8 L101-Zjw8 L112-Ddb0 L123-Oeg1 L134-Nys0 L3-Rvm2 L14-Vhd9 L25-Xnh4 L36-Ovj6 L47-Rlf8 L58-Tjc7 L69-Jxd7 L80-Nrp6 L91-Tpr5 L102-Zcl3 L113-Yyg8 L124-Jjk2 L135-Eoj3 L4-Hrk9 L15-Bgn0 L26-Y_y6 L37-Xwm5 L48-Ajz5 L59-Ktq0 L70-Orr5 L81-Rdt3 L92-Mxx8 L103-Dop7 L114-Nfk6 L125-Mkr9 L136-Uen2 L5-F__0 L16-Iyc0 L27-Iwd2 L38-Stf4 L49-Dli2 L60-Fzq8 L71-Sdm9 L82-Iww8 L93-Eel2 L104-Uup3 L115-Euu5 L126-Pgw2 L137-Xso0 L6-Ppz8 L17-W_s2 L28-Abe0 L39-Uru9 L50-P_c3 L61-Pty3 L72-Vxm6 L83-Pog2 L94-Soi1 L105-Ejc0 L116-Ql_0 L127-Ous4 L138-Bol5 L7-Psx9 L18-Ezc8 L29-Asu7 L40-Zb_0 L51-F_s4 L62-Tfl4 L73-Aar3 L84-Jxj8 L95-W_l3 L106-Vym6 L117-Iws7 L128-Pcx8 L139-Rce6 L8-Wc_1 L19-Dfh4 L30-Oyo7 L41-Gna6 L52-V_y7 L63-I_r1 L74-Svu0 L85-Ukc5 L96-Dvv3 L107-Dig3 L118-Zck4 L129-Qgq3 L140-Xyw5 L9-Qvn5 L20-Box9 L31-Iuk7 L42-Nbe5 L53-Ttf8 L64-Jlg8 L75-Esa2 L86-Uhz4 L97-Gcy4 L108-Iok5 L119-Ieo4 L130-Gmq8 L141-Fxh4 L10-Cxm2 L21-Ung7 L32-Uzf3 L43-Phb2 L54-Fxv4 L65-Ege7 L76-Iar6 L87-Irm8 L98-A_e1 L109-Kvt6 L120-Csk1 L131-Rs_1 L142-Sjp7 L11-Azy8 L22-Gcp6 L33-Yb_3 L44-Aoo2 L55-Gvb4 L66-Ptt3 L77-Gtf9 L88-Z_z9 L99-Uq_1 L110-D_h6 L121-Zh_8 L132-Var5 L143-Tjx0
L1-Ssx5 L12-Ajb8 L23-Pql7 L34-Rxd9 L45-Gdq1 L56-Zss6 L67-Wyc3 L78-U_u2 L89-Kwd1 L100-Sg_1 L111-Rd_0 L122-A_w0 L133-Ivo8 L144-O_p2 L2-A_z4 L13-Tog4 L24-Qnw2 L35-Zfd9 L46-Pw_7 L57-Jik9 L68-Qdz0 L79-Cqu5 L90-V_x0 L101-Ygk8 L112-Zjw8 L123-Ddb0 L134-Oeg1 L145-Nys0 L3-Ety8 L14-Rvm2 L25-Vhd9 L36-Xnh4 L47-Ovj6 L58-Rlf8 L69-Tjc7 L80-Jxd7 L91-Nrp6 L102-Tpr5 L113-Zcl3 L124-Yyg8 L135-Jjk2 L146-Eoj3 L4-S__0 L15-Hrk9 L26-Bgn0 L37-Y_y6 L48-Xwm5 L59-Ajz5 L70-Ktq0 L81-Orr5 L92-Rdt3 L103-Mxx8 L114-Dop7 L125-Nfk6 L136-Mkr9 L147-Uen2 L5-Wwc5 L16-F__0 L27-Iyc0 L38-Iwd2 L49-Stf4 L60-Dli2 L71-Fzq8 L82-Sdm9 L93-Iww8 L104-Eel2 L115-Uup3 L126-Euu5 L137-Pgw2 L148-Xso0 L6-V_w7 L17-Ppz8 L28-W_s2 L39-Abe0 L50-Uru9 L61-P_c3 L72-Pty3 L83-Vxm6 L94-Pog2 L105-Soi1 L116-Ejc0 L127-Ql_0 L138-Ous4 L149-Bol5 L7-Gao4 L18-Psx9 L29-Ezc8 L40-Asu7 L51-Zb_0 L62-F_s4 L73-Tfl4 L84-Aar3 L95-Jxj8 L106-W_l3 L117-Vym6 L128-Iws7 L139-Pcx8 L150-Rce6 L8-Blm6 L19-Wc_1 L30-Dfh4 L41-Oyo7 L52-Gna6 L63-V_y7 L74-I_r1 L85-Svu0 L96-Ukc5 L107-Dvv3 L118-Dig3 L129-Zck4 L140-Qgq3 L151-Xyw5 L9-Vzs6 L20-Qvn5 L31-Box9 L42-Iuk7 L53-Nbe5 L64-Ttf8 L75-Jlg8 L86-Esa2 L97-Uhz4 L108-Gcy4 L119-Iok5 L130-Ieo4 L141-Gmq8 L152-Fxh4 L10-V_p6 L21-Cxm2 L32-Ung7 L43-Uzf3 L54-Phb2 L65-Fxv4 L76-Ege7 L87-Iar6 L98-Irm8 L109-A_e1 L120-Kvt6 L131-Csk1 L142-Rs_1 L153-Sjp7 L11-Bqh5 L22-Azy8 L33-Gcp6 L44-Yb_3 L55-Aoo2 L66-Gvb4 L77-Ptt3 L88-Gtf9 L99-Z_z9 L110-Uq_1 L121-D_h6 L132-Zh_8 L143-Var5 L154-Tjx0
L1-Klp6 L12-Ssx5 L23-Ajb8 L34-Pql7 L45-Rxd9 L56-Gdq1 L67-Zss6 L78-Wyc3 L89-U_u2 L100-Kwd1 L111-Sg_1 L122-Rd_0 L133-A_w0 L144-Ivo8 L2-Ult4 L13-A_z4 L24-Tog4 L35-Qnw2 L46-Zfd9 L57-Pw_7 L68-Jik9 L79-Qdz0 L90-Cqu5 L101-V_x0 L112-Ygk8 L123-Zjw8 L134-Ddb0 L145-Oeg1 L3-Kjb0 L14-Ety8 L25-Rvm2 L36-Vhd9 L47-Xnh4 L58-Ovj6 L69-Rlf8 L80-Tjc7 L91-Jxd7 L102-Nrp6 L113-Tpr5 L124-Zcl3 L135-Yyg8 L146-Jjk2 L4-Ndz1 L15-S__0 L26-Hrk9 L37-Bgn0 L48-Y_y6 L59-Xwm5 L70-Ajz5 L81-Ktq0 L92-Orr5 L103-Rdt3 L114-Mxx8 L125-Dop7 L136-Nfk6 L147-Mkr9 L5-Yow1 L16-Wwc5 L27-F__0 L38-Iyc0 L49-Iwd2 L60-Stf4 L71-Dli2 L82-Fzq8 L93-Sdm9 L104-Iww8 L115-Eel2 L126-Uup3 L137-Euu5 L148-Pgw2 L6-Pct3 L17-V_w7 L28-Ppz8 L39-W_s2 L50-Abe0 L61-Uru9 L72-P_c3 L83-Pty3 L94-Vxm6 L105-Pog2 L116-Soi1 L127-Ejc0 L138-Ql_0 L149-Ous4 L7-Tsf2 L18-Gao4 L29-Psx9 L40-Ezc8 L51-Asu7 L62-Zb_0 L73-F_s4 L84-Tfl4 L95-Aar3 L106-Jxj8 L117-W_l3 L128-Vym6 L139-Iws7 L150-Pcx8 L8-Fzv5 L19-Blm6 L30-Wc_1 L41-Dfh4 L52-Oyo7 L63-Gna6 L74-V_y7 L85-I_r1 L96-Svu0 L107-Ukc5 L118-Dvv3 L129-Dig3 L140-Zck4 L151-Qgq3 L9-H__4 L20-Vzs6 L31-Qvn5 L42-Box9 L53-Iuk7 L64-Nbe5 L75-Ttf8 L86-Jlg8 L97-Esa2 L108-Uhz4 L119-Gcy4 L130-Iok5 L141-Ieo4 L152-Gmq8 L155-Fxh4 L10-Tjl2 L21-V_p6 L32-Cxm2 L43-Ung7 L54-Uzf3 L65-Phb2 L76-Fxv4 L87-Ege7 L98-Iar6 L109-Irm8 L120-A_e1 L131-Kvt6 L142-Csk1 L153-Rs_1 L156-Sjp7 L11-Koa5 L22-Bqh5 L33-Azy8 L44-Gcp6 L55-Yb_3 L66-Aoo2 L77-Gvb4 L88-Ptt3 L99-Gtf9 L110-Z_z9 L121-Uq_1 L132-D_h6 L143-Zh_8 L154-Var5 L157-Tjx0
L1-F_l8 L12-Klp6 L23-Ssx5 L34-Ajb8 L45-Pql7 L56-Rxd9 L67-Gdq1 L78-Zss6 L89-Wyc3 L100-U_u2 L111-Kwd1 L122-Sg_1 L133-Rd_0 L144-A_w0 L2-Mgj3 L13-Ult4 L24-A_z4 L35-Tog4 L46-Qnw2 L57-Zfd9 L68-Pw_7 L79-Jik9 L90-Qdz0 L101-Cqu5 L112-V_x0 L123-Ygk8 L134-Zjw8 L145-Ddb0 L3-Rsy1 L14-Kjb0 L25-Ety8 L36-Rvm2 L47-Vhd9 L58-Xnh4 L69-Ovj6 L80-Rlf8 L91-Tjc7 L102-Jxd7 L113-Nrp6 L124-Tpr5 L135-Zcl3 L146-Yyg8 L4-Oxg8 L15-Ndz1 L26-S__0 L37-Hrk9 L48-Bgn0 L59-Y_y6 L70-Xwm5 L81-Ajz5 L92-Ktq0 L103-Orr5 L114-Rdt3 L125-Mxx8 L136-Dop7 L147-Nfk6 L5-Cpu7 L16-Yow1 L27-Wwc5 L38-F__0 L49-Iyc0 L60-Iwd2 L71-Stf4 L82-Dli2 L93-Fzq8 L104-Sdm9 L115-Iww8 L126-Eel2 L137-Uup3 L148-Euu5 L6-Frr7 L17-Pct3 L28-V_w7 L39-Ppz8 L50-W_s2 L61-Abe0 L72-Uru9 L83-P_c3 L94-Pty3 L105-Vxm6 L116-Pog2 L127-Soi1 L138-Ejc0 L149-Ql_0 L7-Ofh3 L18-Tsf2 L29-Gao4 L40-Psx9 L51-Ezc8 L62-Asu7 L73-Zb_0 L84-F_s4 L95-Tfl4 L106-Aar3 L117-Jxj8 L128-W_l3 L139-Vym6 L150-Iws7 L8-Tmu4 L19-Fzv5 L30-Blm6 L41-Wc_1 L52-Dfh4 L63-Oyo7 L74-Gna6 L85-V_y7 L96-I_r1 L107-Svu0 L118-Ukc5 L129-Dvv3 L140-Dig3 L151-Zck4 L9-Hsp5 L20-H__4 L31-Vzs6 L42-Qvn5 L53-Box9 L64-Iuk7 L75-Nbe5 L86-Ttf8 L97-Jlg8 L108-Esa2 L119-Uhz4 L130-Gcy4 L141-Iok5 L152-Ieo4 L155-Gmq8 L10-Ixn3 L21-Tjl2 L32-V_p6 L43-Cxm2 L54-Ung7 L65-Uzf3 L76-Phb2 L87-Fxv4 L98-Ege7 L109-Iar6 L120-Irm8 L131-A_e1 L142-Kvt6 L153-Csk1 L156-Rs_1 L11-Gnq9 L22-Koa5 L33-Bqh5 L44-Azy8 L55-Gcp6 L66-Yb_3 L77-Aoo2 L88-Gvb4 L99-Ptt3 L110-Gtf9 L121-Z_z9 L132-Uq_1 L143-D_h6 L154-Zh_8 L157-Var5
L1-Pb_8 L12-F_l8 L23-Klp6 L34-Ssx5 L45-Ajb8 L56-Pql7 L67-Rxd9 L78-Gdq1 L89-Zss6 L100-Wyc3 L111-U_u2 L122-Kwd1 L133-Sg_1 L144-Rd_0 L2-Zxy0 L13-Mgj3 L24-Ult4 L35-A_z4 L46-Tog4 L57-Qnw2 L68-Zfd9 L79-Pw_7 L90-Jik9 L101-Qdz0 L112-Cqu5 L123-V_x0 L134-Ygk8 L145-Zjw8 L3-Oox3 L14-Rsy1 L25-Kjb0 L36-Ety8 L47-Rvm2 L58-Vhd9 L69-Xnh4 L80-Ovj6 L91-Rlf8 L102-Tjc7 L113-Jxd7 L124-Nrp6 L135-Tpr5 L146-Zcl3 L4-Tep4 L15-Oxg8 L26-Ndz1 L37-S__0 L48-Hrk9 L59-Bgn0 L70-Y_y6 L81-Xwm5 L92-Ajz5 L103-Ktq0 L114-Orr5 L125-Rdt3 L136-Mxx8 L147-Dop7 L5-Haz4 L16-Cpu7 L27-Yow1 L38-Wwc5 L49-F__0 L60-Iyc0 L71-Iwd2 L82-Stf4 L93-Dli2 L104-Fzq8 L115-Sdm9 L126-Iww8 L137-Eel2 L148-Uup3 L6-Hq_7 L17-Frr7 L28-Pct3 L39-V_w7 L50-Ppz8 L61-W_s2 L72-Abe0 L83-Uru9 L94-P_c3 L105-Pty3 L116-Vxm6 L127-Pog2 L138-Soi1 L149-Ejc0 L7-Jix6 L18-Ofh3 L29-Tsf2 L40-Gao4 L51-Psx9 L62-Ezc8 L73-Asu7 L84-Zb_0 L95-F_s4 L106-Tfl4 L117-Aar3 L128-Jxj8 L139-W_l3 L150-Vym6 L8-He_1 L19-Tmu4 L30-Fzv5 L41-Blm6 L52-Wc_1 L63-Dfh4 L74-Oyo7 L85-Gna6 L96-V_y7 L107-I_r1 L118-Svu0 L129-Ukc5 L140-Dvv3 L151-Dig3 L9-Evy8 L20-Hsp5 L31-H__4 L42-Vzs6 L53-Qvn5 L64-Box9 L75-Iuk7 L86-Nbe5 L97-Ttf8 L108-Jlg8 L119-Esa2 L130-Uhz4 L141-Gcy4 L152-Iok5 L155-Ieo4 L10-Qyv9 L21-Ixn3 L32-Tjl2 L43-V_p6 L54-Cxm2 L65-Ung7 L76-Uzf3 L87-Phb2 L98-Fxv4 L109-Ege7 L120-Iar6 L131-Irm8 L142-A_e1 L153-Kvt6 L156-Csk1 L22-Gnq9 L33-Koa5 L44-Bqh5 L55-Azy8 L66-Gcp6 L77-Yb_3 L88-Aoo2 L99-Gvb4 L110-Ptt3 L121-Gtf9 L132-Z_z9 L143-Uq_1 L154-D_h6 L157-Zh_8
L1-Byl4 L12-Pb_8 L23-F_l8 L34-Klp6 L45-Ssx5 L56-Ajb8 L67-Pql7 L78-Rxd9 L89-Gdq1 L100-Zss6 L111-Wyc3 L122-U_u2 L133-Kwd1 L144-Sg_1 L2-Izc5 L13-Zxy0 L24-Mgj3 L35-Ult4 L46-A_z4 L57-Tog4 L68-Qnw2 L79-Zfd9 L90-Pw_7 L101-Jik9 L112-Qdz0 L123-Cqu5 L134-V_x0 L145-Ygk8 L3-Zon5 L14-Oox3 L25-Rsy1 L36-Kjb0 L47-Ety8 L58-Rvm2 L69-Vhd9 L80-Xnh4 L91-Ovj6 L102-Rlf8 L113-Tjc7 L124-Jxd7 L135-Nrp6 L146-Tpr5 L4-K_m2 L15-Tep4 L26-Oxg8 L37-Ndz1 L48-S__0 L59-Hrk9 L70-Bgn0 L81-Y_y6 L92-Xwm5 L103-Ajz5 L114-Ktq0 L125-Orr5 L136-Rdt3 L147-Mxx8 L5-Gow0 L16-Haz4 L27-Cpu7 L38-Yow1 L49-Wwc5 L60-F__0 L71-Iyc0 L82-Iwd2 L93-Stf4 L104-Dli2 L115-Fzq8 L126-Sdm9 L137-Iww8 L148-Eel2 L6-Afr5 L17-Hq_7 L28-Frr7 L39-Pct3 L50-V_w7 L61-Ppz8 L72-W_s2 L83-Abe0 L94-Uru9 L105-P_c3 L116-Pty3 L127-Vxm6 L138-Pog2 L149-Soi1 L7-Nsj3 L18-Jix6 L29-Ofh3 L40-Tsf2 L51-Gao4 L62-Psx9 L73-Ezc8 L84-Asu7 L95-Zb_0 L106-F_s4 L117-Tfl4 L128-Aar3 L139-Jxj8 L150-W_l3 L8-Pko5 L19-He_1 L30-Tmu4 L41-Fzv5 L52-Blm6 L63-Wc_1 L74-Dfh4 L85-Oyo7 L96-Gna6 L107-V_y7 L118-I_r1 L129-Svu0 L140-Ukc5 L151-Dvv3 L9-Vj_4 L20-Evy8 L31-Hsp5 L42-H__4 L53-Vzs6 L64-Qvn5 L75-Box9 L86-Iuk7 L97-Nbe5 L108-Ttf8 L119-Jlg8 L130-Esa2 L141-Uhz4 L152-Gcy4 L155-Iok5 L10-Gnq9 L21-Qyv9 L32-Ixn3 L43-Tjl2 L54-V_p6 L65-Cxm2 L76-Ung7 L87-Uzf3 L98-Phb2 L109-Fxv4 L120-Ege7 L131-Iar6 L142-Irm8 L153-A_e1 L156-Kvt6 L33-Gnq9 L44-Koa5 L55-Bqh5 L66-Azy8 L77-Gcp6 L88-Yb_3 L99-Aoo2 L110-Gvb4 L121-Ptt3 L132-Gtf9 L143-Z_z9 L154-Uq_1 L157-D_h6
L1-Eqc6 L12-Byl4 L23-Pb_8 L34-F_l8 L45-Klp6 L56-Ssx5 L67-Ajb8 L78-Pql7 L89-Rxd9 L100-Gdq1 L111-Zss6 L122-Wyc3 L133-U_u2 L144-Kwd1 L2-Rqi4 L13-Izc5 L24-Zxy0 L35-Mgj3 L46-Ult4 L57-A_z4 L68-Tog4 L79-Qnw2 L90-Zfd9 L101-Pw_7 L112-Jik9 L123-Qdz0 L134-Cqu5 L145-V_x0 L3-Oto1 L14-Zon5 L25-Oox3 L36-Rsy1 L47-Kjb0 L58-Ety8 L69-Rvm2 L80-Vhd9 L91-Xnh4 L102-Ovj6 L113-Rlf8 L124-Tjc7 L135-Jxd7 L146-Nrp6 L4-Ig_0 L15-K_m2 L26-Tep4 L37-Oxg8 L48-Ndz1 L59-S__0 L70-Hrk9 L81-Bgn0 L92-Y_y6 L103-Xwm5 L114-Ajz5 L125-Ktq0 L136-Orr5 L147-Rdt3 L5-Mbb6 L16-Gow0 L27-Haz4 L38-Cpu7 L49-Yow1 L60-Wwc5 L71-F__0 L82-Iyc0 L93-Iwd2 L104-Stf4 L115-Dli2 L126-Fzq8 L137-Sdm9 L148-Iww8 L6-K_d8 L17-Afr5 L28-Hq_7 L39-Frr7 L50-Pct3 L61-V_w7 L72-Ppz8 L83-W_s2 L94-Abe0 L105-Uru9 L116-P_c3 L127-Pty3 L138-Vxm6 L149-Pog2 L7-Hly6 L18-Nsj3 L29-Jix6 L40-Ofh3 L51-Tsf2 L62-Gao4 L73-Psx9 L84-Ezc8 L95-Asu7 L106-Zb_0 L117-F_s4 L128-Tfl4 L139-Aar3 L150-Jxj8 L8-Gnq9 L19-Pko5 L30-He_1 L41-Tmu4 L52-Fzv5 L63-Blm6 L74-Wc_1 L85-Dfh4 L96-Oyo7 L107-Gna6 L118-V_y7 L129-I_r1 L140-Svu0 L151-Ukc5 L9-Gnq9 L20-Vj_4 L31-Evy8 L42-Hsp5 L53-H__4 L64-Vzs6 L75-Qvn5 L86-Box9 L97-Iuk7 L108-Nbe5 L119-Ttf8 L130-Jlg8 L141-Esa2 L152-Uhz4 L155-Gcy4 L21-Gnq9 L32-Qyv9 L43-Ixn3 L54-Tjl2 L65-V_p6 L76-Cxm2 L87-Ung7 L98-Uzf3 L109-Phb2 L120-Fxv4 L131-Ege7 L142-Iar6 L153-Irm8 L156-A_e1 L44-Gnq9 L55-Koa5 L66-Bqh5 L77-Azy8 L88-Gcp6 L99-Yb_3 L110-Aoo2 L121-Gvb4 L132-Ptt3 L143-Gtf9 L154-Z_z9 L157-Uq_1
L1-Uks4 L12-Eqc6 L23-Byl4 L34-Pb_8 L45-F_l8 L56-Klp6 L67-Ssx5 L78-Ajb8 L89-Pql7 L100-Rxd9 L111-Gdq1 L122-Zss6 L133-Wyc3 L144-U_u2 L2-Pfz6 L13-Rqi4 L24-Izc5 L35-Zxy0 L46-Mgj3 L57-Ult4 L68-A_z4 L79-Tog4 L90-Qnw2 L101-Zfd9 L112-Pw_7 L123-Jik9 L134-Qdz0 L145-Cqu5 L3-E__5 L14-Oto1 L25-Zon5 L36-Oox3 L47-Rsy1 L58-Kjb0 L69-Ety8 L80-Rvm2 L91-Vhd9 L102-Xnh4 L113-Ovj6 L124-Rlf8 L135-Tjc7 L146-Jxd7 L4-Qho4 L15-Ig_0 L26-K_m2 L37-Tep4 L48-Oxg8 L59-Ndz1 L70-S__0 L81-Hrk9 L92-Bgn0 L103-Y_y6 L114-Xwm5 L125-Ajz5 L136-Ktq0 L147-Orr5 L5-Qu_3 L16-Mbb6 L27-Gow0 L38-Haz4 L49-Cpu7 L60-Yow1 L71-Wwc5 L82-F__0 L93-Iyc0 L104-Iwd2 L115-Stf4 L126-Dli2 L137-Fzq8 L148-Sdm9 L6-Gnq9 L17-K_d8 L28-Afr5 L39-Hq_7 L50-Frr7 L61-Pct3 L72-V_w7 L83-Ppz8 L94-W_s2 L105-Abe0 L116-Uru9 L127-P_c3 L138-Pty3 L149-Vxm6 L7-Gnq9 L18-Hly6 L29-Nsj3 L40-Jix6 L51-Ofh3 L62-Tsf2 L73-Gao4 L84-Psx9 L95-Ezc8 L106-Asu7 L117-Zb_0 L128-F_s4 L139-Tfl4 L150-Aar3 L19-Gnq9 L30-Pko5 L41-He_1 L52-Tmu4 L63-Fzv5 L74-Blm6 L85-Wc_1 L96-Dfh4 L107-Oyo7 L118-Gna6 L129-V_y7 L140-I_r1 L151-Svu0 L20-Gnq9 L31-Vj_4 L42-Evy8 L53-Hsp5 L64-H__4 L75-Vzs6 L86-Qvn5 L97-Box9 L108-Iuk7 L119-Nbe5 L130-Ttf8 L141-Jlg8 L152-Esa2 L155-Uhz4 L32-Gnq9 L43-Qyv9 L54-Ixn3 L65-Tjl2 L76-V_p6 L87-Cxm2 L98-Ung7 L109-Uzf3 L120-Phb2 L131-Fxv4 L142-Ege7 L153-Iar6 L156-Irm8 L55-Gnq9 L66-Koa5 L77-Bqh5 L88-Azy8 L99-Gcp6 L110-Yb_3 L121-Aoo2 L132-Gvb4 L143-Ptt3 L154-Gtf9 L157-Z_z9
L1-Bap6 L12-Uks4 L23-Eqc6 L34-Byl4 L45-Pb_8 L56-F_l8 L67-Klp6 L78-Ssx5 L89-Ajb8 L100-Pql7 L111-Rxd9 L122-Gdq1 L133-Zss6 L144-Wyc3 L2-Oae4 L13-Pfz6 L24-Rqi4 L35-Izc5 L46-Zxy0 L57-Mgj3 L68-Ult4 L79-A_z4 L90-Tog4 L101-Qnw2 L112-Zfd9 L123-Pw_7 L134-Jik9 L145-Qdz0 L3-Bid5 L14-E__5 L25-Oto1 L36-Zon5 L47-Oox3 L58-Rsy1 L69-Kjb0 L80-Ety8 L91-Rvm2 L102-Vhd9 L113-Xnh4 L124-Ovj6 L135-Rlf8 L146-Tjc7 L4-Gnq9 L15-Qho4 L26-Ig_0 L37-K_m2 L48-Tep4 L59-Oxg8 L70-Ndz1 L81-S__0 L92-Hrk9 L103-Bgn0 L114-Y_y6 L125-Xwm5 L136-Ajz5 L147-Ktq0 L5-Gnq9 L16-Qu_3 L27-Mbb6 L38-Gow0 L49-Haz4 L60-Cpu7 L71-Yow1 L82-Wwc5 L93-F__0 L104-Iyc0 L115-Iwd2 L126-Stf4 L137-Dli2 L148-Fzq8 L17-Gnq9 L28-K_d8 L39-Afr5 L50-Hq_7 L61-Frr7 L72-Pct3 L83-V_w7 L94-Ppz8 L105-W_s2 L116-Abe0 L127-Uru9 L138-P_c3 L149-Pty3 L18-Gnq9 L29-Hly6 L40-Nsj3 L51-Jix6 L62-Ofh3 L73-Tsf2 L84-Gao4 L95-Psx9 L106-Ezc8 L117-Asu7 L128-Zb_0 L139-F_s4 L150-Tfl4 L30-Gnq9 L41-Pko5 L52-He_1 L63-Tmu4 L74-Fzv5 L85-Blm6 L96-Wc_1 L107-Dfh4 L118-Oyo7 L129-Gna6 L140-V_y7 L151-I_r1 L31-Gnq9 L42-Vj_4 L53-Evy8 L64-Hsp5 L75-H__4 L86-Vzs6 L97-Qvn5 L108-Box9 L119-Iuk7 L130-Nbe5 L141-Ttf8 L152-Jlg8 L155-Esa2 L43-Gnq9 L54-Qyv9 L65-Ixn3 L76-Tjl2 L87-V_p6 L98-Cxm2 L109-Ung7 L120-Uzf3 L131-Phb2 L142-Fxv4 L153-Ege7 L156-Iar6 L66-Gnq9 L77-Koa5 L88-Bqh5 L99-Azy8 L110-Gcp6 L121-Yb_3 L132-Aoo2 L143-Gvb4 L154-Ptt3 L157-Gtf9
L1-Vm_0 L12-Bap6 L23-Uks4 L34-Eqc6 L45-Byl4 L56-Pb_8 L67-F_l8 L78-Klp6 L89-Ssx5 L100-Ajb8 L111-Pql7 L122-Rxd9 L133-Gdq1 L144-Zss6 L2-Jag8 L13-Oae4 L24-Pfz6 L35-Rqi4 L46-Izc5 L57-Zxy0 L68-Mgj3 L79-Ult4 L90-A_z4 L101-Tog4 L112-Qnw2 L123-Zfd9 L134-Pw_7 L145-Jik9 L3-Jre9 L14-Bid5 L25-E__5 L36-Oto1 L47-Zon5 L58-Oox3 L69-Rsy1 L80-Kjb0 L91-Ety8 L102-Rvm2 L113-Vhd9 L124-Xnh4 L135-Ovj6 L146-Rlf8 L15-Gnq9 L26-Qho4 L37-Ig_0 L48-K_m2 L59-Tep4 L70-Oxg8 L81-Ndz1 L92-S__0 L103-Hrk9 L114-Bgn0 L125-Y_y6 L136-Xwm5 L147-Ajz5 L16-Gnq9 L27-Qu_3 L38-Mbb6 L49-Gow0 L60-Haz4 L71-Cpu7 L82-Yow1 L93-Wwc5 L104-F__0 L115-Iyc0 L126-Iwd2 L137-Stf4 L148-Dli2 L28-Gnq9 L39-K_d8 L50-Afr5 L61-Hq_7 L72-Frr7 L83-Pct3 L94-V_w7 L105-Ppz8 L116-W_s2 L127-Abe0 L138-Uru9 L149-P_c3 L29-Gnq9 L40-Hly6 L51-Nsj3 L62-Jix6 L73-Ofh3 L84-Tsf2 L95-Gao4 L106-Psx9 L117-Ezc8 L128-Asu7 L139-Zb_0 L150-F_s4 L41-Gnq9 L52-Pko5 L63-He_1 L74-Tmu4 L85-Fzv5 L96-Blm6 L107-Wc_1 L118-Dfh4 L129-Oyo7 L140-Gna6 L151-V_y7 L42-Gnq9 L53-Vj_4 L64-Evy8 L75-Hsp5 L86-H__4 L97-Vzs6 L108-Qvn5 L119-Box9 L130-Iuk7 L141-Nbe5 L152-Ttf8 L155-Jlg8 L54-Gnq9 L65-Qyv9 L76-Ixn3 L87-Tjl2 L98-V_p6 L109-Cxm2 L120-Ung7 L131-Uzf3 L142-Phb2 L153-Fxv4 L156-Ege7 L77-Gnq9 L88-Koa5 L99-Bqh5 L110-Azy8 L121-Gcp6 L132-Yb_3 L143-Aoo2 L154-Gvb4 L157-Ptt3
L1-Eae6 L12-Vm_0 L23-Bap6 L34-Uks4 L45-Eqc6 L56-Byl4 L67-Pb_8 L78-F_l8 L89-Klp6 L100-Ssx5 L111-Ajb8 L122-Pql7 L133-Rxd9 L144-Gdq1 L2-Ker0 L13-Jag8 L24-Oae4 L35-Pfz6 L46-Rqi4 L57-Izc5 L68-Zxy0 L79-Mgj3 L90-Ult4 L101-A_z4 L112-Tog4 L123-Qnw2 L134-Zfd9 L145-Pw_7 L3-Gnq9 L14-Jre9 L25-Bid5 L36-E__5 L47-Oto1 L58-Zon5 L69-Oox3 L80-Rsy1 L91-Kjb0 L102-Ety8 L113-Rvm2 L124-Vhd9 L135-Xnh4 L146-Ovj6 L26-Gnq9 L37-Qho4 L48-Ig_0 L59-K_m2 L70-Tep4 L81-Oxg8 L92-Ndz1 L103-S__0 L114-Hrk9 L125-Bgn0 L136-Y_y6 L147-Xwm5 L27-Gnq9 L38-Qu_3 L49-Mbb6 L60-Gow0 L71-Haz4 L82-Cpu7 L93-Yow1 L104-Wwc5 L115-F__0 L126-Iyc0 L137-Iwd2 L148-Stf4 L39-Gnq9 L50-K_d8 L61-Afr5 L72-Hq_7 L83-Frr7 L94-Pct3 L105-V_w7 L116-Ppz8 L127-W_s2 L138-Abe0 L149-Uru9 L40-Gnq9 L51-Hly6 L62-Nsj3 L73-Jix6 L84-Ofh3 L95-Tsf2 L106-Gao4 L117-Psx9 L128-Ezc8 L139-Asu7 L150-Zb_0 L52-Gnq9 L63-Pko5 L74-He_1 L85-Tmu4 L96-Fzv5 L107-Blm6 L118-Wc_1 L129-Dfh4 L140-Oyo7 L151-Gna6 L53-Gnq9 L64-Vj_4 L75-Evy8 L86-Hsp5 L97-H__4 L108-Vzs6 L119-Qvn5 L130-Box9 L141-Iuk7 L152-Nbe5 L155-Ttf8 L65-Gnq9 L76-Qyv9 L87-Ixn3 L98-Tjl2 L109-V_p6 L120-Cxm2 L131-Ung7 L142-Uzf3 L153-Phb2 L156-Fxv4 L88-Gnq9 L99-Koa5 L110-Bqh5 L121-Azy8 L132-Gcp6 L143-Yb_3 L154-Aoo2 L157-Gvb4
L1-Gnq9 L12-Eae6 L23-Vm_0 L34-Bap6 L45-Uks4 L56-Eqc6 L67-Byl4 L78-Pb_8 L89-F_l8 L100-Klp6 L111-Ssx5 L122-Ajb8 L133-Pql7 L144-Rxd9 L2-Gnq9 L13-Ker0 L24-Jag8 L35-Oae4 L46-Pfz6 L57-Rqi4 L68-Izc5 L79-Zxy0 L90-Mgj3 L101-Ult4 L112-A_z4 L123-Tog4 L134-Qnw2 L145-Zfd9 L14-Gnq9 L25-Jre9 L36-Bid5 L47-E__5 L58-Oto1 L69-Zon5 L80-Oox3 L91-Rsy1 L102-Kjb0 L113-Ety8 L124-Rvm2 L135-Vhd9 L146-Xnh4 L37-Gnq9 L48-Qho4 L59-Ig_0 L70-K_m2 L81-Tep4 L92-Oxg8 L103-Ndz1 L114-S__0 L125-Hrk9 L136-Bgn0 L147-Y_y6 L38-Gnq9 L49-Qu_3 L60-Mbb6 L71-Gow0 L82-Haz4 L93-Cpu7 L104-Yow1 L115-Wwc5 L126-F__0 L137-Iyc0 L148-Iwd2 L50-Gnq9 L61-K_d8 L72-Afr5 L83-Hq_7 L94-Frr7 L105-Pct3 L116-V_w7 L127-Ppz8 L138-W_s2 L149-Abe0 L51-Gnq9 L62-Hly6 L73-Nsj3 L84-Jix6 L95-Ofh3 L106-Tsf2 L117-Gao4 L128-Psx9 L139-Ezc8 L150-Asu7 L63-Gnq9 L74-Pko5 L85-He_1 L96-Tmu4 L107-Fzv5 L118-Blm6 L129-Wc_1 L140-Dfh4 L151-Oyo7 L64-Gnq9 L75-Vj_4 L86-Evy8 L97-Hsp5 L108-H__4 L119-Vzs6 L130-Qvn5 L141-Box9 L152-Iuk7 L155-Nbe5 L76-Gnq9 L87-Qyv9 L98-Ixn3 L109-Tjl2 L120-V_p6 L131-Cxm2 L142-Ung7 L153-Uzf3 L156-Phb2 L99-Gnq9 L110-Koa5 L121-Bqh5 L132-Azy8 L143-Gcp6 L154-Yb_3 L157-Aoo2
L12-Gnq9 L23-Eae6 L34-Vm_0 L45-Bap6 L56-Uks4 L67-Eqc6 L78-Byl4 L89-Pb_8 L100-F_l8 L111-Klp6 L122-Ssx5 L133-Ajb8 L144-Pql7 L13-Gnq9 L24-Ker0 L35-Jag8 L46-Oae4 L57-Pfz6 L68-Rqi4 L79-Izc5 L90-Zxy0 L101-Mgj3 L112-Ult4 L123-A_z4 L134-Tog4 L145-Qnw2 L25-Gnq9 L36-Jre9 L47-Bid5 L58-E__5 L69-Oto1 L80-Zon5 L91-Oox3 L102-Rsy1 L113-Kjb0 L124-Ety8 L135-Rvm2 L146-Vhd9 L48-Gnq9 L59-Qho4 L70-Ig_0 L81-K_m2 L92-Tep4 L103-Oxg8 L114-Ndz1 L125-S__0 L136-Hrk9 L147-Bgn0 L49-Gnq9 L60-Qu_3 L71-Mbb6 L82-Gow0 L93-Haz4 L104-Cpu7 L115-Yow1 L126-Wwc5 L137-F__0 L148-Iyc0 L61-Gnq9 L72-K_d8 L83-Afr5 L94-Hq_7 L105-Frr7 L116-Pct3 L127-V_w7 L138-Ppz8 L149-W_s2 L62-Gnq9 L73-Hly6 L84-Nsj3 L95-Jix6 L106-Ofh3 L117-Tsf2 L128-Gao4 L139-Psx9 L150-Ezc8 L74-Gnq9 L85-Pko5 L96-He_1 L107-Tmu4 L118-Fzv5 L129-Blm6 L140-Wc_1 L151-Dfh4 L75-Gnq9 L86-Vj_4 L97-Evy8 L108-Hsp5 L119-H__4 L130-Vzs6 L141-Qvn5 L152-Box9 L155-Iuk7 L87-Gnq9 L98-Qyv9 L109-Ixn3 L120-Tjl2 L131-V_p6 L142-Cxm2 L153-Ung7 L156-Uzf3 L110-Gnq9 L121-Koa5 L132-Bqh5 L143-Azy8 L154-Gcp6 L157-Yb_3
L23-Gnq9 L34-Eae6 L45-Vm_0 L56-Bap6 L67-Uks4 L78-Eqc6 L89-Byl4 L100-Pb_8 L111-F_l8 L122-Klp6 L133-Ssx5 L144-Ajb8 L24-Gnq9 L35-Ker0 L46-Jag8 L57-Oae4 L68-Pfz6 L79-Rqi4 L90-Izc5 L101-Zxy0 L112-Mgj3 L123-Ult4 L134-A_z4 L145-Tog4 L36-Gnq9 L47-Jre9 L58-Bid5 L69-E__5 L80-Oto1 L91-Zon5 L102-Oox3 L113-Rsy1 L124-Kjb0 L135-Ety8 L146-Rvm2 L59-Gnq9 L70-Qho4 L81-Ig_0 L92-K_m2 L103-Tep4 L114-Oxg8 L125-Ndz1 L136-S__0 L147-Hrk9 L60-Gnq9 L71-Qu_3 L82-Mbb6 L93-Gow0 L104-Haz4 L115-Cpu7 L126-Yow1 L137-Wwc5 L148-F__0 L72-Gnq9 L83-K_d8 L94-Afr5 L105-Hq_7 L116-Frr7 L127-Pct3 L138-V_w7 L149-Ppz8 L73-Gnq9 L84-Hly6 L95-Nsj3 L106-Jix6 L117-Ofh3 L128-Tsf2 L139-Gao4 L150-Psx9 L85-Gnq9 L96-Pko5 L107-He_1 L118-Tmu4 L129-Fzv5 L140-Blm6 L151-Wc_1 L86-Gnq9 L97-Vj_4 L108-Evy8 L119-Hsp5 L130-H__4 L141-Vzs6 L152-Qvn5 L155-Box9 L98-Gnq9 L109-Qyv9 L120-Ixn3 L131-Tjl2 L142-V_p6 L153-Cxm2 L156-Ung7 L121-Gnq9 L132-Koa5 L143-Bqh5 L154-Azy8 L157-Gcp6
L34-Gnq9 L45-Eae6 L56-Vm_0 L67-Bap6 L78-Uks4 L89-Eqc6 L100-Byl4 L111-Pb_8 L122-F_l8 L133-Klp6 L144-Ssx5 L35-Gnq9 L46-Ker0 L57-Jag8 L68-Oae4 L79-Pfz6 L90-Rqi4 L101-Izc5 L112-Zxy0 L123-Mgj3 L134-Ult4 L145-A_z4 L47-Gnq9 L58-Jre9 L69-Bid5 L80-E__5 L91-Oto1 L102-Zon5 L113-Oox3 L124-Rsy1 L135-Kjb0 L146-Ety8 L70-Gnq9 L81-Qho4 L92-Ig_0 L103-K_m2 L114-Tep4 L125-Oxg8 L136-Ndz1 L147-S__0 L71-Gnq9 L82-Qu_3 L93-Mbb6 L104-Gow0 L115-Haz4 L126-Cpu7 L137-Yow1 L148-Wwc5 L83-Gnq9 L94-K_d8 L105-Afr5 L116-Hq_7 L127-Frr7 L138-Pct3 L149-V_w7 L84-Gnq9 L95-Hly6 L106-Nsj3 L117-Jix6 L128-Ofh3 L139-Tsf2 L150-Gao4 L96-Gnq9 L107-Pko5 L118-He_1 L129-Tmu4 L140-Fzv5 L151-Blm6 L97-Gnq9 L108-Vj_4 L119-Evy8 L130-Hsp5 L141-H__4 L152-Vzs6 L155-Qvn5 L109-Gnq9 L120-Qyv9 L131-Ixn3 L142-Tjl2 L153-V_p6 L156-Cxm2 L132-Gnq9 L143-Koa5 L154-Bqh5 L157-Azy8
L45-Gnq9 L56-Eae6 L67-Vm_0 L78-Bap6 L89-Uks4 L100-Eqc6 L111-Byl4 L122-Pb_8 L133-F_l8 L144-Klp6 L46-Gnq9 L57-Ker0 L68-Jag8 L79-Oae4 L90-Pfz6 L101-Rqi4 L112-Izc5 L123-Zxy0 L134-Mgj3 L145-Ult4 L58-Gnq9 L69-Jre9 L80-Bid5 L91-E__5 L102-Oto1 L113-Zon5 L124-Oox3 L135-Rsy1 L146-Kjb0 L81-Gnq9 L92-Qho4 L103-Ig_0 L114-K_m2 L125-Tep4 L136-Oxg8 L147-Ndz1 L82-Gnq9 L93-Qu_3 L104-Mbb6 L115-Gow0 L126-Haz4 L137-Cpu7 L148-Yow1 L94-Gnq9 L105-K_d8 L116-Afr5 L127-Hq_7 L138-Frr7 L149-Pct3 L95-Gnq9 L106-Hly6 L117-Nsj3 L128-Jix6 L139-Ofh3 L150-Tsf2 L107-Gnq9 L118-Pko5 L129-He_1 L140-Tmu4 L151-Fzv5 L108-Gnq9 L119-Vj_4 L130-Evy8 L141-Hsp5 L152-H__4 L155-Vzs6 L120-Gnq9 L131-Qyv9 L142-Ixn3 L153-Tjl2 L156-V_p6 L143-Gnq9 L154-Koa5 L157-Bqh5
L56-Gnq9 L67-Eae6 L78-Vm_0 L89-Bap6 L100-Uks4 L111-Eqc6 L122-Byl4 L133-Pb_8 L144-F_l8 L57-Gnq9 L68-Ker0 L79-Jag8 L90-Oae4 L101-Pfz6 L112-Rqi4 L123-Izc5 L134-Zxy0 L145-Mgj3 L69-Gnq9 L80-Jre9 L91-Bid5 L102-E__5 L113-Oto1 L124-Zon5 L135-Oox3 L146-Rsy1 L92-Gnq9 L103-Qho4 L114-Ig_0 L125-K_m2 L136-Tep4 L147-Oxg8 L93-Gnq9 L104-Qu_3 L115-Mbb6 L126-Gow0 L137-Haz4 L148-Cpu7 L105-Gnq9 L116-K_d8 L127-Afr5 L138-Hq_7 L149-Frr7 L106-Gnq9 L117-Hly6 L128-Nsj3 L139-Jix6 L150-Ofh3 L118-Gnq9 L129-Pko5 L140-He_1 L151-Tmu4 L119-Gnq9 L130-Vj_4 L141-Evy8 L152-Hsp5 L155-H__4 L131-Gnq9 L142-Qyv9 L153-Ixn3 L156-Tjl2 L154-Gnq9 L157-Koa5
L67-Gnq9 L78-Eae6 L89-Vm_0 L100-Bap6 L111-Uks4 L122-Eqc6 L133-Byl4 L144-Pb_8 L68-Gnq9 L79-Ker0 L90-Jag8 L101-Oae4 L112-Pfz6 L123-Rqi4 L134-Izc5 L145-Zxy0 L80-Gnq9 L91-Jre9 L102-Bid5 L113-E__5 L124-Oto1 L135-Zon5 L146-Oox3 L103-Gnq9 L114-Qho4 L125-Ig_0 L136-K_m2 L147-Tep4 L104-Gnq9 L115-Qu_3 L126-Mbb6 L137-Gow0 L148-Haz4 L116-Gnq9 L127-K_d8 L138-Afr5 L149-Hq_7 L117-Gnq9 L128-Hly6 L139-Nsj3 L150-Jix6 L129-Gnq9 L140-Pko5 L151-He_1 L130-Gnq9 L141-Vj_4 L152-Evy8 L155-Hsp5 L142-Gnq9 L153-Qyv9 L156-Ixn3 L157-Gnq9
L78-Gnq9 L89-Eae6 L100-Vm_0 L111-Bap6 L122-Uks4 L133-Eqc6 L144-Byl4 L79-Gnq9 L90-Ker0 L101-Jag8 L112-Oae4 L123-Pfz6 L134-Rqi4 L145-Izc5 L91-Gnq9 L102-Jre9 L113-Bid5 L124-E__5 L135-Oto1 L146-Zon5 L114-Gnq9 L125-Qho4 L136-Ig_0 L147-K_m2 L115-Gnq9 L126-Qu_3 L137-Mbb6 L148-Gow0 L127-Gnq9 L138-K_d8 L149-Afr5 L128-Gnq9 L139-Hly6 L150-Nsj3 L140-Gnq9 L151-Pko5 L141-Gnq9 L152-Vj_4 L155-Evy8 L153-Gnq9 L156-Qyv9
L89-Gnq9 L100-Eae6 L111-Vm_0 L122-Bap6 L133-Uks4 L144-Eqc6 L90-Gnq9 L101-Ker0 L112-Jag8 L123-Oae4 L134-Pfz6 L145-Rqi4 L102-Gnq9 L113-Jre9 L124-Bid5 L135-E__5 L146-Oto1 L125-Gnq9 L136-Qho4 L147-Ig_0 L126-Gnq9 L137-Qu_3 L148-Mbb6 L138-Gnq9 L149-K_d8 L139-Gnq9 L150-Hly6 L151-Gnq9 L152-Gnq9 L155-Vj_4 L156-Gnq9
L100-Gnq9 L111-Eae6 L122-Vm_0 L133-Bap6 L144-Uks4 L101-Gnq9 L112-Ker0 L123-Jag8 L134-Oae4 L145-Pfz6 L113-Gnq9 L124-Jre9 L135-Bid5 L146-E__5 L136-Gnq9 L147-Qho4 L137-Gnq9 L148-Qu_3 L149-Gnq9 L150-Gnq9 L155-Gnq9
L111-Gnq9 L122-Eae6 L133-Vm_0 L144-Bap6 L112-Gnq9 L123-Ker0 L134-Jag8 L145-Oae4 L124-Gnq9 L135-Jre9 L146-Bid5 L147-Gnq9 L148-Gnq9
L122-Gnq9 L133-Eae6 L144-Vm_0 L123-Gnq9 L134-Ker0 L145-Jag8 L135-Gnq9 L146-Jre9
L133-Gnq9 L144-Eae6 L134-Gnq9 L145-Ker0 L146-Gnq9
L144-Gnq9 L145-Gnq9
