15
#Here is the number of lines required: 32
##start
V_e9 2 2
##end
Cjp6 6 6
Fqh5 10 10
Fbg9 14 14
Fvl8 17 17
Uad2 20 20
Hwm9 25 25
Clo6 28 28
Kor8 32 32
Umy2 36 36
Szt6 39 39
Rlv6 42 42
Pot1 45 45
Fqd8 47 47
R_l2 51 51
Tby3 52 52
Qgz2 55 55
Olv9 59 59
Hcf5 64 64
Te_5 67 67
Ztx5 72 72
Jpt5 75 75
Mvz5 79 79
Xbf8 83 83
Ayd7 84 84
Fyq1 87 87
Gze8 90 90
Ad_8 95 95
Nm_5 97 97
Yfo9 100 100
Crh7 102 102
Khb5 107 107
Qmu5 111 111
Kmp8 114 114
Vvq4 115 115
Di_6 117 117
Z_g5 120 120
Qmb4 121 121
Wrw2 123 123
Hwb3 128 128
Ikg9 131 131
Gvk2 132 132
Kqo7 136 136
X__4 137 137
Tm_1 142 142
Xiu1 147 147
Cws6 149 149
Kaj9 152 152
Vnu9 156 156
Qwh2 160 160
Yz_0 164 164
Kkc1 166 166
Ta_0 167 167
Zdh2 168 168
Kgi6 171 171
Tvc1 175 175
Kdz8 176 176
Fos8 179 179
Urk9 181 181
Icp7 182 182
S_o4 186 186
Ygm9 191 191
Y_e9 192 192
Wvd9 194 194
Rfi2 198 198
Qec2 199 199
Dtf7 201 201
Cng2 205 205
Pju5 207 207
Vfx3 210 210
Nbs6 214 214
Pjb5 216 216
Ndu0 219 219
R_v0 221 221
Oai7 224 224
Z_c8 227 227
Ceo0 232 232
Vav8 236 236
Iqm0 240 240
Wnb1 241 241
Wtq9 244 244
Mkn4 248 248
Ffl0 250 250
J_i7 253 253
M_s3 255 255
Afe9 257 257
Mpk3 260 260
Hmz2 263 263
Onk8 266 266
Tpe6 269 269
U_l7 272 272
Q_i7 276 276
Bjr9 278 278
Ihb0 281 281
Jvg3 283 283
Ctx2 287 287
Bbv2 290 290
Dfb0 294 294
Npi6 298 298
Xiq1 299 299
Imt1 303 303
Unw3 308 308
Xgw0 309 309
Oz_6 314 314
Tzf0 317 317
Wtj5 322 322
Xvk2 325 325
Mn_2 328 328
Adk3 331 331
S__9 335 335
Pa_4 338 338
Grd9 340 340
Y_a5 343 343
G_i5 346 346
Ul_1 349 349
Vuy5 353 353
Fke2 357 357
Yzy9 361 361
Bze1 362 362
V_z1 366 366
Kgw9 370 370
Kon8 373 373
Xxh3 378 378
Evv6 381 381
Qub7 386 386
P_d1 388 388
Vvw8 391 391
Izw0 394 394
Ckc0 397 397
Xt_6 399 399
Zca4 404 404
Szv7 406 406
Pui6 408 408
Q_n4 411 411
Ddo1 413 413
Tbr9 416 416
Bah4 420 420
Hgq5 421 421
Zns0 426 426
Erc0 429 429
Rm_8 432 432
Kfp9 435 435
Zfg5 436 436
Ozl3 439 439
Rjt4 440 440
Ulm7 444 444
Vtt9 446 446
Din8 448 448
But8 451 451
Xqx1 453 453
Pxz4 454 454
Ddu3 457 457
Xqc5 460 460
Psi3 462 462
Oi_3 466 466
Ecp0 468 468
Fyx8 471 471
Mng3 474 474
Xwu9 477 477
Pfo9 479 479
Dgf7 481 481
Oht5 485 485
Vjs6 487 487
Rcu5 490 490
M_y8 493 493
Ezt9 494 494
M_p8 497 497
Ctr5 502 502
Crg2 505 505
Glx8 508 508
Pyr5 510 510
Etd8 512 512
Vpc2 515 515
Vid3 520 520
Ua_1 525 525
Ul_8 529 529
H_q7 533 533
Fez4 534 534
Gkg4 539 539
Y_v1 542 542
Vho5 545 545
Fxn9 550 550
Uxf6 552 552
Jjo7 556 556
Udv8 559 559
Tlh8 560 560
Shh4 563 563
A_k0 567 567
Zrc4 569 569
Cx_8 572 572
Nzw6 574 574
Fdn9 577 577
Ucg7 580 580
Oeq5 582 582
Esx2 585 585
Iri1 588 588
Mtn7 589 589
B_r4 592 592
Nzb3 594 594
Ger3 599 599
Pfe3 602 602
Tc_1 607 607
Ttt7 609 609
F_d6 614 614
Nlt0 616 616
Bww3 619 619
Mf_2 623 623
Kiz8 624 624
Yju9 629 629
Wde1 632 632
Csq5 637 637
Sko9 641 641
Ybw3 644 644
Uil5 649 649
Fhy9 653 653
Xdj7 656 656
Pew1 658 658
Uji7 660 660
Tdo2 664 664
Yer6 667 667
Xms2 668 668
Dnx4 670 670
Rut0 675 675
Qo_8 677 677
J_o5 679 679
Wg_2 683 683
Bgb6 684 684
Zzj9 688 688
Sqk4 693 693
Pdm5 696 696
Mqy6 699 699
Ab_6 702 702
Yvd7 704 704
Uly0 707 707
Hqd3 712 712
Evp7 716 716
R_r8 720 720
Pnl4 721 721
Whm3 723 723
Qt_1 726 726
Wte1 728 728
Tau6 732 732
Xl_3 734 734
Xhr7 737 737
Nik6 740 740
Rmi2 744 744
P_n0 746 746
Wqx2 748 748
Yl_5 753 753
X_j2 754 754
Cad6 756 756
Siv4 759 759
Wxz4 764 764
C_e9 765 765
B_y1 767 767
Kwh6 770 770
Teq3 771 771
Ghn0 773 773
Ki_3 775 775
Kav8 777 777
Ftb0 779 779
Cem1 781 781
Nw_2 784 784
Oqz1 787 787
Hg_5 789 789
Wha5 793 793
Ivt6 797 797
Jn_9 801 801
Gfr7 805 805
V_e5 808 808
Bsh5 811 811
Ayp9 814 814
Ku_6 818 818
Bsx9 820 820
B_o2 824 824
Mqz8 826 826
Yzk4 829 829
Whf2 831 831
S_q9 836 836
Hvn0 841 841
Euz1 843 843
Gti8 845 845
Bip8 846 846
Guq5 851 851
Olm1 853 853
Tjv7 858 858
Klk7 863 863
Q_g8 865 865
Rti7 870 870
Mib0 872 872
Hqi0 877 877
Mbk9 881 881
F_e4 885 885
I_c4 888 888
Nsy6 891 891
Orp1 895 895
Ehx7 897 897
Vic2 900 900
Bar4 904 904
Eos5 906 906
Erx1 909 909
Jkl1 912 912
Sba7 915 915
Mkj3 919 919
Xtw2 920 920
Zf_5 924 924
Fdz5 926 926
Cgb9 931 931
Mbi2 935 935
Nfu3 937 937
Dyi1 941 941
Qui9 945 945
Ydl7 948 948
Rcm8 952 952
E_g9 956 956
X_v7 960 960
Hkr9 962 962
K_d0 965 965
Scd5 970 970
Mgs7 972 972
Pzc2 974 974
On_4 975 975
Va_7 978 978
Zl_5 983 983
Pff1 986 986
Dlx1 989 989
Qpy7 992 992
Jvy0 996 996
Ckj4 999 999
Rf_2 1001 1001
Kah6 1002 1002
Btw9 1004 1004
Gee7 1008 1008
Uap3 1009 1009
Qvn4 1012 1012
Gjt5 1015 1015
Ain5 1019 1019
Zph7 1022 1022
Daj7 1025 1025
Stc3 1028 1028
Spr4 1029 1029
U_r0 1034 1034
Bqf1 1039 1039
Ioc4 1043 1043
Uqx6 1044 1044
Yg_1 1047 1047
Plr3 1051 1051
Xve0 1054 1054
Jte9 1057 1057
Cdo4 1061 1061
Tkl9 1064 1064
Grb5 1067 1067
Fis0 1069 1069
Pd_7 1072 1072
Wrm2 1073 1073
Yji3 1077 1077
Cgs5 1079 1079
Jnu8 1083 1083
A__4 1084 1084
U_v3 1087 1087
Txg8 1088 1088
Wqo6 1091 1091
Bxe4 1094 1094
Kul4 1098 1098
Ait2 1101 1101
Mpb4 1102 1102
Rws5 1106 1106
Puj9 1110 1110
Kiu8 1113 1113
Ub_3 1116 1116
Sof6 1118 1118
Bcf5 1123 1123
K__9 1126 1126
Eek5 1128 1128
Zby3 1129 1129
Xjz1 1131 1131
Vsa0 1133 1133
Qju1 1136 1136
Tko0 1137 1137
R_h4 1140 1140
Iib7 1143 1143
I_w1 1144 1144
Rql1 1148 1148
Ot_2 1151 1151
Sjr5 1153 1153
Jdu3 1155 1155
Sei3 1158 1158
Njc2 1161 1161
Qba9 1162 1162
X_k6 1165 1165
Cgp2 1168 1168
Jtn5 1172 1172
Xpv4 1176 1176
Rem6 1181 1181
Inr5 1182 1182
Hp_2 1186 1186
Bml4 1188 1188
Crp4 1190 1190
Wcy0 1192 1192
Io_7 1194 1194
Yzp3 1195 1195
Nqk1 1198 1198
Yfx4 1200 1200
Ywh4 1204 1204
Ncm4 1207 1207
G_v9 1209 1209
Gru9 1211 1211
Op_9 1214 1214
Nvs3 1218 1218
Rjs3 1222 1222
Zhw2 1225 1225
Usm2 1227 1227
Rjw3 1232 1232
Oaf4 1234 1234
Rto7 1235 1235
Gor7 1239 1239
Nw_7 1244 1244
Vls5 1246 1246
K_d6 1248 1248
K__7 1250 1250
Xvr6 1253 1253
Nq_9 1258 1258
Kid6 1261 1261
Too6 1264 1264
Dzk9 1269 1269
Wcr7 1270 1270
Rff7 1273 1273
Hdt1 1275 1275
Mir0 1279 1279
Tas8 1282 1282
Nq_5 1286 1286
Upp8 1287 1287
Jgu8 1291 1291
Gcg3 1293 1293
Hgs0 1296 1296
Wtk8 1298 1298
Sjb2 1302 1302
Eyj3 1303 1303
Jtm7 1307 1307
Eqq9 1312 1312
Amh9 1317 1317
Bsd9 1321 1321
Gkj0 1324 1324
Yrk2 1325 1325
Atc8 1329 1329
Rgi9 1333 1333
Bxy6 1335 1335
Otc9 1337 1337
Nky9 1338 1338
Njl6 1340 1340
Gjf9 1343 1343
G_e9 1344 1344
Vtn7 1348 1348
Qtc0 1350 1350
Hdx8 1355 1355
Imi7 1358 1358
G_j8 1361 1361
Svj8 1364 1364
Fnf1 1365 1365
Ofi1 1369 1369
Dva1 1370 1370
Zfh5 1372 1372
Ry_7 1375 1375
Wbd8 1379 1379
Ewl2 1382 1382
Mnl3 1384 1384
Zcf4 1389 1389
Uhm9 1393 1393
Vk_7 1395 1395
Xub4 1399 1399
Yku1 1403 1403
Ane1 1408 1408
Cvp0 1412 1412
Zak7 1413 1413
Exg0 1415 1415
Ggo7 1419 1419
Zgy3 1422 1422
Zun1 1425 1425
Vyj5 1428 1428
Fdu4 1430 1430
Qoi2 1434 1434
Nqs1 1437 1437
Znf3 1440 1440
Dxe9 1444 1444
Ibu8 1447 1447
Atc1 1449 1449
Xmy1 1453 1453
Dx_4 1457 1457
Wzk5 1459 1459
Sdl9 1461 1461
V_n9 1466 1466
Rvj5 1467 1467
Bh_9 1472 1472
P_b4 1476 1476
Qar5 1478 1478
Bd_2 1483 1483
Nlv2 1487 1487
Cjw5 1491 1491
Ey_4 1495 1495
Enp7 1498 1498
Kzp6 1502 1502
Yib3 1504 1504
Xmc4 1505 1505
Elp5 1509 1509
Fu_1 1512 1512
Miz6 1515 1515
Zph7-Miz6
Tko0-Fu_1
Hcf5-Fbg9
Ulm7-Kzp6
E_g9-Uad2
Hvn0-Qar5
Vuy5-Bh_9
Qtc0-Hwm9
Ggo7-Rvj5
Xve0-Clo6
Vsa0-V_n9
Y_a5-Kor8
V_e5-Atc1
Imi7-Umy2
Nfu3-Szt6
Oai7-Rlv6
Orp1-Qoi2
Uqx6-Fdu4
Pdm5-Fqd8
Rcu5-Zun1
Cgp2-Ggo7
R_r8-Olv9
Ddo1-Zak7
Ghn0-Ane1
Bqf1-Yku1
Tzf0-Xub4
Upp8-Vk_7
Tpe6-Mvz5
Pui6-Xbf8
K__7-Zfh5
Jjo7-Dva1
Io_7-Gze8
Tc_1-Ad_8
Kiu8-Ofi1
Zca4-Yfo9
Fnf1-Cjp6
Imi7-G_j8
Hdx8-Imi7
Qtc0-Crh7
Khb5-Qtc0
Qmu5-Khb5
Vtn7-Qmu5
G_e9-Vtn7
Kmp8-G_e9
Gjf9-Kmp8
Njl6-Vvq4
Nky9-Njl6
Rgi9-Di_6
Z_g5-Rgi9
Atc8-Z_g5
Gkj0-Yrk2
Wrw2-Qmb4
Bsd9-Wrw2
Hwb3-Bsd9
Amh9-Hwb3
X__4-Jtm7
Tm_1-X__4
Xiu1-Tm_1
Sjb2-Cws6
Wtk8-Sjb2
Hgs0-Vnu9
Yz_0-Qwh2
Tas8-Nq_5
Mir0-Zdh2
Kgi6-Mir0
Kdz8-Tvc1
Fos8-Kdz8
Urk9-Fos8
Ygm9-S_o4
Rff7-Cjp6
Wcr7-Rff7
Rfi2-Wvd9
Dtf7-Qec2
Pju5-Cng2
Dzk9-Vfx3
Nbs6-Dzk9
Too6-Nbs6
Kid6-Too6
Pjb5-Nq_9
Ndu0-Pjb5
Xvr6-R_v0
K__7-Oai7
Z_c8-K_d6
Vls5-Z_c8
Ceo0-Vls5
Vav8-Ceo0
Wnb1-Iqm0
Nw_7-Wtq9
Gor7-Ffl0
M_s3-J_i7
Hmz2-Rto7
Onk8-Hmz2
U_l7-Tpe6
Q_i7-U_l7
Rjw3-Oaf4
Ihb0-Bjr9
Zhw2-Usm2
Nvs3-Jvg3
Bbv2-Op_9
G_v9-Gru9
Npi6-Dfb0
V_e9-Npi6
Ywh4-Ncm4
Yfx4-Ywh4
Nqk1-Xiq1
Imt1-Nqk1
Unw3-Imt1
Yzp3-Unw3
Io_7-Xgw0
Crp4-Tzf0
Inr5-Hp_2
Rem6-Inr5
Wtj5-Rem6
Xvk2-Wtj5
Mn_2-Xvk2
Xpv4-Mn_2
V_e9-Njc2
G_i5-Cjp6
Ul_1-G_i5
Sei3-Ul_1
Yzy9-Fke2
Sjr5-Bze1
V_z1-Sjr5
Rql1-Ot_2
Qub7-Evv6
I_w1-Qub7
P_d1-R_h4
Vvw8-P_d1
Tko0-Ckc0
Qju1-Tko0
Xt_6-Vsa0
V_e9-Ddo1
Bah4-K__9
Hgq5-Bah4
Bcf5-Hgq5
Erc0-Zns0
Kfp9-Rm_8
Zfg5-Kfp9
But8-Din8
Rws5-Xqx1
Mpb4-Rws5
Ait2-Pxz4
Kul4-Ait2
Ddu3-Kul4
Psi3-Xqc5
Oi_3-Cjp6
Mng3-Fyx8
Pfo9-Xwu9
Dgf7-Pfo9
Txg8-Wqo6
U_v3-Txg8
Oht5-U_v3
A__4-Vjs6
Jnu8-A__4
Rcu5-Jnu8
M_y8-Rcu5
Yji3-Cgs5
M_p8-Yji3
Crg2-Wrm2
Fis0-Pd_7
Grb5-Fis0
Etd8-Grb5
Vpc2-Etd8
Vid3-Xve0
Plr3-Vid3
Yg_1-Plr3
Ua_1-Yg_1
Uqx6-Ua_1
Ul_8-Uqx6
H_q7-Ul_8
Stc3-Fez4
Gkg4-Stc3
Y_v1-Gkg4
Daj7-Vho5
Fxn9-Daj7
Tlh8-Udv8
Gjt5-Shh4
Qvn4-Gjt5
V_e9-Qvn4
A_k0-Cjp6
Uap3-A_k0
Btw9-Gee7
Rf_2-Nzw6
Ucg7-Fdn9
Jvy0-Ckj4
Qpy7-Iri1
B_r4-Mtn7
Dlx1-Nzb3
Ger3-Dlx1
Tc_1-Pfe3
Ttt7-Va_7
F_d6-Ttt7
Pzc2-On_4
Nlt0-Pzc2
Bww3-Nlt0
Scd5-Kiz8
Wde1-Yju9
K_d0-Csq5
Hkr9-K_d0
X_v7-Sko9
E_g9-Ybw3
Uil5-E_g9
Ydl7-Rcm8
Fhy9-Ydl7
Qui9-Fhy9
Pew1-Xdj7
Tdo2-Cjp6
Yer6-Tdo2
Xms2-Yer6
Rut0-Nfu3
Qo_8-Mbi2
Cgb9-Qo_8
J_o5-Fdz5
Bgb6-Wg_2
Zf_5-Bgb6
Zzj9-Zf_5
Sqk4-Zzj9
Mkj3-Xtw2
Sba7-Mkj3
Ab_6-Jkl1
Orp1-Ehx7
I_c4-Nsy6
F_e4-I_c4
Mbk9-F_e4
Mib0-Hqi0
Pnl4-R_r8
Q_g8-Pnl4
Klk7-Q_g8
Bip8-Guq5
Gti8-Bip8
Qt_1-Whm3
Wte1-Qt_1
Hvn0-Tau6
Xl_3-Hvn0
Nik6-Cjp6
S_q9-Nik6
Whf2-S_q9
Yzk4-Whf2
Bsx9-P_n0
Ayp9-Yl_5
V_e5-Bsh5
Cad6-X_j2
Gfr7-Cad6
Ivt6-Wxz4
Nw_2-Oqz1
C_e9-Cem1
Kav8-Ftb0
Ki_3-Kwh6
V_e9-Teq3
Teq3-Ki_3
Kwh6-Kav8
Ftb0-B_y1
B_y1-C_e9
Cem1-Nw_2
Oqz1-Hg_5
Hg_5-Wha5
Wha5-Ivt6
Wxz4-Siv4
Siv4-Jn_9
Jn_9-Gfr7
X_j2-V_e5
Bsh5-Ayp9
Yl_5-Wqx2
Wqx2-Ku_6
Ku_6-Bsx9
P_n0-Rmi2
Rmi2-B_o2
B_o2-Mqz8
Mqz8-Yzk4
V_e9-Xhr7
Xhr7-Xl_3
Tau6-Wte1
Whm3-Euz1
Euz1-Gti8
Guq5-Olm1
Olm1-Tjv7
Tjv7-Klk7
R_r8-Rti7
Rti7-Mib0
Hqi0-Evp7
Evp7-Mbk9
Nsy6-Orp1
Ehx7-Hqd3
Hqd3-Vic2
Vic2-Cjp6
V_e9-Uly0
Uly0-Bar4
Bar4-Yvd7
Yvd7-Eos5
Eos5-Erx1
Erx1-Ab_6
Jkl1-Mqy6
Mqy6-Pdm5
Pdm5-Sba7
Xtw2-Sqk4
Wg_2-J_o5
Fdz5-Cgb9
Mbi2-Rut0
Nfu3-Dnx4
Dnx4-Xms2
V_e9-Uji7
Uji7-Dyi1
Dyi1-Pew1
Xdj7-Qui9
Rcm8-Uil5
Ybw3-X_v7
Sko9-Hkr9
Csq5-Wde1
Yju9-Scd5
Kiz8-Mgs7
Mgs7-Mf_2
Mf_2-Bww3
On_4-Ghn0
Ghn0-Cjp6
V_e9-F_d6
Va_7-Zl_5
Zl_5-Tc_1
Pfe3-Pff1
Pff1-Ger3
Nzb3-B_r4
Mtn7-Qpy7
Iri1-Jvy0
Ckj4-Esx2
Esx2-Oeq5
Oeq5-Ucg7
Fdn9-Rf_2
Nzw6-Cx_8
Cx_8-Kah6
Kah6-Btw9
Gee7-Zrc4
Zrc4-Uap3
Shh4-Tlh8
Udv8-Jjo7
Jjo7-Ain5
Ain5-Zph7
Zph7-Uxf6
Uxf6-Fxn9
Vho5-Y_v1
Fez4-Spr4
Spr4-U_r0
U_r0-Bqf1
Bqf1-Ioc4
Ioc4-H_q7
Xve0-Jte9
Jte9-Cjp6
V_e9-Cdo4
Cdo4-Tkl9
Tkl9-Vpc2
Pd_7-Pyr5
Pyr5-Glx8
Glx8-Crg2
Wrm2-Ctr5
Ctr5-M_p8
Cgs5-Ezt9
Ezt9-M_y8
Vjs6-Oht5
Wqo6-Bxe4
Bxe4-Dgf7
Xwu9-Mng3
Fyx8-Ecp0
Ecp0-Oi_3
V_e9-Psi3
Xqc5-Ddu3
Pxz4-Mpb4
Xqx1-But8
Din8-Vtt9
Vtt9-Ulm7
Ulm7-Puj9
Puj9-Kiu8
Kiu8-Ub_3
Ub_3-Rjt4
Rjt4-Ozl3
Ozl3-Zfg5
Rm_8-Erc0
Zns0-Sof6
Sof6-Bcf5
K__9-Tbr9
Tbr9-Eek5
Eek5-Cjp6
Ddo1-Q_n4
Q_n4-Pui6
Pui6-Zby3
Zby3-Szv7
Szv7-Xjz1
Xjz1-Zca4
Zca4-Xt_6
Vsa0-Qju1
Ckc0-Izw0
Izw0-Vvw8
R_h4-Iib7
Iib7-I_w1
Evv6-Xxh3
Xxh3-Rql1
Ot_2-Kon8
Kon8-Kgw9
Kgw9-V_z1
Bze1-Yzy9
Fke2-Vuy5
Vuy5-Jdu3
Jdu3-Sei3
Njc2-Qba9
Qba9-Y_a5
Y_a5-X_k6
X_k6-Cgp2
Cgp2-Grd9
Grd9-Jtn5
Jtn5-Pa_4
Pa_4-S__9
S__9-Adk3
Adk3-Xpv4
Hp_2-Bml4
Bml4-Crp4
Tzf0-Oz_6
Oz_6-Wcy0
Wcy0-Io_7
Xgw0-Yzp3
Xiq1-Yfx4
Ncm4-Cjp6
Dfb0-G_v9
Gru9-Bbv2
Op_9-Ctx2
Ctx2-Nvs3
Jvg3-Rjs3
Rjs3-Zhw2
Usm2-Ihb0
Bjr9-Rjw3
Oaf4-Q_i7
Tpe6-Onk8
Rto7-Mpk3
Mpk3-Afe9
Afe9-M_s3
J_i7-Gor7
Ffl0-Cjp6
V_e9-Mkn4
Mkn4-Nw_7
Wtq9-Wnb1
Iqm0-Vav8
K_d6-K__7
Oai7-Xvr6
R_v0-Ndu0
Nq_9-Kid6
Vfx3-Pju5
Cng2-Dtf7
Qec2-Rfi2
Wvd9-Wcr7
V_e9-Hdt1
Hdt1-Y_e9
Y_e9-Ygm9
S_o4-Icp7
Icp7-Urk9
Tvc1-Kgi6
Zdh2-Tas8
Nq_5-Ta_0
Ta_0-Upp8
Upp8-Jgu8
Jgu8-Kkc1
Kkc1-Yz_0
Qwh2-Gcg3
Gcg3-Hgs0
Vnu9-Kaj9
Kaj9-Wtk8
Cws6-Eyj3
Eyj3-Xiu1
Jtm7-Eqq9
Eqq9-Kqo7
Kqo7-Gvk2
Gvk2-Ikg9
Ikg9-Amh9
Qmb4-Gkj0
Yrk2-Atc8
Di_6-Bxy6
Bxy6-Otc9
Otc9-Nky9
Vvq4-Gjf9
Crh7-Hdx8
G_j8-Svj8
Svj8-Fnf1
Ehx7-Nm_5
Jtm7-Fyq1
Etd8-Ayd7
Ulm7-Ry_7
Ozl3-Jpt5
I_w1-Wbd8
Cad6-Ewl2
Rcm8-Mnl3
Ad_8-Ztx5
Imi7-Zcf4
Kwh6-Te_5
Nfu3-Hcf5
Rcu5-Uhm9
Dgf7-Cvp0
Jkl1-Exg0
Wqx2-Qgz2
Eyj3-Zgy3
Y_a5-Tby3
Jgu8-Vyj5
G_i5-R_l2
Mnl3-Pot1
Npi6-Nqs1
Nsy6-Znf3
Gee7-Dxe9
Yrk2-Ibu8
Jtn5-Xmy1
Cgs5-Dx_4
Xhr7-Wzk5
Rcu5-Sdl9
Ttt7-P_b4
Xqc5-Bd_2
Btw9-Nlv2
Plr3-Cjw5
Hgs0-Ey_4
Gee7-Enp7
Ivt6-Fvl8
Gjf9-Yib3
Ain5-Xmc4
Ftb0-Elp5
Xqc5-Fqh5
#Here is the number of lines required: 32

L1-F_d6 L2-Xhr7 L3-Qvn4 L4-Uly0 L5-Npi6 L6-Uji7
L1-Ttt7 L7-F_d6 L2-Xl_3 L8-Xhr7 L3-Gjt5 L9-Qvn4 L4-Bar4 L10-Uly0 L5-Dfb0 L11-Npi6 L6-Dyi1 L12-Uji7
L1-Va_7 L7-Ttt7 L2-Hvn0 L8-Xl_3 L3-Shh4 L9-Gjt5 L4-Yvd7 L10-Bar4 L13-Uly0 L5-G_v9 L11-Dfb0 L14-Npi6 L6-Pew1 L12-Dyi1 L15-Uji7
L1-Zl_5 L7-Va_7 L2-Tau6 L8-Hvn0 L3-Tlh8 L9-Shh4 L4-Eos5 L10-Yvd7 L13-Bar4 L5-Gru9 L11-G_v9 L14-Dfb0 L6-Xdj7 L12-Pew1 L15-Dyi1
L1-Tc_1 L7-Zl_5 L2-Wte1 L8-Tau6 L3-Udv8 L9-Tlh8 L4-Erx1 L10-Eos5 L13-Yvd7 L5-Bbv2 L11-Gru9 L14-G_v9 L6-Qui9 L12-Xdj7 L15-Pew1
L1-Pfe3 L7-Tc_1 L2-Qt_1 L8-Wte1 L3-Jjo7 L9-Udv8 L4-Ab_6 L10-Erx1 L13-Eos5 L5-Op_9 L11-Bbv2 L14-Gru9 L6-Fhy9 L12-Qui9 L15-Xdj7
L1-Pff1 L7-Pfe3 L2-Whm3 L8-Qt_1 L3-Zph7 L9-Jjo7 L4-Jkl1 L10-Ab_6 L13-Erx1 L5-Ctx2 L11-Op_9 L14-Bbv2 L6-Ydl7 L12-Fhy9 L15-Qui9
L1-Ger3 L7-Pff1 L2-Euz1 L8-Whm3 L3-Uxf6 L9-Zph7 L4-Mqy6 L10-Jkl1 L13-Ab_6 L5-Nvs3 L11-Ctx2 L14-Op_9 L6-Rcm8 L12-Ydl7 L15-Fhy9
L1-Dlx1 L7-Ger3 L2-Gti8 L8-Euz1 L3-Fxn9 L9-Uxf6 L4-Pdm5 L10-Mqy6 L13-Jkl1 L5-Jvg3 L11-Nvs3 L14-Ctx2 L6-Uil5 L12-Rcm8 L15-Ydl7
L1-Nzb3 L7-Dlx1 L2-Bip8 L8-Gti8 L3-Daj7 L9-Fxn9 L4-Sba7 L10-Pdm5 L13-Mqy6 L5-Rjs3 L11-Jvg3 L14-Nvs3 L6-E_g9 L12-Uil5 L15-Rcm8
L1-B_r4 L7-Nzb3 L2-Guq5 L8-Bip8 L3-Vho5 L9-Daj7 L4-Mkj3 L10-Sba7 L13-Pdm5 L5-Zhw2 L11-Rjs3 L14-Jvg3 L6-Ybw3 L12-E_g9 L15-Uil5
L1-Mtn7 L7-B_r4 L2-Olm1 L8-Guq5 L3-Y_v1 L9-Vho5 L4-Xtw2 L10-Mkj3 L13-Sba7 L5-Usm2 L11-Zhw2 L14-Rjs3 L6-X_v7 L12-Ybw3 L15-E_g9
L1-Qpy7 L7-Mtn7 L2-Tjv7 L8-Olm1 L3-Gkg4 L9-Y_v1 L4-Sqk4 L10-Xtw2 L13-Mkj3 L5-Ihb0 L11-Usm2 L14-Zhw2 L6-Sko9 L12-X_v7 L15-Ybw3
L1-Iri1 L7-Qpy7 L2-Klk7 L8-Tjv7 L3-Stc3 L9-Gkg4 L4-Zzj9 L10-Sqk4 L13-Xtw2 L5-Bjr9 L11-Ihb0 L14-Usm2 L6-Hkr9 L12-Sko9 L15-X_v7
L1-Jvy0 L7-Iri1 L2-Q_g8 L8-Klk7 L3-Fez4 L9-Stc3 L4-Zf_5 L10-Zzj9 L13-Sqk4 L5-Rjw3 L11-Bjr9 L14-Ihb0 L6-K_d0 L12-Hkr9 L15-Sko9
L1-Ckj4 L7-Jvy0 L2-Pnl4 L8-Q_g8 L3-Spr4 L9-Fez4 L4-Bgb6 L10-Zf_5 L13-Zzj9 L5-Oaf4 L11-Rjw3 L14-Bjr9 L6-Csq5 L12-K_d0 L15-Hkr9
L1-Esx2 L7-Ckj4 L2-R_r8 L8-Pnl4 L3-U_r0 L9-Spr4 L4-Wg_2 L10-Bgb6 L13-Zf_5 L5-Q_i7 L11-Oaf4 L14-Rjw3 L6-Wde1 L12-Csq5 L15-K_d0
L1-Oeq5 L7-Esx2 L2-Rti7 L8-R_r8 L3-Bqf1 L9-U_r0 L4-J_o5 L10-Wg_2 L13-Bgb6 L5-U_l7 L11-Q_i7 L14-Oaf4 L6-Yju9 L12-Wde1 L15-Csq5
L1-Ucg7 L7-Oeq5 L2-Mib0 L8-Rti7 L3-Ioc4 L9-Bqf1 L4-Fdz5 L10-J_o5 L13-Wg_2 L5-Tpe6 L11-U_l7 L14-Q_i7 L6-Scd5 L12-Yju9 L15-Wde1
L1-Fdn9 L7-Ucg7 L2-Hqi0 L8-Mib0 L3-H_q7 L9-Ioc4 L4-Cgb9 L10-Fdz5 L13-J_o5 L5-Onk8 L11-Tpe6 L14-U_l7 L6-Kiz8 L12-Scd5 L15-Yju9
L1-Rf_2 L7-Fdn9 L2-Evp7 L8-Hqi0 L3-Ul_8 L9-H_q7 L4-Qo_8 L10-Cgb9 L13-Fdz5 L5-Hmz2 L11-Onk8 L14-Tpe6 L6-Mgs7 L12-Kiz8 L15-Scd5
L1-Nzw6 L7-Rf_2 L2-Mbk9 L8-Evp7 L3-Uqx6 L9-Ul_8 L4-Mbi2 L10-Qo_8 L13-Cgb9 L5-Rto7 L11-Hmz2 L14-Onk8 L6-Mf_2 L12-Mgs7 L15-Kiz8
L1-Cx_8 L7-Nzw6 L2-F_e4 L8-Mbk9 L3-Ua_1 L9-Uqx6 L4-Rut0 L10-Mbi2 L13-Qo_8 L5-Mpk3 L11-Rto7 L14-Hmz2 L6-Bww3 L12-Mf_2 L15-Mgs7
L1-Kah6 L7-Cx_8 L2-I_c4 L8-F_e4 L3-Yg_1 L9-Ua_1 L4-Nfu3 L10-Rut0 L13-Mbi2 L5-Afe9 L11-Mpk3 L14-Rto7 L6-Nlt0 L12-Bww3 L15-Mf_2
L1-Btw9 L7-Kah6 L2-Nsy6 L8-I_c4 L3-Plr3 L9-Yg_1 L4-Dnx4 L10-Nfu3 L13-Rut0 L5-M_s3 L11-Afe9 L14-Mpk3 L6-Pzc2 L12-Nlt0 L15-Bww3
L1-Gee7 L7-Btw9 L2-Orp1 L8-Nsy6 L3-Vid3 L9-Plr3 L4-Xms2 L10-Dnx4 L13-Nfu3 L5-J_i7 L11-M_s3 L14-Afe9 L6-On_4 L12-Pzc2 L15-Nlt0
L1-Zrc4 L7-Gee7 L2-Ehx7 L8-Orp1 L3-Xve0 L9-Vid3 L4-Yer6 L10-Xms2 L13-Dnx4 L5-Gor7 L11-J_i7 L14-M_s3 L6-Ghn0 L12-On_4 L15-Pzc2
L1-Uap3 L7-Zrc4 L2-Hqd3 L8-Ehx7 L3-Jte9 L9-Xve0 L4-Tdo2 L10-Yer6 L13-Xms2 L5-Ffl0 L11-Gor7 L14-J_i7 L6-Cjp6 L12-Ghn0 L15-On_4
L1-A_k0 L7-Uap3 L2-Vic2 L8-Hqd3 L3-Cjp6 L9-Jte9 L4-Cjp6 L10-Tdo2 L13-Yer6 L5-Cjp6 L11-Ffl0 L14-Gor7 L12-Cjp6 L15-Ghn0
L1-Cjp6 L7-A_k0 L2-Cjp6 L8-Vic2 L9-Cjp6 L10-Cjp6 L13-Tdo2 L11-Cjp6 L14-Ffl0 L15-Cjp6
L7-Cjp6 L8-Cjp6 L13-Cjp6 L14-Cjp6
