10
#Here is the number of lines required: 32
##start
Qnu6 2 2
##end
Ahv5 6 6
Tvd3 11 11
Pa_7 12 12
Xsb7 15 15
Jwt3 18 18
Tqc9 22 22
Her7 25 25
A_p8 28 28
Jnm5 30 30
Afe7 34 34
Zja8 38 38
Vhd4 41 41
Ccq7 44 44
Akd2 45 45
Y_b2 48 48
Kbr0 52 52
Js_8 55 55
Nwc1 58 58
Rjg3 60 60
Ntk2 62 62
Ugo8 65 65
Cxx4 68 68
Mkq9 69 69
Mmr5 72 72
Taz4 75 75
V_d4 78 78
Kis0 81 81
Zai8 84 84
Cuw6 86 86
Qfl1 87 87
Uxj1 91 91
Um_2 95 95
Zjz4 98 98
H_l3 100 100
Tcz1 101 101
Fqx8 102 102
Zxs2 106 106
Vyp7 107 107
Oil0 112 112
Iiw2 113 113
Ulw4 117 117
Nab8 120 120
Dvk0 124 124
Wzj0 127 127
Qzr6 130 130
Idx0 133 133
Uj_5 137 137
Uch2 140 140
Anz1 144 144
J__3 149 149
Vyx9 150 150
Rh_5 153 153
W_e7 156 156
Vct0 160 160
W_r5 162 162
Boa1 165 165
Bjj1 168 168
Sop6 170 170
Ohw7 173 173
Jsm5 178 178
Ha_1 181 181
Qhf6 186 186
Ezv8 187 187
Mvf9 189 189
N_k3 191 191
Azd5 194 194
Czm8 197 197
Zoz4 200 200
Rvo7 203 203
Qzs7 208 208
Oei0 211 211
Icu5 214 214
Kyh6 218 218
Hxr0 221 221
Rcp8 223 223
Nre6 228 228
Fwl9 233 233
S_y5 236 236
Czs4 238 238
Zrd1 242 242
Ywn4 245 245
Icn3 249 249
Pom5 253 253
Ht_3 255 255
Eey0 260 260
Srz2 262 262
Viy1 266 266
Ipp6 270 270
Nm_2 272 272
Byd6 277 277
Rmk9 280 280
Q_j3 285 285
Qyf1 289 289
Rxy3 290 290
It_3 294 294
Njn4 297 297
Zfp8 299 299
Drh2 303 303
Qxi6 307 307
Cao2 310 310
Dae5 311 311
Gsj8 315 315
Uxz8 317 317
Sk_5 319 319
Sye3 321 321
Sw_3 324 324
Wqx2 326 326
Tyn9 330 330
Knu2 334 334
Bqg4 339 339
Suh4 342 342
Xlq4 345 345
Hie4 348 348
Rgm6 352 352
Cod8 355 355
Qts5 360 360
Qyd9 361 361
Krr6 364 364
Tzo8 369 369
Uls2 373 373
Cil5 375 375
Vma4 380 380
Dje9 383 383
Dh_5 386 386
Esf5 387 387
Yy_8 390 390
Ipn0 393 393
Jwm7 396 396
Ega9 399 399
Ta_7 402 402
Rzp1 406 406
Snh7 410 410
Swe6 413 413
Oap2 415 415
Gvb7 419 419
A_z1 421 421
Onn6 424 424
Yzy9 427 427
H_y8 431 431
Yyc1 434 434
Rqg6 436 436
Jzk4 439 439
Dkz6 443 443
Wcw5 444 444
Fps8 446 446
Pau7 449 449
Nmi5 451 451
D__9 454 454
Dgz6 455 455
Cyu5 459 459
Afg6 461 461
Ilo3 464 464
Afz0 467 467
O_d8 470 470
Ztx3 473 473
R_d7 475 475
Mpa4 479 479
Fsk4 480 480
X_q4 482 482
Opg8 486 486
Bkr8 490 490
Pig0 492 492
Jpo2 496 496
Usa3 499 499
Mc_3 501 501
Cfe9 505 505
Epj6 507 507
Dfy6 510 510
W_f8 513 513
Wqn4 515 515
Jjs8 516 516
Hfa3 518 518
Txy2 521 521
Tpt8 526 526
Xvd5 530 530
Vud0 533 533
Rav4 538 538
Fr_1 542 542
Z_r7 546 546
Dbt4 549 549
Hru1 552 552
Vec8 557 557
Cgz6 558 558
Gim4 563 563
E_w5 565 565
Cn_9 567 567
Vmy4 572 572
Xrq3 577 577
Mqn7 580 580
Nqd1 584 584
Nst7 586 586
Rhd7 588 588
Bdg5 593 593
Bpq7 595 595
Ygl3 597 597
Qam0 601 601
Asc2 605 605
Dc_1 607 607
Nez5 611 611
Dhv9 614 614
Yml6 618 618
Pij6 622 622
Sp_7 627 627
Sft7 632 632
Xmm3 637 637
Mio3 641 641
Rmt9 645 645
O_y5 648 648
Vgo3 649 649
Oxr4 652 652
Fro5 654 654
Rpz8 657 657
Pfk9 659 659
Uww4 662 662
Ctx9 663 663
Etx6 666 666
Oma6 667 667
Qco2 668 668
Tsd9 672 672
Rbh3 675 675
Vsl1 679 679
Pgt6 682 682
Krn4 685 685
Vq_6 690 690
Eum6 693 693
Zro0 698 698
C_c3 701 701
Rrr1 703 703
Ikg7 706 706
Nzv6 709 709
Eai3 713 713
Nis6 717 717
Kd_8 721 721
Wke3 724 724
Xqi0 729 729
Joe6 731 731
Qhb2 735 735
M_h6 736 736
Bvj0 740 740
Ejc2 743 743
Fkl5 746 746
Roa9 749 749
Nkb5 751 751
Xoh3 754 754
Wiw9 758 758
Wjs4 760 760
Zrl7 764 764
Ont5 769 769
Mpu3 771 771
Jty3 773 773
Xcs8 775 775
Eaz3 778 778
Enu2 781 781
Flo9 785 785
Gcl2 788 788
Ooq2 793 793
Pxr8 795 795
Wyo2 797 797
Qza9 801 801
Wax0 803 803
Bpw9 805 805
Da_6 806 806
Qcg4 811 811
Wri4 814 814
Pge3 817 817
O_a8 819 819
Enr2 823 823
Xzo2 826 826
Qvv1 830 830
Xc_9 834 834
Gal7 839 839
Cmg6 840 840
Ojy5 842 842
Ygl5 847 847
Ihc1 851 851
Jdx3 856 856
Dwz7 858 858
Tbt7 860 860
Rk_2 863 863
X__0 865 865
Hfa5 868 868
Vft7 870 870
Ryg5 873 873
Enk6 877 877
Rye0 880 880
Due4 882 882
Gms5 886 886
Gny0 889 889
Hnn7 893 893
Hff1 898 898
T__5 902 902
Tsu7 905 905
Twr2 909 909
Ijf1 911 911
G_f8 914 914
Qpn0 919 919
Afo6 922 922
Spf3 926 926
Wfk3 930 930
Ets5 932 932
Kfx5 934 934
Uvi7 938 938
Hyd9 943 943
Hen1 947 947
Xxh2 951 951
O_v1 954 954
Ibs4 957 957
Xgf6 962 962
Kyj1 966 966
Nyn4 971 971
Olq9 976 976
Slq7 979 979
Mud7 983 983
Uj_3 986 986
Msi6 988 988
Zhi4 992 992
Z_n6 996 996
Mcj6 999 999
Wth0 1001 1001
Sqx7 1004 1004
Cdq3 1006 1006
Vna9 1009 1009
Bie4 1012 1012
Iw_6 1014 1014
Utc6 1015 1015
M_t4 1018 1018
Cuo3 1023 1023
Ymr6 1025 1025
Krs5 1028 1028
Zwh6 1032 1032
Oh_2 1036 1036
Zlx4 1038 1038
Fzp2 1042 1042
Ukv3 1043 1043
Yay6 1046 1046
Nqy9 1047 1047
Wia8 1054 1054
Pai3 1057 1057
Uxv1 1059 1059
Jgy4 1062 1062
Tef4 1063 1063
Erp9 1065 1065
Wrd5 1069 1069
E_y2 1071 1071
K_n7 1076 1076
Zup6 1078 1078
Ooi0 1083 1083
Qcd2 1086 1086
Hlg2 1088 1088
Rxj4 1089 1089
O_z5 1092 1092
Zkr0 1095 1095
Yyh4 1097 1097
Fum9 1100 1100
Suz0 1103 1103
Gqh5 1106 1106
Kz_5 1111 1111
Uxv3 1116 1116
M_i4 1120 1120
Eup9 1124 1124
Npx5 1126 1126
Hch8 1130 1130
Qiq0 1131 1131
Tcd9 1134 1134
Obj2 1136 1136
J_i5 1139 1139
Umg7 1140 1140
Fps6 1142 1142
Aka7 1145 1145
Dsd3 1150 1150
Tbg7 1155 1155
Nzv3 1158 1158
Gvq5 1161 1161
Nsv5 1166 1166
Fse0 1168 1168
One3 1170 1170
Jng3 1174 1174
Qxz5 1175 1175
Enw6 1179 1179
Dcf5 1183 1183
Yya9 1186 1186
Qbp7 1189 1189
Rxq8 1193 1193
One8 1195 1195
Ojn2 1199 1199
Zz_1 1203 1203
Hex9 1206 1206
Ym_6 1208 1208
Ywx5 1211 1211
F_f5 1214 1214
Th_9 1216 1216
Sbo6 1221 1221
Vcq2 1225 1225
Url3 1228 1228
Q_n1 1231 1231
Td_7 1235 1235
Qan7 1239 1239
X_f1 1242 1242
Dwl6 1245 1245
Dqh1 1248 1248
Azz5 1252 1252
Chf7 1254 1254
Mdg3 1258 1258
Uzw3 1263 1263
G_e1 1265 1265
Nuv1 1266 1266
Vbs4 1269 1269
F_w4 1272 1272
Nes2 1276 1276
Bxs6 1277 1277
Kww8 1278 1278
Myh1 1283 1283
P_f6 1286 1286
Cdh8 1290 1290
Bvi8 1292 1292
Sn_1 1296 1296
Uut1 1299 1299
Yfz5 1302 1302
Ttc0 1304 1304
Sax5 1307 1307
Akg1 1309 1309
Ju_0 1311 1311
Vzr5 1314 1314
Gks2 1316 1316
G_a9 1321 1321
Kbi0 1325 1325
Qvr2 1329 1329
Xgx8 1332 1332
Uts6 1334 1334
Jcc4 1336 1336
Bj_0 1339 1339
Ibt5 1344 1344
Tur2 1349 1349
Mjq2 1354 1354
Pf_4 1357 1357
Wpz8 1358 1358
Y_q7 1362 1362
A__2 1363 1363
E_j0 1364 1364
Xpz2 1366 1366
Ecv4 1367 1367
Zhc6 1370 1370
Ktt1 1374 1374
Obf4 1377 1377
Ovk8 1380 1380
Hxk5 1385 1385
Jku6 1388 1388
Vgh0 1390 1390
Yuc6 1392 1392
Coj7 1396 1396
Kld0 1399 1399
Vnz1 1402 1402
Rdn8 1404 1404
Wr_0 1407 1407
Mhs6 1410 1410
Izk7 1415 1415
Vnx2 1418 1418
Zzy2 1422 1422
Wye7 1427 1427
Msx7 1430 1430
Xub4 1431 1431
Yrj5 1435 1435
Niu0 1437 1437
Ggj2 1442 1442
Jdg0 1444 1444
Crt1 1447 1447
Wum9 1451 1451
Iwm1 1453 1453
Q_m9 1455 1455
Cgo9 1458 1458
V_z9 1461 1461
Gnh9 1465 1465
Jui2 1469 1469
Gff1 1470 1470
Oxn0 1472 1472
Obp2 1475 1475
Dkw1 1478 1478
Hlt7 1480 1480
Stw7 1483 1483
Cqi6 1487 1487
Rfy1 1492 1492
Fit9 1496 1496
Py_5 1500 1500
Dza1 1502 1502
Et_4 1504 1504
Rff3 1507 1507
Adi0 1510 1510
Pmy5 1513 1513
Umv4 1515 1515
Sxx2 1519 1519
Uxd0 1522 1522
Aft1 1523 1523
Sui6 1524 1524
Bel6 1526 1526
Sgd0 1530 1530
Zqt1 1533 1533
Yka7 1534 1534
Ivq7 1537 1537
Yam8 1540 1540
S_s5 1544 1544
Ofc5 1547 1547
Nyy6 1550 1550
Gbz6 1555 1555
Iol3 1559 1559
Xsz2 1564 1564
Zpg8 1567 1567
Sip1 1570 1570
Sxy8 1571 1571
Egk7 1575 1575
Eqt2 1578 1578
Jg_7 1582 1582
R_e3 1583 1583
Bkw9 1584 1584
Cll0 1587 1587
Aab2 1590 1590
Uss5 1592 1592
Hry6 1595 1595
Soi9 1598 1598
Usu1 1603 1603
Zem1 1606 1606
Own7 1609 1609
Hhp4 1610 1610
Ehn1 1613 1613
Oil4 1616 1616
Mmp8 1619 1619
Qs_2 1622 1622
Wwx2 1625 1625
Tvn1 1629 1629
Nid3 1631 1631
Ocx2 1634 1634
Niu1 1639 1639
Hrw0 1642 1642
Akq3 1646 1646
Xks6 1649 1649
Wb_4 1653 1653
Udk1 1655 1655
Vvl6 1659 1659
Eh_1 1661 1661
Cal8 1665 1665
Gze0 1667 1667
Ngo8 1670 1670
Seq8 1673 1673
Al_3 1674 1674
Xgz1 1677 1677
Ezp4 1681 1681
Puq3 1686 1686
S__5 1691 1691
Bgt6 1694 1694
Njq1 1699 1699
Suk7 1701 1701
Yad7 1705 1705
Mpa8 1708 1708
Yh_8 1712 1712
Bhk8 1715 1715
Sbg6 1720 1720
Glk2 1723 1723
Opn3 1725 1725
Syc6 1728 1728
Uqi7 1729 1729
Aos9 1731 1731
Big9 1735 1735
Wu_9 1738 1738
Zfz7 1742 1742
Hzz7 1744 1744
Zpx7 1747 1747
Wsl6 1751 1751
Aoh5 1752 1752
Kj_1 1755 1755
Zll4 1757 1757
R__8 1760 1760
Qei1 1763 1763
Rvs7 1765 1765
Gjp4 1770 1770
Aym3 1772 1772
Ynm0 1775 1775
Kig6 1780 1780
Xpl2 1781 1781
Hnf9 1784 1784
Gc_5 1786 1786
Xs_9 1789 1789
Anl7 1794 1794
Px_2 1796 1796
Tll5 1800 1800
Bnc0 1804 1804
Jbw7 1807 1807
Xr_8 1810 1810
Kqf1 1813 1813
Pvi1 1815 1815
Bla0 1817 1817
Dzk2 1819 1819
Dr_2 1823 1823
Vxa0 1826 1826
Ckv7 1830 1830
Zqk6 1833 1833
Cjd1 1836 1836
Xqc1 1839 1839
Gub2 1844 1844
Zxs9 1847 1847
A_a5 1850 1850
Ymt1 1854 1854
Cbr5 1856 1856
Hea7 1857 1857
Wdb4 1860 1860
Sno8 1862 1862
Qml8 1863 1863
Mky5 1866 1866
Paq1 1871 1871
Uxm6 1875 1875
Atl6 1876 1876
Sim6 1879 1879
Bmu6 1882 1882
Izn9 1884 1884
Cat5 1888 1888
Plz9 1890 1890
Gje4 1895 1895
Xme5 1897 1897
Pjb1 1901 1901
Tom9 1904 1904
Hu_3 1906 1906
Yz_2 1907 1907
Xto1 1910 1910
Uzf0 1911 1911
J_c0 1914 1914
Bky9 1918 1918
Mfi6 1920 1920
Uvp8 1922 1922
Fpg6 1926 1926
Frw1 1928 1928
Uyg7 1931 1931
Wiz0 1935 1935
D_i2 1939 1939
Z__3 1942 1942
Hjl8 1945 1945
Na_9 1950 1950
E_m8 1955 1955
Hbz1 1960 1960
Aqo8 1963 1963
Drc1 1964 1964
Mjm6 1967 1967
Cea6 1970 1970
Wrb7 1972 1972
Clw0 1974 1974
Ihs9 1979 1979
Fxz5 1981 1981
Zka5 1984 1984
Wry0 1988 1988
Jjw8 1990 1990
G_j1 1991 1991
Y_c6 1996 1996
Obo3 1997 1997
Amt5 2002 2002
Iwe2 2004 2004
Fp_9 2008 2008
Aks1 2012 2012
Q_a5 2014 2014
Tw_8 2017 2017
Gof0 2019 2019
Fhx8 2022 2022
Kof4 2025 2025
Eb_6 2030 2030
Np_7 2035 2035
Xw_0 2040 2040
Gne2 2043 2043
W_r5-Xsb7
Oil0-Jwt3
O_a8-Xw_0
Cdq3-A_p8
Yya9-Jnm5
Cod8-Gof0
Kbr0-Tw_8
Fro5-Q_a5
Cfe9-Fp_9
C_c3-Ntk2
Kd_8-Mkq9
Wax0-Mmr5
Msi6-Obo3
Ont5-V_d4
J_i5-G_j1
Mjm6-Kis0
Wiw9-Jjw8
Ktt1-Wry0
Glk2-Qfl1
Ttc0-Um_2
Fkl5-Ihs9
Nzv6-Clw0
Dcf5-Wrb7
Kww8-H_l3
Myh1-Fqx8
Gqh5-Cea6
Nid3-Zxs2
Qan7-Vyp7
Drh2-Oil0
Jgy4-Iiw2
Tyn9-Ulw4
Zem1-Nab8
Mfi6-Drc1
Uj_3-Qzr6
Hfa3-Uj_5
Ngo8-Uch2
Hfa5-Anz1
Sk_5-J__3
Eai3-Vyx9
Eqt2-Na_9
Ipn0-W_e7
Uxz8-Hjl8
Zem1-Wiz0
Joe6-W_r5
Sop6-Boa1
Bjj1-Ahv5
Ohw7-Sop6
Qhf6-Ha_1
Frw1-Qhf6
Ezv8-Fpg6
Uvp8-Ezv8
Mvf9-Uvp8
Bky9-Mfi6
J_c0-Bky9
Uzf0-N_k3
Xto1-Uzf0
Azd5-Xto1
Yz_2-Azd5
Hu_3-Yz_2
Zoz4-Czm8
Rvo7-Zoz4
Qzs7-Rvo7
Xme5-Pjb1
Gje4-Icu5
Kyh6-Gje4
Hxr0-Kyh6
Plz9-Rcp8
Nre6-Plz9
Cat5-Nre6
Fwl9-Izn9
S_y5-Bmu6
Sim6-S_y5
Czs4-Sim6
Zrd1-Atl6
Paq1-Ywn4
Icn3-Paq1
Pom5-Icn3
Qml8-Mky5
Wdb4-Srz2
Ymt1-Viy1
A_a5-Ipp6
Zxs9-A_a5
Gub2-Zxs9
Q_j3-Rmk9
Qyf1-Xqc1
Qnu6-Cjd1
Rxy3-Zqk6
It_3-Rxy3
Ckv7-It_3
Dr_2-Vxa0
Pvi1-Bla0
Kqf1-Pvi1
Xr_8-Kqf1
Njn4-Bnc0
Tll5-Njn4
Px_2-Tll5
Drh2-Zfp8
Gc_5-Xs_9
Hnf9-Qxi6
Xpl2-Cao2
Kig6-Xpl2
Ynm0-Kig6
Gsj8-Dae5
Uxz8-Gsj8
Sk_5-Uxz8
Sye3-Sk_5
Sw_3-Sye3
Wqx2-Sw_3
Tyn9-Aym3
Rvs7-Gjp4
Qei1-Rvs7
Bqg4-Knu2
R__8-Bqg4
Suh4-Zll4
Xlq4-Suh4
Hie4-Xlq4
Kj_1-Rgm6
Qyd9-Qts5
Wsl6-Krr6
Zpx7-Wsl6
Big9-Dje9
Aos9-Big9
Dh_5-Aos9
Ega9-Jwm7
Opn3-Ta_7
Qnu6-Glk2
Rzp1-Ahv5
Bhk8-Sbg6
Snh7-Yh_8
Yad7-Mpa8
Oap2-Swe6
Gvb7-Oap2
A_z1-Gvb7
Onn6-A_z1
Suk7-Yzy9
Njq1-Yyc1
Jzk4-Rqg6
Puq3-S__5
Ezp4-Puq3
Xgz1-Dkz6
Al_3-Xgz1
Wcw5-Al_3
Fps8-Seq8
Pau7-Fps8
Ngo8-Pau7
Nmi5-Ngo8
Gze0-Nmi5
Cal8-Gze0
Eh_1-Cal8
Vvl6-D__9
Udk1-Vvl6
Dgz6-Udk1
Wb_4-Afg6
Xks6-Wb_4
Ilo3-Xks6
Afz0-Ilo3
O_d8-Afz0
Akq3-O_d8
Hrw0-R_d7
Mpa4-Hrw0
Niu1-Mpa4
Fsk4-Ocx2
Nid3-X_q4
Opg8-Nid3
Bkr8-Opg8
Usa3-Jpo2
Wwx2-Usa3
Mc_3-Wwx2
Cfe9-Mc_3
Epj6-Qs_2
Dfy6-Epj6
Mmp8-Dfy6
W_f8-Mmp8
Ehn1-Wqn4
Hhp4-Hfa3
Own7-Hhp4
Usu1-Txy2
Soi9-Usu1
Vud0-Hry6
Aab2-Rav4
Fr_1-Aab2
Cll0-Z_r7
Cgz6-Vec8
Gim4-Cgz6
R_e3-Gim4
Jg_7-R_e3
Egk7-Eqt2
Sip1-Sxy8
Xsz2-Zpg8
Iol3-Xsz2
Xrq3-Iol3
Rhd7-Nyy6
Bpq7-Bdg5
Ofc5-Ygl3
S_s5-Qam0
Dc_1-Ivq7
Yka7-Dc_1
Nez5-Yka7
Yml6-Dhv9
Sgd0-Pij6
Bel6-Sgd0
Sp_7-Bel6
Sft7-Sp_7
Mio3-Xmm3
Rmt9-Sui6
O_y5-Rmt9
Aft1-O_y5
Uxd0-Aft1
Sxx2-Uxd0
Vgo3-Sxx2
Pmy5-Umv4
Fro5-Adi0
Rpz8-Fro5
Pfk9-Rpz8
Rff3-Pfk9
Uww4-Rff3
Ctx9-Uww4
Qco2-Oma6
Et_4-Qco2
Dza1-Et_4
Rbh3-Tsd9
Py_5-Rbh3
Fit9-Py_5
Rfy1-Fit9
Vsl1-Rfy1
Pgt6-Cqi6
Stw7-Pgt6
Krn4-Ahv5
Eum6-Vq_6
Hlt7-Eum6
C_c3-Zro0
Ikg7-Rrr1
Nzv6-Obp2
Nis6-Eai3
Jui2-Gff1
V_z9-Gnh9
Wke3-V_z9
Q_m9-Cgo9
Iwm1-Q_m9
Xqi0-Iwm1
Wum9-Qhb2
M_h6-Wum9
Crt1-M_h6
Jdg0-Crt1
Ejc2-Ggj2
Fkl5-Ejc2
Niu0-Nkb5
Xoh3-Niu0
Yrj5-Xoh3
Xub4-Yrj5
Msx7-Xub4
Wiw9-Msx7
Vnx2-Zrl7
Mhs6-Izk7
Wr_0-Ont5
Mpu3-Rdn8
Vnz1-Mpu3
Xcs8-Jty3
Yuc6-Eaz3
Flo9-Enu2
Hxk5-Jku6
Ovk8-Gcl2
Obf4-Ovk8
Pxr8-Ooq2
Wyo2-Ahv5
Xpz2-Ecv4
E_j0-Wax0
A__2-E_j0
Mjq2-Pf_4
Da_6-Tur2
Qcg4-Ibt5
Bj_0-Qcg4
Wri4-Jcc4
O_a8-Pge3
Uts6-O_a8
Xzo2-Enr2
Kbi0-Qvr2
G_a9-Kbi0
Vzr5-Qvv1
Sax5-Xc_9
Yfz5-Ttc0
Gal7-Yfz5
Sn_1-Uut1
Bvi8-Sn_1
Cdh8-Bvi8
P_f6-Cdh8
Ojy5-Cmg6
Nes2-Bxs6
F_w4-Nes2
Vbs4-F_w4
Nuv1-Vbs4
Dqh1-Azz5
Dwz7-Dqh1
Dwl6-Tbt7
Rk_2-Dwl6
X__0-Td_7
Vft7-Hfa5
Ryg5-Vcq2
Th_9-Due4
Gms5-Th_9
Ywx5-F_f5
Gny0-Ywx5
Ym_6-Gny0
Hff1-Hnn7
Hex9-Hff1
T__5-Ojn2
Ijf1-Twr2
One8-Ijf1
Rxq8-G_f8
Qbp7-Rxq8
Qnu6-Qbp7
Yya9-Wia8
Afo6-Enw6
Qxz5-Afo6
Jng3-Qxz5
Spf3-One3
Wfk3-Spf3
Fse0-Ets5
Kfx5-Fse0
Nsv5-Kfx5
Uvi7-Gvq5
Hyd9-Uvi7
Xxh2-Hen1
O_v1-Xxh2
Tbg7-Xgf6
Dsd3-Ahv5
Aka7-Dsd3
Nyn4-Aka7
Olq9-Nyn4
Slq7-J_i5
Mud7-Slq7
Npx5-Hch8
Mcj6-Z_n6
Uxv3-M_i4
Wth0-Uxv3
Kz_5-Wth0
Gqh5-Sqx7
Suz0-Gqh5
Vna9-Cdq3
Bie4-Fum9
Yyh4-Bie4
Zkr0-Iw_6
Utc6-Zkr0
Rxj4-O_z5
Hlg2-Rxj4
Qcd2-Hlg2
Ymr6-Cuo3
Ooi0-Ymr6
K_n7-Zup6
Krs5-K_n7
Zlx4-Oh_2
Wrd5-Zlx4
Fzp2-Wrd5
Ukv3-Fzp2
Yay6-Erp9
Jgy4-Tef4
Nqy9-Uxv1
Qnu6-Pai3
Pai3-Nqy9
Uxv1-Jgy4
Tef4-Yay6
Erp9-Ukv3
Oh_2-E_y2
E_y2-Zwh6
Zwh6-Krs5
Zup6-Ooi0
Cuo3-Qcd2
O_z5-M_t4
M_t4-Utc6
Iw_6-Ahv5
Qnu6-Yyh4
Fum9-Vna9
Cdq3-Suz0
Sqx7-Kz_5
M_i4-Mcj6
Z_n6-Zhi4
Zhi4-Eup9
Eup9-Npx5
Hch8-Msi6
Msi6-Uj_3
Uj_3-Qiq0
Qiq0-Tcd9
Tcd9-Obj2
Obj2-Mud7
J_i5-Umg7
Umg7-Fps6
Fps6-Olq9
Qnu6-Kyj1
Kyj1-Tbg7
Xgf6-Ibs4
Ibs4-O_v1
Hen1-Nzv3
Nzv3-Hyd9
Gvq5-Nsv5
Ets5-Wfk3
One3-Jng3
Enw6-Dcf5
Dcf5-Qpn0
Qpn0-Yya9
Wia8-Ahv5
G_f8-One8
Twr2-Tsu7
Tsu7-T__5
Ojn2-Zz_1
Zz_1-Hex9
Hnn7-Ym_6
F_f5-Gms5
Due4-Rye0
Rye0-Sbo6
Sbo6-Enk6
Enk6-Ryg5
Vcq2-Vft7
Hfa5-Url3
Url3-Q_n1
Q_n1-X__0
Td_7-Qan7
Qan7-Ahv5
Qnu6-X_f1
X_f1-Rk_2
Tbt7-Dwz7
Azz5-Jdx3
Jdx3-Ihc1
Ihc1-Chf7
Chf7-Mdg3
Mdg3-Uzw3
Uzw3-Ygl5
Ygl5-G_e1
G_e1-Nuv1
Bxs6-Ojy5
Cmg6-Kww8
Kww8-Myh1
Myh1-P_f6
Uut1-Gal7
Ttc0-Sax5
Xc_9-Akg1
Akg1-Ju_0
Ju_0-Ahv5
Qnu6-Vzr5
Qvv1-Gks2
Gks2-G_a9
Qvr2-Xzo2
Enr2-Xgx8
Xgx8-Uts6
Pge3-Wri4
Jcc4-Bj_0
Ibt5-Da_6
Tur2-Mjq2
Pf_4-Bpw9
Bpw9-Wpz8
Wpz8-Y_q7
Y_q7-A__2
Wax0-Xpz2
Ecv4-Qza9
Qza9-Zhc6
Zhc6-Wyo2
Qnu6-Pxr8
Ooq2-Ktt1
Ktt1-Obf4
Gcl2-Hxk5
Jku6-Vgh0
Vgh0-Flo9
Enu2-Yuc6
Eaz3-Coj7
Coj7-Xcs8
Jty3-Kld0
Kld0-Vnz1
Rdn8-Wr_0
Ont5-Mhs6
Izk7-Vnx2
Zrl7-Zzy2
Zzy2-Wjs4
Wjs4-Wye7
Wye7-Wiw9
Nkb5-Roa9
Roa9-Fkl5
Ggj2-Bvj0
Bvj0-Jdg0
Qhb2-Joe6
Joe6-Xqi0
Cgo9-Wke3
Gnh9-Jui2
Gff1-Oxn0
Oxn0-Kd_8
Kd_8-Nis6
Eai3-Nzv6
Obp2-Dkw1
Dkw1-Ikg7
Rrr1-C_c3
Zro0-Hlt7
Vq_6-Krn4
Qnu6-Stw7
Cqi6-Vsl1
Tsd9-Dza1
Oma6-Etx6
Etx6-Ctx9
Adi0-Oxr4
Oxr4-Pmy5
Umv4-Vgo3
Sui6-Mio3
Xmm3-Sft7
Pij6-Zqt1
Zqt1-Yml6
Dhv9-Nez5
Ivq7-Yam8
Yam8-Asc2
Asc2-S_s5
Qam0-Ofc5
Ygl3-Bpq7
Bdg5-Rhd7
Nyy6-Nst7
Nst7-Nqd1
Nqd1-Gbz6
Gbz6-Mqn7
Mqn7-Xrq3
Zpg8-Vmy4
Vmy4-Cn_9
Cn_9-E_w5
E_w5-Sip1
Sxy8-Egk7
Eqt2-Jg_7
Vec8-Bkw9
Bkw9-Hru1
Hru1-Ahv5
Qnu6-Dbt4
Dbt4-Cll0
Z_r7-Fr_1
Rav4-Uss5
Uss5-Vud0
Hry6-Xvd5
Xvd5-Tpt8
Tpt8-Soi9
Txy2-Zem1
Zem1-Own7
Hfa3-Jjs8
Jjs8-Ehn1
Wqn4-Oil4
Oil4-W_f8
Qs_2-Cfe9
Jpo2-Tvn1
Tvn1-Pig0
Pig0-Bkr8
X_q4-Fsk4
Ocx2-Niu1
R_d7-Ztx3
Ztx3-Akq3
Afg6-Cyu5
Cyu5-Dgz6
D__9-Eh_1
Seq8-Wcw5
Dkz6-Ezp4
S__5-Jzk4
Rqg6-Bgt6
Bgt6-Njq1
Yyc1-H_y8
H_y8-Suk7
Yzy9-Onn6
Swe6-Yad7
Mpa8-Snh7
Yh_8-Bhk8
Sbg6-Rzp1
Glk2-Opn3
Ta_7-Syc6
Syc6-Ega9
Jwm7-Ipn0
Ipn0-Yy_8
Yy_8-Esf5
Esf5-Uqi7
Uqi7-Dh_5
Dje9-Vma4
Vma4-Cil5
Cil5-Wu_9
Wu_9-Uls2
Uls2-Zfz7
Zfz7-Tzo8
Tzo8-Hzz7
Hzz7-Zpx7
Krr6-Aoh5
Aoh5-Qyd9
Qts5-Cod8
Cod8-Kj_1
Rgm6-Hie4
Zll4-R__8
Knu2-Qei1
Gjp4-Tyn9
Aym3-Wqx2
Dae5-Ynm0
Cao2-Hnf9
Qxi6-Gc_5
Xs_9-Anl7
Anl7-Drh2
Zfp8-Px_2
Bnc0-Jbw7
Jbw7-Xr_8
Bla0-Dzk2
Dzk2-Dr_2
Vxa0-Ckv7
Zqk6-Ahv5
Cjd1-Qyf1
Xqc1-Q_j3
Rmk9-Byd6
Byd6-Nm_2
Nm_2-Gub2
Ipp6-Ymt1
Viy1-Cbr5
Cbr5-Hea7
Hea7-Wdb4
Srz2-Eey0
Eey0-Sno8
Sno8-Ht_3
Ht_3-Qml8
Mky5-Pom5
Ywn4-Uxm6
Uxm6-Zrd1
Atl6-Czs4
Bmu6-Fwl9
Izn9-Cat5
Rcp8-Hxr0
Icu5-Xme5
Pjb1-Tom9
Tom9-Oei0
Oei0-Qzs7
Czm8-Hu_3
N_k3-J_c0
Mfi6-Mvf9
Fpg6-Frw1
Ha_1-Jsm5
Jsm5-Uyg7
Uyg7-Ohw7
Sop6-Bjj1
Ooq2-D_i2
Ukv3-Z__3
Jui2-Vct0
Azz5-Rh_5
Zpx7-E_m8
Rav4-Hbz1
Iw_6-Idx0
Rmk9-Wzj0
Vgo3-Dvk0
Wqn4-Aqo8
Qyf1-Mjm6
Rpz8-Tcz1
Bxs6-Zjz4
Anl7-Uxj1
Yfz5-Fxz5
Yam8-Zka5
Akq3-Cuw6
Bpw9-Zai8
Td_7-Y_c6
Ngo8-Taz4
Rxq8-Cxx4
Xcs8-Amt5
Knu2-Ugo8
Opn3-Iwe2
Fpg6-Rjg3
Uzw3-Aks1
Msi6-Nwc1
O_a8-Js_8
Mjm6-Kbr0
A_a5-Y_b2
Dh_5-Fhx8
Icn3-Akd2
Puq3-Kof4
Zzy2-Ccq7
Rxy3-Vhd4
Nes2-Zja8
Cyu5-Eb_6
Wum9-Afe7
Rav4-Np_7
Sop6-Her7
Fqx8-Gne2
Nwc1-Tqc9
Qbp7-Pa_7
It_3-Tvd3
#Here is the number of lines required: 32

L1-Pai3 L2-Kyj1
L1-Nqy9 L3-Pai3 L2-Tbg7 L4-Kyj1
L1-Uxv1 L3-Nqy9 L5-Pai3 L2-Xgf6 L4-Tbg7 L6-Kyj1
L1-Jgy4 L3-Uxv1 L5-Nqy9 L7-Pai3 L2-Ibs4 L4-Xgf6 L6-Tbg7 L8-Kyj1
L1-Tef4 L3-Jgy4 L5-Uxv1 L7-Nqy9 L9-Pai3 L2-O_v1 L4-Ibs4 L6-Xgf6 L8-Tbg7 L10-Kyj1
L1-Yay6 L3-Tef4 L5-Jgy4 L7-Uxv1 L9-Nqy9 L2-Xxh2 L4-O_v1 L6-Ibs4 L8-Xgf6 L10-Tbg7
L1-Erp9 L3-Yay6 L5-Tef4 L7-Jgy4 L9-Uxv1 L2-Hen1 L4-Xxh2 L6-O_v1 L8-Ibs4 L10-Xgf6
L1-Ukv3 L3-Erp9 L5-Yay6 L7-Tef4 L9-Jgy4 L2-Nzv3 L4-Hen1 L6-Xxh2 L8-O_v1 L10-Ibs4
L1-Fzp2 L3-Ukv3 L5-Erp9 L7-Yay6 L9-Tef4 L2-Hyd9 L4-Nzv3 L6-Hen1 L8-Xxh2 L10-O_v1
L1-Wrd5 L3-Fzp2 L5-Ukv3 L7-Erp9 L9-Yay6 L2-Uvi7 L4-Hyd9 L6-Nzv3 L8-Hen1 L10-Xxh2
L1-Zlx4 L3-Wrd5 L5-Fzp2 L7-Ukv3 L9-Erp9 L2-Gvq5 L4-Uvi7 L6-Hyd9 L8-Nzv3 L10-Hen1
L1-Oh_2 L3-Zlx4 L5-Wrd5 L7-Fzp2 L9-Ukv3 L2-Nsv5 L4-Gvq5 L6-Uvi7 L8-Hyd9 L10-Nzv3
L1-E_y2 L3-Oh_2 L5-Zlx4 L7-Wrd5 L9-Fzp2 L2-Kfx5 L4-Nsv5 L6-Gvq5 L8-Uvi7 L10-Hyd9
L1-Zwh6 L3-E_y2 L5-Oh_2 L7-Zlx4 L9-Wrd5 L2-Fse0 L4-Kfx5 L6-Nsv5 L8-Gvq5 L10-Uvi7
L1-Krs5 L3-Zwh6 L5-E_y2 L7-Oh_2 L9-Zlx4 L2-Ets5 L4-Fse0 L6-Kfx5 L8-Nsv5 L10-Gvq5
L1-K_n7 L3-Krs5 L5-Zwh6 L7-E_y2 L9-Oh_2 L2-Wfk3 L4-Ets5 L6-Fse0 L8-Kfx5 L10-Nsv5
L1-Zup6 L3-K_n7 L5-Krs5 L7-Zwh6 L9-E_y2 L2-Spf3 L4-Wfk3 L6-Ets5 L8-Fse0 L10-Kfx5
L1-Ooi0 L3-Zup6 L5-K_n7 L7-Krs5 L9-Zwh6 L2-One3 L4-Spf3 L6-Wfk3 L8-Ets5 L10-Fse0
L1-Ymr6 L3-Ooi0 L5-Zup6 L7-K_n7 L9-Krs5 L2-Jng3 L4-One3 L6-Spf3 L8-Wfk3 L10-Ets5
L1-Cuo3 L3-Ymr6 L5-Ooi0 L7-Zup6 L9-K_n7 L2-Qxz5 L4-Jng3 L6-One3 L8-Spf3 L10-Wfk3
L1-Qcd2 L3-Cuo3 L5-Ymr6 L7-Ooi0 L9-Zup6 L2-Afo6 L4-Qxz5 L6-Jng3 L8-One3 L10-Spf3
L1-Hlg2 L3-Qcd2 L5-Cuo3 L7-Ymr6 L9-Ooi0 L2-Enw6 L4-Afo6 L6-Qxz5 L8-Jng3 L10-One3
L1-Rxj4 L3-Hlg2 L5-Qcd2 L7-Cuo3 L9-Ymr6 L2-Dcf5 L4-Enw6 L6-Afo6 L8-Qxz5 L10-Jng3
L1-O_z5 L3-Rxj4 L5-Hlg2 L7-Qcd2 L9-Cuo3 L2-Qpn0 L4-Dcf5 L6-Enw6 L8-Afo6 L10-Qxz5
L1-M_t4 L3-O_z5 L5-Rxj4 L7-Hlg2 L9-Qcd2 L2-Yya9 L4-Qpn0 L6-Dcf5 L8-Enw6 L10-Afo6
L1-Utc6 L3-M_t4 L5-O_z5 L7-Rxj4 L9-Hlg2 L2-Wia8 L4-Yya9 L6-Qpn0 L8-Dcf5 L10-Enw6
L1-Zkr0 L3-Utc6 L5-M_t4 L7-O_z5 L9-Rxj4 L2-Ahv5 L4-Wia8 L6-Yya9 L8-Qpn0 L10-Dcf5
L1-Iw_6 L3-Zkr0 L5-Utc6 L7-M_t4 L9-O_z5 L4-Ahv5 L6-Wia8 L8-Yya9 L10-Qpn0
L1-Ahv5 L3-Iw_6 L5-Zkr0 L7-Utc6 L9-M_t4 L6-Ahv5 L8-Wia8 L10-Yya9
L3-Ahv5 L5-Iw_6 L7-Zkr0 L9-Utc6 L8-Ahv5 L10-Wia8
L5-Ahv5 L7-Iw_6 L9-Zkr0 L10-Ahv5
L7-Ahv5 L9-Iw_6
L9-Ahv5
