13
#Here is the number of lines required: 33
##start
Zjg5 0 0
##end
Q_o6 1 1
Dpi5 2 2
Nj_3 4 4
Sti0 5 5
Bla8 8 8
Reb9 9 9
Imn7 10 10
Jvq2 15 15
Dzg1 18 18
V_y6 19 19
Dpg7 21 21
Dhb9 24 24
Iap3 28 28
Jgg6 31 31
Yuf8 33 33
Q_m9 36 36
Fdv4 40 40
Ivr1 44 44
Mbx9 47 47
Zvc2 50 50
Jtc7 54 54
Nfl3 58 58
Etl2 61 61
Yo_8 66 66
Qrc7 68 68
Jvg8 69 69
Uhm8 72 72
M_u0 73 73
Stw3 76 76
Jnl2 81 81
Tux0 82 82
Yg_0 85 85
Ork0 86 86
Nxt8 91 91
Muo8 95 95
Ndf6 99 99
Nym2 102 102
Uzz7 106 106
Uyl2 110 110
Siq5 115 115
Jrt2 118 118
B__0 121 121
Wej8 123 123
S_o0 128 128
Drh6 132 132
Ezg8 136 136
Ytc6 141 141
Btd2 144 144
Uei7 146 146
Ehz2 149 149
Hco7 151 151
Nkj1 154 154
Ddx7 156 156
Sey1 159 159
Ouj4 164 164
Jxi7 166 166
Mjs9 169 169
Gof3 173 173
Tit1 178 178
Hoa7 182 182
Q_g7 185 185
Icg4 188 188
Gct0 190 190
Kux9 192 192
Shm9 196 196
Bqs6 199 199
Pl_3 200 200
W_k3 204 204
Tcb8 208 208
Un_0 212 212
Jhe0 215 215
Ohj9 218 218
Uvw7 221 221
Mjy7 223 223
Ajk9 228 228
Uyl7 230 230
Kou3 232 232
Yby7 234 234
Dga8 238 238
Qic9 241 241
Df_8 246 246
Adn4 247 247
Qst7 250 250
Hxx5 251 251
Vdd2 252 252
Mwj2 255 255
Tdg1 258 258
Tox5 263 263
Sfu4 266 266
Xbg8 268 268
Iai4 269 269
Fqc4 272 272
Txh0 276 276
Mib6 279 279
Nmq4 281 281
Epw1 283 283
Ol_9 288 288
Hlx4 291 291
Goq8 294 294
Vri2 296 296
Hay2 299 299
Kgu9 302 302
Gjp5 306 306
Ufj2 307 307
C__5 310 310
Yhd0 312 312
Bix1 315 315
Gih8 318 318
Ced0 322 322
Uxr9 324 324
Iuu2 327 327
Cdq1 328 328
Qpi7 330 330
Gac9 332 332
Jwp6 336 336
Pmw7 340 340
Phd7 342 342
Fjh5 347 347
Msh8 349 349
Pwl6 352 352
Bu_4 355 355
Jqn8 359 359
Tcm2 362 362
Jte6 366 366
Bwd3 371 371
Xjg5 373 373
Q_z9 375 375
Ryx1 377 377
Yuw5 380 380
Okc7 382 382
Idj1 385 385
Juq6 389 389
Zdx3 394 394
Rau8 399 399
H_g5 403 403
Ndh9 407 407
Sfi7 408 408
Bna8 411 411
Sgs2 413 413
N_b4 418 418
F_t5 422 422
Hd_0 425 425
Qln8 426 426
Gq_6 431 431
Iju9 434 434
Zgv7 437 437
Pbu5 441 441
Aqx3 445 445
Qbf7 450 450
Udx8 455 455
E_g3 458 458
Veo5 462 462
Qbn6 463 463
Tiz0 467 467
Dcc7 470 470
Ue_2 473 473
F_m1 477 477
Ove0 479 479
F_k7 480 480
Oc_2 482 482
Cwf6 485 485
Qna4 488 488
Rgn6 490 490
Gx_4 494 494
Eqc8 497 497
Ke_0 498 498
Umw6 501 501
Mhe7 504 504
Aqa3 505 505
Fez9 510 510
Avr8 513 513
Mpm8 516 516
Gbz1 521 521
Vq_6 524 524
Es_2 527 527
Tht3 531 531
Urr3 532 532
Kd_6 533 533
Oic9 536 536
Fsj1 540 540
Ura9 543 543
Fy_9 547 547
Mlg4 552 552
Qmp8 556 556
Ohz6 558 558
Hgl3 561 561
D__3 562 562
G_j5 565 565
Mxu4 567 567
Su_8 571 571
Rhw6 573 573
Orq2 576 576
Xfr3 579 579
Cvb4 581 581
D_v5 584 584
Npc6 586 586
Pj_6 587 587
Tsq7 590 590
G_w4 593 593
Dsf4 595 595
Tmo5 596 596
Fxe7 600 600
T_h7 602 602
Ysa0 606 606
Eax9 608 608
Ydp1 611 611
Mtb9 614 614
Y__1 616 616
Qgw3 620 620
Bkv8 624 624
Ihb7 627 627
Rc_0 629 629
Ydu3 634 634
Xnf6 639 639
P_p1 641 641
Jxb5 644 644
No_3 649 649
Rdq0 653 653
Oy_4 656 656
Duz1 658 658
Rww3 661 661
Euv5 664 664
Cay6 666 666
Jly9 669 669
H_c0 672 672
O_y0 677 677
Xhk5 681 681
Dj_2 682 682
Qga1 685 685
Vtm5 688 688
Mvf2 693 693
Vqz0 696 696
Kxh9 701 701
Mkv6 702 702
Qzg6 705 705
Snc1 707 707
Ew_0 709 709
Cva4 712 712
Zxa7 715 715
Rko7 720 720
Wga3 724 724
Dfk8 729 729
Gxh0 731 731
Irq3 735 735
Bez3 737 737
Uzw5 740 740
Zmd0 744 744
Sge3 749 749
Yhl1 754 754
Tsx1 757 757
Jjf4 759 759
Mzj9 762 762
Xj_6 766 766
Onj5 769 769
Cgp6 773 773
Mb_6 778 778
Qcv0 779 779
Mfm2 783 783
Xjn3 787 787
Unv4 790 790
Ft_3 792 792
X_a1 796 796
Mnu3 800 800
Ndt6 803 803
Ird7 804 804
Def4 807 807
Opv0 811 811
Vrz5 814 814
Eaz9 819 819
Oat8 823 823
Zw_0 825 825
Ju_9 829 829
Gka4 833 833
Gkh2 836 836
Erd3 839 839
Mxf1 841 841
Xyw3 844 844
Ypv1 845 845
Uyt3 847 847
Duu8 849 849
Yed5 851 851
Itb3 855 855
Fut7 859 859
As_2 861 861
Jog3 863 863
Ftw4 865 865
Ppn4 867 867
Ezs7 869 869
Kjr0 872 872
Du_4 875 875
Gpk8 878 878
Twa3 881 881
Sme7 883 883
E__5 884 884
Evl4 886 886
Sfe9 890 890
Nan9 893 893
Hft9 897 897
Hht6 901 901
Mfl0 903 903
Nm_9 905 905
Jes6 907 907
Ubu0 910 910
Ofd2 913 913
Vmf5 914 914
Hqr0 918 918
Ruf4 920 920
Dsd1 924 924
Vci2 925 925
Xyp9 928 928
Hwx2 932 932
Bff7 937 937
Brp6 939 939
A_r4 942 942
Uay4 945 945
Osa1 946 946
Yzm9 949 949
Quo4 953 953
Nqv0 959 959
Sfu3 962 962
Suj1 964 964
Fez8 969 969
Ftm1 973 973
Ger3 976 976
Mqw6 980 980
Ggj1 985 985
Xgp4 988 988
Ydk4 991 991
Ouy8 993 993
Cfz2 996 996
Gzr2 997 997
M_y5 1002 1002
N__3 1003 1003
Pcx9 1006 1006
Slu9 1010 1010
Aw_4 1014 1014
I_m3 1018 1018
Ihb8 1019 1019
H_v1 1023 1023
Ocn3 1025 1025
Ato2 1026 1026
Vhh4 1030 1030
Aqn8 1035 1035
Udc3 1037 1037
Tzw1 1040 1040
Jbg4 1043 1043
Tf_7 1046 1046
N_k5 1050 1050
Zne8 1054 1054
Ukv8 1058 1058
Unn3 1061 1061
Dkc0 1064 1064
I_p9 1067 1067
Bua3 1071 1071
Uv_6 1074 1074
Nsx0 1079 1079
Fko3 1083 1083
Ebz8 1086 1086
Sws8 1091 1091
Xuc5 1094 1094
Gha9 1097 1097
W_h6 1099 1099
Ieu2 1102 1102
Adz1 1105 1105
Jt_5 1108 1108
Jrv4 1113 1113
Gz_3 1115 1115
Vky9 1120 1120
Zih3 1123 1123
Gkr2 1127 1127
V_s1 1131 1131
Eqi4 1133 1133
Iby7 1136 1136
Hef0 1139 1139
Asf9 1141 1141
Tfi6 1143 1143
Jdf8 1147 1147
Wns3 1150 1150
Dft1 1151 1151
Esp0 1155 1155
Yah4 1159 1159
Uvb5 1161 1161
Xpe1 1164 1164
Qha8 1168 1168
Gpy0 1170 1170
Rh_2 1175 1175
Oqh3 1180 1180
Pzm8 1182 1182
Dpo2 1185 1185
Mzn0 1186 1186
Dsn4 1189 1189
Gb_9 1190 1190
Gea6 1192 1192
Qpi0 1196 1196
Xia2 1199 1199
Vz_9 1203 1203
Dje5 1206 1206
Yju6 1208 1208
Dks7 1209 1209
Dhl0 1212 1212
Rxz8 1214 1214
Ogp0 1217 1217
Wil1 1222 1222
Cc_3 1224 1224
Gm_3 1228 1228
Zb_1 1231 1231
Iuw2 1236 1236
Ozn6 1240 1240
Kqr4 1242 1242
Srj2 1243 1243
Gmb3 1244 1244
Flt7 1249 1249
Qrq0 1251 1251
Bcp7 1254 1254
Sbw2 1257 1257
Gro3 1260 1260
Aov3 1262 1262
Sas3 1264 1264
Jzt5 1265 1265
Abh3 1268 1268
Hbe1 1273 1273
Vdc9 1276 1276
Pay3 1279 1279
Wcs2 1282 1282
St_0 1285 1285
Clv6 1288 1288
Ptf9 1290 1290
Gmc8 1294 1294
Q__7 1298 1298
Cun9 1301 1301
Zez4 1304 1304
H_u2 1306 1306
Cgh8 1309 1309
Tdv0 1310 1310
Xol1 1313 1313
Fhw3 1314 1314
Crv3 1317 1317
Dis3 1320 1320
Z_w2 1321 1321
Jdt6 1322 1322
Ecl9 1327 1327
Cd_0 1329 1329
Hl_0 1332 1332
Gxv0 1334 1334
Gkr1 1335 1335
Atb9 1340 1340
Duw3 1345 1345
Ovz5 1348 1348
Wy_8 1350 1350
Jri9 1352 1352
Ofz5 1357 1357
R_x7 1361 1361
Nuw5 1366 1366
Brg1 1368 1368
Bpc8 1373 1373
Nmr5 1374 1374
Ipp8 1377 1377
Put9 1380 1380
D_n3 1383 1383
Wxu6 1386 1386
Yug9 1388 1388
Onp1 1392 1392
Ttw1 1393 1393
Cer1 1396 1396
Z_c8 1397 1397
Jf_1 1401 1401
Y_l0 1404 1404
Tiu0 1407 1407
Ae_6 1411 1411
Cbn9 1415 1415
Ejv0 1418 1418
Igo7 1421 1421
Xh_2 1424 1424
Eug7 1425 1425
J_g0 1430 1430
M_z5 1431 1431
Hzn9 1435 1435
Ecr0 1438 1438
Jiq9 1442 1442
Omd4 1445 1445
Jjb7 1446 1446
Szv7 1449 1449
Qa_6 1452 1452
Zxx5 1456 1456
Jwy3 1459 1459
Qhn7 1460 1460
Zum5 1465 1465
Zcu7 1469 1469
Uvg2 1471 1471
Zti3 1475 1475
Npe1 1478 1478
Iih3 1482 1482
Cwn1 1484 1484
F_l3 1486 1486
S_b2 1491 1491
Phs5 1496 1496
U__2 1498 1498
Tof6 1499 1499
Jwj4 1502 1502
H_p1 1505 1505
Efd3 1509 1509
Gd_1 1513 1513
Sol3 1516 1516
Sgp8 1518 1518
Ata1 1521 1521
Tpj8 1524 1524
Tjt5 1526 1526
Xtd4 1531 1531
Epy3 1535 1535
Kgm9 1538 1538
Wct4 1543 1543
Rug2 1546 1546
Tjj3 1548 1548
Eyp3 1549 1549
Z_u8 1553 1553
Ocq7 1558 1558
Jcu8 1561 1561
Oyr2 1563 1563
K_p2 1564 1564
Awa8 1566 1566
Uyw7 1568 1568
Rbt9 1570 1570
A_c7 1572 1572
Xmn5 1577 1577
Qbe8 1580 1580
Xvh5 1585 1585
Qfr8 1590 1590
G_u3 1595 1595
Szt8 1598 1598
O__4 1599 1599
Ydk8 1602 1602
Mcg7 1605 1605
Kqc9 1608 1608
Tjz2 1609 1609
Ocz2 1613 1613
Jui9 1618 1618
F_b5 1621 1621
Cyo7 1623 1623
Uwh0 1625 1625
Exw0 1628 1628
Nmn3 1631 1631
P_n7 1634 1634
Csf9 1636 1636
Zgc0 1640 1640
Os_7 1644 1644
Pwx3 1647 1647
Ams9 1648 1648
Fcn4 1653 1653
Cio6 1657 1657
Xqw0 1659 1659
Gjl7 1662 1662
Ztc5 1665 1665
P_z4 1667 1667
Arp9 1671 1671
Eeq2 1673 1673
Njy7 1676 1676
Jdn0 1678 1678
Igb8 1681 1681
Eet8 1685 1685
Gue6 1690 1690
Dz_8 1693 1693
Yvp8 1695 1695
Yph3 1699 1699
Dwg0 1702 1702
Ujp1 1704 1704
Rmv0 1706 1706
Pbj1 1711 1711
Wwu2 1713 1713
Nkq9 1718 1718
Zix4 1719 1719
Iqa1 1721 1721
Mbb7 1724 1724
Glj7 1729 1729
Odk9 1733 1733
Onl9 1735 1735
Gz_7 1739 1739
Wya4 1742 1742
Sty8 1744 1744
Hip0 1748 1748
Mpx6 1752 1752
Kre9 1755 1755
Uwz6 1758 1758
V_u4 1761 1761
Oru7 1766 1766
Tfk6 1768 1768
Uvv8 1771 1771
Ncy6 1775 1775
Tka4 1776 1776
Abi1 1779 1779
Tid9 1781 1781
Ebw1 1783 1783
Jiu6 1784 1784
Qlk1 1788 1788
Bce4 1791 1791
Bnn9 1795 1795
Ocu7 1799 1799
G_v5 1804 1804
Dic0 1806 1806
Jvt8 1808 1808
Qf_5 1813 1813
Tve5 1816 1816
Gor4 1818 1818
Aci6 1821 1821
Bhz1 1822 1822
Eem6 1825 1825
N_l7 1827 1827
Sbx4 1830 1830
Kat1 1834 1834
Oem3 1837 1837
Afd4 1838 1838
Dwi3 1841 1841
Gny0 1846 1846
Kxa5 1849 1849
Ecl1 1854 1854
Gnu4 1856 1856
Kyw4 1859 1859
Kqy3 1864 1864
Sgi3 1869 1869
Fed9 1872 1872
Int7 1875 1875
Qm_6 1879 1879
Gkq3 1882 1882
Fbz2 1885 1885
M_i6 1887 1887
Gnv3 1892 1892
Gxw5 1894 1894
Hkb9 1897 1897
Gtf8 1902 1902
Byb9 1905 1905
Pzq9 1906 1906
Nef2 1910 1910
Mrf5 1912 1912
S_s0 1915 1915
Zku0 1916 1916
Kiz1 1919 1919
Jsl0 1920 1920
Pmy0 1921 1921
Uet8 1922 1922
Mrl3 1924 1924
Wit8 1928 1928
Euu0 1931 1931
Mwg8 1935 1935
Dfo2 1938 1938
Cgw1 1942 1942
Et_3 1947 1947
J_i4 1949 1949
Jog9 1951 1951
Bb_0 1953 1953
Wzi8 1956 1956
U_y6 1959 1959
Jt_4 1960 1960
Ftm1-Bla8
P_n7-Reb9
Fko3-Imn7
Rug2-Dpg7
Cio6-Dhb9
Uvv8-Iap3
Ouy8-Jgg6
Rhw6-Yuf8
D__3-Q_m9
G_w4-Fdv4
P_p1-Yo_8
Dsd1-Mwg8
Zku0-Qrc7
Zxa7-Jvg8
Yah4-Euu0
Jnl2-Wit8
Qpi0-M_u0
Hd_0-Stw3
Ato2-Mrl3
Uay4-Yg_0
Duz1-Ork0
Vri2-Pmy0
Wil1-Jsl0
Kiz1-Q_o6
Nef2-Uzz7
Uyl2-Nef2
Pzq9-Uyl2
Gxw5-Hkb9
Gnv3-Gxw5
M_i6-Gnv3
Wej8-B__0
Gkq3-Wej8
S_o0-Qm_6
Fed9-Int7
Ezg8-Drh6
Ytc6-Ezg8
Kqy3-Ytc6
Kyw4-Btd2
Gnu4-Kyw4
Ehz2-Uei7
Ecl1-Ehz2
Kxa5-Hco7
Ddx7-Gny0
Sey1-Ddx7
Ouj4-Sey1
Dwi3-Ouj4
Afd4-Dwi3
Oem3-Afd4
Eem6-N_l7
Jxi7-Eem6
Mjs9-Jxi7
Bhz1-Mjs9
Aci6-Bhz1
Tit1-Gof3
Hoa7-Tit1
Icg4-Jvt8
Zjg5-Icg4
Dic0-Q_o6
Shm9-G_v5
Ocu7-Shm9
Bqs6-Ocu7
Tcb8-W_k3
Jhe0-Un_0
Jiu6-Jhe0
Ebw1-Jiu6
Tid9-Uvw7
Mjy7-Abi1
Tka4-Mjy7
Ajk9-Tka4
Uyl7-Ajk9
Yby7-Ncy6
Dga8-Yby7
Qic9-Dga8
Uvv8-Qic9
Tfk6-Uvv8
Df_8-Tfk6
V_u4-Qst7
Hxx5-V_u4
Vdd2-Uwz6
Kre9-Vdd2
Tdg1-Mwj2
Tox5-Tdg1
Sfu4-Hip0
Xbg8-Sfu4
Iai4-Xbg8
Fqc4-Iai4
Txh0-Fqc4
Sty8-Txh0
Mib6-Sty8
Ol_9-Gz_7
Onl9-Ol_9
Vri2-Goq8
Hay2-Vri2
Kgu9-Glj7
Mbb7-Kgu9
Iqa1-Ufj2
Nkq9-Zix4
C__5-Pbj1
Zjg5-Rmv0
Bix1-Yvp8
Eet8-Gue6
Igb8-Eet8
Iuu2-Uxr9
Cdq1-Njy7
Arp9-Eeq2
P_z4-Arp9
Ztc5-P_z4
Gjl7-Ztc5
Gac9-Gjl7
Xqw0-Jwp6
Fcn4-Cio6
Pmw7-Fcn4
Phd7-Pmw7
Fjh5-Phd7
Pwl6-Msh8
Ams9-Pwl6
Pwx3-Ams9
Bu_4-Pwx3
Os_7-Bu_4
Jqn8-Os_7
Zgc0-Jqn8
Csf9-Zgc0
Tcm2-Csf9
P_n7-Tcm2
Bwd3-Jte6
Nmn3-Bwd3
Yuw5-Ocz2
Juq6-Tjz2
Kqc9-Zdx3
Mcg7-Kqc9
H_g5-Rau8
Sfi7-Ndh9
Bna8-Sfi7
Ydk8-Bna8
O__4-Ydk8
Szt8-O__4
Qfr8-G_u3
N_b4-Qbe8
Xmn5-N_b4
F_t5-Xmn5
A_c7-F_t5
Rbt9-A_c7
Hd_0-Rbt9
Qln8-Hd_0
Gq_6-Qln8
K_p2-Awa8
Iju9-K_p2
Zgv7-Iju9
Pbu5-Zgv7
Qbf7-Aqx3
Veo5-Z_u8
Eyp3-Veo5
Tjj3-Dcc7
Rug2-Tjj3
Wct4-Rug2
F_m1-Ue_2
Kgm9-F_m1
Epy3-Kgm9
Tpj8-Tjt5
Ove0-Tpj8
Ata1-Ove0
Oc_2-Sgp8
Gd_1-Sol3
H_p1-Gx_4
Eqc8-Jwj4
Tof6-Eqc8
Ke_0-Tof6
S_b2-Phs5
Mhe7-S_b2
Zti3-Avr8
Uvg2-Vq_6
Zum5-Zcu7
Urr3-Tht3
Oic9-Kd_6
Fsj1-Oic9
Qhn7-Fsj1
Ura9-Zxx5
Fy_9-Ura9
Mlg4-Fy_9
Qmp8-Mlg4
Ohz6-Qa_6
Hgl3-Ohz6
Mxu4-Szv7
Rhw6-Su_8
Hzn9-Xfr3
M_z5-Cvb4
D_v5-M_z5
J_g0-Q_o6
Eug7-J_g0
Pj_6-Xh_2
Tsq7-Pj_6
G_w4-Tsq7
Dsf4-G_w4
Igo7-Dsf4
Ejv0-Tmo5
Cbn9-Ejv0
Fxe7-Cbn9
T_h7-Fxe7
Ysa0-Ae_6
Jf_1-Y_l0
Z_c8-Jf_1
Ttw1-Cer1
Onp1-Ttw1
Mtb9-Onp1
Yug9-Mtb9
Wxu6-Y__1
Qgw3-Put9
Zjg5-Ihb7
Rc_0-Q_o6
Ydu3-Rc_0
Ipp8-Ydu3
P_p1-Xnf6
Jxb5-P_p1
Nmr5-Jxb5
No_3-Nmr5
Bpc8-No_3
Rdq0-Bpc8
Duz1-Nuw5
Rww3-R_x7
Cay6-Ofz5
Jri9-Cay6
Duw3-Ovz5
Gkr1-Atb9
Gxv0-Gkr1
Hl_0-Gxv0
Cd_0-H_c0
Ecl9-Cd_0
O_y0-Ecl9
Zjg5-Jdt6
Z_w2-Q_o6
Xhk5-Dis3
Dj_2-Xhk5
Crv3-Dj_2
Mvf2-Vtm5
Xol1-Vqz0
Tdv0-Xol1
Kxh9-Tdv0
Cgh8-Mkv6
Zez4-Qzg6
Cun9-Zez4
Gmc8-Snc1
Ptf9-Gmc8
Clv6-Cva4
Rko7-Zxa7
Zjg5-Wga3
Dfk8-Q_o6
Gxh0-Wcs2
Irq3-Gxh0
Hbe1-Vdc9
Abh3-Hbe1
Bez3-Abh3
Jzt5-Bez3
Aov3-Sas3
Bcp7-Tsx1
Xj_6-Mzj9
Flt7-Xj_6
Gmb3-Flt7
Srj2-Cgp6
Zjg5-Kqr4
Mb_6-Q_o6
Qcv0-Mb_6
Ozn6-Qcv0
Zb_1-Iuw2
Gm_3-Mfm2
Xjn3-Wil1
Ogp0-Xjn3
Dhl0-Rxz8
Ft_3-Unv4
Dks7-Ft_3
Mnu3-X_a1
Dje5-Mnu3
Vz_9-Ndt6
Xia2-Vz_9
Qpi0-Xia2
Ird7-Qpi0
Def4-Gea6
Gb_9-Def4
Opv0-Gb_9
Zjg5-Dsn4
Mzn0-Q_o6
Vrz5-Mzn0
Eaz9-Vrz5
Dpo2-Eaz9
Oqh3-Pzm8
Qha8-Gpy0
Xpe1-Qha8
Uvb5-Xpe1
Ju_9-Zw_0
Yah4-Gka4
Gkh2-Yah4
Mxf1-Erd3
Xyw3-Mxf1
Ypv1-Xyw3
Dft1-Ypv1
Duu8-Uyt3
Yed5-Wns3
Jdf8-Yed5
Tfi6-Jdf8
Asf9-Q_o6
Jog3-As_2
Ftw4-Iby7
Eqi4-Ftw4
V_s1-Eqi4
Gkr2-V_s1
Ppn4-Gkr2
Kjr0-Ezs7
Du_4-Kjr0
Gz_3-Vky9
Jt_5-Gpk8
Adz1-Twa3
Sme7-W_h6
E__5-Gha9
Ebz8-Sws8
Sfe9-Fko3
Nsx0-Q_o6
Nan9-Nsx0
Uv_6-Nan9
Bua3-Uv_6
Hft9-Bua3
Unn3-Dkc0
Ukv8-Unn3
Zne8-Ukv8
Hht6-N_k5
Tf_7-Hht6
Mfl0-Jbg4
Vhh4-Aqn8
Jes6-Nm_9
Ocn3-Ato2
Ofd2-Ocn3
Vmf5-H_v1
Ihb8-Vmf5
I_m3-Ihb8
Aw_4-I_m3
Slu9-Aw_4
Quo4-Q_o6
Ruf4-Pcx9
N__3-Ruf4
Dsd1-N__3
Gzr2-M_y5
Ydk4-Ouy8
Brp6-Bff7
Xgp4-Brp6
Ggj1-Xgp4
Ger3-Osa1
Yzm9-Ftm1
Fez8-Yzm9
Zjg5-Nqv0
Nqv0-Sfu3
Sfu3-Suj1
Suj1-Fez8
Ftm1-Ger3
Osa1-Uay4
Uay4-Mqw6
Mqw6-A_r4
A_r4-Ggj1
Bff7-Hwx2
Hwx2-Ydk4
Ouy8-Xyp9
Xyp9-Cfz2
Cfz2-Gzr2
M_y5-Vci2
Vci2-Dsd1
Pcx9-Hqr0
Hqr0-Quo4
Zjg5-Slu9
H_v1-Ofd2
Ato2-Ubu0
Ubu0-Jes6
Nm_9-Vhh4
Aqn8-Udc3
Udc3-Tzw1
Tzw1-Mfl0
Jbg4-Tf_7
N_k5-Zne8
Dkc0-I_p9
I_p9-Hft9
Zjg5-Sfe9
Fko3-Evl4
Evl4-Ebz8
Sws8-Xuc5
Xuc5-E__5
Gha9-Sme7
W_h6-Ieu2
Ieu2-Adz1
Twa3-Jt_5
Gpk8-Jrv4
Jrv4-Gz_3
Vky9-Zih3
Zih3-Du_4
Ezs7-Ppn4
Iby7-Jog3
As_2-Hef0
Hef0-Fut7
Fut7-Asf9
Zjg5-Itb3
Itb3-Tfi6
Wns3-Duu8
Uyt3-Dft1
Erd3-Esp0
Esp0-Gkh2
Gka4-Ju_9
Zw_0-Uvb5
Gpy0-Oat8
Oat8-Rh_2
Rh_2-Oqh3
Pzm8-Dpo2
Dsn4-Opv0
Gea6-Ird7
Ndt6-Dje5
X_a1-Yju6
Yju6-Dks7
Unv4-Dhl0
Rxz8-Ogp0
Wil1-Cc_3
Cc_3-Gm_3
Mfm2-Zb_1
Iuw2-Ozn6
Kqr4-Srj2
Cgp6-Onj5
Onj5-Gmb3
Mzj9-Qrq0
Qrq0-Jjf4
Jjf4-Bcp7
Tsx1-Sbw2
Sbw2-Yhl1
Yhl1-Sge3
Sge3-Zmd0
Zmd0-Gro3
Gro3-Uzw5
Uzw5-Aov3
Sas3-Jzt5
Vdc9-Pay3
Pay3-Irq3
Wcs2-Dfk8
Wga3-Rko7
Zxa7-St_0
St_0-Clv6
Cva4-Ew_0
Ew_0-Ptf9
Snc1-Q__7
Q__7-Cun9
Qzg6-H_u2
H_u2-Cgh8
Mkv6-Kxh9
Vqz0-Mvf2
Vtm5-Fhw3
Fhw3-Qga1
Qga1-Crv3
Dis3-Z_w2
Jdt6-O_y0
H_c0-Jly9
Jly9-Hl_0
Atb9-Duw3
Ovz5-Wy_8
Wy_8-Jri9
Ofz5-Euv5
Euv5-Rww3
R_x7-Duz1
Nuw5-Brg1
Brg1-Oy_4
Oy_4-Rdq0
Xnf6-Ipp8
Ihb7-Bkv8
Bkv8-Qgw3
Put9-D_n3
D_n3-Wxu6
Y__1-Yug9
Cer1-Ydp1
Ydp1-Eax9
Eax9-Z_c8
Y_l0-Tiu0
Tiu0-Ysa0
Ae_6-T_h7
Tmo5-Igo7
Xh_2-Eug7
Zjg5-Npc6
Npc6-D_v5
Cvb4-Hzn9
Xfr3-Ecr0
Ecr0-Jiq9
Jiq9-Orq2
Orq2-Rhw6
Su_8-Omd4
Omd4-Jjb7
Jjb7-Mxu4
Szv7-G_j5
G_j5-D__3
D__3-Hgl3
Qa_6-Qmp8
Zxx5-Jwy3
Jwy3-Qhn7
Kd_6-Urr3
Tht3-Es_2
Es_2-Zum5
Zcu7-Uvg2
Vq_6-Gbz1
Gbz1-Mpm8
Mpm8-Zti3
Avr8-Fez9
Fez9-Aqa3
Aqa3-Npe1
Npe1-Iih3
Iih3-Cwn1
Cwn1-F_l3
F_l3-Mhe7
Phs5-U__2
U__2-Umw6
Umw6-Ke_0
Jwj4-H_p1
Gx_4-Rgn6
Rgn6-Efd3
Efd3-Qna4
Qna4-Cwf6
Cwf6-Gd_1
Sol3-Oc_2
Sgp8-F_k7
F_k7-Ata1
Tjt5-Xtd4
Xtd4-Epy3
Ue_2-Wct4
Dcc7-Tiz0
Tiz0-Qbn6
Qbn6-Eyp3
Z_u8-E_g3
E_g3-Udx8
Udx8-Q_o6
Zjg5-Qbf7
Aqx3-Ocq7
Ocq7-Jcu8
Jcu8-Oyr2
Oyr2-Pbu5
Awa8-Uyw7
Uyw7-Gq_6
Qbe8-Xvh5
Xvh5-Qfr8
G_u3-Sgs2
Sgs2-Szt8
Ndh9-H_g5
Rau8-Mcg7
Zdx3-Juq6
Tjz2-Idj1
Idj1-Okc7
Okc7-Yuw5
Ocz2-Jui9
Jui9-F_b5
F_b5-Ryx1
Ryx1-Q_z9
Q_z9-Xjg5
Xjg5-Cyo7
Cyo7-Uwh0
Uwh0-Exw0
Exw0-Nmn3
Jte6-P_n7
Msh8-Fjh5
Cio6-Xqw0
Jwp6-Gac9
Eeq2-Qpi7
Qpi7-Cdq1
Njy7-Iuu2
Uxr9-Ced0
Ced0-Gih8
Gih8-Jdn0
Jdn0-Igb8
Gue6-Dz_8
Dz_8-Bix1
Yvp8-Yph3
Yph3-Dwg0
Dwg0-Ujp1
Ujp1-Q_o6
Rmv0-Yhd0
Yhd0-C__5
Pbj1-Wwu2
Wwu2-Nkq9
Zix4-Iqa1
Ufj2-Gjp5
Gjp5-Mbb7
Glj7-Hay2
Goq8-Hlx4
Hlx4-Odk9
Odk9-Onl9
Gz_7-Epw1
Epw1-Nmq4
Nmq4-Wya4
Wya4-Mib6
Hip0-Mpx6
Mpx6-Tox5
Mwj2-Kre9
Uwz6-Hxx5
Qst7-Oru7
Oru7-Adn4
Adn4-Df_8
Ncy6-Kou3
Kou3-Uyl7
Abi1-Tid9
Uvw7-Ohj9
Ohj9-Ebw1
Un_0-Qlk1
Qlk1-Bce4
Bce4-Bnn9
Bnn9-Tcb8
W_k3-Pl_3
Pl_3-Bqs6
G_v5-Kux9
Kux9-Gct0
Gct0-Dic0
Jvt8-Qf_5
Qf_5-Q_g7
Q_g7-Hoa7
Gof3-Tve5
Tve5-Gor4
Gor4-Aci6
N_l7-Sbx4
Sbx4-Kat1
Kat1-Oem3
Gny0-Nkj1
Nkj1-Kxa5
Hco7-Ecl1
Uei7-Gnu4
Btd2-Kqy3
Drh6-Sgi3
Sgi3-Fed9
Int7-S_o0
Qm_6-Gkq3
B__0-Fbz2
Fbz2-M_i6
Hkb9-Gtf8
Gtf8-Byb9
Byb9-Jrt2
Jrt2-Siq5
Siq5-Pzq9
Uzz7-Nym2
Nym2-Ndf6
Ndf6-Mrf5
Mrf5-S_s0
S_s0-Zku0
Zku0-Kiz1
Rug2-Muo8
Mcg7-Nxt8
Rmv0-Uet8
Sbx4-Tux0
Ofz5-Jnl2
Oy_4-Uhm8
Su_8-Dfo2
Ocz2-Etl2
Tjt5-Cgw1
Uet8-Nfl3
Mkv6-Jtc7
Gbz1-Zvc2
Tit1-Mbx9
Tit1-Ivr1
V_s1-Et_3
Oem3-J_i4
Bna8-V_y6
Yg_0-Jog9
Mjs9-Dzg1
Igb8-Bb_0
Ced0-Wzi8
Zti3-Jvq2
Onl9-U_y6
Rug2-Jt_4
Vrz5-Sti0
St_0-Nj_3
Mwg8-Dpi5
#Here is the number of lines required: 33

L1-Dsn4 L2-Kqr4 L3-Wga3 L4-Nqv0
L1-Opv0 L5-Dsn4 L2-Srj2 L6-Kqr4 L3-Rko7 L7-Wga3 L4-Sfu3 L8-Nqv0
L1-Gb_9 L5-Opv0 L9-Dsn4 L2-Cgp6 L6-Srj2 L10-Kqr4 L3-Zxa7 L7-Rko7 L11-Wga3 L4-Suj1 L8-Sfu3 L12-Nqv0
L1-Def4 L5-Gb_9 L9-Opv0 L2-Onj5 L6-Cgp6 L10-Srj2 L3-St_0 L7-Zxa7 L11-Rko7 L4-Fez8 L8-Suj1 L12-Sfu3 L13-Nqv0
L1-Gea6 L5-Def4 L9-Gb_9 L2-Gmb3 L6-Onj5 L10-Cgp6 L3-Clv6 L7-St_0 L11-Zxa7 L4-Yzm9 L8-Fez8 L12-Suj1 L13-Sfu3
L1-Ird7 L5-Gea6 L9-Def4 L2-Flt7 L6-Gmb3 L10-Onj5 L3-Cva4 L7-Clv6 L11-St_0 L4-Ftm1 L8-Yzm9 L12-Fez8 L13-Suj1
L1-Qpi0 L5-Ird7 L9-Gea6 L2-Xj_6 L6-Flt7 L10-Gmb3 L3-Ew_0 L7-Cva4 L11-Clv6 L4-Ger3 L8-Ftm1 L12-Yzm9 L13-Fez8
L1-Xia2 L5-Qpi0 L9-Ird7 L2-Mzj9 L6-Xj_6 L10-Flt7 L3-Ptf9 L7-Ew_0 L11-Cva4 L4-Osa1 L8-Ger3 L12-Ftm1 L13-Yzm9
L1-Vz_9 L5-Xia2 L9-Qpi0 L2-Qrq0 L6-Mzj9 L10-Xj_6 L3-Gmc8 L7-Ptf9 L11-Ew_0 L4-Uay4 L8-Osa1 L12-Ger3 L13-Ftm1
L1-Ndt6 L5-Vz_9 L9-Xia2 L2-Jjf4 L6-Qrq0 L10-Mzj9 L3-Snc1 L7-Gmc8 L11-Ptf9 L4-Mqw6 L8-Uay4 L12-Osa1 L13-Ger3
L1-Dje5 L5-Ndt6 L9-Vz_9 L2-Bcp7 L6-Jjf4 L10-Qrq0 L3-Q__7 L7-Snc1 L11-Gmc8 L4-A_r4 L8-Mqw6 L12-Uay4 L13-Osa1
L1-Mnu3 L5-Dje5 L9-Ndt6 L2-Tsx1 L6-Bcp7 L10-Jjf4 L3-Cun9 L7-Q__7 L11-Snc1 L4-Ggj1 L8-A_r4 L12-Mqw6 L13-Uay4
L1-X_a1 L5-Mnu3 L9-Dje5 L2-Sbw2 L6-Tsx1 L10-Bcp7 L3-Zez4 L7-Cun9 L11-Q__7 L4-Xgp4 L8-Ggj1 L12-A_r4 L13-Mqw6
L1-Yju6 L5-X_a1 L9-Mnu3 L2-Yhl1 L6-Sbw2 L10-Tsx1 L3-Qzg6 L7-Zez4 L11-Cun9 L4-Brp6 L8-Xgp4 L12-Ggj1 L13-A_r4
L1-Dks7 L5-Yju6 L9-X_a1 L2-Sge3 L6-Yhl1 L10-Sbw2 L3-H_u2 L7-Qzg6 L11-Zez4 L4-Bff7 L8-Brp6 L12-Xgp4 L13-Ggj1
L1-Ft_3 L5-Dks7 L9-Yju6 L2-Zmd0 L6-Sge3 L10-Yhl1 L3-Cgh8 L7-H_u2 L11-Qzg6 L4-Hwx2 L8-Bff7 L12-Brp6 L13-Xgp4
L1-Unv4 L5-Ft_3 L9-Dks7 L2-Gro3 L6-Zmd0 L10-Sge3 L3-Mkv6 L7-Cgh8 L11-H_u2 L4-Ydk4 L8-Hwx2 L12-Bff7 L13-Brp6
L1-Dhl0 L5-Unv4 L9-Ft_3 L2-Uzw5 L6-Gro3 L10-Zmd0 L3-Kxh9 L7-Mkv6 L11-Cgh8 L4-Ouy8 L8-Ydk4 L12-Hwx2 L13-Bff7
L1-Rxz8 L5-Dhl0 L9-Unv4 L2-Aov3 L6-Uzw5 L10-Gro3 L3-Tdv0 L7-Kxh9 L11-Mkv6 L4-Xyp9 L8-Ouy8 L12-Ydk4 L13-Hwx2
L1-Ogp0 L5-Rxz8 L9-Dhl0 L2-Sas3 L6-Aov3 L10-Uzw5 L3-Xol1 L7-Tdv0 L11-Kxh9 L4-Cfz2 L8-Xyp9 L12-Ouy8 L13-Ydk4
L1-Xjn3 L5-Ogp0 L9-Rxz8 L2-Jzt5 L6-Sas3 L10-Aov3 L3-Vqz0 L7-Xol1 L11-Tdv0 L4-Gzr2 L8-Cfz2 L12-Xyp9 L13-Ouy8
L1-Wil1 L5-Xjn3 L9-Ogp0 L2-Bez3 L6-Jzt5 L10-Sas3 L3-Mvf2 L7-Vqz0 L11-Xol1 L4-M_y5 L8-Gzr2 L12-Cfz2 L13-Xyp9
L1-Cc_3 L5-Wil1 L9-Xjn3 L2-Abh3 L6-Bez3 L10-Jzt5 L3-Vtm5 L7-Mvf2 L11-Vqz0 L4-Vci2 L8-M_y5 L12-Gzr2 L13-Cfz2
L1-Gm_3 L5-Cc_3 L9-Wil1 L2-Hbe1 L6-Abh3 L10-Bez3 L3-Fhw3 L7-Vtm5 L11-Mvf2 L4-Dsd1 L8-Vci2 L12-M_y5 L13-Gzr2
L1-Mfm2 L5-Gm_3 L9-Cc_3 L2-Vdc9 L6-Hbe1 L10-Abh3 L3-Qga1 L7-Fhw3 L11-Vtm5 L4-N__3 L8-Dsd1 L12-Vci2 L13-M_y5
L1-Zb_1 L5-Mfm2 L9-Gm_3 L2-Pay3 L6-Vdc9 L10-Hbe1 L3-Crv3 L7-Qga1 L11-Fhw3 L4-Ruf4 L8-N__3 L12-Dsd1 L13-Vci2
L1-Iuw2 L5-Zb_1 L9-Mfm2 L2-Irq3 L6-Pay3 L10-Vdc9 L3-Dj_2 L7-Crv3 L11-Qga1 L4-Pcx9 L8-Ruf4 L12-N__3 L13-Dsd1
L1-Ozn6 L5-Iuw2 L9-Zb_1 L2-Gxh0 L6-Irq3 L10-Pay3 L3-Xhk5 L7-Dj_2 L11-Crv3 L4-Hqr0 L8-Pcx9 L12-Ruf4 L13-N__3
L1-Qcv0 L5-Ozn6 L9-Iuw2 L2-Wcs2 L6-Gxh0 L10-Irq3 L3-Dis3 L7-Xhk5 L11-Dj_2 L4-Quo4 L8-Hqr0 L12-Pcx9 L13-Ruf4
L1-Mb_6 L5-Qcv0 L9-Ozn6 L2-Dfk8 L6-Wcs2 L10-Gxh0 L3-Z_w2 L7-Dis3 L11-Xhk5 L4-Q_o6 L8-Quo4 L12-Hqr0 L13-Pcx9
L1-Q_o6 L5-Mb_6 L9-Qcv0 L2-Q_o6 L6-Dfk8 L10-Wcs2 L3-Q_o6 L7-Z_w2 L11-Dis3 L8-Q_o6 L12-Quo4 L13-Hqr0
L5-Q_o6 L9-Mb_6 L6-Q_o6 L10-Dfk8 L7-Q_o6 L11-Z_w2 L12-Q_o6 L13-Quo4
L9-Q_o6 L10-Q_o6 L11-Q_o6 L13-Q_o6
