9
#Here is the number of lines required: 30
##start
In_1 3 3
##end
Czs9 5 5
Tcr9 8 8
Vhr2 13 13
Vm_7 15 15
Qyv7 20 20
Dvg1 23 23
Xhj2 25 25
Ny_4 28 28
Dyq4 31 31
Wji5 33 33
Owf6 36 36
Npq9 40 40
Is_8 44 44
Gvs7 47 47
K_q5 51 51
Iis3 56 56
Kyo3 58 58
Rxv1 63 63
Idb1 67 67
Eqz4 71 71
Z__9 75 75
Pkf8 77 77
Ayd0 81 81
Dlp9 84 84
Tcq5 87 87
Wpn7 88 88
X_v9 89 89
Mvc0 92 92
I_m1 96 96
Hqw9 101 101
Fdy2 105 105
Kzz7 108 108
Rb_6 112 112
Sjn2 115 115
P_a3 120 120
Pdw1 123 123
Nvt3 126 126
Svb3 130 130
Nmt6 134 134
Vqd1 138 138
Ywo4 141 141
D_t5 142 142
Shx0 146 146
Zgr9 149 149
Wqy6 152 152
Gl_6 154 154
Gae7 157 157
Npz7 158 158
H__9 159 159
Tq_7 162 162
Pll3 163 163
Dz_0 164 164
H_a8 166 166
Phi4 170 170
Sht5 173 173
Wpp5 178 178
Nun6 182 182
Ehj1 184 184
A_s0 187 187
Pxx2 191 191
Qiq7 196 196
Qtn5 198 198
Pxb0 200 200
Fxt6 203 203
Cf_6 207 207
Meh6 212 212
Pwk4 215 215
Rzh9 216 216
Blq6 220 220
P_d6 224 224
Tgt8 228 228
J__6 232 232
Sgb6 234 234
Uxy1 238 238
Rwl7 242 242
Ci_1 244 244
W_r3 246 246
Qph6 248 248
Oev5 253 253
Pri7 255 255
X_e2 260 260
Sjt3 263 263
Uz_8 268 268
Dhl1 270 270
Vnv0 273 273
Xec8 275 275
Zm_5 279 279
Fu_8 282 282
Cix9 283 283
Qbl2 288 288
Gme1 291 291
K_l6 294 294
Wsw3 298 298
Viz9 302 302
Hok6 304 304
Mzm1 307 307
Ero5 309 309
O_j0 310 310
Kgv3 313 313
Yda7 316 316
Myo3 319 319
Xys4 323 323
Nqo5 326 326
W_i6 329 329
Zjp1 333 333
Jg_8 336 336
Yep4 338 338
Zet7 340 340
Adr9 343 343
Ua_5 348 348
Xzv3 351 351
Iul5 352 352
Aj_9 353 353
Hvr3 355 355
Drl2 358 358
Frq7 361 361
Dtk6 363 363
Pgx6 364 364
Pnp1 366 366
Fk_3 370 370
A_m9 373 373
Vkn9 376 376
Vva1 379 379
Ur_7 382 382
Q_b0 386 386
Vil8 389 389
Qnm7 392 392
O_x9 395 395
Jhy4 400 400
Oze3 403 403
Oij7 406 406
Mwx0 407 407
Y__5 409 409
Mjr3 413 413
Udx1 416 416
Sxk5 419 419
Wqh4 420 420
Nqi1 422 422
Sol2 427 427
Sja1 430 430
Wqy4 433 433
Pdg7 434 434
Yho5 437 437
Ovk7 440 440
Qpj9 441 441
Ii_7 444 444
Vur4 445 445
Who7 449 449
R_m5 451 451
Dba9 454 454
Edv2 457 457
Eki9 460 460
Tlg1 463 463
Bbs2 467 467
Rhn7 470 470
S_a0 473 473
C_y3 476 476
Nux7 479 479
Veb9 483 483
Ab_2 487 487
Msa9 491 491
Kzp6 493 493
Qcs8 495 495
Egu4 498 498
Vqb0 500 500
Njb1 503 503
Hnq2 506 506
Fqt8 509 509
Mcf0 510 510
Bnm9 514 514
Jyl7 518 518
Jvm9 523 523
Izs7 524 524
Zpe0 527 527
Xva9 530 530
Qrk3 531 531
Nwm5 535 535
Jrp4 539 539
Ova6 543 543
G_f2 546 546
Erm6 550 550
Pdz9 552 552
Dsl1 556 556
Xpt4 558 558
Mrs6 560 560
Jgx3 562 562
Nwe8 564 564
Iad5 567 567
Vbm1 571 571
Bln2 575 575
Kvr2 576 576
Cue8 580 580
Naz9 583 583
Aup2 586 586
Ygj9 591 591
Jqb8 593 593
Mo_8 594 594
Omv1 598 598
Oxx6 601 601
Smb2 604 604
H_u9 608 608
Nuy1 610 610
Vd_2 612 612
Ejt0 617 617
Q__1 621 621
Rwy8 625 625
Agj6 628 628
Cle8 632 632
Wpd9 637 637
Trf2 641 641
Hxu7 643 643
Rwz7 648 648
Qu_3 651 651
Dkb0 653 653
Jkn9 656 656
Qcq0 660 660
Fq_9 661 661
Qmw5 665 665
Vyq7 669 669
Kmq4 674 674
Jhb7 678 678
Xku7 681 681
Fwn6 685 685
Tlt9 687 687
Evf4 692 692
Wov7 694 694
Yyb4 697 697
Zpa2 700 700
F_z0 705 705
Fcz6 706 706
Mza2 708 708
Hwj9 711 711
Uie9 715 715
E_q1 716 716
Cak7 721 721
Cp_7 723 723
Qqd0 727 727
A_g0 730 730
Fsi7 735 735
Yeh0 738 738
B_e7 740 740
Sbc5 743 743
Dyp0 747 747
Dem2 748 748
Xfy4 751 751
Y__4 755 755
Gtx9 758 758
Jq_8 761 761
Zto9 764 764
Nhc0 768 768
Kvs1 772 772
Jmq5 773 773
Afn7 776 776
Dmx8 779 779
Qqi6 782 782
Txa7 785 785
Ryq0 787 787
Z__0 791 791
Cm_6 793 793
Iei2 795 795
Iwm1 798 798
Ide4 801 801
X_r4 804 804
Kra6 808 808
Ykm8 813 813
Vnc8 816 816
Tal6 821 821
Wrm2 825 825
Blg0 828 828
Rmk1 831 831
Swo3 834 834
Wuy6 837 837
S__6 842 842
Au_1 844 844
Rhl7 845 845
Hqb5 850 850
Biq4 852 852
Ixa6 855 855
Ezc9 859 859
Nrs3 863 863
Dap0 867 867
Udu8 871 871
Jfs5 874 874
Zl_8 877 877
Zsi8 879 879
Jod6 880 880
Xbw4 882 882
N_r1 884 884
Xd_4 886 886
W_b6 888 888
R_s3 892 892
S_b5 893 893
Wba3 896 896
Klg8 900 900
Cel1 904 904
Eot7 905 905
Yjv7 908 908
Pbs0 911 911
Wog4 912 912
Fmq3 916 916
Ry_9 919 919
Owq3 922 922
Nbn8 923 923
Rpx0 926 926
Ql_1 931 931
Xsz0 935 935
Ck_9 938 938
Xls5 940 940
Pez6 943 943
Scs1 946 946
Udl9 948 948
Slu4 951 951
Nuz7 956 956
Rn_3 960 960
Jew2 962 962
Jwp7 965 965
Vyc1 967 967
Z__1 971 971
Wtg4 972 972
Ejt4 977 977
Cfa6 981 981
Mtb0 983 983
Tth3 986 986
Pux6 990 990
Mao2 994 994
Ouh6 999 999
Ift1 1002 1002
Ftc8 1004 1004
Ada2 1007 1007
Oox3 1011 1011
Bmv3 1015 1015
Wta7 1018 1018
Zax4 1019 1019
I__7 1024 1024
Nil2 1028 1028
A_g7 1031 1031
Qlp5 1035 1035
Jse6 1040 1040
Zl_5 1043 1043
Xfv3 1046 1046
Euy6 1049 1049
Ojm4 1051 1051
Pvw5 1053 1053
Kmd0 1058 1058
Abc8 1059 1059
Fhj6 1063 1063
Bhr1 1065 1065
Zsu4 1070 1070
Fkv8 1074 1074
Vzq2 1079 1079
Ocv7 1081 1081
Pnh3 1083 1083
Hkc0 1086 1086
Y_t2 1091 1091
Rfs2 1094 1094
Adp3 1097 1097
Cpi6 1099 1099
Nrs0 1103 1103
Jnz2 1105 1105
Fur6 1110 1110
Zvs4 1113 1113
Gkt7 1116 1116
Aas2 1120 1120
Hjq3 1121 1121
Wps3 1122 1122
Tgd2 1126 1126
E_d8 1130 1130
Xn_4 1135 1135
I_g8 1137 1137
Nk_4 1141 1141
Bzw8 1145 1145
Puf9 1147 1147
Fet5 1152 1152
Zfa1 1156 1156
Gk_0 1157 1157
Rxr4 1162 1162
Qlx1 1166 1166
Noc3 1171 1171
R_t2 1174 1174
Str0 1178 1178
Vxk0 1180 1180
Ooz1 1185 1185
Gfc2 1188 1188
Zwm2 1189 1189
Igt6 1191 1191
Hfy1 1194 1194
Pck1 1196 1196
Yea0 1198 1198
Jzn5 1200 1200
Vbp1 1202 1202
Xqj4 1205 1205
Wsa0 1209 1209
Bon9 1210 1210
Nw_2 1214 1214
Dnk0 1216 1216
Fkd5 1219 1219
Hhm3 1221 1221
Yog9 1222 1222
Upt5 1227 1227
Izl5 1230 1230
Y_j6 1234 1234
H_u3 1239 1239
Vnt3 1244 1244
Ghu4 1247 1247
Mqb7 1252 1252
Ofd9 1255 1255
Rvu8 1259 1259
Uoy2 1261 1261
Xxq4 1263 1263
Afo4 1267 1267
Tge4 1270 1270
Mnn6 1275 1275
Dll6 1280 1280
Xif9 1283 1283
Afu1 1288 1288
Rtx1 1291 1291
Vj_0 1294 1294
Rzt9 1296 1296
Elg0 1299 1299
Cu_0 1300 1300
Ysu8 1303 1303
Hg_2 1306 1306
Vo_0 1310 1310
Pmx3 1311 1311
Nak0 1315 1315
Ntb8 1318 1318
Ffc4 1319 1319
Fug8 1322 1322
Qkt6 1326 1326
Wpj2 1327 1327
Rdx5 1329 1329
Jkz4 1334 1334
Bzg3 1338 1338
Iid8 1343 1343
Pec2 1347 1347
Pa_5 1350 1350
Pue0 1351 1351
O__8 1355 1355
Isu2 1360 1360
Zko3 1363 1363
Xug6 1365 1365
T__2 1368 1368
Bwg6 1372 1372
Cqr8 1375 1375
Sl_0 1376 1376
Xcu7 1379 1379
Foq4 1383 1383
Aha8 1385 1385
C__8 1386 1386
G_w8 1388 1388
Fq_7 1391 1391
Dae5 1392 1392
Nbr7 1393 1393
Ird9 1394 1394
Ixn8 1397 1397
Uhx8 1401 1401
Djv6 1404 1404
Upx4 1408 1408
Nb_9 1411 1411
Upr6 1415 1415
Acd5 1420 1420
Wa_8 1422 1422
Sap0 1425 1425
Clw1 1427 1427
Ybo4 1431 1431
H_h0 1435 1435
H_m3 1438 1438
Ohx9 1442 1442
Zmv7 1443 1443
Ujh5 1446 1446
Tio4 1450 1450
Uww7 1453 1453
Jxf2 1457 1457
Zac2 1461 1461
Edl5 1462 1462
Ei_2 1464 1464
P_z3 1467 1467
Gaw9 1471 1471
Sze6 1474 1474
V_d2 1477 1477
M_z3 1480 1480
Y_h1 1483 1483
Fyk8 1486 1486
Dzy0 1489 1489
Vsu0 1493 1493
R_g3 1497 1497
Ypy8 1501 1501
Fgb7 1503 1503
Ynm2 1505 1505
Vgy5 1509 1509
Emq6 1514 1514
H_w2 1518 1518
Pld3 1523 1523
Mvm4 1526 1526
Yxi3 1527 1527
Sri3 1530 1530
Nck7 1534 1534
Cus4 1537 1537
Zon9 1541 1541
Ezy5 1543 1543
Mnn5 1547 1547
J_w2 1549 1549
T_j0 1553 1553
Bn_9 1557 1557
Pk_1 1559 1559
Jgk9 1562 1562
Cnc2 1564 1564
Bju3 1566 1566
Po_5 1569 1569
Pe_6 1574 1574
Ioi1 1576 1576
Zri3 1579 1579
Gku4 1583 1583
Duf6 1585 1585
Jmw4 1590 1590
Ziq1 1592 1592
Dlq2 1597 1597
O_n2 1601 1601
Mp_7 1604 1604
Gkc9 1606 1606
Ifg9 1609 1609
Tgp2 1612 1612
Dli9 1615 1615
Ept7 1620 1620
A_g4 1623 1623
Rhl2 1627 1627
Gyh6 1629 1629
Ddl8 1634 1634
Man2 1637 1637
Jmw6 1639 1639
Mxg5 1643 1643
Mri1 1646 1646
Rim6 1648 1648
Mpf9 1650 1650
Pfy0 1651 1651
Nbg8 1656 1656
Tc_4 1659 1659
Pwn3 1662 1662
Qmx6 1664 1664
D_f8 1667 1667
Wlo6 1671 1671
Hbb9 1675 1675
Mkk9 1680 1680
Esf4 1685 1685
Wvi3 1688 1688
Csn5 1691 1691
Uiq3 1695 1695
Nvq2 1700 1700
Mlt1 1703 1703
Nmv5 1706 1706
Og_6 1710 1710
I_d9 1715 1715
J_n7 1717 1717
Qvq4 1719 1719
Iwm9 1723 1723
Url4 1725 1725
Qsm5 1727 1727
I_v4 1732 1732
Mxk6 1735 1735
Kwx9 1737 1737
Seq5 1738 1738
Ywy8 1742 1742
Oen1 1746 1746
Hol9 1750 1750
Eyq1 1751 1751
Fuy5 1754 1754
Kwk5 1758 1758
Aog0 1761 1761
Qea9 1764 1764
Dgn6 1768 1768
Xzm6 1771 1771
Pvf8 1774 1774
Hcb6 1777 1777
Jt_9 1780 1780
Iq_8 1782 1782
H_w3 1787 1787
Xqt8 1791 1791
Gna6 1794 1794
Opo5 1797 1797
Ekb8 1800 1800
Wev5 1803 1803
Amq9 1806 1806
Dcx3 1807 1807
Eht3 1809 1809
Rvu0 1810 1810
Eko5 1813 1813
Xay6 1817 1817
Rzz0 1821 1821
Zvt8 1824 1824
Qyc1 1826 1826
Kvq9 1830 1830
Kuq8 1833 1833
Kmb9 1836 1836
Dql3 1839 1839
Tau8 1843 1843
D_d8 1846 1846
Rnb2 1849 1849
Dbf4 1852 1852
A_v6 1854 1854
Uar1 1857 1857
Qbw7 1860 1860
Pgt2 1864 1864
Wll5 1865 1865
Yrw8 1868 1868
Bkr2 1873 1873
Zbg7 1874 1874
Orr3 1877 1877
Uhy1 1878 1878
Nee6 1881 1881
Pzy0 1884 1884
Mch5 1888 1888
Azg3 1889 1889
Pny4 1892 1892
F_f4 1893 1893
Vos3 1896 1896
Pvz1 1901 1901
Rsj0 1903 1903
Bde2 1906 1906
Cbt9 1909 1909
Stw4 1913 1913
Cis7 1916 1916
Dya4 1919 1919
Sgu6 1920 1920
Gek7 1921 1921
Xxi3 1924 1924
Kwi5 1928 1928
War2 1932 1932
Vte3 1937 1937
Tfo7 1939 1939
Wpp0 1940 1940
Fst6 1942 1942
Ech1 1943 1943
Dm_8 1945 1945
Uvm1 1946 1946
Kan3 1949 1949
Cyi0 1950 1950
Mkv2 1951 1951
Tyw9 1954 1954
Ti_5 1957 1957
V_f1 1960 1960
Ewg1 1963 1963
Tk_3 1967 1967
Zkt2 1968 1968
F__1 1971 1971
Qgr0 1972 1972
Jyc1 1975 1975
Ahi6 1976 1976
Boa5 1979 1979
S_i3 1982 1982
Mdh6 1986 1986
Tgp3 1988 1988
Rbg9 1991 1991
Sf_1 1992 1992
Rim6-Sf_1
Kmq4-Vhr2
Xug6-Vm_7
Mqb7-Tgp3
Rfs2-Qyv7
Ab_2-Boa5
Jkn9-Xhj2
Pdz9-Dyq4
Rdx5-Wji5
Nux7-Owf6
Nqi1-Is_8
Isu2-Gvs7
Nbr7-Kyo3
Uww7-Ti_5
Qtn5-Eqz4
Bwg6-Tyw9
Vva1-Z__9
Upt5-Pkf8
Clw1-Mkv2
X_e2-Cyi0
Tth3-Tcq5
Wsw3-Kan3
Uar1-X_v9
Phi4-Mvc0
Udl9-Kzz7
W_i6-Rb_6
Y__4-Sjn2
Bhr1-Ech1
Fu_8-Fst6
Yrw8-Tfo7
Gkc9-Vte3
Jg_8-War2
Qlp5-Kwi5
Xzv3-Sgu6
Myo3-Nmt6
Ifg9-Cbt9
Ixn8-Bde2
Dyp0-Pvz1
Zvt8-Zgr9
Pck1-Pny4
Nun6-Wqy6
Hxu7-Azg3
Zwm2-Mch5
Vnv0-H__9
Pzy0-Czs9
Tq_7-Pzy0
Uhy1-Pll3
Dz_0-Uhy1
H_a8-Dz_0
Phi4-H_a8
Bkr2-Zbg7
Yrw8-Bkr2
Wpp5-Pgt2
Nun6-Wpp5
Uar1-Qbw7
Ehj1-A_v6
A_s0-Dbf4
Rnb2-A_s0
Pxx2-Rnb2
Tau8-Qiq7
Pxb0-Dql3
Qyc1-Kvq9
Fxt6-Zvt8
Rzh9-Pwk4
Xay6-Rzh9
Blq6-Eko5
Rvu0-Blq6
Eht3-Rvu0
Dcx3-Eht3
Amq9-Dcx3
Wev5-Tgt8
J__6-Wev5
Gna6-Sgb6
Uxy1-Gna6
Xqt8-Ci_1
W_r3-Xqt8
Oev5-Qph6
H_w3-X_e2
Vnv0-Iq_8
Xec8-Vnv0
Fu_8-Czs9
Cix9-Fu_8
Qbl2-Cix9
Gme1-Qbl2
K_l6-Gme1
Jt_9-K_l6
Wsw3-Jt_9
Viz9-Wsw3
Dgn6-Xzm6
Qea9-Dgn6
Kwk5-Aog0
Fuy5-Kwk5
Ero5-Fuy5
O_j0-Ero5
Eyq1-O_j0
Hol9-Eyq1
Kgv3-Hol9
Myo3-Yda7
Oen1-Myo3
W_i6-Nqo5
Zjp1-W_i6
Jg_8-Seq5
Zet7-Mxk6
Adr9-Zet7
Ua_5-Qsm5
Url4-Ua_5
Aj_9-Iul5
Mlt1-Nmv5
Nvq2-Drl2
Frq7-Nvq2
Dtk6-Frq7
Pgx6-Dtk6
Pnp1-Pgx6
Fk_3-Pnp1
Vkn9-Uiq3
Csn5-Vva1
Wvi3-Csn5
Ur_7-Wvi3
Esf4-Ur_7
Vil8-Q_b0
Qnm7-Vil8
Jhy4-O_x9
Oij7-Oze3
Wlo6-Oij7
D_f8-Wlo6
Mwx0-D_f8
Qmx6-Mwx0
Y__5-Qmx6
Udx1-Tc_4
Nbg8-Sxk5
Nqi1-Wqh4
In_1-Nqi1
Pfy0-Czs9
Mpf9-Pfy0
Sol2-Mpf9
Sja1-Sol2
Mxg5-Mri1
A_g4-Rhl2
Wqy4-A_g4
Ept7-Pdg7
Yho5-Ept7
Dli9-Ovk7
Tgp2-Dli9
Qpj9-Tgp2
Ii_7-Qpj9
Who7-Vur4
Mp_7-Gkc9
Dlq2-O_n2
Ziq1-Dba9
Edv2-Ziq1
Duf6-Jmw4
Rhn7-Duf6
S_a0-Rhn7
Zri3-Gku4
Pe_6-Ioi1
Nux7-C_y3
Po_5-Nux7
Veb9-Po_5
Kzp6-Msa9
Qcs8-Kzp6
Vqb0-Egu4
Hnq2-Njb1
Cnc2-Hnq2
Pk_1-Jgk9
Fqt8-Pk_1
Bnm9-Mcf0
T_j0-Bn_9
Zon9-Ezy5
Izs7-Jvm9
Zpe0-Izs7
Xva9-Zpe0
Cus4-Qrk3
In_1-Cus4
Nwm5-Czs9
Yxi3-Sri3
Vgy5-Emq6
Ova6-Vgy5
G_f2-Ova6
Fgb7-Ynm2
Ypy8-Erm6
Pdz9-Ypy8
R_g3-Pdz9
Vsu0-Dsl1
Xpt4-Fyk8
Mrs6-Y_h1
M_z3-Mrs6
Jgx3-M_z3
Nwe8-Jgx3
Vbm1-Iad5
V_d2-Vbm1
Bln2-V_d2
Gaw9-Sze6
Kvr2-Gaw9
P_z3-Kvr2
Edl5-Ei_2
Naz9-Jxf2
Uww7-Aup2
Ygj9-Uww7
Mo_8-Jqb8
Ujh5-Oxx6
Vd_2-Nuy1
Ejt0-Vd_2
Q__1-Ejt0
Zmv7-Q__1
Rwy8-Zmv7
Agj6-Ohx9
Cle8-Agj6
H_m3-Cle8
Wpd9-H_m3
Trf2-Wpd9
Hxu7-Trf2
Rwz7-H_h0
Ybo4-Qu_3
Clw1-Ybo4
Jkn9-Dkb0
Qcq0-Jkn9
Sap0-Qcq0
Fq_9-Sap0
Qmw5-Wa_8
Nb_9-Upr6
Djv6-Upx4
Vyq7-Uhx8
Ixn8-Kmq4
Ird9-Ixn8
Jhb7-Ird9
Xku7-Jhb7
In_1-Nbr7
I__7-Czs9
Fwn6-I__7
Dae5-Fwn6
Tlt9-Dae5
Fq_7-Tlt9
C__8-Evf4
Aha8-C__8
Wov7-Aha8
Zpa2-Yyb4
F_z0-Zpa2
Foq4-F_z0
Xcu7-Foq4
Fcz6-Xcu7
Sl_0-Fcz6
Bwg6-Cqr8
Zko3-Xug6
Uie9-Isu2
E_q1-Czs9
O__8-Cak7
Cp_7-O__8
Qqd0-Cp_7
Pue0-Qqd0
Pec2-A_g0
Iid8-Fsi7
Yeh0-Jkz4
Rdx5-Yeh0
B_e7-Qkt6
Fug8-B_e7
Ntb8-Ffc4
Pmx3-Dyp0
Dem2-Pmx3
Vo_0-Y__4
Ysu8-Czs9
Cu_0-Ysu8
Elg0-Cu_0
Zto9-Elg0
Rzt9-Zto9
Kvs1-Nhc0
Rtx1-Kvs1
Xif9-Afu1
Dll6-Xif9
Jmq5-Dll6
Afn7-Jmq5
Ryq0-Txa7
Z__0-Ryq0
Mnn6-Z__0
Cm_6-Mnn6
Afo4-X_r4
Kra6-Afo4
In_1-Kra6
Rvu8-Uoy2
Ofd9-Rvu8
Ykm8-Ofd9
Mqb7-Ykm8
Vnt3-Wrm2
H_u3-Vnt3
Y_j6-H_u3
Izl5-Y_j6
Upt5-Izl5
Yog9-Upt5
Blg0-Yog9
Dnk0-Rmk1
Swo3-Dnk0
Wuy6-Swo3
Nw_2-S__6
In_1-Bon9
Wsa0-Au_1
Biq4-Hqb5
Nrs3-Vbp1
Jfs5-Udu8
Jzn5-Zl_8
Zsi8-Jzn5
Jod6-Yea0
Hfy1-N_r1
Xd_4-Vxk0
R_t2-Str0
W_b6-Noc3
R_s3-Rxr4
S_b5-R_s3
Fet5-Zfa1
Cel1-Puf9
Nk_4-Bzw8
I_g8-Nk_4
Eot7-I_g8
E_d8-Pbs0
Tgd2-E_d8
Fmq3-Wog4
Wps3-Fmq3
Hjq3-Wps3
Aas2-Hjq3
Ry_9-Gkt7
Owq3-Ry_9
In_1-Owq3
Jnz2-Fur6
Rpx0-Nrs0
Xsz0-Ql_1
Pez6-Xls5
Scs1-Pez6
Y_t2-Rfs2
Udl9-Y_t2
Slu4-Ocv7
Vzq2-Slu4
Nuz7-Vzq2
Jew2-Rn_3
Vyc1-Jwp7
Wtg4-Z__1
In_1-Wtg4
Mtb0-Abc8
Tth3-Mtb0
Ouh6-Mao2
Ift1-Ouh6
Pvw5-Ift1
Ojm4-Pvw5
Xfv3-Ftc8
Ada2-Jse6
Oox3-Ada2
A_g7-Qlp5
Nil2-A_g7
Bmv3-Nil2
Wta7-Bmv3
In_1-Zax4
Zax4-Wta7
Qlp5-Oox3
Jse6-Zl_5
Zl_5-Xfv3
Ftc8-Euy6
Euy6-Ojm4
Mao2-Kmd0
Kmd0-Pux6
Pux6-Tth3
Abc8-Cfa6
Cfa6-Fhj6
Fhj6-Ejt4
Ejt4-Bhr1
Bhr1-Zsu4
Zsu4-Czs9
Z__1-Vyc1
Jwp7-Fkv8
Fkv8-Jew2
Rn_3-Nuz7
Ocv7-Pnh3
Pnh3-Hkc0
Hkc0-Udl9
Rfs2-Adp3
Adp3-Scs1
Xls5-Cpi6
Cpi6-Ck_9
Ck_9-Xsz0
Ql_1-Rpx0
Nrs0-Jnz2
Fur6-Zvs4
Zvs4-Nbn8
Nbn8-Czs9
Gkt7-Aas2
Wog4-Tgd2
Pbs0-Yjv7
Yjv7-Xn_4
Xn_4-Eot7
Bzw8-Cel1
Puf9-Klg8
Klg8-Fet5
Zfa1-Gk_0
Gk_0-Wba3
Wba3-S_b5
Rxr4-Qlx1
Qlx1-W_b6
Noc3-R_t2
Str0-Czs9
In_1-Xd_4
Vxk0-Ooz1
Ooz1-Gfc2
Gfc2-Zwm2
Zwm2-Igt6
Igt6-Hfy1
N_r1-Xbw4
Xbw4-Pck1
Pck1-Jod6
Yea0-Zsi8
Zl_8-Jfs5
Udu8-Dap0
Dap0-Nrs3
Vbp1-Ezc9
Ezc9-Ixa6
Ixa6-Biq4
Hqb5-Xqj4
Xqj4-Rhl7
Rhl7-Wsa0
Au_1-Czs9
Bon9-Nw_2
S__6-Wuy6
Rmk1-Fkd5
Fkd5-Hhm3
Hhm3-Blg0
Wrm2-Tal6
Tal6-Vnc8
Vnc8-Ghu4
Ghu4-Mqb7
Uoy2-Xxq4
Xxq4-Czs9
X_r4-Ide4
Ide4-Tge4
Tge4-Iwm1
Iwm1-Iei2
Iei2-Cm_6
Txa7-Qqi6
Qqi6-Dmx8
Dmx8-Afn7
Afu1-Rtx1
Nhc0-Vj_0
Vj_0-Rzt9
In_1-Jq_8
Jq_8-Gtx9
Gtx9-Hg_2
Hg_2-Vo_0
Y__4-Xfy4
Xfy4-Dem2
Dyp0-Sbc5
Sbc5-Nak0
Nak0-Ntb8
Ffc4-Fug8
Qkt6-Wpj2
Wpj2-Rdx5
Jkz4-Bzg3
Bzg3-Iid8
Fsi7-Pec2
A_g0-Pa_5
Pa_5-Pue0
Cak7-E_q1
In_1-Uie9
Isu2-Zko3
Xug6-Hwj9
Hwj9-Mza2
Mza2-T__2
T__2-Bwg6
Cqr8-Sl_0
Yyb4-Wov7
Evf4-G_w8
G_w8-Fq_7
Nbr7-Xku7
Kmq4-Vyq7
Uhx8-Djv6
Upx4-Nb_9
Upr6-Acd5
Acd5-Qmw5
Wa_8-Fq_9
Dkb0-Clw1
Qu_3-Rwz7
H_h0-Hxu7
Ohx9-Rwy8
Nuy1-H_u9
H_u9-Smb2
Smb2-Ujh5
Oxx6-Omv1
Omv1-Tio4
Tio4-Mo_8
Jqb8-Ygj9
Aup2-Naz9
Jxf2-Cue8
Cue8-Zac2
Zac2-Edl5
Ei_2-P_z3
Sze6-Bln2
Iad5-Nwe8
Y_h1-Xpt4
Fyk8-Dzy0
Dzy0-Vsu0
Dsl1-R_g3
Erm6-Fgb7
Ynm2-G_f2
Emq6-H_w2
H_w2-Pld3
Pld3-Mvm4
Mvm4-Jrp4
Jrp4-Yxi3
Sri3-Nck7
Nck7-Nwm5
Qrk3-Xva9
Jvm9-Zon9
Ezy5-Mnn5
Mnn5-J_w2
J_w2-Jyl7
Jyl7-T_j0
Bn_9-Bnm9
Mcf0-Fqt8
Jgk9-Cnc2
Njb1-Vqb0
Egu4-Bju3
Bju3-Qcs8
Msa9-Ab_2
Ab_2-Veb9
C_y3-Pe_6
Ioi1-Zri3
Gku4-S_a0
Jmw4-Bbs2
Bbs2-Tlg1
Tlg1-Eki9
Eki9-Edv2
Dba9-R_m5
R_m5-Dlq2
O_n2-Mp_7
Gkc9-Who7
Vur4-Ifg9
Ifg9-Ii_7
Ovk7-Yho5
Pdg7-Wqy4
Rhl2-Gyh6
Gyh6-Ddl8
Ddl8-Man2
Man2-Jmw6
Jmw6-Mxg5
Mri1-Rim6
Rim6-Sja1
Wqh4-Nbg8
Sxk5-Udx1
Tc_4-Pwn3
Pwn3-Mjr3
Mjr3-Y__5
Oze3-Hbb9
Hbb9-Jhy4
O_x9-Qnm7
Q_b0-Mkk9
Mkk9-Esf4
Vva1-Vkn9
Uiq3-A_m9
A_m9-Fk_3
Drl2-Mlt1
Nmv5-Og_6
Og_6-Hvr3
Hvr3-I_d9
I_d9-Aj_9
Iul5-J_n7
J_n7-Xzv3
Xzv3-Qvq4
Qvq4-Iwm9
Iwm9-Url4
Qsm5-I_v4
I_v4-Adr9
Mxk6-Yep4
Yep4-Kwx9
Kwx9-Jg_8
Seq5-Zjp1
Nqo5-Xys4
Xys4-Ywy8
Ywy8-Oen1
Yda7-Kgv3
Aog0-Qea9
Xzm6-Mzm1
Mzm1-Hok6
Hok6-Pvf8
Pvf8-Hcb6
Hcb6-Viz9
In_1-Zm_5
Zm_5-Xec8
Iq_8-Dhl1
Dhl1-Uz_8
Uz_8-Sjt3
Sjt3-H_w3
X_e2-Pri7
Pri7-Oev5
Qph6-W_r3
Ci_1-Rwl7
Rwl7-Uxy1
Sgb6-Opo5
Opo5-Ekb8
Ekb8-J__6
Tgt8-P_d6
P_d6-Amq9
Eko5-Xay6
Pwk4-Meh6
Meh6-Rzz0
Rzz0-Cf_6
Cf_6-Fxt6
Zvt8-Qyc1
Kvq9-Kuq8
Kuq8-Kmb9
Kmb9-Pxb0
Dql3-Qtn5
Qtn5-Tau8
Qiq7-D_d8
D_d8-Pxx2
Dbf4-Ehj1
A_v6-Uar1
Qbw7-Nun6
Pgt2-Wll5
Wll5-Yrw8
Zbg7-Sht5
Sht5-Orr3
Orr3-Phi4
Pll3-Nee6
Nee6-Tq_7
Fug8-Npz7
Hxu7-Gae7
Kvs1-Gl_6
Ybo4-F_f4
Qyc1-Vos3
Sol2-Shx0
Ybo4-Rsj0
Izs7-Stw4
J_w2-Cis7
Clw1-D_t5
Wtg4-Ywo4
Jgx3-Vqd1
Pvz1-Dya4
Tlg1-Gek7
Tlg1-Xxi3
Zsi8-Svb3
Aup2-Nvt3
Qyc1-Wpp0
P_z3-Pdw1
Qqd0-P_a3
Man2-Dm_8
Wrm2-Fdy2
Zmv7-Hqw9
Rsj0-I_m1
Rdx5-Uvm1
Ysu8-Wpn7
Mxk6-Dlp9
Biq4-Ayd0
Ql_1-Idb1
Sht5-V_f1
Dll6-Rxv1
Wog4-Iis3
Nb_9-K_q5
Oen1-Ewg1
Dsl1-Tk_3
H_u9-Zkt2
Yea0-Npq9
Vnt3-F__1
Ehj1-Qgr0
Kuq8-Jyc1
Jgk9-Ahi6
Ayd0-Ny_4
Oij7-Dvg1
Zpa2-S_i3
Xd_4-Mdh6
Fur6-Rbg9
Tlg1-Tcr9
#Here is the number of lines required: 30

L1-Zax4 L2-Kra6 L3-Bon9 L4-Uie9
L1-Wta7 L5-Zax4 L2-Afo4 L6-Kra6 L3-Nw_2 L7-Bon9 L4-Isu2 L8-Uie9
L1-Bmv3 L5-Wta7 L2-X_r4 L6-Afo4 L3-S__6 L7-Nw_2 L4-Zko3 L8-Isu2 L9-Uie9
L1-Nil2 L5-Bmv3 L2-Ide4 L6-X_r4 L3-Wuy6 L7-S__6 L4-Xug6 L8-Zko3 L9-Isu2
L1-A_g7 L5-Nil2 L2-Tge4 L6-Ide4 L3-Swo3 L7-Wuy6 L4-Hwj9 L8-Xug6 L9-Zko3
L1-Qlp5 L5-A_g7 L2-Iwm1 L6-Tge4 L3-Dnk0 L7-Swo3 L4-Mza2 L8-Hwj9 L9-Xug6
L1-Oox3 L5-Qlp5 L2-Iei2 L6-Iwm1 L3-Rmk1 L7-Dnk0 L4-T__2 L8-Mza2 L9-Hwj9
L1-Ada2 L5-Oox3 L2-Cm_6 L6-Iei2 L3-Fkd5 L7-Rmk1 L4-Bwg6 L8-T__2 L9-Mza2
L1-Jse6 L5-Ada2 L2-Mnn6 L6-Cm_6 L3-Hhm3 L7-Fkd5 L4-Cqr8 L8-Bwg6 L9-T__2
L1-Zl_5 L5-Jse6 L2-Z__0 L6-Mnn6 L3-Blg0 L7-Hhm3 L4-Sl_0 L8-Cqr8 L9-Bwg6
L1-Xfv3 L5-Zl_5 L2-Ryq0 L6-Z__0 L3-Yog9 L7-Blg0 L4-Fcz6 L8-Sl_0 L9-Cqr8
L1-Ftc8 L5-Xfv3 L2-Txa7 L6-Ryq0 L3-Upt5 L7-Yog9 L4-Xcu7 L8-Fcz6 L9-Sl_0
L1-Euy6 L5-Ftc8 L2-Qqi6 L6-Txa7 L3-Izl5 L7-Upt5 L4-Foq4 L8-Xcu7 L9-Fcz6
L1-Ojm4 L5-Euy6 L2-Dmx8 L6-Qqi6 L3-Y_j6 L7-Izl5 L4-F_z0 L8-Foq4 L9-Xcu7
L1-Pvw5 L5-Ojm4 L2-Afn7 L6-Dmx8 L3-H_u3 L7-Y_j6 L4-Zpa2 L8-F_z0 L9-Foq4
L1-Ift1 L5-Pvw5 L2-Jmq5 L6-Afn7 L3-Vnt3 L7-H_u3 L4-Yyb4 L8-Zpa2 L9-F_z0
L1-Ouh6 L5-Ift1 L2-Dll6 L6-Jmq5 L3-Wrm2 L7-Vnt3 L4-Wov7 L8-Yyb4 L9-Zpa2
L1-Mao2 L5-Ouh6 L2-Xif9 L6-Dll6 L3-Tal6 L7-Wrm2 L4-Aha8 L8-Wov7 L9-Yyb4
L1-Kmd0 L5-Mao2 L2-Afu1 L6-Xif9 L3-Vnc8 L7-Tal6 L4-C__8 L8-Aha8 L9-Wov7
L1-Pux6 L5-Kmd0 L2-Rtx1 L6-Afu1 L3-Ghu4 L7-Vnc8 L4-Evf4 L8-C__8 L9-Aha8
L1-Tth3 L5-Pux6 L2-Kvs1 L6-Rtx1 L3-Mqb7 L7-Ghu4 L4-G_w8 L8-Evf4 L9-C__8
L1-Mtb0 L5-Tth3 L2-Nhc0 L6-Kvs1 L3-Ykm8 L7-Mqb7 L4-Fq_7 L8-G_w8 L9-Evf4
L1-Abc8 L5-Mtb0 L2-Vj_0 L6-Nhc0 L3-Ofd9 L7-Ykm8 L4-Tlt9 L8-Fq_7 L9-G_w8
L1-Cfa6 L5-Abc8 L2-Rzt9 L6-Vj_0 L3-Rvu8 L7-Ofd9 L4-Dae5 L8-Tlt9 L9-Fq_7
L1-Fhj6 L5-Cfa6 L2-Zto9 L6-Rzt9 L3-Uoy2 L7-Rvu8 L4-Fwn6 L8-Dae5 L9-Tlt9
L1-Ejt4 L5-Fhj6 L2-Elg0 L6-Zto9 L3-Xxq4 L7-Uoy2 L4-I__7 L8-Fwn6 L9-Dae5
L1-Bhr1 L5-Ejt4 L2-Cu_0 L6-Elg0 L3-Czs9 L7-Xxq4 L4-Czs9 L8-I__7 L9-Fwn6
L1-Zsu4 L5-Bhr1 L2-Ysu8 L6-Cu_0 L7-Czs9 L8-Czs9 L9-I__7
L1-Czs9 L5-Zsu4 L2-Czs9 L6-Ysu8 L9-Czs9
L5-Czs9 L6-Czs9
