16
#Here is the number of lines required: 33
##start
Eqf6 2 2
##end
Nul3 6 6
Dtr0 10 10
Jyf8 14 14
Oqv1 17 17
Fgs7 22 22
Bhi9 26 26
Kdg2 27 27
J_s6 31 31
Wtp3 32 32
Gxj4 34 34
Few8 37 37
Kt_8 39 39
Z_o9 44 44
Gqt6 48 48
Ydl1 51 51
Aue6 55 55
Bhm9 57 57
Ovu4 58 58
Kdk4 62 62
F_x5 63 63
Aah7 68 68
Nz_9 70 70
R_g1 74 74
Jxu1 78 78
Uei3 82 82
Kew9 86 86
Pur5 91 91
Rmz9 96 96
Ann2 101 101
Sd_5 106 106
Rts8 109 109
Svm8 111 111
Kj_9 113 113
Nua5 117 117
Tuk4 121 121
Zgs7 122 122
Cay6 126 126
Chm0 130 130
Svc2 133 133
Awa7 136 136
Oqi3 140 140
Bbg9 142 142
Ifu5 145 145
Pso5 150 150
Mfe0 152 152
Qal8 156 156
U_e7 160 160
Cbj5 163 163
Dpw8 165 165
Zyj7 170 170
Tgj7 171 171
Ioh7 174 174
Epe8 177 177
B_s3 180 180
Vp_0 183 183
Wbn9 184 184
Tpf3 189 189
Hpo9 191 191
Van2 194 194
Ikf2 195 195
Fw_7 196 196
Ipc8 201 201
Jzy2 205 205
Zu_1 208 208
Vyd6 212 212
Qou9 214 214
Kot6 218 218
Nba7 220 220
Ydm6 223 223
Cz_2 228 228
Mrs1 232 232
Tlo9 235 235
Zqb8 239 239
Acq4 241 241
Fdz3 244 244
Vdp9 246 246
Vwm5 249 249
Utm9 253 253
Jwj7 255 255
Z_v2 256 256
T__1 259 259
Hix2 262 262
Ccu5 265 265
Oga5 267 267
Jn_3 271 271
Wgi1 274 274
Oqw3 279 279
Cm_1 282 282
Dcx0 284 284
Wpl7 289 289
Cnq7 290 290
Dhv8 294 294
Aex2 296 296
Afy4 299 299
Oo_5 301 301
Iqo7 306 306
Ami2 308 308
Ros5 311 311
H_g9 316 316
Wjm3 319 319
Nwy5 322 322
Eiy4 325 325
Vzp1 328 328
Rjx9 329 329
Ajw6 331 331
Kvk8 333 333
Bdm6 334 334
Qvm4 339 339
Gjy6 343 343
Dns5 344 344
Ewb7 347 347
Qnu9 352 352
Omo2 355 355
Oxx2 359 359
Ntu4 363 363
Hhf2 368 368
Ugb7 371 371
Mrj5 375 375
Bcx5 378 378
Prj7 383 383
O_v7 387 387
Zzp1 392 392
Ofx4 395 395
E_u1 398 398
Ofn8 401 401
Joa1 405 405
Hwc1 407 407
Fzv8 411 411
Jv_1 414 414
Buz9 417 417
Zwe1 422 422
Q_x8 425 425
U_o4 429 429
Bzd3 433 433
Aem5 435 435
Cjn1 439 439
Vlh6 442 442
Dxg9 447 447
Ulb1 450 450
Bkb7 454 454
Pbc8 457 457
Ifl3 462 462
Zcm8 465 465
Gj_0 468 468
Iad1 470 470
Kgi3 474 474
Rmc4 478 478
Hen8 482 482
Nna6 485 485
Jj_2 488 488
Ugb4 491 491
Iog7 495 495
P_m4 497 497
Qoa3 500 500
Ixx3 503 503
Jpg4 506 506
Shv2 508 508
C_g1 511 511
Es_4 513 513
Fhj4 518 518
Oko7 522 522
Pae7 524 524
Qzp7 525 525
Bvf4 527 527
Bcd5 530 530
Xtu9 535 535
Hah5 536 536
Fhd3 540 540
Bmh0 543 543
Bye7 544 544
Tjd0 547 547
Ze_9 550 550
Xpp9 554 554
Q_l2 556 556
Opo8 559 559
Ydx2 562 562
Qvo6 565 565
Tza4 569 569
Goi6 573 573
Mbs3 576 576
Rcb6 579 579
Rie1 583 583
Rub4 586 586
Jnw5 590 590
Ewk6 594 594
Qaz9 597 597
Svy1 601 601
Kls0 602 602
Vrt6 603 603
N_k1 606 606
V_q1 608 608
Wxl6 610 610
J_e6 612 612
Dkc1 614 614
Bav6 617 617
Ohw1 620 620
Xd_2 623 623
Kxo7 626 626
Cob8 629 629
Ho_0 632 632
A_y7 636 636
Myk8 640 640
Gnn8 643 643
Pib7 646 646
Up_4 650 650
Yue3 653 653
Ja_7 657 657
Ndd2 661 661
N_q1 664 664
Kvf5 666 666
Fib7 671 671
Qfv8 674 674
N_c9 676 676
Rfw3 678 678
Uy_3 680 680
Wl_2 681 681
Ths1 684 684
Blv6 688 688
Gvt7 691 691
Asl0 694 694
Ghy8 698 698
Oq_4 702 702
Fmj3 705 705
Ibr9 707 707
Vqn3 710 710
H__1 712 712
Idj5 714 714
Xt_2 715 715
Dgc6 718 718
Akh3 721 721
R_n8 722 722
Woe7 724 724
Dwt4 726 726
Old9 731 731
Gpg8 734 734
Nxp9 736 736
Ffk3 741 741
Keu6 743 743
Gyw0 747 747
Ish4 751 751
Cgx7 753 753
Wyn8 758 758
Zxz3 761 761
Auc9 766 766
Jfv4 768 768
Tcx1 770 770
Esy9 773 773
Pte5 776 776
Mo_9 779 779
Csz9 784 784
Erc5 788 788
Rbe5 793 793
Swg0 797 797
Shc3 800 800
Chk2 803 803
Ia_3 808 808
Sey0 811 811
Ihj4 814 814
P_v3 817 817
Hua5 820 820
Ojq3 825 825
Vdf4 829 829
Qwg3 832 832
Iue8 834 834
Dki2 839 839
Rii5 842 842
Rj_1 844 844
Dmc5 846 846
Ulj0 849 849
Hag3 851 851
Bli7 855 855
Nhu4 856 856
K_i9 859 859
Csd8 864 864
Vka1 867 867
Ssl5 870 870
Zzb2 874 874
Qsj2 876 876
Rt_0 880 880
Jzo5 883 883
Rnm6 887 887
Q_n0 892 892
Rot7 893 893
Q__6 896 896
Njt0 898 898
Y_d6 901 901
G_f2 902 902
Mfv9 903 903
Rrv9 907 907
Q__9 911 911
Vbm2 912 912
Fpj9 914 914
O_o1 918 918
Ayt8 921 921
Wmx1 923 923
Pvc3 925 925
Wfi5 926 926
Gfk7 929 929
Unk3 932 932
Y_p5 935 935
A_q2 938 938
Uo_3 939 939
Ss_3 941 941
Fnw7 943 943
Scg4 944 944
Wvt7 947 947
Tbk0 949 949
Oni5 953 953
Ehw1 956 956
Koa7 960 960
Ecq6 963 963
Qnh7 966 966
Xae1 969 969
Ynt5 973 973
Pmz3 974 974
Roz9 978 978
Xz_0 981 981
Uli5 982 982
Wfc1 986 986
D_j5 989 989
Ple1 992 992
F_s0 995 995
Otx3 997 997
Aua4 1000 1000
Toy1 1002 1002
Kue5 1006 1006
Hve1 1008 1008
J_x6 1013 1013
Fnh6 1018 1018
Zk_4 1020 1020
Fog5 1022 1022
Ter9 1024 1024
C_p6 1025 1025
Odg2 1027 1027
Ozx1 1032 1032
K_j8 1036 1036
Jhv3 1040 1040
Jzn4 1044 1044
Elb6 1047 1047
Yyc9 1050 1050
Apy4 1051 1051
Xcs2 1053 1053
Aai6 1056 1056
Qnt3 1059 1059
Dus0 1061 1061
Rim3 1064 1064
Wvr3 1068 1068
Fzy2 1070 1070
Umd7 1073 1073
Snl7 1078 1078
Ksp2 1080 1080
Xcz8 1084 1084
Ivw4 1086 1086
H_t7 1091 1091
H_w5 1093 1093
Z_d8 1096 1096
Nc_7 1098 1098
Emw6 1101 1101
Kbp1 1103 1103
Ztb2 1106 1106
Nfn8 1109 1109
Hyy8 1113 1113
Ebe3 1115 1115
Bqz2 1119 1119
Bcv8 1122 1122
Xbk8 1127 1127
Qja3 1130 1130
Fmz5 1133 1133
Wne1 1137 1137
Tmk5 1142 1142
Emr4 1144 1144
Rhj6 1147 1147
Auj7 1149 1149
Dgo8 1150 1150
W_x8 1155 1155
Fbn1 1158 1158
Tdh8 1160 1160
R__0 1162 1162
Dng7 1167 1167
Oeg6 1171 1171
Nhc3 1172 1172
Dz_5 1177 1177
Qpo6 1180 1180
Hdw5 1181 1181
F__4 1184 1184
Aqp6 1188 1188
Pgp5 1190 1190
Omy9 1195 1195
Zpq8 1198 1198
Qio5 1200 1200
S__2 1202 1202
Xwc0 1204 1204
Szf8 1208 1208
Rkh4 1209 1209
Zfg4 1211 1211
Fhs0 1213 1213
Wbx6 1215 1215
Gmd3 1218 1218
Iig5 1221 1221
Gdv9 1224 1224
Uop5 1228 1228
May2 1230 1230
Swa9 1232 1232
B_v5 1235 1235
Yka8 1237 1237
Nni1 1241 1241
Wli6 1242 1242
D_o8 1245 1245
Hgg5 1249 1249
Khc7 1253 1253
Ttj8 1256 1256
Jxw2 1258 1258
Dlb9 1263 1263
Qyg1 1267 1267
Stt9 1272 1272
Bgk3 1274 1274
Dze2 1277 1277
Rdl0 1280 1280
Bfm2 1282 1282
Zl_9 1283 1283
Wvz0 1287 1287
Thn0 1289 1289
Cut8 1294 1294
Wau9 1295 1295
Ofs8 1296 1296
Our6 1299 1299
I_l0 1301 1301
C_h7 1305 1305
Cvk2 1306 1306
Jzh4 1310 1310
Pnd0 1314 1314
Uv_1 1317 1317
Czx7 1319 1319
Ffj0 1320 1320
Abx8 1324 1324
Bi_0 1327 1327
Ycu8 1328 1328
Gbx1 1332 1332
Yen9 1333 1333
Boc4 1336 1336
Mro3 1340 1340
Qvz2 1341 1341
Odk5 1342 1342
N__1 1345 1345
Etx1 1348 1348
Jvy2 1351 1351
Oei6 1354 1354
Iqt6 1357 1357
Ufl6 1360 1360
Ikc5 1363 1363
Aej1 1368 1368
Nxo3 1372 1372
Yb_5 1374 1374
Kno5 1378 1378
Ecb0 1379 1379
Jtl8 1382 1382
Two2 1385 1385
Gm_1 1388 1388
Iy_8 1392 1392
Mtn6 1395 1395
Sui5 1399 1399
Ylh2 1401 1401
Ggq9 1403 1403
Wup0 1408 1408
Tfj7 1411 1411
Uwb2 1415 1415
Hwv7 1416 1416
Ieo4 1418 1418
Ee_1 1421 1421
Gul1 1425 1425
Xmi3 1426 1426
Cf_0 1430 1430
Zja2 1435 1435
Naz9 1438 1438
Sli1 1440 1440
Amn6 1443 1443
Rvb4 1446 1446
Mtf4 1449 1449
Fyq5 1452 1452
Zay1 1454 1454
Wsz5 1459 1459
Btg7 1461 1461
Ccr4 1465 1465
U_j2 1470 1470
Mlj7 1471 1471
Hpa2 1475 1475
Rz_6 1479 1479
Rfc8 1483 1483
Ype9 1486 1486
Cci1 1490 1490
Zms4 1492 1492
Ev_2 1493 1493
Utb7 1496 1496
Cq_8 1499 1499
Qa_9 1500 1500
Sul8 1502 1502
Ysa5 1506 1506
Jnf7 1507 1507
Zgi9 1509 1509
Ino7 1510 1510
Cen4 1511 1511
Puw8 1513 1513
Pgb5 1516 1516
Sfb7 1519 1519
Oeg2 1522 1522
Fbr3 1525 1525
Aqk3 1527 1527
Meu1 1528 1528
Hrd4 1530 1530
Slv6 1533 1533
Dct2 1535 1535
Q_p1 1539 1539
Uhf4 1543 1543
Uuy7 1546 1546
Ta_2 1549 1549
Kbn5 1553 1553
Qoy8 1554 1554
Yqp7 1557 1557
Jpu4 1560 1560
Drv4 1562 1562
Epr8 1564 1564
Tvm0 1568 1568
Cgh6 1570 1570
Szu9 1574 1574
Nru8 1579 1579
Wvo9 1582 1582
Ayq4 1586 1586
Ibu1 1591 1591
Brr6 1592 1592
Ula8 1594 1594
Rj_5 1599 1599
Z_z3 1601 1601
Zpa1 1604 1604
Tob3 1606 1606
T_t9 1611 1611
Yuz7 1616 1616
N_q6 1618 1618
Foh3 1622 1622
Ndj4 1627 1627
Img7 1629 1629
Aum1 1631 1631
E__9 1634 1634
Tjq2 1639 1639
Zs_6 1642 1642
Qvt7 1647 1647
Jjq1 1649 1649
Ujl0 1653 1653
Nqm7 1656 1656
Npq5 1658 1658
Uig8 1659 1659
Hbh4 1661 1661
Hvq0 1664 1664
Ke_6 1669 1669
Nix4 1674 1674
Pcm7 1676 1676
Gg_3 1678 1678
Fnb5 1679 1679
Abs9 1682 1682
Xy_8 1687 1687
Okw6 1688 1688
Olt4 1691 1691
Ytv5 1694 1694
Gba2 1697 1697
Sdw6 1700 1700
Tat2 1705 1705
Qnd3 1709 1709
O_r4 1712 1712
Wsh9 1714 1714
Iiq8 1717 1717
Nbz2 1718 1718
Wlh7 1719 1719
Fma4 1722 1722
Pse0 1725 1725
Raw5 1728 1728
Huu4 1730 1730
Wnn5 1732 1732
Nsy0 1733 1733
Yat0 1736 1736
Uzv6 1740 1740
Zoj0 1742 1742
Ox_0 1745 1745
Rj_6 1746 1746
Aee4 1748 1748
J_j7 1753 1753
Xpc6 1757 1757
C_j2 1758 1758
Vhe0 1761 1761
Xgo8 1765 1765
Dbf5 1767 1767
Th_5 1769 1769
Mnn4 1773 1773
Nmn4 1775 1775
Eny3 1780 1780
Zgd9 1783 1783
Agw4 1785 1785
Uvm4 1788 1788
Mrp5 1792 1792
Ncm3 1795 1795
Xsf6 1796 1796
Acl6 1800 1800
Qms3 1805 1805
Dm_1 1808 1808
B_i2 1811 1811
Xow1 1816 1816
Xjx6 1818 1818
Wdh6 1821 1821
Vj_0 1823 1823
Wcq8 1827 1827
Pmt8 1829 1829
Xsz6 1833 1833
Zbf0 1836 1836
Ext2 1839 1839
Chs2 1842 1842
Hrq9 1847 1847
Rms9 1848 1848
Xxi9 1851 1851
Da_6 1855 1855
Jsf9 1857 1857
X_h0 1859 1859
Ehg7 1860 1860
Mon3 1863 1863
Fky7 1868 1868
Dnz0 1871 1871
Owq7 1876 1876
Can7 1878 1878
Acd9 1879 1879
Fvy8 1884 1884
Iep9 1885 1885
Rjf5 1889 1889
Mag5 1892 1892
Rui1 1894 1894
Y_m0 1899 1899
Nhu4-Dtr0
Dns5-Oqv1
Zk_4-Fgs7
O_r4-Rui1
Wtp3-Mag5
Omy9-Bhi9
Foh3-Kdg2
Gnn8-Iep9
Okw6-Wtp3
Rcb6-Fvy8
Oeg6-Acd9
Hwv7-Kt_8
Jvy2-Gqt6
Ufl6-Owq7
Akh3-Aue6
Xt_2-F_x5
Kxo7-Fky7
Mfv9-Aah7
Rot7-Mon3
Ths1-Ehg7
Zcm8-X_h0
Rj_1-Xxi9
Vhe0-Uei3
Jzh4-Hrq9
Dwt4-Chs2
Up_4-Ext2
Czx7-Kew9
Acq4-Pur5
Zoj0-Rmz9
Sd_5-Ann2
Zbf0-Rts8
Svm8-Zbf0
Xsz6-Svm8
Pmt8-Kj_9
Wdh6-Zgs7
Cay6-Xjx6
Chm0-Cay6
Dm_1-B_i2
Qms3-Dm_1
Xsf6-Acl6
Awa7-Mrp5
Uvm4-Awa7
Oqi3-Agw4
Zgd9-Oqi3
Nmn4-Eny3
Bbg9-Nmn4
Mnn4-Bbg9
Th_5-Mnn4
Dbf5-Th_5
Xgo8-Dbf5
Ifu5-Xgo8
Pso5-Ifu5
Xpc6-C_j2
J_j7-Dpw8
Zyj7-J_j7
Aee4-Tgj7
Rj_6-Aee4
Ox_0-Ioh7
Yat0-Epe8
Wnn5-Nsy0
Tpf3-Wbn9
Hpo9-Tpf3
Huu4-Hpo9
Raw5-Huu4
Fma4-Pse0
Ikf2-Fma4
Wlh7-Fw_7
Tat2-Qnd3
Sdw6-Tat2
Gba2-Sdw6
Kot6-Qou9
Ydm6-Nba7
Mrs1-Nul3
Tlo9-Mrs1
Okw6-Olt4
Acq4-Xy_8
Utm9-Vwm5
Jwj7-Fnb5
Z_v2-Jwj7
Pcm7-Gg_3
Ke_6-Ccu5
Hvq0-Oga5
Cm_1-Oqw3
Dcx0-Cm_1
Cnq7-Wpl7
Dhv8-Hbh4
Uig8-Dhv8
Afy4-Aex2
Oo_5-Afy4
Npq5-Iqo7
Ami2-Nqm7
Ros5-Ami2
Wjm3-H_g9
Nwy5-Wjm3
Vzp1-Eiy4
Rjx9-Vzp1
Ujl0-Rjx9
Zs_6-Qvt7
Tjq2-Zs_6
Kvk8-E__9
Bdm6-Kvk8
Aum1-Bdm6
Ndj4-Ewb7
Foh3-Qnu9
Omo2-Foh3
Yuz7-Hhf2
T_t9-Bcx5
O_v7-Prj7
Tob3-O_v7
Zzp1-Zpa1
Ofx4-Zzp1
Z_z3-E_u1
Ofn8-Z_z3
Ula8-Rj_5
Ibu1-Fzv8
Jv_1-Ibu1
Buz9-Jv_1
Zwe1-Wvo9
Q_x8-Zwe1
Cgh6-Bzd3
Cjn1-Aem5
Eqf6-Epr8
Yqp7-Jpu4
Qoy8-Yqp7
Dxg9-Qoy8
Ulb1-Dxg9
Pbc8-Bkb7
Uuy7-Ta_2
Zcm8-Uuy7
Q_p1-Uhf4
Gj_0-Dct2
Slv6-Gj_0
Iad1-Slv6
Kgi3-Iad1
Hrd4-Rmc4
Iog7-Nul3
Qoa3-Sfb7
Ixx3-Qoa3
Pgb5-Ixx3
Cen4-Puw8
Zgi9-Ino7
Es_4-C_g1
Ysa5-Es_4
Sul8-Ysa5
Fhj4-Sul8
Pae7-Oko7
Qa_9-Pae7
Utb7-Cq_8
Zms4-Ev_2
Cci1-Zms4
Qzp7-Cci1
Bcd5-Bvf4
Xtu9-Ype9
Rfc8-Xtu9
Fhd3-Nul3
Bye7-Bmh0
Tjd0-Bye7
Xpp9-Ze_9
Q_l2-Xpp9
Opo8-Q_l2
Hpa2-Rz_6
Qvo6-Hpa2
Ccr4-U_j2
Wsz5-Btg7
Rub4-Rie1
Kls0-Svy1
Mtf4-Fyq5
Vrt6-Mtf4
N_k1-Rvb4
Eqf6-V_q1
K_j8-Nul3
Amn6-K_j8
Wxl6-Naz9
Zja2-J_e6
Cf_0-Dkc1
Hwv7-Ieo4
Bav6-Hwv7
Ohw1-Bav6
Kxo7-Xd_2
Ho_0-Cob8
Myk8-A_y7
Ja_7-Yue3
Eqf6-Ja_7
Kvf5-N_q1
Fib7-Tfj7
Qfv8-Fib7
Ggq9-Rfw3
Mtn6-Sui5
Iy_8-Mtn6
Uy_3-Iy_8
Gm_1-Uy_3
Two2-Gm_1
Wl_2-Ecb0
Gvt7-Blv6
Yb_5-Kno5
Nxo3-Yb_5
Oq_4-Ghy8
Fmj3-Oq_4
Aej1-Ibr9
Ikc5-Aej1
Ufl6-Ikc5
Iqt6-Ufl6
Vqn3-Iqt6
H__1-Vqn3
Idj5-Oei6
Dgc6-Xt_2
Akh3-Jvy2
Woe7-Etx1
Dwt4-Woe7
N__1-Gpg8
Ffk3-Nxp9
Eqf6-Cgx7
Gbx1-Yen9
Bi_0-Ycu8
Abx8-Pte5
Ffj0-Mo_9
Pnd0-Rbe5
Swg0-Pnd0
Shc3-Swg0
Jzh4-Shc3
Chk2-I_l0
Ia_3-Chk2
Sey0-Our6
P_v3-Ihj4
Eqf6-Hua5
Wau9-Ofs8
Ojq3-Wau9
Cut8-Vdf4
Qwg3-Wvz0
Iue8-Zl_9
Rdl0-Bfm2
Dze2-Rdl0
Qyg1-Stt9
Dmc5-Rj_1
Ulj0-Dmc5
Hag3-Ulj0
Dlb9-Hag3
Ttj8-Jxw2
Khc7-Ttj8
K_i9-Nhu4
D_o8-Hgg5
Wli6-D_o8
Eqf6-Vka1
Nni1-Nul3
Ssl5-Nni1
Yka8-Ssl5
B_v5-Yka8
Zzb2-B_v5
Qsj2-Swa9
Rt_0-Qsj2
Uop5-May2
Jzo5-Uop5
Iig5-Gdv9
Gmd3-Iig5
Zfg4-Fhs0
Q_n0-Rkh4
Szf8-Q_n0
Q__6-Rot7
Xwc0-Q__6
S__2-Xwc0
Njt0-Qio5
Y_d6-Zpq8
G_f2-Omy9
Pgp5-G_f2
Aqp6-Pgp5
Hdw5-Rrv9
Q__9-Hdw5
Dz_5-Qpo6
Fpj9-Nhc3
Tdh8-R__0
Fbn1-Tdh8
Dgo8-O_o1
Auj7-Dgo8
Emr4-Ayt8
Tmk5-Emr4
Wmx1-Tmk5
Wne1-Wmx1
Fmz5-Wne1
Qja3-Fmz5
Pvc3-Qja3
Wfi5-Pvc3
A_q2-Nul3
Xbk8-A_q2
Bcv8-Xbk8
Uo_3-Bcv8
Scg4-Bqz2
Wvt7-Ebe3
Hyy8-Oni5
Ehw1-Hyy8
Xae1-Nfn8
Ztb2-Ynt5
Kbp1-Ztb2
Emw6-Kbp1
Roz9-Pmz3
Nc_7-Xz_0
Z_d8-Nc_7
H_t7-Wfc1
D_j5-H_t7
Eqf6-D_j5
Ple1-Ivw4
Xcz8-Ple1
Ksp2-Xcz8
Snl7-Ksp2
F_s0-Umd7
Otx3-F_s0
Toy1-Fzy2
Wvr3-Toy1
Dus0-Rim3
Qnt3-J_x6
Zk_4-Fnh6
Ter9-Fog5
Xcs2-Ter9
Apy4-Xcs2
Jzn4-Elb6
Ozx1-Jzn4
Jhv3-Ozx1
Eqf6-Jhv3
Elb6-Odg2
Odg2-Yyc9
Yyc9-C_p6
C_p6-Apy4
Fog5-Aai6
Aai6-Zk_4
Fnh6-Qnt3
J_x6-Hve1
Hve1-Kue5
Kue5-Dus0
Rim3-Wvr3
Fzy2-Aua4
Aua4-Otx3
Umd7-Snl7
Ivw4-Nul3
Wfc1-H_w5
H_w5-Uli5
Uli5-Z_d8
Xz_0-Roz9
Pmz3-Emw6
Ynt5-Xae1
Nfn8-Qnh7
Qnh7-Ecq6
Ecq6-Koa7
Koa7-Ehw1
Oni5-Tbk0
Tbk0-Wvt7
Ebe3-Scg4
Bqz2-Fnw7
Fnw7-Ss_3
Ss_3-Uo_3
Eqf6-Y_p5
Y_p5-Unk3
Unk3-Gfk7
Gfk7-Wfi5
Ayt8-Rhj6
Rhj6-Auj7
O_o1-W_x8
W_x8-Fbn1
R__0-Dng7
Dng7-Oeg6
Oeg6-Fpj9
Nhc3-Dz_5
Qpo6-Vbm2
Vbm2-Q__9
Rrv9-F__4
F__4-Nul3
Eqf6-Mfv9
Mfv9-Aqp6
Omy9-Y_d6
Zpq8-Njt0
Qio5-S__2
Rot7-Szf8
Rkh4-Zfg4
Fhs0-Wbx6
Wbx6-Rnm6
Rnm6-Gmd3
Gdv9-Jzo5
May2-Rt_0
Swa9-Zzb2
Vka1-Csd8
Csd8-Wli6
Hgg5-K_i9
Nhu4-Khc7
Jxw2-Bli7
Bli7-Dlb9
Rj_1-Qyg1
Stt9-Bgk3
Bgk3-Dze2
Bfm2-Rii5
Rii5-Dki2
Dki2-Iue8
Zl_9-Qwg3
Wvz0-Thn0
Thn0-Cut8
Vdf4-Ojq3
Ofs8-Nul3
Hua5-P_v3
Ihj4-Sey0
Our6-Ia_3
I_l0-C_h7
C_h7-Cvk2
Cvk2-Jzh4
Rbe5-Erc5
Erc5-Uv_1
Uv_1-Csz9
Csz9-Czx7
Czx7-Ffj0
Mo_9-Abx8
Pte5-Bi_0
Ycu8-Esy9
Esy9-Tcx1
Tcx1-Gbx1
Yen9-Jfv4
Jfv4-Boc4
Boc4-Mro3
Mro3-Auc9
Auc9-Zxz3
Zxz3-Wyn8
Wyn8-Nul3
Cgx7-Ish4
Ish4-Qvz2
Qvz2-Gyw0
Gyw0-Odk5
Odk5-Keu6
Keu6-Ffk3
Nxp9-N__1
Gpg8-Old9
Old9-Dwt4
Etx1-R_n8
R_n8-Akh3
Jvy2-Dgc6
Xt_2-Idj5
Oei6-H__1
Ibr9-Nul3
Eqf6-Fmj3
Ghy8-Nxo3
Kno5-Asl0
Asl0-Gvt7
Blv6-Ths1
Ths1-Wl_2
Ecb0-Jtl8
Jtl8-Two2
Sui5-Ylh2
Ylh2-Ggq9
Rfw3-N_c9
N_c9-Wup0
Wup0-Qfv8
Tfj7-Kvf5
N_q1-Ndd2
Ndd2-Nul3
Yue3-Up_4
Up_4-Pib7
Pib7-Uwb2
Uwb2-Gnn8
Gnn8-Myk8
A_y7-Ho_0
Cob8-Kxo7
Xd_2-Ohw1
Ieo4-Ee_1
Ee_1-Gul1
Gul1-Xmi3
Xmi3-Cf_0
Dkc1-Zja2
J_e6-Wxl6
Naz9-Sli1
Sli1-Amn6
V_q1-N_k1
Rvb4-Vrt6
Fyq5-Kls0
Svy1-Qaz9
Qaz9-Ewk6
Ewk6-Jnw5
Jnw5-Rub4
Rie1-Zay1
Zay1-Rcb6
Rcb6-Wsz5
Btg7-Mbs3
Mbs3-Goi6
Goi6-Ccr4
U_j2-Mlj7
Mlj7-Tza4
Tza4-Qvo6
Rz_6-Ydx2
Ydx2-Opo8
Ze_9-Tjd0
Bmh0-Fhd3
Eqf6-Hah5
Hah5-Rfc8
Ype9-Bcd5
Bvf4-Qzp7
Ev_2-Utb7
Cq_8-Qa_9
Oko7-Fhj4
C_g1-Jnf7
Jnf7-Shv2
Shv2-Zgi9
Ino7-Cen4
Puw8-Jpg4
Jpg4-Pgb5
Sfb7-Oeg2
Oeg2-Fbr3
Fbr3-P_m4
P_m4-Iog7
Eqf6-Ugb4
Ugb4-Jj_2
Jj_2-Nna6
Nna6-Aqk3
Aqk3-Meu1
Meu1-Hen8
Hen8-Hrd4
Rmc4-Kgi3
Dct2-Q_p1
Uhf4-Zcm8
Ta_2-Kbn5
Kbn5-Ifl3
Ifl3-Pbc8
Bkb7-Ulb1
Jpu4-Drv4
Drv4-Vlh6
Vlh6-Nul3
Epr8-Cjn1
Aem5-Tvm0
Tvm0-Cgh6
Bzd3-U_o4
U_o4-Szu9
Szu9-Nru8
Nru8-Q_x8
Wvo9-Ayq4
Ayq4-Buz9
Fzv8-Hwc1
Hwc1-Brr6
Brr6-Joa1
Joa1-Ula8
Rj_5-Ofn8
E_u1-Ofx4
Zpa1-Tob3
Prj7-Nul3
Eqf6-T_t9
Bcx5-Mrj5
Mrj5-Ugb7
Ugb7-Yuz7
Hhf2-Ntu4
Ntu4-Oxx2
Oxx2-N_q6
N_q6-Omo2
Qnu9-Ndj4
Ewb7-Img7
Img7-Dns5
Dns5-Gjy6
Gjy6-Qvm4
Qvm4-Aum1
E__9-Ajw6
Ajw6-Tjq2
Qvt7-Jjq1
Jjq1-Ujl0
Eiy4-Nwy5
H_g9-Ros5
Nqm7-Npq5
Iqo7-Oo_5
Aex2-Uig8
Hbh4-Cnq7
Wpl7-Dcx0
Oqw3-Wgi1
Wgi1-Jn_3
Jn_3-Hvq0
Oga5-Ke_6
Ccu5-Hix2
Hix2-T__1
T__1-Nix4
Nix4-Pcm7
Gg_3-Z_v2
Fnb5-Utm9
Vwm5-Abs9
Abs9-Vdp9
Vdp9-Fdz3
Fdz3-Acq4
Xy_8-Okw6
Olt4-Zqb8
Zqb8-Tlo9
Eqf6-Cz_2
Cz_2-Ydm6
Nba7-Ytv5
Ytv5-Kot6
Qou9-Vyd6
Vyd6-Zu_1
Zu_1-Gba2
Qnd3-O_r4
O_r4-Wsh9
Wsh9-Iiq8
Iiq8-Nbz2
Nbz2-Jzy2
Jzy2-Ipc8
Ipc8-Wlh7
Fw_7-Ikf2
Pse0-Van2
Van2-Raw5
Wbn9-Vp_0
Vp_0-B_s3
B_s3-Wnn5
Nsy0-Yat0
Epe8-Uzv6
Uzv6-Zoj0
Zoj0-Ox_0
Ioh7-Rj_6
Tgj7-Zyj7
Dpw8-Xpc6
C_j2-Cbj5
Cbj5-U_e7
U_e7-Qal8
Qal8-Mfe0
Mfe0-Vhe0
Vhe0-Pso5
Eny3-Zgd9
Agw4-Uvm4
Mrp5-Ncm3
Ncm3-Xsf6
Acl6-Svc2
Svc2-Qms3
B_i2-Xow1
Xow1-Chm0
Xjx6-Wdh6
Zgs7-Vj_0
Vj_0-Wcq8
Wcq8-Tuk4
Tuk4-Nua5
Nua5-Pmt8
Kj_9-Xsz6
Rts8-Sd_5
Ann2-Nul3
Rts8-Rms9
Iqo7-Jxu1
Pmz3-R_g1
Nna6-Da_6
Asl0-Nz_9
N__1-Jsf9
Jjq1-Kdk4
Xtu9-Ovu4
Jpg4-Dnz0
Wmx1-Bhm9
Gm_1-Ydl1
Cen4-Can7
Q__6-Z_o9
Gvt7-Few8
Nxp9-Gxj4
Ugb7-J_s6
Gj_0-Rjf5
Eiy4-Jyf8
N_q1-Y_m0
#Here is the number of lines required: 33

L1-Y_p5 L2-Epr8 L3-Fmj3 L4-Ugb4 L5-Cgx7 L6-Ja_7
L1-Unk3 L7-Y_p5 L2-Cjn1 L8-Epr8 L3-Oq_4 L9-Fmj3 L4-Jj_2 L10-Ugb4 L5-Ish4 L11-Cgx7 L6-Yue3 L12-Ja_7
L1-Gfk7 L7-Unk3 L2-Aem5 L8-Cjn1 L3-Ghy8 L9-Oq_4 L13-Fmj3 L4-Nna6 L10-Jj_2 L14-Ugb4 L5-Qvz2 L11-Ish4 L15-Cgx7 L6-Up_4 L12-Yue3 L16-Ja_7
L1-Wfi5 L7-Gfk7 L2-Tvm0 L8-Aem5 L3-Nxo3 L9-Ghy8 L13-Oq_4 L4-Aqk3 L10-Nna6 L14-Jj_2 L5-Gyw0 L11-Qvz2 L15-Ish4 L6-Pib7 L12-Up_4 L16-Yue3
L1-Pvc3 L7-Wfi5 L2-Cgh6 L8-Tvm0 L3-Yb_5 L9-Nxo3 L13-Ghy8 L4-Meu1 L10-Aqk3 L14-Nna6 L5-Odk5 L11-Gyw0 L15-Qvz2 L6-Uwb2 L12-Pib7 L16-Up_4
L1-Qja3 L7-Pvc3 L2-Bzd3 L8-Cgh6 L3-Kno5 L9-Yb_5 L13-Nxo3 L4-Hen8 L10-Meu1 L14-Aqk3 L5-Keu6 L11-Odk5 L15-Gyw0 L6-Gnn8 L12-Uwb2 L16-Pib7
L1-Fmz5 L7-Qja3 L2-U_o4 L8-Bzd3 L3-Asl0 L9-Kno5 L13-Yb_5 L4-Hrd4 L10-Hen8 L14-Meu1 L5-Ffk3 L11-Keu6 L15-Odk5 L6-Myk8 L12-Gnn8 L16-Uwb2
L1-Wne1 L7-Fmz5 L2-Szu9 L8-U_o4 L3-Gvt7 L9-Asl0 L13-Kno5 L4-Rmc4 L10-Hrd4 L14-Hen8 L5-Nxp9 L11-Ffk3 L15-Keu6 L6-A_y7 L12-Myk8 L16-Gnn8
L1-Wmx1 L7-Wne1 L2-Nru8 L8-Szu9 L3-Blv6 L9-Gvt7 L13-Asl0 L4-Kgi3 L10-Rmc4 L14-Hrd4 L5-N__1 L11-Nxp9 L15-Ffk3 L6-Ho_0 L12-A_y7 L16-Myk8
L1-Tmk5 L7-Wmx1 L2-Q_x8 L8-Nru8 L3-Ths1 L9-Blv6 L13-Gvt7 L4-Iad1 L10-Kgi3 L14-Rmc4 L5-Gpg8 L11-N__1 L15-Nxp9 L6-Cob8 L12-Ho_0 L16-A_y7
L1-Emr4 L7-Tmk5 L2-Zwe1 L8-Q_x8 L3-Wl_2 L9-Ths1 L13-Blv6 L4-Slv6 L10-Iad1 L14-Kgi3 L5-Old9 L11-Gpg8 L15-N__1 L6-Kxo7 L12-Cob8 L16-Ho_0
L1-Ayt8 L7-Emr4 L2-Wvo9 L8-Zwe1 L3-Ecb0 L9-Wl_2 L13-Ths1 L4-Gj_0 L10-Slv6 L14-Iad1 L5-Dwt4 L11-Old9 L15-Gpg8 L6-Xd_2 L12-Kxo7 L16-Cob8
L1-Rhj6 L7-Ayt8 L2-Ayq4 L8-Wvo9 L3-Jtl8 L9-Ecb0 L13-Wl_2 L4-Dct2 L10-Gj_0 L14-Slv6 L5-Woe7 L11-Dwt4 L15-Old9 L6-Ohw1 L12-Xd_2 L16-Kxo7
L1-Auj7 L7-Rhj6 L2-Buz9 L8-Ayq4 L3-Two2 L9-Jtl8 L13-Ecb0 L4-Q_p1 L10-Dct2 L14-Gj_0 L5-Etx1 L11-Woe7 L15-Dwt4 L6-Bav6 L12-Ohw1 L16-Xd_2
L1-Dgo8 L7-Auj7 L2-Jv_1 L8-Buz9 L3-Gm_1 L9-Two2 L13-Jtl8 L4-Uhf4 L10-Q_p1 L14-Dct2 L5-R_n8 L11-Etx1 L15-Woe7 L6-Hwv7 L12-Bav6 L16-Ohw1
L1-O_o1 L7-Dgo8 L2-Ibu1 L8-Jv_1 L3-Uy_3 L9-Gm_1 L13-Two2 L4-Zcm8 L10-Uhf4 L14-Q_p1 L5-Akh3 L11-R_n8 L15-Etx1 L6-Ieo4 L12-Hwv7 L16-Bav6
L1-W_x8 L7-O_o1 L2-Fzv8 L8-Ibu1 L3-Iy_8 L9-Uy_3 L13-Gm_1 L4-Uuy7 L10-Zcm8 L14-Uhf4 L5-Jvy2 L11-Akh3 L15-R_n8 L6-Ee_1 L12-Ieo4 L16-Hwv7
L1-Fbn1 L7-W_x8 L2-Hwc1 L8-Fzv8 L3-Mtn6 L9-Iy_8 L13-Uy_3 L4-Ta_2 L10-Uuy7 L14-Zcm8 L5-Dgc6 L11-Jvy2 L15-Akh3 L6-Gul1 L12-Ee_1 L16-Ieo4
L1-Tdh8 L7-Fbn1 L2-Brr6 L8-Hwc1 L3-Sui5 L9-Mtn6 L13-Iy_8 L4-Kbn5 L10-Ta_2 L14-Uuy7 L5-Xt_2 L11-Dgc6 L15-Jvy2 L6-Xmi3 L12-Gul1 L16-Ee_1
L1-R__0 L7-Tdh8 L2-Joa1 L8-Brr6 L3-Ylh2 L9-Sui5 L13-Mtn6 L4-Ifl3 L10-Kbn5 L14-Ta_2 L5-Idj5 L11-Xt_2 L15-Dgc6 L6-Cf_0 L12-Xmi3 L16-Gul1
L1-Dng7 L7-R__0 L2-Ula8 L8-Joa1 L3-Ggq9 L9-Ylh2 L13-Sui5 L4-Pbc8 L10-Ifl3 L14-Kbn5 L5-Oei6 L11-Idj5 L15-Xt_2 L6-Dkc1 L12-Cf_0 L16-Xmi3
L1-Oeg6 L7-Dng7 L2-Rj_5 L8-Ula8 L3-Rfw3 L9-Ggq9 L13-Ylh2 L4-Bkb7 L10-Pbc8 L14-Ifl3 L5-H__1 L11-Oei6 L15-Idj5 L6-Zja2 L12-Dkc1 L16-Cf_0
L1-Fpj9 L7-Oeg6 L2-Ofn8 L8-Rj_5 L3-N_c9 L9-Rfw3 L13-Ggq9 L4-Ulb1 L10-Bkb7 L14-Pbc8 L5-Vqn3 L11-H__1 L15-Oei6 L6-J_e6 L12-Zja2 L16-Dkc1
L1-Nhc3 L7-Fpj9 L2-Z_z3 L8-Ofn8 L3-Wup0 L9-N_c9 L13-Rfw3 L4-Dxg9 L10-Ulb1 L14-Bkb7 L5-Iqt6 L11-Vqn3 L15-H__1 L6-Wxl6 L12-J_e6 L16-Zja2
L1-Dz_5 L7-Nhc3 L2-E_u1 L8-Z_z3 L3-Qfv8 L9-Wup0 L13-N_c9 L4-Qoy8 L10-Dxg9 L14-Ulb1 L5-Ufl6 L11-Iqt6 L15-Vqn3 L6-Naz9 L12-Wxl6 L16-J_e6
L1-Qpo6 L7-Dz_5 L2-Ofx4 L8-E_u1 L3-Fib7 L9-Qfv8 L13-Wup0 L4-Yqp7 L10-Qoy8 L14-Dxg9 L5-Ikc5 L11-Ufl6 L15-Iqt6 L6-Sli1 L12-Naz9 L16-Wxl6
L1-Vbm2 L7-Qpo6 L2-Zzp1 L8-Ofx4 L3-Tfj7 L9-Fib7 L13-Qfv8 L4-Jpu4 L10-Yqp7 L14-Qoy8 L5-Aej1 L11-Ikc5 L15-Ufl6 L6-Amn6 L12-Sli1 L16-Naz9
L1-Q__9 L7-Vbm2 L2-Zpa1 L8-Zzp1 L3-Kvf5 L9-Tfj7 L13-Fib7 L4-Drv4 L10-Jpu4 L14-Yqp7 L5-Ibr9 L11-Aej1 L15-Ikc5 L6-K_j8 L12-Amn6 L16-Sli1
L1-Hdw5 L7-Q__9 L2-Tob3 L8-Zpa1 L3-N_q1 L9-Kvf5 L13-Tfj7 L4-Vlh6 L10-Drv4 L14-Jpu4 L5-Nul3 L11-Ibr9 L15-Aej1 L6-Nul3 L12-K_j8 L16-Amn6
L1-Rrv9 L7-Hdw5 L2-O_v7 L8-Tob3 L3-Ndd2 L9-N_q1 L13-Kvf5 L4-Nul3 L10-Vlh6 L14-Drv4 L11-Nul3 L15-Ibr9 L12-Nul3 L16-K_j8
L1-F__4 L7-Rrv9 L2-Prj7 L8-O_v7 L3-Nul3 L9-Ndd2 L13-N_q1 L10-Nul3 L14-Vlh6 L15-Nul3 L16-Nul3
L1-Nul3 L7-F__4 L2-Nul3 L8-Prj7 L9-Nul3 L13-Ndd2 L14-Nul3
L7-Nul3 L8-Nul3 L13-Nul3
