145
#Here is the number of lines required: 34
##start
Ddp3 0 0
##end
Gjd3 3 3
Nps0 5 5
Wyr7 9 9
Zrw2 12 12
F_z2 15 15
Tem3 18 18
Qpi4 22 22
Wtg5 24 24
Y_c4 25 25
Kt_9 28 28
Asq5 31 31
Xg_9 36 36
Snf6 38 38
Jbm7 39 39
Oir2 40 40
Dlf9 42 42
Ock0 45 45
Niv0 49 49
Ius4 52 52
Dzk8 53 53
Qpz0 56 56
G_j9 61 61
T_w0 65 65
Tmc1 68 68
Dgi7 69 69
Tn_1 72 72
Xfi8 75 75
Pwr8 78 78
Gd_7 81 81
Icc9 85 85
Mlk3 87 87
I_k8 92 92
Mbn5 95 95
Mzs5 97 97
Dfh9 101 101
Szq4 105 105
Nbj9 107 107
Yz_8 110 110
Osz9 114 114
Grs0 116 116
Hhu7 120 120
Zf_2 122 122
Fgz0 126 126
D_j5 131 131
Bko5 136 136
Ktp8 139 139
Pj_0 141 141
Jsp8 142 142
Vfk9 144 144
Mad3 145 145
Kzn9 146 146
Mnd3 149 149
Jgc4 152 152
Pcy4 155 155
Fkn6 158 158
Mre0 161 161
Kc_0 166 166
Frm8 169 169
Bhe1 172 172
Cfc2 177 177
Ush7 181 181
Phz6 184 184
Anu8 188 188
Uza1 191 191
Uod2 196 196
Gau3 198 198
Uws8 199 199
N_z0 203 203
Tjn6 205 205
D_e5 208 208
Fqm4 212 212
Rzt1 217 217
Uvd9 219 219
Fqk0 220 220
Eop9 221 221
Ta_1 226 226
Ohn4 230 230
Udd5 234 234
Muu8 237 237
Zsj4 239 239
Jku8 243 243
Zu_9 246 246
Sle6 249 249
Bpj9 253 253
Iwp1 256 256
Aba8 259 259
Clc6 261 261
Jc_7 266 266
Gcg5 271 271
X_j7 276 276
O__6 280 280
Zos6 281 281
P_f2 284 284
Qxo1 287 287
Oop4 289 289
A__2 291 291
Cqu1 293 293
Z_k0 297 297
Pqv5 298 298
Paf6 301 301
Wot2 306 306
Smt0 310 310
Czl3 313 313
Age9 318 318
Qka8 322 322
Yil9 323 323
Pnc0 325 325
Yvf8 327 327
Duf8 330 330
Ayx3 335 335
Kwq0 336 336
Iep6 338 338
Eti3 341 341
Yvw3 344 344
Vui4 348 348
Exw2 351 351
Jre1 355 355
Ax_7 357 357
Czs2 361 361
Ih_8 363 363
Zyv3 366 366
Xcm3 369 369
Cnf6 374 374
Qft0 376 376
Hxe8 378 378
Djo7 380 380
Ytd7 382 382
Cgr3 385 385
Gmw5 389 389
Gqa3 391 391
Orc9 395 395
Rmi6 397 397
Xwh9 399 399
Gsh4 403 403
Adh5 406 406
Q_z9 409 409
Nrv7 411 411
Rxh7 414 414
Rtf3 416 416
Hf_8 419 419
Mud1 423 423
Eil1 425 425
F_s1 429 429
Tnn0 434 434
Mgd6 437 437
Zjr3 442 442
Uwz4 447 447
Zrm9 450 450
Vdm4 453 453
Sis9 457 457
Pcf5 459 459
Mkp2 463 463
Mpp5 466 466
Ve_3 470 470
Xdc6 473 473
Dpb1 476 476
Imb8 480 480
Gyy1 481 481
Mpw0 484 484
Bsn1 487 487
K_w2 491 491
Ele6 495 495
Ssr5 500 500
Qfk0 503 503
Gwi8 505 505
Myd3 509 509
R_p1 513 513
Qiw0 517 517
Tx_5 521 521
Mho7 525 525
Ykc2 526 526
P_n3 527 527
Nky5 529 529
Yrz0 532 532
Wba1 534 534
Zxe7 536 536
Dhp4 540 540
Au_3 544 544
Ufu0 548 548
Hi_7 550 550
Wrq4 554 554
Ruu9 558 558
Iny1 562 562
Twu9 565 565
Ma_1 568 568
Puc2 569 569
U_k7 571 571
Cfb6 575 575
Qjg4 577 577
Jpl5 579 579
Gux8 580 580
Ng_9 582 582
Etj8 586 586
Gcm8 590 590
Bvm8 592 592
Xc_7 595 595
Qpb1 600 600
Q_g2 604 604
Sxw0 606 606
Avq1 611 611
Odi2 614 614
Ery7 616 616
Gbw3 619 619
Yxn0 621 621
Yxw8 622 622
Dsh9 626 626
Pyi5 630 630
T_c3 631 631
Qzd6 635 635
Fon8 640 640
Bc_2 644 644
Qon3 647 647
Bnt4 649 649
Mod4 653 653
Wao5 657 657
Inb6 658 658
Mzw4 662 662
K_p5 666 666
Wyx8 668 668
N_g0 670 670
Jfi1 673 673
E_p2 677 677
Avx7 681 681
Pkt7 685 685
Tav9 688 688
Yhe5 689 689
Wck6 692 692
Usp6 695 695
Nya5 698 698
Z_t5 701 701
Mrt6 705 705
Uho0 706 706
Xku1 710 710
Cyw8 713 713
Fr_4 718 718
Enw1 721 721
Bzd4 724 724
Rsx3 725 725
Eru7 730 730
Csj7 733 733
Fvm4 734 734
Heh0 736 736
Qaw6 741 741
Ize5 745 745
Meh3 747 747
Nws7 751 751
Pys3 754 754
Mi_2 757 757
Z_m4 761 761
Mfp3 764 764
Evf6 765 765
Dm_8 770 770
Zqh8 772 772
Mch7 773 773
V_j2 776 776
Dkp3 779 779
J_u8 783 783
Qnj0 786 786
Upb3 789 789
Yju8 791 791
Fzk3 794 794
Sko9 796 796
A_q0 801 801
Vfn8 803 803
Omq2 805 805
X_w3 808 808
Byy4 811 811
Pbe4 815 815
A_m5 817 817
Civ9 819 819
Fdy1 823 823
B_i0 826 826
Tpc4 829 829
Yub2 831 831
Auw5 834 834
And7 836 836
Ymg4 839 839
Hpy0 843 843
Wn_5 846 846
Rvx0 847 847
M__9 851 851
Zwp5 856 856
Hhq8 857 857
Vtq6 861 861
Pfx6 865 865
Gaa5 869 869
Anq4 871 871
Eyq2 873 873
Zyy8 874 874
N_u4 878 878
Zok3 881 881
Tty3 885 885
Uz_8 888 888
Zrc0 890 890
Qcw7 893 893
Eb_5 897 897
Dyu1 899 899
Kdk3 903 903
Xww5 905 905
Eaf6 909 909
Rgb9 914 914
Yaw4 916 916
M_j5 921 921
Fir4 923 923
Bpw0 925 925
Rsk7 929 929
Ibw4 934 934
Mi_7 938 938
R_f7 942 942
Zbx9 945 945
Gyv2 948 948
Eye8 952 952
Q_u3 956 956
Fny0 958 958
Iui1 959 959
Fuu3 961 961
Mqq4 963 963
Hpd3 967 967
Hzw3 971 971
Sum3 973 973
U__8 975 975
Tax2 978 978
Xle3 981 981
Pdt8 983 983
Zav0 988 988
X_n9 992 992
Ph_1 995 995
Vbo3 998 998
W_u9 1002 1002
Jgm5 1005 1005
Dje1 1010 1010
Rxt6 1015 1015
Zvo7 1018 1018
Nii9 1019 1019
Atf6 1023 1023
U_g7 1026 1026
Ekm2 1030 1030
Eug4 1033 1033
Gy_7 1037 1037
Tgz3 1041 1041
Sno9 1042 1042
Gd_0 1045 1045
Ufh0 1048 1048
A_a7 1050 1050
Pdq4 1054 1054
Zb_5 1058 1058
Fgv1 1060 1060
V_d9 1063 1063
J_j8 1065 1065
Qnh5 1068 1068
Dhw0 1070 1070
Orw7 1073 1073
Hfp7 1077 1077
Nsu9 1080 1080
Sjs2 1083 1083
O_l5 1088 1088
Im_9 1089 1089
Tiy8 1094 1094
Zbd9 1097 1097
J_d3 1099 1099
Fkq5 1102 1102
Std7 1107 1107
Ugt3 1110 1110
Qyh1 1112 1112
Mag8 1114 1114
Qll5 1115 1115
Jkf4 1119 1119
Vku3 1124 1124
Pok9 1126 1126
Xhe5 1130 1130
Dxg6 1132 1132
Fuy8 1137 1137
Ikx3 1140 1140
Zih2 1142 1142
Tlk9 1143 1143
Nrg3 1146 1146
M_n2 1149 1149
Ijq3 1150 1150
Dgm1 1154 1154
S_j3 1159 1159
Ufk7 1163 1163
Ura3 1165 1165
Oll1 1168 1168
Ypt5 1171 1171
Wzt6 1175 1175
Eby7 1180 1180
Oct6 1182 1182
M_r4 1185 1185
H_v8 1187 1187
Qx_1 1188 1188
Ydi4 1190 1190
Swj4 1195 1195
Ebp7 1198 1198
X_i6 1203 1203
Oqn9 1207 1207
Ppj7 1208 1208
Bni0 1213 1213
Brx9 1216 1216
Igl1 1218 1218
Nzc0 1220 1220
Ew_0 1221 1221
Jaq3 1224 1224
Xxt2 1228 1228
Sap2 1231 1231
Kro7 1234 1234
Clz9 1238 1238
Tfl8 1240 1240
Dql1 1242 1242
Rbg1 1245 1245
Pkg7 1247 1247
Nac9 1248 1248
Dx_4 1251 1251
Mcz2 1256 1256
Vcg0 1258 1258
Kfo7 1260 1260
Red4 1264 1264
Fnm2 1269 1269
Fhb8 1271 1271
Dou8 1272 1272
Cki2 1274 1274
Pta0 1277 1277
Myf3 1279 1279
Qj_8 1283 1283
I_k5 1287 1287
Vp_8 1291 1291
Bwm5 1292 1292
Xcp0 1295 1295
Pxh8 1298 1298
Xsx3 1301 1301
Kaj2 1303 1303
Gn_4 1306 1306
Frh7 1311 1311
Nwr1 1315 1315
H_d7 1320 1320
Rtg5 1323 1323
Kit9 1325 1325
D_j8 1326 1326
Xzl1 1329 1329
Vm_7 1332 1332
Htl0 1335 1335
Iq_1 1336 1336
Jvv2 1341 1341
Ncq7 1346 1346
Ktg0 1350 1350
Qmm4 1353 1353
Qwf5 1356 1356
Qqk2 1358 1358
Cxr9 1360 1360
Qcb4 1362 1362
Uk_8 1364 1364
Es_0 1367 1367
Zbw4 1371 1371
Mfp9 1372 1372
Yig9 1376 1376
Ha_0 1380 1380
Mlp6 1383 1383
Yzh1 1386 1386
Umv4 1388 1388
J_w9 1391 1391
T_l6 1393 1393
Vwj4 1396 1396
Ubd8 1399 1399
Cvx1 1401 1401
Jdc7 1403 1403
Woc0 1406 1406
C_x8 1411 1411
Aso0 1413 1413
Bjc2 1417 1417
Jac8 1420 1420
Gyj5 1422 1422
I_s0 1423 1423
Hv_0 1425 1425
Ugd0 1428 1428
Qxy9 1430 1430
Pyb0 1433 1433
M_z0 1435 1435
G_b1 1438 1438
Ah_4 1442 1442
Qjh1 1444 1444
Rif2 1447 1447
Irm6 1449 1449
Ypm8 1452 1452
Fcg2 1455 1455
Sml7 1458 1458
Sv_5 1461 1461
H_p2 1463 1463
Dsy0 1468 1468
Gew5 1472 1472
Qun3 1474 1474
Ylj1 1475 1475
Mcj9 1478 1478
Nav8 1482 1482
Kmt4 1485 1485
Udq1 1489 1489
E_t4 1491 1491
Oeb8 1494 1494
Fwv0 1497 1497
Cwr5 1501 1501
Unx5 1505 1505
M_o6 1507 1507
Odm7 1508 1508
Utg5 1510 1510
Pym8 1514 1514
Urh2 1517 1517
Pfd8 1521 1521
Ezx7 1524 1524
Ovp5 1527 1527
Aiq9 1528 1528
Kfb8 1530 1530
Oru1 1531 1531
Q_r4 1533 1533
Dbh1 1535 1535
K_g2 1538 1538
O_y3 1540 1540
Gsh4-Nps0
Rgb9-Dbh1
Nwr1-Q_r4
Dql1-Zrw2
Ykc2-F_z2
Zwp5-Tem3
M_z0-Qpi4
Jpl5-Aiq9
And7-Ovp5
Tiy8-Snf6
Qft0-Jbm7
Bzd4-Oir2
Ktg0-Dlf9
Tx_5-Niv0
Usp6-M_o6
Aba8-Qpz0
P_f2-G_j9
O__6-Fwv0
Irm6-Tmc1
Vdm4-Dgi7
Jkf4-Oeb8
Gsh4-Xfi8
Yzh1-Pwr8
K_w2-Icc9
X_n9-Ylj1
Nky5-Mlk3
J_d3-I_k8
Yju8-Dfh9
Zrc0-Nbj9
Hi_7-Dsy0
Fgv1-Grs0
Dxg6-Hhu7
Uza1-Sml7
Fdy1-Zf_2
Clc6-Rif2
Mfp3-Qjh1
Upb3-Fgz0
U_g7-Bko5
Uvd9-Ktp8
Hzw3-Vfk9
Zav0-Ugd0
Mfp3-Gyj5
Gd_0-Jac8
Nii9-Bjc2
Hhq8-Aso0
Smt0-Frm8
Cfb6-Bhe1
F_s1-C_x8
Fhb8-Jdc7
Qcb4-Ubd8
Xc_7-Ush7
X_w3-Phz6
Vtq6-Umv4
Htl0-Anu8
Ssr5-Uza1
Hxe8-Yzh1
M_n2-Uod2
K_p5-Uws8
Qwf5-Yig9
Uz_8-Mfp9
Qj_8-Zbw4
Wba1-Rzt1
Cnf6-Es_0
Dpb1-Uk_8
Qnj0-Uvd9
And7-Fqk0
P_n3-Qwf5
Yub2-Eop9
Mpp5-Qmm4
Jkf4-Jvv2
Ery7-Iq_1
Ruu9-Htl0
Oop4-Vm_7
Fzk3-Zsj4
Wba1-H_d7
P_f2-Jku8
Zxe7-Nwr1
Hpd3-Zu_9
X_j7-Bpj9
Avq1-Iwp1
Bwm5-Gcg5
Vp_8-Bwm5
O__6-I_k5
Pta0-Myf3
Cki2-Pta0
Dou8-P_f2
Oop4-Qxo1
A__2-Oop4
Cqu1-A__2
Z_k0-Cqu1
Pqv5-Z_k0
Paf6-Fnm2
Wot2-Red4
Kfo7-Wot2
Smt0-Kfo7
Vcg0-Czl3
Age9-Vcg0
Yil9-Qka8
Yvf8-Pnc0
Nac9-Duf8
Ayx3-Nac9
Kwq0-Dql1
Tfl8-Kwq0
Kro7-Clz9
Iep6-Kro7
Eti3-Iep6
Xxt2-Sap2
Yvw3-Xxt2
Vui4-Yvw3
Nzc0-Ew_0
Jre1-Nzc0
Ax_7-Igl1
Brx9-Ax_7
Bni0-Brx9
Ppj7-Bni0
Oqn9-Ppj7
Ydi4-Czs2
Ih_8-Ydi4
Qx_1-Zyv3
Eby7-Xcm3
Qft0-Oll1
Hxe8-Ura3
Ytd7-Djo7
S_j3-Gmw5
Gqa3-Dgm1
M_n2-Orc9
Nrg3-M_n2
Rmi6-Tlk9
Zih2-Gjd3
Ikx3-Zih2
Q_z9-Adh5
Dxg6-Q_z9
Xhe5-Dxg6
Pok9-Xhe5
Vku3-Pok9
Jkf4-Nrv7
Rxh7-Jkf4
Qll5-Rxh7
Mag8-Qll5
Qyh1-Mag8
Rtf3-Qyh1
Mud1-Hf_8
Tnn0-F_s1
Mgd6-Zbd9
Zjr3-Mgd6
Tiy8-Zjr3
Im_9-Tiy8
Sjs2-Uwz4
Sis9-Vdm4
Pcf5-Hfp7
Orw7-Mkp2
Mpp5-Orw7
Dhw0-Mpp5
Xdc6-Qnh5
Imb8-Dpb1
Ddp3-Imb8
Gyy1-Gjd3
Fgv1-Mpw0
Bsn1-Fgv1
K_w2-Bsn1
Zb_5-K_w2
Pdq4-Ele6
A_a7-Ssr5
Ufh0-A_a7
Qfk0-Ufh0
Gwi8-Gd_0
Sno9-R_p1
Qiw0-Sno9
Tgz3-Gjd3
Mho7-Tgz3
Gy_7-Mho7
Eug4-Ykc2
U_g7-Ekm2
Atf6-U_g7
Nii9-Atf6
Zvo7-Nii9
Rxt6-Zvo7
P_n3-Dje1
Jgm5-P_n3
Vbo3-W_u9
Nky5-Vbo3
Ddp3-Nky5
Ph_1-Gjd3
Wba1-Yrz0
Zxe7-Wba1
Zav0-Zxe7
Pdt8-Au_3
Xle3-Ufu0
Hi_7-Tax2
Wrq4-Hi_7
Ruu9-Wrq4
U__8-Iny1
Iui1-Cfb6
Q_u3-Fny0
Eye8-Q_u3
Gyv2-Eye8
Qjg4-Gyv2
Mi_7-R_f7
Ddp3-Ibw4
Etj8-Gjd3
Xc_7-Bvm8
Qpb1-Rsk7
Bpw0-Qpb1
Sxw0-Q_g2
Avq1-Fir4
Yaw4-Gbw3
Rgb9-Yaw4
Ddp3-Rgb9
Dm_8-Gjd3
Yxn0-Dm_8
Eaf6-Yxn0
Yxw8-Eaf6
Dsh9-Yxw8
Eb_5-Dyu1
Fon8-Eb_5
Bc_2-Qcw7
Ddp3-Bc_2
Tty3-Uz_8
Zok3-Tty3
N_u4-Zok3
Bnt4-Eyq2
Wao5-Mod4
K_p5-Anq4
Ddp3-K_p5
Pfx6-Wyx8
Vtq6-Pfx6
Hhq8-Vtq6
N_g0-Zwp5
Jfi1-N_g0
M__9-Jfi1
E_p2-Rvx0
Wn_5-E_p2
Tav9-And7
Auw5-Tav9
Tpc4-Wck6
Z_t5-B_i0
Civ9-Fdy1
A_m5-Civ9
Pbe4-Uho0
Byy4-Xku1
Fr_4-Cyw8
X_w3-Enw1
Bzd4-X_w3
Vfn8-Omq2
Ddp3-Sko9
Eru7-Gjd3
Csj7-Eru7
Fzk3-Csj7
Fvm4-Fzk3
Heh0-Fvm4
Ize5-Qaw6
Upb3-Meh3
Pys3-Nws7
Qnj0-Pys3
Mi_2-Qnj0
V_j2-Dkp3
Mch7-V_j2
Zqh8-Mch7
Ddp3-Evf6
Evf6-Mfp3
Mfp3-Z_m4
Z_m4-Zqh8
Dkp3-J_u8
J_u8-Mi_2
Nws7-Upb3
Meh3-Yju8
Yju8-Ize5
Qaw6-Heh0
Sko9-A_q0
A_q0-Vfn8
Omq2-Rsx3
Rsx3-Bzd4
Enw1-Fr_4
Cyw8-Byy4
Xku1-Pbe4
Uho0-A_m5
Fdy1-Mrt6
Mrt6-Z_t5
B_i0-Nya5
Nya5-Usp6
Usp6-Gjd3
Ddp3-Tpc4
Wck6-Yhe5
Yhe5-Yub2
Yub2-Auw5
And7-Ymg4
Ymg4-Pkt7
Pkt7-Hpy0
Hpy0-Avx7
Avx7-Wn_5
Rvx0-M__9
Zwp5-Hhq8
Wyx8-Gaa5
Gaa5-Gjd3
Anq4-Mzw4
Mzw4-Inb6
Inb6-Wao5
Mod4-Bnt4
Eyq2-Zyy8
Zyy8-N_u4
Uz_8-Qon3
Qon3-Zrc0
Zrc0-Gjd3
Qcw7-Fon8
Dyu1-Qzd6
Qzd6-T_c3
T_c3-Kdk3
Kdk3-Xww5
Xww5-Pyi5
Pyi5-Dsh9
Gbw3-Ery7
Ery7-M_j5
M_j5-Odi2
Odi2-Avq1
Fir4-Sxw0
Q_g2-Bpw0
Rsk7-Xc_7
Bvm8-Gcm8
Gcm8-Etj8
Ibw4-Ng_9
Ng_9-Gux8
Gux8-Mi_7
R_f7-Jpl5
Jpl5-Zbx9
Zbx9-Qjg4
Fny0-Iui1
Cfb6-Fuu3
Fuu3-Mqq4
Mqq4-Hpd3
Hpd3-U_k7
U_k7-Gjd3
Ddp3-Puc2
Puc2-Hzw3
Hzw3-Ma_1
Ma_1-Twu9
Twu9-Sum3
Sum3-U__8
Iny1-Ruu9
Tax2-Xle3
Ufu0-Pdt8
Au_3-Dhp4
Dhp4-Zav0
Yrz0-X_n9
X_n9-Ph_1
W_u9-Jgm5
Dje1-Rxt6
Ekm2-Eug4
Ykc2-Gy_7
Ddp3-Tx_5
Tx_5-Qiw0
R_p1-Myd3
Myd3-Gwi8
Gd_0-Qfk0
Ssr5-Pdq4
Ele6-Zb_5
Mpw0-V_d9
V_d9-Gyy1
Dpb1-J_j8
J_j8-Xdc6
Qnh5-Ve_3
Ve_3-Dhw0
Mkp2-Pcf5
Hfp7-Sis9
Vdm4-Zrm9
Zrm9-Nsu9
Nsu9-Sjs2
Uwz4-O_l5
O_l5-Im_9
Zbd9-Tnn0
F_s1-J_d3
J_d3-Eil1
Eil1-Fkq5
Fkq5-Std7
Std7-Ugt3
Ugt3-Mud1
Hf_8-Rtf3
Nrv7-Vku3
Adh5-Fuy8
Fuy8-Gsh4
Gsh4-Ikx3
Ddp3-Xwh9
Xwh9-Rmi6
Tlk9-Nrg3
Orc9-Ijq3
Ijq3-Gqa3
Dgm1-S_j3
Gmw5-Cgr3
Cgr3-Ufk7
Ufk7-Ytd7
Djo7-Hxe8
Ura3-Qft0
Oll1-Ypt5
Ypt5-Cnf6
Cnf6-Wzt6
Wzt6-Eby7
Xcm3-Oct6
Oct6-M_r4
M_r4-H_v8
H_v8-Qx_1
Zyv3-Ih_8
Czs2-Swj4
Swj4-Ebp7
Ebp7-X_i6
X_i6-Oqn9
Igl1-Jre1
Ew_0-Exw2
Exw2-Jaq3
Jaq3-Vui4
Sap2-Gjd3
Ddp3-Eti3
Clz9-Tfl8
Dql1-Rbg1
Rbg1-Pkg7
Pkg7-Ayx3
Duf8-Dx_4
Dx_4-Mcz2
Mcz2-Yvf8
Pnc0-Yil9
Qka8-Age9
Czl3-Smt0
Red4-Paf6
Fnm2-Fhb8
Fhb8-Pqv5
Qxo1-Dou8
P_f2-Cki2
Myf3-Zos6
Zos6-Qj_8
Qj_8-O__6
I_k5-X_j7
X_j7-Vp_8
Gcg5-Xcp0
Xcp0-Pxh8
Pxh8-Xsx3
Xsx3-Jc_7
Jc_7-Clc6
Clc6-Aba8
Aba8-Gjd3
Duf8-Kaj2
Zyv3-Sle6
Ydi4-Gn_4
Pta0-Frh7
Qxo1-Rtg5
Yvf8-Kit9
Wba1-D_j8
Qll5-Xzl1
Byy4-Muu8
X_i6-Udd5
E_p2-Ncq7
Z_k0-Ktg0
Ppj7-Ohn4
V_j2-Ta_1
Pkg7-Qqk2
Pdt8-Cxr9
Kaj2-Qcb4
Fgv1-Fqm4
Ohn4-D_e5
Swj4-Tjn6
Nii9-Ha_0
Mag8-N_z0
Hf_8-Gau3
Czl3-Mlp6
Fgv1-J_w9
Qmm4-T_l6
Sjs2-Vwj4
Zsj4-Cvx1
Fzk3-Cfc2
Qcb4-Woc0
Mi_7-Kc_0
H_v8-Mre0
Htl0-Fkn6
Eru7-Pcy4
Oqn9-I_s0
O_l5-Hv_0
And7-Jgc4
Zih2-Qxy9
Bvm8-Mnd3
Xwh9-Kzn9
Rtg5-Mad3
Rsx3-Jsp8
Xdc6-Pyb0
Uz_8-Pj_0
Jdc7-M_z0
Pkt7-D_j5
J_w9-G_b1
Ohn4-Ah_4
Eru7-Irm6
Uz_8-Ypm8
Mnd3-Fcg2
Ohn4-Sv_5
Woc0-H_p2
Zwp5-Osz9
Vui4-Yz_8
E_p2-Gew5
Nii9-Szq4
Vku3-Qun3
Yrz0-Mzs5
Yju8-Mbn5
X_w3-Mcj9
Zbx9-Gd_7
Bni0-Nav8
Qmm4-Kmt4
Aba8-Tn_1
Icc9-Udq1
Hhq8-E_t4
Pyi5-T_w0
Pkg7-Cwr5
Gew5-Unx5
M__9-Dzk8
O_l5-Ius4
Tx_5-Ock0
Rmi6-Odm7
Dzk8-Utg5
Vui4-Pym8
Bc_2-Urh2
Cnf6-Pfd8
Yxw8-Xg_9
Dgi7-Ezx7
Czs2-Asq5
Tjn6-Kt_9
Wot2-Y_c4
Ery7-Wtg5
Iui1-Kfb8
Gmw5-Oru1
Gaa5-Wyr7
Hpd3-K_g2
Uvd9-O_y3
#Here is the number of lines required: 34

L1-Tpc4 L2-Puc2 L3-Evf6 L4-Sko9 L5-Tx_5 L6-Ibw4 L7-Rgb9 L8-Nky5 L9-K_p5 L10-Bc_2
L1-Wck6 L11-Tpc4 L2-Hzw3 L12-Puc2 L3-Mfp3 L13-Evf6 L4-A_q0 L14-Sko9 L5-Qiw0 L15-Tx_5 L6-Ng_9 L16-Ibw4 L7-Yaw4 L17-Rgb9 L8-Vbo3 L18-Nky5 L9-Anq4 L19-K_p5 L10-Qcw7 L20-Bc_2
L1-Yhe5 L11-Wck6 L21-Tpc4 L2-Ma_1 L12-Hzw3 L22-Puc2 L3-Z_m4 L13-Mfp3 L23-Evf6 L4-Vfn8 L14-A_q0 L24-Sko9 L5-Sno9 L15-Qiw0 L25-Tx_5 L6-Gux8 L16-Ng_9 L26-Ibw4 L7-Gbw3 L17-Yaw4 L27-Rgb9 L8-W_u9 L18-Vbo3 L28-Nky5 L9-Mzw4 L19-Anq4 L29-K_p5 L10-Fon8 L20-Qcw7 L30-Bc_2
L1-Yub2 L11-Yhe5 L21-Wck6 L31-Tpc4 L2-Twu9 L12-Ma_1 L22-Hzw3 L32-Puc2 L3-Zqh8 L13-Z_m4 L23-Mfp3 L33-Evf6 L4-Omq2 L14-Vfn8 L24-A_q0 L34-Sko9 L5-R_p1 L15-Sno9 L25-Qiw0 L35-Tx_5 L6-Mi_7 L16-Gux8 L26-Ng_9 L36-Ibw4 L7-Ery7 L17-Gbw3 L27-Yaw4 L37-Rgb9 L8-Jgm5 L18-W_u9 L28-Vbo3 L38-Nky5 L9-Inb6 L19-Mzw4 L29-Anq4 L39-K_p5 L10-Eb_5 L20-Fon8 L30-Qcw7 L40-Bc_2
L1-Auw5 L11-Yub2 L21-Yhe5 L31-Wck6 L41-Tpc4 L2-Sum3 L12-Twu9 L22-Ma_1 L32-Hzw3 L42-Puc2 L3-Mch7 L13-Zqh8 L23-Z_m4 L33-Mfp3 L43-Evf6 L4-Rsx3 L14-Omq2 L24-Vfn8 L34-A_q0 L44-Sko9 L5-Myd3 L15-R_p1 L25-Sno9 L35-Qiw0 L45-Tx_5 L6-R_f7 L16-Mi_7 L26-Gux8 L36-Ng_9 L46-Ibw4 L7-M_j5 L17-Ery7 L27-Gbw3 L37-Yaw4 L47-Rgb9 L8-P_n3 L18-Jgm5 L28-W_u9 L38-Vbo3 L48-Nky5 L9-Wao5 L19-Inb6 L29-Mzw4 L39-Anq4 L49-K_p5 L10-Dyu1 L20-Eb_5 L30-Fon8 L40-Qcw7 L50-Bc_2
L1-Tav9 L11-Auw5 L21-Yub2 L31-Yhe5 L41-Wck6 L51-Tpc4 L2-U__8 L12-Sum3 L22-Twu9 L32-Ma_1 L42-Hzw3 L52-Puc2 L3-V_j2 L13-Mch7 L23-Zqh8 L33-Z_m4 L43-Mfp3 L53-Evf6 L4-Bzd4 L14-Rsx3 L24-Omq2 L34-Vfn8 L44-A_q0 L54-Sko9 L5-Gwi8 L15-Myd3 L25-R_p1 L35-Sno9 L45-Qiw0 L55-Tx_5 L6-Jpl5 L16-R_f7 L26-Mi_7 L36-Gux8 L46-Ng_9 L56-Ibw4 L7-Odi2 L17-M_j5 L27-Ery7 L37-Gbw3 L47-Yaw4 L57-Rgb9 L8-Dje1 L18-P_n3 L28-Jgm5 L38-W_u9 L48-Vbo3 L58-Nky5 L9-Mod4 L19-Wao5 L29-Inb6 L39-Mzw4 L49-Anq4 L59-K_p5 L10-Qzd6 L20-Dyu1 L30-Eb_5 L40-Fon8 L50-Qcw7 L60-Bc_2
L1-And7 L11-Tav9 L21-Auw5 L31-Yub2 L41-Yhe5 L51-Wck6 L61-Tpc4 L2-Iny1 L12-U__8 L22-Sum3 L32-Twu9 L42-Ma_1 L52-Hzw3 L62-Puc2 L3-Dkp3 L13-V_j2 L23-Mch7 L33-Zqh8 L43-Z_m4 L53-Mfp3 L63-Evf6 L4-X_w3 L14-Bzd4 L24-Rsx3 L34-Omq2 L44-Vfn8 L54-A_q0 L64-Sko9 L5-Gd_0 L15-Gwi8 L25-Myd3 L35-R_p1 L45-Sno9 L55-Qiw0 L65-Tx_5 L6-Zbx9 L16-Jpl5 L26-R_f7 L36-Mi_7 L46-Gux8 L56-Ng_9 L66-Ibw4 L7-Avq1 L17-Odi2 L27-M_j5 L37-Ery7 L47-Gbw3 L57-Yaw4 L67-Rgb9 L8-Rxt6 L18-Dje1 L28-P_n3 L38-Jgm5 L48-W_u9 L58-Vbo3 L68-Nky5 L9-Bnt4 L19-Mod4 L29-Wao5 L39-Inb6 L49-Mzw4 L59-Anq4 L69-K_p5 L10-T_c3 L20-Qzd6 L30-Dyu1 L40-Eb_5 L50-Fon8 L60-Qcw7 L70-Bc_2
L1-Ymg4 L11-And7 L21-Tav9 L31-Auw5 L41-Yub2 L51-Yhe5 L61-Wck6 L71-Tpc4 L2-Ruu9 L12-Iny1 L22-U__8 L32-Sum3 L42-Twu9 L52-Ma_1 L62-Hzw3 L72-Puc2 L3-J_u8 L13-Dkp3 L23-V_j2 L33-Mch7 L43-Zqh8 L53-Z_m4 L63-Mfp3 L73-Evf6 L4-Enw1 L14-X_w3 L24-Bzd4 L34-Rsx3 L44-Omq2 L54-Vfn8 L64-A_q0 L74-Sko9 L5-Qfk0 L15-Gd_0 L25-Gwi8 L35-Myd3 L45-R_p1 L55-Sno9 L65-Qiw0 L75-Tx_5 L6-Qjg4 L16-Zbx9 L26-Jpl5 L36-R_f7 L46-Mi_7 L56-Gux8 L66-Ng_9 L76-Ibw4 L7-Fir4 L17-Avq1 L27-Odi2 L37-M_j5 L47-Ery7 L57-Gbw3 L67-Yaw4 L77-Rgb9 L8-Zvo7 L18-Rxt6 L28-Dje1 L38-P_n3 L48-Jgm5 L58-W_u9 L68-Vbo3 L78-Nky5 L9-Eyq2 L19-Bnt4 L29-Mod4 L39-Wao5 L49-Inb6 L59-Mzw4 L69-Anq4 L79-K_p5 L10-Kdk3 L20-T_c3 L30-Qzd6 L40-Dyu1 L50-Eb_5 L60-Fon8 L70-Qcw7 L80-Bc_2
L1-Pkt7 L11-Ymg4 L21-And7 L31-Tav9 L41-Auw5 L51-Yub2 L61-Yhe5 L71-Wck6 L81-Tpc4 L2-Wrq4 L12-Ruu9 L22-Iny1 L32-U__8 L42-Sum3 L52-Twu9 L62-Ma_1 L72-Hzw3 L82-Puc2 L3-Mi_2 L13-J_u8 L23-Dkp3 L33-V_j2 L43-Mch7 L53-Zqh8 L63-Z_m4 L73-Mfp3 L83-Evf6 L4-Fr_4 L14-Enw1 L24-X_w3 L34-Bzd4 L44-Rsx3 L54-Omq2 L64-Vfn8 L74-A_q0 L84-Sko9 L5-Ufh0 L15-Qfk0 L25-Gd_0 L35-Gwi8 L45-Myd3 L55-R_p1 L65-Sno9 L75-Qiw0 L85-Tx_5 L6-Gyv2 L16-Qjg4 L26-Zbx9 L36-Jpl5 L46-R_f7 L56-Mi_7 L66-Gux8 L76-Ng_9 L86-Ibw4 L7-Sxw0 L17-Fir4 L27-Avq1 L37-Odi2 L47-M_j5 L57-Ery7 L67-Gbw3 L77-Yaw4 L87-Rgb9 L8-Nii9 L18-Zvo7 L28-Rxt6 L38-Dje1 L48-P_n3 L58-Jgm5 L68-W_u9 L78-Vbo3 L88-Nky5 L9-Zyy8 L19-Eyq2 L29-Bnt4 L39-Mod4 L49-Wao5 L59-Inb6 L69-Mzw4 L79-Anq4 L89-K_p5 L10-Xww5 L20-Kdk3 L30-T_c3 L40-Qzd6 L50-Dyu1 L60-Eb_5 L70-Fon8 L80-Qcw7 L90-Bc_2
L1-Hpy0 L11-Pkt7 L21-Ymg4 L31-And7 L41-Tav9 L51-Auw5 L61-Yub2 L71-Yhe5 L81-Wck6 L91-Tpc4 L2-Hi_7 L12-Wrq4 L22-Ruu9 L32-Iny1 L42-U__8 L52-Sum3 L62-Twu9 L72-Ma_1 L82-Hzw3 L92-Puc2 L3-Qnj0 L13-Mi_2 L23-J_u8 L33-Dkp3 L43-V_j2 L53-Mch7 L63-Zqh8 L73-Z_m4 L83-Mfp3 L93-Evf6 L4-Cyw8 L14-Fr_4 L24-Enw1 L34-X_w3 L44-Bzd4 L54-Rsx3 L64-Omq2 L74-Vfn8 L84-A_q0 L94-Sko9 L5-A_a7 L15-Ufh0 L25-Qfk0 L35-Gd_0 L45-Gwi8 L55-Myd3 L65-R_p1 L75-Sno9 L85-Qiw0 L95-Tx_5 L6-Eye8 L16-Gyv2 L26-Qjg4 L36-Zbx9 L46-Jpl5 L56-R_f7 L66-Mi_7 L76-Gux8 L86-Ng_9 L96-Ibw4 L7-Q_g2 L17-Sxw0 L27-Fir4 L37-Avq1 L47-Odi2 L57-M_j5 L67-Ery7 L77-Gbw3 L87-Yaw4 L97-Rgb9 L8-Atf6 L18-Nii9 L28-Zvo7 L38-Rxt6 L48-Dje1 L58-P_n3 L68-Jgm5 L78-W_u9 L88-Vbo3 L98-Nky5 L9-N_u4 L19-Zyy8 L29-Eyq2 L39-Bnt4 L49-Mod4 L59-Wao5 L69-Inb6 L79-Mzw4 L89-Anq4 L99-K_p5 L10-Pyi5 L20-Xww5 L30-Kdk3 L40-T_c3 L50-Qzd6 L60-Dyu1 L70-Eb_5 L80-Fon8 L90-Qcw7 L100-Bc_2
L1-Avx7 L11-Hpy0 L21-Pkt7 L31-Ymg4 L41-And7 L51-Tav9 L61-Auw5 L71-Yub2 L81-Yhe5 L91-Wck6 L101-Tpc4 L2-Tax2 L12-Hi_7 L22-Wrq4 L32-Ruu9 L42-Iny1 L52-U__8 L62-Sum3 L72-Twu9 L82-Ma_1 L92-Hzw3 L102-Puc2 L3-Pys3 L13-Qnj0 L23-Mi_2 L33-J_u8 L43-Dkp3 L53-V_j2 L63-Mch7 L73-Zqh8 L83-Z_m4 L93-Mfp3 L103-Evf6 L4-Byy4 L14-Cyw8 L24-Fr_4 L34-Enw1 L44-X_w3 L54-Bzd4 L64-Rsx3 L74-Omq2 L84-Vfn8 L94-A_q0 L104-Sko9 L5-Ssr5 L15-A_a7 L25-Ufh0 L35-Qfk0 L45-Gd_0 L55-Gwi8 L65-Myd3 L75-R_p1 L85-Sno9 L95-Qiw0 L105-Tx_5 L6-Q_u3 L16-Eye8 L26-Gyv2 L36-Qjg4 L46-Zbx9 L56-Jpl5 L66-R_f7 L76-Mi_7 L86-Gux8 L96-Ng_9 L106-Ibw4 L7-Bpw0 L17-Q_g2 L27-Sxw0 L37-Fir4 L47-Avq1 L57-Odi2 L67-M_j5 L77-Ery7 L87-Gbw3 L97-Yaw4 L107-Rgb9 L8-U_g7 L18-Atf6 L28-Nii9 L38-Zvo7 L48-Rxt6 L58-Dje1 L68-P_n3 L78-Jgm5 L88-W_u9 L98-Vbo3 L108-Nky5 L9-Zok3 L19-N_u4 L29-Zyy8 L39-Eyq2 L49-Bnt4 L59-Mod4 L69-Wao5 L79-Inb6 L89-Mzw4 L99-Anq4 L109-K_p5 L10-Dsh9 L20-Pyi5 L30-Xww5 L40-Kdk3 L50-T_c3 L60-Qzd6 L70-Dyu1 L80-Eb_5 L90-Fon8 L100-Qcw7 L110-Bc_2
L1-Wn_5 L11-Avx7 L21-Hpy0 L31-Pkt7 L41-Ymg4 L51-And7 L61-Tav9 L71-Auw5 L81-Yub2 L91-Yhe5 L101-Wck6 L111-Tpc4 L2-Xle3 L12-Tax2 L22-Hi_7 L32-Wrq4 L42-Ruu9 L52-Iny1 L62-U__8 L72-Sum3 L82-Twu9 L92-Ma_1 L102-Hzw3 L112-Puc2 L3-Nws7 L13-Pys3 L23-Qnj0 L33-Mi_2 L43-J_u8 L53-Dkp3 L63-V_j2 L73-Mch7 L83-Zqh8 L93-Z_m4 L103-Mfp3 L113-Evf6 L4-Xku1 L14-Byy4 L24-Cyw8 L34-Fr_4 L44-Enw1 L54-X_w3 L64-Bzd4 L74-Rsx3 L84-Omq2 L94-Vfn8 L104-A_q0 L114-Sko9 L5-Pdq4 L15-Ssr5 L25-A_a7 L35-Ufh0 L45-Qfk0 L55-Gd_0 L65-Gwi8 L75-Myd3 L85-R_p1 L95-Sno9 L105-Qiw0 L115-Tx_5 L6-Fny0 L16-Q_u3 L26-Eye8 L36-Gyv2 L46-Qjg4 L56-Zbx9 L66-Jpl5 L76-R_f7 L86-Mi_7 L96-Gux8 L106-Ng_9 L116-Ibw4 L7-Qpb1 L17-Bpw0 L27-Q_g2 L37-Sxw0 L47-Fir4 L57-Avq1 L67-Odi2 L77-M_j5 L87-Ery7 L97-Gbw3 L107-Yaw4 L117-Rgb9 L8-Ekm2 L18-U_g7 L28-Atf6 L38-Nii9 L48-Zvo7 L58-Rxt6 L68-Dje1 L78-P_n3 L88-Jgm5 L98-W_u9 L108-Vbo3 L118-Nky5 L9-Tty3 L19-Zok3 L29-N_u4 L39-Zyy8 L49-Eyq2 L59-Bnt4 L69-Mod4 L79-Wao5 L89-Inb6 L99-Mzw4 L109-Anq4 L119-K_p5 L10-Yxw8 L20-Dsh9 L30-Pyi5 L40-Xww5 L50-Kdk3 L60-T_c3 L70-Qzd6 L80-Dyu1 L90-Eb_5 L100-Fon8 L110-Qcw7 L120-Bc_2
L1-E_p2 L11-Wn_5 L21-Avx7 L31-Hpy0 L41-Pkt7 L51-Ymg4 L61-And7 L71-Tav9 L81-Auw5 L91-Yub2 L101-Yhe5 L111-Wck6 L121-Tpc4 L2-Ufu0 L12-Xle3 L22-Tax2 L32-Hi_7 L42-Wrq4 L52-Ruu9 L62-Iny1 L72-U__8 L82-Sum3 L92-Twu9 L102-Ma_1 L112-Hzw3 L122-Puc2 L3-Upb3 L13-Nws7 L23-Pys3 L33-Qnj0 L43-Mi_2 L53-J_u8 L63-Dkp3 L73-V_j2 L83-Mch7 L93-Zqh8 L103-Z_m4 L113-Mfp3 L123-Evf6 L4-Pbe4 L14-Xku1 L24-Byy4 L34-Cyw8 L44-Fr_4 L54-Enw1 L64-X_w3 L74-Bzd4 L84-Rsx3 L94-Omq2 L104-Vfn8 L114-A_q0 L124-Sko9 L5-Ele6 L15-Pdq4 L25-Ssr5 L35-A_a7 L45-Ufh0 L55-Qfk0 L65-Gd_0 L75-Gwi8 L85-Myd3 L95-R_p1 L105-Sno9 L115-Qiw0 L125-Tx_5 L6-Iui1 L16-Fny0 L26-Q_u3 L36-Eye8 L46-Gyv2 L56-Qjg4 L66-Zbx9 L76-Jpl5 L86-R_f7 L96-Mi_7 L106-Gux8 L116-Ng_9 L126-Ibw4 L7-Rsk7 L17-Qpb1 L27-Bpw0 L37-Q_g2 L47-Sxw0 L57-Fir4 L67-Avq1 L77-Odi2 L87-M_j5 L97-Ery7 L107-Gbw3 L117-Yaw4 L127-Rgb9 L8-Eug4 L18-Ekm2 L28-U_g7 L38-Atf6 L48-Nii9 L58-Zvo7 L68-Rxt6 L78-Dje1 L88-P_n3 L98-Jgm5 L108-W_u9 L118-Vbo3 L128-Nky5 L9-Uz_8 L19-Tty3 L29-Zok3 L39-N_u4 L49-Zyy8 L59-Eyq2 L69-Bnt4 L79-Mod4 L89-Wao5 L99-Inb6 L109-Mzw4 L119-Anq4 L129-K_p5 L10-Eaf6 L20-Yxw8 L30-Dsh9 L40-Pyi5 L50-Xww5 L60-Kdk3 L70-T_c3 L80-Qzd6 L90-Dyu1 L100-Eb_5 L110-Fon8 L120-Qcw7 L130-Bc_2
L1-Rvx0 L11-E_p2 L21-Wn_5 L31-Avx7 L41-Hpy0 L51-Pkt7 L61-Ymg4 L71-And7 L81-Tav9 L91-Auw5 L101-Yub2 L111-Yhe5 L121-Wck6 L131-Tpc4 L2-Pdt8 L12-Ufu0 L22-Xle3 L32-Tax2 L42-Hi_7 L52-Wrq4 L62-Ruu9 L72-Iny1 L82-U__8 L92-Sum3 L102-Twu9 L112-Ma_1 L122-Hzw3 L132-Puc2 L3-Meh3 L13-Upb3 L23-Nws7 L33-Pys3 L43-Qnj0 L53-Mi_2 L63-J_u8 L73-Dkp3 L83-V_j2 L93-Mch7 L103-Zqh8 L113-Z_m4 L123-Mfp3 L133-Evf6 L4-Uho0 L14-Pbe4 L24-Xku1 L34-Byy4 L44-Cyw8 L54-Fr_4 L64-Enw1 L74-X_w3 L84-Bzd4 L94-Rsx3 L104-Omq2 L114-Vfn8 L124-A_q0 L134-Sko9 L5-Zb_5 L15-Ele6 L25-Pdq4 L35-Ssr5 L45-A_a7 L55-Ufh0 L65-Qfk0 L75-Gd_0 L85-Gwi8 L95-Myd3 L105-R_p1 L115-Sno9 L125-Qiw0 L135-Tx_5 L6-Cfb6 L16-Iui1 L26-Fny0 L36-Q_u3 L46-Eye8 L56-Gyv2 L66-Qjg4 L76-Zbx9 L86-Jpl5 L96-R_f7 L106-Mi_7 L116-Gux8 L126-Ng_9 L136-Ibw4 L7-Xc_7 L17-Rsk7 L27-Qpb1 L37-Bpw0 L47-Q_g2 L57-Sxw0 L67-Fir4 L77-Avq1 L87-Odi2 L97-M_j5 L107-Ery7 L117-Gbw3 L127-Yaw4 L137-Rgb9 L8-Ykc2 L18-Eug4 L28-Ekm2 L38-U_g7 L48-Atf6 L58-Nii9 L68-Zvo7 L78-Rxt6 L88-Dje1 L98-P_n3 L108-Jgm5 L118-W_u9 L128-Vbo3 L138-Nky5 L9-Qon3 L19-Uz_8 L29-Tty3 L39-Zok3 L49-N_u4 L59-Zyy8 L69-Eyq2 L79-Bnt4 L89-Mod4 L99-Wao5 L109-Inb6 L119-Mzw4 L129-Anq4 L139-K_p5 L10-Yxn0 L20-Eaf6 L30-Yxw8 L40-Dsh9 L50-Pyi5 L60-Xww5 L70-Kdk3 L80-T_c3 L90-Qzd6 L100-Dyu1 L110-Eb_5 L120-Fon8 L130-Qcw7 L140-Bc_2
L1-M__9 L11-Rvx0 L21-E_p2 L31-Wn_5 L41-Avx7 L51-Hpy0 L61-Pkt7 L71-Ymg4 L81-And7 L91-Tav9 L101-Auw5 L111-Yub2 L121-Yhe5 L131-Wck6 L2-Au_3 L12-Pdt8 L22-Ufu0 L32-Xle3 L42-Tax2 L52-Hi_7 L62-Wrq4 L72-Ruu9 L82-Iny1 L92-U__8 L102-Sum3 L112-Twu9 L122-Ma_1 L132-Hzw3 L3-Yju8 L13-Meh3 L23-Upb3 L33-Nws7 L43-Pys3 L53-Qnj0 L63-Mi_2 L73-J_u8 L83-Dkp3 L93-V_j2 L103-Mch7 L113-Zqh8 L123-Z_m4 L133-Mfp3 L4-A_m5 L14-Uho0 L24-Pbe4 L34-Xku1 L44-Byy4 L54-Cyw8 L64-Fr_4 L74-Enw1 L84-X_w3 L94-Bzd4 L104-Rsx3 L114-Omq2 L124-Vfn8 L134-A_q0 L5-K_w2 L15-Zb_5 L25-Ele6 L35-Pdq4 L45-Ssr5 L55-A_a7 L65-Ufh0 L75-Qfk0 L85-Gd_0 L95-Gwi8 L105-Myd3 L115-R_p1 L125-Sno9 L135-Qiw0 L6-Fuu3 L16-Cfb6 L26-Iui1 L36-Fny0 L46-Q_u3 L56-Eye8 L66-Gyv2 L76-Qjg4 L86-Zbx9 L96-Jpl5 L106-R_f7 L116-Mi_7 L126-Gux8 L136-Ng_9 L141-Ibw4 L7-Bvm8 L17-Xc_7 L27-Rsk7 L37-Qpb1 L47-Bpw0 L57-Q_g2 L67-Sxw0 L77-Fir4 L87-Avq1 L97-Odi2 L107-M_j5 L117-Ery7 L127-Gbw3 L137-Yaw4 L142-Rgb9 L8-Gy_7 L18-Ykc2 L28-Eug4 L38-Ekm2 L48-U_g7 L58-Atf6 L68-Nii9 L78-Zvo7 L88-Rxt6 L98-Dje1 L108-P_n3 L118-Jgm5 L128-W_u9 L138-Vbo3 L143-Nky5 L9-Zrc0 L19-Qon3 L29-Uz_8 L39-Tty3 L49-Zok3 L59-N_u4 L69-Zyy8 L79-Eyq2 L89-Bnt4 L99-Mod4 L109-Wao5 L119-Inb6 L129-Mzw4 L139-Anq4 L144-K_p5 L10-Dm_8 L20-Yxn0 L30-Eaf6 L40-Yxw8 L50-Dsh9 L60-Pyi5 L70-Xww5 L80-Kdk3 L90-T_c3 L100-Qzd6 L110-Dyu1 L120-Eb_5 L130-Fon8 L140-Qcw7 L145-Bc_2
L1-Jfi1 L11-M__9 L21-Rvx0 L31-E_p2 L41-Wn_5 L51-Avx7 L61-Hpy0 L71-Pkt7 L81-Ymg4 L91-And7 L101-Tav9 L111-Auw5 L121-Yub2 L131-Yhe5 L2-Dhp4 L12-Au_3 L22-Pdt8 L32-Ufu0 L42-Xle3 L52-Tax2 L62-Hi_7 L72-Wrq4 L82-Ruu9 L92-Iny1 L102-U__8 L112-Sum3 L122-Twu9 L132-Ma_1 L3-Ize5 L13-Yju8 L23-Meh3 L33-Upb3 L43-Nws7 L53-Pys3 L63-Qnj0 L73-Mi_2 L83-J_u8 L93-Dkp3 L103-V_j2 L113-Mch7 L123-Zqh8 L133-Z_m4 L4-Civ9 L14-A_m5 L24-Uho0 L34-Pbe4 L44-Xku1 L54-Byy4 L64-Cyw8 L74-Fr_4 L84-Enw1 L94-X_w3 L104-Bzd4 L114-Rsx3 L124-Omq2 L134-Vfn8 L5-Bsn1 L15-K_w2 L25-Zb_5 L35-Ele6 L45-Pdq4 L55-Ssr5 L65-A_a7 L75-Ufh0 L85-Qfk0 L95-Gd_0 L105-Gwi8 L115-Myd3 L125-R_p1 L135-Sno9 L6-Mqq4 L16-Fuu3 L26-Cfb6 L36-Iui1 L46-Fny0 L56-Q_u3 L66-Eye8 L76-Gyv2 L86-Qjg4 L96-Zbx9 L106-Jpl5 L116-R_f7 L126-Mi_7 L136-Gux8 L141-Ng_9 L7-Gcm8 L17-Bvm8 L27-Xc_7 L37-Rsk7 L47-Qpb1 L57-Bpw0 L67-Q_g2 L77-Sxw0 L87-Fir4 L97-Avq1 L107-Odi2 L117-M_j5 L127-Ery7 L137-Gbw3 L142-Yaw4 L8-Mho7 L18-Gy_7 L28-Ykc2 L38-Eug4 L48-Ekm2 L58-U_g7 L68-Atf6 L78-Nii9 L88-Zvo7 L98-Rxt6 L108-Dje1 L118-P_n3 L128-Jgm5 L138-W_u9 L143-Vbo3 L9-Gjd3 L19-Zrc0 L29-Qon3 L39-Uz_8 L49-Tty3 L59-Zok3 L69-N_u4 L79-Zyy8 L89-Eyq2 L99-Bnt4 L109-Mod4 L119-Wao5 L129-Inb6 L139-Mzw4 L144-Anq4 L10-Gjd3 L20-Dm_8 L30-Yxn0 L40-Eaf6 L50-Yxw8 L60-Dsh9 L70-Pyi5 L80-Xww5 L90-Kdk3 L100-T_c3 L110-Qzd6 L120-Dyu1 L130-Eb_5 L140-Fon8 L145-Qcw7
L1-N_g0 L11-Jfi1 L21-M__9 L31-Rvx0 L41-E_p2 L51-Wn_5 L61-Avx7 L71-Hpy0 L81-Pkt7 L91-Ymg4 L101-And7 L111-Tav9 L121-Auw5 L131-Yub2 L2-Zav0 L12-Dhp4 L22-Au_3 L32-Pdt8 L42-Ufu0 L52-Xle3 L62-Tax2 L72-Hi_7 L82-Wrq4 L92-Ruu9 L102-Iny1 L112-U__8 L122-Sum3 L132-Twu9 L3-Qaw6 L13-Ize5 L23-Yju8 L33-Meh3 L43-Upb3 L53-Nws7 L63-Pys3 L73-Qnj0 L83-Mi_2 L93-J_u8 L103-Dkp3 L113-V_j2 L123-Mch7 L133-Zqh8 L4-Fdy1 L14-Civ9 L24-A_m5 L34-Uho0 L44-Pbe4 L54-Xku1 L64-Byy4 L74-Cyw8 L84-Fr_4 L94-Enw1 L104-X_w3 L114-Bzd4 L124-Rsx3 L134-Omq2 L5-Fgv1 L15-Bsn1 L25-K_w2 L35-Zb_5 L45-Ele6 L55-Pdq4 L65-Ssr5 L75-A_a7 L85-Ufh0 L95-Qfk0 L105-Gd_0 L115-Gwi8 L125-Myd3 L135-R_p1 L6-Hpd3 L16-Mqq4 L26-Fuu3 L36-Cfb6 L46-Iui1 L56-Fny0 L66-Q_u3 L76-Eye8 L86-Gyv2 L96-Qjg4 L106-Zbx9 L116-Jpl5 L126-R_f7 L136-Mi_7 L141-Gux8 L7-Etj8 L17-Gcm8 L27-Bvm8 L37-Xc_7 L47-Rsk7 L57-Qpb1 L67-Bpw0 L77-Q_g2 L87-Sxw0 L97-Fir4 L107-Avq1 L117-Odi2 L127-M_j5 L137-Ery7 L142-Gbw3 L8-Tgz3 L18-Mho7 L28-Gy_7 L38-Ykc2 L48-Eug4 L58-Ekm2 L68-U_g7 L78-Atf6 L88-Nii9 L98-Zvo7 L108-Rxt6 L118-Dje1 L128-P_n3 L138-Jgm5 L143-W_u9 L19-Gjd3 L29-Zrc0 L39-Qon3 L49-Uz_8 L59-Tty3 L69-Zok3 L79-N_u4 L89-Zyy8 L99-Eyq2 L109-Bnt4 L119-Mod4 L129-Wao5 L139-Inb6 L144-Mzw4 L20-Gjd3 L30-Dm_8 L40-Yxn0 L50-Eaf6 L60-Yxw8 L70-Dsh9 L80-Pyi5 L90-Xww5 L100-Kdk3 L110-T_c3 L120-Qzd6 L130-Dyu1 L140-Eb_5 L145-Fon8
L1-Zwp5 L11-N_g0 L21-Jfi1 L31-M__9 L41-Rvx0 L51-E_p2 L61-Wn_5 L71-Avx7 L81-Hpy0 L91-Pkt7 L101-Ymg4 L111-And7 L121-Tav9 L131-Auw5 L2-Zxe7 L12-Zav0 L22-Dhp4 L32-Au_3 L42-Pdt8 L52-Ufu0 L62-Xle3 L72-Tax2 L82-Hi_7 L92-Wrq4 L102-Ruu9 L112-Iny1 L122-U__8 L132-Sum3 L3-Heh0 L13-Qaw6 L23-Ize5 L33-Yju8 L43-Meh3 L53-Upb3 L63-Nws7 L73-Pys3 L83-Qnj0 L93-Mi_2 L103-J_u8 L113-Dkp3 L123-V_j2 L133-Mch7 L4-Mrt6 L14-Fdy1 L24-Civ9 L34-A_m5 L44-Uho0 L54-Pbe4 L64-Xku1 L74-Byy4 L84-Cyw8 L94-Fr_4 L104-Enw1 L114-X_w3 L124-Bzd4 L134-Rsx3 L5-Mpw0 L15-Fgv1 L25-Bsn1 L35-K_w2 L45-Zb_5 L55-Ele6 L65-Pdq4 L75-Ssr5 L85-A_a7 L95-Ufh0 L105-Qfk0 L115-Gd_0 L125-Gwi8 L135-Myd3 L6-U_k7 L16-Hpd3 L26-Mqq4 L36-Fuu3 L46-Cfb6 L56-Iui1 L66-Fny0 L76-Q_u3 L86-Eye8 L96-Gyv2 L106-Qjg4 L116-Zbx9 L126-Jpl5 L136-R_f7 L141-Mi_7 L7-Gjd3 L17-Etj8 L27-Gcm8 L37-Bvm8 L47-Xc_7 L57-Rsk7 L67-Qpb1 L77-Bpw0 L87-Q_g2 L97-Sxw0 L107-Fir4 L117-Avq1 L127-Odi2 L137-M_j5 L142-Ery7 L8-Gjd3 L18-Tgz3 L28-Mho7 L38-Gy_7 L48-Ykc2 L58-Eug4 L68-Ekm2 L78-U_g7 L88-Atf6 L98-Nii9 L108-Zvo7 L118-Rxt6 L128-Dje1 L138-P_n3 L143-Jgm5 L29-Gjd3 L39-Zrc0 L49-Qon3 L59-Uz_8 L69-Tty3 L79-Zok3 L89-N_u4 L99-Zyy8 L109-Eyq2 L119-Bnt4 L129-Mod4 L139-Wao5 L144-Inb6 L30-Gjd3 L40-Dm_8 L50-Yxn0 L60-Eaf6 L70-Yxw8 L80-Dsh9 L90-Pyi5 L100-Xww5 L110-Kdk3 L120-T_c3 L130-Qzd6 L140-Dyu1 L145-Eb_5
L1-Hhq8 L11-Zwp5 L21-N_g0 L31-Jfi1 L41-M__9 L51-Rvx0 L61-E_p2 L71-Wn_5 L81-Avx7 L91-Hpy0 L101-Pkt7 L111-Ymg4 L121-And7 L131-Tav9 L2-Wba1 L12-Zxe7 L22-Zav0 L32-Dhp4 L42-Au_3 L52-Pdt8 L62-Ufu0 L72-Xle3 L82-Tax2 L92-Hi_7 L102-Wrq4 L112-Ruu9 L122-Iny1 L132-U__8 L3-Fvm4 L13-Heh0 L23-Qaw6 L33-Ize5 L43-Yju8 L53-Meh3 L63-Upb3 L73-Nws7 L83-Pys3 L93-Qnj0 L103-Mi_2 L113-J_u8 L123-Dkp3 L133-V_j2 L4-Z_t5 L14-Mrt6 L24-Fdy1 L34-Civ9 L44-A_m5 L54-Uho0 L64-Pbe4 L74-Xku1 L84-Byy4 L94-Cyw8 L104-Fr_4 L114-Enw1 L124-X_w3 L134-Bzd4 L5-V_d9 L15-Mpw0 L25-Fgv1 L35-Bsn1 L45-K_w2 L55-Zb_5 L65-Ele6 L75-Pdq4 L85-Ssr5 L95-A_a7 L105-Ufh0 L115-Qfk0 L125-Gd_0 L135-Gwi8 L6-Gjd3 L16-U_k7 L26-Hpd3 L36-Mqq4 L46-Fuu3 L56-Cfb6 L66-Iui1 L76-Fny0 L86-Q_u3 L96-Eye8 L106-Gyv2 L116-Qjg4 L126-Zbx9 L136-Jpl5 L141-R_f7 L17-Gjd3 L27-Etj8 L37-Gcm8 L47-Bvm8 L57-Xc_7 L67-Rsk7 L77-Qpb1 L87-Bpw0 L97-Q_g2 L107-Sxw0 L117-Fir4 L127-Avq1 L137-Odi2 L142-M_j5 L18-Gjd3 L28-Tgz3 L38-Mho7 L48-Gy_7 L58-Ykc2 L68-Eug4 L78-Ekm2 L88-U_g7 L98-Atf6 L108-Nii9 L118-Zvo7 L128-Rxt6 L138-Dje1 L143-P_n3 L39-Gjd3 L49-Zrc0 L59-Qon3 L69-Uz_8 L79-Tty3 L89-Zok3 L99-N_u4 L109-Zyy8 L119-Eyq2 L129-Bnt4 L139-Mod4 L144-Wao5 L40-Gjd3 L50-Dm_8 L60-Yxn0 L70-Eaf6 L80-Yxw8 L90-Dsh9 L100-Pyi5 L110-Xww5 L120-Kdk3 L130-T_c3 L140-Qzd6 L145-Dyu1
L1-Vtq6 L11-Hhq8 L21-Zwp5 L31-N_g0 L41-Jfi1 L51-M__9 L61-Rvx0 L71-E_p2 L81-Wn_5 L91-Avx7 L101-Hpy0 L111-Pkt7 L121-Ymg4 L131-And7 L2-Yrz0 L12-Wba1 L22-Zxe7 L32-Zav0 L42-Dhp4 L52-Au_3 L62-Pdt8 L72-Ufu0 L82-Xle3 L92-Tax2 L102-Hi_7 L112-Wrq4 L122-Ruu9 L132-Iny1 L3-Fzk3 L13-Fvm4 L23-Heh0 L33-Qaw6 L43-Ize5 L53-Yju8 L63-Meh3 L73-Upb3 L83-Nws7 L93-Pys3 L103-Qnj0 L113-Mi_2 L123-J_u8 L133-Dkp3 L4-B_i0 L14-Z_t5 L24-Mrt6 L34-Fdy1 L44-Civ9 L54-A_m5 L64-Uho0 L74-Pbe4 L84-Xku1 L94-Byy4 L104-Cyw8 L114-Fr_4 L124-Enw1 L134-X_w3 L5-Gyy1 L15-V_d9 L25-Mpw0 L35-Fgv1 L45-Bsn1 L55-K_w2 L65-Zb_5 L75-Ele6 L85-Pdq4 L95-Ssr5 L105-A_a7 L115-Ufh0 L125-Qfk0 L135-Gd_0 L16-Gjd3 L26-U_k7 L36-Hpd3 L46-Mqq4 L56-Fuu3 L66-Cfb6 L76-Iui1 L86-Fny0 L96-Q_u3 L106-Eye8 L116-Gyv2 L126-Qjg4 L136-Zbx9 L141-Jpl5 L27-Gjd3 L37-Etj8 L47-Gcm8 L57-Bvm8 L67-Xc_7 L77-Rsk7 L87-Qpb1 L97-Bpw0 L107-Q_g2 L117-Sxw0 L127-Fir4 L137-Avq1 L142-Odi2 L28-Gjd3 L38-Tgz3 L48-Mho7 L58-Gy_7 L68-Ykc2 L78-Eug4 L88-Ekm2 L98-U_g7 L108-Atf6 L118-Nii9 L128-Zvo7 L138-Rxt6 L143-Dje1 L49-Gjd3 L59-Zrc0 L69-Qon3 L79-Uz_8 L89-Tty3 L99-Zok3 L109-N_u4 L119-Zyy8 L129-Eyq2 L139-Bnt4 L144-Mod4 L50-Gjd3 L60-Dm_8 L70-Yxn0 L80-Eaf6 L90-Yxw8 L100-Dsh9 L110-Pyi5 L120-Xww5 L130-Kdk3 L140-T_c3 L145-Qzd6
L1-Pfx6 L11-Vtq6 L21-Hhq8 L31-Zwp5 L41-N_g0 L51-Jfi1 L61-M__9 L71-Rvx0 L81-E_p2 L91-Wn_5 L101-Avx7 L111-Hpy0 L121-Pkt7 L131-Ymg4 L2-X_n9 L12-Yrz0 L22-Wba1 L32-Zxe7 L42-Zav0 L52-Dhp4 L62-Au_3 L72-Pdt8 L82-Ufu0 L92-Xle3 L102-Tax2 L112-Hi_7 L122-Wrq4 L132-Ruu9 L3-Csj7 L13-Fzk3 L23-Fvm4 L33-Heh0 L43-Qaw6 L53-Ize5 L63-Yju8 L73-Meh3 L83-Upb3 L93-Nws7 L103-Pys3 L113-Qnj0 L123-Mi_2 L133-J_u8 L4-Nya5 L14-B_i0 L24-Z_t5 L34-Mrt6 L44-Fdy1 L54-Civ9 L64-A_m5 L74-Uho0 L84-Pbe4 L94-Xku1 L104-Byy4 L114-Cyw8 L124-Fr_4 L134-Enw1 L5-Gjd3 L15-Gyy1 L25-V_d9 L35-Mpw0 L45-Fgv1 L55-Bsn1 L65-K_w2 L75-Zb_5 L85-Ele6 L95-Pdq4 L105-Ssr5 L115-A_a7 L125-Ufh0 L135-Qfk0 L26-Gjd3 L36-U_k7 L46-Hpd3 L56-Mqq4 L66-Fuu3 L76-Cfb6 L86-Iui1 L96-Fny0 L106-Q_u3 L116-Eye8 L126-Gyv2 L136-Qjg4 L141-Zbx9 L37-Gjd3 L47-Etj8 L57-Gcm8 L67-Bvm8 L77-Xc_7 L87-Rsk7 L97-Qpb1 L107-Bpw0 L117-Q_g2 L127-Sxw0 L137-Fir4 L142-Avq1 L38-Gjd3 L48-Tgz3 L58-Mho7 L68-Gy_7 L78-Ykc2 L88-Eug4 L98-Ekm2 L108-U_g7 L118-Atf6 L128-Nii9 L138-Zvo7 L143-Rxt6 L59-Gjd3 L69-Zrc0 L79-Qon3 L89-Uz_8 L99-Tty3 L109-Zok3 L119-N_u4 L129-Zyy8 L139-Eyq2 L144-Bnt4 L60-Gjd3 L70-Dm_8 L80-Yxn0 L90-Eaf6 L100-Yxw8 L110-Dsh9 L120-Pyi5 L130-Xww5 L140-Kdk3 L145-T_c3
L1-Wyx8 L11-Pfx6 L21-Vtq6 L31-Hhq8 L41-Zwp5 L51-N_g0 L61-Jfi1 L71-M__9 L81-Rvx0 L91-E_p2 L101-Wn_5 L111-Avx7 L121-Hpy0 L131-Pkt7 L2-Ph_1 L12-X_n9 L22-Yrz0 L32-Wba1 L42-Zxe7 L52-Zav0 L62-Dhp4 L72-Au_3 L82-Pdt8 L92-Ufu0 L102-Xle3 L112-Tax2 L122-Hi_7 L132-Wrq4 L3-Eru7 L13-Csj7 L23-Fzk3 L33-Fvm4 L43-Heh0 L53-Qaw6 L63-Ize5 L73-Yju8 L83-Meh3 L93-Upb3 L103-Nws7 L113-Pys3 L123-Qnj0 L133-Mi_2 L4-Usp6 L14-Nya5 L24-B_i0 L34-Z_t5 L44-Mrt6 L54-Fdy1 L64-Civ9 L74-A_m5 L84-Uho0 L94-Pbe4 L104-Xku1 L114-Byy4 L124-Cyw8 L134-Fr_4 L15-Gjd3 L25-Gyy1 L35-V_d9 L45-Mpw0 L55-Fgv1 L65-Bsn1 L75-K_w2 L85-Zb_5 L95-Ele6 L105-Pdq4 L115-Ssr5 L125-A_a7 L135-Ufh0 L36-Gjd3 L46-U_k7 L56-Hpd3 L66-Mqq4 L76-Fuu3 L86-Cfb6 L96-Iui1 L106-Fny0 L116-Q_u3 L126-Eye8 L136-Gyv2 L141-Qjg4 L47-Gjd3 L57-Etj8 L67-Gcm8 L77-Bvm8 L87-Xc_7 L97-Rsk7 L107-Qpb1 L117-Bpw0 L127-Q_g2 L137-Sxw0 L142-Fir4 L48-Gjd3 L58-Tgz3 L68-Mho7 L78-Gy_7 L88-Ykc2 L98-Eug4 L108-Ekm2 L118-U_g7 L128-Atf6 L138-Nii9 L143-Zvo7 L69-Gjd3 L79-Zrc0 L89-Qon3 L99-Uz_8 L109-Tty3 L119-Zok3 L129-N_u4 L139-Zyy8 L144-Eyq2 L70-Gjd3 L80-Dm_8 L90-Yxn0 L100-Eaf6 L110-Yxw8 L120-Dsh9 L130-Pyi5 L140-Xww5 L145-Kdk3
L1-Gaa5 L11-Wyx8 L21-Pfx6 L31-Vtq6 L41-Hhq8 L51-Zwp5 L61-N_g0 L71-Jfi1 L81-M__9 L91-Rvx0 L101-E_p2 L111-Wn_5 L121-Avx7 L131-Hpy0 L2-Gjd3 L12-Ph_1 L22-X_n9 L32-Yrz0 L42-Wba1 L52-Zxe7 L62-Zav0 L72-Dhp4 L82-Au_3 L92-Pdt8 L102-Ufu0 L112-Xle3 L122-Tax2 L132-Hi_7 L3-Gjd3 L13-Eru7 L23-Csj7 L33-Fzk3 L43-Fvm4 L53-Heh0 L63-Qaw6 L73-Ize5 L83-Yju8 L93-Meh3 L103-Upb3 L113-Nws7 L123-Pys3 L133-Qnj0 L4-Gjd3 L14-Usp6 L24-Nya5 L34-B_i0 L44-Z_t5 L54-Mrt6 L64-Fdy1 L74-Civ9 L84-A_m5 L94-Uho0 L104-Pbe4 L114-Xku1 L124-Byy4 L134-Cyw8 L25-Gjd3 L35-Gyy1 L45-V_d9 L55-Mpw0 L65-Fgv1 L75-Bsn1 L85-K_w2 L95-Zb_5 L105-Ele6 L115-Pdq4 L125-Ssr5 L135-A_a7 L46-Gjd3 L56-U_k7 L66-Hpd3 L76-Mqq4 L86-Fuu3 L96-Cfb6 L106-Iui1 L116-Fny0 L126-Q_u3 L136-Eye8 L141-Gyv2 L57-Gjd3 L67-Etj8 L77-Gcm8 L87-Bvm8 L97-Xc_7 L107-Rsk7 L117-Qpb1 L127-Bpw0 L137-Q_g2 L142-Sxw0 L58-Gjd3 L68-Tgz3 L78-Mho7 L88-Gy_7 L98-Ykc2 L108-Eug4 L118-Ekm2 L128-U_g7 L138-Atf6 L143-Nii9 L79-Gjd3 L89-Zrc0 L99-Qon3 L109-Uz_8 L119-Tty3 L129-Zok3 L139-N_u4 L144-Zyy8 L80-Gjd3 L90-Dm_8 L100-Yxn0 L110-Eaf6 L120-Yxw8 L130-Dsh9 L140-Pyi5 L145-Xww5
L1-Gjd3 L11-Gaa5 L21-Wyx8 L31-Pfx6 L41-Vtq6 L51-Hhq8 L61-Zwp5 L71-N_g0 L81-Jfi1 L91-M__9 L101-Rvx0 L111-E_p2 L121-Wn_5 L131-Avx7 L12-Gjd3 L22-Ph_1 L32-X_n9 L42-Yrz0 L52-Wba1 L62-Zxe7 L72-Zav0 L82-Dhp4 L92-Au_3 L102-Pdt8 L112-Ufu0 L122-Xle3 L132-Tax2 L13-Gjd3 L23-Eru7 L33-Csj7 L43-Fzk3 L53-Fvm4 L63-Heh0 L73-Qaw6 L83-Ize5 L93-Yju8 L103-Meh3 L113-Upb3 L123-Nws7 L133-Pys3 L14-Gjd3 L24-Usp6 L34-Nya5 L44-B_i0 L54-Z_t5 L64-Mrt6 L74-Fdy1 L84-Civ9 L94-A_m5 L104-Uho0 L114-Pbe4 L124-Xku1 L134-Byy4 L35-Gjd3 L45-Gyy1 L55-V_d9 L65-Mpw0 L75-Fgv1 L85-Bsn1 L95-K_w2 L105-Zb_5 L115-Ele6 L125-Pdq4 L135-Ssr5 L56-Gjd3 L66-U_k7 L76-Hpd3 L86-Mqq4 L96-Fuu3 L106-Cfb6 L116-Iui1 L126-Fny0 L136-Q_u3 L141-Eye8 L67-Gjd3 L77-Etj8 L87-Gcm8 L97-Bvm8 L107-Xc_7 L117-Rsk7 L127-Qpb1 L137-Bpw0 L142-Q_g2 L68-Gjd3 L78-Tgz3 L88-Mho7 L98-Gy_7 L108-Ykc2 L118-Eug4 L128-Ekm2 L138-U_g7 L143-Atf6 L89-Gjd3 L99-Zrc0 L109-Qon3 L119-Uz_8 L129-Tty3 L139-Zok3 L144-N_u4 L90-Gjd3 L100-Dm_8 L110-Yxn0 L120-Eaf6 L130-Yxw8 L140-Dsh9 L145-Pyi5
L11-Gjd3 L21-Gaa5 L31-Wyx8 L41-Pfx6 L51-Vtq6 L61-Hhq8 L71-Zwp5 L81-N_g0 L91-Jfi1 L101-M__9 L111-Rvx0 L121-E_p2 L131-Wn_5 L22-Gjd3 L32-Ph_1 L42-X_n9 L52-Yrz0 L62-Wba1 L72-Zxe7 L82-Zav0 L92-Dhp4 L102-Au_3 L112-Pdt8 L122-Ufu0 L132-Xle3 L23-Gjd3 L33-Eru7 L43-Csj7 L53-Fzk3 L63-Fvm4 L73-Heh0 L83-Qaw6 L93-Ize5 L103-Yju8 L113-Meh3 L123-Upb3 L133-Nws7 L24-Gjd3 L34-Usp6 L44-Nya5 L54-B_i0 L64-Z_t5 L74-Mrt6 L84-Fdy1 L94-Civ9 L104-A_m5 L114-Uho0 L124-Pbe4 L134-Xku1 L45-Gjd3 L55-Gyy1 L65-V_d9 L75-Mpw0 L85-Fgv1 L95-Bsn1 L105-K_w2 L115-Zb_5 L125-Ele6 L135-Pdq4 L66-Gjd3 L76-U_k7 L86-Hpd3 L96-Mqq4 L106-Fuu3 L116-Cfb6 L126-Iui1 L136-Fny0 L141-Q_u3 L77-Gjd3 L87-Etj8 L97-Gcm8 L107-Bvm8 L117-Xc_7 L127-Rsk7 L137-Qpb1 L142-Bpw0 L78-Gjd3 L88-Tgz3 L98-Mho7 L108-Gy_7 L118-Ykc2 L128-Eug4 L138-Ekm2 L143-U_g7 L99-Gjd3 L109-Zrc0 L119-Qon3 L129-Uz_8 L139-Tty3 L144-Zok3 L100-Gjd3 L110-Dm_8 L120-Yxn0 L130-Eaf6 L140-Yxw8 L145-Dsh9
L21-Gjd3 L31-Gaa5 L41-Wyx8 L51-Pfx6 L61-Vtq6 L71-Hhq8 L81-Zwp5 L91-N_g0 L101-Jfi1 L111-M__9 L121-Rvx0 L131-E_p2 L32-Gjd3 L42-Ph_1 L52-X_n9 L62-Yrz0 L72-Wba1 L82-Zxe7 L92-Zav0 L102-Dhp4 L112-Au_3 L122-Pdt8 L132-Ufu0 L33-Gjd3 L43-Eru7 L53-Csj7 L63-Fzk3 L73-Fvm4 L83-Heh0 L93-Qaw6 L103-Ize5 L113-Yju8 L123-Meh3 L133-Upb3 L34-Gjd3 L44-Usp6 L54-Nya5 L64-B_i0 L74-Z_t5 L84-Mrt6 L94-Fdy1 L104-Civ9 L114-A_m5 L124-Uho0 L134-Pbe4 L55-Gjd3 L65-Gyy1 L75-V_d9 L85-Mpw0 L95-Fgv1 L105-Bsn1 L115-K_w2 L125-Zb_5 L135-Ele6 L76-Gjd3 L86-U_k7 L96-Hpd3 L106-Mqq4 L116-Fuu3 L126-Cfb6 L136-Iui1 L141-Fny0 L87-Gjd3 L97-Etj8 L107-Gcm8 L117-Bvm8 L127-Xc_7 L137-Rsk7 L142-Qpb1 L88-Gjd3 L98-Tgz3 L108-Mho7 L118-Gy_7 L128-Ykc2 L138-Eug4 L143-Ekm2 L109-Gjd3 L119-Zrc0 L129-Qon3 L139-Uz_8 L144-Tty3 L110-Gjd3 L120-Dm_8 L130-Yxn0 L140-Eaf6 L145-Yxw8
L31-Gjd3 L41-Gaa5 L51-Wyx8 L61-Pfx6 L71-Vtq6 L81-Hhq8 L91-Zwp5 L101-N_g0 L111-Jfi1 L121-M__9 L131-Rvx0 L42-Gjd3 L52-Ph_1 L62-X_n9 L72-Yrz0 L82-Wba1 L92-Zxe7 L102-Zav0 L112-Dhp4 L122-Au_3 L132-Pdt8 L43-Gjd3 L53-Eru7 L63-Csj7 L73-Fzk3 L83-Fvm4 L93-Heh0 L103-Qaw6 L113-Ize5 L123-Yju8 L133-Meh3 L44-Gjd3 L54-Usp6 L64-Nya5 L74-B_i0 L84-Z_t5 L94-Mrt6 L104-Fdy1 L114-Civ9 L124-A_m5 L134-Uho0 L65-Gjd3 L75-Gyy1 L85-V_d9 L95-Mpw0 L105-Fgv1 L115-Bsn1 L125-K_w2 L135-Zb_5 L86-Gjd3 L96-U_k7 L106-Hpd3 L116-Mqq4 L126-Fuu3 L136-Cfb6 L141-Iui1 L97-Gjd3 L107-Etj8 L117-Gcm8 L127-Bvm8 L137-Xc_7 L142-Rsk7 L98-Gjd3 L108-Tgz3 L118-Mho7 L128-Gy_7 L138-Ykc2 L143-Eug4 L119-Gjd3 L129-Zrc0 L139-Qon3 L144-Uz_8 L120-Gjd3 L130-Dm_8 L140-Yxn0 L145-Eaf6
L41-Gjd3 L51-Gaa5 L61-Wyx8 L71-Pfx6 L81-Vtq6 L91-Hhq8 L101-Zwp5 L111-N_g0 L121-Jfi1 L131-M__9 L52-Gjd3 L62-Ph_1 L72-X_n9 L82-Yrz0 L92-Wba1 L102-Zxe7 L112-Zav0 L122-Dhp4 L132-Au_3 L53-Gjd3 L63-Eru7 L73-Csj7 L83-Fzk3 L93-Fvm4 L103-Heh0 L113-Qaw6 L123-Ize5 L133-Yju8 L54-Gjd3 L64-Usp6 L74-Nya5 L84-B_i0 L94-Z_t5 L104-Mrt6 L114-Fdy1 L124-Civ9 L134-A_m5 L75-Gjd3 L85-Gyy1 L95-V_d9 L105-Mpw0 L115-Fgv1 L125-Bsn1 L135-K_w2 L96-Gjd3 L106-U_k7 L116-Hpd3 L126-Mqq4 L136-Fuu3 L141-Cfb6 L107-Gjd3 L117-Etj8 L127-Gcm8 L137-Bvm8 L142-Xc_7 L108-Gjd3 L118-Tgz3 L128-Mho7 L138-Gy_7 L143-Ykc2 L129-Gjd3 L139-Zrc0 L144-Qon3 L130-Gjd3 L140-Dm_8 L145-Yxn0
L51-Gjd3 L61-Gaa5 L71-Wyx8 L81-Pfx6 L91-Vtq6 L101-Hhq8 L111-Zwp5 L121-N_g0 L131-Jfi1 L62-Gjd3 L72-Ph_1 L82-X_n9 L92-Yrz0 L102-Wba1 L112-Zxe7 L122-Zav0 L132-Dhp4 L63-Gjd3 L73-Eru7 L83-Csj7 L93-Fzk3 L103-Fvm4 L113-Heh0 L123-Qaw6 L133-Ize5 L64-Gjd3 L74-Usp6 L84-Nya5 L94-B_i0 L104-Z_t5 L114-Mrt6 L124-Fdy1 L134-Civ9 L85-Gjd3 L95-Gyy1 L105-V_d9 L115-Mpw0 L125-Fgv1 L135-Bsn1 L106-Gjd3 L116-U_k7 L126-Hpd3 L136-Mqq4 L141-Fuu3 L117-Gjd3 L127-Etj8 L137-Gcm8 L142-Bvm8 L118-Gjd3 L128-Tgz3 L138-Mho7 L143-Gy_7 L139-Gjd3 L144-Zrc0 L140-Gjd3 L145-Dm_8
L61-Gjd3 L71-Gaa5 L81-Wyx8 L91-Pfx6 L101-Vtq6 L111-Hhq8 L121-Zwp5 L131-N_g0 L72-Gjd3 L82-Ph_1 L92-X_n9 L102-Yrz0 L112-Wba1 L122-Zxe7 L132-Zav0 L73-Gjd3 L83-Eru7 L93-Csj7 L103-Fzk3 L113-Fvm4 L123-Heh0 L133-Qaw6 L74-Gjd3 L84-Usp6 L94-Nya5 L104-B_i0 L114-Z_t5 L124-Mrt6 L134-Fdy1 L95-Gjd3 L105-Gyy1 L115-V_d9 L125-Mpw0 L135-Fgv1 L116-Gjd3 L126-U_k7 L136-Hpd3 L141-Mqq4 L127-Gjd3 L137-Etj8 L142-Gcm8 L128-Gjd3 L138-Tgz3 L143-Mho7 L144-Gjd3 L145-Gjd3
L71-Gjd3 L81-Gaa5 L91-Wyx8 L101-Pfx6 L111-Vtq6 L121-Hhq8 L131-Zwp5 L82-Gjd3 L92-Ph_1 L102-X_n9 L112-Yrz0 L122-Wba1 L132-Zxe7 L83-Gjd3 L93-Eru7 L103-Csj7 L113-Fzk3 L123-Fvm4 L133-Heh0 L84-Gjd3 L94-Usp6 L104-Nya5 L114-B_i0 L124-Z_t5 L134-Mrt6 L105-Gjd3 L115-Gyy1 L125-V_d9 L135-Mpw0 L126-Gjd3 L136-U_k7 L141-Hpd3 L137-Gjd3 L142-Etj8 L138-Gjd3 L143-Tgz3
L81-Gjd3 L91-Gaa5 L101-Wyx8 L111-Pfx6 L121-Vtq6 L131-Hhq8 L92-Gjd3 L102-Ph_1 L112-X_n9 L122-Yrz0 L132-Wba1 L93-Gjd3 L103-Eru7 L113-Csj7 L123-Fzk3 L133-Fvm4 L94-Gjd3 L104-Usp6 L114-Nya5 L124-B_i0 L134-Z_t5 L115-Gjd3 L125-Gyy1 L135-V_d9 L136-Gjd3 L141-U_k7 L142-Gjd3 L143-Gjd3
L91-Gjd3 L101-Gaa5 L111-Wyx8 L121-Pfx6 L131-Vtq6 L102-Gjd3 L112-Ph_1 L122-X_n9 L132-Yrz0 L103-Gjd3 L113-Eru7 L123-Csj7 L133-Fzk3 L104-Gjd3 L114-Usp6 L124-Nya5 L134-B_i0 L125-Gjd3 L135-Gyy1 L141-Gjd3
L101-Gjd3 L111-Gaa5 L121-Wyx8 L131-Pfx6 L112-Gjd3 L122-Ph_1 L132-X_n9 L113-Gjd3 L123-Eru7 L133-Csj7 L114-Gjd3 L124-Usp6 L134-Nya5 L135-Gjd3
L111-Gjd3 L121-Gaa5 L131-Wyx8 L122-Gjd3 L132-Ph_1 L123-Gjd3 L133-Eru7 L124-Gjd3 L134-Usp6
L121-Gjd3 L131-Gaa5 L132-Gjd3 L133-Gjd3 L134-Gjd3
L131-Gjd3
