11
#Here is the number of lines required: 37
##start
Xgd0 0 0
##end
Smh0 3 3
Ctk1 6 6
Ai_8 9 9
Fuj4 12 12
Kxd1 14 14
Pxm1 17 17
Twr2 20 20
Gxk0 24 24
Ups3 27 27
Pmz6 30 30
Vrd6 33 33
Bag9 37 37
Tgd9 40 40
Sdu0 41 41
Ddi9 44 44
Hzp7 47 47
Szd1 51 51
Zmm4 56 56
Xyt1 61 61
Ane4 65 65
Uwl8 67 67
Fnb0 72 72
Yqu5 74 74
Xvs2 76 76
Uhh1 78 78
J__1 82 82
Uci2 85 85
Nkx3 89 89
Nih0 92 92
Uew6 95 95
Ozb9 96 96
Mvj5 99 99
Ema3 102 102
Uxg1 107 107
Rtf6 112 112
Wjz2 117 117
Jkg6 119 119
Gdp7 123 123
Hvq7 127 127
Fxf1 130 130
I_t8 133 133
Cvi1 137 137
Fxr6 142 142
Elx1 145 145
C_p9 148 148
Guk2 151 151
Sgv9 154 154
Hnt5 157 157
I_j0 158 158
Nkt4 160 160
Im_1 163 163
Yq_8 168 168
Nbp0 170 170
O_f0 173 173
Kie2 174 174
Zck7 176 176
Whz3 177 177
Yrw0 180 180
Wtp2 182 182
Ymq0 185 185
Fcq5 187 187
Vlt1 189 189
Mhb7 192 192
Zed4 194 194
Oyr1 199 199
Gcz9 204 204
Qgz9 209 209
Caz4 212 212
Dyb9 216 216
Qvt2 217 217
Dnw3 220 220
A_e6 225 225
M_s6 227 227
Qjt4 231 231
Zle4 234 234
Ppe1 236 236
H_e9 237 237
Rqc1 238 238
Ixx1 241 241
Pkf9 243 243
Nfz1 247 247
Xfp9 251 251
Sps9 255 255
Hby3 258 258
Epc0 260 260
Qiq4 263 263
Tef9 267 267
Zqu4 270 270
Qwq0 275 275
Mjg1 278 278
Iqp2 281 281
Mbo1 284 284
Xd_2 286 286
Gyw6 288 288
Bgo8 292 292
Zzj6 294 294
Ikp6 299 299
Nzy0 302 302
Jnj1 303 303
Bsw1 305 305
Uua5 308 308
Pru9 309 309
Pii2 313 313
Hft2 317 317
Kjv3 320 320
Kf_7 323 323
Boc8 324 324
Pgu9 329 329
Tro8 331 331
Gkz9 336 336
Wrc5 339 339
Waz9 344 344
Ile1 349 349
Xiz3 353 353
V_d9 357 357
Sku6 359 359
Ixn7 362 362
Jud3 366 366
Mrb0 370 370
Cjg3 373 373
Onm8 375 375
Azj9 378 378
Uff1 382 382
Bw_6 386 386
Cal6 390 390
Ezj8 393 393
Kbl2 396 396
Ue_4 397 397
Jof5 398 398
Qaq2 403 403
Ouq1 405 405
Bzj2 410 410
Cyq5 412 412
Bew5 415 415
R_d9 418 418
Esl3 420 420
Nes7 422 422
Frr1 425 425
Upx9 428 428
Cqx7 430 430
Ymh4 433 433
Avr5 438 438
Jcp3 442 442
Gd_8 445 445
Qaf3 447 447
Wzm1 450 450
Fz_7 451 451
Yds1 456 456
Ubd3 459 459
Cqk5 461 461
Ims4 463 463
C_b2 467 467
Xhj7 469 469
Hpf7 471 471
Rsd7 476 476
J__4 478 478
Tbt7 481 481
Nys2 482 482
Vpo4 485 485
Kpm2 488 488
Slx7 490 490
Twz6 494 494
Jfu9 498 498
Kof0 503 503
Cnq3 507 507
Eg_9 509 509
Kkq4 513 513
Czz4 514 514
Yzf5 519 519
Geu8 521 521
M_p5 524 524
Njk4 527 527
Cwt8 530 530
Ua_7 532 532
Tte9 534 534
Acc4 537 537
Pyr4 540 540
Gjo1 543 543
H_n2 545 545
Eve6 548 548
Jc_6 550 550
Bhk4 552 552
Khy6 557 557
Avt2 560 560
Xet0 564 564
Yxu9 566 566
Rav7 569 569
Dsg4 571 571
Gxt6 574 574
Yct5 576 576
G_o9 582 582
Bby4 586 586
Grh2 589 589
Qtm0 593 593
Xxh8 597 597
Ibb0 600 600
Rr_5 602 602
Il_1 606 606
Pez3 607 607
Raj6 611 611
Zrf1 612 612
Fjj0 617 617
U_k2 621 621
Mbn0 623 623
Z_s6 627 627
A_d4 630 630
Bpo4 634 634
Yqb2 639 639
Fyo9 642 642
Iiy4 646 646
Ogj5 649 649
Vtr5 651 651
Waw0 655 655
Sgn3 658 658
Yqv0 662 662
Gff1 665 665
Eep6 667 667
Qtp2 668 668
Tdp8 672 672
Jrn5 674 674
Meo4 676 676
Spk9 679 679
Fug2 680 680
Hh_0 683 683
K_z9 688 688
Cau7 691 691
N_q6 693 693
Dvy5 697 697
Oze5 701 701
O_v6 705 705
Wxu8 709 709
Qfj9 714 714
Fdl3 717 717
Zax1 718 718
Y_x5 723 723
Klf7 724 724
Chw2 728 728
Nss9 730 730
M_y1 732 732
Yrg2 737 737
Wbu4 740 740
Y_w4 743 743
Jjb1 745 745
Znz3 750 750
Gvj0 754 754
Alr5 755 755
Td_8 756 756
Ffq1 757 757
Fck4 760 760
Xqn1 763 763
Zm_2 768 768
K_f4 771 771
Xts1 774 774
Xe_8 776 776
Sd_2 780 780
Zqm6 783 783
Epf9 786 786
Iep7 790 790
Bh_6 793 793
Mve6 796 796
Mri6 800 800
Xpv0 803 803
Aed9 807 807
Toi1 812 812
Rir4 814 814
U_y3 817 817
Xbw7 820 820
Gan3 823 823
Vq_3 826 826
Cgs6 829 829
N_x2 830 830
Ytn1 834 834
Nvm7 838 838
Qgn4 840 840
Umc0 842 842
Idj9 846 846
Mmv2 847 847
Kfi2 850 850
Gum9 853 853
S_h8 857 857
Mfo2 861 861
Nm_4 862 862
Ayr2 865 865
Vmf6 870 870
Uzo0 872 872
Avh3 875 875
Zaw4 880 880
Xmz7 884 884
Vhg7 888 888
Woe4 893 893
Kwm3 897 897
Q_v9 899 899
Hvv0 903 903
Sms7 908 908
Kbl1 912 912
Uwc6 913 913
Kgt4 918 918
Irw5 920 920
Gof5 922 922
Duf6 925 925
Pfl8 928 928
Igy4 931 931
Hat1 935 935
Tsn1 939 939
Qqp6 943 943
Wcc5 947 947
Zcf3 950 950
Oob2 953 953
Svx6 956 956
Mjm8 960 960
Gwn1 961 961
Slt1 965 965
Fgm6 968 968
Ibe8 969 969
Ijq5 971 971
Bu_0 974 974
Frj6 976 976
N_d6 979 979
Fdw6 983 983
Pii1 986 986
Kgh0 989 989
Tx_4 992 992
Uae2 996 996
Orm5 997 997
T_s8 1002 1002
Sjb6 1006 1006
Sqe9 1009 1009
Rs_2 1013 1013
Etn2 1015 1015
Ayd7 1020 1020
Rfd4 1025 1025
Ur_1 1027 1027
Pjz7 1030 1030
Rmp6 1031 1031
Pyc6 1035 1035
Xjq7 1036 1036
Mlz3 1041 1041
Flp2 1044 1044
Hes9 1047 1047
Sul5 1051 1051
Ske1 1054 1054
Xge1 1056 1056
M_r6 1060 1060
Mbe5 1064 1064
Gpe7 1067 1067
Rsg4 1072 1072
W_t5 1076 1076
W__6 1080 1080
Zfu7 1084 1084
Akc8 1089 1089
Nr_2 1093 1093
Scl7 1095 1095
Vil5 1099 1099
Dwc9 1103 1103
Sgc4 1104 1104
Aav6 1108 1108
Mmi4 1111 1111
F_n7 1112 1112
Efj9 1114 1114
I_p2 1117 1117
Ep_4 1118 1118
Uae2-Ctk1
Xd_2-Fuj4
Fgm6-Kxd1
Jc_6-Gxk0
Uew6-Ups3
K_f4-Aav6
Ubd3-Dwc9
Flp2-Pmz6
Wtp2-Nr_2
Nss9-Bag9
Jud3-Ddi9
Xiz3-Hzp7
Nfz1-Zfu7
Czz4-Zmm4
Im_1-W__6
Xyt1-W_t5
Rsg4-Ane4
Gpe7-Rsg4
Fnb0-Uwl8
Mbe5-Fnb0
Yqu5-Mbe5
Xge1-M_r6
Uci2-J__1
Nkx3-Ske1
Nih0-Nkx3
Ozb9-Flp2
Mlz3-Ozb9
Wjz2-Rtf6
Rmp6-Wjz2
Pjz7-Rmp6
Ur_1-Pjz7
Jkg6-Rfd4
Etn2-Ayd7
Gdp7-Etn2
Hvq7-Gdp7
Sqe9-Cvi1
Elx1-Sjb6
Orm5-T_s8
C_p9-Orm5
Hnt5-Sgv9
I_j0-Hnt5
Nkt4-I_j0
Yq_8-Im_1
Pii1-O_f0
Kie2-Pii1
Whz3-Zck7
Yrw0-Whz3
Fdw6-Yrw0
Wtp2-Fdw6
Vlt1-Fcq5
Frj6-N_d6
Bu_0-Frj6
Ijq5-Zed4
Fgm6-Ibe8
Slt1-Oyr1
Gcz9-Slt1
Caz4-Gwn1
Mjm8-Caz4
Svx6-Dyb9
Oob2-Svx6
Zcf3-Oob2
Qvt2-Zcf3
Dnw3-Wcc5
Qqp6-Dnw3
A_e6-Qqp6
Ppe1-Zle4
Rqc1-H_e9
Xfp9-Nfz1
Hby3-Irw5
Kgt4-Epc0
Tef9-Qiq4
Zqu4-Kbl1
Qwq0-Q_v9
Kwm3-Qwq0
Vhg7-Woe4
Mjg1-Vhg7
Xmz7-Mjg1
Mbo1-Iqp2
Avh3-Mbo1
Xd_2-Ayr2
Gyw6-Xd_2
Mfo2-Nm_4
S_h8-Mfo2
Bgo8-Mmv2
Idj9-Bgo8
Umc0-Idj9
Zzj6-Qgn4
Nzy0-Ikp6
Jnj1-Nzy0
Cgs6-Pii2
Hft2-Cgs6
Kjv3-Hft2
Vq_3-Kf_7
Xbw7-Gan3
Boc8-U_y3
Rir4-Boc8
Toi1-Tro8
Gkz9-Toi1
Wrc5-Gkz9
Xpv0-Ile1
Mve6-Xiz3
V_d9-Mve6
Jud3-Ixn7
Mrb0-Jud3
Bh_6-Cjg3
Iep7-Onm8
Azj9-Iep7
Sd_2-Smh0
Xe_8-Sd_2
Uff1-Xe_8
Cal6-Bw_6
Xts1-Cal6
Qaq2-Jof5
Zm_2-Bzj2
Xqn1-Zm_2
R_d9-Fck4
Esl3-R_d9
Td_8-Ffq1
Znz3-Gvj0
Frr1-Nes7
Upx9-Frr1
Cqx7-Upx9
Jjb1-Cqx7
Y_w4-Ymh4
Avr5-Wbu4
Yrg2-Yct5
Nss9-Jcp3
Klf7-Chw2
Y_x5-Klf7
Fdl3-Wzm1
Wxu8-Fz_7
Dvy5-Oze5
Yds1-Dvy5
Cau7-Ubd3
K_z9-C_b2
Xhj7-K_z9
Hh_0-Xhj7
Xgd0-Hh_0
Rsd7-Hpf7
Fug2-Rsd7
Spk9-J__4
Meo4-Tbt7
Jrn5-Meo4
Vpo4-Nys2
Qtp2-Tdp8
Eep6-Qtp2
Gff1-Kpm2
Slx7-Sgn3
Waw0-Twz6
Kof0-Ogj5
Cnq3-Kof0
Eg_9-Cnq3
Fyo9-Iiy4
Yqb2-Fyo9
Kkq4-Yqb2
A_d4-Bpo4
Yzf5-A_d4
Xgd0-Yzf5
Geu8-Smh0
Z_s6-Geu8
U_k2-Mbn0
Njk4-M_p5
Fjj0-Njk4
Zrf1-Fjj0
Pez3-Raj6
Tte9-Ua_7
Acc4-Tte9
Pyr4-Acc4
Gjo1-Il_1
H_n2-Gjo1
Bhk4-Jc_6
Xxh8-Bhk4
Khy6-Xxh8
Qtm0-Xet0
Rav7-Yxu9
G_o9-Gxt6
Xgd0-G_o9
Gxt6-Bby4
Bby4-Dsg4
Dsg4-Grh2
Grh2-Rav7
Yxu9-Qtm0
Xet0-Avt2
Avt2-Khy6
Jc_6-Eve6
Eve6-Ibb0
Ibb0-Rr_5
Rr_5-H_n2
Il_1-Pyr4
Ua_7-Pez3
Raj6-Cwt8
Cwt8-Zrf1
M_p5-U_k2
Mbn0-Z_s6
Bpo4-Czz4
Czz4-Kkq4
Iiy4-Eg_9
Ogj5-Jfu9
Jfu9-Vtr5
Vtr5-Waw0
Twz6-Slx7
Sgn3-Yqv0
Yqv0-Gff1
Kpm2-Eep6
Tdp8-Vpo4
Nys2-Jrn5
Tbt7-Spk9
J__4-Fug2
Hpf7-Smh0
C_b2-Ims4
Ims4-Cqk5
Cqk5-Cau7
Ubd3-N_q6
N_q6-Yds1
Oze5-O_v6
O_v6-Wxu8
Fz_7-Qfj9
Qfj9-Fdl3
Wzm1-Zax1
Zax1-Qaf3
Qaf3-Gd_8
Gd_8-Y_x5
Chw2-Nss9
Jcp3-M_y1
M_y1-Yrg2
Yct5-Smh0
Xgd0-Avr5
Wbu4-Y_w4
Ymh4-Jjb1
Nes7-Znz3
Gvj0-Alr5
Alr5-Td_8
Ffq1-Esl3
Fck4-Bew5
Bew5-Cyq5
Cyq5-Xqn1
Bzj2-Ouq1
Ouq1-Qaq2
Jof5-Ue_4
Ue_4-Kbl2
Kbl2-Ezj8
Ezj8-K_f4
K_f4-Xts1
Bw_6-Uff1
Xgd0-Zqm6
Zqm6-Epf9
Epf9-Azj9
Onm8-Bh_6
Cjg3-Mrb0
Ixn7-Sku6
Sku6-V_d9
Xiz3-Mri6
Mri6-Xpv0
Ile1-Waz9
Waz9-Aed9
Aed9-Wrc5
Tro8-Pgu9
Pgu9-Rir4
U_y3-Xbw7
Gan3-Vq_3
Kf_7-Kjv3
Pii2-N_x2
N_x2-Pru9
Pru9-Ytn1
Ytn1-Uua5
Uua5-Bsw1
Bsw1-Jnj1
Ikp6-Nvm7
Nvm7-Zzj6
Qgn4-Umc0
Mmv2-Kfi2
Kfi2-Gum9
Gum9-S_h8
Nm_4-Gyw6
Ayr2-Vmf6
Vmf6-Uzo0
Uzo0-Avh3
Iqp2-Zaw4
Zaw4-Xmz7
Woe4-Kwm3
Q_v9-Hvv0
Hvv0-Sms7
Sms7-Zqu4
Kbl1-Uwc6
Uwc6-Tef9
Qiq4-Kgt4
Epc0-Hby3
Irw5-Sps9
Sps9-Gof5
Gof5-Xfp9
Nfz1-Pkf9
Pkf9-Duf6
Duf6-Ixx1
Ixx1-Pfl8
Pfl8-Rqc1
H_e9-Igy4
Igy4-Hat1
Hat1-Ppe1
Zle4-Tsn1
Tsn1-Smh0
Xgd0-Qjt4
Qjt4-M_s6
M_s6-A_e6
Wcc5-Qvt2
Dyb9-Mjm8
Gwn1-Qgz9
Qgz9-Gcz9
Oyr1-Fgm6
Ibe8-Ijq5
Zed4-Mhb7
Mhb7-Bu_0
N_d6-Vlt1
Fcq5-Ymq0
Ymq0-Wtp2
Zck7-Kie2
O_f0-Kgh0
Kgh0-Nbp0
Nbp0-Yq_8
Im_1-Tx_4
Tx_4-Nkt4
Sgv9-Uae2
Uae2-Guk2
Guk2-C_p9
T_s8-Elx1
Sjb6-Fxr6
Fxr6-Sqe9
Cvi1-I_t8
I_t8-Rs_2
Rs_2-Fxf1
Fxf1-Hvq7
Ayd7-Jkg6
Rfd4-Ur_1
Rtf6-Pyc6
Pyc6-Xjq7
Xjq7-Uxg1
Uxg1-Ema3
Ema3-Mvj5
Mvj5-Mlz3
Flp2-Hes9
Hes9-Sul5
Sul5-Uew6
Uew6-Nih0
Ske1-Uci2
J__1-Xge1
M_r6-Uhh1
Uhh1-Xvs2
Xvs2-Yqu5
Uwl8-Gpe7
Ane4-Xyt1
W_t5-Smh0
Zed4-Szd1
Frj6-Sdu0
Igy4-Tgd9
Cau7-Akc8
Gkz9-Scl7
Uzo0-Vrd6
M_s6-Vil5
O_v6-Sgc4
Jrn5-Mmi4
Sgn3-Twr2
Uwl8-Pxm1
Mfo2-F_n7
Sgv9-Ai_8
Gxk0-Efj9
Wjz2-I_p2
Xpv0-Ep_4
#Here is the number of lines required: 37

L1-G_o9 L2-Yzf5 L3-Hh_0
L1-Gxt6 L4-G_o9 L2-A_d4 L5-Yzf5 L3-Xhj7 L6-Hh_0
L1-Bby4 L4-Gxt6 L7-G_o9 L2-Bpo4 L5-A_d4 L8-Yzf5 L3-K_z9 L6-Xhj7 L9-Hh_0
L1-Dsg4 L4-Bby4 L7-Gxt6 L2-Czz4 L5-Bpo4 L8-A_d4 L10-Yzf5 L3-C_b2 L6-K_z9 L9-Xhj7 L11-Hh_0
L1-Grh2 L4-Dsg4 L7-Bby4 L2-Kkq4 L5-Czz4 L8-Bpo4 L10-A_d4 L3-Ims4 L6-C_b2 L9-K_z9 L11-Xhj7
L1-Rav7 L4-Grh2 L7-Dsg4 L2-Yqb2 L5-Kkq4 L8-Czz4 L10-Bpo4 L3-Cqk5 L6-Ims4 L9-C_b2 L11-K_z9
L1-Yxu9 L4-Rav7 L7-Grh2 L2-Fyo9 L5-Yqb2 L8-Kkq4 L10-Czz4 L3-Cau7 L6-Cqk5 L9-Ims4 L11-C_b2
L1-Qtm0 L4-Yxu9 L7-Rav7 L2-Iiy4 L5-Fyo9 L8-Yqb2 L10-Kkq4 L3-Ubd3 L6-Cau7 L9-Cqk5 L11-Ims4
L1-Xet0 L4-Qtm0 L7-Yxu9 L2-Eg_9 L5-Iiy4 L8-Fyo9 L10-Yqb2 L3-N_q6 L6-Ubd3 L9-Cau7 L11-Cqk5
L1-Avt2 L4-Xet0 L7-Qtm0 L2-Cnq3 L5-Eg_9 L8-Iiy4 L10-Fyo9 L3-Yds1 L6-N_q6 L9-Ubd3 L11-Cau7
L1-Khy6 L4-Avt2 L7-Xet0 L2-Kof0 L5-Cnq3 L8-Eg_9 L10-Iiy4 L3-Dvy5 L6-Yds1 L9-N_q6 L11-Ubd3
L1-Xxh8 L4-Khy6 L7-Avt2 L2-Ogj5 L5-Kof0 L8-Cnq3 L10-Eg_9 L3-Oze5 L6-Dvy5 L9-Yds1 L11-N_q6
L1-Bhk4 L4-Xxh8 L7-Khy6 L2-Jfu9 L5-Ogj5 L8-Kof0 L10-Cnq3 L3-O_v6 L6-Oze5 L9-Dvy5 L11-Yds1
L1-Jc_6 L4-Bhk4 L7-Xxh8 L2-Vtr5 L5-Jfu9 L8-Ogj5 L10-Kof0 L3-Wxu8 L6-O_v6 L9-Oze5 L11-Dvy5
L1-Eve6 L4-Jc_6 L7-Bhk4 L2-Waw0 L5-Vtr5 L8-Jfu9 L10-Ogj5 L3-Fz_7 L6-Wxu8 L9-O_v6 L11-Oze5
L1-Ibb0 L4-Eve6 L7-Jc_6 L2-Twz6 L5-Waw0 L8-Vtr5 L10-Jfu9 L3-Qfj9 L6-Fz_7 L9-Wxu8 L11-O_v6
L1-Rr_5 L4-Ibb0 L7-Eve6 L2-Slx7 L5-Twz6 L8-Waw0 L10-Vtr5 L3-Fdl3 L6-Qfj9 L9-Fz_7 L11-Wxu8
L1-H_n2 L4-Rr_5 L7-Ibb0 L2-Sgn3 L5-Slx7 L8-Twz6 L10-Waw0 L3-Wzm1 L6-Fdl3 L9-Qfj9 L11-Fz_7
L1-Gjo1 L4-H_n2 L7-Rr_5 L2-Yqv0 L5-Sgn3 L8-Slx7 L10-Twz6 L3-Zax1 L6-Wzm1 L9-Fdl3 L11-Qfj9
L1-Il_1 L4-Gjo1 L7-H_n2 L2-Gff1 L5-Yqv0 L8-Sgn3 L10-Slx7 L3-Qaf3 L6-Zax1 L9-Wzm1 L11-Fdl3
L1-Pyr4 L4-Il_1 L7-Gjo1 L2-Kpm2 L5-Gff1 L8-Yqv0 L10-Sgn3 L3-Gd_8 L6-Qaf3 L9-Zax1 L11-Wzm1
L1-Acc4 L4-Pyr4 L7-Il_1 L2-Eep6 L5-Kpm2 L8-Gff1 L10-Yqv0 L3-Y_x5 L6-Gd_8 L9-Qaf3 L11-Zax1
L1-Tte9 L4-Acc4 L7-Pyr4 L2-Qtp2 L5-Eep6 L8-Kpm2 L10-Gff1 L3-Klf7 L6-Y_x5 L9-Gd_8 L11-Qaf3
L1-Ua_7 L4-Tte9 L7-Acc4 L2-Tdp8 L5-Qtp2 L8-Eep6 L10-Kpm2 L3-Chw2 L6-Klf7 L9-Y_x5 L11-Gd_8
L1-Pez3 L4-Ua_7 L7-Tte9 L2-Vpo4 L5-Tdp8 L8-Qtp2 L10-Eep6 L3-Nss9 L6-Chw2 L9-Klf7 L11-Y_x5
L1-Raj6 L4-Pez3 L7-Ua_7 L2-Nys2 L5-Vpo4 L8-Tdp8 L10-Qtp2 L3-Jcp3 L6-Nss9 L9-Chw2 L11-Klf7
L1-Cwt8 L4-Raj6 L7-Pez3 L2-Jrn5 L5-Nys2 L8-Vpo4 L10-Tdp8 L3-M_y1 L6-Jcp3 L9-Nss9 L11-Chw2
L1-Zrf1 L4-Cwt8 L7-Raj6 L2-Meo4 L5-Jrn5 L8-Nys2 L10-Vpo4 L3-Yrg2 L6-M_y1 L9-Jcp3 L11-Nss9
L1-Fjj0 L4-Zrf1 L7-Cwt8 L2-Tbt7 L5-Meo4 L8-Jrn5 L10-Nys2 L3-Yct5 L6-Yrg2 L9-M_y1 L11-Jcp3
L1-Njk4 L4-Fjj0 L7-Zrf1 L2-Spk9 L5-Tbt7 L8-Meo4 L10-Jrn5 L3-Smh0 L6-Yct5 L9-Yrg2 L11-M_y1
L1-M_p5 L4-Njk4 L7-Fjj0 L2-J__4 L5-Spk9 L8-Tbt7 L10-Meo4 L6-Smh0 L9-Yct5 L11-Yrg2
L1-U_k2 L4-M_p5 L7-Njk4 L2-Fug2 L5-J__4 L8-Spk9 L10-Tbt7 L9-Smh0 L11-Yct5
L1-Mbn0 L4-U_k2 L7-M_p5 L2-Rsd7 L5-Fug2 L8-J__4 L10-Spk9 L11-Smh0
L1-Z_s6 L4-Mbn0 L7-U_k2 L2-Hpf7 L5-Rsd7 L8-Fug2 L10-J__4
L1-Geu8 L4-Z_s6 L7-Mbn0 L2-Smh0 L5-Hpf7 L8-Rsd7 L10-Fug2
L1-Smh0 L4-Geu8 L7-Z_s6 L5-Smh0 L8-Hpf7 L10-Rsd7
L4-Smh0 L7-Geu8 L8-Smh0 L10-Hpf7
L7-Smh0 L10-Smh0
