89
#Here is the number of lines required: 29
##start
Hkh1 3 3
##end
Tdx6 4 4
Wry2 7 7
Cf_8 8 8
Xfs7 13 13
Jqr0 16 16
Ktj8 17 17
Fao6 21 21
Cbo8 25 25
Hcm5 28 28
Osy0 33 33
Qit2 37 37
Zyw4 39 39
K_q7 40 40
Qze6 43 43
Vdt8 47 47
Coa5 51 51
Fbm3 54 54
F__5 58 58
Bdb1 63 63
Osk7 68 68
Pve2 70 70
Wlp3 72 72
Dzz7 73 73
Bov3 77 77
Vnu2 81 81
Ppr1 84 84
V_y1 88 88
Bwd4 89 89
Rji0 91 91
Dvu3 93 93
Kyl1 98 98
Bia8 101 101
Fey7 104 104
Zrt0 109 109
Wk_3 110 110
Xyj7 115 115
B_s2 116 116
Wgi0 119 119
Cwk7 122 122
Eup6 126 126
U_y3 127 127
Eig8 129 129
Pvz9 133 133
Hat1 137 137
Fj_7 139 139
Kft3 142 142
Iyi9 143 143
Agb9 145 145
Kr_1 150 150
Txt0 153 153
Jak5 155 155
Tec6 160 160
Zgc6 165 165
Zyl7 167 167
Uho3 169 169
Sxu0 172 172
O_r9 176 176
Xze4 179 179
Qtf5 184 184
Xuw5 187 187
Att6 190 190
Tlo8 191 191
Akp5 194 194
Jek4 198 198
Sln1 202 202
G_w3 204 204
Row1 207 207
Nwg6 212 212
Cmy2 215 215
I_f0 216 216
N_o2 220 220
Mep8 222 222
Wdk9 225 225
Yri3 229 229
Q_d2 231 231
Xvb5 236 236
Ziw7 238 238
Vby1 243 243
Drt3 244 244
Bvp0 246 246
Mfj8 250 250
Kzi5 254 254
Kig3 257 257
Mnz5 258 258
Oru8 259 259
Ozk1 262 262
Fnf1 265 265
Uav1 268 268
Rxm7 269 269
Ruo3 270 270
Vpu9 274 274
Gup5 279 279
Kyy7 282 282
Twd1 286 286
Qvs6 287 287
Rlb9 290 290
Uk_1 294 294
Yrd0 295 295
Xot2 297 297
Dju3 300 300
Cqs5 303 303
Vmk5 305 305
Qrd0 307 307
Jfa7 310 310
Acu7 311 311
Yn_0 314 314
Mix3 315 315
Qn_5 317 317
Fbz9 321 321
Svy5 324 324
Bz_1 328 328
T_j7 332 332
C_x2 334 334
Fdk8 337 337
Zsu7 342 342
Evj2 346 346
Ikw1 349 349
Wj_0 351 351
Yxk9 353 353
Ram7 354 354
Zmo6 357 357
Ye_5 362 362
Ufh9 364 364
Anx4 368 368
Gqw6 371 371
Chm1 376 376
Nce8 379 379
Dtw6 384 384
Vli1 389 389
Ubt9 393 393
Hux0 396 396
Pj_5 399 399
Get6 401 401
Exk1 402 402
Myq2 405 405
Zxl5 407 407
A__4 412 412
Vr_1 413 413
Ruk1 417 417
Fbo0 421 421
Eyj6 424 424
W_j1 425 425
U_z2 428 428
Rhc2 431 431
Mdt2 434 434
Owe4 437 437
Cck2 439 439
Hey6 442 442
S_i6 445 445
Yve5 449 449
Fxc1 452 452
Uki0 455 455
Bxr0 456 456
Xt_1 459 459
Xwy5 461 461
Ijt8 463 463
Kpd8 466 466
Ujx7 470 470
Iai8 474 474
Uxd0 476 476
Owr9 479 479
Sfo0 482 482
Dex7 486 486
Vnn7 489 489
Xfv1 491 491
Oug0 494 494
Hoo5 497 497
Uxn8 502 502
Ek_7 505 505
Ttv4 508 508
Mil3 511 511
Aks2 514 514
Tgj9 519 519
Czo6 523 523
Pep4 524 524
Ncg8 529 529
Qf_6 533 533
Fdi0 538 538
Iwn1 541 541
Opq5 545 545
Uni1 546 546
Mtv7 549 549
Gi_6 551 551
Spq2 556 556
Bla0 559 559
Udo0 564 564
Sq_9 566 566
Xpm2 570 570
Bht4 572 572
Jxv5 576 576
Iz_2 579 579
Mki2 582 582
Bcc5 586 586
Ezk3 588 588
Rak8 590 590
A_f0 592 592
Hdg3 597 597
J_v5 599 599
Ye_1 601 601
Ysl1 605 605
Rwk8 606 606
Jnp6 607 607
Pju6 611 611
Aud9 613 613
Pkf3 616 616
Plt4 620 620
Bqn7 624 624
Yy_4 626 626
Nln6 630 630
Byn4 634 634
Cnl8 638 638
Omv8 643 643
Ffl2 645 645
Oif6 649 649
Ocg2 652 652
Wmd2 655 655
D_e4 656 656
Sxb8 660 660
Oaa6 663 663
Wve2 668 668
Rjr1 671 671
Del7 675 675
Ufk6 678 678
Rig5 679 679
Oew5 681 681
We_5 683 683
Tho2 686 686
Kao5 689 689
Obt6 693 693
Dtp3 696 696
Emb2 699 699
W_d2 702 702
Slh0 706 706
Kd_4 709 709
Abz2 713 713
Sx_7 716 716
Bvn3 718 718
Zoj5 721 721
Ijg4 722 722
Zg_7 723 723
Asm1 726 726
O_f9 728 728
T_o0 730 730
Wkh4 733 733
Mlg7 738 738
G_y6 740 740
Aiq8 745 745
Yfj0 748 748
Huz0 749 749
Wfz4 752 752
Krx9 754 754
Ot_1 757 757
Iae4 761 761
Odo8 764 764
I_n0 765 765
Mxm6 769 769
Tkp0 771 771
Oji9 772 772
Xse1 776 776
Dec1 779 779
Vpw6 783 783
Slh8 786 786
Nnj3 790 790
Owr6 793 793
Io_0 796 796
K_n1 799 799
Plu3 803 803
Eyj2 805 805
Voa8 807 807
H_o5 809 809
Beu1 811 811
Jxg8 815 815
Isa9 818 818
Vii0 820 820
Sjm3 823 823
X_u5 826 826
Bsr9 829 829
Agb2 831 831
Jpk8 832 832
Zyd3 835 835
Bye5 837 837
Wht1 841 841
Drj5 843 843
Jis1 846 846
Avm7 849 849
Kul7 851 851
Izl6 854 854
Fla5 856 856
Ufz6 859 859
Bty5 860 860
Tbv2 864 864
Mjk1 867 867
Bs_1 870 870
Wva3 874 874
Szw9 877 877
Cfj1 880 880
Hsu6 881 881
Uz_8 884 884
Mxb4 888 888
Uag6 890 890
Saz3 893 893
Vcv4 897 897
Kby4 899 899
Djv2 901 901
Yga6 902 902
S__5 903 903
Nzm2 907 907
Kzv1 911 911
Exw4 915 915
Ov_2 919 919
Vko2 924 924
Zjr0 925 925
Ckj7 927 927
Zkf1 932 932
Nww9 937 937
Mwj8 941 941
I_h1 944 944
Bz_6 948 948
Wzp1 951 951
Mi_9 956 956
Icw0 959 959
Okh7 963 963
Vej8 967 967
Anx1 970 970
Hpj3 972 972
Bio3 974 974
M_m7 978 978
Vbu1 980 980
Vap7 984 984
Bap8 987 987
Jk_0 990 990
Dv_0 994 994
Gyu6 995 995
Uqy6 997 997
J_y1 999 999
Q_r9 1004 1004
Trw0 1007 1007
Mrr8 1008 1008
Wos8 1010 1010
Obf0 1014 1014
Eux0 1017 1017
Bkm4 1019 1019
Ari5 1021 1021
Dr_5 1025 1025
Drg3 1029 1029
Ghd0 1033 1033
Spr6 1036 1036
Qtq3 1040 1040
Ozy0 1044 1044
Fhc7 1045 1045
Wct2 1049 1049
Ezk6 1052 1052
Dot7 1055 1055
Xey2 1056 1056
Dru6 1061 1061
E_v2 1063 1063
Sgs2 1066 1066
Hhu4 1069 1069
Cis5 1073 1073
Bki6 1074 1074
Dkd2 1076 1076
Wcv8 1078 1078
Mhi9 1083 1083
Xib1 1086 1086
Jkt8 1090 1090
Cba5 1093 1093
Vur9 1097 1097
Sjt2 1102 1102
Csf5 1106 1106
Ofy4 1109 1109
Two2 1111 1111
Dhg8 1114 1114
Nit3 1117 1117
Ssb1 1118 1118
Wcm9 1123 1123
Nnh9 1124 1124
Kqj3 1125 1125
Eyu1 1127 1127
Ve_5 1130 1130
Kvb8 1133 1133
Fkg1 1138 1138
Utg6 1140 1140
Ule9 1141 1141
Yrg7 1143 1143
Kqd5 1147 1147
Ynd7 1150 1150
Uic8 1151 1151
Dr_8 1153 1153
Yxs6 1156 1156
Iaf1 1160 1160
Eqm2 1165 1165
Zmo4 1168 1168
Bqo3 1171 1171
Yjt3 1176 1176
Vw_2 1181 1181
Vab1 1185 1185
Qwf1 1186 1186
Qdu8 1191 1191
Ctw7 1193 1193
Elq7 1194 1194
Qt_2 1195 1195
Vdo4 1196 1196
Huy2 1198 1198
Dzs2 1201 1201
Exz1 1203 1203
Zgr9 1207 1207
Gcv9 1211 1211
Dux0 1214 1214
Jka3 1219 1219
Cxo0 1222 1222
Npi7 1225 1225
Ab_1 1228 1228
Ppg6 1233 1233
G_v2 1238 1238
Vd_4 1241 1241
Dxk6 1245 1245
Yfn2 1250 1250
Gms8 1253 1253
Ehm3 1255 1255
Nz_3 1257 1257
Qhn8 1259 1259
D_u2 1262 1262
Kpo9 1264 1264
Sqv1 1267 1267
Gry9 1270 1270
Fcq4 1271 1271
P__4 1273 1273
Ars8 1276 1276
Pjy8 1280 1280
V_v2 1283 1283
Ayy5 1286 1286
Zdl7 1288 1288
Cso9 1292 1292
Ywn6 1296 1296
Qsa6 1299 1299
Gn_8 1302 1302
M_f3 1304 1304
Cxx5 1306 1306
Owv3 1309 1309
Vz_4 1313 1313
Zit5 1317 1317
Jcu2 1321 1321
Eox1 1326 1326
Jkh5 1330 1330
Tgb2 1334 1334
Jxa5 1338 1338
Ocy6 1339 1339
P_t0 1340 1340
Cfd6 1343 1343
Pvr1 1348 1348
Tgg5 1350 1350
Gwl6 1353 1353
Vrw2 1355 1355
Zvi0 1358 1358
Twd1-Cf_8
Elq7-Jqr0
Cxo0-Gwl6
Dr_8-Tgg5
Uz_8-Cfd6
Spq2-Qit2
Plu3-P_t0
Qvs6-Jxa5
Anx1-K_q7
Hat1-Qze6
Zdl7-Coa5
H_o5-F__5
Vbu1-Bdb1
Fkg1-Tgb2
Ckj7-Eox1
Agb9-Zit5
Gi_6-Vz_4
O_r9-Dzz7
Oaa6-Cxx5
Hoo5-Vnu2
Qtf5-Rji0
Plu3-Kyl1
Vur9-Qsa6
Wht1-Bia8
Kft3-Cso9
Drj5-V_v2
Dru6-Pjy8
Bz_1-B_s2
Uxn8-Cwk7
N_o2-Eup6
Nnj3-U_y3
Eig8-Tdx6
Hat1-Pvz9
Kft3-Fj_7
Iyi9-Fcq4
Agb9-Iyi9
Kr_1-Agb9
Tec6-Kpo9
D_u2-Tec6
Qhn8-D_u2
Zgc6-Qhn8
Uho3-Zyl7
Ehm3-Nz_3
O_r9-Ehm3
Xze4-O_r9
Qtf5-Xze4
Gms8-Qtf5
Yfn2-Gms8
Att6-Dxk6
Jek4-Akp5
Vd_4-Jek4
Ppg6-G_v2
Row1-G_w3
Nwg6-Row1
Ab_1-Cmy2
Cxo0-Npi7
Hkh1-Cxo0
N_o2-Dux0
Zgr9-Gcv9
Wdk9-Mep8
Q_d2-Yri3
Exz1-Q_d2
Ziw7-Xvb5
Vby1-Ziw7
Dzs2-Vby1
Drt3-Dzs2
Mfj8-Bvp0
Vdo4-Kzi5
Kig3-Vdo4
Mnz5-Qt_2
Oru8-Mnz5
Ozk1-Oru8
Elq7-Ozk1
Fnf1-Elq7
Vab1-Qwf1
Ruo3-Rxm7
Gup5-Vpu9
Vw_2-Gup5
Kyy7-Vw_2
Twd1-Kyy7
Rlb9-Yjt3
Uk_1-Bqo3
Yrd0-Uk_1
Zmo4-Yrd0
Eqm2-Zmo4
Xot2-Eqm2
Cqs5-Dju3
Vmk5-Cqs5
Qrd0-Vmk5
Iaf1-Tdx6
Yn_0-Acu7
Mix3-Yn_0
Yxs6-Mix3
Dr_8-Qn_5
Uic8-Fbz9
Ynd7-Uic8
Kqd5-Svy5
T_j7-Ule9
Utg6-T_j7
C_x2-Kvb8
Fdk8-C_x2
Evj2-Kqj3
Nnh9-Ikw1
Wcm9-Nnh9
Wj_0-Wcm9
Yxk9-Wj_0
Ssb1-Yxk9
Nit3-Ssb1
Ofy4-Two2
Ram7-Ofy4
Vur9-Sjt2
Ye_5-Vur9
Ufh9-Xib1
Anx4-Ufh9
Chm1-Mhi9
Wcv8-Chm1
Nce8-Wcv8
Hhu4-Cis5
Sgs2-Hhu4
Dtw6-Sgs2
E_v2-Dtw6
Dru6-E_v2
Xey2-Dru6
Vli1-Xey2
Pj_5-Hux0
Get6-Pj_5
Exk1-Get6
Dot7-Myq2
Ezk6-Dot7
Zxl5-Ezk6
A__4-Zxl5
Vr_1-A__4
Wct2-Vr_1
Ruk1-Wct2
Fhc7-Ruk1
W_j1-Eyj6
U_z2-W_j1
Rhc2-U_z2
Cck2-Owe4
Qtq3-Cck2
Ghd0-Spr6
Hey6-Ghd0
Drg3-Hey6
S_i6-Drg3
Bkm4-Ari5
Eux0-Bkm4
Yve5-Eux0
Xt_1-Bxr0
Wos8-Xt_1
Ijt8-Xwy5
Mrr8-Kpd8
Ujx7-Mrr8
Iai8-Ujx7
Q_r9-Trw0
Uqy6-J_y1
Dex7-Uqy6
Hkh1-Dex7
Gyu6-Tdx6
Jk_0-Dv_0
Vnn7-Jk_0
Xfv1-Vnn7
Oug0-Xfv1
Hoo5-Oug0
Ek_7-Uxn8
Ttv4-Ek_7
Bap8-Ttv4
Vap7-Bap8
Mil3-Vbu1
Aks2-Bio3
Hpj3-Aks2
Anx1-Hpj3
Vej8-Anx1
Tgj9-Vej8
Mi_9-Icw0
Iwn1-Bz_6
Opq5-Iwn1
Uni1-Opq5
Mtv7-Uni1
Zkf1-Spq2
Ckj7-Zkf1
Zjr0-Ckj7
Bla0-Zjr0
Vko2-Tdx6
Udo0-Vko2
Sq_9-Udo0
Xpm2-Ov_2
Bht4-Xpm2
Kzv1-Exw4
S__5-Nzm2
Jxv5-S__5
Iz_2-Jxv5
Yga6-Iz_2
Djv2-Yga6
Mki2-Djv2
A_f0-Rak8
Hdg3-A_f0
J_v5-Hdg3
Ye_1-J_v5
Vcv4-Ye_1
Uag6-Saz3
Hsu6-Rwk8
Jnp6-Hsu6
Szw9-Cfj1
Pju6-Szw9
Hkh1-Pju6
Wva3-Tdx6
Mjk1-Bs_1
Tbv2-Mjk1
Ufz6-Aud9
Pkf3-Fla5
Plt4-Pkf3
Izl6-Plt4
Bqn7-Kul7
Avm7-Bqn7
Nln6-Yy_4
Byn4-Nln6
Bye5-Wht1
Oif6-Ffl2
Wmd2-Ocg2
Zyd3-Wmd2
Sxb8-D_e4
Wve2-Agb2
Del7-Rjr1
Hkh1-Del7
Bsr9-Ufk6
Rig5-Bsr9
Oew5-Rig5
We_5-Oew5
Kao5-X_u5
Sjm3-Kao5
Obt6-Sjm3
Vii0-Obt6
Isa9-Vii0
Jxg8-Dtp3
Beu1-W_d2
Hkh1-Kd_4
Vpw6-Tdx6
H_o5-Vpw6
Bvn3-Sx_7
Voa8-Bvn3
Zoj5-Voa8
Ijg4-Zoj5
Eyj2-Ijg4
Asm1-Plu3
O_f9-Asm1
T_o0-O_f9
Wkh4-T_o0
Yfj0-Aiq8
Huz0-Yfj0
Krx9-Wfz4
Io_0-Krx9
Iae4-Ot_1
I_n0-Owr6
Dec1-Xse1
Hkh1-Dec1
Xse1-Slh8
Slh8-Oji9
Oji9-Nnj3
Nnj3-Tkp0
Tkp0-Mxm6
Mxm6-I_n0
Owr6-Odo8
Odo8-Iae4
Ot_1-Io_0
Wfz4-Huz0
Aiq8-G_y6
G_y6-K_n1
K_n1-Tdx6
Hkh1-Mlg7
Mlg7-Wkh4
Plu3-Zg_7
Zg_7-Eyj2
Sx_7-Abz2
Abz2-H_o5
Kd_4-Slh0
Slh0-Beu1
W_d2-Emb2
Emb2-Jxg8
Dtp3-Isa9
X_u5-Tho2
Tho2-We_5
Ufk6-Tdx6
Rjr1-Wve2
Agb2-Jpk8
Jpk8-Oaa6
Oaa6-Sxb8
D_e4-Zyd3
Ocg2-Oif6
Ffl2-Omv8
Omv8-Bye5
Wht1-Drj5
Drj5-Tdx6
Hkh1-Cnl8
Cnl8-Byn4
Yy_4-Jis1
Jis1-Avm7
Kul7-Izl6
Fla5-Ufz6
Aud9-Bty5
Bty5-Tbv2
Bs_1-Wva3
Cfj1-Jnp6
Rwk8-Ysl1
Ysl1-Uz_8
Uz_8-Mxb4
Mxb4-Uag6
Saz3-Vcv4
Rak8-Ezk3
Ezk3-Tdx6
Hkh1-Bcc5
Bcc5-Kby4
Kby4-Mki2
Nzm2-Kzv1
Exw4-Bht4
Ov_2-Sq_9
Hkh1-Bla0
Spq2-Gi_6
Gi_6-Nww9
Nww9-Mwj8
Mwj8-I_h1
I_h1-Mtv7
Bz_6-Wzp1
Wzp1-Fdi0
Fdi0-Mi_9
Icw0-Okh7
Okh7-Qf_6
Qf_6-Ncg8
Ncg8-Pep4
Pep4-Czo6
Czo6-Tdx6
Hkh1-Tgj9
Bio3-M_m7
M_m7-Mil3
Vbu1-Vap7
Uxn8-Hoo5
Dv_0-Gyu6
J_y1-Q_r9
Trw0-Sfo0
Sfo0-Owr9
Owr9-Uxd0
Uxd0-Iai8
Kpd8-Ijt8
Xwy5-Wos8
Bxr0-Tdx6
Hkh1-Obf0
Obf0-Uki0
Uki0-Fxc1
Fxc1-Yve5
Ari5-Dr_5
Dr_5-S_i6
Spr6-Qtq3
Owe4-Mdt2
Mdt2-Rhc2
Eyj6-Fbo0
Fbo0-Ozy0
Ozy0-Fhc7
Myq2-Exk1
Hux0-Ubt9
Ubt9-Vli1
Cis5-Bki6
Bki6-Tdx6
Hkh1-Dkd2
Dkd2-Nce8
Mhi9-Gqw6
Gqw6-Anx4
Xib1-Jkt8
Jkt8-Cba5
Cba5-Ye_5
Sjt2-Csf5
Csf5-Zmo6
Zmo6-Ram7
Two2-Dhg8
Dhg8-Nit3
Ikw1-Evj2
Kqj3-Eyu1
Eyu1-Zsu7
Zsu7-Ve_5
Ve_5-Fdk8
Kvb8-Fkg1
Fkg1-Utg6
Ule9-Yrg7
Yrg7-Bz_1
Bz_1-Kqd5
Svy5-Ynd7
Fbz9-Dr_8
Qn_5-Yxs6
Acu7-Iaf1
Hkh1-Jfa7
Jfa7-Qrd0
Dju3-Xot2
Bqo3-Rlb9
Yjt3-Qvs6
Qvs6-Twd1
Vpu9-Ruo3
Rxm7-Uav1
Uav1-Vab1
Qwf1-Qdu8
Qdu8-Ctw7
Ctw7-Fnf1
Qt_2-Kig3
Kzi5-Huy2
Huy2-Mfj8
Bvp0-Drt3
Xvb5-Exz1
Yri3-Wdk9
Mep8-Zgr9
Gcv9-N_o2
Dux0-Jka3
Jka3-Tdx6
Npi7-I_f0
I_f0-Ab_1
Cmy2-Nwg6
G_w3-Ppg6
G_v2-Sln1
Sln1-Vd_4
Akp5-Tlo8
Tlo8-Att6
Dxk6-Xuw5
Xuw5-Yfn2
Nz_3-Sxu0
Sxu0-Uho3
Zyl7-Zgc6
Kpo9-Jak5
Jak5-Txt0
Txt0-Sqv1
Sqv1-Gry9
Gry9-Kr_1
Fcq4-Kft3
Fj_7-Hat1
Pvz9-Eig8
Uho3-Wgi0
Owr6-Xyj7
Bvn3-Wk_3
Rak8-P__4
Jxg8-Ars8
Ars8-Ayy5
Yn_0-Zdl7
Vpu9-Zrt0
Asm1-Fey7
Bsr9-Ywn6
Dv_0-Dvu3
Cnl8-Gn_8
Ctw7-M_f3
Ttv4-Bwd4
T_j7-V_y1
D_e4-Ppr1
We_5-Bov3
Dex7-Owv3
Eqm2-Wlp3
Xfv1-Pve2
Vby1-Jcu2
Uz_8-Jkh5
Xse1-Osk7
Oji9-Fbm3
Jkt8-Vdt8
Dzz7-Ocy6
Jcu2-Zyw4
Wgi0-Osy0
Nce8-Hcm5
Ppg6-Cbo8
Uxd0-Pvr1
Aud9-Fao6
Ppg6-Ktj8
Zgr9-Vrw2
Iwn1-Xfs7
Jxg8-Zvi0
Ezk6-Wry2
#Here is the number of lines required: 29

L1-Tgj9 L2-Dec1 L3-Cnl8 L4-Kd_4 L5-Pju6 L6-Bcc5 L7-Del7 L8-Dex7 L9-Mlg7
L1-Vej8 L10-Tgj9 L2-Xse1 L11-Dec1 L3-Byn4 L12-Cnl8 L4-Slh0 L13-Kd_4 L5-Szw9 L14-Pju6 L6-Kby4 L15-Bcc5 L7-Rjr1 L16-Del7 L8-Uqy6 L17-Dex7 L9-Wkh4 L18-Mlg7
L1-Anx1 L10-Vej8 L19-Tgj9 L2-Slh8 L11-Xse1 L20-Dec1 L3-Nln6 L12-Byn4 L21-Cnl8 L4-Beu1 L13-Slh0 L22-Kd_4 L5-Cfj1 L14-Szw9 L23-Pju6 L6-Mki2 L15-Kby4 L24-Bcc5 L7-Wve2 L16-Rjr1 L25-Del7 L8-J_y1 L17-Uqy6 L26-Dex7 L9-T_o0 L18-Wkh4 L27-Mlg7
L1-Hpj3 L10-Anx1 L19-Vej8 L28-Tgj9 L2-Oji9 L11-Slh8 L20-Xse1 L29-Dec1 L3-Yy_4 L12-Nln6 L21-Byn4 L30-Cnl8 L4-W_d2 L13-Beu1 L22-Slh0 L31-Kd_4 L5-Jnp6 L14-Cfj1 L23-Szw9 L32-Pju6 L6-Djv2 L15-Mki2 L24-Kby4 L33-Bcc5 L7-Agb2 L16-Wve2 L25-Rjr1 L34-Del7 L8-Q_r9 L17-J_y1 L26-Uqy6 L35-Dex7 L9-O_f9 L18-T_o0 L27-Wkh4 L36-Mlg7
L1-Aks2 L10-Hpj3 L19-Anx1 L28-Vej8 L37-Tgj9 L2-Nnj3 L11-Oji9 L20-Slh8 L29-Xse1 L38-Dec1 L3-Jis1 L12-Yy_4 L21-Nln6 L30-Byn4 L39-Cnl8 L4-Emb2 L13-W_d2 L22-Beu1 L31-Slh0 L40-Kd_4 L5-Hsu6 L14-Jnp6 L23-Cfj1 L32-Szw9 L41-Pju6 L6-Yga6 L15-Djv2 L24-Mki2 L33-Kby4 L42-Bcc5 L7-Jpk8 L16-Agb2 L25-Wve2 L34-Rjr1 L43-Del7 L8-Trw0 L17-Q_r9 L26-J_y1 L35-Uqy6 L44-Dex7 L9-Asm1 L18-O_f9 L27-T_o0 L36-Wkh4 L45-Mlg7
L1-Bio3 L10-Aks2 L19-Hpj3 L28-Anx1 L37-Vej8 L46-Tgj9 L2-Tkp0 L11-Nnj3 L20-Oji9 L29-Slh8 L38-Xse1 L47-Dec1 L3-Avm7 L12-Jis1 L21-Yy_4 L30-Nln6 L39-Byn4 L48-Cnl8 L4-Jxg8 L13-Emb2 L22-W_d2 L31-Beu1 L40-Slh0 L49-Kd_4 L5-Rwk8 L14-Hsu6 L23-Jnp6 L32-Cfj1 L41-Szw9 L50-Pju6 L6-Iz_2 L15-Yga6 L24-Djv2 L33-Mki2 L42-Kby4 L51-Bcc5 L7-Oaa6 L16-Jpk8 L25-Agb2 L34-Wve2 L43-Rjr1 L52-Del7 L8-Sfo0 L17-Trw0 L26-Q_r9 L35-J_y1 L44-Uqy6 L53-Dex7 L9-Plu3 L18-Asm1 L27-O_f9 L36-T_o0 L45-Wkh4 L54-Mlg7
L1-M_m7 L10-Bio3 L19-Aks2 L28-Hpj3 L37-Anx1 L46-Vej8 L55-Tgj9 L2-Mxm6 L11-Tkp0 L20-Nnj3 L29-Oji9 L38-Slh8 L47-Xse1 L56-Dec1 L3-Bqn7 L12-Avm7 L21-Jis1 L30-Yy_4 L39-Nln6 L48-Byn4 L57-Cnl8 L4-Dtp3 L13-Jxg8 L22-Emb2 L31-W_d2 L40-Beu1 L49-Slh0 L58-Kd_4 L5-Ysl1 L14-Rwk8 L23-Hsu6 L32-Jnp6 L41-Cfj1 L50-Szw9 L59-Pju6 L6-Jxv5 L15-Iz_2 L24-Yga6 L33-Djv2 L42-Mki2 L51-Kby4 L60-Bcc5 L7-Sxb8 L16-Oaa6 L25-Jpk8 L34-Agb2 L43-Wve2 L52-Rjr1 L61-Del7 L8-Owr9 L17-Sfo0 L26-Trw0 L35-Q_r9 L44-J_y1 L53-Uqy6 L62-Dex7 L9-Zg_7 L18-Plu3 L27-Asm1 L36-O_f9 L45-T_o0 L54-Wkh4 L63-Mlg7
L1-Mil3 L10-M_m7 L19-Bio3 L28-Aks2 L37-Hpj3 L46-Anx1 L55-Vej8 L64-Tgj9 L2-I_n0 L11-Mxm6 L20-Tkp0 L29-Nnj3 L38-Oji9 L47-Slh8 L56-Xse1 L65-Dec1 L3-Kul7 L12-Bqn7 L21-Avm7 L30-Jis1 L39-Yy_4 L48-Nln6 L57-Byn4 L66-Cnl8 L4-Isa9 L13-Dtp3 L22-Jxg8 L31-Emb2 L40-W_d2 L49-Beu1 L58-Slh0 L67-Kd_4 L5-Uz_8 L14-Ysl1 L23-Rwk8 L32-Hsu6 L41-Jnp6 L50-Cfj1 L59-Szw9 L68-Pju6 L6-S__5 L15-Jxv5 L24-Iz_2 L33-Yga6 L42-Djv2 L51-Mki2 L60-Kby4 L69-Bcc5 L7-D_e4 L16-Sxb8 L25-Oaa6 L34-Jpk8 L43-Agb2 L52-Wve2 L61-Rjr1 L70-Del7 L8-Uxd0 L17-Owr9 L26-Sfo0 L35-Trw0 L44-Q_r9 L53-J_y1 L62-Uqy6 L71-Dex7 L9-Eyj2 L18-Zg_7 L27-Plu3 L36-Asm1 L45-O_f9 L54-T_o0 L63-Wkh4 L72-Mlg7
L1-Vbu1 L10-Mil3 L19-M_m7 L28-Bio3 L37-Aks2 L46-Hpj3 L55-Anx1 L64-Vej8 L73-Tgj9 L2-Owr6 L11-I_n0 L20-Mxm6 L29-Tkp0 L38-Nnj3 L47-Oji9 L56-Slh8 L65-Xse1 L74-Dec1 L3-Izl6 L12-Kul7 L21-Bqn7 L30-Avm7 L39-Jis1 L48-Yy_4 L57-Nln6 L66-Byn4 L75-Cnl8 L4-Vii0 L13-Isa9 L22-Dtp3 L31-Jxg8 L40-Emb2 L49-W_d2 L58-Beu1 L67-Slh0 L76-Kd_4 L5-Mxb4 L14-Uz_8 L23-Ysl1 L32-Rwk8 L41-Hsu6 L50-Jnp6 L59-Cfj1 L68-Szw9 L77-Pju6 L6-Nzm2 L15-S__5 L24-Jxv5 L33-Iz_2 L42-Yga6 L51-Djv2 L60-Mki2 L69-Kby4 L78-Bcc5 L7-Zyd3 L16-D_e4 L25-Sxb8 L34-Oaa6 L43-Jpk8 L52-Agb2 L61-Wve2 L70-Rjr1 L79-Del7 L8-Iai8 L17-Uxd0 L26-Owr9 L35-Sfo0 L44-Trw0 L53-Q_r9 L62-J_y1 L71-Uqy6 L80-Dex7 L9-Ijg4 L18-Eyj2 L27-Zg_7 L36-Plu3 L45-Asm1 L54-O_f9 L63-T_o0 L72-Wkh4 L81-Mlg7
L1-Vap7 L10-Vbu1 L19-Mil3 L28-M_m7 L37-Bio3 L46-Aks2 L55-Hpj3 L64-Anx1 L73-Vej8 L2-Odo8 L11-Owr6 L20-I_n0 L29-Mxm6 L38-Tkp0 L47-Nnj3 L56-Oji9 L65-Slh8 L74-Xse1 L82-Dec1 L3-Plt4 L12-Izl6 L21-Kul7 L30-Bqn7 L39-Avm7 L48-Jis1 L57-Yy_4 L66-Nln6 L75-Byn4 L83-Cnl8 L4-Obt6 L13-Vii0 L22-Isa9 L31-Dtp3 L40-Jxg8 L49-Emb2 L58-W_d2 L67-Beu1 L76-Slh0 L84-Kd_4 L5-Uag6 L14-Mxb4 L23-Uz_8 L32-Ysl1 L41-Rwk8 L50-Hsu6 L59-Jnp6 L68-Cfj1 L77-Szw9 L85-Pju6 L6-Kzv1 L15-Nzm2 L24-S__5 L33-Jxv5 L42-Iz_2 L51-Yga6 L60-Djv2 L69-Mki2 L78-Kby4 L86-Bcc5 L7-Wmd2 L16-Zyd3 L25-D_e4 L34-Sxb8 L43-Oaa6 L52-Jpk8 L61-Agb2 L70-Wve2 L79-Rjr1 L87-Del7 L8-Ujx7 L17-Iai8 L26-Uxd0 L35-Owr9 L44-Sfo0 L53-Trw0 L62-Q_r9 L71-J_y1 L80-Uqy6 L88-Dex7 L9-Zoj5 L18-Ijg4 L27-Eyj2 L36-Zg_7 L45-Plu3 L54-Asm1 L63-O_f9 L72-T_o0 L81-Wkh4 L89-Mlg7
L1-Bap8 L10-Vap7 L19-Vbu1 L28-Mil3 L37-M_m7 L46-Bio3 L55-Aks2 L64-Hpj3 L73-Anx1 L2-Iae4 L11-Odo8 L20-Owr6 L29-I_n0 L38-Mxm6 L47-Tkp0 L56-Nnj3 L65-Oji9 L74-Slh8 L82-Xse1 L3-Pkf3 L12-Plt4 L21-Izl6 L30-Kul7 L39-Bqn7 L48-Avm7 L57-Jis1 L66-Yy_4 L75-Nln6 L83-Byn4 L4-Sjm3 L13-Obt6 L22-Vii0 L31-Isa9 L40-Dtp3 L49-Jxg8 L58-Emb2 L67-W_d2 L76-Beu1 L84-Slh0 L5-Saz3 L14-Uag6 L23-Mxb4 L32-Uz_8 L41-Ysl1 L50-Rwk8 L59-Hsu6 L68-Jnp6 L77-Cfj1 L85-Szw9 L6-Exw4 L15-Kzv1 L24-Nzm2 L33-S__5 L42-Jxv5 L51-Iz_2 L60-Yga6 L69-Djv2 L78-Mki2 L86-Kby4 L7-Ocg2 L16-Wmd2 L25-Zyd3 L34-D_e4 L43-Sxb8 L52-Oaa6 L61-Jpk8 L70-Agb2 L79-Wve2 L87-Rjr1 L8-Mrr8 L17-Ujx7 L26-Iai8 L35-Uxd0 L44-Owr9 L53-Sfo0 L62-Trw0 L71-Q_r9 L80-J_y1 L88-Uqy6 L9-Voa8 L18-Zoj5 L27-Ijg4 L36-Eyj2 L45-Zg_7 L54-Plu3 L63-Asm1 L72-O_f9 L81-T_o0 L89-Wkh4
L1-Ttv4 L10-Bap8 L19-Vap7 L28-Vbu1 L37-Mil3 L46-M_m7 L55-Bio3 L64-Aks2 L73-Hpj3 L2-Ot_1 L11-Iae4 L20-Odo8 L29-Owr6 L38-I_n0 L47-Mxm6 L56-Tkp0 L65-Nnj3 L74-Oji9 L82-Slh8 L3-Fla5 L12-Pkf3 L21-Plt4 L30-Izl6 L39-Kul7 L48-Bqn7 L57-Avm7 L66-Jis1 L75-Yy_4 L83-Nln6 L4-Kao5 L13-Sjm3 L22-Obt6 L31-Vii0 L40-Isa9 L49-Dtp3 L58-Jxg8 L67-Emb2 L76-W_d2 L84-Beu1 L5-Vcv4 L14-Saz3 L23-Uag6 L32-Mxb4 L41-Uz_8 L50-Ysl1 L59-Rwk8 L68-Hsu6 L77-Jnp6 L85-Cfj1 L6-Bht4 L15-Exw4 L24-Kzv1 L33-Nzm2 L42-S__5 L51-Jxv5 L60-Iz_2 L69-Yga6 L78-Djv2 L86-Mki2 L7-Oif6 L16-Ocg2 L25-Wmd2 L34-Zyd3 L43-D_e4 L52-Sxb8 L61-Oaa6 L70-Jpk8 L79-Agb2 L87-Wve2 L8-Kpd8 L17-Mrr8 L26-Ujx7 L35-Iai8 L44-Uxd0 L53-Owr9 L62-Sfo0 L71-Trw0 L80-Q_r9 L88-J_y1 L9-Bvn3 L18-Voa8 L27-Zoj5 L36-Ijg4 L45-Eyj2 L54-Zg_7 L63-Plu3 L72-Asm1 L81-O_f9 L89-T_o0
L1-Ek_7 L10-Ttv4 L19-Bap8 L28-Vap7 L37-Vbu1 L46-Mil3 L55-M_m7 L64-Bio3 L73-Aks2 L2-Io_0 L11-Ot_1 L20-Iae4 L29-Odo8 L38-Owr6 L47-I_n0 L56-Mxm6 L65-Tkp0 L74-Nnj3 L82-Oji9 L3-Ufz6 L12-Fla5 L21-Pkf3 L30-Plt4 L39-Izl6 L48-Kul7 L57-Bqn7 L66-Avm7 L75-Jis1 L83-Yy_4 L4-X_u5 L13-Kao5 L22-Sjm3 L31-Obt6 L40-Vii0 L49-Isa9 L58-Dtp3 L67-Jxg8 L76-Emb2 L84-W_d2 L5-Ye_1 L14-Vcv4 L23-Saz3 L32-Uag6 L41-Mxb4 L50-Uz_8 L59-Ysl1 L68-Rwk8 L77-Hsu6 L85-Jnp6 L6-Xpm2 L15-Bht4 L24-Exw4 L33-Kzv1 L42-Nzm2 L51-S__5 L60-Jxv5 L69-Iz_2 L78-Yga6 L86-Djv2 L7-Ffl2 L16-Oif6 L25-Ocg2 L34-Wmd2 L43-Zyd3 L52-D_e4 L61-Sxb8 L70-Oaa6 L79-Jpk8 L87-Agb2 L8-Ijt8 L17-Kpd8 L26-Mrr8 L35-Ujx7 L44-Iai8 L53-Uxd0 L62-Owr9 L71-Sfo0 L80-Trw0 L88-Q_r9 L9-Sx_7 L18-Bvn3 L27-Voa8 L36-Zoj5 L45-Ijg4 L54-Eyj2 L63-Zg_7 L72-Plu3 L81-Asm1 L89-O_f9
L1-Uxn8 L10-Ek_7 L19-Ttv4 L28-Bap8 L37-Vap7 L46-Vbu1 L55-Mil3 L64-M_m7 L73-Bio3 L2-Krx9 L11-Io_0 L20-Ot_1 L29-Iae4 L38-Odo8 L47-Owr6 L56-I_n0 L65-Mxm6 L74-Tkp0 L82-Nnj3 L3-Aud9 L12-Ufz6 L21-Fla5 L30-Pkf3 L39-Plt4 L48-Izl6 L57-Kul7 L66-Bqn7 L75-Avm7 L83-Jis1 L4-Tho2 L13-X_u5 L22-Kao5 L31-Sjm3 L40-Obt6 L49-Vii0 L58-Isa9 L67-Dtp3 L76-Jxg8 L84-Emb2 L5-J_v5 L14-Ye_1 L23-Vcv4 L32-Saz3 L41-Uag6 L50-Mxb4 L59-Uz_8 L68-Ysl1 L77-Rwk8 L85-Hsu6 L6-Ov_2 L15-Xpm2 L24-Bht4 L33-Exw4 L42-Kzv1 L51-Nzm2 L60-S__5 L69-Jxv5 L78-Iz_2 L86-Yga6 L7-Omv8 L16-Ffl2 L25-Oif6 L34-Ocg2 L43-Wmd2 L52-Zyd3 L61-D_e4 L70-Sxb8 L79-Oaa6 L87-Jpk8 L8-Xwy5 L17-Ijt8 L26-Kpd8 L35-Mrr8 L44-Ujx7 L53-Iai8 L62-Uxd0 L71-Owr9 L80-Sfo0 L88-Trw0 L9-Abz2 L18-Sx_7 L27-Bvn3 L36-Voa8 L45-Zoj5 L54-Ijg4 L63-Eyj2 L72-Zg_7 L81-Plu3 L89-Asm1
L1-Hoo5 L10-Uxn8 L19-Ek_7 L28-Ttv4 L37-Bap8 L46-Vap7 L55-Vbu1 L64-Mil3 L73-M_m7 L2-Wfz4 L11-Krx9 L20-Io_0 L29-Ot_1 L38-Iae4 L47-Odo8 L56-Owr6 L65-I_n0 L74-Mxm6 L82-Tkp0 L3-Bty5 L12-Aud9 L21-Ufz6 L30-Fla5 L39-Pkf3 L48-Plt4 L57-Izl6 L66-Kul7 L75-Bqn7 L83-Avm7 L4-We_5 L13-Tho2 L22-X_u5 L31-Kao5 L40-Sjm3 L49-Obt6 L58-Vii0 L67-Isa9 L76-Dtp3 L84-Jxg8 L5-Hdg3 L14-J_v5 L23-Ye_1 L32-Vcv4 L41-Saz3 L50-Uag6 L59-Mxb4 L68-Uz_8 L77-Ysl1 L85-Rwk8 L6-Sq_9 L15-Ov_2 L24-Xpm2 L33-Bht4 L42-Exw4 L51-Kzv1 L60-Nzm2 L69-S__5 L78-Jxv5 L86-Iz_2 L7-Bye5 L16-Omv8 L25-Ffl2 L34-Oif6 L43-Ocg2 L52-Wmd2 L61-Zyd3 L70-D_e4 L79-Sxb8 L87-Oaa6 L8-Wos8 L17-Xwy5 L26-Ijt8 L35-Kpd8 L44-Mrr8 L53-Ujx7 L62-Iai8 L71-Uxd0 L80-Owr9 L88-Sfo0 L9-H_o5 L18-Abz2 L27-Sx_7 L36-Bvn3 L45-Voa8 L54-Zoj5 L63-Ijg4 L72-Eyj2 L81-Zg_7 L89-Plu3
L1-Oug0 L10-Hoo5 L19-Uxn8 L28-Ek_7 L37-Ttv4 L46-Bap8 L55-Vap7 L64-Vbu1 L73-Mil3 L2-Huz0 L11-Wfz4 L20-Krx9 L29-Io_0 L38-Ot_1 L47-Iae4 L56-Odo8 L65-Owr6 L74-I_n0 L82-Mxm6 L3-Tbv2 L12-Bty5 L21-Aud9 L30-Ufz6 L39-Fla5 L48-Pkf3 L57-Plt4 L66-Izl6 L75-Kul7 L83-Bqn7 L4-Oew5 L13-We_5 L22-Tho2 L31-X_u5 L40-Kao5 L49-Sjm3 L58-Obt6 L67-Vii0 L76-Isa9 L84-Dtp3 L5-A_f0 L14-Hdg3 L23-J_v5 L32-Ye_1 L41-Vcv4 L50-Saz3 L59-Uag6 L68-Mxb4 L77-Uz_8 L85-Ysl1 L6-Udo0 L15-Sq_9 L24-Ov_2 L33-Xpm2 L42-Bht4 L51-Exw4 L60-Kzv1 L69-Nzm2 L78-S__5 L86-Jxv5 L7-Wht1 L16-Bye5 L25-Omv8 L34-Ffl2 L43-Oif6 L52-Ocg2 L61-Wmd2 L70-Zyd3 L79-D_e4 L87-Sxb8 L8-Xt_1 L17-Wos8 L26-Xwy5 L35-Ijt8 L44-Kpd8 L53-Mrr8 L62-Ujx7 L71-Iai8 L80-Uxd0 L88-Owr9 L9-Vpw6 L18-H_o5 L27-Abz2 L36-Sx_7 L45-Bvn3 L54-Voa8 L63-Zoj5 L72-Ijg4 L81-Eyj2 L89-Zg_7
L1-Xfv1 L10-Oug0 L19-Hoo5 L28-Uxn8 L37-Ek_7 L46-Ttv4 L55-Bap8 L64-Vap7 L73-Vbu1 L2-Yfj0 L11-Huz0 L20-Wfz4 L29-Krx9 L38-Io_0 L47-Ot_1 L56-Iae4 L65-Odo8 L74-Owr6 L82-I_n0 L3-Mjk1 L12-Tbv2 L21-Bty5 L30-Aud9 L39-Ufz6 L48-Fla5 L57-Pkf3 L66-Plt4 L75-Izl6 L83-Kul7 L4-Rig5 L13-Oew5 L22-We_5 L31-Tho2 L40-X_u5 L49-Kao5 L58-Sjm3 L67-Obt6 L76-Vii0 L84-Isa9 L5-Rak8 L14-A_f0 L23-Hdg3 L32-J_v5 L41-Ye_1 L50-Vcv4 L59-Saz3 L68-Uag6 L77-Mxb4 L85-Uz_8 L6-Vko2 L15-Udo0 L24-Sq_9 L33-Ov_2 L42-Xpm2 L51-Bht4 L60-Exw4 L69-Kzv1 L78-Nzm2 L86-S__5 L7-Drj5 L16-Wht1 L25-Bye5 L34-Omv8 L43-Ffl2 L52-Oif6 L61-Ocg2 L70-Wmd2 L79-Zyd3 L87-D_e4 L8-Bxr0 L17-Xt_1 L26-Wos8 L35-Xwy5 L44-Ijt8 L53-Kpd8 L62-Mrr8 L71-Ujx7 L80-Iai8 L88-Uxd0 L9-Tdx6 L18-Vpw6 L27-H_o5 L36-Abz2 L45-Sx_7 L54-Bvn3 L63-Voa8 L72-Zoj5 L81-Ijg4 L89-Eyj2
L1-Vnn7 L10-Xfv1 L19-Oug0 L28-Hoo5 L37-Uxn8 L46-Ek_7 L55-Ttv4 L64-Bap8 L73-Vap7 L2-Aiq8 L11-Yfj0 L20-Huz0 L29-Wfz4 L38-Krx9 L47-Io_0 L56-Ot_1 L65-Iae4 L74-Odo8 L82-Owr6 L3-Bs_1 L12-Mjk1 L21-Tbv2 L30-Bty5 L39-Aud9 L48-Ufz6 L57-Fla5 L66-Pkf3 L75-Plt4 L83-Izl6 L4-Bsr9 L13-Rig5 L22-Oew5 L31-We_5 L40-Tho2 L49-X_u5 L58-Kao5 L67-Sjm3 L76-Obt6 L84-Vii0 L5-Ezk3 L14-Rak8 L23-A_f0 L32-Hdg3 L41-J_v5 L50-Ye_1 L59-Vcv4 L68-Saz3 L77-Uag6 L85-Mxb4 L6-Tdx6 L15-Vko2 L24-Udo0 L33-Sq_9 L42-Ov_2 L51-Xpm2 L60-Bht4 L69-Exw4 L78-Kzv1 L86-Nzm2 L7-Tdx6 L16-Drj5 L25-Wht1 L34-Bye5 L43-Omv8 L52-Ffl2 L61-Oif6 L70-Ocg2 L79-Wmd2 L87-Zyd3 L8-Tdx6 L17-Bxr0 L26-Xt_1 L35-Wos8 L44-Xwy5 L53-Ijt8 L62-Kpd8 L71-Mrr8 L80-Ujx7 L88-Iai8 L18-Tdx6 L27-Vpw6 L36-H_o5 L45-Abz2 L54-Sx_7 L63-Bvn3 L72-Voa8 L81-Zoj5 L89-Ijg4
L1-Jk_0 L10-Vnn7 L19-Xfv1 L28-Oug0 L37-Hoo5 L46-Uxn8 L55-Ek_7 L64-Ttv4 L73-Bap8 L2-G_y6 L11-Aiq8 L20-Yfj0 L29-Huz0 L38-Wfz4 L47-Krx9 L56-Io_0 L65-Ot_1 L74-Iae4 L82-Odo8 L3-Wva3 L12-Bs_1 L21-Mjk1 L30-Tbv2 L39-Bty5 L48-Aud9 L57-Ufz6 L66-Fla5 L75-Pkf3 L83-Plt4 L4-Ufk6 L13-Bsr9 L22-Rig5 L31-Oew5 L40-We_5 L49-Tho2 L58-X_u5 L67-Kao5 L76-Sjm3 L84-Obt6 L5-Tdx6 L14-Ezk3 L23-Rak8 L32-A_f0 L41-Hdg3 L50-J_v5 L59-Ye_1 L68-Vcv4 L77-Saz3 L85-Uag6 L15-Tdx6 L24-Vko2 L33-Udo0 L42-Sq_9 L51-Ov_2 L60-Xpm2 L69-Bht4 L78-Exw4 L86-Kzv1 L16-Tdx6 L25-Drj5 L34-Wht1 L43-Bye5 L52-Omv8 L61-Ffl2 L70-Oif6 L79-Ocg2 L87-Wmd2 L17-Tdx6 L26-Bxr0 L35-Xt_1 L44-Wos8 L53-Xwy5 L62-Ijt8 L71-Kpd8 L80-Mrr8 L88-Ujx7 L27-Tdx6 L36-Vpw6 L45-H_o5 L54-Abz2 L63-Sx_7 L72-Bvn3 L81-Voa8 L89-Zoj5
L1-Dv_0 L10-Jk_0 L19-Vnn7 L28-Xfv1 L37-Oug0 L46-Hoo5 L55-Uxn8 L64-Ek_7 L73-Ttv4 L2-K_n1 L11-G_y6 L20-Aiq8 L29-Yfj0 L38-Huz0 L47-Wfz4 L56-Krx9 L65-Io_0 L74-Ot_1 L82-Iae4 L3-Tdx6 L12-Wva3 L21-Bs_1 L30-Mjk1 L39-Tbv2 L48-Bty5 L57-Aud9 L66-Ufz6 L75-Fla5 L83-Pkf3 L4-Tdx6 L13-Ufk6 L22-Bsr9 L31-Rig5 L40-Oew5 L49-We_5 L58-Tho2 L67-X_u5 L76-Kao5 L84-Sjm3 L14-Tdx6 L23-Ezk3 L32-Rak8 L41-A_f0 L50-Hdg3 L59-J_v5 L68-Ye_1 L77-Vcv4 L85-Saz3 L24-Tdx6 L33-Vko2 L42-Udo0 L51-Sq_9 L60-Ov_2 L69-Xpm2 L78-Bht4 L86-Exw4 L25-Tdx6 L34-Drj5 L43-Wht1 L52-Bye5 L61-Omv8 L70-Ffl2 L79-Oif6 L87-Ocg2 L26-Tdx6 L35-Bxr0 L44-Xt_1 L53-Wos8 L62-Xwy5 L71-Ijt8 L80-Kpd8 L88-Mrr8 L36-Tdx6 L45-Vpw6 L54-H_o5 L63-Abz2 L72-Sx_7 L81-Bvn3 L89-Voa8
L1-Gyu6 L10-Dv_0 L19-Jk_0 L28-Vnn7 L37-Xfv1 L46-Oug0 L55-Hoo5 L64-Uxn8 L73-Ek_7 L2-Tdx6 L11-K_n1 L20-G_y6 L29-Aiq8 L38-Yfj0 L47-Huz0 L56-Wfz4 L65-Krx9 L74-Io_0 L82-Ot_1 L12-Tdx6 L21-Wva3 L30-Bs_1 L39-Mjk1 L48-Tbv2 L57-Bty5 L66-Aud9 L75-Ufz6 L83-Fla5 L13-Tdx6 L22-Ufk6 L31-Bsr9 L40-Rig5 L49-Oew5 L58-We_5 L67-Tho2 L76-X_u5 L84-Kao5 L23-Tdx6 L32-Ezk3 L41-Rak8 L50-A_f0 L59-Hdg3 L68-J_v5 L77-Ye_1 L85-Vcv4 L33-Tdx6 L42-Vko2 L51-Udo0 L60-Sq_9 L69-Ov_2 L78-Xpm2 L86-Bht4 L34-Tdx6 L43-Drj5 L52-Wht1 L61-Bye5 L70-Omv8 L79-Ffl2 L87-Oif6 L35-Tdx6 L44-Bxr0 L53-Xt_1 L62-Wos8 L71-Xwy5 L80-Ijt8 L88-Kpd8 L45-Tdx6 L54-Vpw6 L63-H_o5 L72-Abz2 L81-Sx_7 L89-Bvn3
L1-Tdx6 L10-Gyu6 L19-Dv_0 L28-Jk_0 L37-Vnn7 L46-Xfv1 L55-Oug0 L64-Hoo5 L73-Uxn8 L11-Tdx6 L20-K_n1 L29-G_y6 L38-Aiq8 L47-Yfj0 L56-Huz0 L65-Wfz4 L74-Krx9 L82-Io_0 L21-Tdx6 L30-Wva3 L39-Bs_1 L48-Mjk1 L57-Tbv2 L66-Bty5 L75-Aud9 L83-Ufz6 L22-Tdx6 L31-Ufk6 L40-Bsr9 L49-Rig5 L58-Oew5 L67-We_5 L76-Tho2 L84-X_u5 L32-Tdx6 L41-Ezk3 L50-Rak8 L59-A_f0 L68-Hdg3 L77-J_v5 L85-Ye_1 L42-Tdx6 L51-Vko2 L60-Udo0 L69-Sq_9 L78-Ov_2 L86-Xpm2 L43-Tdx6 L52-Drj5 L61-Wht1 L70-Bye5 L79-Omv8 L87-Ffl2 L44-Tdx6 L53-Bxr0 L62-Xt_1 L71-Wos8 L80-Xwy5 L88-Ijt8 L54-Tdx6 L63-Vpw6 L72-H_o5 L81-Abz2 L89-Sx_7
L10-Tdx6 L19-Gyu6 L28-Dv_0 L37-Jk_0 L46-Vnn7 L55-Xfv1 L64-Oug0 L73-Hoo5 L20-Tdx6 L29-K_n1 L38-G_y6 L47-Aiq8 L56-Yfj0 L65-Huz0 L74-Wfz4 L82-Krx9 L30-Tdx6 L39-Wva3 L48-Bs_1 L57-Mjk1 L66-Tbv2 L75-Bty5 L83-Aud9 L31-Tdx6 L40-Ufk6 L49-Bsr9 L58-Rig5 L67-Oew5 L76-We_5 L84-Tho2 L41-Tdx6 L50-Ezk3 L59-Rak8 L68-A_f0 L77-Hdg3 L85-J_v5 L51-Tdx6 L60-Vko2 L69-Udo0 L78-Sq_9 L86-Ov_2 L52-Tdx6 L61-Drj5 L70-Wht1 L79-Bye5 L87-Omv8 L53-Tdx6 L62-Bxr0 L71-Xt_1 L80-Wos8 L88-Xwy5 L63-Tdx6 L72-Vpw6 L81-H_o5 L89-Abz2
L19-Tdx6 L28-Gyu6 L37-Dv_0 L46-Jk_0 L55-Vnn7 L64-Xfv1 L73-Oug0 L29-Tdx6 L38-K_n1 L47-G_y6 L56-Aiq8 L65-Yfj0 L74-Huz0 L82-Wfz4 L39-Tdx6 L48-Wva3 L57-Bs_1 L66-Mjk1 L75-Tbv2 L83-Bty5 L40-Tdx6 L49-Ufk6 L58-Bsr9 L67-Rig5 L76-Oew5 L84-We_5 L50-Tdx6 L59-Ezk3 L68-Rak8 L77-A_f0 L85-Hdg3 L60-Tdx6 L69-Vko2 L78-Udo0 L86-Sq_9 L61-Tdx6 L70-Drj5 L79-Wht1 L87-Bye5 L62-Tdx6 L71-Bxr0 L80-Xt_1 L88-Wos8 L72-Tdx6 L81-Vpw6 L89-H_o5
L28-Tdx6 L37-Gyu6 L46-Dv_0 L55-Jk_0 L64-Vnn7 L73-Xfv1 L38-Tdx6 L47-K_n1 L56-G_y6 L65-Aiq8 L74-Yfj0 L82-Huz0 L48-Tdx6 L57-Wva3 L66-Bs_1 L75-Mjk1 L83-Tbv2 L49-Tdx6 L58-Ufk6 L67-Bsr9 L76-Rig5 L84-Oew5 L59-Tdx6 L68-Ezk3 L77-Rak8 L85-A_f0 L69-Tdx6 L78-Vko2 L86-Udo0 L70-Tdx6 L79-Drj5 L87-Wht1 L71-Tdx6 L80-Bxr0 L88-Xt_1 L81-Tdx6 L89-Vpw6
L37-Tdx6 L46-Gyu6 L55-Dv_0 L64-Jk_0 L73-Vnn7 L47-Tdx6 L56-K_n1 L65-G_y6 L74-Aiq8 L82-Yfj0 L57-Tdx6 L66-Wva3 L75-Bs_1 L83-Mjk1 L58-Tdx6 L67-Ufk6 L76-Bsr9 L84-Rig5 L68-Tdx6 L77-Ezk3 L85-Rak8 L78-Tdx6 L86-Vko2 L79-Tdx6 L87-Drj5 L80-Tdx6 L88-Bxr0 L89-Tdx6
L46-Tdx6 L55-Gyu6 L64-Dv_0 L73-Jk_0 L56-Tdx6 L65-K_n1 L74-G_y6 L82-Aiq8 L66-Tdx6 L75-Wva3 L83-Bs_1 L67-Tdx6 L76-Ufk6 L84-Bsr9 L77-Tdx6 L85-Ezk3 L86-Tdx6 L87-Tdx6 L88-Tdx6
L55-Tdx6 L64-Gyu6 L73-Dv_0 L65-Tdx6 L74-K_n1 L82-G_y6 L75-Tdx6 L83-Wva3 L76-Tdx6 L84-Ufk6 L85-Tdx6
L64-Tdx6 L73-Gyu6 L74-Tdx6 L82-K_n1 L83-Tdx6 L84-Tdx6
L73-Tdx6 L82-Tdx6
