138
#Here is the number of lines required: 34
##start
Cq_8 1 1
##end
Ozk2 4 4
Meb5 7 7
Upm1 10 10
Cej7 12 12
Wrb5 16 16
Pk_0 19 19
Eab5 22 22
Dmv5 24 24
Iuw6 26 26
Bi_7 29 29
Zaa5 32 32
Mit6 37 37
Vty1 41 41
Jof5 45 45
Iis4 48 48
M_g6 50 50
Tvf8 52 52
Ssg5 56 56
D_r8 59 59
Tdf9 62 62
Wql3 64 64
Nay8 68 68
Jdm9 72 72
Jbt0 75 75
Wjq7 78 78
Kxo4 81 81
Ofk5 82 82
Pyk5 84 84
Gpq0 87 87
Gxy2 90 90
Ybr2 92 92
Qmq8 97 97
Nvk8 102 102
R__2 107 107
My_1 110 110
N_f2 113 113
Fnt4 117 117
Cjt9 118 118
Xgk7 123 123
Mpa2 127 127
Cma1 128 128
Wko5 131 131
Azc4 133 133
A__4 135 135
Mfv0 137 137
Mis1 139 139
Akk1 142 142
Ki_2 145 145
Hrq3 146 146
Bfo4 150 150
Hsg7 153 153
Jva3 157 157
Jfb1 158 158
Sfm8 160 160
Ycn7 165 165
Dyh0 168 168
Ruj4 169 169
Hkz2 171 171
Ste2 173 173
Hgb1 177 177
Anc6 179 179
Tww2 183 183
Xoc4 184 184
Jrf6 187 187
Dl_5 189 189
Sls3 193 193
Kvl1 196 196
Cnj0 201 201
Asv1 204 204
Byw5 206 206
Ceu9 209 209
Yfn1 214 214
Gyk2 218 218
Yop2 219 219
A_s3 221 221
Ywp7 224 224
Tco7 226 226
Uff5 229 229
Bdk0 233 233
Pyl0 236 236
B_g9 239 239
X_x8 241 241
Rad6 243 243
Eri6 246 246
F_n1 249 249
Pzy8 251 251
J_k5 255 255
Jn_1 257 257
Yt_2 260 260
Qlv1 264 264
Qtp2 266 266
Ypb8 267 267
Fbj9 270 270
Nle4 274 274
Gss0 277 277
Yeh1 281 281
Wbz1 286 286
Pcz7 288 288
Jqo1 292 292
Tsq0 294 294
Xnq0 297 297
Cbw9 301 301
Zbu4 304 304
Jhp6 307 307
Wyu5 312 312
Mgp4 313 313
W_f8 315 315
Mgv7 319 319
Ykr4 322 322
Anp2 325 325
Jbw4 330 330
Pw_3 333 333
Asj2 337 337
Tlm1 339 339
Mrx3 342 342
B__1 347 347
Nal9 350 350
Fio7 355 355
Fas1 357 357
Clw4 359 359
Vdx5 362 362
Uvm6 367 367
Aat5 370 370
Ra_7 374 374
Xtg2 378 378
Mxt8 379 379
V_u2 384 384
Izv0 387 387
Vh_0 392 392
Igo1 396 396
Oth1 399 399
Yr_7 403 403
Hcc5 407 407
Co_1 408 408
Kef1 410 410
Fue6 415 415
Uti4 418 418
Iwi9 421 421
Etv4 424 424
Kss2 428 428
A_k4 430 430
Fp_2 433 433
Ek_2 434 434
Jgb5 437 437
Ilu3 440 440
Nxj8 444 444
Whl9 447 447
Wbu8 452 452
Kdg9 456 456
O_g0 458 458
Phi5 463 463
Qqc9 467 467
Fdj6 469 469
Emg3 473 473
Yxv1 475 475
V_w5 478 478
R_c9 481 481
V_q6 484 484
Pcj0 489 489
O_e5 491 491
U_z2 493 493
Ajw8 495 495
Fpa9 498 498
Uzz9 500 500
Vu_4 503 503
Mfm2 504 504
P_y8 507 507
Zyr3 510 510
Mos6 513 513
Asx6 516 516
Evx9 518 518
Qpz2 521 521
Yxj1 525 525
Buw7 529 529
Cdo2 533 533
Em_1 535 535
Cvw1 537 537
Uts8 541 541
Abh6 544 544
P_j4 547 547
Gpn6 552 552
Vad3 556 556
Uqx9 558 558
Ovj2 561 561
Hlb0 564 564
Ku_5 569 569
Akj6 573 573
M_r4 575 575
Hiw3 578 578
Gbx4 579 579
Fui7 583 583
Ucc7 587 587
Txt4 590 590
Vix8 595 595
Wlo6 596 596
Sqt3 599 599
Aif0 602 602
Rju1 606 606
Uyz8 609 609
R_u3 611 611
Qbb1 615 615
Kzg8 617 617
Fhf4 618 618
Kcy0 620 620
Td_1 623 623
Mqm2 624 624
Qac1 626 626
Kvn0 630 630
Vma4 633 633
Oqs1 636 636
Ubn2 639 639
Sfc6 644 644
Pp_0 647 647
Evl2 650 650
Chx1 653 653
Qyn6 654 654
E_q0 657 657
Mvh9 658 658
Jlr2 661 661
Kgh7 666 666
Hoz0 670 670
T_c8 671 671
Abz4 676 676
Vgp1 679 679
Hp_2 683 683
Qfq4 688 688
Kwi8 691 691
Hxb0 694 694
A__8 698 698
Eap6 702 702
Bhn6 704 704
Yk_9 708 708
Fma7 710 710
Abx0 713 713
Ypa4 717 717
Z_z3 720 720
Hxj3 723 723
Mls1 725 725
Q_s4 728 728
Zfj7 729 729
Ci_7 732 732
Upy0 736 736
Fum1 740 740
Uuj9 744 744
Bmv5 745 745
Jfz0 749 749
Zj_1 752 752
Ybl0 755 755
Oyi3 757 757
Rsj6 760 760
Vn_6 763 763
Oyx5 765 765
Tju3 768 768
Aut2 773 773
Rrz4 776 776
Xju3 779 779
Ke_3 783 783
Jfp7 785 785
Imk0 790 790
Bhr7 793 793
T_l2 794 794
Wgs5 799 799
Zij8 801 801
Fhl5 805 805
Djd0 809 809
Tn_0 810 810
J_v5 811 811
H_f5 813 813
Bkt5 815 815
G_c6 817 817
Rek0 820 820
Gek6 821 821
Kfa4 824 824
W_k0 828 828
Uml3 831 831
Aqz1 834 834
Heg3 836 836
Rfg2 838 838
Kx_6 840 840
Xqq9 841 841
Mam3 842 842
P_t8 845 845
Ytc4 848 848
Hag8 853 853
F_f2 854 854
Huz0 855 855
Wvh9 857 857
Bjh8 859 859
Mih7 863 863
Mr_7 865 865
Xwe2 869 869
T_z0 874 874
Zqa8 876 876
Hcd5 879 879
T_z2 883 883
Icq3 888 888
Hl_5 891 891
Hjw3 894 894
Pvn9 899 899
Ybp3 902 902
Xcg7 906 906
Apd6 907 907
Aco9 910 910
Mmt7 913 913
Jvg6 917 917
V_l5 921 921
Tdl4 925 925
Day3 929 929
Gzt4 932 932
Cfh5 934 934
Asw4 939 939
Ibv2 943 943
Ts_6 946 946
Wvy4 950 950
Vph5 952 952
Oja4 955 955
Exq7 959 959
Oh_1 961 961
Mg_4 965 965
Tfg2 969 969
Idz1 971 971
Elc8 974 974
Tkr5 977 977
Pi_7 980 980
Kvv7 982 982
Qjq3 986 986
Sq_7 989 989
Oma8 993 993
Ooc3 997 997
Md_0 1002 1002
Drf1 1005 1005
Gfc2 1009 1009
Rdv3 1013 1013
Dgi0 1018 1018
Xay8 1019 1019
E_z5 1022 1022
Q__4 1025 1025
D_j9 1026 1026
Twj7 1028 1028
Hvf8 1032 1032
Bmr8 1037 1037
Qbv8 1040 1040
Qae3 1045 1045
Ocs0 1049 1049
Jgx0 1054 1054
Ymv9 1057 1057
S_k5 1062 1062
Aga5 1063 1063
Txb1 1066 1066
Ijh0 1068 1068
Ygu8 1071 1071
Urr1 1072 1072
Xxt4 1075 1075
Aoh7 1079 1079
C_x5 1081 1081
Ngb8 1082 1082
Cs_0 1087 1087
Ul_9 1089 1089
Wtw5 1093 1093
F_o5 1095 1095
Chg5 1098 1098
Rta0 1101 1101
Jtx0 1105 1105
Yma9 1109 1109
Cqm9 1114 1114
Cpz1 1117 1117
Ewl0 1119 1119
Sos1 1123 1123
Xxm2 1126 1126
Tif8 1130 1130
Nv_8 1134 1134
M__1 1137 1137
Yml4 1139 1139
Grf4 1142 1142
Xkf6 1145 1145
Ya_8 1148 1148
Ilc6 1149 1149
Mab8 1153 1153
R_c6 1157 1157
Gfc7 1161 1161
Qsb0 1162 1162
Vsa5 1165 1165
Bep5 1169 1169
Vih5 1171 1171
Ggo6 1174 1174
Dth1 1178 1178
Pxp4 1181 1181
F_b4 1183 1183
Keb4 1186 1186
Yzl9 1188 1188
Awq2 1192 1192
Kn_2 1194 1194
Ptq8 1199 1199
Neo3 1201 1201
Fcc6 1203 1203
Oac6 1205 1205
Vns2 1209 1209
Ibx3 1211 1211
H_f8 1214 1214
Tgg6 1216 1216
Dlt3 1220 1220
Gqu2 1221 1221
Dbm5 1224 1224
Rvg5 1225 1225
Tpq9 1226 1226
Ydl7 1230 1230
Zkv9 1233 1233
Fvz7 1238 1238
Zvx2 1239 1239
Fyn7 1242 1242
Eem0 1247 1247
Cpm7 1250 1250
Pjd1 1253 1253
Rvu3 1256 1256
Kse0 1261 1261
Zye2 1263 1263
Uny4 1267 1267
Dyp8 1271 1271
Zch6 1273 1273
Zji0 1275 1275
Ibc2 1276 1276
Bgo6 1280 1280
Zod1 1281 1281
Xel6 1285 1285
Tpe9 1289 1289
Cux1 1293 1293
Odc0 1296 1296
Aix8 1299 1299
Gub3 1304 1304
Txn6 1307 1307
M_m1 1310 1310
Gjs9 1313 1313
Jyw9 1314 1314
Ejy1 1315 1315
Mbo8 1319 1319
Dul0 1321 1321
Iwq8 1324 1324
Aky3 1325 1325
Tqg8 1328 1328
Rls0 1329 1329
Ow_2 1332 1332
Isg2 1335 1335
Yah8 1337 1337
Gzx9 1340 1340
Xts1 1344 1344
Tgg5 1347 1347
Nhv0 1350 1350
Osh3 1354 1354
Rlo5 1358 1358
Xan8 1359 1359
Jso3 1364 1364
Ncm6 1368 1368
Qb_0 1373 1373
Wwi6 1376 1376
Oe_8 1378 1378
Sjf1 1382 1382
Hs_4 1385 1385
O_g2 1387 1387
Ynb2 1391 1391
Grd8 1395 1395
Vra2 1400 1400
Jz_9 1403 1403
Qnb8 1406 1406
Thz8 1409 1409
Sue0 1412 1412
Bll1 1413 1413
A_n3 1418 1418
P__6 1419 1419
Wg_0 1421 1421
Ruv4 1424 1424
Sv_1 1427 1427
Ilp0 1431 1431
Qbl6 1435 1435
Cv_7 1438 1438
Ket5 1443 1443
Tyt2 1445 1445
Fhg1 1449 1449
Cvu8 1451 1451
Fbg9 1454 1454
Svz2 1458 1458
Aul2 1459 1459
Cnr7 1463 1463
Vha9 1467 1467
Xxl1 1471 1471
Era3 1474 1474
Kxr6 1476 1476
A_i7 1478 1478
Gvh4 1480 1480
Mow3 1482 1482
Hrg4 1485 1485
Bfl0 1488 1488
Pba7 1490 1490
Ivu2 1494 1494
Dzs9 1497 1497
Oqi2 1499 1499
Rb_0 1502 1502
Hko5 1503 1503
Yyr0 1506 1506
Hih4 1507 1507
Akr6 1511 1511
B_t5 1515 1515
N_y0 1518 1518
Qhp0 1521 1521
Vmr0 1524 1524
Rla0 1526 1526
Xnx8 1529 1529
Rxq2 1533 1533
Xjs5 1534 1534
Myz9 1538 1538
Omu4 1539 1539
Oir5 1543 1543
Tle7 1547 1547
Qjm1 1551 1551
Dxd0 1555 1555
Nts3 1556 1556
Gad1 1559 1559
Wv_5 1562 1562
Cxv5 1563 1563
Zan1 1566 1566
Wc_7 1569 1569
Dmz5 1572 1572
Mfr2 1575 1575
Ucx2 1579 1579
Xaz1 1584 1584
Rrs5 1585 1585
Deb7 1588 1588
Qoi8 1592 1592
Dbk2 1596 1596
Yui1 1600 1600
Wjx3 1601 1601
Dsz0 1603 1603
Dl_8 1605 1605
Yva8 1610 1610
Sod8 1612 1612
Ykt5 1614 1614
Aas9 1619 1619
Xzs7 1623 1623
Imy7 1624 1624
Nli7 1625 1625
Wwm1 1629 1629
Qrs6 1632 1632
Ijd3 1634 1634
Bqo4 1637 1637
Icr6 1640 1640
Uco6 1644 1644
Ana4 1648 1648
V_a1 1653 1653
Dpv4 1654 1654
Mhc0 1658 1658
Apf5 1661 1661
Vo_9 1662 1662
C_t9 1665 1665
Ago1 1667 1667
Jdw4 1670 1670
Ejh2 1673 1673
Vea5 1677 1677
Zen9 1679 1679
Xcn3 1681 1681
Hgc3 1682 1682
Uga9 1684 1684
Urq1 1686 1686
S_r8 1690 1690
Cbw9-S_r8
Fhf4-Hgc3
Sfc6-Xcn3
Kwi8-Wrb5
Mgp4-Pk_0
Ts_6-Ejh2
Oyi3-Jdw4
Ilu3-C_t9
Nay8-Eab5
Fio7-Vo_9
Ggo6-Iuw6
Ykr4-Bi_7
Pp_0-Mhc0
Jso3-Zaa5
T_z0-Vty1
Oyi3-V_a1
Fcc6-Jof5
Uff5-M_g6
R__2-Ijd3
Fcc6-Qrs6
Oir5-Nli7
Zfj7-Tvf8
Jbt0-Xzs7
Deb7-Ssg5
S_k5-D_r8
Whl9-Ykt5
Kvl1-Tdf9
Asw4-Sod8
Jhp6-Wql3
Isg2-Dl_8
Jbt0-Dbk2
Djd0-Deb7
Vn_6-Wjq7
Vma4-Kxo4
Rrz4-Gpq0
Hoz0-Gxy2
Vsa5-Wv_5
Jva3-Qmq8
Vu_4-Gad1
Yt_2-Nvk8
Ynb2-R__2
Fue6-Dxd0
Awq2-N_f2
Aco9-Fnt4
Kvn0-Qjm1
Xwe2-Tle7
Uml3-Oir5
Nal9-Mpa2
Xnq0-Cma1
Xnx8-Ozk2
Azc4-Wko5
A__4-Azc4
Qhp0-Vmr0
N_y0-Qhp0
Mis1-N_y0
B_t5-Akk1
Akr6-B_t5
Yyr0-Hih4
Hko5-Yyr0
Bfo4-Ivu2
Pba7-Hsg7
Jva3-Pba7
Jfb1-Hrg4
Mow3-Jfb1
Gvh4-Mow3
A_i7-Dyh0
Kxr6-A_i7
Hkz2-Ruj4
Xxl1-Hkz2
Fbg9-Hgb1
Fhg1-Cvu8
Cq_8-Ket5
Jrf6-Cv_7
Qbl6-Jrf6
Ilp0-Qbl6
Sls3-Dl_5
Kvl1-Ruv4
Wg_0-Kvl1
Cnj0-Wg_0
Byw5-Asv1
Sue0-Bll1
Qnb8-Thz8
Ceu9-Qnb8
Jz_9-Ceu9
Grd8-Vra2
Gyk2-Grd8
Ynb2-A_s3
O_g2-Ynb2
Hs_4-O_g2
Ywp7-Hs_4
Tco7-Sjf1
Uff5-Tco7
Bdk0-Oe_8
B_g9-Pyl0
Xan8-Jso3
Rad6-Rlo5
Osh3-Rad6
Nhv0-Osh3
Gzx9-Xts1
Yah8-Gzx9
Isg2-F_n1
Pzy8-Isg2
Rls0-Qlv1
Tqg8-Rls0
Aky3-Tqg8
Iwq8-Aky3
Qtp2-Iwq8
Dul0-Qtp2
Fbj9-Ypb8
Mbo8-Fbj9
Nle4-Mbo8
Ejy1-Nle4
Gss0-Jyw9
Wbz1-Yeh1
Aix8-Gub3
Odc0-Aix8
Pcz7-Odc0
Jqo1-Pcz7
Cux1-Jqo1
Tsq0-Cux1
Tpe9-Xnq0
Cq_8-Jhp6
Zch6-Ozk2
Mgp4-Wyu5
Uny4-Mgp4
W_f8-Uny4
Mgv7-W_f8
Zye2-Mgv7
Rvu3-Ykr4
Anp2-Pjd1
Jbw4-Anp2
Pw_3-Jbw4
Cpm7-Pw_3
Eem0-Cpm7
Asj2-Eem0
Fyn7-Asj2
Fvz7-Zvx2
Tlm1-Fvz7
Tpq9-Ydl7
Mrx3-Tpq9
Rvg5-B__1
Nal9-Dbm5
Gqu2-Fio7
Fas1-Dlt3
Clw4-Tgg6
Vdx5-Clw4
H_f8-Vdx5
Ptq8-Ra_7
Kn_2-Ptq8
Awq2-Xtg2
F_b4-Mxt8
Pxp4-F_b4
Ggo6-Dth1
V_u2-Bep5
Vsa5-V_u2
Qsb0-Vsa5
R_c6-Vh_0
Mab8-R_c6
Igo1-Ilc6
Oth1-Ya_8
Yr_7-Oth1
Kef1-Co_1
Fue6-Kef1
Uti4-Fue6
Iwi9-Grf4
Etv4-Iwi9
M__1-Yml4
A_k4-Kss2
Xxm2-Tif8
Fp_2-Xxm2
Ewl0-Jgb5
Ilu3-Ewl0
Wbu8-Whl9
Cpz1-Wbu8
Kdg9-Cpz1
O_g0-Kdg9
Yma9-Cqm9
Cq_8-Yma9
Jtx0-Ozk2
Phi5-Rta0
Qqc9-Phi5
Emg3-Fdj6
R_c9-V_w5
Chg5-R_c9
F_o5-V_q6
Cs_0-Ul_9
U_z2-O_e5
Fpa9-Ozk2
Uzz9-Urr1
Ijh0-Ygu8
Mfm2-Txb1
Aga5-P_y8
Ymv9-S_k5
Evx9-Asx6
Jgx0-Evx9
Ocs0-Qpz2
Qae3-Ocs0
Cdo2-Buw7
Hvf8-Bmr8
Abh6-Uts8
Twj7-Abh6
P_j4-Twj7
Gpn6-P_j4
Q__4-D_j9
Vad3-Q__4
E_z5-Vad3
Xay8-Ozk2
Rdv3-Dgi0
Uqx9-Rdv3
Gfc2-Uqx9
Drf1-Gfc2
Oma8-Hlb0
Sq_7-Oma8
Ku_5-Sq_7
Akj6-Kvv7
Pi_7-Akj6
Hiw3-M_r4
Tkr5-Fui7
Elc8-Ozk2
Idz1-Elc8
Vix8-Txt4
Wlo6-Vix8
Sqt3-Wlo6
Oh_1-Mg_4
Aif0-Exq7
Rju1-Oja4
Vph5-Rju1
R_u3-Ts_6
Ibv2-Qbb1
Asw4-Ibv2
Cfh5-Asw4
Kcy0-Fhf4
Mqm2-Td_1
Qac1-Day3
Kvn0-Qac1
Tdl4-Kvn0
Ubn2-Oqs1
Aco9-Mmt7
Apd6-Sfc6
Xcg7-Apd6
Hjw3-Chx1
T_z2-Qyn6
Hcd5-T_z2
Zqa8-E_q0
T_z0-Zqa8
Mvh9-T_z0
Hoz0-Kgh7
T_c8-Xwe2
Abz4-T_c8
Mih7-Mr_7
Qfq4-Hp_2
Bjh8-Kwi8
Hxb0-Wvh9
Eap6-A__8
Huz0-Eap6
F_f2-Huz0
Bhn6-F_f2
P_t8-Ytc4
Abx0-Fma7
Mam3-Abx0
Z_z3-Ypa4
Xqq9-Z_z3
Cq_8-Xqq9
Mls1-Hxj3
Kx_6-Mls1
Heg3-Rfg2
Aqz1-Q_s4
Ci_7-Zfj7
Kfa4-W_k0
Upy0-Kfa4
Fum1-Upy0
Gek6-Fum1
Bmv5-Uuj9
Rek0-Bmv5
G_c6-Rek0
Zj_1-Jfz0
Ybl0-Zj_1
Oyi3-Ybl0
Cq_8-Oyi3
Rsj6-Ozk2
Bkt5-Rsj6
J_v5-H_f5
Vn_6-J_v5
Oyx5-Tn_0
Ke_3-Xju3
Zij8-Ke_3
Jfp7-Wgs5
Imk0-Jfp7
Cq_8-T_l2
T_l2-Imk0
Wgs5-Zij8
Xju3-Fhl5
Fhl5-Djd0
Djd0-Rrz4
Rrz4-Aut2
Aut2-Tju3
Tju3-Oyx5
Tn_0-Vn_6
H_f5-Bkt5
Jfz0-G_c6
Uuj9-Gek6
W_k0-Uml3
Uml3-Ci_7
Zfj7-Aqz1
Q_s4-Heg3
Rfg2-Kx_6
Hxj3-Ozk2
Ypa4-Mam3
Fma7-P_t8
Ytc4-Hag8
Hag8-Yk_9
Yk_9-Bhn6
A__8-Hxb0
Wvh9-Bjh8
Kwi8-Qfq4
Hp_2-Mih7
Mr_7-Vgp1
Vgp1-Ozk2
Cq_8-Abz4
Xwe2-Hoz0
Kgh7-Jlr2
Jlr2-Mvh9
E_q0-Hcd5
Qyn6-Icq3
Icq3-Hl_5
Hl_5-Hjw3
Chx1-Pvn9
Pvn9-Evl2
Evl2-Ybp3
Ybp3-Pp_0
Pp_0-Ozk2
Cq_8-Xcg7
Sfc6-Aco9
Mmt7-Ubn2
Oqs1-Jvg6
Jvg6-Vma4
Vma4-V_l5
V_l5-Tdl4
Day3-Gzt4
Gzt4-Mqm2
Td_1-Kcy0
Fhf4-Ozk2
Cq_8-Kzg8
Kzg8-Cfh5
Qbb1-R_u3
Ts_6-Uyz8
Uyz8-Wvy4
Wvy4-Vph5
Oja4-Aif0
Exq7-Oh_1
Mg_4-Sqt3
Txt4-Tfg2
Tfg2-Ucc7
Ucc7-Idz1
Cq_8-Tkr5
Fui7-Gbx4
Gbx4-Hiw3
M_r4-Pi_7
Kvv7-Qjq3
Qjq3-Ku_5
Hlb0-Ovj2
Ovj2-Ooc3
Ooc3-Md_0
Md_0-Drf1
Dgi0-Xay8
Cq_8-E_z5
D_j9-Gpn6
Uts8-Hvf8
Bmr8-Cvw1
Cvw1-Em_1
Em_1-Cdo2
Buw7-Qbv8
Qbv8-Yxj1
Yxj1-Ozk2
Cq_8-Qae3
Qpz2-Jgx0
Asx6-Mos6
Mos6-Ymv9
S_k5-Zyr3
Zyr3-Aga5
P_y8-Mfm2
Txb1-Ijh0
Ygu8-Vu_4
Vu_4-Uzz9
Urr1-Xxt4
Xxt4-Aoh7
Aoh7-Fpa9
Cq_8-Ajw8
Ajw8-U_z2
O_e5-C_x5
C_x5-Ngb8
Ngb8-Cs_0
Ul_9-Wtw5
Wtw5-Pcj0
Pcj0-F_o5
V_q6-Chg5
V_w5-Yxv1
Yxv1-Emg3
Fdj6-Qqc9
Rta0-Jtx0
Cqm9-O_g0
Whl9-Nxj8
Nxj8-Ilu3
Jgb5-Ek_2
Ek_2-Sos1
Sos1-Fp_2
Tif8-Bhr7
Bhr7-Ozk2
Cq_8-Nv_8
Nv_8-A_k4
Kss2-M__1
Yml4-Etv4
Grf4-Xkf6
Xkf6-Uti4
Co_1-Hcc5
Hcc5-Yr_7
Ya_8-Igo1
Ilc6-Mab8
Vh_0-Gfc7
Gfc7-Izv0
Izv0-Qsb0
Bep5-Vih5
Vih5-Ggo6
Dth1-Pxp4
Mxt8-Keb4
Keb4-Yzl9
Yzl9-Awq2
Xtg2-Ozk2
Cq_8-Kn_2
Ra_7-Neo3
Neo3-Fcc6
Fcc6-Oac6
Oac6-Vns2
Vns2-Ibx3
Ibx3-Aat5
Aat5-Uvm6
Uvm6-H_f8
Tgg6-Fas1
Dlt3-Gqu2
Fio7-Nal9
Dbm5-Rvg5
B__1-Mrx3
Ydl7-Zkv9
Zkv9-Tlm1
Zvx2-Fyn7
Pjd1-Rvu3
Ykr4-Kse0
Kse0-Zye2
Wyu5-Dyp8
Dyp8-Zch6
Jhp6-Zbu4
Zbu4-Cbw9
Cbw9-Zji0
Zji0-Ibc2
Ibc2-Bgo6
Bgo6-Zod1
Zod1-Xel6
Xel6-Tpe9
Xnq0-Tsq0
Gub3-Txn6
Txn6-M_m1
M_m1-Gjs9
Gjs9-Wbz1
Yeh1-Gss0
Jyw9-Ejy1
Ypb8-Dul0
Qlv1-Yt_2
Yt_2-Jn_1
Jn_1-J_k5
J_k5-Ow_2
Ow_2-Pzy8
F_n1-Yah8
Xts1-Tgg5
Tgg5-Eri6
Eri6-Nhv0
Rlo5-X_x8
X_x8-Ozk2
Cq_8-Xan8
Jso3-Ncm6
Ncm6-Qb_0
Qb_0-B_g9
Pyl0-Wwi6
Wwi6-Bdk0
Oe_8-Uff5
Sjf1-Ywp7
A_s3-Yop2
Yop2-Gyk2
Vra2-Yfn1
Yfn1-Jz_9
Thz8-Sue0
Bll1-Byw5
Asv1-A_n3
A_n3-P__6
P__6-Cnj0
Ruv4-Sls3
Dl_5-Sv_1
Sv_1-Ilp0
Cv_7-Xoc4
Xoc4-Ozk2
Ket5-Tww2
Tww2-Tyt2
Tyt2-Anc6
Anc6-Fhg1
Cvu8-Fbg9
Hgb1-Svz2
Svz2-Aul2
Aul2-Ste2
Ste2-Cnr7
Cnr7-Vha9
Vha9-Xxl1
Ruj4-Era3
Era3-Kxr6
Dyh0-Ycn7
Ycn7-Sfm8
Sfm8-Gvh4
Hrg4-Bfl0
Bfl0-Jva3
Hsg7-Bfo4
Ivu2-Hrq3
Hrq3-Dzs9
Dzs9-Oqi2
Oqi2-Rb_0
Rb_0-Hko5
Hih4-Ki_2
Ki_2-Akr6
Akk1-Mis1
Vmr0-Mfv0
Mfv0-A__4
Wko5-Rla0
Rla0-Xnx8
Md_0-Rxq2
Izv0-Xjs5
Ptq8-Myz9
Ycn7-Omu4
Fbj9-Xgk7
P__6-Cjt9
J_k5-My_1
Zyr3-Nts3
Hp_2-Ybr2
Xnq0-Cxv5
Nle4-Zan1
Fbj9-Pyk5
Ncm6-Ofk5
R_c6-Jbt0
Qbb1-Wc_7
Wwi6-Dmz5
Oqs1-Mfr2
Rlo5-Ucx2
Asv1-Xaz1
Jqo1-Rrs5
Yr_7-Qoi8
Qyn6-Yui1
Qjq3-Jdm9
Xnx8-Wjx3
T_z2-Nay8
Ooc3-Dsz0
Ytc4-Yva8
Imk0-Aas9
W_f8-Imy7
Gzt4-Wwm1
Uuj9-Bqo4
Dsz0-Iis4
Idz1-Icr6
Tdf9-Uco6
Qlv1-Ana4
Xwe2-Dpv4
B__1-Mit6
Wyu5-Apf5
Gfc2-Dmv5
Jgb5-Ago1
Neo3-Vea5
Phi5-Zen9
Bqo4-Cej7
Mmt7-Uga9
Oma8-Upm1
Mg_4-Urq1
Hsg7-Meb5
#Here is the number of lines required: 34

L1-Kzg8 L2-Xqq9 L3-Oyi3 L4-Qae3 L5-Tkr5 L6-Ajw8 L7-Abz4 L8-Xcg7 L9-T_l2 L10-Yma9 L11-E_z5
L1-Cfh5 L12-Kzg8 L2-Z_z3 L13-Xqq9 L3-Ybl0 L14-Oyi3 L4-Ocs0 L15-Qae3 L5-Fui7 L16-Tkr5 L6-U_z2 L17-Ajw8 L7-T_c8 L18-Abz4 L8-Apd6 L19-Xcg7 L9-Imk0 L20-T_l2 L10-Cqm9 L21-Yma9 L11-Vad3 L22-E_z5
L1-Asw4 L12-Cfh5 L23-Kzg8 L2-Ypa4 L13-Z_z3 L24-Xqq9 L3-Zj_1 L14-Ybl0 L25-Oyi3 L4-Qpz2 L15-Ocs0 L26-Qae3 L5-Gbx4 L16-Fui7 L27-Tkr5 L6-O_e5 L17-U_z2 L28-Ajw8 L7-Xwe2 L18-T_c8 L29-Abz4 L8-Sfc6 L19-Apd6 L30-Xcg7 L9-Jfp7 L20-Imk0 L31-T_l2 L10-O_g0 L21-Cqm9 L32-Yma9 L11-Q__4 L22-Vad3 L33-E_z5
L1-Ibv2 L12-Asw4 L23-Cfh5 L34-Kzg8 L2-Mam3 L13-Ypa4 L24-Z_z3 L35-Xqq9 L3-Jfz0 L14-Zj_1 L25-Ybl0 L36-Oyi3 L4-Jgx0 L15-Qpz2 L26-Ocs0 L37-Qae3 L5-Hiw3 L16-Gbx4 L27-Fui7 L38-Tkr5 L6-C_x5 L17-O_e5 L28-U_z2 L39-Ajw8 L7-Hoz0 L18-Xwe2 L29-T_c8 L40-Abz4 L8-Aco9 L19-Sfc6 L30-Apd6 L41-Xcg7 L9-Wgs5 L20-Jfp7 L31-Imk0 L42-T_l2 L10-Kdg9 L21-O_g0 L32-Cqm9 L43-Yma9 L11-D_j9 L22-Q__4 L33-Vad3 L44-E_z5
L1-Qbb1 L12-Ibv2 L23-Asw4 L34-Cfh5 L45-Kzg8 L2-Abx0 L13-Mam3 L24-Ypa4 L35-Z_z3 L46-Xqq9 L3-G_c6 L14-Jfz0 L25-Zj_1 L36-Ybl0 L47-Oyi3 L4-Evx9 L15-Jgx0 L26-Qpz2 L37-Ocs0 L48-Qae3 L5-M_r4 L16-Hiw3 L27-Gbx4 L38-Fui7 L49-Tkr5 L6-Ngb8 L17-C_x5 L28-O_e5 L39-U_z2 L50-Ajw8 L7-Kgh7 L18-Hoz0 L29-Xwe2 L40-T_c8 L51-Abz4 L8-Mmt7 L19-Aco9 L30-Sfc6 L41-Apd6 L52-Xcg7 L9-Zij8 L20-Wgs5 L31-Jfp7 L42-Imk0 L53-T_l2 L10-Cpz1 L21-Kdg9 L32-O_g0 L43-Cqm9 L54-Yma9 L11-Gpn6 L22-D_j9 L33-Q__4 L44-Vad3 L55-E_z5
L1-R_u3 L12-Qbb1 L23-Ibv2 L34-Asw4 L45-Cfh5 L56-Kzg8 L2-Fma7 L13-Abx0 L24-Mam3 L35-Ypa4 L46-Z_z3 L57-Xqq9 L3-Rek0 L14-G_c6 L25-Jfz0 L36-Zj_1 L47-Ybl0 L58-Oyi3 L4-Asx6 L15-Evx9 L26-Jgx0 L37-Qpz2 L48-Ocs0 L59-Qae3 L5-Pi_7 L16-M_r4 L27-Hiw3 L38-Gbx4 L49-Fui7 L60-Tkr5 L6-Cs_0 L17-Ngb8 L28-C_x5 L39-O_e5 L50-U_z2 L61-Ajw8 L7-Jlr2 L18-Kgh7 L29-Hoz0 L40-Xwe2 L51-T_c8 L62-Abz4 L8-Ubn2 L19-Mmt7 L30-Aco9 L41-Sfc6 L52-Apd6 L63-Xcg7 L9-Ke_3 L20-Zij8 L31-Wgs5 L42-Jfp7 L53-Imk0 L64-T_l2 L10-Wbu8 L21-Cpz1 L32-Kdg9 L43-O_g0 L54-Cqm9 L65-Yma9 L11-P_j4 L22-Gpn6 L33-D_j9 L44-Q__4 L55-Vad3 L66-E_z5
L1-Ts_6 L12-R_u3 L23-Qbb1 L34-Ibv2 L45-Asw4 L56-Cfh5 L67-Kzg8 L2-P_t8 L13-Fma7 L24-Abx0 L35-Mam3 L46-Ypa4 L57-Z_z3 L68-Xqq9 L3-Bmv5 L14-Rek0 L25-G_c6 L36-Jfz0 L47-Zj_1 L58-Ybl0 L69-Oyi3 L4-Mos6 L15-Asx6 L26-Evx9 L37-Jgx0 L48-Qpz2 L59-Ocs0 L70-Qae3 L5-Akj6 L16-Pi_7 L27-M_r4 L38-Hiw3 L49-Gbx4 L60-Fui7 L71-Tkr5 L6-Ul_9 L17-Cs_0 L28-Ngb8 L39-C_x5 L50-O_e5 L61-U_z2 L72-Ajw8 L7-Mvh9 L18-Jlr2 L29-Kgh7 L40-Hoz0 L51-Xwe2 L62-T_c8 L73-Abz4 L8-Oqs1 L19-Ubn2 L30-Mmt7 L41-Aco9 L52-Sfc6 L63-Apd6 L74-Xcg7 L9-Xju3 L20-Ke_3 L31-Zij8 L42-Wgs5 L53-Jfp7 L64-Imk0 L75-T_l2 L10-Whl9 L21-Wbu8 L32-Cpz1 L43-Kdg9 L54-O_g0 L65-Cqm9 L76-Yma9 L11-Twj7 L22-P_j4 L33-Gpn6 L44-D_j9 L55-Q__4 L66-Vad3 L77-E_z5
L1-Uyz8 L12-Ts_6 L23-R_u3 L34-Qbb1 L45-Ibv2 L56-Asw4 L67-Cfh5 L78-Kzg8 L2-Ytc4 L13-P_t8 L24-Fma7 L35-Abx0 L46-Mam3 L57-Ypa4 L68-Z_z3 L79-Xqq9 L3-Uuj9 L14-Bmv5 L25-Rek0 L36-G_c6 L47-Jfz0 L58-Zj_1 L69-Ybl0 L80-Oyi3 L4-Ymv9 L15-Mos6 L26-Asx6 L37-Evx9 L48-Jgx0 L59-Qpz2 L70-Ocs0 L81-Qae3 L5-Kvv7 L16-Akj6 L27-Pi_7 L38-M_r4 L49-Hiw3 L60-Gbx4 L71-Fui7 L82-Tkr5 L6-Wtw5 L17-Ul_9 L28-Cs_0 L39-Ngb8 L50-C_x5 L61-O_e5 L72-U_z2 L83-Ajw8 L7-T_z0 L18-Mvh9 L29-Jlr2 L40-Kgh7 L51-Hoz0 L62-Xwe2 L73-T_c8 L84-Abz4 L8-Jvg6 L19-Oqs1 L30-Ubn2 L41-Mmt7 L52-Aco9 L63-Sfc6 L74-Apd6 L85-Xcg7 L9-Fhl5 L20-Xju3 L31-Ke_3 L42-Zij8 L53-Wgs5 L64-Jfp7 L75-Imk0 L86-T_l2 L10-Nxj8 L21-Whl9 L32-Wbu8 L43-Cpz1 L54-Kdg9 L65-O_g0 L76-Cqm9 L87-Yma9 L11-Abh6 L22-Twj7 L33-P_j4 L44-Gpn6 L55-D_j9 L66-Q__4 L77-Vad3 L88-E_z5
L1-Wvy4 L12-Uyz8 L23-Ts_6 L34-R_u3 L45-Qbb1 L56-Ibv2 L67-Asw4 L78-Cfh5 L89-Kzg8 L2-Hag8 L13-Ytc4 L24-P_t8 L35-Fma7 L46-Abx0 L57-Mam3 L68-Ypa4 L79-Z_z3 L90-Xqq9 L3-Gek6 L14-Uuj9 L25-Bmv5 L36-Rek0 L47-G_c6 L58-Jfz0 L69-Zj_1 L80-Ybl0 L91-Oyi3 L4-S_k5 L15-Ymv9 L26-Mos6 L37-Asx6 L48-Evx9 L59-Jgx0 L70-Qpz2 L81-Ocs0 L92-Qae3 L5-Qjq3 L16-Kvv7 L27-Akj6 L38-Pi_7 L49-M_r4 L60-Hiw3 L71-Gbx4 L82-Fui7 L93-Tkr5 L6-Pcj0 L17-Wtw5 L28-Ul_9 L39-Cs_0 L50-Ngb8 L61-C_x5 L72-O_e5 L83-U_z2 L94-Ajw8 L7-Zqa8 L18-T_z0 L29-Mvh9 L40-Jlr2 L51-Kgh7 L62-Hoz0 L73-Xwe2 L84-T_c8 L95-Abz4 L8-Vma4 L19-Jvg6 L30-Oqs1 L41-Ubn2 L52-Mmt7 L63-Aco9 L74-Sfc6 L85-Apd6 L96-Xcg7 L9-Djd0 L20-Fhl5 L31-Xju3 L42-Ke_3 L53-Zij8 L64-Wgs5 L75-Jfp7 L86-Imk0 L97-T_l2 L10-Ilu3 L21-Nxj8 L32-Whl9 L43-Wbu8 L54-Cpz1 L65-Kdg9 L76-O_g0 L87-Cqm9 L98-Yma9 L11-Uts8 L22-Abh6 L33-Twj7 L44-P_j4 L55-Gpn6 L66-D_j9 L77-Q__4 L88-Vad3 L99-E_z5
L1-Vph5 L12-Wvy4 L23-Uyz8 L34-Ts_6 L45-R_u3 L56-Qbb1 L67-Ibv2 L78-Asw4 L89-Cfh5 L100-Kzg8 L2-Yk_9 L13-Hag8 L24-Ytc4 L35-P_t8 L46-Fma7 L57-Abx0 L68-Mam3 L79-Ypa4 L90-Z_z3 L101-Xqq9 L3-Fum1 L14-Gek6 L25-Uuj9 L36-Bmv5 L47-Rek0 L58-G_c6 L69-Jfz0 L80-Zj_1 L91-Ybl0 L102-Oyi3 L4-Zyr3 L15-S_k5 L26-Ymv9 L37-Mos6 L48-Asx6 L59-Evx9 L70-Jgx0 L81-Qpz2 L92-Ocs0 L103-Qae3 L5-Ku_5 L16-Qjq3 L27-Kvv7 L38-Akj6 L49-Pi_7 L60-M_r4 L71-Hiw3 L82-Gbx4 L93-Fui7 L104-Tkr5 L6-F_o5 L17-Pcj0 L28-Wtw5 L39-Ul_9 L50-Cs_0 L61-Ngb8 L72-C_x5 L83-O_e5 L94-U_z2 L105-Ajw8 L7-E_q0 L18-Zqa8 L29-T_z0 L40-Mvh9 L51-Jlr2 L62-Kgh7 L73-Hoz0 L84-Xwe2 L95-T_c8 L106-Abz4 L8-V_l5 L19-Vma4 L30-Jvg6 L41-Oqs1 L52-Ubn2 L63-Mmt7 L74-Aco9 L85-Sfc6 L96-Apd6 L107-Xcg7 L9-Rrz4 L20-Djd0 L31-Fhl5 L42-Xju3 L53-Ke_3 L64-Zij8 L75-Wgs5 L86-Jfp7 L97-Imk0 L108-T_l2 L10-Ewl0 L21-Ilu3 L32-Nxj8 L43-Whl9 L54-Wbu8 L65-Cpz1 L76-Kdg9 L87-O_g0 L98-Cqm9 L109-Yma9 L11-Hvf8 L22-Uts8 L33-Abh6 L44-Twj7 L55-P_j4 L66-Gpn6 L77-D_j9 L88-Q__4 L99-Vad3 L110-E_z5
L1-Rju1 L12-Vph5 L23-Wvy4 L34-Uyz8 L45-Ts_6 L56-R_u3 L67-Qbb1 L78-Ibv2 L89-Asw4 L100-Cfh5 L111-Kzg8 L2-Bhn6 L13-Yk_9 L24-Hag8 L35-Ytc4 L46-P_t8 L57-Fma7 L68-Abx0 L79-Mam3 L90-Ypa4 L101-Z_z3 L112-Xqq9 L3-Upy0 L14-Fum1 L25-Gek6 L36-Uuj9 L47-Bmv5 L58-Rek0 L69-G_c6 L80-Jfz0 L91-Zj_1 L102-Ybl0 L113-Oyi3 L4-Aga5 L15-Zyr3 L26-S_k5 L37-Ymv9 L48-Mos6 L59-Asx6 L70-Evx9 L81-Jgx0 L92-Qpz2 L103-Ocs0 L114-Qae3 L5-Sq_7 L16-Ku_5 L27-Qjq3 L38-Kvv7 L49-Akj6 L60-Pi_7 L71-M_r4 L82-Hiw3 L93-Gbx4 L104-Fui7 L115-Tkr5 L6-V_q6 L17-F_o5 L28-Pcj0 L39-Wtw5 L50-Ul_9 L61-Cs_0 L72-Ngb8 L83-C_x5 L94-O_e5 L105-U_z2 L116-Ajw8 L7-Hcd5 L18-E_q0 L29-Zqa8 L40-T_z0 L51-Mvh9 L62-Jlr2 L73-Kgh7 L84-Hoz0 L95-Xwe2 L106-T_c8 L117-Abz4 L8-Tdl4 L19-V_l5 L30-Vma4 L41-Jvg6 L52-Oqs1 L63-Ubn2 L74-Mmt7 L85-Aco9 L96-Sfc6 L107-Apd6 L118-Xcg7 L9-Aut2 L20-Rrz4 L31-Djd0 L42-Fhl5 L53-Xju3 L64-Ke_3 L75-Zij8 L86-Wgs5 L97-Jfp7 L108-Imk0 L119-T_l2 L10-Jgb5 L21-Ewl0 L32-Ilu3 L43-Nxj8 L54-Whl9 L65-Wbu8 L76-Cpz1 L87-Kdg9 L98-O_g0 L109-Cqm9 L120-Yma9 L11-Bmr8 L22-Hvf8 L33-Uts8 L44-Abh6 L55-Twj7 L66-P_j4 L77-Gpn6 L88-D_j9 L99-Q__4 L110-Vad3 L121-E_z5
L1-Oja4 L12-Rju1 L23-Vph5 L34-Wvy4 L45-Uyz8 L56-Ts_6 L67-R_u3 L78-Qbb1 L89-Ibv2 L100-Asw4 L111-Cfh5 L122-Kzg8 L2-F_f2 L13-Bhn6 L24-Yk_9 L35-Hag8 L46-Ytc4 L57-P_t8 L68-Fma7 L79-Abx0 L90-Mam3 L101-Ypa4 L112-Z_z3 L123-Xqq9 L3-Kfa4 L14-Upy0 L25-Fum1 L36-Gek6 L47-Uuj9 L58-Bmv5 L69-Rek0 L80-G_c6 L91-Jfz0 L102-Zj_1 L113-Ybl0 L124-Oyi3 L4-P_y8 L15-Aga5 L26-Zyr3 L37-S_k5 L48-Ymv9 L59-Mos6 L70-Asx6 L81-Evx9 L92-Jgx0 L103-Qpz2 L114-Ocs0 L125-Qae3 L5-Oma8 L16-Sq_7 L27-Ku_5 L38-Qjq3 L49-Kvv7 L60-Akj6 L71-Pi_7 L82-M_r4 L93-Hiw3 L104-Gbx4 L115-Fui7 L126-Tkr5 L6-Chg5 L17-V_q6 L28-F_o5 L39-Pcj0 L50-Wtw5 L61-Ul_9 L72-Cs_0 L83-Ngb8 L94-C_x5 L105-O_e5 L116-U_z2 L127-Ajw8 L7-T_z2 L18-Hcd5 L29-E_q0 L40-Zqa8 L51-T_z0 L62-Mvh9 L73-Jlr2 L84-Kgh7 L95-Hoz0 L106-Xwe2 L117-T_c8 L128-Abz4 L8-Kvn0 L19-Tdl4 L30-V_l5 L41-Vma4 L52-Jvg6 L63-Oqs1 L74-Ubn2 L85-Mmt7 L96-Aco9 L107-Sfc6 L118-Apd6 L129-Xcg7 L9-Tju3 L20-Aut2 L31-Rrz4 L42-Djd0 L53-Fhl5 L64-Xju3 L75-Ke_3 L86-Zij8 L97-Wgs5 L108-Jfp7 L119-Imk0 L130-T_l2 L10-Ek_2 L21-Jgb5 L32-Ewl0 L43-Ilu3 L54-Nxj8 L65-Whl9 L76-Wbu8 L87-Cpz1 L98-Kdg9 L109-O_g0 L120-Cqm9 L131-Yma9 L11-Cvw1 L22-Bmr8 L33-Hvf8 L44-Uts8 L55-Abh6 L66-Twj7 L77-P_j4 L88-Gpn6 L99-D_j9 L110-Q__4 L121-Vad3 L132-E_z5
L1-Aif0 L12-Oja4 L23-Rju1 L34-Vph5 L45-Wvy4 L56-Uyz8 L67-Ts_6 L78-R_u3 L89-Qbb1 L100-Ibv2 L111-Asw4 L122-Cfh5 L2-Huz0 L13-F_f2 L24-Bhn6 L35-Yk_9 L46-Hag8 L57-Ytc4 L68-P_t8 L79-Fma7 L90-Abx0 L101-Mam3 L112-Ypa4 L123-Z_z3 L3-W_k0 L14-Kfa4 L25-Upy0 L36-Fum1 L47-Gek6 L58-Uuj9 L69-Bmv5 L80-Rek0 L91-G_c6 L102-Jfz0 L113-Zj_1 L124-Ybl0 L4-Mfm2 L15-P_y8 L26-Aga5 L37-Zyr3 L48-S_k5 L59-Ymv9 L70-Mos6 L81-Asx6 L92-Evx9 L103-Jgx0 L114-Qpz2 L125-Ocs0 L5-Hlb0 L16-Oma8 L27-Sq_7 L38-Ku_5 L49-Qjq3 L60-Kvv7 L71-Akj6 L82-Pi_7 L93-M_r4 L104-Hiw3 L115-Gbx4 L126-Fui7 L6-R_c9 L17-Chg5 L28-V_q6 L39-F_o5 L50-Pcj0 L61-Wtw5 L72-Ul_9 L83-Cs_0 L94-Ngb8 L105-C_x5 L116-O_e5 L127-U_z2 L133-Ajw8 L7-Qyn6 L18-T_z2 L29-Hcd5 L40-E_q0 L51-Zqa8 L62-T_z0 L73-Mvh9 L84-Jlr2 L95-Kgh7 L106-Hoz0 L117-Xwe2 L128-T_c8 L134-Abz4 L8-Qac1 L19-Kvn0 L30-Tdl4 L41-V_l5 L52-Vma4 L63-Jvg6 L74-Oqs1 L85-Ubn2 L96-Mmt7 L107-Aco9 L118-Sfc6 L129-Apd6 L135-Xcg7 L9-Oyx5 L20-Tju3 L31-Aut2 L42-Rrz4 L53-Djd0 L64-Fhl5 L75-Xju3 L86-Ke_3 L97-Zij8 L108-Wgs5 L119-Jfp7 L130-Imk0 L136-T_l2 L10-Sos1 L21-Ek_2 L32-Jgb5 L43-Ewl0 L54-Ilu3 L65-Nxj8 L76-Whl9 L87-Wbu8 L98-Cpz1 L109-Kdg9 L120-O_g0 L131-Cqm9 L137-Yma9 L11-Em_1 L22-Cvw1 L33-Bmr8 L44-Hvf8 L55-Uts8 L66-Abh6 L77-Twj7 L88-P_j4 L99-Gpn6 L110-D_j9 L121-Q__4 L132-Vad3 L138-E_z5
L1-Exq7 L12-Aif0 L23-Oja4 L34-Rju1 L45-Vph5 L56-Wvy4 L67-Uyz8 L78-Ts_6 L89-R_u3 L100-Qbb1 L111-Ibv2 L122-Asw4 L2-Eap6 L13-Huz0 L24-F_f2 L35-Bhn6 L46-Yk_9 L57-Hag8 L68-Ytc4 L79-P_t8 L90-Fma7 L101-Abx0 L112-Mam3 L123-Ypa4 L3-Uml3 L14-W_k0 L25-Kfa4 L36-Upy0 L47-Fum1 L58-Gek6 L69-Uuj9 L80-Bmv5 L91-Rek0 L102-G_c6 L113-Jfz0 L124-Zj_1 L4-Txb1 L15-Mfm2 L26-P_y8 L37-Aga5 L48-Zyr3 L59-S_k5 L70-Ymv9 L81-Mos6 L92-Asx6 L103-Evx9 L114-Jgx0 L125-Qpz2 L5-Ovj2 L16-Hlb0 L27-Oma8 L38-Sq_7 L49-Ku_5 L60-Qjq3 L71-Kvv7 L82-Akj6 L93-Pi_7 L104-M_r4 L115-Hiw3 L126-Gbx4 L6-V_w5 L17-R_c9 L28-Chg5 L39-V_q6 L50-F_o5 L61-Pcj0 L72-Wtw5 L83-Ul_9 L94-Cs_0 L105-Ngb8 L116-C_x5 L127-O_e5 L133-U_z2 L7-Icq3 L18-Qyn6 L29-T_z2 L40-Hcd5 L51-E_q0 L62-Zqa8 L73-T_z0 L84-Mvh9 L95-Jlr2 L106-Kgh7 L117-Hoz0 L128-Xwe2 L134-T_c8 L8-Day3 L19-Qac1 L30-Kvn0 L41-Tdl4 L52-V_l5 L63-Vma4 L74-Jvg6 L85-Oqs1 L96-Ubn2 L107-Mmt7 L118-Aco9 L129-Sfc6 L135-Apd6 L9-Tn_0 L20-Oyx5 L31-Tju3 L42-Aut2 L53-Rrz4 L64-Djd0 L75-Fhl5 L86-Xju3 L97-Ke_3 L108-Zij8 L119-Wgs5 L130-Jfp7 L136-Imk0 L10-Fp_2 L21-Sos1 L32-Ek_2 L43-Jgb5 L54-Ewl0 L65-Ilu3 L76-Nxj8 L87-Whl9 L98-Wbu8 L109-Cpz1 L120-Kdg9 L131-O_g0 L137-Cqm9 L11-Cdo2 L22-Em_1 L33-Cvw1 L44-Bmr8 L55-Hvf8 L66-Uts8 L77-Abh6 L88-Twj7 L99-P_j4 L110-Gpn6 L121-D_j9 L132-Q__4 L138-Vad3
L1-Oh_1 L12-Exq7 L23-Aif0 L34-Oja4 L45-Rju1 L56-Vph5 L67-Wvy4 L78-Uyz8 L89-Ts_6 L100-R_u3 L111-Qbb1 L122-Ibv2 L2-A__8 L13-Eap6 L24-Huz0 L35-F_f2 L46-Bhn6 L57-Yk_9 L68-Hag8 L79-Ytc4 L90-P_t8 L101-Fma7 L112-Abx0 L123-Mam3 L3-Ci_7 L14-Uml3 L25-W_k0 L36-Kfa4 L47-Upy0 L58-Fum1 L69-Gek6 L80-Uuj9 L91-Bmv5 L102-Rek0 L113-G_c6 L124-Jfz0 L4-Ijh0 L15-Txb1 L26-Mfm2 L37-P_y8 L48-Aga5 L59-Zyr3 L70-S_k5 L81-Ymv9 L92-Mos6 L103-Asx6 L114-Evx9 L125-Jgx0 L5-Ooc3 L16-Ovj2 L27-Hlb0 L38-Oma8 L49-Sq_7 L60-Ku_5 L71-Qjq3 L82-Kvv7 L93-Akj6 L104-Pi_7 L115-M_r4 L126-Hiw3 L6-Yxv1 L17-V_w5 L28-R_c9 L39-Chg5 L50-V_q6 L61-F_o5 L72-Pcj0 L83-Wtw5 L94-Ul_9 L105-Cs_0 L116-Ngb8 L127-C_x5 L133-O_e5 L7-Hl_5 L18-Icq3 L29-Qyn6 L40-T_z2 L51-Hcd5 L62-E_q0 L73-Zqa8 L84-T_z0 L95-Mvh9 L106-Jlr2 L117-Kgh7 L128-Hoz0 L134-Xwe2 L8-Gzt4 L19-Day3 L30-Qac1 L41-Kvn0 L52-Tdl4 L63-V_l5 L74-Vma4 L85-Jvg6 L96-Oqs1 L107-Ubn2 L118-Mmt7 L129-Aco9 L135-Sfc6 L9-Vn_6 L20-Tn_0 L31-Oyx5 L42-Tju3 L53-Aut2 L64-Rrz4 L75-Djd0 L86-Fhl5 L97-Xju3 L108-Ke_3 L119-Zij8 L130-Wgs5 L136-Jfp7 L10-Xxm2 L21-Fp_2 L32-Sos1 L43-Ek_2 L54-Jgb5 L65-Ewl0 L76-Ilu3 L87-Nxj8 L98-Whl9 L109-Wbu8 L120-Cpz1 L131-Kdg9 L137-O_g0 L11-Buw7 L22-Cdo2 L33-Em_1 L44-Cvw1 L55-Bmr8 L66-Hvf8 L77-Uts8 L88-Abh6 L99-Twj7 L110-P_j4 L121-Gpn6 L132-D_j9 L138-Q__4
L1-Mg_4 L12-Oh_1 L23-Exq7 L34-Aif0 L45-Oja4 L56-Rju1 L67-Vph5 L78-Wvy4 L89-Uyz8 L100-Ts_6 L111-R_u3 L122-Qbb1 L2-Hxb0 L13-A__8 L24-Eap6 L35-Huz0 L46-F_f2 L57-Bhn6 L68-Yk_9 L79-Hag8 L90-Ytc4 L101-P_t8 L112-Fma7 L123-Abx0 L3-Zfj7 L14-Ci_7 L25-Uml3 L36-W_k0 L47-Kfa4 L58-Upy0 L69-Fum1 L80-Gek6 L91-Uuj9 L102-Bmv5 L113-Rek0 L124-G_c6 L4-Ygu8 L15-Ijh0 L26-Txb1 L37-Mfm2 L48-P_y8 L59-Aga5 L70-Zyr3 L81-S_k5 L92-Ymv9 L103-Mos6 L114-Asx6 L125-Evx9 L5-Md_0 L16-Ooc3 L27-Ovj2 L38-Hlb0 L49-Oma8 L60-Sq_7 L71-Ku_5 L82-Qjq3 L93-Kvv7 L104-Akj6 L115-Pi_7 L126-M_r4 L6-Emg3 L17-Yxv1 L28-V_w5 L39-R_c9 L50-Chg5 L61-V_q6 L72-F_o5 L83-Pcj0 L94-Wtw5 L105-Ul_9 L116-Cs_0 L127-Ngb8 L133-C_x5 L7-Hjw3 L18-Hl_5 L29-Icq3 L40-Qyn6 L51-T_z2 L62-Hcd5 L73-E_q0 L84-Zqa8 L95-T_z0 L106-Mvh9 L117-Jlr2 L128-Kgh7 L134-Hoz0 L8-Mqm2 L19-Gzt4 L30-Day3 L41-Qac1 L52-Kvn0 L63-Tdl4 L74-V_l5 L85-Vma4 L96-Jvg6 L107-Oqs1 L118-Ubn2 L129-Mmt7 L135-Aco9 L9-J_v5 L20-Vn_6 L31-Tn_0 L42-Oyx5 L53-Tju3 L64-Aut2 L75-Rrz4 L86-Djd0 L97-Fhl5 L108-Xju3 L119-Ke_3 L130-Zij8 L136-Wgs5 L10-Tif8 L21-Xxm2 L32-Fp_2 L43-Sos1 L54-Ek_2 L65-Jgb5 L76-Ewl0 L87-Ilu3 L98-Nxj8 L109-Whl9 L120-Wbu8 L131-Cpz1 L137-Kdg9 L11-Qbv8 L22-Buw7 L33-Cdo2 L44-Em_1 L55-Cvw1 L66-Bmr8 L77-Hvf8 L88-Uts8 L99-Abh6 L110-Twj7 L121-P_j4 L132-Gpn6 L138-D_j9
L1-Sqt3 L12-Mg_4 L23-Oh_1 L34-Exq7 L45-Aif0 L56-Oja4 L67-Rju1 L78-Vph5 L89-Wvy4 L100-Uyz8 L111-Ts_6 L122-R_u3 L2-Wvh9 L13-Hxb0 L24-A__8 L35-Eap6 L46-Huz0 L57-F_f2 L68-Bhn6 L79-Yk_9 L90-Hag8 L101-Ytc4 L112-P_t8 L123-Fma7 L3-Aqz1 L14-Zfj7 L25-Ci_7 L36-Uml3 L47-W_k0 L58-Kfa4 L69-Upy0 L80-Fum1 L91-Gek6 L102-Uuj9 L113-Bmv5 L124-Rek0 L4-Vu_4 L15-Ygu8 L26-Ijh0 L37-Txb1 L48-Mfm2 L59-P_y8 L70-Aga5 L81-Zyr3 L92-S_k5 L103-Ymv9 L114-Mos6 L125-Asx6 L5-Drf1 L16-Md_0 L27-Ooc3 L38-Ovj2 L49-Hlb0 L60-Oma8 L71-Sq_7 L82-Ku_5 L93-Qjq3 L104-Kvv7 L115-Akj6 L126-Pi_7 L6-Fdj6 L17-Emg3 L28-Yxv1 L39-V_w5 L50-R_c9 L61-Chg5 L72-V_q6 L83-F_o5 L94-Pcj0 L105-Wtw5 L116-Ul_9 L127-Cs_0 L133-Ngb8 L7-Chx1 L18-Hjw3 L29-Hl_5 L40-Icq3 L51-Qyn6 L62-T_z2 L73-Hcd5 L84-E_q0 L95-Zqa8 L106-T_z0 L117-Mvh9 L128-Jlr2 L134-Kgh7 L8-Td_1 L19-Mqm2 L30-Gzt4 L41-Day3 L52-Qac1 L63-Kvn0 L74-Tdl4 L85-V_l5 L96-Vma4 L107-Jvg6 L118-Oqs1 L129-Ubn2 L135-Mmt7 L9-H_f5 L20-J_v5 L31-Vn_6 L42-Tn_0 L53-Oyx5 L64-Tju3 L75-Aut2 L86-Rrz4 L97-Djd0 L108-Fhl5 L119-Xju3 L130-Ke_3 L136-Zij8 L10-Bhr7 L21-Tif8 L32-Xxm2 L43-Fp_2 L54-Sos1 L65-Ek_2 L76-Jgb5 L87-Ewl0 L98-Ilu3 L109-Nxj8 L120-Whl9 L131-Wbu8 L137-Cpz1 L11-Yxj1 L22-Qbv8 L33-Buw7 L44-Cdo2 L55-Em_1 L66-Cvw1 L77-Bmr8 L88-Hvf8 L99-Uts8 L110-Abh6 L121-Twj7 L132-P_j4 L138-Gpn6
L1-Wlo6 L12-Sqt3 L23-Mg_4 L34-Oh_1 L45-Exq7 L56-Aif0 L67-Oja4 L78-Rju1 L89-Vph5 L100-Wvy4 L111-Uyz8 L122-Ts_6 L2-Bjh8 L13-Wvh9 L24-Hxb0 L35-A__8 L46-Eap6 L57-Huz0 L68-F_f2 L79-Bhn6 L90-Yk_9 L101-Hag8 L112-Ytc4 L123-P_t8 L3-Q_s4 L14-Aqz1 L25-Zfj7 L36-Ci_7 L47-Uml3 L58-W_k0 L69-Kfa4 L80-Upy0 L91-Fum1 L102-Gek6 L113-Uuj9 L124-Bmv5 L4-Uzz9 L15-Vu_4 L26-Ygu8 L37-Ijh0 L48-Txb1 L59-Mfm2 L70-P_y8 L81-Aga5 L92-Zyr3 L103-S_k5 L114-Ymv9 L125-Mos6 L5-Gfc2 L16-Drf1 L27-Md_0 L38-Ooc3 L49-Ovj2 L60-Hlb0 L71-Oma8 L82-Sq_7 L93-Ku_5 L104-Qjq3 L115-Kvv7 L126-Akj6 L6-Qqc9 L17-Fdj6 L28-Emg3 L39-Yxv1 L50-V_w5 L61-R_c9 L72-Chg5 L83-V_q6 L94-F_o5 L105-Pcj0 L116-Wtw5 L127-Ul_9 L133-Cs_0 L7-Pvn9 L18-Chx1 L29-Hjw3 L40-Hl_5 L51-Icq3 L62-Qyn6 L73-T_z2 L84-Hcd5 L95-E_q0 L106-Zqa8 L117-T_z0 L128-Mvh9 L134-Jlr2 L8-Kcy0 L19-Td_1 L30-Mqm2 L41-Gzt4 L52-Day3 L63-Qac1 L74-Kvn0 L85-Tdl4 L96-V_l5 L107-Vma4 L118-Jvg6 L129-Oqs1 L135-Ubn2 L9-Bkt5 L20-H_f5 L31-J_v5 L42-Vn_6 L53-Tn_0 L64-Oyx5 L75-Tju3 L86-Aut2 L97-Rrz4 L108-Djd0 L119-Fhl5 L130-Xju3 L136-Ke_3 L10-Ozk2 L21-Bhr7 L32-Tif8 L43-Xxm2 L54-Fp_2 L65-Sos1 L76-Ek_2 L87-Jgb5 L98-Ewl0 L109-Ilu3 L120-Nxj8 L131-Whl9 L137-Wbu8 L11-Ozk2 L22-Yxj1 L33-Qbv8 L44-Buw7 L55-Cdo2 L66-Em_1 L77-Cvw1 L88-Bmr8 L99-Hvf8 L110-Uts8 L121-Abh6 L132-Twj7 L138-P_j4
L1-Vix8 L12-Wlo6 L23-Sqt3 L34-Mg_4 L45-Oh_1 L56-Exq7 L67-Aif0 L78-Oja4 L89-Rju1 L100-Vph5 L111-Wvy4 L122-Uyz8 L2-Kwi8 L13-Bjh8 L24-Wvh9 L35-Hxb0 L46-A__8 L57-Eap6 L68-Huz0 L79-F_f2 L90-Bhn6 L101-Yk_9 L112-Hag8 L123-Ytc4 L3-Heg3 L14-Q_s4 L25-Aqz1 L36-Zfj7 L47-Ci_7 L58-Uml3 L69-W_k0 L80-Kfa4 L91-Upy0 L102-Fum1 L113-Gek6 L124-Uuj9 L4-Urr1 L15-Uzz9 L26-Vu_4 L37-Ygu8 L48-Ijh0 L59-Txb1 L70-Mfm2 L81-P_y8 L92-Aga5 L103-Zyr3 L114-S_k5 L125-Ymv9 L5-Uqx9 L16-Gfc2 L27-Drf1 L38-Md_0 L49-Ooc3 L60-Ovj2 L71-Hlb0 L82-Oma8 L93-Sq_7 L104-Ku_5 L115-Qjq3 L126-Kvv7 L6-Phi5 L17-Qqc9 L28-Fdj6 L39-Emg3 L50-Yxv1 L61-V_w5 L72-R_c9 L83-Chg5 L94-V_q6 L105-F_o5 L116-Pcj0 L127-Wtw5 L133-Ul_9 L7-Evl2 L18-Pvn9 L29-Chx1 L40-Hjw3 L51-Hl_5 L62-Icq3 L73-Qyn6 L84-T_z2 L95-Hcd5 L106-E_q0 L117-Zqa8 L128-T_z0 L134-Mvh9 L8-Fhf4 L19-Kcy0 L30-Td_1 L41-Mqm2 L52-Gzt4 L63-Day3 L74-Qac1 L85-Kvn0 L96-Tdl4 L107-V_l5 L118-Vma4 L129-Jvg6 L135-Oqs1 L9-Rsj6 L20-Bkt5 L31-H_f5 L42-J_v5 L53-Vn_6 L64-Tn_0 L75-Oyx5 L86-Tju3 L97-Aut2 L108-Rrz4 L119-Djd0 L130-Fhl5 L136-Xju3 L21-Ozk2 L32-Bhr7 L43-Tif8 L54-Xxm2 L65-Fp_2 L76-Sos1 L87-Ek_2 L98-Jgb5 L109-Ewl0 L120-Ilu3 L131-Nxj8 L137-Whl9 L22-Ozk2 L33-Yxj1 L44-Qbv8 L55-Buw7 L66-Cdo2 L77-Em_1 L88-Cvw1 L99-Bmr8 L110-Hvf8 L121-Uts8 L132-Abh6 L138-Twj7
L1-Txt4 L12-Vix8 L23-Wlo6 L34-Sqt3 L45-Mg_4 L56-Oh_1 L67-Exq7 L78-Aif0 L89-Oja4 L100-Rju1 L111-Vph5 L122-Wvy4 L2-Qfq4 L13-Kwi8 L24-Bjh8 L35-Wvh9 L46-Hxb0 L57-A__8 L68-Eap6 L79-Huz0 L90-F_f2 L101-Bhn6 L112-Yk_9 L123-Hag8 L3-Rfg2 L14-Heg3 L25-Q_s4 L36-Aqz1 L47-Zfj7 L58-Ci_7 L69-Uml3 L80-W_k0 L91-Kfa4 L102-Upy0 L113-Fum1 L124-Gek6 L4-Xxt4 L15-Urr1 L26-Uzz9 L37-Vu_4 L48-Ygu8 L59-Ijh0 L70-Txb1 L81-Mfm2 L92-P_y8 L103-Aga5 L114-Zyr3 L125-S_k5 L5-Rdv3 L16-Uqx9 L27-Gfc2 L38-Drf1 L49-Md_0 L60-Ooc3 L71-Ovj2 L82-Hlb0 L93-Oma8 L104-Sq_7 L115-Ku_5 L126-Qjq3 L6-Rta0 L17-Phi5 L28-Qqc9 L39-Fdj6 L50-Emg3 L61-Yxv1 L72-V_w5 L83-R_c9 L94-Chg5 L105-V_q6 L116-F_o5 L127-Pcj0 L133-Wtw5 L7-Ybp3 L18-Evl2 L29-Pvn9 L40-Chx1 L51-Hjw3 L62-Hl_5 L73-Icq3 L84-Qyn6 L95-T_z2 L106-Hcd5 L117-E_q0 L128-Zqa8 L134-T_z0 L8-Ozk2 L19-Fhf4 L30-Kcy0 L41-Td_1 L52-Mqm2 L63-Gzt4 L74-Day3 L85-Qac1 L96-Kvn0 L107-Tdl4 L118-V_l5 L129-Vma4 L135-Jvg6 L9-Ozk2 L20-Rsj6 L31-Bkt5 L42-H_f5 L53-J_v5 L64-Vn_6 L75-Tn_0 L86-Oyx5 L97-Tju3 L108-Aut2 L119-Rrz4 L130-Djd0 L136-Fhl5 L32-Ozk2 L43-Bhr7 L54-Tif8 L65-Xxm2 L76-Fp_2 L87-Sos1 L98-Ek_2 L109-Jgb5 L120-Ewl0 L131-Ilu3 L137-Nxj8 L33-Ozk2 L44-Yxj1 L55-Qbv8 L66-Buw7 L77-Cdo2 L88-Em_1 L99-Cvw1 L110-Bmr8 L121-Hvf8 L132-Uts8 L138-Abh6
L1-Tfg2 L12-Txt4 L23-Vix8 L34-Wlo6 L45-Sqt3 L56-Mg_4 L67-Oh_1 L78-Exq7 L89-Aif0 L100-Oja4 L111-Rju1 L122-Vph5 L2-Hp_2 L13-Qfq4 L24-Kwi8 L35-Bjh8 L46-Wvh9 L57-Hxb0 L68-A__8 L79-Eap6 L90-Huz0 L101-F_f2 L112-Bhn6 L123-Yk_9 L3-Kx_6 L14-Rfg2 L25-Heg3 L36-Q_s4 L47-Aqz1 L58-Zfj7 L69-Ci_7 L80-Uml3 L91-W_k0 L102-Kfa4 L113-Upy0 L124-Fum1 L4-Aoh7 L15-Xxt4 L26-Urr1 L37-Uzz9 L48-Vu_4 L59-Ygu8 L70-Ijh0 L81-Txb1 L92-Mfm2 L103-P_y8 L114-Aga5 L125-Zyr3 L5-Dgi0 L16-Rdv3 L27-Uqx9 L38-Gfc2 L49-Drf1 L60-Md_0 L71-Ooc3 L82-Ovj2 L93-Hlb0 L104-Oma8 L115-Sq_7 L126-Ku_5 L6-Jtx0 L17-Rta0 L28-Phi5 L39-Qqc9 L50-Fdj6 L61-Emg3 L72-Yxv1 L83-V_w5 L94-R_c9 L105-Chg5 L116-V_q6 L127-F_o5 L133-Pcj0 L7-Pp_0 L18-Ybp3 L29-Evl2 L40-Pvn9 L51-Chx1 L62-Hjw3 L73-Hl_5 L84-Icq3 L95-Qyn6 L106-T_z2 L117-Hcd5 L128-E_q0 L134-Zqa8 L19-Ozk2 L30-Fhf4 L41-Kcy0 L52-Td_1 L63-Mqm2 L74-Gzt4 L85-Day3 L96-Qac1 L107-Kvn0 L118-Tdl4 L129-V_l5 L135-Vma4 L20-Ozk2 L31-Rsj6 L42-Bkt5 L53-H_f5 L64-J_v5 L75-Vn_6 L86-Tn_0 L97-Oyx5 L108-Tju3 L119-Aut2 L130-Rrz4 L136-Djd0 L43-Ozk2 L54-Bhr7 L65-Tif8 L76-Xxm2 L87-Fp_2 L98-Sos1 L109-Ek_2 L120-Jgb5 L131-Ewl0 L137-Ilu3 L44-Ozk2 L55-Yxj1 L66-Qbv8 L77-Buw7 L88-Cdo2 L99-Em_1 L110-Cvw1 L121-Bmr8 L132-Hvf8 L138-Uts8
L1-Ucc7 L12-Tfg2 L23-Txt4 L34-Vix8 L45-Wlo6 L56-Sqt3 L67-Mg_4 L78-Oh_1 L89-Exq7 L100-Aif0 L111-Oja4 L122-Rju1 L2-Mih7 L13-Hp_2 L24-Qfq4 L35-Kwi8 L46-Bjh8 L57-Wvh9 L68-Hxb0 L79-A__8 L90-Eap6 L101-Huz0 L112-F_f2 L123-Bhn6 L3-Mls1 L14-Kx_6 L25-Rfg2 L36-Heg3 L47-Q_s4 L58-Aqz1 L69-Zfj7 L80-Ci_7 L91-Uml3 L102-W_k0 L113-Kfa4 L124-Upy0 L4-Fpa9 L15-Aoh7 L26-Xxt4 L37-Urr1 L48-Uzz9 L59-Vu_4 L70-Ygu8 L81-Ijh0 L92-Txb1 L103-Mfm2 L114-P_y8 L125-Aga5 L5-Xay8 L16-Dgi0 L27-Rdv3 L38-Uqx9 L49-Gfc2 L60-Drf1 L71-Md_0 L82-Ooc3 L93-Ovj2 L104-Hlb0 L115-Oma8 L126-Sq_7 L6-Ozk2 L17-Jtx0 L28-Rta0 L39-Phi5 L50-Qqc9 L61-Fdj6 L72-Emg3 L83-Yxv1 L94-V_w5 L105-R_c9 L116-Chg5 L127-V_q6 L133-F_o5 L7-Ozk2 L18-Pp_0 L29-Ybp3 L40-Evl2 L51-Pvn9 L62-Chx1 L73-Hjw3 L84-Hl_5 L95-Icq3 L106-Qyn6 L117-T_z2 L128-Hcd5 L134-E_q0 L30-Ozk2 L41-Fhf4 L52-Kcy0 L63-Td_1 L74-Mqm2 L85-Gzt4 L96-Day3 L107-Qac1 L118-Kvn0 L129-Tdl4 L135-V_l5 L31-Ozk2 L42-Rsj6 L53-Bkt5 L64-H_f5 L75-J_v5 L86-Vn_6 L97-Tn_0 L108-Oyx5 L119-Tju3 L130-Aut2 L136-Rrz4 L54-Ozk2 L65-Bhr7 L76-Tif8 L87-Xxm2 L98-Fp_2 L109-Sos1 L120-Ek_2 L131-Jgb5 L137-Ewl0 L55-Ozk2 L66-Yxj1 L77-Qbv8 L88-Buw7 L99-Cdo2 L110-Em_1 L121-Cvw1 L132-Bmr8 L138-Hvf8
L1-Idz1 L12-Ucc7 L23-Tfg2 L34-Txt4 L45-Vix8 L56-Wlo6 L67-Sqt3 L78-Mg_4 L89-Oh_1 L100-Exq7 L111-Aif0 L122-Oja4 L2-Mr_7 L13-Mih7 L24-Hp_2 L35-Qfq4 L46-Kwi8 L57-Bjh8 L68-Wvh9 L79-Hxb0 L90-A__8 L101-Eap6 L112-Huz0 L123-F_f2 L3-Hxj3 L14-Mls1 L25-Kx_6 L36-Rfg2 L47-Heg3 L58-Q_s4 L69-Aqz1 L80-Zfj7 L91-Ci_7 L102-Uml3 L113-W_k0 L124-Kfa4 L4-Ozk2 L15-Fpa9 L26-Aoh7 L37-Xxt4 L48-Urr1 L59-Uzz9 L70-Vu_4 L81-Ygu8 L92-Ijh0 L103-Txb1 L114-Mfm2 L125-P_y8 L5-Ozk2 L16-Xay8 L27-Dgi0 L38-Rdv3 L49-Uqx9 L60-Gfc2 L71-Drf1 L82-Md_0 L93-Ooc3 L104-Ovj2 L115-Hlb0 L126-Oma8 L17-Ozk2 L28-Jtx0 L39-Rta0 L50-Phi5 L61-Qqc9 L72-Fdj6 L83-Emg3 L94-Yxv1 L105-V_w5 L116-R_c9 L127-Chg5 L133-V_q6 L18-Ozk2 L29-Pp_0 L40-Ybp3 L51-Evl2 L62-Pvn9 L73-Chx1 L84-Hjw3 L95-Hl_5 L106-Icq3 L117-Qyn6 L128-T_z2 L134-Hcd5 L41-Ozk2 L52-Fhf4 L63-Kcy0 L74-Td_1 L85-Mqm2 L96-Gzt4 L107-Day3 L118-Qac1 L129-Kvn0 L135-Tdl4 L42-Ozk2 L53-Rsj6 L64-Bkt5 L75-H_f5 L86-J_v5 L97-Vn_6 L108-Tn_0 L119-Oyx5 L130-Tju3 L136-Aut2 L65-Ozk2 L76-Bhr7 L87-Tif8 L98-Xxm2 L109-Fp_2 L120-Sos1 L131-Ek_2 L137-Jgb5 L66-Ozk2 L77-Yxj1 L88-Qbv8 L99-Buw7 L110-Cdo2 L121-Em_1 L132-Cvw1 L138-Bmr8
L1-Elc8 L12-Idz1 L23-Ucc7 L34-Tfg2 L45-Txt4 L56-Vix8 L67-Wlo6 L78-Sqt3 L89-Mg_4 L100-Oh_1 L111-Exq7 L122-Aif0 L2-Vgp1 L13-Mr_7 L24-Mih7 L35-Hp_2 L46-Qfq4 L57-Kwi8 L68-Bjh8 L79-Wvh9 L90-Hxb0 L101-A__8 L112-Eap6 L123-Huz0 L3-Ozk2 L14-Hxj3 L25-Mls1 L36-Kx_6 L47-Rfg2 L58-Heg3 L69-Q_s4 L80-Aqz1 L91-Zfj7 L102-Ci_7 L113-Uml3 L124-W_k0 L15-Ozk2 L26-Fpa9 L37-Aoh7 L48-Xxt4 L59-Urr1 L70-Uzz9 L81-Vu_4 L92-Ygu8 L103-Ijh0 L114-Txb1 L125-Mfm2 L16-Ozk2 L27-Xay8 L38-Dgi0 L49-Rdv3 L60-Uqx9 L71-Gfc2 L82-Drf1 L93-Md_0 L104-Ooc3 L115-Ovj2 L126-Hlb0 L28-Ozk2 L39-Jtx0 L50-Rta0 L61-Phi5 L72-Qqc9 L83-Fdj6 L94-Emg3 L105-Yxv1 L116-V_w5 L127-R_c9 L133-Chg5 L29-Ozk2 L40-Pp_0 L51-Ybp3 L62-Evl2 L73-Pvn9 L84-Chx1 L95-Hjw3 L106-Hl_5 L117-Icq3 L128-Qyn6 L134-T_z2 L52-Ozk2 L63-Fhf4 L74-Kcy0 L85-Td_1 L96-Mqm2 L107-Gzt4 L118-Day3 L129-Qac1 L135-Kvn0 L53-Ozk2 L64-Rsj6 L75-Bkt5 L86-H_f5 L97-J_v5 L108-Vn_6 L119-Tn_0 L130-Oyx5 L136-Tju3 L76-Ozk2 L87-Bhr7 L98-Tif8 L109-Xxm2 L120-Fp_2 L131-Sos1 L137-Ek_2 L77-Ozk2 L88-Yxj1 L99-Qbv8 L110-Buw7 L121-Cdo2 L132-Em_1 L138-Cvw1
L1-Ozk2 L12-Elc8 L23-Idz1 L34-Ucc7 L45-Tfg2 L56-Txt4 L67-Vix8 L78-Wlo6 L89-Sqt3 L100-Mg_4 L111-Oh_1 L122-Exq7 L2-Ozk2 L13-Vgp1 L24-Mr_7 L35-Mih7 L46-Hp_2 L57-Qfq4 L68-Kwi8 L79-Bjh8 L90-Wvh9 L101-Hxb0 L112-A__8 L123-Eap6 L14-Ozk2 L25-Hxj3 L36-Mls1 L47-Kx_6 L58-Rfg2 L69-Heg3 L80-Q_s4 L91-Aqz1 L102-Zfj7 L113-Ci_7 L124-Uml3 L26-Ozk2 L37-Fpa9 L48-Aoh7 L59-Xxt4 L70-Urr1 L81-Uzz9 L92-Vu_4 L103-Ygu8 L114-Ijh0 L125-Txb1 L27-Ozk2 L38-Xay8 L49-Dgi0 L60-Rdv3 L71-Uqx9 L82-Gfc2 L93-Drf1 L104-Md_0 L115-Ooc3 L126-Ovj2 L39-Ozk2 L50-Jtx0 L61-Rta0 L72-Phi5 L83-Qqc9 L94-Fdj6 L105-Emg3 L116-Yxv1 L127-V_w5 L133-R_c9 L40-Ozk2 L51-Pp_0 L62-Ybp3 L73-Evl2 L84-Pvn9 L95-Chx1 L106-Hjw3 L117-Hl_5 L128-Icq3 L134-Qyn6 L63-Ozk2 L74-Fhf4 L85-Kcy0 L96-Td_1 L107-Mqm2 L118-Gzt4 L129-Day3 L135-Qac1 L64-Ozk2 L75-Rsj6 L86-Bkt5 L97-H_f5 L108-J_v5 L119-Vn_6 L130-Tn_0 L136-Oyx5 L87-Ozk2 L98-Bhr7 L109-Tif8 L120-Xxm2 L131-Fp_2 L137-Sos1 L88-Ozk2 L99-Yxj1 L110-Qbv8 L121-Buw7 L132-Cdo2 L138-Em_1
L12-Ozk2 L23-Elc8 L34-Idz1 L45-Ucc7 L56-Tfg2 L67-Txt4 L78-Vix8 L89-Wlo6 L100-Sqt3 L111-Mg_4 L122-Oh_1 L13-Ozk2 L24-Vgp1 L35-Mr_7 L46-Mih7 L57-Hp_2 L68-Qfq4 L79-Kwi8 L90-Bjh8 L101-Wvh9 L112-Hxb0 L123-A__8 L25-Ozk2 L36-Hxj3 L47-Mls1 L58-Kx_6 L69-Rfg2 L80-Heg3 L91-Q_s4 L102-Aqz1 L113-Zfj7 L124-Ci_7 L37-Ozk2 L48-Fpa9 L59-Aoh7 L70-Xxt4 L81-Urr1 L92-Uzz9 L103-Vu_4 L114-Ygu8 L125-Ijh0 L38-Ozk2 L49-Xay8 L60-Dgi0 L71-Rdv3 L82-Uqx9 L93-Gfc2 L104-Drf1 L115-Md_0 L126-Ooc3 L50-Ozk2 L61-Jtx0 L72-Rta0 L83-Phi5 L94-Qqc9 L105-Fdj6 L116-Emg3 L127-Yxv1 L133-V_w5 L51-Ozk2 L62-Pp_0 L73-Ybp3 L84-Evl2 L95-Pvn9 L106-Chx1 L117-Hjw3 L128-Hl_5 L134-Icq3 L74-Ozk2 L85-Fhf4 L96-Kcy0 L107-Td_1 L118-Mqm2 L129-Gzt4 L135-Day3 L75-Ozk2 L86-Rsj6 L97-Bkt5 L108-H_f5 L119-J_v5 L130-Vn_6 L136-Tn_0 L98-Ozk2 L109-Bhr7 L120-Tif8 L131-Xxm2 L137-Fp_2 L99-Ozk2 L110-Yxj1 L121-Qbv8 L132-Buw7 L138-Cdo2
L23-Ozk2 L34-Elc8 L45-Idz1 L56-Ucc7 L67-Tfg2 L78-Txt4 L89-Vix8 L100-Wlo6 L111-Sqt3 L122-Mg_4 L24-Ozk2 L35-Vgp1 L46-Mr_7 L57-Mih7 L68-Hp_2 L79-Qfq4 L90-Kwi8 L101-Bjh8 L112-Wvh9 L123-Hxb0 L36-Ozk2 L47-Hxj3 L58-Mls1 L69-Kx_6 L80-Rfg2 L91-Heg3 L102-Q_s4 L113-Aqz1 L124-Zfj7 L48-Ozk2 L59-Fpa9 L70-Aoh7 L81-Xxt4 L92-Urr1 L103-Uzz9 L114-Vu_4 L125-Ygu8 L49-Ozk2 L60-Xay8 L71-Dgi0 L82-Rdv3 L93-Uqx9 L104-Gfc2 L115-Drf1 L126-Md_0 L61-Ozk2 L72-Jtx0 L83-Rta0 L94-Phi5 L105-Qqc9 L116-Fdj6 L127-Emg3 L133-Yxv1 L62-Ozk2 L73-Pp_0 L84-Ybp3 L95-Evl2 L106-Pvn9 L117-Chx1 L128-Hjw3 L134-Hl_5 L85-Ozk2 L96-Fhf4 L107-Kcy0 L118-Td_1 L129-Mqm2 L135-Gzt4 L86-Ozk2 L97-Rsj6 L108-Bkt5 L119-H_f5 L130-J_v5 L136-Vn_6 L109-Ozk2 L120-Bhr7 L131-Tif8 L137-Xxm2 L110-Ozk2 L121-Yxj1 L132-Qbv8 L138-Buw7
L34-Ozk2 L45-Elc8 L56-Idz1 L67-Ucc7 L78-Tfg2 L89-Txt4 L100-Vix8 L111-Wlo6 L122-Sqt3 L35-Ozk2 L46-Vgp1 L57-Mr_7 L68-Mih7 L79-Hp_2 L90-Qfq4 L101-Kwi8 L112-Bjh8 L123-Wvh9 L47-Ozk2 L58-Hxj3 L69-Mls1 L80-Kx_6 L91-Rfg2 L102-Heg3 L113-Q_s4 L124-Aqz1 L59-Ozk2 L70-Fpa9 L81-Aoh7 L92-Xxt4 L103-Urr1 L114-Uzz9 L125-Vu_4 L60-Ozk2 L71-Xay8 L82-Dgi0 L93-Rdv3 L104-Uqx9 L115-Gfc2 L126-Drf1 L72-Ozk2 L83-Jtx0 L94-Rta0 L105-Phi5 L116-Qqc9 L127-Fdj6 L133-Emg3 L73-Ozk2 L84-Pp_0 L95-Ybp3 L106-Evl2 L117-Pvn9 L128-Chx1 L134-Hjw3 L96-Ozk2 L107-Fhf4 L118-Kcy0 L129-Td_1 L135-Mqm2 L97-Ozk2 L108-Rsj6 L119-Bkt5 L130-H_f5 L136-J_v5 L120-Ozk2 L131-Bhr7 L137-Tif8 L121-Ozk2 L132-Yxj1 L138-Qbv8
L45-Ozk2 L56-Elc8 L67-Idz1 L78-Ucc7 L89-Tfg2 L100-Txt4 L111-Vix8 L122-Wlo6 L46-Ozk2 L57-Vgp1 L68-Mr_7 L79-Mih7 L90-Hp_2 L101-Qfq4 L112-Kwi8 L123-Bjh8 L58-Ozk2 L69-Hxj3 L80-Mls1 L91-Kx_6 L102-Rfg2 L113-Heg3 L124-Q_s4 L70-Ozk2 L81-Fpa9 L92-Aoh7 L103-Xxt4 L114-Urr1 L125-Uzz9 L71-Ozk2 L82-Xay8 L93-Dgi0 L104-Rdv3 L115-Uqx9 L126-Gfc2 L83-Ozk2 L94-Jtx0 L105-Rta0 L116-Phi5 L127-Qqc9 L133-Fdj6 L84-Ozk2 L95-Pp_0 L106-Ybp3 L117-Evl2 L128-Pvn9 L134-Chx1 L107-Ozk2 L118-Fhf4 L129-Kcy0 L135-Td_1 L108-Ozk2 L119-Rsj6 L130-Bkt5 L136-H_f5 L131-Ozk2 L137-Bhr7 L132-Ozk2 L138-Yxj1
L56-Ozk2 L67-Elc8 L78-Idz1 L89-Ucc7 L100-Tfg2 L111-Txt4 L122-Vix8 L57-Ozk2 L68-Vgp1 L79-Mr_7 L90-Mih7 L101-Hp_2 L112-Qfq4 L123-Kwi8 L69-Ozk2 L80-Hxj3 L91-Mls1 L102-Kx_6 L113-Rfg2 L124-Heg3 L81-Ozk2 L92-Fpa9 L103-Aoh7 L114-Xxt4 L125-Urr1 L82-Ozk2 L93-Xay8 L104-Dgi0 L115-Rdv3 L126-Uqx9 L94-Ozk2 L105-Jtx0 L116-Rta0 L127-Phi5 L133-Qqc9 L95-Ozk2 L106-Pp_0 L117-Ybp3 L128-Evl2 L134-Pvn9 L118-Ozk2 L129-Fhf4 L135-Kcy0 L119-Ozk2 L130-Rsj6 L136-Bkt5 L137-Ozk2 L138-Ozk2
L67-Ozk2 L78-Elc8 L89-Idz1 L100-Ucc7 L111-Tfg2 L122-Txt4 L68-Ozk2 L79-Vgp1 L90-Mr_7 L101-Mih7 L112-Hp_2 L123-Qfq4 L80-Ozk2 L91-Hxj3 L102-Mls1 L113-Kx_6 L124-Rfg2 L92-Ozk2 L103-Fpa9 L114-Aoh7 L125-Xxt4 L93-Ozk2 L104-Xay8 L115-Dgi0 L126-Rdv3 L105-Ozk2 L116-Jtx0 L127-Rta0 L133-Phi5 L106-Ozk2 L117-Pp_0 L128-Ybp3 L134-Evl2 L129-Ozk2 L135-Fhf4 L130-Ozk2 L136-Rsj6
L78-Ozk2 L89-Elc8 L100-Idz1 L111-Ucc7 L122-Tfg2 L79-Ozk2 L90-Vgp1 L101-Mr_7 L112-Mih7 L123-Hp_2 L91-Ozk2 L102-Hxj3 L113-Mls1 L124-Kx_6 L103-Ozk2 L114-Fpa9 L125-Aoh7 L104-Ozk2 L115-Xay8 L126-Dgi0 L116-Ozk2 L127-Jtx0 L133-Rta0 L117-Ozk2 L128-Pp_0 L134-Ybp3 L135-Ozk2 L136-Ozk2
L89-Ozk2 L100-Elc8 L111-Idz1 L122-Ucc7 L90-Ozk2 L101-Vgp1 L112-Mr_7 L123-Mih7 L102-Ozk2 L113-Hxj3 L124-Mls1 L114-Ozk2 L125-Fpa9 L115-Ozk2 L126-Xay8 L127-Ozk2 L133-Jtx0 L128-Ozk2 L134-Pp_0
L100-Ozk2 L111-Elc8 L122-Idz1 L101-Ozk2 L112-Vgp1 L123-Mr_7 L113-Ozk2 L124-Hxj3 L125-Ozk2 L126-Ozk2 L133-Ozk2 L134-Ozk2
L111-Ozk2 L122-Elc8 L112-Ozk2 L123-Vgp1 L124-Ozk2
L122-Ozk2 L123-Ozk2
