1
#Here is the number of lines required: 28
##start
Wir3 1 1
##end
Nct3 4 4
X_h6 7 7
Ibw4 9 9
Eko7 12 12
Qpb1 16 16
D_h7 21 21
Iro2 25 25
Kud1 27 27
Yfm0 31 31
Czg6 33 33
Qgm9 38 38
Qbc0 40 40
Kwv9 41 41
Dsh9 45 45
Xww5 47 47
T_c3 51 51
Qzd6 53 53
Eb_5 56 56
Hcy0 58 58
Tkw3 59 59
Ouk4 62 62
Idx6 65 65
Xwq8 70 70
Ngf0 71 71
Qil6 74 74
A_m6 78 78
Ded2 82 82
Kmp6 86 86
Pma3 89 89
Djn3 92 92
Er_8 95 95
Opb2 97 97
H_x3 98 98
Rp_7 100 100
Mgc7 105 105
Avs3 110 110
Msb2 112 112
Cns9 117 117
Vns9 121 121
Qfy8 125 125
Fy_6 126 126
E_h9 127 127
Gjb9 129 129
Tsy1 131 131
Pqy1 133 133
Gqr8 137 137
Ycn8 138 138
Pi_3 141 141
Cpb7 143 143
Hjn2 146 146
Igs9 149 149
Jyz3 153 153
Rqe5 154 154
Qwa2 157 157
Tfz6 160 160
Dnj3 162 162
Vwy3 166 166
Ov_7 171 171
Xmv6 174 174
Ebh3 180 180
Wwf1 183 183
Eqq1 188 188
Idc3 190 190
Nc_1 193 193
Shk7 195 195
Om_8 197 197
Dii4 199 199
Hgn0 200 200
Irw4 205 205
Xpp6 209 209
Yme7 211 211
Qqv7 213 213
Hir3 216 216
Xzu1 217 217
Fie2 221 221
Ylz5 226 226
Pik3 231 231
Vh_4 234 234
Q_i4 238 238
Ehd8 241 241
Mpr4 246 246
Gg_6 248 248
Myq7 251 251
Jey6 254 254
Apt4 257 257
Qf_5 259 259
Fqq8 262 262
B_g5 267 267
P__9 270 270
Kwp8 275 275
Rxr5 279 279
Sps0 282 282
Qqu6 286 286
Sbw1 290 290
Ooe6 293 293
Ctl9 298 298
Fqo9 299 299
Nyf2 302 302
Gyq9 304 304
X_i0 307 307
Zny4 312 312
Bc_2 316 316
Qcw7 320 320
Fon8 324 324
Dyu1 327 327
Kdk3 331 331
Pyi5 332 332
Yaw4 334 334
Wws4 337 337
Avq1 340 340
Xsp0 345 345
Jpc4 349 349
Ymc9 351 351
Etj8 356 356
K_w3 358 358
Su_9 362 362
Jpl5 365 365
Gxl0 367 367
Ouk4-Gxl0
Pi_3-K_w3
Ebh3-X_h6
Fon8-Ibw4
Apt4-Ymc9
Kwv9-Xsp0
Pik3-Iro2
Hgn0-Avq1
H_x3-Kud1
Ehd8-Czg6
P__9-Qgm9
Mpr4-Qbc0
Dsh9-Nct3
Xww5-Pyi5
Qzd6-T_c3
Dyu1-Qzd6
Eb_5-Dyu1
Fon8-Eb_5
Qcw7-Fon8
Bc_2-Qcw7
Hcy0-Bc_2
Zny4-Hcy0
Gyq9-X_i0
Fqo9-Nyf2
Ctl9-Fqo9
Idx6-Ctl9
Ooe6-Idx6
Sbw1-Ooe6
Xwq8-Sbw1
Qqu6-Xwq8
Rxr5-Ngf0
Qil6-Rxr5
Kwp8-A_m6
Ded2-Kwp8
B_g5-P__9
Kmp6-B_g5
Pma3-Kmp6
Fqq8-Pma3
Opb2-Er_8
H_x3-Opb2
Msb2-Avs3
Cns9-Msb2
Myq7-Jey6
Fy_6-Qfy8
Gg_6-Fy_6
Mpr4-Gg_6
Ehd8-Mpr4
Vh_4-Q_i4
E_h9-Vh_4
Gjb9-E_h9
Pik3-Gjb9
Tsy1-Pik3
Pqy1-Tsy1
Pi_3-Ycn8
Ylz5-Pi_3
Wir3-Ylz5
Cpb7-Ebh3
Hjn2-Fie2
Xzu1-Hjn2
Hir3-Xzu1
Igs9-Hir3
Qqv7-Jyz3
Qwa2-Rqe5
Yme7-Dnj3
Hgn0-Vwy3
Nc_1-Shk7
Idc3-Nc_1
Eqq1-Idc3
Wwf1-Ov_7
Wir3-Xmv6
Xmv6-Wwf1
Ov_7-Eqq1
Shk7-Om_8
Om_8-Dii4
Dii4-Hgn0
Vwy3-Irw4
Irw4-Xpp6
Xpp6-Yme7
Dnj3-Tfz6
Tfz6-Qwa2
Rqe5-Qqv7
Jyz3-Igs9
Fie2-Cpb7
Ebh3-Nct3
Ycn8-Gqr8
Gqr8-Pqy1
Q_i4-Ehd8
Qfy8-Vns9
Vns9-Myq7
Jey6-Cns9
Avs3-Mgc7
Mgc7-Rp_7
Rp_7-H_x3
Er_8-Apt4
Apt4-Qf_5
Qf_5-Djn3
Djn3-Fqq8
P__9-Ded2
A_m6-Qil6
Ngf0-Sps0
Sps0-Qqu6
Nyf2-Ouk4
Ouk4-Tkw3
Tkw3-Gyq9
X_i0-Zny4
T_c3-Kdk3
Kdk3-Xww5
Pyi5-Dsh9
Sps0-Kwv9
Xzu1-Yaw4
Nyf2-Wws4
Hgn0-Yfm0
Ylz5-D_h7
Msb2-Qpb1
Om_8-Eko7
Qqu6-Jpc4
Shk7-Etj8
Gqr8-Su_9
Xmv6-Jpl5
#Here is the number of lines required: 28

L1-Xmv6
L1-Wwf1
L1-Ov_7
L1-Eqq1
L1-Idc3
L1-Nc_1
L1-Shk7
L1-Om_8
L1-Dii4
L1-Hgn0
L1-Vwy3
L1-Irw4
L1-Xpp6
L1-Yme7
L1-Dnj3
L1-Tfz6
L1-Qwa2
L1-Rqe5
L1-Qqv7
L1-Jyz3
L1-Igs9
L1-Hir3
L1-Xzu1
L1-Hjn2
L1-Fie2
L1-Cpb7
L1-Ebh3
L1-Nct3
