12
#Here is the number of lines required: 33
##start
N_j0 0 0
##end
Kln1 3 3
Iln2 7 7
Adu3 11 11
Cpr2 12 12
N_v8 13 13
Wec0 16 16
Vpg8 20 20
Ake0 24 24
Ono6 27 27
Tys8 32 32
Wgf5 35 35
Tug4 40 40
Nwx8 44 44
Ngj6 46 46
Fgb1 48 48
Ria4 50 50
Vi_8 52 52
Nzf1 57 57
Ity9 62 62
Bnz4 64 64
Kzt8 68 68
V_i9 70 70
Qto1 73 73
Sd_0 76 76
Pxj1 79 79
Enr4 81 81
Wa_9 86 86
Ytp6 90 90
Mrb0 91 91
Dyw7 95 95
Krs9 100 100
Oe_9 105 105
Qri7 108 108
Tah2 112 112
Egb3 114 114
Geq5 116 116
Cig6 119 119
Voz7 123 123
A_x7 125 125
Ux_6 129 129
Zwj4 133 133
Xlg0 135 135
Fpz0 138 138
Pqu3 143 143
Hhe6 147 147
F_u3 148 148
Dif8 150 150
Eze5 153 153
Kvw5 156 156
Mbz5 160 160
Xwk1 163 163
Akb9 165 165
Udx3 168 168
Vyf0 170 170
Dsh7 173 173
B__0 174 174
Stk9 176 176
Mtb2 180 180
Rmb1 181 181
Xra0 185 185
Ruz6 189 189
Nbp7 192 192
Kjh0 196 196
Iny4 198 198
Ghd1 203 203
Jxp5 206 206
Zv_8 211 211
Qur8 213 213
Cae6 216 216
Vwg1 217 217
Hpn2 220 220
Scx1 222 222
Ixk1 224 224
Gxx7 229 229
Rex3 232 232
Dkr2 236 236
Jqp9 237 237
Tvp5 240 240
Rry0 244 244
Re_0 247 247
Jij6 248 248
Wep9 251 251
Vn_1 254 254
Mib5 258 258
Dme8 261 261
Ndm8 264 264
Pdh0 267 267
Ojx4 270 270
Hxs6 271 271
Wpx7 275 275
Zoh4 278 278
Ydr7 282 282
Mug0 286 286
Em_4 289 289
Buu6 292 292
Ohu2 296 296
Ket6 300 300
Gfs7 301 301
Qsm5 304 304
Dkk2 307 307
Rnh6 311 311
Vbm1 313 313
Ugs7 316 316
Osu6 319 319
Mxa2 320 320
Jai6 323 323
Xst2 326 326
Hrs6 330 330
Gmp2 333 333
Oca5 337 337
Xuh6 341 341
Fgw7 344 344
Im_8 347 347
Dpe6 350 350
E_v1 352 352
Zav6 355 355
Jub5 358 358
Bux4 359 359
Wmb8 360 360
Ukd6 363 363
Ftq8 366 366
Jwo0 368 368
Kzj0 371 371
Cvj5 374 374
Nji0 376 376
Fvn2 377 377
Nf_9 382 382
Wkr8 384 384
I_j5 387 387
Rxc9 390 390
Bdv6 394 394
Ywa2 397 397
Az_1 401 401
X_v6 403 403
Asd5 408 408
Ruu4 411 411
Vhx2 414 414
Tn_3 418 418
Ksm3 422 422
H_p8 424 424
Hbz4 428 428
Yqi0 431 431
V_p9 432 432
Pfj6 435 435
Hgm4 440 440
Rym0 445 445
Mtk9 447 447
Jtc9 450 450
Vld3 454 454
P_g9 459 459
Rlg2 461 461
Txk7 463 463
Odn5 466 466
Gdx5 469 469
Quk6 472 472
Xsi4 476 476
I_b1 478 478
Uzr9 480 480
G_j1 482 482
E_v6 483 483
Dyf1 487 487
Zrl1 490 490
Nni2 492 492
D_k4 496 496
Kuf7 497 497
Bz_1 502 502
Tfc8 505 505
Faa8 507 507
U_d2 509 509
Exe6 512 512
Gvv3 513 513
Xsj0 515 515
Hcr7 519 519
Gq_8 521 521
Fcb6 526 526
Nqn4 529 529
Cdr2 530 530
Yrl5 535 535
Efz3 537 537
Iqr1 539 539
Vgg5 542 542
Oc_9 544 544
Yjz8 547 547
Zim5 549 549
Wmy4 553 553
Pwh0 556 556
Qx_3 560 560
Mnb2 562 562
Oc_4 564 564
Zur8 567 567
X_h1 568 568
Oww5 572 572
Zko0 573 573
Mrd6 577 577
Jxt1 579 579
Elp5 583 583
Ryq4 586 586
Wbw8 589 589
Xot7 591 591
Snq1 593 593
Ycm0 596 596
Ksw6 600 600
Uhk4 601 601
Uru6 605 605
B_m5 608 608
Rld6 611 611
Bke6 616 616
Hkc0 621 621
Cx_0 624 624
Pfh3 627 627
Fvh0 630 630
Nrv1 633 633
Zjl2 637 637
J_n1 640 640
Jpo8 644 644
Qkk3 647 647
Krs5 652 652
Thi6 655 655
Rbg1 658 658
Iax9 662 662
Xjx3 664 664
Dah8 668 668
Sfe4 672 672
Cuk4 675 675
Qmh7 678 678
Srz5 682 682
G_q2 688 688
Wnx7 692 692
Trz6 696 696
Mwq0 700 700
Ixf3 703 703
Gj_6 705 705
Nar5 707 707
Ju_4 709 709
G_x8 712 712
Cnb3 713 713
Gyh6 715 715
Kjt5 717 717
Gxk7 718 718
Iwh4 721 721
Zo_9 724 724
G_e6 727 727
Gr_2 730 730
Bjg7 733 733
Xyw5 736 736
Wzo1 739 739
Gti0 742 742
Bfs1 746 746
Uuj0 751 751
Dz_4 755 755
C_r7 756 756
Opa5 761 761
D_b4 763 763
Ckx3 768 768
Kvs7 772 772
Upf0 775 775
F_v9 780 780
Dpa4 783 783
Xuy5 786 786
Cya4 791 791
Ypq4 795 795
Jbc1 798 798
Rcm6 803 803
Gcv0 805 805
Dgn0 808 808
Mvh0 813 813
E_n3 815 815
Ftz4 818 818
Giu8 821 821
Dx_9 825 825
Jar1 829 829
Dvi2 832 832
Sbv4 834 834
Enh1 837 837
Trw5 841 841
Tqj2 842 842
Uin6 844 844
Uao4 847 847
Uvb4 849 849
Nma1 852 852
Dzi2 854 854
Xqh4 855 855
Joa8 859 859
Qip4 864 864
Dkd2 867 867
E_v3 869 869
Sbn2 872 872
P_g7 875 875
Dvt1 879 879
Qyu6 882 882
V_c3 885 885
Kmi2 887 887
Fxy7 890 890
Wjs0 895 895
Hzk4 898 898
Yv_0 900 900
Qgf6 902 902
Kud6 906 906
Dhf5 909 909
Igw0 914 914
Mpo5 918 918
Aov2 920 920
Su_9 924 924
Hwp4 928 928
Fog7 929 929
Vzm2 932 932
Ozr7 935 935
Tvn2 937 937
W__3 941 941
Qcb2 942 942
Onq9 944 944
Qwn9 948 948
Ygd6 951 951
X__1 952 952
C_b7 954 954
Feq1 958 958
Mxx3 960 960
Dik8 964 964
Khy4 967 967
Cpj3 971 971
Ru_8 975 975
Dam3 979 979
Fjh0 983 983
Ecj5 986 986
Oxq3 988 988
Puw5 990 990
Ogz2 994 994
Ggi4 995 995
Zfb2 998 998
Ozj0 1000 1000
Ht_1 1003 1003
Reg0 1006 1006
Ahi1 1009 1009
Wlh9 1012 1012
Fvw5 1015 1015
Bam5 1017 1017
Qqt9 1020 1020
Zbg5 1023 1023
Wzp1 1024 1024
Qoe7 1027 1027
Vqp5 1032 1032
Hfd6 1037 1037
Qkh1 1040 1040
Bsv6 1042 1042
G_n0 1046 1046
Grq0 1048 1048
Ksx0 1050 1050
Xfs4 1054 1054
Hvo6 1056 1056
Qf_3 1058 1058
Zsy1 1062 1062
Fxa3 1066 1066
Gns8 1069 1069
Hg_9 1070 1070
P_h1 1071 1071
J_d4 1073 1073
Izm0 1077 1077
Yxn1 1080 1080
Sfk5 1084 1084
Efw9 1086 1086
Tov9 1087 1087
Koq8 1090 1090
Rfs5 1093 1093
Ecx9 1096 1096
Mrd1 1098 1098
Kki8 1101 1101
Tcs3 1102 1102
Doy8 1104 1104
Jmr3 1106 1106
Tig4 1109 1109
Ihm5 1114 1114
Wut0 1118 1118
Bxl3 1121 1121
Jnu7 1124 1124
Ed_3 1128 1128
Iel1 1133 1133
Nvu1 1134 1134
Wsg2 1135 1135
Mqn6 1139 1139
Fhb3 1142 1142
Zm_0 1145 1145
Fud4 1148 1148
Vci5 1150 1150
Ukh7 1153 1153
Dxk1 1155 1155
Cdr4 1159 1159
Cmf8 1160 1160
Usu6 1164 1164
Tai8 1169 1169
Dbl7 1171 1171
Iux2 1173 1173
Raf3 1176 1176
Wlp8 1178 1178
Djv8 1181 1181
Bth0 1182 1182
Jrc6 1184 1184
Ysz9 1187 1187
Zbe0 1191 1191
Fjc4 1192 1192
Den9 1196 1196
Xfz5 1199 1199
If_6 1202 1202
Amd5 1203 1203
W_l1 1206 1206
Rym1 1209 1209
Hps7 1214 1214
Pbr7 1216 1216
Qck9 1218 1218
Vdi2 1220 1220
Veq3 1222 1222
Wkd3 1223 1223
Dah6 1226 1226
Awk9 1230 1230
Abi5 1234 1234
Vfy4 1237 1237
Vve5 1238 1238
Gep9 1243 1243
Adw8 1247 1247
Jqr3 1251 1251
Ryc9 1253 1253
Pfe5 1257 1257
Egm1 1260 1260
Vnc1 1263 1263
Gyf1 1266 1266
Ubd0 1271 1271
J__4 1275 1275
Wnu9 1279 1279
Cjt9 1283 1283
Pwe3 1284 1284
Aas1 1287 1287
Wsy3 1289 1289
Pin6 1293 1293
Inh0 1294 1294
Bnx4 1296 1296
Ku_3 1301 1301
Pvl1 1305 1305
Rdo3 1308 1308
Bve0 1310 1310
M_k2 1315 1315
Xi_1 1319 1319
Dhc5 1322 1322
Jdy0 1325 1325
Ihn3 1327 1327
Xuf9 1328 1328
Mnc7 1330 1330
Hs_1 1334 1334
Jx_4 1338 1338
Gwk9 1341 1341
Wkv1 1344 1344
Hvw5 1347 1347
Uxo1 1349 1349
Qoo0 1351 1351
Znm5 1353 1353
Cz_9 1357 1357
Vof7 1359 1359
Vvx2 1363 1363
Uqa7 1367 1367
Ili9 1371 1371
Far7 1376 1376
H_z2 1381 1381
U_a4 1384 1384
Cvw5 1387 1387
Djd7 1390 1390
Hot3 1393 1393
Oab8 1397 1397
Ucl1 1401 1401
Nsi7 1404 1404
Jzt1 1409 1409
Fgf0 1412 1412
Ews0 1415 1415
Wz_1 1416 1416
Ejl2 1419 1419
Jxo9 1423 1423
Cuj7 1427 1427
Bfq6 1432 1432
Zxd7 1435 1435
Mst3 1438 1438
Sak2 1441 1441
Ou_4 1444 1444
Q_c5 1449 1449
Ivt6 1452 1452
Dsh3 1457 1457
Ohg7 1461 1461
Wkg9 1463 1463
Ilk4 1468 1468
Amq9 1471 1471
Yqr1 1475 1475
Eeh7 1479 1479
Rrk2 1483 1483
Pwa4 1486 1486
Cpj3-Wec0
A_x7-Yqr1
Vci5-Ake0
Uvb4-Amq9
Wkg9-Ilk4
Tys8-Wkg9
Tug4-Wgf5
Ngj6-Nwx8
Ria4-Ou_4
Sak2-Ria4
Nzf1-Vi_8
Bfq6-Zxd7
Jxo9-Cuj7
Fgf0-Ity9
Oab8-Kzt8
Hot3-Oab8
Djd7-V_i9
Cvw5-Djd7
Pxj1-Sd_0
Ili9-Pxj1
Vvx2-Enr4
Vof7-Vvx2
Wa_9-Vof7
Cz_9-Wa_9
Znm5-Ytp6
Qoo0-Znm5
Wkv1-Hvw5
Gwk9-Wkv1
Dyw7-Hs_1
Mnc7-Dyw7
Krs9-Xuf9
Oe_9-Krs9
Qri7-Ihn3
Jdy0-Qri7
Xi_1-Egb3
Cig6-Geq5
Voz7-M_k2
Bve0-Voz7
Rdo3-Bve0
A_x7-Rdo3
Zwj4-Ux_6
Pvl1-Zwj4
Pqu3-Inh0
Hhe6-Pwe3
Dif8-F_u3
Cjt9-Dif8
Wnu9-Eze5
Mbz5-Kvw5
Udx3-Akb9
Gyf1-Ubd0
Egm1-Dsh7
B__0-Egm1
Stk9-Pfe5
Rmb1-Ryc9
Jqr3-Ruz6
Nbp7-Jqr3
Adw8-Nbp7
Gep9-Adw8
Kjh0-Gep9
Jxp5-Ghd1
Zv_8-Jxp5
Cae6-Qur8
Vve5-Vwg1
Hpn2-Vve5
Ixk1-Vfy4
Dah6-Awk9
Jqp9-Dkr2
Veq3-Jqp9
Tvp5-Veq3
Vdi2-Rry0
Qck9-Vdi2
Hps7-Re_0
Rym1-Hps7
Jij6-Amd5
Vn_1-Wep9
If_6-Vn_1
Den9-Xfz5
Mib5-Den9
Pdh0-Ndm8
Fjc4-Pdh0
Zbe0-Fjc4
Ojx4-Zbe0
Ysz9-Ojx4
Jrc6-Hxs6
Wpx7-Jrc6
Bth0-Wpx7
Zoh4-Djv8
Wlp8-Zoh4
Raf3-Wlp8
Mug0-Ydr7
Iux2-Mug0
Buu6-Em_4
Gfs7-Dbl7
Usu6-Tai8
Dkk2-Qsm5
Rnh6-Dkk2
Cdr4-Rnh6
Vbm1-Dxk1
Vci5-Ukh7
Fud4-Vci5
Zm_0-Fud4
Ugs7-Zm_0
Jai6-Mxa2
Xst2-Wsg2
Nvu1-Hrs6
Iel1-Oca5
Wut0-Fgw7
Ihm5-E_v1
Tig4-Zav6
Jmr3-Tig4
Doy8-Jmr3
Jub5-Doy8
Ukd6-Wmb8
Kki8-Ftq8
Mrd1-Jwo0
Kzj0-Mrd1
Koq8-Rfs5
Nji0-Tov9
Efw9-Nji0
Yxn1-Sfk5
Izm0-Yxn1
Fvn2-Izm0
N_j0-J_d4
P_h1-Wkr8
Hg_9-P_h1
Gns8-Hg_9
I_j5-Zsy1
Rxc9-I_j5
Qf_3-Rxc9
Hvo6-Qf_3
Xfs4-Bdv6
Grq0-Ksx0
G_n0-Grq0
Az_1-Ywa2
Bsv6-Az_1
Asd5-X_v6
Ruu4-Asd5
Vhx2-Ruu4
Hfd6-Vhx2
Vqp5-Hfd6
Wzp1-Qoe7
Ksm3-Bam5
V_p9-Yqi0
Pfj6-Fvw5
Hgm4-Pfj6
Mtk9-Zfb2
Ggi4-Mtk9
Vld3-Ogz2
P_g9-Vld3
Rlg2-Oxq3
Ecj5-Rlg2
Odn5-Ru_8
Cpj3-Odn5
Khy4-Cpj3
Dik8-Quk6
Xsi4-Dik8
Feq1-Mxx3
X__1-Uzr9
G_j1-X__1
Ygd6-G_j1
E_v6-Ygd6
Qwn9-Dyf1
Onq9-Qwn9
N_j0-Onq9
Nni2-Qcb2
W__3-Nni2
Tvn2-W__3
D_k4-Tvn2
Kuf7-D_k4
Vzm2-Ozr7
Fog7-Vzm2
Bz_1-Fog7
Hwp4-Tfc8
Mpo5-Aov2
Dhf5-Igw0
Kud6-Dhf5
Yv_0-Qgf6
Faa8-Yv_0
U_d2-Faa8
Exe6-Hzk4
Fxy7-Wjs0
V_c3-Kmi2
Qyu6-V_c3
P_g7-Kln1
Sbn2-P_g7
E_v3-Sbn2
Dkd2-E_v3
Qip4-Dkd2
Xsj0-Gvv3
Gq_8-Hcr7
Fcb6-Gq_8
Nqn4-Fcb6
Cdr2-Dzi2
Yrl5-Nma1
Uvb4-Yrl5
Oc_9-Vgg5
Uin6-Zim5
Wmy4-Tqj2
G_q2-Kln1
Enh1-G_q2
Sbv4-Enh1
Mnb2-Dvi2
Zur8-Jar1
Jxt1-Mrd6
Elp5-Jxt1
Mvh0-E_n3
Xot7-Mvh0
Dgn0-Xot7
Snq1-Kln1
Ypq4-Jbc1
Ksw6-Ycm0
Uhk4-Cya4
Xuy5-Uru6
B_m5-Xuy5
Dpa4-B_m5
Upf0-F_v9
Kvs7-Upf0
Bke6-Ckx3
D_b4-Bke6
Hkc0-D_b4
Cx_0-Hkc0
Opa5-Cx_0
Pfh3-Opa5
C_r7-Pfh3
Dz_4-C_r7
Bfs1-Uuj0
Nrv1-Xyw5
N_j0-Nrv1
Bjg7-Kln1
J_n1-Zjl2
Jpo8-J_n1
G_e6-Qkk3
Zo_9-G_e6
Thi6-Krs5
Iwh4-Thi6
Rbg1-Gxk7
Xjx3-Iax9
Kjt5-Xjx3
Dah8-Kjt5
Sfe4-Dah8
Cnb3-Gyh6
Nar5-Ju_4
Gj_6-Nar5
Trz6-Mwq0
Wnx7-Srz5
N_j0-Wnx7
Srz5-Trz6
Mwq0-Qmh7
Qmh7-Ixf3
Ixf3-Gj_6
Ju_4-G_x8
G_x8-Cuk4
Cuk4-Cnb3
Gyh6-Sfe4
Iax9-Rbg1
Gxk7-Iwh4
Krs5-Zo_9
Qkk3-Gr_2
Gr_2-Jpo8
Zjl2-Bjg7
Xyw5-Wzo1
Wzo1-Fvh0
Fvh0-Gti0
Gti0-Bfs1
Uuj0-Dz_4
Ckx3-Rld6
Rld6-Kvs7
F_v9-Dpa4
Uru6-Uhk4
Cya4-Ksw6
Ycm0-Ypq4
Jbc1-Snq1
N_j0-Rcm6
Rcm6-Gcv0
Gcv0-Dgn0
E_n3-Wbw8
Wbw8-Ryq4
Ryq4-Elp5
Mrd6-Zko0
Zko0-Oww5
Oww5-X_h1
X_h1-Ftz4
Ftz4-Giu8
Giu8-Dx_9
Dx_9-Zur8
Jar1-Oc_4
Oc_4-Mnb2
Dvi2-Qx_3
Qx_3-Sbv4
N_j0-Pwh0
Pwh0-Trw5
Trw5-Wmy4
Tqj2-Uin6
Zim5-Yjz8
Yjz8-Oc_9
Vgg5-Uao4
Uao4-Iqr1
Iqr1-Efz3
Efz3-Uvb4
Nma1-Cdr2
Dzi2-Xqh4
Xqh4-Joa8
Joa8-Nqn4
Hcr7-Xsj0
Gvv3-Qip4
N_j0-Dvt1
Dvt1-Qyu6
Kmi2-Fxy7
Wjs0-Exe6
Hzk4-U_d2
Qgf6-Kud6
Igw0-Mpo5
Aov2-Su_9
Su_9-Hwp4
Tfc8-Bz_1
Ozr7-Kuf7
Qcb2-Zrl1
Zrl1-Kln1
Dyf1-E_v6
Uzr9-I_b1
I_b1-C_b7
C_b7-Feq1
Mxx3-Xsi4
Quk6-Gdx5
Gdx5-Khy4
Ru_8-Dam3
Dam3-Txk7
Txk7-Fjh0
Fjh0-Ecj5
Oxq3-Puw5
Puw5-P_g9
Ogz2-Jtc9
Jtc9-Ggi4
Zfb2-Ozj0
Ozj0-Ht_1
Ht_1-Reg0
Reg0-Ahi1
Ahi1-Wlh9
Wlh9-Rym0
Rym0-Hgm4
Fvw5-V_p9
Yqi0-Hbz4
Hbz4-H_p8
H_p8-Ksm3
Bam5-Tn_3
Tn_3-Qqt9
Qqt9-Zbg5
Zbg5-Wzp1
Qoe7-Vqp5
X_v6-Qkh1
Qkh1-Bsv6
Ywa2-G_n0
Ksx0-Xfs4
Bdv6-Hvo6
Zsy1-Fxa3
Fxa3-Gns8
Wkr8-Kln1
J_d4-Nf_9
Nf_9-Fvn2
Sfk5-Efw9
Tov9-Koq8
Rfs5-Ecx9
Ecx9-Cvj5
Cvj5-Kzj0
Jwo0-Kki8
Ftq8-Ukd6
Wmb8-Bux4
Bux4-Tcs3
Tcs3-Jub5
Zav6-Ihm5
E_v1-Dpe6
Dpe6-Im_8
Im_8-Wut0
Fgw7-Bxl3
Bxl3-Jnu7
Jnu7-Ed_3
Ed_3-Xuh6
Xuh6-Iel1
Oca5-Gmp2
Gmp2-Nvu1
Hrs6-Xst2
Wsg2-Jai6
Mxa2-Osu6
Osu6-Mqn6
Mqn6-Fhb3
Fhb3-Ugs7
Ukh7-Vbm1
Dxk1-Cdr4
Qsm5-Cmf8
Cmf8-Usu6
Tai8-Gfs7
Dbl7-Ket6
Ket6-Ohu2
Ohu2-Buu6
Em_4-Iux2
Ydr7-Raf3
Djv8-Bth0
Hxs6-Ysz9
Ndm8-Dme8
Dme8-Mib5
Xfz5-Kln1
N_j0-If_6
Wep9-Jij6
Amd5-W_l1
W_l1-Rym1
Re_0-Pbr7
Pbr7-Qck9
Rry0-Tvp5
Dkr2-Rex3
Rex3-Wkd3
Wkd3-Dah6
Awk9-Gxx7
Gxx7-Abi5
Abi5-Ixk1
Vfy4-Scx1
Scx1-Hpn2
Vwg1-Cae6
Qur8-Zv_8
Ghd1-Iny4
Iny4-Kjh0
Ruz6-Xra0
Xra0-Rmb1
Ryc9-Mtb2
Mtb2-Stk9
Pfe5-B__0
Dsh7-Vyf0
Vyf0-Vnc1
Vnc1-Gyf1
Ubd0-Udx3
Akb9-J__4
J__4-Xwk1
Xwk1-Mbz5
Kvw5-Wnu9
Eze5-Cjt9
F_u3-Hhe6
Pwe3-Aas1
Aas1-Wsy3
Wsy3-Pin6
Pin6-Pqu3
Inh0-Fpz0
Fpz0-Xlg0
Xlg0-Bnx4
Bnx4-Ku_3
Ku_3-Pvl1
Ux_6-A_x7
M_k2-Kln1
N_j0-Cig6
Geq5-Xi_1
Egb3-Dhc5
Dhc5-Tah2
Tah2-Jdy0
Ihn3-Oe_9
Xuf9-Mnc7
Hs_1-Mrb0
Mrb0-Jx_4
Jx_4-Gwk9
Hvw5-Uxo1
Uxo1-Qoo0
Ytp6-Cz_9
Enr4-Uqa7
Uqa7-Ili9
Sd_0-Far7
Far7-H_z2
H_z2-Qto1
Qto1-U_a4
U_a4-Cvw5
V_i9-Hot3
Kzt8-Ucl1
Ucl1-Bnz4
Bnz4-Nsi7
Nsi7-Jzt1
Jzt1-Fgf0
Ity9-Ews0
Ews0-Wz_1
Wz_1-Ejl2
Ejl2-Jxo9
Cuj7-Bfq6
Zxd7-Mst3
Mst3-Nzf1
Vi_8-Sak2
Ou_4-Fgb1
Fgb1-Q_c5
Q_c5-Ivt6
Ivt6-Ngj6
Nwx8-Dsh3
Dsh3-Tug4
Wgf5-Ohg7
Ohg7-Tys8
Ilk4-Kln1
Pfe5-Ono6
Ksw6-Vpg8
Tn_3-N_v8
Fxy7-Cpr2
Akb9-Adu3
Ilk4-Iln2
Kvs7-Eeh7
Ruu4-Rrk2
Hvo6-Pwa4
#Here is the number of lines required: 33

L1-Dvt1 L2-Wnx7 L3-Nrv1 L4-Pwh0 L5-Rcm6
L1-Qyu6 L6-Dvt1 L2-Srz5 L7-Wnx7 L3-Xyw5 L8-Nrv1 L4-Trw5 L9-Pwh0 L5-Gcv0 L10-Rcm6
L1-V_c3 L6-Qyu6 L2-Trz6 L7-Srz5 L3-Wzo1 L8-Xyw5 L4-Wmy4 L9-Trw5 L11-Pwh0 L5-Dgn0 L10-Gcv0 L12-Rcm6
L1-Kmi2 L6-V_c3 L2-Mwq0 L7-Trz6 L3-Fvh0 L8-Wzo1 L4-Tqj2 L9-Wmy4 L11-Trw5 L5-Xot7 L10-Dgn0 L12-Gcv0
L1-Fxy7 L6-Kmi2 L2-Qmh7 L7-Mwq0 L3-Gti0 L8-Fvh0 L4-Zim5 L9-Tqj2 L11-Wmy4 L5-Mvh0 L10-Xot7 L12-Dgn0
L1-Wjs0 L6-Fxy7 L2-Ixf3 L7-Qmh7 L3-Bfs1 L8-Gti0 L4-Yjz8 L9-Zim5 L11-Tqj2 L5-E_n3 L10-Mvh0 L12-Xot7
L1-Exe6 L6-Wjs0 L2-Gj_6 L7-Ixf3 L3-Uuj0 L8-Bfs1 L4-Oc_9 L9-Yjz8 L11-Zim5 L5-Wbw8 L10-E_n3 L12-Mvh0
L1-Hzk4 L6-Exe6 L2-Nar5 L7-Gj_6 L3-Dz_4 L8-Uuj0 L4-Vgg5 L9-Oc_9 L11-Yjz8 L5-Ryq4 L10-Wbw8 L12-E_n3
L1-U_d2 L6-Hzk4 L2-Ju_4 L7-Nar5 L3-C_r7 L8-Dz_4 L4-Uao4 L9-Vgg5 L11-Oc_9 L5-Elp5 L10-Ryq4 L12-Wbw8
L1-Faa8 L6-U_d2 L2-G_x8 L7-Ju_4 L3-Pfh3 L8-C_r7 L4-Iqr1 L9-Uao4 L11-Vgg5 L5-Jxt1 L10-Elp5 L12-Ryq4
L1-Yv_0 L6-Faa8 L2-Cuk4 L7-G_x8 L3-Opa5 L8-Pfh3 L4-Efz3 L9-Iqr1 L11-Uao4 L5-Mrd6 L10-Jxt1 L12-Elp5
L1-Qgf6 L6-Yv_0 L2-Cnb3 L7-Cuk4 L3-Cx_0 L8-Opa5 L4-Uvb4 L9-Efz3 L11-Iqr1 L5-Zko0 L10-Mrd6 L12-Jxt1
L1-Kud6 L6-Qgf6 L2-Gyh6 L7-Cnb3 L3-Hkc0 L8-Cx_0 L4-Yrl5 L9-Uvb4 L11-Efz3 L5-Oww5 L10-Zko0 L12-Mrd6
L1-Dhf5 L6-Kud6 L2-Sfe4 L7-Gyh6 L3-D_b4 L8-Hkc0 L4-Nma1 L9-Yrl5 L11-Uvb4 L5-X_h1 L10-Oww5 L12-Zko0
L1-Igw0 L6-Dhf5 L2-Dah8 L7-Sfe4 L3-Bke6 L8-D_b4 L4-Cdr2 L9-Nma1 L11-Yrl5 L5-Ftz4 L10-X_h1 L12-Oww5
L1-Mpo5 L6-Igw0 L2-Kjt5 L7-Dah8 L3-Ckx3 L8-Bke6 L4-Dzi2 L9-Cdr2 L11-Nma1 L5-Giu8 L10-Ftz4 L12-X_h1
L1-Aov2 L6-Mpo5 L2-Xjx3 L7-Kjt5 L3-Rld6 L8-Ckx3 L4-Xqh4 L9-Dzi2 L11-Cdr2 L5-Dx_9 L10-Giu8 L12-Ftz4
L1-Su_9 L6-Aov2 L2-Iax9 L7-Xjx3 L3-Kvs7 L8-Rld6 L4-Joa8 L9-Xqh4 L11-Dzi2 L5-Zur8 L10-Dx_9 L12-Giu8
L1-Hwp4 L6-Su_9 L2-Rbg1 L7-Iax9 L3-Upf0 L8-Kvs7 L4-Nqn4 L9-Joa8 L11-Xqh4 L5-Jar1 L10-Zur8 L12-Dx_9
L1-Tfc8 L6-Hwp4 L2-Gxk7 L7-Rbg1 L3-F_v9 L8-Upf0 L4-Fcb6 L9-Nqn4 L11-Joa8 L5-Oc_4 L10-Jar1 L12-Zur8
L1-Bz_1 L6-Tfc8 L2-Iwh4 L7-Gxk7 L3-Dpa4 L8-F_v9 L4-Gq_8 L9-Fcb6 L11-Nqn4 L5-Mnb2 L10-Oc_4 L12-Jar1
L1-Fog7 L6-Bz_1 L2-Thi6 L7-Iwh4 L3-B_m5 L8-Dpa4 L4-Hcr7 L9-Gq_8 L11-Fcb6 L5-Dvi2 L10-Mnb2 L12-Oc_4
L1-Vzm2 L6-Fog7 L2-Krs5 L7-Thi6 L3-Xuy5 L8-B_m5 L4-Xsj0 L9-Hcr7 L11-Gq_8 L5-Qx_3 L10-Dvi2 L12-Mnb2
L1-Ozr7 L6-Vzm2 L2-Zo_9 L7-Krs5 L3-Uru6 L8-Xuy5 L4-Gvv3 L9-Xsj0 L11-Hcr7 L5-Sbv4 L10-Qx_3 L12-Dvi2
L1-Kuf7 L6-Ozr7 L2-G_e6 L7-Zo_9 L3-Uhk4 L8-Uru6 L4-Qip4 L9-Gvv3 L11-Xsj0 L5-Enh1 L10-Sbv4 L12-Qx_3
L1-D_k4 L6-Kuf7 L2-Qkk3 L7-G_e6 L3-Cya4 L8-Uhk4 L4-Dkd2 L9-Qip4 L11-Gvv3 L5-G_q2 L10-Enh1 L12-Sbv4
L1-Tvn2 L6-D_k4 L2-Gr_2 L7-Qkk3 L3-Ksw6 L8-Cya4 L4-E_v3 L9-Dkd2 L11-Qip4 L5-Kln1 L10-G_q2 L12-Enh1
L1-W__3 L6-Tvn2 L2-Jpo8 L7-Gr_2 L3-Ycm0 L8-Ksw6 L4-Sbn2 L9-E_v3 L11-Dkd2 L10-Kln1 L12-G_q2
L1-Nni2 L6-W__3 L2-J_n1 L7-Jpo8 L3-Ypq4 L8-Ycm0 L4-P_g7 L9-Sbn2 L11-E_v3 L12-Kln1
L1-Qcb2 L6-Nni2 L2-Zjl2 L7-J_n1 L3-Jbc1 L8-Ypq4 L4-Kln1 L9-P_g7 L11-Sbn2
L1-Zrl1 L6-Qcb2 L2-Bjg7 L7-Zjl2 L3-Snq1 L8-Jbc1 L9-Kln1 L11-P_g7
L1-Kln1 L6-Zrl1 L2-Kln1 L7-Bjg7 L3-Kln1 L8-Snq1 L11-Kln1
L6-Kln1 L7-Kln1 L8-Kln1
