101
#Here is the number of lines required: 32
##start
Zmr9 2 2
##end
Maa4 7 7
Oqf5 9 9
Wfg7 10 10
Dlf8 11 11
Nkt6 13 13
Iid9 16 16
U_z4 17 17
Zox5 21 21
Qbt4 24 24
Oxb8 27 27
Fjx0 29 29
Xyl9 31 31
B_m0 35 35
Fan2 38 38
Uku4 40 40
U_t9 43 43
Pqi5 47 47
Npb0 50 50
Zpx3 53 53
Rir3 56 56
Jpg1 59 59
Gsr7 63 63
Vdn3 66 66
Jkb0 68 68
Cnb0 71 71
Xsb3 73 73
Hbz5 77 77
Jwe5 78 78
Pbz7 80 80
Trf9 85 85
Zzl8 90 90
Oom2 92 92
Gcu9 95 95
Qvq7 97 97
Uwr2 101 101
Pnt3 105 105
Ynw6 110 110
Ydx6 111 111
Ho_4 115 115
Pig0 117 117
Fep5 118 118
Jyn9 121 121
Uhk3 122 122
Aja1 125 125
Cov4 129 129
Zlj1 132 132
Egc8 135 135
Zhj0 139 139
Bfi2 142 142
Pqz3 145 145
Yyf5 149 149
O_v3 152 152
Isi1 157 157
Nta2 159 159
Sqc1 162 162
R_m7 164 164
O_a2 169 169
O_g5 170 170
W_r2 173 173
Xat9 176 176
Aba3 179 179
O_h5 182 182
Cae6 187 187
Ztz5 190 190
Rvq2 192 192
Swy9 195 195
Ot_5 198 198
Hkg0 200 200
Eev1 205 205
Svy6 208 208
Hii5 211 211
Ank6 214 214
Jsm0 219 219
Skx0 222 222
Hfq2 227 227
Hpn4 230 230
Ovp9 233 233
Bat8 237 237
Hkv0 240 240
Yav1 242 242
Ovy6 247 247
Vim5 250 250
Sqx7 253 253
Voh6 255 255
Xqj7 259 259
Btb1 261 261
Tqm7 266 266
Ray2 268 268
Xcu2 271 271
Gob6 275 275
Uda8 276 276
Zro9 278 278
Hco2 281 281
Fuq4 284 284
Eqa9 287 287
Plz6 290 290
Zsf7 292 292
Z_q5 297 297
Yds0 301 301
Mcp7 303 303
Zus5 305 305
Flz3 307 307
Eo_1 308 308
Pnq4 309 309
Z_m4 312 312
Kra9 315 315
Vl_2 317 317
Iro8 321 321
Dfh6 326 326
Hbv4 328 328
Srm0 332 332
Mby5 334 334
Hsm2 336 336
Buh2 339 339
Ojj3 342 342
Usy1 345 345
Uly7 348 348
Uyf4 350 350
Jq_9 354 354
Ii_4 359 359
Coz7 364 364
Nrh1 367 367
Vcn1 369 369
Psy9 373 373
Jvk3 376 376
Hgz9 380 380
Nxf9 382 382
Yba6 386 386
Q_f9 389 389
Efo2 391 391
Kbh9 392 392
Cet3 395 395
B_m1 398 398
Zrd0 400 400
S_v6 402 402
Ppf6 404 404
Dba2 405 405
Qug7 409 409
Wnm2 414 414
Myt2 417 417
Hzn2 418 418
Npr4 423 423
Bcz5 427 427
Frw9 432 432
Yl_0 434 434
Vji6 438 438
Fmz0 442 442
O_b2 444 444
Ayf7 445 445
Bch2 447 447
Jms5 450 450
E_o0 455 455
Mrb5 459 459
Sq_7 461 461
Wdd4 463 463
C_w4 465 465
Kgv4 467 467
P_o7 471 471
Gou1 474 474
Nfu0 478 478
Fdb2 482 482
F_x1 485 485
Sek3 487 487
Rtk0 489 489
Fxt9 492 492
Jtt1 496 496
Tyu5 501 501
Qin6 502 502
Rwr6 504 504
Ttu3 507 507
Eeh9 510 510
Itx2 512 512
Qnj2 514 514
Gy_4 519 519
Zex0 524 524
Haj1 527 527
Pkk5 530 530
Jfq0 535 535
I_u8 539 539
Yir2 543 543
Vko1 547 547
Hik8 550 550
Dis6 553 553
Eig4 556 556
Cck2 559 559
Uvm5 562 562
Ufq8 567 567
Sjf2 572 572
Wou7 575 575
Unh6 578 578
Dft9 583 583
N_n3 586 586
Obn4 590 590
Rwb9 592 592
Xkc5 595 595
Qfz3 598 598
Cbs8 602 602
Jbh4 604 604
Kz_8 605 605
Bpx3 607 607
Arw0 609 609
Ozk7 614 614
Jcw6 616 616
Rpo0 619 619
Bkt9 622 622
F_m0 624 624
Rkd8 629 629
Isq7 633 633
Zfc5 638 638
Sub3 643 643
Bbe0 646 646
Fgi1 651 651
Dqb8 654 654
Scg2 656 656
Hv_9 658 658
Cdl9 662 662
Kfw7 663 663
Ngk7 666 666
Wcp8 667 667
Ikb3 669 669
Ib_4 672 672
F__0 674 674
Mum4 678 678
Xxb6 681 681
T_t7 684 684
Hth4 686 686
Prq7 691 691
Dfg6 693 693
Yan8 697 697
Pc_0 702 702
Pun1 704 704
Rck7 708 708
Gsd8 711 711
Xgg1 714 714
War4 719 719
Qq_3 723 723
Zom0 725 725
Wef5 728 728
Bqt5 732 732
C_l4 735 735
Gje5 738 738
Erq1 741 741
Kmw3 745 745
Tkt9 747 747
Ymi3 749 749
M_j9 751 751
Y_g7 755 755
Qq_8 758 758
Etj7 759 759
Jbe1 761 761
Goq5 765 765
Mpi2 768 768
Jqo3 772 772
Rbm9 775 775
Xn_6 779 779
Hzs6 783 783
Jpu5 785 785
Z_f6 788 788
Xec2 793 793
Vka1 796 796
Tas0 800 800
Rod8 802 802
Vtm1 805 805
Dws3 807 807
E_m0 809 809
Ice0 813 813
Fdg1 817 817
Jns0 819 819
Vjb5 821 821
Zwl5 822 822
Jb_5 825 825
Kpa7 827 827
E_g8 830 830
By_2 835 835
Spp8 836 836
Mk_3 840 840
Hvg6 845 845
Esz2 848 848
J_i2 852 852
Atn2 856 856
Unt8 858 858
V_i6 859 859
Mqp1 864 864
Ypm0 867 867
Cgt1 870 870
Qct3 872 872
Mhd5 876 876
Qqr4 881 881
Anb0 883 883
Zbm0 886 886
H_r1 889 889
Kfw4 893 893
Jua6 897 897
Dsh2 901 901
Jo_9 902 902
Brh2 905 905
Ela7 906 906
Kr_6 910 910
W_w9 914 914
Uhk9 915 915
Zpi8 919 919
Opa2 921 921
Wac6 925 925
Aoa7 929 929
Out6 930 930
Awt4 934 934
Wra1 937 937
Hxs1 939 939
Cqc9 943 943
Kgu0 945 945
Yur1 947 947
Gdl5 950 950
Xin6 953 953
Cun2 957 957
Jvv8 961 961
Cji0 963 963
Qb_3 966 966
Zsh9 971 971
Qz_9 976 976
Uui4 979 979
Zbf2 982 982
Xsr9 987 987
Ejt4 992 992
Jmc0 997 997
Q_j1 1002 1002
Ebh5 1003 1003
Pqy4 1006 1006
Bja5 1010 1010
Jk_5 1013 1013
Kcf0 1014 1014
Uot2 1016 1016
Guw8 1018 1018
Jem1 1021 1021
Mqb5 1025 1025
Uoa3 1028 1028
Div7 1029 1029
Kx_1 1032 1032
Jbe3 1034 1034
Bxc2 1039 1039
Gsr0 1042 1042
Eja5 1044 1044
Oie1 1049 1049
Vy_8 1052 1052
S_m2 1055 1055
Xjn1 1058 1058
Rgw3 1061 1061
Vns9 1063 1063
Sjf2-Oqf5
Fxt9-Wfg7
Zox5-Dlf8
J_i2-Nkt6
Jkb0-U_z4
Cdl9-Vy_8
O_a2-Zox5
Zsh9-Eja5
Jsm0-Bxc2
Oom2-Fjx0
Y_g7-Div7
Qb_3-Jem1
O_a2-Xyl9
Kgv4-Guw8
Kmw3-Uot2
Vcn1-B_m0
Cet3-Fan2
Bkt9-Kcf0
Ozk7-Jk_5
Zpx3-Bja5
Jpg1-Pqy4
Gsr7-Jpg1
Jkb0-Vdn3
Q_j1-Ebh5
Ejt4-Jmc0
Xsr9-Ejt4
Zbf2-Xsr9
Uui4-Zbf2
Jwe5-Uui4
Cji0-Qb_3
Cun2-Zzl8
Gcu9-Oom2
Pnt3-Uwr2
Zmr9-Yur1
Ydx6-Kgu0
Ho_4-Ydx6
Jyn9-Hxs1
Cov4-Aja1
Awt4-Wra1
Zhj0-Awt4
Bfi2-Zhj0
Out6-Bfi2
Pqz3-Out6
Yyf5-Pqz3
O_v3-Yyf5
R_m7-Wac6
Opa2-O_a2
O_g5-Opa2
Zpi8-W_r2
Xat9-Zpi8
Uhk9-Xat9
Kr_6-W_w9
Ela7-O_h5
Brh2-Ela7
Jo_9-Cae6
Dsh2-Ztz5
Kfw4-Jua6
H_r1-Maa4
Rvq2-H_r1
Zbm0-Swy9
Qqr4-Anb0
Hkg0-Ot_5
Eev1-Hkg0
Mhd5-Eev1
Cgt1-Qct3
Mqp1-Ypm0
Hii5-V_i6
Atn2-Maa4
Hfq2-Skx0
J_i2-Bat8
Yav1-Hvg6
Sqx7-Vim5
Voh6-Sqx7
Zmr9-Voh6
By_2-Maa4
Xqj7-By_2
Btb1-Xqj7
E_g8-Btb1
Tqm7-E_g8
Ray2-Tqm7
Xcu2-Kpa7
Zwl5-Jb_5
Uda8-Gob6
Hco2-Zro9
Vjb5-Fuq4
Plz6-Eqa9
Jns0-Plz6
Yds0-Z_q5
Mcp7-Fdg1
E_m0-Zus5
Dws3-E_m0
Flz3-Rod8
Z_m4-Pnq4
Vka1-Vl_2
Xec2-Vka1
Z_f6-Xec2
Hzs6-Jpu5
Hbv4-Dfh6
Zmr9-Hbv4
Xn_6-Srm0
Hsm2-Mby5
Buh2-Hsm2
Ojj3-Buh2
Rbm9-Ojj3
Uly7-Usy1
Jqo3-Uly7
Mpi2-Jqo3
Uyf4-Goq5
Ii_4-Jq_9
Nrh1-Maa4
Vcn1-Nrh1
Qq_8-Psy9
Jvk3-M_j9
Nxf9-Ymi3
Yba6-Nxf9
Q_f9-Yba6
Tkt9-Efo2
Kbh9-Erq1
Cet3-Kbh9
B_m1-Gje5
C_l4-B_m1
Wef5-Bqt5
Zmr9-Zom0
S_v6-Zrd0
War4-Qq_3
Xgg1-Ppf6
Qug7-Dba2
Pun1-Qug7
Pc_0-Pun1
Myt2-Wnm2
Dfg6-Myt2
Hzn2-Dfg6
Prq7-Hzn2
Bcz5-Npr4
Frw9-Bcz5
Zmr9-Hth4
O_b2-Fmz0
Mum4-Xxb6
F__0-Mum4
Ayf7-F__0
Ib_4-Bch2
E_o0-Jms5
Mrb5-E_o0
Ikb3-Mrb5
Wcp8-Ikb3
Ngk7-Wcp8
Wdd4-Kfw7
Cdl9-Wdd4
Kgv4-Maa4
Hv_9-Kgv4
Fdb2-Nfu0
F_x1-Dqb8
Bbe0-Fgi1
Fxt9-Sub3
Zfc5-Fxt9
Isq7-Zfc5
Rkd8-Isq7
Jtt1-Rkd8
F_m0-Jtt1
Qin6-Tyu5
Itx2-Eeh9
Bkt9-Itx2
Rpo0-Bkt9
Qnj2-Rpo0
Zex0-Gy_4
Bpx3-Arw0
Haj1-Bpx3
Kz_8-Pkk5
Jfq0-Kz_8
Cbs8-I_u8
Yir2-Cbs8
Qfz3-Yir2
Zmr9-Qfz3
Rwb9-Xkc5
Obn4-Vko1
N_n3-Obn4
Unh6-Dft9
Dis6-Unh6
Eig4-Dis6
Wou7-Eig4
Sjf2-Wou7
Cck2-Sjf2
Zmr9-Uvm5
Uvm5-Cck2
Dft9-Hik8
Hik8-N_n3
Vko1-Rwb9
Xkc5-Ufq8
Ufq8-Maa4
I_u8-Jbh4
Jbh4-Jfq0
Pkk5-Haj1
Arw0-Ozk7
Ozk7-Jcw6
Jcw6-Zex0
Gy_4-Qnj2
Eeh9-Maa4
Zmr9-Ttu3
Ttu3-Rwr6
Rwr6-Qin6
Tyu5-F_m0
Sub3-Rtk0
Rtk0-Bbe0
Fgi1-Sek3
Sek3-F_x1
Dqb8-Fdb2
Nfu0-Scg2
Scg2-Gou1
Gou1-P_o7
P_o7-Hv_9
Zmr9-C_w4
C_w4-Cdl9
Kfw7-Sq_7
Sq_7-Ngk7
Jms5-Ib_4
Bch2-Ayf7
Xxb6-O_b2
Fmz0-T_t7
T_t7-Maa4
Hth4-Vji6
Vji6-Yl_0
Yl_0-Frw9
Npr4-Prq7
Wnm2-Yan8
Yan8-Pc_0
Dba2-Rck7
Rck7-Gsd8
Gsd8-Xgg1
Ppf6-War4
Qq_3-S_v6
Zrd0-Maa4
Zom0-Wef5
Bqt5-C_l4
Gje5-Cet3
Erq1-Kmw3
Kmw3-Tkt9
Efo2-Q_f9
Ymi3-Hgz9
Hgz9-Jvk3
M_j9-Y_g7
Y_g7-Qq_8
Psy9-Vcn1
Zmr9-Coz7
Coz7-Etj7
Etj7-Ii_4
Jq_9-Jbe1
Jbe1-Uyf4
Goq5-Mpi2
Usy1-Rbm9
Mby5-Xn_6
Srm0-Maa4
Dfh6-Hzs6
Jpu5-Iro8
Iro8-Z_f6
Vl_2-Kra9
Kra9-Z_m4
Pnq4-Eo_1
Eo_1-Tas0
Tas0-Flz3
Rod8-Vtm1
Vtm1-Dws3
Zus5-Ice0
Ice0-Mcp7
Fdg1-Maa4
Zmr9-Yds0
Z_q5-Zsf7
Zsf7-Jns0
Eqa9-Vjb5
Fuq4-Hco2
Zro9-Uda8
Gob6-Zwl5
Jb_5-Xcu2
Kpa7-Ray2
Vim5-Spp8
Spp8-Ovy6
Ovy6-Mk_3
Mk_3-Yav1
Hvg6-Esz2
Esz2-Hkv0
Hkv0-J_i2
Bat8-Ovp9
Ovp9-Hpn4
Hpn4-Hfq2
Skx0-Atn2
Zmr9-Jsm0
Jsm0-Ank6
Ank6-Unt8
Unt8-Hii5
V_i6-Mqp1
Ypm0-Svy6
Svy6-Cgt1
Qct3-Mhd5
Ot_5-Qqr4
Anb0-Zbm0
Swy9-Rvq2
Zmr9-Kfw4
Jua6-Dsh2
Ztz5-Jo_9
Cae6-Brh2
O_h5-Kr_6
W_w9-Aba3
Aba3-Uhk9
W_r2-O_g5
O_a2-R_m7
Wac6-Aoa7
Aoa7-Sqc1
Sqc1-Nta2
Nta2-Isi1
Isi1-O_v3
Wra1-Egc8
Egc8-Zlj1
Zlj1-Cov4
Aja1-Uhk3
Uhk3-Jyn9
Hxs1-Cqc9
Cqc9-Fep5
Fep5-Pig0
Pig0-Ho_4
Kgu0-Maa4
Yur1-Ynw6
Ynw6-Gdl5
Gdl5-Xin6
Xin6-Pnt3
Uwr2-Qvq7
Qvq7-Gcu9
Oom2-Cun2
Zzl8-Jvv8
Jvv8-Cji0
Qb_3-Trf9
Trf9-Pbz7
Pbz7-Zsh9
Zsh9-Qz_9
Qz_9-Jwe5
Jmc0-Hbz5
Hbz5-Q_j1
Ebh5-Xsb3
Xsb3-Cnb0
Cnb0-Jkb0
Vdn3-Gsr7
Pqy4-Rir3
Rir3-Zpx3
Bja5-Npb0
Npb0-Pqi5
Pqi5-Maa4
Btb1-U_t9
Q_f9-Uku4
Uwr2-Mqb5
Dqb8-Uoa3
Uly7-Kx_1
Eev1-Jbe3
Oom2-Gsr0
Vko1-Oxb8
Vko1-Qbt4
By_2-Oie1
Coz7-Iid9
O_b2-S_m2
Fdb2-Xjn1
Ho_4-Rgw3
Cji0-Vns9
#Here is the number of lines required: 32

L1-Hth4 L2-Zom0 L3-Ttu3 L4-Hbv4 L5-Yds0 L6-Jsm0 L7-C_w4 L8-Qfz3 L9-Coz7 L10-Voh6 L11-Uvm5
L1-Vji6 L12-Hth4 L2-Wef5 L13-Zom0 L3-Rwr6 L14-Ttu3 L4-Dfh6 L15-Hbv4 L5-Z_q5 L16-Yds0 L6-Ank6 L17-Jsm0 L7-Cdl9 L18-C_w4 L8-Yir2 L19-Qfz3 L9-Etj7 L20-Coz7 L10-Sqx7 L21-Voh6 L11-Cck2 L22-Uvm5
L1-Yl_0 L12-Vji6 L23-Hth4 L2-Bqt5 L13-Wef5 L24-Zom0 L3-Tyu5 L14-Rwr6 L25-Ttu3 L4-Hzs6 L15-Dfh6 L26-Hbv4 L5-Zsf7 L16-Z_q5 L27-Yds0 L6-Unt8 L17-Ank6 L28-Jsm0 L7-Wdd4 L18-Cdl9 L29-C_w4 L8-Cbs8 L19-Yir2 L30-Qfz3 L9-Ii_4 L20-Etj7 L31-Coz7 L10-Vim5 L21-Sqx7 L32-Voh6 L11-Sjf2 L22-Cck2 L33-Uvm5
L1-Frw9 L12-Yl_0 L23-Vji6 L34-Hth4 L2-C_l4 L13-Bqt5 L24-Wef5 L35-Zom0 L3-F_m0 L14-Tyu5 L25-Rwr6 L36-Ttu3 L4-Jpu5 L15-Hzs6 L26-Dfh6 L37-Hbv4 L5-Jns0 L16-Zsf7 L27-Z_q5 L38-Yds0 L6-Hii5 L17-Unt8 L28-Ank6 L39-Jsm0 L7-Kfw7 L18-Wdd4 L29-Cdl9 L40-C_w4 L8-I_u8 L19-Cbs8 L30-Yir2 L41-Qfz3 L9-Jq_9 L20-Ii_4 L31-Etj7 L42-Coz7 L10-Spp8 L21-Vim5 L32-Sqx7 L43-Voh6 L11-Wou7 L22-Sjf2 L33-Cck2 L44-Uvm5
L1-Bcz5 L12-Frw9 L23-Yl_0 L34-Vji6 L45-Hth4 L2-B_m1 L13-C_l4 L24-Bqt5 L35-Wef5 L46-Zom0 L3-Jtt1 L14-F_m0 L25-Tyu5 L36-Rwr6 L47-Ttu3 L4-Iro8 L15-Jpu5 L26-Hzs6 L37-Dfh6 L48-Hbv4 L5-Plz6 L16-Jns0 L27-Zsf7 L38-Z_q5 L49-Yds0 L6-V_i6 L17-Hii5 L28-Unt8 L39-Ank6 L50-Jsm0 L7-Sq_7 L18-Kfw7 L29-Wdd4 L40-Cdl9 L51-C_w4 L8-Jbh4 L19-I_u8 L30-Cbs8 L41-Yir2 L52-Qfz3 L9-Jbe1 L20-Jq_9 L31-Ii_4 L42-Etj7 L53-Coz7 L10-Ovy6 L21-Spp8 L32-Vim5 L43-Sqx7 L54-Voh6 L11-Eig4 L22-Wou7 L33-Sjf2 L44-Cck2 L55-Uvm5
L1-Npr4 L12-Bcz5 L23-Frw9 L34-Yl_0 L45-Vji6 L56-Hth4 L2-Gje5 L13-B_m1 L24-C_l4 L35-Bqt5 L46-Wef5 L57-Zom0 L3-Rkd8 L14-Jtt1 L25-F_m0 L36-Tyu5 L47-Rwr6 L58-Ttu3 L4-Z_f6 L15-Iro8 L26-Jpu5 L37-Hzs6 L48-Dfh6 L59-Hbv4 L5-Eqa9 L16-Plz6 L27-Jns0 L38-Zsf7 L49-Z_q5 L60-Yds0 L6-Mqp1 L17-V_i6 L28-Hii5 L39-Unt8 L50-Ank6 L61-Jsm0 L7-Ngk7 L18-Sq_7 L29-Kfw7 L40-Wdd4 L51-Cdl9 L62-C_w4 L8-Jfq0 L19-Jbh4 L30-I_u8 L41-Cbs8 L52-Yir2 L63-Qfz3 L9-Uyf4 L20-Jbe1 L31-Jq_9 L42-Ii_4 L53-Etj7 L64-Coz7 L10-Mk_3 L21-Ovy6 L32-Spp8 L43-Vim5 L54-Sqx7 L65-Voh6 L11-Dis6 L22-Eig4 L33-Wou7 L44-Sjf2 L55-Cck2 L66-Uvm5
L1-Prq7 L12-Npr4 L23-Bcz5 L34-Frw9 L45-Yl_0 L56-Vji6 L67-Hth4 L2-Cet3 L13-Gje5 L24-B_m1 L35-C_l4 L46-Bqt5 L57-Wef5 L68-Zom0 L3-Isq7 L14-Rkd8 L25-Jtt1 L36-F_m0 L47-Tyu5 L58-Rwr6 L69-Ttu3 L4-Xec2 L15-Z_f6 L26-Iro8 L37-Jpu5 L48-Hzs6 L59-Dfh6 L70-Hbv4 L5-Vjb5 L16-Eqa9 L27-Plz6 L38-Jns0 L49-Zsf7 L60-Z_q5 L71-Yds0 L6-Ypm0 L17-Mqp1 L28-V_i6 L39-Hii5 L50-Unt8 L61-Ank6 L72-Jsm0 L7-Wcp8 L18-Ngk7 L29-Sq_7 L40-Kfw7 L51-Wdd4 L62-Cdl9 L73-C_w4 L8-Kz_8 L19-Jfq0 L30-Jbh4 L41-I_u8 L52-Cbs8 L63-Yir2 L74-Qfz3 L9-Goq5 L20-Uyf4 L31-Jbe1 L42-Jq_9 L53-Ii_4 L64-Etj7 L75-Coz7 L10-Yav1 L21-Mk_3 L32-Ovy6 L43-Spp8 L54-Vim5 L65-Sqx7 L76-Voh6 L11-Unh6 L22-Dis6 L33-Eig4 L44-Wou7 L55-Sjf2 L66-Cck2 L77-Uvm5
L1-Hzn2 L12-Prq7 L23-Npr4 L34-Bcz5 L45-Frw9 L56-Yl_0 L67-Vji6 L78-Hth4 L2-Kbh9 L13-Cet3 L24-Gje5 L35-B_m1 L46-C_l4 L57-Bqt5 L68-Wef5 L79-Zom0 L3-Zfc5 L14-Isq7 L25-Rkd8 L36-Jtt1 L47-F_m0 L58-Tyu5 L69-Rwr6 L80-Ttu3 L4-Vka1 L15-Xec2 L26-Z_f6 L37-Iro8 L48-Jpu5 L59-Hzs6 L70-Dfh6 L81-Hbv4 L5-Fuq4 L16-Vjb5 L27-Eqa9 L38-Plz6 L49-Jns0 L60-Zsf7 L71-Z_q5 L82-Yds0 L6-Svy6 L17-Ypm0 L28-Mqp1 L39-V_i6 L50-Hii5 L61-Unt8 L72-Ank6 L83-Jsm0 L7-Ikb3 L18-Wcp8 L29-Ngk7 L40-Sq_7 L51-Kfw7 L62-Wdd4 L73-Cdl9 L84-C_w4 L8-Pkk5 L19-Kz_8 L30-Jfq0 L41-Jbh4 L52-I_u8 L63-Cbs8 L74-Yir2 L85-Qfz3 L9-Mpi2 L20-Goq5 L31-Uyf4 L42-Jbe1 L53-Jq_9 L64-Ii_4 L75-Etj7 L86-Coz7 L10-Hvg6 L21-Yav1 L32-Mk_3 L43-Ovy6 L54-Spp8 L65-Vim5 L76-Sqx7 L87-Voh6 L11-Dft9 L22-Unh6 L33-Dis6 L44-Eig4 L55-Wou7 L66-Sjf2 L77-Cck2 L88-Uvm5
L1-Dfg6 L12-Hzn2 L23-Prq7 L34-Npr4 L45-Bcz5 L56-Frw9 L67-Yl_0 L78-Vji6 L89-Hth4 L2-Erq1 L13-Kbh9 L24-Cet3 L35-Gje5 L46-B_m1 L57-C_l4 L68-Bqt5 L79-Wef5 L90-Zom0 L3-Fxt9 L14-Zfc5 L25-Isq7 L36-Rkd8 L47-Jtt1 L58-F_m0 L69-Tyu5 L80-Rwr6 L91-Ttu3 L4-Vl_2 L15-Vka1 L26-Xec2 L37-Z_f6 L48-Iro8 L59-Jpu5 L70-Hzs6 L81-Dfh6 L92-Hbv4 L5-Hco2 L16-Fuq4 L27-Vjb5 L38-Eqa9 L49-Plz6 L60-Jns0 L71-Zsf7 L82-Z_q5 L93-Yds0 L6-Cgt1 L17-Svy6 L28-Ypm0 L39-Mqp1 L50-V_i6 L61-Hii5 L72-Unt8 L83-Ank6 L94-Jsm0 L7-Mrb5 L18-Ikb3 L29-Wcp8 L40-Ngk7 L51-Sq_7 L62-Kfw7 L73-Wdd4 L84-Cdl9 L95-C_w4 L8-Haj1 L19-Pkk5 L30-Kz_8 L41-Jfq0 L52-Jbh4 L63-I_u8 L74-Cbs8 L85-Yir2 L96-Qfz3 L9-Jqo3 L20-Mpi2 L31-Goq5 L42-Uyf4 L53-Jbe1 L64-Jq_9 L75-Ii_4 L86-Etj7 L97-Coz7 L10-Esz2 L21-Hvg6 L32-Yav1 L43-Mk_3 L54-Ovy6 L65-Spp8 L76-Vim5 L87-Sqx7 L98-Voh6 L11-Hik8 L22-Dft9 L33-Unh6 L44-Dis6 L55-Eig4 L66-Wou7 L77-Sjf2 L88-Cck2 L99-Uvm5
L1-Myt2 L12-Dfg6 L23-Hzn2 L34-Prq7 L45-Npr4 L56-Bcz5 L67-Frw9 L78-Yl_0 L89-Vji6 L2-Kmw3 L13-Erq1 L24-Kbh9 L35-Cet3 L46-Gje5 L57-B_m1 L68-C_l4 L79-Bqt5 L90-Wef5 L3-Sub3 L14-Fxt9 L25-Zfc5 L36-Isq7 L47-Rkd8 L58-Jtt1 L69-F_m0 L80-Tyu5 L91-Rwr6 L4-Kra9 L15-Vl_2 L26-Vka1 L37-Xec2 L48-Z_f6 L59-Iro8 L70-Jpu5 L81-Hzs6 L92-Dfh6 L5-Zro9 L16-Hco2 L27-Fuq4 L38-Vjb5 L49-Eqa9 L60-Plz6 L71-Jns0 L82-Zsf7 L93-Z_q5 L6-Qct3 L17-Cgt1 L28-Svy6 L39-Ypm0 L50-Mqp1 L61-V_i6 L72-Hii5 L83-Unt8 L94-Ank6 L7-E_o0 L18-Mrb5 L29-Ikb3 L40-Wcp8 L51-Ngk7 L62-Sq_7 L73-Kfw7 L84-Wdd4 L95-Cdl9 L8-Bpx3 L19-Haj1 L30-Pkk5 L41-Kz_8 L52-Jfq0 L63-Jbh4 L74-I_u8 L85-Cbs8 L96-Yir2 L9-Uly7 L20-Jqo3 L31-Mpi2 L42-Goq5 L53-Uyf4 L64-Jbe1 L75-Jq_9 L86-Ii_4 L97-Etj7 L10-Hkv0 L21-Esz2 L32-Hvg6 L43-Yav1 L54-Mk_3 L65-Ovy6 L76-Spp8 L87-Vim5 L98-Sqx7 L100-Voh6 L11-N_n3 L22-Hik8 L33-Dft9 L44-Unh6 L55-Dis6 L66-Eig4 L77-Wou7 L88-Sjf2 L99-Cck2 L101-Uvm5
L1-Wnm2 L12-Myt2 L23-Dfg6 L34-Hzn2 L45-Prq7 L56-Npr4 L67-Bcz5 L78-Frw9 L89-Yl_0 L2-Tkt9 L13-Kmw3 L24-Erq1 L35-Kbh9 L46-Cet3 L57-Gje5 L68-B_m1 L79-C_l4 L90-Bqt5 L3-Rtk0 L14-Sub3 L25-Fxt9 L36-Zfc5 L47-Isq7 L58-Rkd8 L69-Jtt1 L80-F_m0 L91-Tyu5 L4-Z_m4 L15-Kra9 L26-Vl_2 L37-Vka1 L48-Xec2 L59-Z_f6 L70-Iro8 L81-Jpu5 L92-Hzs6 L5-Uda8 L16-Zro9 L27-Hco2 L38-Fuq4 L49-Vjb5 L60-Eqa9 L71-Plz6 L82-Jns0 L93-Zsf7 L6-Mhd5 L17-Qct3 L28-Cgt1 L39-Svy6 L50-Ypm0 L61-Mqp1 L72-V_i6 L83-Hii5 L94-Unt8 L7-Jms5 L18-E_o0 L29-Mrb5 L40-Ikb3 L51-Wcp8 L62-Ngk7 L73-Sq_7 L84-Kfw7 L95-Wdd4 L8-Arw0 L19-Bpx3 L30-Haj1 L41-Pkk5 L52-Kz_8 L63-Jfq0 L74-Jbh4 L85-I_u8 L96-Cbs8 L9-Usy1 L20-Uly7 L31-Jqo3 L42-Mpi2 L53-Goq5 L64-Uyf4 L75-Jbe1 L86-Jq_9 L97-Ii_4 L10-J_i2 L21-Hkv0 L32-Esz2 L43-Hvg6 L54-Yav1 L65-Mk_3 L76-Ovy6 L87-Spp8 L98-Vim5 L100-Sqx7 L11-Obn4 L22-N_n3 L33-Hik8 L44-Dft9 L55-Unh6 L66-Dis6 L77-Eig4 L88-Wou7 L99-Sjf2 L101-Cck2
L1-Yan8 L12-Wnm2 L23-Myt2 L34-Dfg6 L45-Hzn2 L56-Prq7 L67-Npr4 L78-Bcz5 L89-Frw9 L2-Efo2 L13-Tkt9 L24-Kmw3 L35-Erq1 L46-Kbh9 L57-Cet3 L68-Gje5 L79-B_m1 L90-C_l4 L3-Bbe0 L14-Rtk0 L25-Sub3 L36-Fxt9 L47-Zfc5 L58-Isq7 L69-Rkd8 L80-Jtt1 L91-F_m0 L4-Pnq4 L15-Z_m4 L26-Kra9 L37-Vl_2 L48-Vka1 L59-Xec2 L70-Z_f6 L81-Iro8 L92-Jpu5 L5-Gob6 L16-Uda8 L27-Zro9 L38-Hco2 L49-Fuq4 L60-Vjb5 L71-Eqa9 L82-Plz6 L93-Jns0 L6-Eev1 L17-Mhd5 L28-Qct3 L39-Cgt1 L50-Svy6 L61-Ypm0 L72-Mqp1 L83-V_i6 L94-Hii5 L7-Ib_4 L18-Jms5 L29-E_o0 L40-Mrb5 L51-Ikb3 L62-Wcp8 L73-Ngk7 L84-Sq_7 L95-Kfw7 L8-Ozk7 L19-Arw0 L30-Bpx3 L41-Haj1 L52-Pkk5 L63-Kz_8 L74-Jfq0 L85-Jbh4 L96-I_u8 L9-Rbm9 L20-Usy1 L31-Uly7 L42-Jqo3 L53-Mpi2 L64-Goq5 L75-Uyf4 L86-Jbe1 L97-Jq_9 L10-Bat8 L21-J_i2 L32-Hkv0 L43-Esz2 L54-Hvg6 L65-Yav1 L76-Mk_3 L87-Ovy6 L98-Spp8 L100-Vim5 L11-Vko1 L22-Obn4 L33-N_n3 L44-Hik8 L55-Dft9 L66-Unh6 L77-Dis6 L88-Eig4 L99-Wou7 L101-Sjf2
L1-Pc_0 L12-Yan8 L23-Wnm2 L34-Myt2 L45-Dfg6 L56-Hzn2 L67-Prq7 L78-Npr4 L89-Bcz5 L2-Q_f9 L13-Efo2 L24-Tkt9 L35-Kmw3 L46-Erq1 L57-Kbh9 L68-Cet3 L79-Gje5 L90-B_m1 L3-Fgi1 L14-Bbe0 L25-Rtk0 L36-Sub3 L47-Fxt9 L58-Zfc5 L69-Isq7 L80-Rkd8 L91-Jtt1 L4-Eo_1 L15-Pnq4 L26-Z_m4 L37-Kra9 L48-Vl_2 L59-Vka1 L70-Xec2 L81-Z_f6 L92-Iro8 L5-Zwl5 L16-Gob6 L27-Uda8 L38-Zro9 L49-Hco2 L60-Fuq4 L71-Vjb5 L82-Eqa9 L93-Plz6 L6-Hkg0 L17-Eev1 L28-Mhd5 L39-Qct3 L50-Cgt1 L61-Svy6 L72-Ypm0 L83-Mqp1 L94-V_i6 L7-Bch2 L18-Ib_4 L29-Jms5 L40-E_o0 L51-Mrb5 L62-Ikb3 L73-Wcp8 L84-Ngk7 L95-Sq_7 L8-Jcw6 L19-Ozk7 L30-Arw0 L41-Bpx3 L52-Haj1 L63-Pkk5 L74-Kz_8 L85-Jfq0 L96-Jbh4 L9-Ojj3 L20-Rbm9 L31-Usy1 L42-Uly7 L53-Jqo3 L64-Mpi2 L75-Goq5 L86-Uyf4 L97-Jbe1 L10-Ovp9 L21-Bat8 L32-J_i2 L43-Hkv0 L54-Esz2 L65-Hvg6 L76-Yav1 L87-Mk_3 L98-Ovy6 L100-Spp8 L11-Rwb9 L22-Vko1 L33-Obn4 L44-N_n3 L55-Hik8 L66-Dft9 L77-Unh6 L88-Dis6 L99-Eig4 L101-Wou7
L1-Pun1 L12-Pc_0 L23-Yan8 L34-Wnm2 L45-Myt2 L56-Dfg6 L67-Hzn2 L78-Prq7 L89-Npr4 L2-Yba6 L13-Q_f9 L24-Efo2 L35-Tkt9 L46-Kmw3 L57-Erq1 L68-Kbh9 L79-Cet3 L90-Gje5 L3-Sek3 L14-Fgi1 L25-Bbe0 L36-Rtk0 L47-Sub3 L58-Fxt9 L69-Zfc5 L80-Isq7 L91-Rkd8 L4-Tas0 L15-Eo_1 L26-Pnq4 L37-Z_m4 L48-Kra9 L59-Vl_2 L70-Vka1 L81-Xec2 L92-Z_f6 L5-Jb_5 L16-Zwl5 L27-Gob6 L38-Uda8 L49-Zro9 L60-Hco2 L71-Fuq4 L82-Vjb5 L93-Eqa9 L6-Ot_5 L17-Hkg0 L28-Eev1 L39-Mhd5 L50-Qct3 L61-Cgt1 L72-Svy6 L83-Ypm0 L94-Mqp1 L7-Ayf7 L18-Bch2 L29-Ib_4 L40-Jms5 L51-E_o0 L62-Mrb5 L73-Ikb3 L84-Wcp8 L95-Ngk7 L8-Zex0 L19-Jcw6 L30-Ozk7 L41-Arw0 L52-Bpx3 L63-Haj1 L74-Pkk5 L85-Kz_8 L96-Jfq0 L9-Buh2 L20-Ojj3 L31-Rbm9 L42-Usy1 L53-Uly7 L64-Jqo3 L75-Mpi2 L86-Goq5 L97-Uyf4 L10-Hpn4 L21-Ovp9 L32-Bat8 L43-J_i2 L54-Hkv0 L65-Esz2 L76-Hvg6 L87-Yav1 L98-Mk_3 L100-Ovy6 L11-Xkc5 L22-Rwb9 L33-Vko1 L44-Obn4 L55-N_n3 L66-Hik8 L77-Dft9 L88-Unh6 L99-Dis6 L101-Eig4
L1-Qug7 L12-Pun1 L23-Pc_0 L34-Yan8 L45-Wnm2 L56-Myt2 L67-Dfg6 L78-Hzn2 L89-Prq7 L2-Nxf9 L13-Yba6 L24-Q_f9 L35-Efo2 L46-Tkt9 L57-Kmw3 L68-Erq1 L79-Kbh9 L90-Cet3 L3-F_x1 L14-Sek3 L25-Fgi1 L36-Bbe0 L47-Rtk0 L58-Sub3 L69-Fxt9 L80-Zfc5 L91-Isq7 L4-Flz3 L15-Tas0 L26-Eo_1 L37-Pnq4 L48-Z_m4 L59-Kra9 L70-Vl_2 L81-Vka1 L92-Xec2 L5-Xcu2 L16-Jb_5 L27-Zwl5 L38-Gob6 L49-Uda8 L60-Zro9 L71-Hco2 L82-Fuq4 L93-Vjb5 L6-Qqr4 L17-Ot_5 L28-Hkg0 L39-Eev1 L50-Mhd5 L61-Qct3 L72-Cgt1 L83-Svy6 L94-Ypm0 L7-F__0 L18-Ayf7 L29-Bch2 L40-Ib_4 L51-Jms5 L62-E_o0 L73-Mrb5 L84-Ikb3 L95-Wcp8 L8-Gy_4 L19-Zex0 L30-Jcw6 L41-Ozk7 L52-Arw0 L63-Bpx3 L74-Haj1 L85-Pkk5 L96-Kz_8 L9-Hsm2 L20-Buh2 L31-Ojj3 L42-Rbm9 L53-Usy1 L64-Uly7 L75-Jqo3 L86-Mpi2 L97-Goq5 L10-Hfq2 L21-Hpn4 L32-Ovp9 L43-Bat8 L54-J_i2 L65-Hkv0 L76-Esz2 L87-Hvg6 L98-Yav1 L100-Mk_3 L11-Ufq8 L22-Xkc5 L33-Rwb9 L44-Vko1 L55-Obn4 L66-N_n3 L77-Hik8 L88-Dft9 L99-Unh6 L101-Dis6
L1-Dba2 L12-Qug7 L23-Pun1 L34-Pc_0 L45-Yan8 L56-Wnm2 L67-Myt2 L78-Dfg6 L89-Hzn2 L2-Ymi3 L13-Nxf9 L24-Yba6 L35-Q_f9 L46-Efo2 L57-Tkt9 L68-Kmw3 L79-Erq1 L90-Kbh9 L3-Dqb8 L14-F_x1 L25-Sek3 L36-Fgi1 L47-Bbe0 L58-Rtk0 L69-Sub3 L80-Fxt9 L91-Zfc5 L4-Rod8 L15-Flz3 L26-Tas0 L37-Eo_1 L48-Pnq4 L59-Z_m4 L70-Kra9 L81-Vl_2 L92-Vka1 L5-Kpa7 L16-Xcu2 L27-Jb_5 L38-Zwl5 L49-Gob6 L60-Uda8 L71-Zro9 L82-Hco2 L93-Fuq4 L6-Anb0 L17-Qqr4 L28-Ot_5 L39-Hkg0 L50-Eev1 L61-Mhd5 L72-Qct3 L83-Cgt1 L94-Svy6 L7-Mum4 L18-F__0 L29-Ayf7 L40-Bch2 L51-Ib_4 L62-Jms5 L73-E_o0 L84-Mrb5 L95-Ikb3 L8-Qnj2 L19-Gy_4 L30-Zex0 L41-Jcw6 L52-Ozk7 L63-Arw0 L74-Bpx3 L85-Haj1 L96-Pkk5 L9-Mby5 L20-Hsm2 L31-Buh2 L42-Ojj3 L53-Rbm9 L64-Usy1 L75-Uly7 L86-Jqo3 L97-Mpi2 L10-Skx0 L21-Hfq2 L32-Hpn4 L43-Ovp9 L54-Bat8 L65-J_i2 L76-Hkv0 L87-Esz2 L98-Hvg6 L100-Yav1 L11-Maa4 L22-Ufq8 L33-Xkc5 L44-Rwb9 L55-Vko1 L66-Obn4 L77-N_n3 L88-Hik8 L99-Dft9 L101-Unh6
L1-Rck7 L12-Dba2 L23-Qug7 L34-Pun1 L45-Pc_0 L56-Yan8 L67-Wnm2 L78-Myt2 L89-Dfg6 L2-Hgz9 L13-Ymi3 L24-Nxf9 L35-Yba6 L46-Q_f9 L57-Efo2 L68-Tkt9 L79-Kmw3 L90-Erq1 L3-Fdb2 L14-Dqb8 L25-F_x1 L36-Sek3 L47-Fgi1 L58-Bbe0 L69-Rtk0 L80-Sub3 L91-Fxt9 L4-Vtm1 L15-Rod8 L26-Flz3 L37-Tas0 L48-Eo_1 L59-Pnq4 L70-Z_m4 L81-Kra9 L92-Vl_2 L5-Ray2 L16-Kpa7 L27-Xcu2 L38-Jb_5 L49-Zwl5 L60-Gob6 L71-Uda8 L82-Zro9 L93-Hco2 L6-Zbm0 L17-Anb0 L28-Qqr4 L39-Ot_5 L50-Hkg0 L61-Eev1 L72-Mhd5 L83-Qct3 L94-Cgt1 L7-Xxb6 L18-Mum4 L29-F__0 L40-Ayf7 L51-Bch2 L62-Ib_4 L73-Jms5 L84-E_o0 L95-Mrb5 L8-Rpo0 L19-Qnj2 L30-Gy_4 L41-Zex0 L52-Jcw6 L63-Ozk7 L74-Arw0 L85-Bpx3 L96-Haj1 L9-Xn_6 L20-Mby5 L31-Hsm2 L42-Buh2 L53-Ojj3 L64-Rbm9 L75-Usy1 L86-Uly7 L97-Jqo3 L10-Atn2 L21-Skx0 L32-Hfq2 L43-Hpn4 L54-Ovp9 L65-Bat8 L76-J_i2 L87-Hkv0 L98-Esz2 L100-Hvg6 L22-Maa4 L33-Ufq8 L44-Xkc5 L55-Rwb9 L66-Vko1 L77-Obn4 L88-N_n3 L99-Hik8 L101-Dft9
L1-Gsd8 L12-Rck7 L23-Dba2 L34-Qug7 L45-Pun1 L56-Pc_0 L67-Yan8 L78-Wnm2 L89-Myt2 L2-Jvk3 L13-Hgz9 L24-Ymi3 L35-Nxf9 L46-Yba6 L57-Q_f9 L68-Efo2 L79-Tkt9 L90-Kmw3 L3-Nfu0 L14-Fdb2 L25-Dqb8 L36-F_x1 L47-Sek3 L58-Fgi1 L69-Bbe0 L80-Rtk0 L91-Sub3 L4-Dws3 L15-Vtm1 L26-Rod8 L37-Flz3 L48-Tas0 L59-Eo_1 L70-Pnq4 L81-Z_m4 L92-Kra9 L5-Tqm7 L16-Ray2 L27-Kpa7 L38-Xcu2 L49-Jb_5 L60-Zwl5 L71-Gob6 L82-Uda8 L93-Zro9 L6-Swy9 L17-Zbm0 L28-Anb0 L39-Qqr4 L50-Ot_5 L61-Hkg0 L72-Eev1 L83-Mhd5 L94-Qct3 L7-O_b2 L18-Xxb6 L29-Mum4 L40-F__0 L51-Ayf7 L62-Bch2 L73-Ib_4 L84-Jms5 L95-E_o0 L8-Bkt9 L19-Rpo0 L30-Qnj2 L41-Gy_4 L52-Zex0 L63-Jcw6 L74-Ozk7 L85-Arw0 L96-Bpx3 L9-Srm0 L20-Xn_6 L31-Mby5 L42-Hsm2 L53-Buh2 L64-Ojj3 L75-Rbm9 L86-Usy1 L97-Uly7 L10-Maa4 L21-Atn2 L32-Skx0 L43-Hfq2 L54-Hpn4 L65-Ovp9 L76-Bat8 L87-J_i2 L98-Hkv0 L100-Esz2 L33-Maa4 L44-Ufq8 L55-Xkc5 L66-Rwb9 L77-Vko1 L88-Obn4 L99-N_n3 L101-Hik8
L1-Xgg1 L12-Gsd8 L23-Rck7 L34-Dba2 L45-Qug7 L56-Pun1 L67-Pc_0 L78-Yan8 L89-Wnm2 L2-M_j9 L13-Jvk3 L24-Hgz9 L35-Ymi3 L46-Nxf9 L57-Yba6 L68-Q_f9 L79-Efo2 L90-Tkt9 L3-Scg2 L14-Nfu0 L25-Fdb2 L36-Dqb8 L47-F_x1 L58-Sek3 L69-Fgi1 L80-Bbe0 L91-Rtk0 L4-E_m0 L15-Dws3 L26-Vtm1 L37-Rod8 L48-Flz3 L59-Tas0 L70-Eo_1 L81-Pnq4 L92-Z_m4 L5-E_g8 L16-Tqm7 L27-Ray2 L38-Kpa7 L49-Xcu2 L60-Jb_5 L71-Zwl5 L82-Gob6 L93-Uda8 L6-Rvq2 L17-Swy9 L28-Zbm0 L39-Anb0 L50-Qqr4 L61-Ot_5 L72-Hkg0 L83-Eev1 L94-Mhd5 L7-Fmz0 L18-O_b2 L29-Xxb6 L40-Mum4 L51-F__0 L62-Ayf7 L73-Bch2 L84-Ib_4 L95-Jms5 L8-Itx2 L19-Bkt9 L30-Rpo0 L41-Qnj2 L52-Gy_4 L63-Zex0 L74-Jcw6 L85-Ozk7 L96-Arw0 L9-Maa4 L20-Srm0 L31-Xn_6 L42-Mby5 L53-Hsm2 L64-Buh2 L75-Ojj3 L86-Rbm9 L97-Usy1 L21-Maa4 L32-Atn2 L43-Skx0 L54-Hfq2 L65-Hpn4 L76-Ovp9 L87-Bat8 L98-J_i2 L100-Hkv0 L44-Maa4 L55-Ufq8 L66-Xkc5 L77-Rwb9 L88-Vko1 L99-Obn4 L101-N_n3
L1-Ppf6 L12-Xgg1 L23-Gsd8 L34-Rck7 L45-Dba2 L56-Qug7 L67-Pun1 L78-Pc_0 L89-Yan8 L2-Y_g7 L13-M_j9 L24-Jvk3 L35-Hgz9 L46-Ymi3 L57-Nxf9 L68-Yba6 L79-Q_f9 L90-Efo2 L3-Gou1 L14-Scg2 L25-Nfu0 L36-Fdb2 L47-Dqb8 L58-F_x1 L69-Sek3 L80-Fgi1 L91-Bbe0 L4-Zus5 L15-E_m0 L26-Dws3 L37-Vtm1 L48-Rod8 L59-Flz3 L70-Tas0 L81-Eo_1 L92-Pnq4 L5-Btb1 L16-E_g8 L27-Tqm7 L38-Ray2 L49-Kpa7 L60-Xcu2 L71-Jb_5 L82-Zwl5 L93-Gob6 L6-H_r1 L17-Rvq2 L28-Swy9 L39-Zbm0 L50-Anb0 L61-Qqr4 L72-Ot_5 L83-Hkg0 L94-Eev1 L7-T_t7 L18-Fmz0 L29-O_b2 L40-Xxb6 L51-Mum4 L62-F__0 L73-Ayf7 L84-Bch2 L95-Ib_4 L8-Eeh9 L19-Itx2 L30-Bkt9 L41-Rpo0 L52-Qnj2 L63-Gy_4 L74-Zex0 L85-Jcw6 L96-Ozk7 L20-Maa4 L31-Srm0 L42-Xn_6 L53-Mby5 L64-Hsm2 L75-Buh2 L86-Ojj3 L97-Rbm9 L32-Maa4 L43-Atn2 L54-Skx0 L65-Hfq2 L76-Hpn4 L87-Ovp9 L98-Bat8 L100-J_i2 L55-Maa4 L66-Ufq8 L77-Xkc5 L88-Rwb9 L99-Vko1 L101-Obn4
L1-War4 L12-Ppf6 L23-Xgg1 L34-Gsd8 L45-Rck7 L56-Dba2 L67-Qug7 L78-Pun1 L89-Pc_0 L2-Qq_8 L13-Y_g7 L24-M_j9 L35-Jvk3 L46-Hgz9 L57-Ymi3 L68-Nxf9 L79-Yba6 L90-Q_f9 L3-P_o7 L14-Gou1 L25-Scg2 L36-Nfu0 L47-Fdb2 L58-Dqb8 L69-F_x1 L80-Sek3 L91-Fgi1 L4-Ice0 L15-Zus5 L26-E_m0 L37-Dws3 L48-Vtm1 L59-Rod8 L70-Flz3 L81-Tas0 L92-Eo_1 L5-Xqj7 L16-Btb1 L27-E_g8 L38-Tqm7 L49-Ray2 L60-Kpa7 L71-Xcu2 L82-Jb_5 L93-Zwl5 L6-Maa4 L17-H_r1 L28-Rvq2 L39-Swy9 L50-Zbm0 L61-Anb0 L72-Qqr4 L83-Ot_5 L94-Hkg0 L7-Maa4 L18-T_t7 L29-Fmz0 L40-O_b2 L51-Xxb6 L62-Mum4 L73-F__0 L84-Ayf7 L95-Bch2 L8-Maa4 L19-Eeh9 L30-Itx2 L41-Bkt9 L52-Rpo0 L63-Qnj2 L74-Gy_4 L85-Zex0 L96-Jcw6 L31-Maa4 L42-Srm0 L53-Xn_6 L64-Mby5 L75-Hsm2 L86-Buh2 L97-Ojj3 L43-Maa4 L54-Atn2 L65-Skx0 L76-Hfq2 L87-Hpn4 L98-Ovp9 L100-Bat8 L66-Maa4 L77-Ufq8 L88-Xkc5 L99-Rwb9 L101-Vko1
L1-Qq_3 L12-War4 L23-Ppf6 L34-Xgg1 L45-Gsd8 L56-Rck7 L67-Dba2 L78-Qug7 L89-Pun1 L2-Psy9 L13-Qq_8 L24-Y_g7 L35-M_j9 L46-Jvk3 L57-Hgz9 L68-Ymi3 L79-Nxf9 L90-Yba6 L3-Hv_9 L14-P_o7 L25-Gou1 L36-Scg2 L47-Nfu0 L58-Fdb2 L69-Dqb8 L80-F_x1 L91-Sek3 L4-Mcp7 L15-Ice0 L26-Zus5 L37-E_m0 L48-Dws3 L59-Vtm1 L70-Rod8 L81-Flz3 L92-Tas0 L5-By_2 L16-Xqj7 L27-Btb1 L38-E_g8 L49-Tqm7 L60-Ray2 L71-Kpa7 L82-Xcu2 L93-Jb_5 L17-Maa4 L28-H_r1 L39-Rvq2 L50-Swy9 L61-Zbm0 L72-Anb0 L83-Qqr4 L94-Ot_5 L18-Maa4 L29-T_t7 L40-Fmz0 L51-O_b2 L62-Xxb6 L73-Mum4 L84-F__0 L95-Ayf7 L19-Maa4 L30-Eeh9 L41-Itx2 L52-Bkt9 L63-Rpo0 L74-Qnj2 L85-Gy_4 L96-Zex0 L42-Maa4 L53-Srm0 L64-Xn_6 L75-Mby5 L86-Hsm2 L97-Buh2 L54-Maa4 L65-Atn2 L76-Skx0 L87-Hfq2 L98-Hpn4 L100-Ovp9 L77-Maa4 L88-Ufq8 L99-Xkc5 L101-Rwb9
L1-S_v6 L12-Qq_3 L23-War4 L34-Ppf6 L45-Xgg1 L56-Gsd8 L67-Rck7 L78-Dba2 L89-Qug7 L2-Vcn1 L13-Psy9 L24-Qq_8 L35-Y_g7 L46-M_j9 L57-Jvk3 L68-Hgz9 L79-Ymi3 L90-Nxf9 L3-Kgv4 L14-Hv_9 L25-P_o7 L36-Gou1 L47-Scg2 L58-Nfu0 L69-Fdb2 L80-Dqb8 L91-F_x1 L4-Fdg1 L15-Mcp7 L26-Ice0 L37-Zus5 L48-E_m0 L59-Dws3 L70-Vtm1 L81-Rod8 L92-Flz3 L5-Maa4 L16-By_2 L27-Xqj7 L38-Btb1 L49-E_g8 L60-Tqm7 L71-Ray2 L82-Kpa7 L93-Xcu2 L28-Maa4 L39-H_r1 L50-Rvq2 L61-Swy9 L72-Zbm0 L83-Anb0 L94-Qqr4 L29-Maa4 L40-T_t7 L51-Fmz0 L62-O_b2 L73-Xxb6 L84-Mum4 L95-F__0 L30-Maa4 L41-Eeh9 L52-Itx2 L63-Bkt9 L74-Rpo0 L85-Qnj2 L96-Gy_4 L53-Maa4 L64-Srm0 L75-Xn_6 L86-Mby5 L97-Hsm2 L65-Maa4 L76-Atn2 L87-Skx0 L98-Hfq2 L100-Hpn4 L88-Maa4 L99-Ufq8 L101-Xkc5
L1-Zrd0 L12-S_v6 L23-Qq_3 L34-War4 L45-Ppf6 L56-Xgg1 L67-Gsd8 L78-Rck7 L89-Dba2 L2-Nrh1 L13-Vcn1 L24-Psy9 L35-Qq_8 L46-Y_g7 L57-M_j9 L68-Jvk3 L79-Hgz9 L90-Ymi3 L3-Maa4 L14-Kgv4 L25-Hv_9 L36-P_o7 L47-Gou1 L58-Scg2 L69-Nfu0 L80-Fdb2 L91-Dqb8 L4-Maa4 L15-Fdg1 L26-Mcp7 L37-Ice0 L48-Zus5 L59-E_m0 L70-Dws3 L81-Vtm1 L92-Rod8 L16-Maa4 L27-By_2 L38-Xqj7 L49-Btb1 L60-E_g8 L71-Tqm7 L82-Ray2 L93-Kpa7 L39-Maa4 L50-H_r1 L61-Rvq2 L72-Swy9 L83-Zbm0 L94-Anb0 L40-Maa4 L51-T_t7 L62-Fmz0 L73-O_b2 L84-Xxb6 L95-Mum4 L41-Maa4 L52-Eeh9 L63-Itx2 L74-Bkt9 L85-Rpo0 L96-Qnj2 L64-Maa4 L75-Srm0 L86-Xn_6 L97-Mby5 L76-Maa4 L87-Atn2 L98-Skx0 L100-Hfq2 L99-Maa4 L101-Ufq8
L1-Maa4 L12-Zrd0 L23-S_v6 L34-Qq_3 L45-War4 L56-Ppf6 L67-Xgg1 L78-Gsd8 L89-Rck7 L2-Maa4 L13-Nrh1 L24-Vcn1 L35-Psy9 L46-Qq_8 L57-Y_g7 L68-M_j9 L79-Jvk3 L90-Hgz9 L14-Maa4 L25-Kgv4 L36-Hv_9 L47-P_o7 L58-Gou1 L69-Scg2 L80-Nfu0 L91-Fdb2 L15-Maa4 L26-Fdg1 L37-Mcp7 L48-Ice0 L59-Zus5 L70-E_m0 L81-Dws3 L92-Vtm1 L27-Maa4 L38-By_2 L49-Xqj7 L60-Btb1 L71-E_g8 L82-Tqm7 L93-Ray2 L50-Maa4 L61-H_r1 L72-Rvq2 L83-Swy9 L94-Zbm0 L51-Maa4 L62-T_t7 L73-Fmz0 L84-O_b2 L95-Xxb6 L52-Maa4 L63-Eeh9 L74-Itx2 L85-Bkt9 L96-Rpo0 L75-Maa4 L86-Srm0 L97-Xn_6 L87-Maa4 L98-Atn2 L100-Skx0 L101-Maa4
L12-Maa4 L23-Zrd0 L34-S_v6 L45-Qq_3 L56-War4 L67-Ppf6 L78-Xgg1 L89-Gsd8 L13-Maa4 L24-Nrh1 L35-Vcn1 L46-Psy9 L57-Qq_8 L68-Y_g7 L79-M_j9 L90-Jvk3 L25-Maa4 L36-Kgv4 L47-Hv_9 L58-P_o7 L69-Gou1 L80-Scg2 L91-Nfu0 L26-Maa4 L37-Fdg1 L48-Mcp7 L59-Ice0 L70-Zus5 L81-E_m0 L92-Dws3 L38-Maa4 L49-By_2 L60-Xqj7 L71-Btb1 L82-E_g8 L93-Tqm7 L61-Maa4 L72-H_r1 L83-Rvq2 L94-Swy9 L62-Maa4 L73-T_t7 L84-Fmz0 L95-O_b2 L63-Maa4 L74-Eeh9 L85-Itx2 L96-Bkt9 L86-Maa4 L97-Srm0 L98-Maa4 L100-Atn2
L23-Maa4 L34-Zrd0 L45-S_v6 L56-Qq_3 L67-War4 L78-Ppf6 L89-Xgg1 L24-Maa4 L35-Nrh1 L46-Vcn1 L57-Psy9 L68-Qq_8 L79-Y_g7 L90-M_j9 L36-Maa4 L47-Kgv4 L58-Hv_9 L69-P_o7 L80-Gou1 L91-Scg2 L37-Maa4 L48-Fdg1 L59-Mcp7 L70-Ice0 L81-Zus5 L92-E_m0 L49-Maa4 L60-By_2 L71-Xqj7 L82-Btb1 L93-E_g8 L72-Maa4 L83-H_r1 L94-Rvq2 L73-Maa4 L84-T_t7 L95-Fmz0 L74-Maa4 L85-Eeh9 L96-Itx2 L97-Maa4 L100-Maa4
L34-Maa4 L45-Zrd0 L56-S_v6 L67-Qq_3 L78-War4 L89-Ppf6 L35-Maa4 L46-Nrh1 L57-Vcn1 L68-Psy9 L79-Qq_8 L90-Y_g7 L47-Maa4 L58-Kgv4 L69-Hv_9 L80-P_o7 L91-Gou1 L48-Maa4 L59-Fdg1 L70-Mcp7 L81-Ice0 L92-Zus5 L60-Maa4 L71-By_2 L82-Xqj7 L93-Btb1 L83-Maa4 L94-H_r1 L84-Maa4 L95-T_t7 L85-Maa4 L96-Eeh9
L45-Maa4 L56-Zrd0 L67-S_v6 L78-Qq_3 L89-War4 L46-Maa4 L57-Nrh1 L68-Vcn1 L79-Psy9 L90-Qq_8 L58-Maa4 L69-Kgv4 L80-Hv_9 L91-P_o7 L59-Maa4 L70-Fdg1 L81-Mcp7 L92-Ice0 L71-Maa4 L82-By_2 L93-Xqj7 L94-Maa4 L95-Maa4 L96-Maa4
L56-Maa4 L67-Zrd0 L78-S_v6 L89-Qq_3 L57-Maa4 L68-Nrh1 L79-Vcn1 L90-Psy9 L69-Maa4 L80-Kgv4 L91-Hv_9 L70-Maa4 L81-Fdg1 L92-Mcp7 L82-Maa4 L93-By_2
L67-Maa4 L78-Zrd0 L89-S_v6 L68-Maa4 L79-Nrh1 L90-Vcn1 L80-Maa4 L91-Kgv4 L81-Maa4 L92-Fdg1 L93-Maa4
L78-Maa4 L89-Zrd0 L79-Maa4 L90-Nrh1 L91-Maa4 L92-Maa4
L89-Maa4 L90-Maa4
