124
#Here is the number of lines required: 31
##start
Uad6 3 3
##end
Tmx8 5 5
Jmw4 9 9
Sbu7 11 11
Zri3 14 14
Ox_7 17 17
Po_5 20 20
Rxr2 24 24
Qcs8 28 28
Ecj2 31 31
Hnq2 34 34
Io_3 37 37
Qtn9 40 40
Z_n9 44 44
Sbf4 47 47
J_w2 50 50
Nck7 54 54
Uyr3 58 58
Dil3 61 61
Pa_5 64 64
Xgn7 67 67
Pdz9 71 71
Rj_7 74 74
Xk_4 77 77
Ny_5 81 81
Atb2 84 84
Azj1 89 89
Sln0 91 91
Bln2 93 93
Ejz6 97 97
Pzq5 99 99
Nfp0 103 103
Naz9 107 107
Zbz3 110 110
Mo_8 113 113
Gci1 116 116
Vpx8 121 121
Pjm9 124 124
Wx_5 127 127
Xfu5 130 130
Guj1 133 133
Omm5 135 135
Pew0 137 137
Igg1 141 141
U__9 146 146
Hp_2 148 148
Yuw7 152 152
Jnu8 156 156
Bxb8 157 157
Vvl9 160 160
Ztk8 165 165
Fpk8 169 169
Faa9 172 172
Vzm3 173 173
Gfc8 174 174
E_p6 177 177
Evb3 180 180
Tej9 183 183
Jjy7 187 187
Svh1 188 188
Sgk2 192 192
Rrb4 196 196
B_r8 197 197
J_v3 198 198
Dwh5 202 202
Ffh1 204 204
Foq4 207 207
Xcu7 212 212
Fcz6 215 215
Hwj9 219 219
Xug6 220 220
Zko3 223 223
Uie9 227 227
Uqb0 231 231
Zkq4 232 232
T_w3 236 236
Xdp7 240 240
H_v4 242 242
Xgj4 247 247
Jcs0 252 252
Qix9 255 255
Wd_5 259 259
Kgl3 261 261
Wzp1 263 263
Thc4 266 266
Vjx1 267 267
Mta1 269 269
Hea5 270 270
Fpa7 274 274
Kzb2 276 276
Pye9 278 278
Jmf3 280 280
Cno9 283 283
Uvg5 288 288
Drt5 290 290
Viu2 293 293
Kaj4 296 296
Rzh0 298 298
G_t7 299 299
Eyf3 303 303
Wii4 307 307
Fkl5 309 309
Nwm6 312 312
Fgy6 316 316
Gu_4 318 318
X_m7 321 321
Zbw6 324 324
Mox9 327 327
Dv_5 330 330
Fz_6 332 332
Sdx8 336 336
Plv7 341 341
Phq1 344 344
Dxr9 348 348
Be_6 353 353
Kc_7 357 357
Acz8 358 358
Qeo4 361 361
Ejn6 363 363
Zge3 367 367
Dxs8 369 369
Myj5 370 370
Oo_3 374 374
Nys5 378 378
Zth2 383 383
Ujq9 387 387
Yyg7 391 391
Yon2 396 396
Ruh4 399 399
Taj5 403 403
Yia7 407 407
Wxy8 409 409
Dqk4 410 410
Vd_5 414 414
Kda8 418 418
Aqp2 421 421
Shf9 424 424
M_d5 428 428
W_l6 433 433
Voy4 436 436
Cwl4 441 441
Wlj8 445 445
Iw_7 446 446
F_i6 449 449
Zvr2 453 453
Xsq8 456 456
Uqi6 458 458
Ksf0 460 460
Mq_1 463 463
Itw0 467 467
Wqs6 469 469
Fps3 471 471
Ssm7 476 476
Yru4 480 480
Tza0 483 483
Min7 487 487
Xsf7 491 491
Hzz7 495 495
Rsj4 497 497
Kvh9 498 498
Wqc2 500 500
A_n2 503 503
Jwp7 505 505
Z__1 510 510
Kur4 514 514
Wcz2 516 516
Rbq5 520 520
Mh_6 522 522
Fx_8 523 523
Edn4 527 527
Ift1 531 531
Xfv3 536 536
Zl_5 539 539
Ada2 540 540
Qlp5 542 542
A_g7 545 545
Wta7 548 548
Zax4 552 552
Uou5 557 557
Bmv3 558 558
Nil2 563 563
Oox3 565 565
Jse6 567 567
Ftc8 570 570
Euy6 571 571
Ojm4 574 574
Pvw5 578 578
Ouh6 580 580
Bos5 585 585
Zad5 586 586
Mjt4 591 591
Ztc1 592 592
Drk4 594 594
Wtg4 595 595
Vyc1 597 597
Fkv8 601 601
Zwc6 605 605
Wze5 610 610
Qug8 613 613
Khl2 614 614
Mcc4 617 617
Klh3 620 620
Wtz6 625 625
Gsq0 629 629
Mpz7 633 633
C_w7 637 637
Czt0 641 641
E_e6 642 642
Axp7 645 645
Vsz9 649 649
T_b1 652 652
Nst2 655 655
Mgv3 658 658
Kdm9 660 660
Ndt4 663 663
M__9 666 666
Ktx3 670 670
Sgp2 673 673
Plo4 678 678
Iud7 683 683
Pem6 684 684
Iup1 688 688
K_w3 691 691
Sah0 692 692
Fo_0 697 697
G_m0 701 701
Ckm8 703 703
Vzd1 708 708
Hdl3 712 712
Nik1 714 714
Nkc7 716 716
Bow4 719 719
Vly0 723 723
K_o2 726 726
Atn0 727 727
B_z3 729 729
Zax3 732 732
Roi7 735 735
Qgq0 738 738
Fnu3 743 743
M__7 747 747
Vtl5 751 751
Isg0 753 753
Pcc6 756 756
Tvl4 761 761
Zkp7 763 763
Tan9 764 764
Xpa0 768 768
Mbn2 773 773
Ich7 776 776
Xak4 780 780
Iwf3 783 783
Ygo7 786 786
Pfs8 788 788
Z_y9 791 791
Boe1 792 792
Rhn5 793 793
Vwx6 794 794
Ndq2 797 797
M_m1 799 799
Dpf2 803 803
W_v9 804 804
Klz1 808 808
Zvt0 809 809
Ubl7 812 812
Ysu8 817 817
Roq5 820 820
Ag_3 823 823
Nfm7 826 826
Ity8 829 829
A_t5 833 833
Dgf0 834 834
Hxa3 838 838
Xea0 842 842
R_k2 845 845
Isu2 847 847
Mza2 849 849
T__2 853 853
Bwg6 854 854
Cqr8 857 857
Sl_0 861 861
F_z0 863 863
Zpa2 865 865
Yyb4 869 869
Wov7 873 873
Aha8 878 878
M_h9 882 882
Nt_8 886 886
Cew5 887 887
Pnd8 890 890
Xwr6 892 892
U_x3 895 895
Ojm9 899 899
Nph5 902 902
Bop6 907 907
Txq1 910 910
Uqa3 914 914
Vnc5 917 917
Vqx1 918 918
Hir5 921 921
Srp2 924 924
Oil4 929 929
Wkh9 931 931
Xk_5 934 934
Fed1 939 939
Nnj2 943 943
Rfm1 946 946
Tjw9 950 950
Nsu1 953 953
Qfx2 957 957
Hld3 959 959
Ei_2 961 961
Ug_0 963 963
Udf0 966 966
Kjw0 969 969
Jgx3 972 972
Wgp3 974 974
Fyk8 979 979
Tyq4 983 983
Rcv6 986 986
G_f2 987 987
Go_1 990 990
Pld3 993 993
Jmm9 994 994
Dmr6 999 999
Smd1 1002 1002
Gsg5 1004 1004
Dxa0 1007 1007
Pnp0 1009 1009
Izs7 1013 1013
Umw9 1018 1018
Quw3 1022 1022
Qjn9 1023 1023
Hlf3 1027 1027
Mcf0 1032 1032
Uxn1 1035 1035
Qbz0 1038 1038
Yp_8 1041 1041
Cpv6 1045 1045
X_e5 1048 1048
Uws0 1051 1051
Mto4 1056 1056
Zuj7 1059 1059
Inz8 1064 1064
Hsi3 1066 1066
Pgr2 1068 1068
Uqd0 1072 1072
Ziq1 1075 1075
Min7-Jmw4
Ffh1-Zri3
B_r8-Uws0
Z_n9-Ox_7
Uvg5-Po_5
Iud7-X_e5
Tyq4-Rxr2
Ag_3-Cpv6
Iwf3-Qcs8
Voy4-Ecj2
Zbz3-Qbz0
Xak4-Uxn1
Jmm9-Io_3
Gu_4-Qtn9
Svh1-Z_n9
Nkc7-Hlf3
Xdp7-J_w2
Ysu8-Quw3
Srp2-Pnp0
Hwj9-Gsg5
A_g7-Smd1
Shf9-Nck7
T_w3-Dmr6
Dxs8-Uyr3
Jwp7-Pld3
U_x3-Dil3
Mbn2-Pa_5
Naz9-Xgn7
Ztk8-Rcv6
Mh_6-Tyq4
Ftc8-Fyk8
Xak4-Atb2
Udf0-Jgx3
Xea0-Kjw0
Thc4-Ug_0
E_p6-Hld3
Nph5-Nfp0
Mq_1-Tjw9
Nph5-Zbz3
Voy4-Mo_8
Vpx8-Rfm1
Wx_5-Pjm9
Xfu5-Wx_5
Xk_5-Guj1
Wkh9-Pew0
Igg1-Wkh9
Oil4-Igg1
Vqx1-Hir5
Yuw7-Hp_2
Jnu8-Yuw7
Bxb8-Jnu8
Vvl9-Bxb8
Vnc5-Fpk8
Faa9-Txq1
Vzm3-Faa9
Gfc8-Vzm3
E_p6-Gfc8
Evb3-E_p6
Tej9-Bop6
Nph5-Tej9
U_x3-Ojm9
Xwr6-U_x3
Svh1-Xwr6
Sgk2-Svh1
Pnd8-B_r8
Cew5-Pnd8
J_v3-Nt_8
Ffh1-Dwh5
Uad6-M_h9
Yyb4-Wov7
Zpa2-Yyb4
Foq4-F_z0
Xcu7-Foq4
Fcz6-Xcu7
Bwg6-Cqr8
T__2-Bwg6
Mza2-T__2
Zko3-Xug6
Isu2-Zko3
Uqb0-Uie9
R_k2-Zkq4
T_w3-R_k2
H_v4-Xea0
Xgj4-H_v4
Kgl3-Wd_5
Wzp1-Kgl3
Thc4-Wzp1
Hxa3-Thc4
Vjx1-Hxa3
Mta1-Vjx1
Uad6-Hea5
Dgf0-Uou5
Fpa7-A_t5
Kzb2-Fpa7
Pye9-Nfm7
Jmf3-Pye9
Drt5-Uvg5
Ysu8-Roq5
Uad6-Ysu8
Ubl7-Viu2
Zvt0-Ubl7
Klz1-Zvt0
Rzh0-Kaj4
Eyf3-G_t7
Fkl5-Wii4
Nwm6-Fkl5
Dpf2-Nwm6
M_m1-Dpf2
Ndq2-M_m1
Fgy6-Vwx6
Gu_4-Fgy6
Boe1-X_m7
Mox9-Tmx8
Z_y9-Mox9
Fz_6-Dv_5
Xak4-Iwf3
Phq1-Xak4
Ich7-Phq1
Xpa0-Mbn2
Kc_7-Be_6
Acz8-Kc_7
Qeo4-Zkp7
Tvl4-Qeo4
Uad6-Tvl4
Ejn6-Tmx8
Pcc6-Dxs8
Myj5-Pcc6
Oo_3-Myj5
M__7-Vtl5
Fnu3-M__7
Nys5-Fnu3
Ujq9-Qgq0
Roi7-Ujq9
Yyg7-Tmx8
Atn0-Yon2
Ruh4-Atn0
K_o2-Ruh4
Wxy8-Yia7
Vd_5-Vly0
Nkc7-Bow4
Kda8-Nkc7
Nik1-Kda8
Hdl3-Nik1
Uad6-Hdl3
Ckm8-Vzd1
Shf9-Aqp2
M_d5-Sah0
W_l6-M_d5
Cwl4-K_w3
Wlj8-Cwl4
Pem6-Iup1
Uad6-Iud7
Iw_7-Plo4
F_i6-Iw_7
Sgp2-F_i6
Ktx3-Sgp2
M__9-Ktx3
Zvr2-M__9
Ndt4-Xsq8
Kdm9-Ndt4
Mgv3-Kdm9
Uqi6-Mgv3
Ksf0-Uqi6
Itw0-Nst2
Wqs6-T_b1
Fps3-Wqs6
Tza0-Yru4
Vsz9-Tza0
E_e6-Axp7
Czt0-E_e6
Min7-C_w7
Xsf7-Min7
Rsj4-Hzz7
Wtz6-Gsq0
Mcc4-Klh3
Kvh9-Khl2
Wze5-Wqc2
Zwc6-A_n2
Jwp7-Fkv8
Z__1-Vyc1
Ztc1-Drk4
Zad5-Mjt4
Mh_6-Rbq5
Fx_8-Mh_6
Pvw5-Ift1
Ftc8-Euy6
Xfv3-Ftc8
Zl_5-Xfv3
Jse6-Zl_5
Ada2-Jse6
Oox3-Ada2
Qlp5-Oox3
Nil2-A_g7
Uad6-Zax4
Zax4-Wta7
Wta7-Bmv3
Bmv3-Nil2
A_g7-Qlp5
Euy6-Ojm4
Ojm4-Pvw5
Ift1-Ouh6
Ouh6-Tmx8
Uad6-Bos5
Bos5-Edn4
Edn4-Fx_8
Rbq5-Wcz2
Wcz2-Zad5
Mjt4-Ztc1
Drk4-Kur4
Kur4-Wtg4
Wtg4-Z__1
Vyc1-Jwp7
Fkv8-Tmx8
Uad6-Zwc6
A_n2-Wze5
Wqc2-Qug8
Qug8-Kvh9
Khl2-Mcc4
Klh3-Wtz6
Gsq0-Mpz7
Mpz7-Rsj4
Hzz7-Xsf7
C_w7-Czt0
Axp7-Vsz9
Yru4-Ssm7
Ssm7-Tmx8
Uad6-Fps3
T_b1-Itw0
Nst2-Mq_1
Mq_1-Ksf0
Xsq8-Zvr2
Plo4-Tmx8
Iud7-Pem6
Iup1-Wlj8
K_w3-Voy4
Voy4-W_l6
Sah0-Fo_0
Fo_0-Shf9
Aqp2-G_m0
G_m0-Ckm8
Vzd1-Tmx8
Bow4-Vd_5
Vly0-Dqk4
Dqk4-Wxy8
Yia7-Taj5
Taj5-K_o2
Yon2-Yyg7
Uad6-B_z3
B_z3-Zax3
Zax3-Roi7
Qgq0-Zth2
Zth2-Nys5
Vtl5-Isg0
Isg0-Oo_3
Dxs8-Zge3
Zge3-Ejn6
Zkp7-Acz8
Be_6-Tan9
Tan9-Dxr9
Dxr9-Xpa0
Mbn2-Ich7
Iwf3-Plv7
Plv7-Ygo7
Ygo7-Sdx8
Sdx8-Pfs8
Pfs8-Fz_6
Dv_5-Z_y9
Uad6-Zbw6
Zbw6-Boe1
X_m7-Rhn5
Rhn5-Gu_4
Vwx6-Ndq2
Wii4-Eyf3
G_t7-W_v9
W_v9-Rzh0
Kaj4-Klz1
Viu2-Tmx8
Roq5-Drt5
Uvg5-Cno9
Cno9-Ag_3
Ag_3-Jmf3
Nfm7-Ity8
Ity8-Kzb2
A_t5-Dgf0
Uou5-Tmx8
Hea5-Mta1
Wd_5-Qix9
Qix9-Jcs0
Jcs0-Xgj4
Xea0-Xdp7
Xdp7-T_w3
Zkq4-Uqb0
Uie9-Isu2
Xug6-Hwj9
Hwj9-Mza2
Cqr8-Sl_0
Sl_0-Fcz6
F_z0-Zpa2
Wov7-Aha8
Aha8-Tmx8
M_h9-Ffh1
Dwh5-J_v3
Nt_8-Cew5
B_r8-Rrb4
Rrb4-Sgk2
Ojm9-Jjy7
Jjy7-Nph5
Bop6-Evb3
Txq1-Uqa3
Uqa3-Vnc5
Fpk8-Ztk8
Ztk8-Vvl9
Hp_2-Vqx1
Hir5-Srp2
Srp2-U__9
U__9-Oil4
Pew0-Omm5
Omm5-Xk_5
Guj1-Fed1
Fed1-Xfu5
Pjm9-Nnj2
Nnj2-Vpx8
Rfm1-Gci1
Gci1-Tmx8
Voy4-Nsu1
Mpz7-Naz9
Dv_5-Qfx2
Rhn5-Ei_2
Foq4-Pzq5
Qlp5-Ejz6
Kc_7-Bln2
Uqa3-Udf0
Qlp5-Sln0
Mta1-Azj1
Nsu1-Wgp3
Rzh0-Ny_5
Nfp0-Xk_4
Ffh1-Rj_7
W_v9-Pdz9
Wqc2-G_f2
Hxa3-Go_1
B_z3-Jmm9
Viu2-Dxa0
Wlj8-Izs7
Fkv8-Umw9
Kaj4-Qjn9
Atb2-Sbf4
A_g7-Mcf0
Bop6-Hnq2
Wx_5-Yp_8
Thc4-Mto4
Ecj2-Zuj7
Hir5-Inz8
Vsz9-Sbu7
Wzp1-Hsi3
Nst2-Pgr2
Aha8-Uqd0
Ouh6-Ziq1
#Here is the number of lines required: 31

L1-Zbw6 L2-Tvl4 L3-Fps3 L4-B_z3 L5-Zax4 L6-Bos5 L7-Iud7 L8-Hdl3 L9-Ysu8
L1-Boe1 L10-Zbw6 L2-Qeo4 L11-Tvl4 L3-Wqs6 L12-Fps3 L4-Zax3 L13-B_z3 L5-Wta7 L14-Zax4 L6-Edn4 L15-Bos5 L7-Pem6 L16-Iud7 L8-Nik1 L17-Hdl3 L9-Roq5 L18-Ysu8
L1-X_m7 L10-Boe1 L19-Zbw6 L2-Zkp7 L11-Qeo4 L20-Tvl4 L3-T_b1 L12-Wqs6 L21-Fps3 L4-Roi7 L13-Zax3 L22-B_z3 L5-Bmv3 L14-Wta7 L23-Zax4 L6-Fx_8 L15-Edn4 L24-Bos5 L7-Iup1 L16-Pem6 L25-Iud7 L8-Kda8 L17-Nik1 L26-Hdl3 L9-Drt5 L18-Roq5 L27-Ysu8
L1-Rhn5 L10-X_m7 L19-Boe1 L28-Zbw6 L2-Acz8 L11-Zkp7 L20-Qeo4 L29-Tvl4 L3-Itw0 L12-T_b1 L21-Wqs6 L30-Fps3 L4-Ujq9 L13-Roi7 L22-Zax3 L31-B_z3 L5-Nil2 L14-Bmv3 L23-Wta7 L32-Zax4 L6-Mh_6 L15-Fx_8 L24-Edn4 L33-Bos5 L7-Wlj8 L16-Iup1 L25-Pem6 L34-Iud7 L8-Nkc7 L17-Kda8 L26-Nik1 L35-Hdl3 L9-Uvg5 L18-Drt5 L27-Roq5 L36-Ysu8
L1-Gu_4 L10-Rhn5 L19-X_m7 L28-Boe1 L37-Zbw6 L2-Kc_7 L11-Acz8 L20-Zkp7 L29-Qeo4 L38-Tvl4 L3-Nst2 L12-Itw0 L21-T_b1 L30-Wqs6 L39-Fps3 L4-Qgq0 L13-Ujq9 L22-Roi7 L31-Zax3 L40-B_z3 L5-A_g7 L14-Nil2 L23-Bmv3 L32-Wta7 L41-Zax4 L6-Rbq5 L15-Mh_6 L24-Fx_8 L33-Edn4 L42-Bos5 L7-Cwl4 L16-Wlj8 L25-Iup1 L34-Pem6 L43-Iud7 L8-Bow4 L17-Nkc7 L26-Kda8 L35-Nik1 L44-Hdl3 L9-Cno9 L18-Uvg5 L27-Drt5 L36-Roq5 L45-Ysu8
L1-Fgy6 L10-Gu_4 L19-Rhn5 L28-X_m7 L37-Boe1 L46-Zbw6 L2-Be_6 L11-Kc_7 L20-Acz8 L29-Zkp7 L38-Qeo4 L47-Tvl4 L3-Mq_1 L12-Nst2 L21-Itw0 L30-T_b1 L39-Wqs6 L48-Fps3 L4-Zth2 L13-Qgq0 L22-Ujq9 L31-Roi7 L40-Zax3 L49-B_z3 L5-Qlp5 L14-A_g7 L23-Nil2 L32-Bmv3 L41-Wta7 L50-Zax4 L6-Wcz2 L15-Rbq5 L24-Mh_6 L33-Fx_8 L42-Edn4 L51-Bos5 L7-K_w3 L16-Cwl4 L25-Wlj8 L34-Iup1 L43-Pem6 L52-Iud7 L8-Vd_5 L17-Bow4 L26-Nkc7 L35-Kda8 L44-Nik1 L53-Hdl3 L9-Ag_3 L18-Cno9 L27-Uvg5 L36-Drt5 L45-Roq5 L54-Ysu8
L1-Vwx6 L10-Fgy6 L19-Gu_4 L28-Rhn5 L37-X_m7 L46-Boe1 L55-Zbw6 L2-Tan9 L11-Be_6 L20-Kc_7 L29-Acz8 L38-Zkp7 L47-Qeo4 L56-Tvl4 L3-Ksf0 L12-Mq_1 L21-Nst2 L30-Itw0 L39-T_b1 L48-Wqs6 L57-Fps3 L4-Nys5 L13-Zth2 L22-Qgq0 L31-Ujq9 L40-Roi7 L49-Zax3 L58-B_z3 L5-Oox3 L14-Qlp5 L23-A_g7 L32-Nil2 L41-Bmv3 L50-Wta7 L59-Zax4 L6-Zad5 L15-Wcz2 L24-Rbq5 L33-Mh_6 L42-Fx_8 L51-Edn4 L60-Bos5 L7-Voy4 L16-K_w3 L25-Cwl4 L34-Wlj8 L43-Iup1 L52-Pem6 L61-Iud7 L8-Vly0 L17-Vd_5 L26-Bow4 L35-Nkc7 L44-Kda8 L53-Nik1 L62-Hdl3 L9-Jmf3 L18-Ag_3 L27-Cno9 L36-Uvg5 L45-Drt5 L54-Roq5 L63-Ysu8
L1-Ndq2 L10-Vwx6 L19-Fgy6 L28-Gu_4 L37-Rhn5 L46-X_m7 L55-Boe1 L64-Zbw6 L2-Dxr9 L11-Tan9 L20-Be_6 L29-Kc_7 L38-Acz8 L47-Zkp7 L56-Qeo4 L65-Tvl4 L3-Uqi6 L12-Ksf0 L21-Mq_1 L30-Nst2 L39-Itw0 L48-T_b1 L57-Wqs6 L66-Fps3 L4-Fnu3 L13-Nys5 L22-Zth2 L31-Qgq0 L40-Ujq9 L49-Roi7 L58-Zax3 L67-B_z3 L5-Ada2 L14-Oox3 L23-Qlp5 L32-A_g7 L41-Nil2 L50-Bmv3 L59-Wta7 L68-Zax4 L6-Mjt4 L15-Zad5 L24-Wcz2 L33-Rbq5 L42-Mh_6 L51-Fx_8 L60-Edn4 L69-Bos5 L7-W_l6 L16-Voy4 L25-K_w3 L34-Cwl4 L43-Wlj8 L52-Iup1 L61-Pem6 L70-Iud7 L8-Dqk4 L17-Vly0 L26-Vd_5 L35-Bow4 L44-Nkc7 L53-Kda8 L62-Nik1 L71-Hdl3 L9-Pye9 L18-Jmf3 L27-Ag_3 L36-Cno9 L45-Uvg5 L54-Drt5 L63-Roq5 L72-Ysu8
L1-M_m1 L10-Ndq2 L19-Vwx6 L28-Fgy6 L37-Gu_4 L46-Rhn5 L55-X_m7 L64-Boe1 L73-Zbw6 L2-Xpa0 L11-Dxr9 L20-Tan9 L29-Be_6 L38-Kc_7 L47-Acz8 L56-Zkp7 L65-Qeo4 L74-Tvl4 L3-Mgv3 L12-Uqi6 L21-Ksf0 L30-Mq_1 L39-Nst2 L48-Itw0 L57-T_b1 L66-Wqs6 L75-Fps3 L4-M__7 L13-Fnu3 L22-Nys5 L31-Zth2 L40-Qgq0 L49-Ujq9 L58-Roi7 L67-Zax3 L76-B_z3 L5-Jse6 L14-Ada2 L23-Oox3 L32-Qlp5 L41-A_g7 L50-Nil2 L59-Bmv3 L68-Wta7 L77-Zax4 L6-Ztc1 L15-Mjt4 L24-Zad5 L33-Wcz2 L42-Rbq5 L51-Mh_6 L60-Fx_8 L69-Edn4 L78-Bos5 L7-M_d5 L16-W_l6 L25-Voy4 L34-K_w3 L43-Cwl4 L52-Wlj8 L61-Iup1 L70-Pem6 L79-Iud7 L8-Wxy8 L17-Dqk4 L26-Vly0 L35-Vd_5 L44-Bow4 L53-Nkc7 L62-Kda8 L71-Nik1 L80-Hdl3 L9-Nfm7 L18-Pye9 L27-Jmf3 L36-Ag_3 L45-Cno9 L54-Uvg5 L63-Drt5 L72-Roq5 L81-Ysu8
L1-Dpf2 L10-M_m1 L19-Ndq2 L28-Vwx6 L37-Fgy6 L46-Gu_4 L55-Rhn5 L64-X_m7 L73-Boe1 L82-Zbw6 L2-Mbn2 L11-Xpa0 L20-Dxr9 L29-Tan9 L38-Be_6 L47-Kc_7 L56-Acz8 L65-Zkp7 L74-Qeo4 L83-Tvl4 L3-Kdm9 L12-Mgv3 L21-Uqi6 L30-Ksf0 L39-Mq_1 L48-Nst2 L57-Itw0 L66-T_b1 L75-Wqs6 L84-Fps3 L4-Vtl5 L13-M__7 L22-Fnu3 L31-Nys5 L40-Zth2 L49-Qgq0 L58-Ujq9 L67-Roi7 L76-Zax3 L85-B_z3 L5-Zl_5 L14-Jse6 L23-Ada2 L32-Oox3 L41-Qlp5 L50-A_g7 L59-Nil2 L68-Bmv3 L77-Wta7 L86-Zax4 L6-Drk4 L15-Ztc1 L24-Mjt4 L33-Zad5 L42-Wcz2 L51-Rbq5 L60-Mh_6 L69-Fx_8 L78-Edn4 L87-Bos5 L7-Sah0 L16-M_d5 L25-W_l6 L34-Voy4 L43-K_w3 L52-Cwl4 L61-Wlj8 L70-Iup1 L79-Pem6 L88-Iud7 L8-Yia7 L17-Wxy8 L26-Dqk4 L35-Vly0 L44-Vd_5 L53-Bow4 L62-Nkc7 L71-Kda8 L80-Nik1 L89-Hdl3 L9-Ity8 L18-Nfm7 L27-Pye9 L36-Jmf3 L45-Ag_3 L54-Cno9 L63-Uvg5 L72-Drt5 L81-Roq5 L90-Ysu8
L1-Nwm6 L10-Dpf2 L19-M_m1 L28-Ndq2 L37-Vwx6 L46-Fgy6 L55-Gu_4 L64-Rhn5 L73-X_m7 L82-Boe1 L91-Zbw6 L2-Ich7 L11-Mbn2 L20-Xpa0 L29-Dxr9 L38-Tan9 L47-Be_6 L56-Kc_7 L65-Acz8 L74-Zkp7 L83-Qeo4 L92-Tvl4 L3-Ndt4 L12-Kdm9 L21-Mgv3 L30-Uqi6 L39-Ksf0 L48-Mq_1 L57-Nst2 L66-Itw0 L75-T_b1 L84-Wqs6 L93-Fps3 L4-Isg0 L13-Vtl5 L22-M__7 L31-Fnu3 L40-Nys5 L49-Zth2 L58-Qgq0 L67-Ujq9 L76-Roi7 L85-Zax3 L94-B_z3 L5-Xfv3 L14-Zl_5 L23-Jse6 L32-Ada2 L41-Oox3 L50-Qlp5 L59-A_g7 L68-Nil2 L77-Bmv3 L86-Wta7 L95-Zax4 L6-Kur4 L15-Drk4 L24-Ztc1 L33-Mjt4 L42-Zad5 L51-Wcz2 L60-Rbq5 L69-Mh_6 L78-Fx_8 L87-Edn4 L96-Bos5 L7-Fo_0 L16-Sah0 L25-M_d5 L34-W_l6 L43-Voy4 L52-K_w3 L61-Cwl4 L70-Wlj8 L79-Iup1 L88-Pem6 L97-Iud7 L8-Taj5 L17-Yia7 L26-Wxy8 L35-Dqk4 L44-Vly0 L53-Vd_5 L62-Bow4 L71-Nkc7 L80-Kda8 L89-Nik1 L98-Hdl3 L9-Kzb2 L18-Ity8 L27-Nfm7 L36-Pye9 L45-Jmf3 L54-Ag_3 L63-Cno9 L72-Uvg5 L81-Drt5 L90-Roq5 L99-Ysu8
L1-Fkl5 L10-Nwm6 L19-Dpf2 L28-M_m1 L37-Ndq2 L46-Vwx6 L55-Fgy6 L64-Gu_4 L73-Rhn5 L82-X_m7 L91-Boe1 L100-Zbw6 L2-Phq1 L11-Ich7 L20-Mbn2 L29-Xpa0 L38-Dxr9 L47-Tan9 L56-Be_6 L65-Kc_7 L74-Acz8 L83-Zkp7 L92-Qeo4 L101-Tvl4 L3-Xsq8 L12-Ndt4 L21-Kdm9 L30-Mgv3 L39-Uqi6 L48-Ksf0 L57-Mq_1 L66-Nst2 L75-Itw0 L84-T_b1 L93-Wqs6 L102-Fps3 L4-Oo_3 L13-Isg0 L22-Vtl5 L31-M__7 L40-Fnu3 L49-Nys5 L58-Zth2 L67-Qgq0 L76-Ujq9 L85-Roi7 L94-Zax3 L103-B_z3 L5-Ftc8 L14-Xfv3 L23-Zl_5 L32-Jse6 L41-Ada2 L50-Oox3 L59-Qlp5 L68-A_g7 L77-Nil2 L86-Bmv3 L95-Wta7 L104-Zax4 L6-Wtg4 L15-Kur4 L24-Drk4 L33-Ztc1 L42-Mjt4 L51-Zad5 L60-Wcz2 L69-Rbq5 L78-Mh_6 L87-Fx_8 L96-Edn4 L105-Bos5 L7-Shf9 L16-Fo_0 L25-Sah0 L34-M_d5 L43-W_l6 L52-Voy4 L61-K_w3 L70-Cwl4 L79-Wlj8 L88-Iup1 L97-Pem6 L106-Iud7 L8-K_o2 L17-Taj5 L26-Yia7 L35-Wxy8 L44-Dqk4 L53-Vly0 L62-Vd_5 L71-Bow4 L80-Nkc7 L89-Kda8 L98-Nik1 L107-Hdl3 L9-Fpa7 L18-Kzb2 L27-Ity8 L36-Nfm7 L45-Pye9 L54-Jmf3 L63-Ag_3 L72-Cno9 L81-Uvg5 L90-Drt5 L99-Roq5 L108-Ysu8
L1-Wii4 L10-Fkl5 L19-Nwm6 L28-Dpf2 L37-M_m1 L46-Ndq2 L55-Vwx6 L64-Fgy6 L73-Gu_4 L82-Rhn5 L91-X_m7 L100-Boe1 L109-Zbw6 L2-Xak4 L11-Phq1 L20-Ich7 L29-Mbn2 L38-Xpa0 L47-Dxr9 L56-Tan9 L65-Be_6 L74-Kc_7 L83-Acz8 L92-Zkp7 L101-Qeo4 L110-Tvl4 L3-Zvr2 L12-Xsq8 L21-Ndt4 L30-Kdm9 L39-Mgv3 L48-Uqi6 L57-Ksf0 L66-Mq_1 L75-Nst2 L84-Itw0 L93-T_b1 L102-Wqs6 L111-Fps3 L4-Myj5 L13-Oo_3 L22-Isg0 L31-Vtl5 L40-M__7 L49-Fnu3 L58-Nys5 L67-Zth2 L76-Qgq0 L85-Ujq9 L94-Roi7 L103-Zax3 L112-B_z3 L5-Euy6 L14-Ftc8 L23-Xfv3 L32-Zl_5 L41-Jse6 L50-Ada2 L59-Oox3 L68-Qlp5 L77-A_g7 L86-Nil2 L95-Bmv3 L104-Wta7 L113-Zax4 L6-Z__1 L15-Wtg4 L24-Kur4 L33-Drk4 L42-Ztc1 L51-Mjt4 L60-Zad5 L69-Wcz2 L78-Rbq5 L87-Mh_6 L96-Fx_8 L105-Edn4 L114-Bos5 L7-Aqp2 L16-Shf9 L25-Fo_0 L34-Sah0 L43-M_d5 L52-W_l6 L61-Voy4 L70-K_w3 L79-Cwl4 L88-Wlj8 L97-Iup1 L106-Pem6 L115-Iud7 L8-Ruh4 L17-K_o2 L26-Taj5 L35-Yia7 L44-Wxy8 L53-Dqk4 L62-Vly0 L71-Vd_5 L80-Bow4 L89-Nkc7 L98-Kda8 L107-Nik1 L116-Hdl3 L9-A_t5 L18-Fpa7 L27-Kzb2 L36-Ity8 L45-Nfm7 L54-Pye9 L63-Jmf3 L72-Ag_3 L81-Cno9 L90-Uvg5 L99-Drt5 L108-Roq5 L117-Ysu8
L1-Eyf3 L10-Wii4 L19-Fkl5 L28-Nwm6 L37-Dpf2 L46-M_m1 L55-Ndq2 L64-Vwx6 L73-Fgy6 L82-Gu_4 L91-Rhn5 L100-X_m7 L109-Boe1 L2-Iwf3 L11-Xak4 L20-Phq1 L29-Ich7 L38-Mbn2 L47-Xpa0 L56-Dxr9 L65-Tan9 L74-Be_6 L83-Kc_7 L92-Acz8 L101-Zkp7 L110-Qeo4 L3-M__9 L12-Zvr2 L21-Xsq8 L30-Ndt4 L39-Kdm9 L48-Mgv3 L57-Uqi6 L66-Ksf0 L75-Mq_1 L84-Nst2 L93-Itw0 L102-T_b1 L111-Wqs6 L118-Fps3 L4-Pcc6 L13-Myj5 L22-Oo_3 L31-Isg0 L40-Vtl5 L49-M__7 L58-Fnu3 L67-Nys5 L76-Zth2 L85-Qgq0 L94-Ujq9 L103-Roi7 L112-Zax3 L119-B_z3 L5-Ojm4 L14-Euy6 L23-Ftc8 L32-Xfv3 L41-Zl_5 L50-Jse6 L59-Ada2 L68-Oox3 L77-Qlp5 L86-A_g7 L95-Nil2 L104-Bmv3 L113-Wta7 L120-Zax4 L6-Vyc1 L15-Z__1 L24-Wtg4 L33-Kur4 L42-Drk4 L51-Ztc1 L60-Mjt4 L69-Zad5 L78-Wcz2 L87-Rbq5 L96-Mh_6 L105-Fx_8 L114-Edn4 L121-Bos5 L7-G_m0 L16-Aqp2 L25-Shf9 L34-Fo_0 L43-Sah0 L52-M_d5 L61-W_l6 L70-Voy4 L79-K_w3 L88-Cwl4 L97-Wlj8 L106-Iup1 L115-Pem6 L122-Iud7 L8-Atn0 L17-Ruh4 L26-K_o2 L35-Taj5 L44-Yia7 L53-Wxy8 L62-Dqk4 L71-Vly0 L80-Vd_5 L89-Bow4 L98-Nkc7 L107-Kda8 L116-Nik1 L123-Hdl3 L9-Dgf0 L18-A_t5 L27-Fpa7 L36-Kzb2 L45-Ity8 L54-Nfm7 L63-Pye9 L72-Jmf3 L81-Ag_3 L90-Cno9 L99-Uvg5 L108-Drt5 L117-Roq5 L124-Ysu8
L1-G_t7 L10-Eyf3 L19-Wii4 L28-Fkl5 L37-Nwm6 L46-Dpf2 L55-M_m1 L64-Ndq2 L73-Vwx6 L82-Fgy6 L91-Gu_4 L100-Rhn5 L109-X_m7 L2-Plv7 L11-Iwf3 L20-Xak4 L29-Phq1 L38-Ich7 L47-Mbn2 L56-Xpa0 L65-Dxr9 L74-Tan9 L83-Be_6 L92-Kc_7 L101-Acz8 L110-Zkp7 L3-Ktx3 L12-M__9 L21-Zvr2 L30-Xsq8 L39-Ndt4 L48-Kdm9 L57-Mgv3 L66-Uqi6 L75-Ksf0 L84-Mq_1 L93-Nst2 L102-Itw0 L111-T_b1 L118-Wqs6 L4-Dxs8 L13-Pcc6 L22-Myj5 L31-Oo_3 L40-Isg0 L49-Vtl5 L58-M__7 L67-Fnu3 L76-Nys5 L85-Zth2 L94-Qgq0 L103-Ujq9 L112-Roi7 L119-Zax3 L5-Pvw5 L14-Ojm4 L23-Euy6 L32-Ftc8 L41-Xfv3 L50-Zl_5 L59-Jse6 L68-Ada2 L77-Oox3 L86-Qlp5 L95-A_g7 L104-Nil2 L113-Bmv3 L120-Wta7 L6-Jwp7 L15-Vyc1 L24-Z__1 L33-Wtg4 L42-Kur4 L51-Drk4 L60-Ztc1 L69-Mjt4 L78-Zad5 L87-Wcz2 L96-Rbq5 L105-Mh_6 L114-Fx_8 L121-Edn4 L7-Ckm8 L16-G_m0 L25-Aqp2 L34-Shf9 L43-Fo_0 L52-Sah0 L61-M_d5 L70-W_l6 L79-Voy4 L88-K_w3 L97-Cwl4 L106-Wlj8 L115-Iup1 L122-Pem6 L8-Yon2 L17-Atn0 L26-Ruh4 L35-K_o2 L44-Taj5 L53-Yia7 L62-Wxy8 L71-Dqk4 L80-Vly0 L89-Vd_5 L98-Bow4 L107-Nkc7 L116-Kda8 L123-Nik1 L9-Uou5 L18-Dgf0 L27-A_t5 L36-Fpa7 L45-Kzb2 L54-Ity8 L63-Nfm7 L72-Pye9 L81-Jmf3 L90-Ag_3 L99-Cno9 L108-Uvg5 L117-Drt5 L124-Roq5
L1-W_v9 L10-G_t7 L19-Eyf3 L28-Wii4 L37-Fkl5 L46-Nwm6 L55-Dpf2 L64-M_m1 L73-Ndq2 L82-Vwx6 L91-Fgy6 L100-Gu_4 L109-Rhn5 L2-Ygo7 L11-Plv7 L20-Iwf3 L29-Xak4 L38-Phq1 L47-Ich7 L56-Mbn2 L65-Xpa0 L74-Dxr9 L83-Tan9 L92-Be_6 L101-Kc_7 L110-Acz8 L3-Sgp2 L12-Ktx3 L21-M__9 L30-Zvr2 L39-Xsq8 L48-Ndt4 L57-Kdm9 L66-Mgv3 L75-Uqi6 L84-Ksf0 L93-Mq_1 L102-Nst2 L111-Itw0 L118-T_b1 L4-Zge3 L13-Dxs8 L22-Pcc6 L31-Myj5 L40-Oo_3 L49-Isg0 L58-Vtl5 L67-M__7 L76-Fnu3 L85-Nys5 L94-Zth2 L103-Qgq0 L112-Ujq9 L119-Roi7 L5-Ift1 L14-Pvw5 L23-Ojm4 L32-Euy6 L41-Ftc8 L50-Xfv3 L59-Zl_5 L68-Jse6 L77-Ada2 L86-Oox3 L95-Qlp5 L104-A_g7 L113-Nil2 L120-Bmv3 L6-Fkv8 L15-Jwp7 L24-Vyc1 L33-Z__1 L42-Wtg4 L51-Kur4 L60-Drk4 L69-Ztc1 L78-Mjt4 L87-Zad5 L96-Wcz2 L105-Rbq5 L114-Mh_6 L121-Fx_8 L7-Vzd1 L16-Ckm8 L25-G_m0 L34-Aqp2 L43-Shf9 L52-Fo_0 L61-Sah0 L70-M_d5 L79-W_l6 L88-Voy4 L97-K_w3 L106-Cwl4 L115-Wlj8 L122-Iup1 L8-Yyg7 L17-Yon2 L26-Atn0 L35-Ruh4 L44-K_o2 L53-Taj5 L62-Yia7 L71-Wxy8 L80-Dqk4 L89-Vly0 L98-Vd_5 L107-Bow4 L116-Nkc7 L123-Kda8 L9-Tmx8 L18-Uou5 L27-Dgf0 L36-A_t5 L45-Fpa7 L54-Kzb2 L63-Ity8 L72-Nfm7 L81-Pye9 L90-Jmf3 L99-Ag_3 L108-Cno9 L117-Uvg5 L124-Drt5
L1-Rzh0 L10-W_v9 L19-G_t7 L28-Eyf3 L37-Wii4 L46-Fkl5 L55-Nwm6 L64-Dpf2 L73-M_m1 L82-Ndq2 L91-Vwx6 L100-Fgy6 L109-Gu_4 L2-Sdx8 L11-Ygo7 L20-Plv7 L29-Iwf3 L38-Xak4 L47-Phq1 L56-Ich7 L65-Mbn2 L74-Xpa0 L83-Dxr9 L92-Tan9 L101-Be_6 L110-Kc_7 L3-F_i6 L12-Sgp2 L21-Ktx3 L30-M__9 L39-Zvr2 L48-Xsq8 L57-Ndt4 L66-Kdm9 L75-Mgv3 L84-Uqi6 L93-Ksf0 L102-Mq_1 L111-Nst2 L118-Itw0 L4-Ejn6 L13-Zge3 L22-Dxs8 L31-Pcc6 L40-Myj5 L49-Oo_3 L58-Isg0 L67-Vtl5 L76-M__7 L85-Fnu3 L94-Nys5 L103-Zth2 L112-Qgq0 L119-Ujq9 L5-Ouh6 L14-Ift1 L23-Pvw5 L32-Ojm4 L41-Euy6 L50-Ftc8 L59-Xfv3 L68-Zl_5 L77-Jse6 L86-Ada2 L95-Oox3 L104-Qlp5 L113-A_g7 L120-Nil2 L6-Tmx8 L15-Fkv8 L24-Jwp7 L33-Vyc1 L42-Z__1 L51-Wtg4 L60-Kur4 L69-Drk4 L78-Ztc1 L87-Mjt4 L96-Zad5 L105-Wcz2 L114-Rbq5 L121-Mh_6 L7-Tmx8 L16-Vzd1 L25-Ckm8 L34-G_m0 L43-Aqp2 L52-Shf9 L61-Fo_0 L70-Sah0 L79-M_d5 L88-W_l6 L97-Voy4 L106-K_w3 L115-Cwl4 L122-Wlj8 L8-Tmx8 L17-Yyg7 L26-Yon2 L35-Atn0 L44-Ruh4 L53-K_o2 L62-Taj5 L71-Yia7 L80-Wxy8 L89-Dqk4 L98-Vly0 L107-Vd_5 L116-Bow4 L123-Nkc7 L18-Tmx8 L27-Uou5 L36-Dgf0 L45-A_t5 L54-Fpa7 L63-Kzb2 L72-Ity8 L81-Nfm7 L90-Pye9 L99-Jmf3 L108-Ag_3 L117-Cno9 L124-Uvg5
L1-Kaj4 L10-Rzh0 L19-W_v9 L28-G_t7 L37-Eyf3 L46-Wii4 L55-Fkl5 L64-Nwm6 L73-Dpf2 L82-M_m1 L91-Ndq2 L100-Vwx6 L109-Fgy6 L2-Pfs8 L11-Sdx8 L20-Ygo7 L29-Plv7 L38-Iwf3 L47-Xak4 L56-Phq1 L65-Ich7 L74-Mbn2 L83-Xpa0 L92-Dxr9 L101-Tan9 L110-Be_6 L3-Iw_7 L12-F_i6 L21-Sgp2 L30-Ktx3 L39-M__9 L48-Zvr2 L57-Xsq8 L66-Ndt4 L75-Kdm9 L84-Mgv3 L93-Uqi6 L102-Ksf0 L111-Mq_1 L118-Nst2 L4-Tmx8 L13-Ejn6 L22-Zge3 L31-Dxs8 L40-Pcc6 L49-Myj5 L58-Oo_3 L67-Isg0 L76-Vtl5 L85-M__7 L94-Fnu3 L103-Nys5 L112-Zth2 L119-Qgq0 L5-Tmx8 L14-Ouh6 L23-Ift1 L32-Pvw5 L41-Ojm4 L50-Euy6 L59-Ftc8 L68-Xfv3 L77-Zl_5 L86-Jse6 L95-Ada2 L104-Oox3 L113-Qlp5 L120-A_g7 L15-Tmx8 L24-Fkv8 L33-Jwp7 L42-Vyc1 L51-Z__1 L60-Wtg4 L69-Kur4 L78-Drk4 L87-Ztc1 L96-Mjt4 L105-Zad5 L114-Wcz2 L121-Rbq5 L16-Tmx8 L25-Vzd1 L34-Ckm8 L43-G_m0 L52-Aqp2 L61-Shf9 L70-Fo_0 L79-Sah0 L88-M_d5 L97-W_l6 L106-Voy4 L115-K_w3 L122-Cwl4 L17-Tmx8 L26-Yyg7 L35-Yon2 L44-Atn0 L53-Ruh4 L62-K_o2 L71-Taj5 L80-Yia7 L89-Wxy8 L98-Dqk4 L107-Vly0 L116-Vd_5 L123-Bow4 L27-Tmx8 L36-Uou5 L45-Dgf0 L54-A_t5 L63-Fpa7 L72-Kzb2 L81-Ity8 L90-Nfm7 L99-Pye9 L108-Jmf3 L117-Ag_3 L124-Cno9
L1-Klz1 L10-Kaj4 L19-Rzh0 L28-W_v9 L37-G_t7 L46-Eyf3 L55-Wii4 L64-Fkl5 L73-Nwm6 L82-Dpf2 L91-M_m1 L100-Ndq2 L109-Vwx6 L2-Fz_6 L11-Pfs8 L20-Sdx8 L29-Ygo7 L38-Plv7 L47-Iwf3 L56-Xak4 L65-Phq1 L74-Ich7 L83-Mbn2 L92-Xpa0 L101-Dxr9 L110-Tan9 L3-Plo4 L12-Iw_7 L21-F_i6 L30-Sgp2 L39-Ktx3 L48-M__9 L57-Zvr2 L66-Xsq8 L75-Ndt4 L84-Kdm9 L93-Mgv3 L102-Uqi6 L111-Ksf0 L118-Mq_1 L13-Tmx8 L22-Ejn6 L31-Zge3 L40-Dxs8 L49-Pcc6 L58-Myj5 L67-Oo_3 L76-Isg0 L85-Vtl5 L94-M__7 L103-Fnu3 L112-Nys5 L119-Zth2 L14-Tmx8 L23-Ouh6 L32-Ift1 L41-Pvw5 L50-Ojm4 L59-Euy6 L68-Ftc8 L77-Xfv3 L86-Zl_5 L95-Jse6 L104-Ada2 L113-Oox3 L120-Qlp5 L24-Tmx8 L33-Fkv8 L42-Jwp7 L51-Vyc1 L60-Z__1 L69-Wtg4 L78-Kur4 L87-Drk4 L96-Ztc1 L105-Mjt4 L114-Zad5 L121-Wcz2 L25-Tmx8 L34-Vzd1 L43-Ckm8 L52-G_m0 L61-Aqp2 L70-Shf9 L79-Fo_0 L88-Sah0 L97-M_d5 L106-W_l6 L115-Voy4 L122-K_w3 L26-Tmx8 L35-Yyg7 L44-Yon2 L53-Atn0 L62-Ruh4 L71-K_o2 L80-Taj5 L89-Yia7 L98-Wxy8 L107-Dqk4 L116-Vly0 L123-Vd_5 L36-Tmx8 L45-Uou5 L54-Dgf0 L63-A_t5 L72-Fpa7 L81-Kzb2 L90-Ity8 L99-Nfm7 L108-Pye9 L117-Jmf3 L124-Ag_3
L1-Zvt0 L10-Klz1 L19-Kaj4 L28-Rzh0 L37-W_v9 L46-G_t7 L55-Eyf3 L64-Wii4 L73-Fkl5 L82-Nwm6 L91-Dpf2 L100-M_m1 L109-Ndq2 L2-Dv_5 L11-Fz_6 L20-Pfs8 L29-Sdx8 L38-Ygo7 L47-Plv7 L56-Iwf3 L65-Xak4 L74-Phq1 L83-Ich7 L92-Mbn2 L101-Xpa0 L110-Dxr9 L3-Tmx8 L12-Plo4 L21-Iw_7 L30-F_i6 L39-Sgp2 L48-Ktx3 L57-M__9 L66-Zvr2 L75-Xsq8 L84-Ndt4 L93-Kdm9 L102-Mgv3 L111-Uqi6 L118-Ksf0 L22-Tmx8 L31-Ejn6 L40-Zge3 L49-Dxs8 L58-Pcc6 L67-Myj5 L76-Oo_3 L85-Isg0 L94-Vtl5 L103-M__7 L112-Fnu3 L119-Nys5 L23-Tmx8 L32-Ouh6 L41-Ift1 L50-Pvw5 L59-Ojm4 L68-Euy6 L77-Ftc8 L86-Xfv3 L95-Zl_5 L104-Jse6 L113-Ada2 L120-Oox3 L33-Tmx8 L42-Fkv8 L51-Jwp7 L60-Vyc1 L69-Z__1 L78-Wtg4 L87-Kur4 L96-Drk4 L105-Ztc1 L114-Mjt4 L121-Zad5 L34-Tmx8 L43-Vzd1 L52-Ckm8 L61-G_m0 L70-Aqp2 L79-Shf9 L88-Fo_0 L97-Sah0 L106-M_d5 L115-W_l6 L122-Voy4 L35-Tmx8 L44-Yyg7 L53-Yon2 L62-Atn0 L71-Ruh4 L80-K_o2 L89-Taj5 L98-Yia7 L107-Wxy8 L116-Dqk4 L123-Vly0 L45-Tmx8 L54-Uou5 L63-Dgf0 L72-A_t5 L81-Fpa7 L90-Kzb2 L99-Ity8 L108-Nfm7 L117-Pye9 L124-Jmf3
L1-Ubl7 L10-Zvt0 L19-Klz1 L28-Kaj4 L37-Rzh0 L46-W_v9 L55-G_t7 L64-Eyf3 L73-Wii4 L82-Fkl5 L91-Nwm6 L100-Dpf2 L109-M_m1 L2-Z_y9 L11-Dv_5 L20-Fz_6 L29-Pfs8 L38-Sdx8 L47-Ygo7 L56-Plv7 L65-Iwf3 L74-Xak4 L83-Phq1 L92-Ich7 L101-Mbn2 L110-Xpa0 L12-Tmx8 L21-Plo4 L30-Iw_7 L39-F_i6 L48-Sgp2 L57-Ktx3 L66-M__9 L75-Zvr2 L84-Xsq8 L93-Ndt4 L102-Kdm9 L111-Mgv3 L118-Uqi6 L31-Tmx8 L40-Ejn6 L49-Zge3 L58-Dxs8 L67-Pcc6 L76-Myj5 L85-Oo_3 L94-Isg0 L103-Vtl5 L112-M__7 L119-Fnu3 L32-Tmx8 L41-Ouh6 L50-Ift1 L59-Pvw5 L68-Ojm4 L77-Euy6 L86-Ftc8 L95-Xfv3 L104-Zl_5 L113-Jse6 L120-Ada2 L42-Tmx8 L51-Fkv8 L60-Jwp7 L69-Vyc1 L78-Z__1 L87-Wtg4 L96-Kur4 L105-Drk4 L114-Ztc1 L121-Mjt4 L43-Tmx8 L52-Vzd1 L61-Ckm8 L70-G_m0 L79-Aqp2 L88-Shf9 L97-Fo_0 L106-Sah0 L115-M_d5 L122-W_l6 L44-Tmx8 L53-Yyg7 L62-Yon2 L71-Atn0 L80-Ruh4 L89-K_o2 L98-Taj5 L107-Yia7 L116-Wxy8 L123-Dqk4 L54-Tmx8 L63-Uou5 L72-Dgf0 L81-A_t5 L90-Fpa7 L99-Kzb2 L108-Ity8 L117-Nfm7 L124-Pye9
L1-Viu2 L10-Ubl7 L19-Zvt0 L28-Klz1 L37-Kaj4 L46-Rzh0 L55-W_v9 L64-G_t7 L73-Eyf3 L82-Wii4 L91-Fkl5 L100-Nwm6 L109-Dpf2 L2-Mox9 L11-Z_y9 L20-Dv_5 L29-Fz_6 L38-Pfs8 L47-Sdx8 L56-Ygo7 L65-Plv7 L74-Iwf3 L83-Xak4 L92-Phq1 L101-Ich7 L110-Mbn2 L21-Tmx8 L30-Plo4 L39-Iw_7 L48-F_i6 L57-Sgp2 L66-Ktx3 L75-M__9 L84-Zvr2 L93-Xsq8 L102-Ndt4 L111-Kdm9 L118-Mgv3 L40-Tmx8 L49-Ejn6 L58-Zge3 L67-Dxs8 L76-Pcc6 L85-Myj5 L94-Oo_3 L103-Isg0 L112-Vtl5 L119-M__7 L41-Tmx8 L50-Ouh6 L59-Ift1 L68-Pvw5 L77-Ojm4 L86-Euy6 L95-Ftc8 L104-Xfv3 L113-Zl_5 L120-Jse6 L51-Tmx8 L60-Fkv8 L69-Jwp7 L78-Vyc1 L87-Z__1 L96-Wtg4 L105-Kur4 L114-Drk4 L121-Ztc1 L52-Tmx8 L61-Vzd1 L70-Ckm8 L79-G_m0 L88-Aqp2 L97-Shf9 L106-Fo_0 L115-Sah0 L122-M_d5 L53-Tmx8 L62-Yyg7 L71-Yon2 L80-Atn0 L89-Ruh4 L98-K_o2 L107-Taj5 L116-Yia7 L123-Wxy8 L63-Tmx8 L72-Uou5 L81-Dgf0 L90-A_t5 L99-Fpa7 L108-Kzb2 L117-Ity8 L124-Nfm7
L1-Tmx8 L10-Viu2 L19-Ubl7 L28-Zvt0 L37-Klz1 L46-Kaj4 L55-Rzh0 L64-W_v9 L73-G_t7 L82-Eyf3 L91-Wii4 L100-Fkl5 L109-Nwm6 L2-Tmx8 L11-Mox9 L20-Z_y9 L29-Dv_5 L38-Fz_6 L47-Pfs8 L56-Sdx8 L65-Ygo7 L74-Plv7 L83-Iwf3 L92-Xak4 L101-Phq1 L110-Ich7 L30-Tmx8 L39-Plo4 L48-Iw_7 L57-F_i6 L66-Sgp2 L75-Ktx3 L84-M__9 L93-Zvr2 L102-Xsq8 L111-Ndt4 L118-Kdm9 L49-Tmx8 L58-Ejn6 L67-Zge3 L76-Dxs8 L85-Pcc6 L94-Myj5 L103-Oo_3 L112-Isg0 L119-Vtl5 L50-Tmx8 L59-Ouh6 L68-Ift1 L77-Pvw5 L86-Ojm4 L95-Euy6 L104-Ftc8 L113-Xfv3 L120-Zl_5 L60-Tmx8 L69-Fkv8 L78-Jwp7 L87-Vyc1 L96-Z__1 L105-Wtg4 L114-Kur4 L121-Drk4 L61-Tmx8 L70-Vzd1 L79-Ckm8 L88-G_m0 L97-Aqp2 L106-Shf9 L115-Fo_0 L122-Sah0 L62-Tmx8 L71-Yyg7 L80-Yon2 L89-Atn0 L98-Ruh4 L107-K_o2 L116-Taj5 L123-Yia7 L72-Tmx8 L81-Uou5 L90-Dgf0 L99-A_t5 L108-Fpa7 L117-Kzb2 L124-Ity8
L10-Tmx8 L19-Viu2 L28-Ubl7 L37-Zvt0 L46-Klz1 L55-Kaj4 L64-Rzh0 L73-W_v9 L82-G_t7 L91-Eyf3 L100-Wii4 L109-Fkl5 L11-Tmx8 L20-Mox9 L29-Z_y9 L38-Dv_5 L47-Fz_6 L56-Pfs8 L65-Sdx8 L74-Ygo7 L83-Plv7 L92-Iwf3 L101-Xak4 L110-Phq1 L39-Tmx8 L48-Plo4 L57-Iw_7 L66-F_i6 L75-Sgp2 L84-Ktx3 L93-M__9 L102-Zvr2 L111-Xsq8 L118-Ndt4 L58-Tmx8 L67-Ejn6 L76-Zge3 L85-Dxs8 L94-Pcc6 L103-Myj5 L112-Oo_3 L119-Isg0 L59-Tmx8 L68-Ouh6 L77-Ift1 L86-Pvw5 L95-Ojm4 L104-Euy6 L113-Ftc8 L120-Xfv3 L69-Tmx8 L78-Fkv8 L87-Jwp7 L96-Vyc1 L105-Z__1 L114-Wtg4 L121-Kur4 L70-Tmx8 L79-Vzd1 L88-Ckm8 L97-G_m0 L106-Aqp2 L115-Shf9 L122-Fo_0 L71-Tmx8 L80-Yyg7 L89-Yon2 L98-Atn0 L107-Ruh4 L116-K_o2 L123-Taj5 L81-Tmx8 L90-Uou5 L99-Dgf0 L108-A_t5 L117-Fpa7 L124-Kzb2
L19-Tmx8 L28-Viu2 L37-Ubl7 L46-Zvt0 L55-Klz1 L64-Kaj4 L73-Rzh0 L82-W_v9 L91-G_t7 L100-Eyf3 L109-Wii4 L20-Tmx8 L29-Mox9 L38-Z_y9 L47-Dv_5 L56-Fz_6 L65-Pfs8 L74-Sdx8 L83-Ygo7 L92-Plv7 L101-Iwf3 L110-Xak4 L48-Tmx8 L57-Plo4 L66-Iw_7 L75-F_i6 L84-Sgp2 L93-Ktx3 L102-M__9 L111-Zvr2 L118-Xsq8 L67-Tmx8 L76-Ejn6 L85-Zge3 L94-Dxs8 L103-Pcc6 L112-Myj5 L119-Oo_3 L68-Tmx8 L77-Ouh6 L86-Ift1 L95-Pvw5 L104-Ojm4 L113-Euy6 L120-Ftc8 L78-Tmx8 L87-Fkv8 L96-Jwp7 L105-Vyc1 L114-Z__1 L121-Wtg4 L79-Tmx8 L88-Vzd1 L97-Ckm8 L106-G_m0 L115-Aqp2 L122-Shf9 L80-Tmx8 L89-Yyg7 L98-Yon2 L107-Atn0 L116-Ruh4 L123-K_o2 L90-Tmx8 L99-Uou5 L108-Dgf0 L117-A_t5 L124-Fpa7
L28-Tmx8 L37-Viu2 L46-Ubl7 L55-Zvt0 L64-Klz1 L73-Kaj4 L82-Rzh0 L91-W_v9 L100-G_t7 L109-Eyf3 L29-Tmx8 L38-Mox9 L47-Z_y9 L56-Dv_5 L65-Fz_6 L74-Pfs8 L83-Sdx8 L92-Ygo7 L101-Plv7 L110-Iwf3 L57-Tmx8 L66-Plo4 L75-Iw_7 L84-F_i6 L93-Sgp2 L102-Ktx3 L111-M__9 L118-Zvr2 L76-Tmx8 L85-Ejn6 L94-Zge3 L103-Dxs8 L112-Pcc6 L119-Myj5 L77-Tmx8 L86-Ouh6 L95-Ift1 L104-Pvw5 L113-Ojm4 L120-Euy6 L87-Tmx8 L96-Fkv8 L105-Jwp7 L114-Vyc1 L121-Z__1 L88-Tmx8 L97-Vzd1 L106-Ckm8 L115-G_m0 L122-Aqp2 L89-Tmx8 L98-Yyg7 L107-Yon2 L116-Atn0 L123-Ruh4 L99-Tmx8 L108-Uou5 L117-Dgf0 L124-A_t5
L37-Tmx8 L46-Viu2 L55-Ubl7 L64-Zvt0 L73-Klz1 L82-Kaj4 L91-Rzh0 L100-W_v9 L109-G_t7 L38-Tmx8 L47-Mox9 L56-Z_y9 L65-Dv_5 L74-Fz_6 L83-Pfs8 L92-Sdx8 L101-Ygo7 L110-Plv7 L66-Tmx8 L75-Plo4 L84-Iw_7 L93-F_i6 L102-Sgp2 L111-Ktx3 L118-M__9 L85-Tmx8 L94-Ejn6 L103-Zge3 L112-Dxs8 L119-Pcc6 L86-Tmx8 L95-Ouh6 L104-Ift1 L113-Pvw5 L120-Ojm4 L96-Tmx8 L105-Fkv8 L114-Jwp7 L121-Vyc1 L97-Tmx8 L106-Vzd1 L115-Ckm8 L122-G_m0 L98-Tmx8 L107-Yyg7 L116-Yon2 L123-Atn0 L108-Tmx8 L117-Uou5 L124-Dgf0
L46-Tmx8 L55-Viu2 L64-Ubl7 L73-Zvt0 L82-Klz1 L91-Kaj4 L100-Rzh0 L109-W_v9 L47-Tmx8 L56-Mox9 L65-Z_y9 L74-Dv_5 L83-Fz_6 L92-Pfs8 L101-Sdx8 L110-Ygo7 L75-Tmx8 L84-Plo4 L93-Iw_7 L102-F_i6 L111-Sgp2 L118-Ktx3 L94-Tmx8 L103-Ejn6 L112-Zge3 L119-Dxs8 L95-Tmx8 L104-Ouh6 L113-Ift1 L120-Pvw5 L105-Tmx8 L114-Fkv8 L121-Jwp7 L106-Tmx8 L115-Vzd1 L122-Ckm8 L107-Tmx8 L116-Yyg7 L123-Yon2 L117-Tmx8 L124-Uou5
L55-Tmx8 L64-Viu2 L73-Ubl7 L82-Zvt0 L91-Klz1 L100-Kaj4 L109-Rzh0 L56-Tmx8 L65-Mox9 L74-Z_y9 L83-Dv_5 L92-Fz_6 L101-Pfs8 L110-Sdx8 L84-Tmx8 L93-Plo4 L102-Iw_7 L111-F_i6 L118-Sgp2 L103-Tmx8 L112-Ejn6 L119-Zge3 L104-Tmx8 L113-Ouh6 L120-Ift1 L114-Tmx8 L121-Fkv8 L115-Tmx8 L122-Vzd1 L116-Tmx8 L123-Yyg7 L124-Tmx8
L64-Tmx8 L73-Viu2 L82-Ubl7 L91-Zvt0 L100-Klz1 L109-Kaj4 L65-Tmx8 L74-Mox9 L83-Z_y9 L92-Dv_5 L101-Fz_6 L110-Pfs8 L93-Tmx8 L102-Plo4 L111-Iw_7 L118-F_i6 L112-Tmx8 L119-Ejn6 L113-Tmx8 L120-Ouh6 L121-Tmx8 L122-Tmx8 L123-Tmx8
L73-Tmx8 L82-Viu2 L91-Ubl7 L100-Zvt0 L109-Klz1 L74-Tmx8 L83-Mox9 L92-Z_y9 L101-Dv_5 L110-Fz_6 L102-Tmx8 L111-Plo4 L118-Iw_7 L119-Tmx8 L120-Tmx8
L82-Tmx8 L91-Viu2 L100-Ubl7 L109-Zvt0 L83-Tmx8 L92-Mox9 L101-Z_y9 L110-Dv_5 L111-Tmx8 L118-Plo4
L91-Tmx8 L100-Viu2 L109-Ubl7 L92-Tmx8 L101-Mox9 L110-Z_y9 L118-Tmx8
L100-Tmx8 L109-Viu2 L101-Tmx8 L110-Mox9
L109-Tmx8 L110-Tmx8
