143
#Here is the number of lines required: 33
##start
Iqq3 1 1
##end
Qee6 2 2
Jvv1 7 7
Kal4 9 9
Bbx2 11 11
Res5 14 14
Fcu0 17 17
Mnr4 20 20
Ooq7 23 23
Nhj5 27 27
Ofk6 31 31
N_o6 33 33
Hpa6 37 37
Mav2 39 39
I_x2 40 40
Zpu2 45 45
Pff7 47 47
Tkf1 49 49
Wnm9 54 54
Cva6 57 57
Vfc0 61 61
Jmn1 65 65
Csk5 68 68
Xlf6 71 71
Sw_8 73 73
E_z0 77 77
Xfr3 80 80
Nhs5 82 82
Mhz1 84 84
Wbj1 86 86
Gqj7 88 88
Uag0 89 89
Oep3 92 92
She9 95 95
Aou1 99 99
Jnv8 104 104
Iju3 107 107
Mrb9 110 110
Baw9 113 113
T_r4 117 117
Vxm5 119 119
Ihz1 121 121
Arw4 125 125
Nqo5 127 127
Nts7 130 130
Iqj9 135 135
Pay7 136 136
Qgy8 138 138
Pze4 141 141
Asz7 144 144
Scs5 148 148
D_n1 150 150
Cwp5 154 154
Ihm4 155 155
Jbw2 157 157
Aby7 160 160
Gb_8 164 164
Vav2 168 168
Rtr8 171 171
Bmy4 174 174
Ewt0 178 178
Kvi0 182 182
Sqe2 185 185
Hsk7 189 189
Ipe2 193 193
Ua_0 196 196
Aas8 199 199
Bj_8 204 204
Zsm6 209 209
Jva1 211 211
Alr9 214 214
Glk0 219 219
Byz3 223 223
Ntm0 227 227
Ijt3 232 232
Ays7 234 234
Hd_0 236 236
Tdb8 238 238
Ipn3 240 240
Ccc7 243 243
Grd6 244 244
Vel3 247 247
Dky5 250 250
Ddd3 253 253
Xq_7 258 258
Dib1 262 262
Jur6 264 264
H_t5 269 269
Ix_7 273 273
Yn_9 278 278
Eah9 283 283
Okj9 287 287
I_b7 289 289
Byo4 292 292
Gyd6 295 295
Ayy5 297 297
Nl_8 298 298
Fet4 300 300
Cwi6 302 302
Dhr9 306 306
Hsl3 309 309
Bei1 312 312
Adm6 317 317
Use3 321 321
Biz7 324 324
Pfx2 327 327
P_k4 328 328
Txp7 331 331
Fnm2 333 333
D__5 334 334
Cwn7 337 337
Spv5 339 339
Xsa8 341 341
Zqm5 344 344
Xaq9 346 346
Ipl5 349 349
Spy4 352 352
Zyv3 357 357
Ptt5 361 361
Wzl0 366 366
Al_1 368 368
Exw4 373 373
Fqd9 375 375
Zff2 376 376
U_o2 380 380
R_u5 383 383
Hmw8 386 386
Ssb4 388 388
Jbb5 391 391
Qyn9 394 394
Flg8 396 396
Wdq6 399 399
Vap9 402 402
X_d1 405 405
Yrl4 409 409
Qxk0 414 414
Gby5 416 416
Uu_6 421 421
Odm5 423 423
Ctk2 426 426
Tqi6 430 430
Jvp6 432 432
Wrz6 433 433
Udw6 436 436
Fak5 438 438
Cii9 443 443
Rfo4 446 446
Ecv1 447 447
Vnc5 449 449
Xhv9 451 451
Shn9 453 453
Bed1 457 457
Gnr3 458 458
Gba5 462 462
Tbv7 467 467
Skn1 470 470
Bnd5 473 473
Dbo6 474 474
Ns_6 478 478
Wc_9 483 483
Qck9 485 485
Nqm9 487 487
Cqb0 490 490
Ipe4 493 493
Kl_5 496 496
Wxz3 500 500
Ptu4 503 503
Oyk8 506 506
E_h3 510 510
Rok0 514 514
Rje9 515 515
Hcr5 519 519
Ntt4 521 521
Ugd8 522 522
W_h3 524 524
Tbi3 528 528
Sr_9 531 531
Nqg2 535 535
Krt8 539 539
Gau7 540 540
Mrl6 542 542
Cyl3 546 546
Dez1 549 549
I_d9 550 550
Jxy7 551 551
Tv_7 552 552
Mnq0 555 555
F__8 558 558
Rjc7 561 561
Pmq9 562 562
Asp3 565 565
Pis4 569 569
Mwb5 574 574
M__6 577 577
Wpj0 580 580
Hil4 583 583
Ddl7 585 585
Osc0 587 587
Mu_6 591 591
Kro2 595 595
Hjp4 598 598
U_d7 603 603
Gtj2 604 604
K_q1 608 608
Txh4 612 612
At_8 615 615
Jqm9 616 616
Dsb2 619 619
Uuu7 623 623
Bfe2 625 625
B_k6 628 628
Hkj3 631 631
Gol3 632 632
Afp1 637 637
R_p8 639 639
Eat5 643 643
Otx9 647 647
Pfh8 651 651
Ral4 654 654
Jb_4 658 658
Ejo6 661 661
P_l2 665 665
Ept4 667 667
Qqo1 670 670
Nrf1 673 673
Qw_3 677 677
Ttn3 682 682
Mkw0 687 687
Wcp4 689 689
Bqi0 693 693
Bbm3 696 696
Udq7 699 699
Hdl8 702 702
Htd2 705 705
Ym_9 712 712
Oc_0 716 716
W_u6 721 721
Xbe3 725 725
Rkh4 730 730
Gqk2 735 735
Plu4 738 738
Jqv4 739 739
Juq2 742 742
Atd6 745 745
Az_2 749 749
Kvd5 753 753
Ft_2 758 758
Czh7 760 760
Pej9 763 763
Mhx9 767 767
Qbd9 769 769
Ahx8 770 770
Oyt5 774 774
Pjz0 778 778
D_i1 780 780
Rbc3 782 782
Frz4 785 785
Gfz0 787 787
Zee7 791 791
Wpz3 793 793
In_1 795 795
Ojd4 798 798
Ugk9 801 801
Dnk1 805 805
Rmo9 806 806
Bnx7 807 807
Xtk5 810 810
Yh_4 811 811
Dll5 815 815
Zww1 818 818
Pgm8 823 823
Iv_3 828 828
Qoa3 830 830
Aft2 833 833
J_m5 835 835
Sgk7 838 838
Otf4 840 840
Djb4 844 844
K_n7 846 846
Zp_5 848 848
Eig6 852 852
Egp3 854 854
U_d9 858 858
T_v3 862 862
Fag9 865 865
Rmt5 869 869
Ibw2 874 874
Mit8 875 875
Y_u8 878 878
Wdd8 881 881
Yms3 884 884
Cgl5 886 886
Rdf0 889 889
Won7 892 892
Gml1 893 893
Ovc0 895 895
D_r9 900 900
Nux8 903 903
Rpf9 906 906
Dk_0 909 909
Ney6 913 913
Sae3 914 914
Wzq2 917 917
Ih_5 918 918
Eu_4 920 920
Ixg5 924 924
Xj_4 926 926
Q_l3 929 929
Adh5 933 933
Wbv3 934 934
Exf3 938 938
Wqv0 942 942
Qww0 944 944
J_n4 948 948
Yek9 951 951
Koy3 953 953
Axx8 956 956
Krh0 960 960
Dyl0 963 963
H_q1 965 965
U_q0 967 967
Nz_8 971 971
Hnt1 974 974
Gqj0 976 976
Iqs8 981 981
Zps6 985 985
Bmp0 989 989
R_l8 993 993
Hbm2 996 996
Vvx6 998 998
Flx7 1000 1000
Zfi8 1002 1002
Bhc1 1006 1006
Gv_8 1010 1010
U_j8 1012 1012
Qsh4 1014 1014
Bby3 1018 1018
Scz2 1021 1021
Uzr2 1025 1025
V_l3 1028 1028
Ndv1 1031 1031
Ae_4 1033 1033
Epk3 1037 1037
Uiw3 1040 1040
Xes8 1042 1042
Pe_9 1046 1046
Pnv8 1051 1051
Mro9 1052 1052
Bxr8 1056 1056
S_p6 1059 1059
Pvj0 1063 1063
Xcg0 1065 1065
A_z3 1069 1069
Hoy5 1072 1072
Cxr0 1073 1073
Koe1 1077 1077
Obx1 1081 1081
E_d1 1086 1086
Kic5 1088 1088
Ppw6 1091 1091
Gus0 1095 1095
Oxq8 1098 1098
Ekj3 1100 1100
Ap_0 1104 1104
Zft8 1108 1108
Zvl5 1111 1111
Gki4 1113 1113
Zll5 1117 1117
Kq_3 1119 1119
Dfr1 1123 1123
M_d6 1126 1126
Uxr4 1130 1130
Uxz3 1133 1133
Ktf4 1136 1136
Kvo5 1141 1141
Qbh0 1143 1143
Naf9 1148 1148
Xmt7 1153 1153
Onl1 1154 1154
Zyl6 1157 1157
Avc0 1161 1161
C_a5 1162 1162
Rsd7 1166 1166
Qml3 1169 1169
Sx_0 1171 1171
Ybx0 1173 1173
Hkk4 1174 1174
Qaf2 1177 1177
Mw_1 1180 1180
Ndb0 1183 1183
Kqa5 1184 1184
Sam3 1187 1187
Gvq7 1190 1190
Mhz5 1195 1195
Fmv9 1199 1199
Tfr1 1201 1201
Wjf4 1202 1202
Gs_2 1204 1204
Vtk2 1209 1209
Mjg0 1213 1213
Ws_7 1216 1216
Xdc0 1218 1218
Jbs9 1221 1221
Eay5 1225 1225
Oky0 1229 1229
Cmw5 1233 1233
Cnr1 1237 1237
Xtm3 1239 1239
Dgc5 1241 1241
Wwe4 1242 1242
Cg_6 1246 1246
Q_o0 1250 1250
M_j9 1255 1255
Gx_1 1257 1257
Nsc6 1260 1260
Hlm2 1262 1262
Kle7 1266 1266
I_a8 1269 1269
Djy0 1272 1272
Dfn4 1274 1274
Qjb0 1276 1276
Dts5 1279 1279
Iyn2 1282 1282
Vxf4 1285 1285
Zbe8 1286 1286
Yol7 1290 1290
Ucq1 1292 1292
Mdv6 1297 1297
Qan5 1300 1300
Jad6 1304 1304
Whr2 1307 1307
Knw4 1312 1312
Yzu1 1314 1314
Oal6 1316 1316
Pyy6 1319 1319
Say5 1320 1320
Nqa3 1325 1325
Q__1 1326 1326
Ba_4 1329 1329
Twk3 1334 1334
Pzz9 1336 1336
Exn7 1341 1341
Boc5 1344 1344
Vrd5 1349 1349
Oct0 1354 1354
Ghl9 1355 1355
Gb_3 1357 1357
Dsi5 1360 1360
Zoi8 1361 1361
Gyw7 1364 1364
Csp7 1368 1368
Ov_5 1371 1371
Nud7 1372 1372
Qzc4 1376 1376
Nvf0 1380 1380
Bc_0 1384 1384
Hqm4 1388 1388
Kzp8 1391 1391
Wcf5 1394 1394
Yjb5 1397 1397
Mui6 1400 1400
Mrw1 1403 1403
Dur6 1405 1405
Crh4 1407 1407
Cui0 1412 1412
Crz4 1415 1415
Djn0 1416 1416
Yll7 1419 1419
O_a5 1423 1423
W_h3-O_a5
Knw4-Kal4
Djn0-Bbx2
Twk3-Res5
Xes8-Yll7
Mnr4-Crz4
Uzr2-Fcu0
Otx9-Crh4
Ix_7-Dur6
Ghl9-Ooq7
Ssb4-Nhj5
Cqb0-Ofk6
Rmo9-N_o6
Tfr1-Hpa6
Cii9-Pff7
Jva1-Kzp8
Jxy7-Nvf0
Ojd4-Qzc4
Biz7-Sw_8
Qck9-Nud7
Fet4-Wbj1
F__8-Gqj7
Rmt5-Dsi5
Pe_9-Gb_3
Vtk2-Ghl9
D_i1-Oct0
Bmp0-Boc5
Say5-Iju3
Rtr8-Twk3
Ndv1-Ihz1
Iv_3-Q__1
Qan5-Nqa3
Ttn3-Say5
D_i1-Pyy6
Mjg0-Yzu1
Bj_8-Nqo5
Xaq9-Nts7
Ojd4-Whr2
Qml3-Pay7
Ept4-Mdv6
Hsl3-Pze4
Rpf9-Vxf4
Ssb4-Scs5
Plu4-D_n1
Ptu4-I_a8
Sr_9-Ihm4
Yn_9-Jbw2
Wqv0-Kle7
Ym_9-Nsc6
Rfo4-Gx_1
Ntm0-Ewt0
Qoa3-Sqe2
Grd6-Hsk7
Qbh0-Ipe2
Exw4-Dgc5
Kvd5-Cnr1
Gyd6-Bj_8
Qaf2-Cmw5
Zps6-Oky0
J_n4-Eay5
Scz2-Jbs9
U_q0-Xdc0
Osc0-Ws_7
Sr_9-Alr9
Rsd7-Glk0
Uu_6-Mjg0
Pfh8-Ijt3
Pgm8-Ays7
Qml3-Vtk2
P_k4-Tdb8
Yh_4-Ccc7
Fag9-Gs_2
Xmt7-Dky5
Bnd5-Fmv9
Iqs8-Dib1
Sam3-H_t5
Kqa5-Yn_9
Ndb0-Eah9
Okj9-Ndb0
Mw_1-Okj9
Byo4-I_b7
Qml3-Sx_0
Nl_8-Qml3
Rsd7-Fet4
C_a5-Rsd7
Dhr9-Cwi6
Avc0-Hsl3
Zyl6-Avc0
Naf9-Xmt7
Bei1-Naf9
Biz7-Use3
Qbh0-Pfx2
Kvo5-Qbh0
P_k4-Kvo5
Txp7-Uxz3
Uxr4-Txp7
Iqq3-D__5
Kq_3-Dfr1
Zll5-Kq_3
Zqm5-Zvl5
Ipl5-Xaq9
Zft8-Zyv3
Wzl0-Gus0
Exw4-Al_1
Ppw6-Fqd9
Zff2-Kic5
U_o2-Zff2
Hmw8-R_u5
Ssb4-Cxr0
Iqq3-Hoy5
Qyn9-Jbb5
Xcg0-A_z3
Pvj0-Xcg0
S_p6-Pvj0
Flg8-S_p6
Bxr8-Wdq6
Pnv8-Vap9
Pe_9-Pnv8
X_d1-Pe_9
Qxk0-Yrl4
Xes8-Qxk0
Uiw3-Xes8
Odm5-Epk3
Ndv1-Ae_4
V_l3-Ndv1
Uzr2-V_l3
Bby3-Scz2
Qsh4-Bby3
Bhc1-Gv_8
Flx7-Zfi8
Iqq3-Hbm2
R_l8-Htd2
Udw6-Wrz6
Bmp0-Udw6
Zps6-Bmp0
Fak5-Iqs8
Cii9-Fak5
Vnc5-Ecv1
Nz_8-Hnt1
H_q1-U_q0
Krh0-Dyl0
Axx8-Krh0
Gba5-Yek9
Skn1-Tbv7
Dbo6-Bnd5
Qww0-Ns_6
Wc_9-Qww0
Nqm9-Qck9
Ipe4-Qee6
Exf3-Ipe4
Wbv3-Exf3
Kl_5-Adh5
Q_l3-Ptu4
Xj_4-Q_l3
Ixg5-Xj_4
Oyk8-Ixg5
Rje9-Eu_4
Wzq2-Ih_5
Ntt4-Sae3
Iqq3-Ntt4
W_h3-Rpf9
Tbi3-W_h3
Nux8-Tbi3
Ovc0-Nqg2
Gml1-Ovc0
Won7-Gml1
Cgl5-Rdf0
Wdd8-Yms3
Mit8-Y_u8
Iqq3-Ibw2
Mrl6-Gau7
Fag9-Rmt5
T_v3-Cyl3
Dez1-T_v3
I_d9-U_d9
Egp3-I_d9
Mnq0-Tv_7
F__8-Qee6
Rjc7-F__8
K_n7-Rjc7
Pmq9-K_n7
Otf4-Djb4
Asp3-Otf4
Mwb5-Pis4
Sgk7-Mwb5
M__6-Sgk7
Aft2-J_m5
Wpj0-Aft2
Hil4-Wpj0
Qoa3-Hil4
Iv_3-Qoa3
Pgm8-Iv_3
Ddl7-Pgm8
Osc0-Ddl7
Iqq3-Osc0
Zww1-Qee6
Hjp4-Kro2
Dll5-Hjp4
Yh_4-Dll5
U_d7-Yh_4
Gtj2-U_d7
Dnk1-Txh4
Jqm9-At_8
In_1-Uuu7
Wpz3-In_1
Zee7-Wpz3
Bfe2-Gfz0
Frz4-Bfe2
D_i1-Rbc3
Oyt5-B_k6
Ahx8-Oyt5
Qbd9-Ahx8
Hkj3-Qbd9
Mhx9-Hkj3
Pej9-Mhx9
Gol3-Pej9
Afp1-Gol3
Czh7-Afp1
Kvd5-Ft_2
Otx9-Eat5
Atd6-Jb_4
Juq2-Atd6
Ejo6-Juq2
Qqo1-Ept4
Plu4-Jqv4
Iqq3-Plu4
Qw_3-Nrf1
Ttn3-Qw_3
Gqk2-Ttn3
Mkw0-Xbe3
W_u6-Wcp4
Oc_0-W_u6
Bqi0-Oc_0
Bbm3-Bqi0
Iqq3-Ym_9
Ym_9-Hdl8
Hdl8-Udq7
Udq7-Bbm3
Wcp4-Mkw0
Xbe3-Rkh4
Rkh4-Gqk2
Nrf1-Qee6
Jqv4-Qqo1
Ept4-P_l2
P_l2-Ejo6
Jb_4-Ral4
Ral4-Az_2
Az_2-Pfh8
Pfh8-Otx9
Eat5-R_p8
R_p8-Kvd5
Ft_2-Qee6
Iqq3-Czh7
B_k6-Pjz0
Pjz0-D_i1
Rbc3-Frz4
Gfz0-Qee6
Iqq3-Zee7
Uuu7-Ojd4
Ojd4-Dsb2
Dsb2-Jqm9
At_8-Ugk9
Ugk9-Dnk1
Txh4-Rmo9
Rmo9-Bnx7
Bnx7-K_q1
K_q1-Xtk5
Xtk5-Gtj2
Kro2-Mu_6
Mu_6-Zww1
J_m5-M__6
Pis4-Asp3
Djb4-Pmq9
Iqq3-Mnq0
Tv_7-Zp_5
Zp_5-Jxy7
Jxy7-Eig6
Eig6-Egp3
U_d9-Dez1
Cyl3-Fag9
Rmt5-Mrl6
Gau7-Krt8
Krt8-Qee6
Ibw2-Mit8
Y_u8-Wdd8
Yms3-Cgl5
Rdf0-Won7
Nqg2-Sr_9
Sr_9-D_r9
D_r9-Nux8
Rpf9-Dk_0
Dk_0-Ugd8
Ugd8-Ney6
Ney6-Qee6
Sae3-Wzq2
Ih_5-Hcr5
Hcr5-Rje9
Eu_4-Rok0
Rok0-E_h3
E_h3-Oyk8
Ptu4-Wxz3
Wxz3-Kl_5
Adh5-Wbv3
Iqq3-Cqb0
Cqb0-Wqv0
Wqv0-Nqm9
Qck9-Wc_9
Ns_6-J_n4
J_n4-Dbo6
Bnd5-Skn1
Tbv7-Gba5
Yek9-Gnr3
Gnr3-Koy3
Koy3-Axx8
Dyl0-Bed1
Bed1-H_q1
U_q0-Nz_8
Hnt1-Qee6
Iqq3-Shn9
Shn9-Xhv9
Xhv9-Vnc5
Ecv1-Gqj0
Gqj0-Rfo4
Rfo4-Cii9
Iqs8-Zps6
Wrz6-R_l8
Htd2-Qee6
Hbm2-Vvx6
Vvx6-Flx7
Zfi8-Bhc1
Gv_8-U_j8
U_j8-Jvp6
Jvp6-Tqi6
Tqi6-Ctk2
Ctk2-Qsh4
Scz2-Uzr2
Ae_4-Odm5
Epk3-Uu_6
Uu_6-Gby5
Gby5-Uiw3
Yrl4-X_d1
Vap9-Mro9
Mro9-Bxr8
Wdq6-Flg8
A_z3-Qyn9
Jbb5-Qee6
Hoy5-Ssb4
Cxr0-Koe1
Koe1-Obx1
Obx1-E_d1
E_d1-Hmw8
R_u5-U_o2
Kic5-Ppw6
Fqd9-Exw4
Al_1-Wzl0
Gus0-Oxq8
Oxq8-Ptt5
Ptt5-Ekj3
Ekj3-Ap_0
Ap_0-Zft8
Zyv3-Spy4
Spy4-Ipl5
Xaq9-Zqm5
Zvl5-Xsa8
Xsa8-Spv5
Spv5-Cwn7
Cwn7-Gki4
Gki4-Zll5
Dfr1-Qee6
D__5-M_d6
M_d6-Fnm2
Fnm2-Uxr4
Uxz3-Ktf4
Ktf4-P_k4
Pfx2-Biz7
Use3-Adm6
Adm6-Bei1
Xmt7-Onl1
Onl1-Zyl6
Hsl3-Dhr9
Cwi6-C_a5
Fet4-Nl_8
Sx_0-Ayy5
Ayy5-Gyd6
Gyd6-Byo4
I_b7-Ybx0
Ybx0-Hkk4
Hkk4-Qaf2
Qaf2-Mw_1
Eah9-Kqa5
Yn_9-Ix_7
Ix_7-Sam3
H_t5-Qee6
Dez1-Gvq7
Zvl5-Mhz5
Ndv1-Jur6
Jqv4-Xq_7
Vap9-Tfr1
Ih_5-Ddd3
Bxr8-Vel3
Atd6-Grd6
Hkj3-Wjf4
Gki4-Ipn3
Pfx2-Hd_0
Jxy7-Ntm0
Gau7-Byz3
Gv_8-Jva1
Adh5-Zsm6
Dnk1-Xtm3
Udw6-Wwe4
Ekj3-Aas8
Txh4-Ua_0
Ipe4-Cg_6
K_q1-Q_o0
Vtk2-M_j9
Qck9-Kvi0
Jxy7-Bmy4
Rsd7-Rtr8
In_1-Vav2
Plu4-Gb_8
Jvp6-Aby7
Hsk7-Hlm2
Cxr0-Cwp5
Epk3-Djy0
Kqa5-Dfn4
Bj_8-Qjb0
Gb_8-Dts5
Fak5-Iyn2
Gx_1-Zbe8
Udq7-Asz7
Ahx8-Yol7
Kvo5-Qgy8
Al_1-Ucq1
Wwe4-Qan5
Ewt0-Jad6
K_q1-Iqj9
Bby3-Knw4
Nz_8-Oal6
Bqi0-Arw4
Sam3-Ba_4
Djb4-Vxm5
Glk0-T_r4
Hlm2-Baw9
Ft_2-Pzz9
Vap9-Exn7
Cyl3-Mrb9
Fmv9-Jnv8
Rkh4-Vrd5
Uu_6-Aou1
Ba_4-She9
Kro2-Oep3
Vel3-Uag0
Qoa3-Zoi8
Byo4-Mhz1
M_j9-Gyw7
Xmt7-Nhs5
Sgk7-Csp7
Fak5-Xfr3
Hjp4-E_z0
Hnt1-Ov_5
Xj_4-Xlf6
Tfr1-Csk5
Cwi6-Jmn1
Qgy8-Bc_0
Nl_8-Vfc0
X_d1-Hqm4
Kvo5-Cva6
Txh4-Wcf5
Qww0-Wnm9
Yh_4-Tkf1
Tkf1-Zpu2
Nud7-I_x2
Tbi3-Mav2
Vav2-Yjb5
Avc0-Mui6
P_k4-Mrw1
Txh4-Mnr4
Frz4-Cui0
Nud7-Djn0
Cwi6-Jvv1
#Here is the number of lines required: 33

L1-Osc0 L2-Ibw2 L3-Ntt4 L4-Plu4 L5-Mnq0 L6-Czh7 L7-Shn9 L8-Ym_9
L1-Ddl7 L9-Osc0 L2-Mit8 L10-Ibw2 L3-Sae3 L11-Ntt4 L4-Jqv4 L12-Plu4 L5-Tv_7 L13-Mnq0 L6-Afp1 L14-Czh7 L7-Xhv9 L15-Shn9 L8-Hdl8 L16-Ym_9
L1-Pgm8 L9-Ddl7 L17-Osc0 L2-Y_u8 L10-Mit8 L18-Ibw2 L3-Wzq2 L11-Sae3 L19-Ntt4 L4-Qqo1 L12-Jqv4 L20-Plu4 L5-Zp_5 L13-Tv_7 L21-Mnq0 L6-Gol3 L14-Afp1 L22-Czh7 L7-Vnc5 L15-Xhv9 L23-Shn9 L8-Udq7 L16-Hdl8 L24-Ym_9
L1-Iv_3 L9-Pgm8 L17-Ddl7 L25-Osc0 L2-Wdd8 L10-Y_u8 L18-Mit8 L26-Ibw2 L3-Ih_5 L11-Wzq2 L19-Sae3 L27-Ntt4 L4-Ept4 L12-Qqo1 L20-Jqv4 L28-Plu4 L5-Jxy7 L13-Zp_5 L21-Tv_7 L29-Mnq0 L6-Pej9 L14-Gol3 L22-Afp1 L30-Czh7 L7-Ecv1 L15-Vnc5 L23-Xhv9 L31-Shn9 L8-Bbm3 L16-Udq7 L24-Hdl8 L32-Ym_9
L1-Qoa3 L9-Iv_3 L17-Pgm8 L25-Ddl7 L33-Osc0 L2-Yms3 L10-Wdd8 L18-Y_u8 L26-Mit8 L34-Ibw2 L3-Hcr5 L11-Ih_5 L19-Wzq2 L27-Sae3 L35-Ntt4 L4-P_l2 L12-Ept4 L20-Qqo1 L28-Jqv4 L36-Plu4 L5-Eig6 L13-Jxy7 L21-Zp_5 L29-Tv_7 L37-Mnq0 L6-Mhx9 L14-Pej9 L22-Gol3 L30-Afp1 L38-Czh7 L7-Gqj0 L15-Ecv1 L23-Vnc5 L31-Xhv9 L39-Shn9 L8-Bqi0 L16-Bbm3 L24-Udq7 L32-Hdl8 L40-Ym_9
L1-Hil4 L9-Qoa3 L17-Iv_3 L25-Pgm8 L33-Ddl7 L41-Osc0 L2-Cgl5 L10-Yms3 L18-Wdd8 L26-Y_u8 L34-Mit8 L42-Ibw2 L3-Rje9 L11-Hcr5 L19-Ih_5 L27-Wzq2 L35-Sae3 L43-Ntt4 L4-Ejo6 L12-P_l2 L20-Ept4 L28-Qqo1 L36-Jqv4 L44-Plu4 L5-Egp3 L13-Eig6 L21-Jxy7 L29-Zp_5 L37-Tv_7 L45-Mnq0 L6-Hkj3 L14-Mhx9 L22-Pej9 L30-Gol3 L38-Afp1 L46-Czh7 L7-Rfo4 L15-Gqj0 L23-Ecv1 L31-Vnc5 L39-Xhv9 L47-Shn9 L8-Oc_0 L16-Bqi0 L24-Bbm3 L32-Udq7 L40-Hdl8 L48-Ym_9
L1-Wpj0 L9-Hil4 L17-Qoa3 L25-Iv_3 L33-Pgm8 L41-Ddl7 L49-Osc0 L2-Rdf0 L10-Cgl5 L18-Yms3 L26-Wdd8 L34-Y_u8 L42-Mit8 L50-Ibw2 L3-Eu_4 L11-Rje9 L19-Hcr5 L27-Ih_5 L35-Wzq2 L43-Sae3 L51-Ntt4 L4-Juq2 L12-Ejo6 L20-P_l2 L28-Ept4 L36-Qqo1 L44-Jqv4 L52-Plu4 L5-I_d9 L13-Egp3 L21-Eig6 L29-Jxy7 L37-Zp_5 L45-Tv_7 L53-Mnq0 L6-Qbd9 L14-Hkj3 L22-Mhx9 L30-Pej9 L38-Gol3 L46-Afp1 L54-Czh7 L7-Cii9 L15-Rfo4 L23-Gqj0 L31-Ecv1 L39-Vnc5 L47-Xhv9 L55-Shn9 L8-W_u6 L16-Oc_0 L24-Bqi0 L32-Bbm3 L40-Udq7 L48-Hdl8 L56-Ym_9
L1-Aft2 L9-Wpj0 L17-Hil4 L25-Qoa3 L33-Iv_3 L41-Pgm8 L49-Ddl7 L57-Osc0 L2-Won7 L10-Rdf0 L18-Cgl5 L26-Yms3 L34-Wdd8 L42-Y_u8 L50-Mit8 L58-Ibw2 L3-Rok0 L11-Eu_4 L19-Rje9 L27-Hcr5 L35-Ih_5 L43-Wzq2 L51-Sae3 L59-Ntt4 L4-Atd6 L12-Juq2 L20-Ejo6 L28-P_l2 L36-Ept4 L44-Qqo1 L52-Jqv4 L60-Plu4 L5-U_d9 L13-I_d9 L21-Egp3 L29-Eig6 L37-Jxy7 L45-Zp_5 L53-Tv_7 L61-Mnq0 L6-Ahx8 L14-Qbd9 L22-Hkj3 L30-Mhx9 L38-Pej9 L46-Gol3 L54-Afp1 L62-Czh7 L7-Fak5 L15-Cii9 L23-Rfo4 L31-Gqj0 L39-Ecv1 L47-Vnc5 L55-Xhv9 L63-Shn9 L8-Wcp4 L16-W_u6 L24-Oc_0 L32-Bqi0 L40-Bbm3 L48-Udq7 L56-Hdl8 L64-Ym_9
L1-J_m5 L9-Aft2 L17-Wpj0 L25-Hil4 L33-Qoa3 L41-Iv_3 L49-Pgm8 L57-Ddl7 L65-Osc0 L2-Gml1 L10-Won7 L18-Rdf0 L26-Cgl5 L34-Yms3 L42-Wdd8 L50-Y_u8 L58-Mit8 L66-Ibw2 L3-E_h3 L11-Rok0 L19-Eu_4 L27-Rje9 L35-Hcr5 L43-Ih_5 L51-Wzq2 L59-Sae3 L67-Ntt4 L4-Jb_4 L12-Atd6 L20-Juq2 L28-Ejo6 L36-P_l2 L44-Ept4 L52-Qqo1 L60-Jqv4 L68-Plu4 L5-Dez1 L13-U_d9 L21-I_d9 L29-Egp3 L37-Eig6 L45-Jxy7 L53-Zp_5 L61-Tv_7 L69-Mnq0 L6-Oyt5 L14-Ahx8 L22-Qbd9 L30-Hkj3 L38-Mhx9 L46-Pej9 L54-Gol3 L62-Afp1 L70-Czh7 L7-Iqs8 L15-Fak5 L23-Cii9 L31-Rfo4 L39-Gqj0 L47-Ecv1 L55-Vnc5 L63-Xhv9 L71-Shn9 L8-Mkw0 L16-Wcp4 L24-W_u6 L32-Oc_0 L40-Bqi0 L48-Bbm3 L56-Udq7 L64-Hdl8 L72-Ym_9
L1-M__6 L9-J_m5 L17-Aft2 L25-Wpj0 L33-Hil4 L41-Qoa3 L49-Iv_3 L57-Pgm8 L65-Ddl7 L73-Osc0 L2-Ovc0 L10-Gml1 L18-Won7 L26-Rdf0 L34-Cgl5 L42-Yms3 L50-Wdd8 L58-Y_u8 L66-Mit8 L74-Ibw2 L3-Oyk8 L11-E_h3 L19-Rok0 L27-Eu_4 L35-Rje9 L43-Hcr5 L51-Ih_5 L59-Wzq2 L67-Sae3 L75-Ntt4 L4-Ral4 L12-Jb_4 L20-Atd6 L28-Juq2 L36-Ejo6 L44-P_l2 L52-Ept4 L60-Qqo1 L68-Jqv4 L76-Plu4 L5-T_v3 L13-Dez1 L21-U_d9 L29-I_d9 L37-Egp3 L45-Eig6 L53-Jxy7 L61-Zp_5 L69-Tv_7 L77-Mnq0 L6-B_k6 L14-Oyt5 L22-Ahx8 L30-Qbd9 L38-Hkj3 L46-Mhx9 L54-Pej9 L62-Gol3 L70-Afp1 L78-Czh7 L7-Zps6 L15-Iqs8 L23-Fak5 L31-Cii9 L39-Rfo4 L47-Gqj0 L55-Ecv1 L63-Vnc5 L71-Xhv9 L79-Shn9 L8-Xbe3 L16-Mkw0 L24-Wcp4 L32-W_u6 L40-Oc_0 L48-Bqi0 L56-Bbm3 L64-Udq7 L72-Hdl8 L80-Ym_9
L1-Sgk7 L9-M__6 L17-J_m5 L25-Aft2 L33-Wpj0 L41-Hil4 L49-Qoa3 L57-Iv_3 L65-Pgm8 L73-Ddl7 L81-Osc0 L2-Nqg2 L10-Ovc0 L18-Gml1 L26-Won7 L34-Rdf0 L42-Cgl5 L50-Yms3 L58-Wdd8 L66-Y_u8 L74-Mit8 L82-Ibw2 L3-Ixg5 L11-Oyk8 L19-E_h3 L27-Rok0 L35-Eu_4 L43-Rje9 L51-Hcr5 L59-Ih_5 L67-Wzq2 L75-Sae3 L83-Ntt4 L4-Az_2 L12-Ral4 L20-Jb_4 L28-Atd6 L36-Juq2 L44-Ejo6 L52-P_l2 L60-Ept4 L68-Qqo1 L76-Jqv4 L84-Plu4 L5-Cyl3 L13-T_v3 L21-Dez1 L29-U_d9 L37-I_d9 L45-Egp3 L53-Eig6 L61-Jxy7 L69-Zp_5 L77-Tv_7 L85-Mnq0 L6-Pjz0 L14-B_k6 L22-Oyt5 L30-Ahx8 L38-Qbd9 L46-Hkj3 L54-Mhx9 L62-Pej9 L70-Gol3 L78-Afp1 L86-Czh7 L7-Bmp0 L15-Zps6 L23-Iqs8 L31-Fak5 L39-Cii9 L47-Rfo4 L55-Gqj0 L63-Ecv1 L71-Vnc5 L79-Xhv9 L87-Shn9 L8-Rkh4 L16-Xbe3 L24-Mkw0 L32-Wcp4 L40-W_u6 L48-Oc_0 L56-Bqi0 L64-Bbm3 L72-Udq7 L80-Hdl8 L88-Ym_9
L1-Mwb5 L9-Sgk7 L17-M__6 L25-J_m5 L33-Aft2 L41-Wpj0 L49-Hil4 L57-Qoa3 L65-Iv_3 L73-Pgm8 L81-Ddl7 L89-Osc0 L2-Sr_9 L10-Nqg2 L18-Ovc0 L26-Gml1 L34-Won7 L42-Rdf0 L50-Cgl5 L58-Yms3 L66-Wdd8 L74-Y_u8 L82-Mit8 L90-Ibw2 L3-Xj_4 L11-Ixg5 L19-Oyk8 L27-E_h3 L35-Rok0 L43-Eu_4 L51-Rje9 L59-Hcr5 L67-Ih_5 L75-Wzq2 L83-Sae3 L91-Ntt4 L4-Pfh8 L12-Az_2 L20-Ral4 L28-Jb_4 L36-Atd6 L44-Juq2 L52-Ejo6 L60-P_l2 L68-Ept4 L76-Qqo1 L84-Jqv4 L92-Plu4 L5-Fag9 L13-Cyl3 L21-T_v3 L29-Dez1 L37-U_d9 L45-I_d9 L53-Egp3 L61-Eig6 L69-Jxy7 L77-Zp_5 L85-Tv_7 L93-Mnq0 L6-D_i1 L14-Pjz0 L22-B_k6 L30-Oyt5 L38-Ahx8 L46-Qbd9 L54-Hkj3 L62-Mhx9 L70-Pej9 L78-Gol3 L86-Afp1 L94-Czh7 L7-Udw6 L15-Bmp0 L23-Zps6 L31-Iqs8 L39-Fak5 L47-Cii9 L55-Rfo4 L63-Gqj0 L71-Ecv1 L79-Vnc5 L87-Xhv9 L95-Shn9 L8-Gqk2 L16-Rkh4 L24-Xbe3 L32-Mkw0 L40-Wcp4 L48-W_u6 L56-Oc_0 L64-Bqi0 L72-Bbm3 L80-Udq7 L88-Hdl8 L96-Ym_9
L1-Pis4 L9-Mwb5 L17-Sgk7 L25-M__6 L33-J_m5 L41-Aft2 L49-Wpj0 L57-Hil4 L65-Qoa3 L73-Iv_3 L81-Pgm8 L89-Ddl7 L97-Osc0 L2-D_r9 L10-Sr_9 L18-Nqg2 L26-Ovc0 L34-Gml1 L42-Won7 L50-Rdf0 L58-Cgl5 L66-Yms3 L74-Wdd8 L82-Y_u8 L90-Mit8 L98-Ibw2 L3-Q_l3 L11-Xj_4 L19-Ixg5 L27-Oyk8 L35-E_h3 L43-Rok0 L51-Eu_4 L59-Rje9 L67-Hcr5 L75-Ih_5 L83-Wzq2 L91-Sae3 L99-Ntt4 L4-Otx9 L12-Pfh8 L20-Az_2 L28-Ral4 L36-Jb_4 L44-Atd6 L52-Juq2 L60-Ejo6 L68-P_l2 L76-Ept4 L84-Qqo1 L92-Jqv4 L100-Plu4 L5-Rmt5 L13-Fag9 L21-Cyl3 L29-T_v3 L37-Dez1 L45-U_d9 L53-I_d9 L61-Egp3 L69-Eig6 L77-Jxy7 L85-Zp_5 L93-Tv_7 L101-Mnq0 L6-Rbc3 L14-D_i1 L22-Pjz0 L30-B_k6 L38-Oyt5 L46-Ahx8 L54-Qbd9 L62-Hkj3 L70-Mhx9 L78-Pej9 L86-Gol3 L94-Afp1 L102-Czh7 L7-Wrz6 L15-Udw6 L23-Bmp0 L31-Zps6 L39-Iqs8 L47-Fak5 L55-Cii9 L63-Rfo4 L71-Gqj0 L79-Ecv1 L87-Vnc5 L95-Xhv9 L103-Shn9 L8-Ttn3 L16-Gqk2 L24-Rkh4 L32-Xbe3 L40-Mkw0 L48-Wcp4 L56-W_u6 L64-Oc_0 L72-Bqi0 L80-Bbm3 L88-Udq7 L96-Hdl8 L104-Ym_9
L1-Asp3 L9-Pis4 L17-Mwb5 L25-Sgk7 L33-M__6 L41-J_m5 L49-Aft2 L57-Wpj0 L65-Hil4 L73-Qoa3 L81-Iv_3 L89-Pgm8 L97-Ddl7 L105-Osc0 L2-Nux8 L10-D_r9 L18-Sr_9 L26-Nqg2 L34-Ovc0 L42-Gml1 L50-Won7 L58-Rdf0 L66-Cgl5 L74-Yms3 L82-Wdd8 L90-Y_u8 L98-Mit8 L106-Ibw2 L3-Ptu4 L11-Q_l3 L19-Xj_4 L27-Ixg5 L35-Oyk8 L43-E_h3 L51-Rok0 L59-Eu_4 L67-Rje9 L75-Hcr5 L83-Ih_5 L91-Wzq2 L99-Sae3 L107-Ntt4 L4-Eat5 L12-Otx9 L20-Pfh8 L28-Az_2 L36-Ral4 L44-Jb_4 L52-Atd6 L60-Juq2 L68-Ejo6 L76-P_l2 L84-Ept4 L92-Qqo1 L100-Jqv4 L108-Plu4 L5-Mrl6 L13-Rmt5 L21-Fag9 L29-Cyl3 L37-T_v3 L45-Dez1 L53-U_d9 L61-I_d9 L69-Egp3 L77-Eig6 L85-Jxy7 L93-Zp_5 L101-Tv_7 L109-Mnq0 L6-Frz4 L14-Rbc3 L22-D_i1 L30-Pjz0 L38-B_k6 L46-Oyt5 L54-Ahx8 L62-Qbd9 L70-Hkj3 L78-Mhx9 L86-Pej9 L94-Gol3 L102-Afp1 L110-Czh7 L7-R_l8 L15-Wrz6 L23-Udw6 L31-Bmp0 L39-Zps6 L47-Iqs8 L55-Fak5 L63-Cii9 L71-Rfo4 L79-Gqj0 L87-Ecv1 L95-Vnc5 L103-Xhv9 L111-Shn9 L8-Qw_3 L16-Ttn3 L24-Gqk2 L32-Rkh4 L40-Xbe3 L48-Mkw0 L56-Wcp4 L64-W_u6 L72-Oc_0 L80-Bqi0 L88-Bbm3 L96-Udq7 L104-Hdl8 L112-Ym_9
L1-Otf4 L9-Asp3 L17-Pis4 L25-Mwb5 L33-Sgk7 L41-M__6 L49-J_m5 L57-Aft2 L65-Wpj0 L73-Hil4 L81-Qoa3 L89-Iv_3 L97-Pgm8 L105-Ddl7 L113-Osc0 L2-Tbi3 L10-Nux8 L18-D_r9 L26-Sr_9 L34-Nqg2 L42-Ovc0 L50-Gml1 L58-Won7 L66-Rdf0 L74-Cgl5 L82-Yms3 L90-Wdd8 L98-Y_u8 L106-Mit8 L114-Ibw2 L3-Wxz3 L11-Ptu4 L19-Q_l3 L27-Xj_4 L35-Ixg5 L43-Oyk8 L51-E_h3 L59-Rok0 L67-Eu_4 L75-Rje9 L83-Hcr5 L91-Ih_5 L99-Wzq2 L107-Sae3 L115-Ntt4 L4-R_p8 L12-Eat5 L20-Otx9 L28-Pfh8 L36-Az_2 L44-Ral4 L52-Jb_4 L60-Atd6 L68-Juq2 L76-Ejo6 L84-P_l2 L92-Ept4 L100-Qqo1 L108-Jqv4 L116-Plu4 L5-Gau7 L13-Mrl6 L21-Rmt5 L29-Fag9 L37-Cyl3 L45-T_v3 L53-Dez1 L61-U_d9 L69-I_d9 L77-Egp3 L85-Eig6 L93-Jxy7 L101-Zp_5 L109-Tv_7 L117-Mnq0 L6-Bfe2 L14-Frz4 L22-Rbc3 L30-D_i1 L38-Pjz0 L46-B_k6 L54-Oyt5 L62-Ahx8 L70-Qbd9 L78-Hkj3 L86-Mhx9 L94-Pej9 L102-Gol3 L110-Afp1 L118-Czh7 L7-Htd2 L15-R_l8 L23-Wrz6 L31-Udw6 L39-Bmp0 L47-Zps6 L55-Iqs8 L63-Fak5 L71-Cii9 L79-Rfo4 L87-Gqj0 L95-Ecv1 L103-Vnc5 L111-Xhv9 L119-Shn9 L8-Nrf1 L16-Qw_3 L24-Ttn3 L32-Gqk2 L40-Rkh4 L48-Xbe3 L56-Mkw0 L64-Wcp4 L72-W_u6 L80-Oc_0 L88-Bqi0 L96-Bbm3 L104-Udq7 L112-Hdl8 L120-Ym_9
L1-Djb4 L9-Otf4 L17-Asp3 L25-Pis4 L33-Mwb5 L41-Sgk7 L49-M__6 L57-J_m5 L65-Aft2 L73-Wpj0 L81-Hil4 L89-Qoa3 L97-Iv_3 L105-Pgm8 L113-Ddl7 L121-Osc0 L2-W_h3 L10-Tbi3 L18-Nux8 L26-D_r9 L34-Sr_9 L42-Nqg2 L50-Ovc0 L58-Gml1 L66-Won7 L74-Rdf0 L82-Cgl5 L90-Yms3 L98-Wdd8 L106-Y_u8 L114-Mit8 L122-Ibw2 L3-Kl_5 L11-Wxz3 L19-Ptu4 L27-Q_l3 L35-Xj_4 L43-Ixg5 L51-Oyk8 L59-E_h3 L67-Rok0 L75-Eu_4 L83-Rje9 L91-Hcr5 L99-Ih_5 L107-Wzq2 L115-Sae3 L123-Ntt4 L4-Kvd5 L12-R_p8 L20-Eat5 L28-Otx9 L36-Pfh8 L44-Az_2 L52-Ral4 L60-Jb_4 L68-Atd6 L76-Juq2 L84-Ejo6 L92-P_l2 L100-Ept4 L108-Qqo1 L116-Jqv4 L124-Plu4 L5-Krt8 L13-Gau7 L21-Mrl6 L29-Rmt5 L37-Fag9 L45-Cyl3 L53-T_v3 L61-Dez1 L69-U_d9 L77-I_d9 L85-Egp3 L93-Eig6 L101-Jxy7 L109-Zp_5 L117-Tv_7 L125-Mnq0 L6-Gfz0 L14-Bfe2 L22-Frz4 L30-Rbc3 L38-D_i1 L46-Pjz0 L54-B_k6 L62-Oyt5 L70-Ahx8 L78-Qbd9 L86-Hkj3 L94-Mhx9 L102-Pej9 L110-Gol3 L118-Afp1 L126-Czh7 L7-Qee6 L15-Htd2 L23-R_l8 L31-Wrz6 L39-Udw6 L47-Bmp0 L55-Zps6 L63-Iqs8 L71-Fak5 L79-Cii9 L87-Rfo4 L95-Gqj0 L103-Ecv1 L111-Vnc5 L119-Xhv9 L127-Shn9 L8-Qee6 L16-Nrf1 L24-Qw_3 L32-Ttn3 L40-Gqk2 L48-Rkh4 L56-Xbe3 L64-Mkw0 L72-Wcp4 L80-W_u6 L88-Oc_0 L96-Bqi0 L104-Bbm3 L112-Udq7 L120-Hdl8 L128-Ym_9
L1-Pmq9 L9-Djb4 L17-Otf4 L25-Asp3 L33-Pis4 L41-Mwb5 L49-Sgk7 L57-M__6 L65-J_m5 L73-Aft2 L81-Wpj0 L89-Hil4 L97-Qoa3 L105-Iv_3 L113-Pgm8 L121-Ddl7 L129-Osc0 L2-Rpf9 L10-W_h3 L18-Tbi3 L26-Nux8 L34-D_r9 L42-Sr_9 L50-Nqg2 L58-Ovc0 L66-Gml1 L74-Won7 L82-Rdf0 L90-Cgl5 L98-Yms3 L106-Wdd8 L114-Y_u8 L122-Mit8 L130-Ibw2 L3-Adh5 L11-Kl_5 L19-Wxz3 L27-Ptu4 L35-Q_l3 L43-Xj_4 L51-Ixg5 L59-Oyk8 L67-E_h3 L75-Rok0 L83-Eu_4 L91-Rje9 L99-Hcr5 L107-Ih_5 L115-Wzq2 L123-Sae3 L131-Ntt4 L4-Ft_2 L12-Kvd5 L20-R_p8 L28-Eat5 L36-Otx9 L44-Pfh8 L52-Az_2 L60-Ral4 L68-Jb_4 L76-Atd6 L84-Juq2 L92-Ejo6 L100-P_l2 L108-Ept4 L116-Qqo1 L124-Jqv4 L132-Plu4 L5-Qee6 L13-Krt8 L21-Gau7 L29-Mrl6 L37-Rmt5 L45-Fag9 L53-Cyl3 L61-T_v3 L69-Dez1 L77-U_d9 L85-I_d9 L93-Egp3 L101-Eig6 L109-Jxy7 L117-Zp_5 L125-Tv_7 L133-Mnq0 L6-Qee6 L14-Gfz0 L22-Bfe2 L30-Frz4 L38-Rbc3 L46-D_i1 L54-Pjz0 L62-B_k6 L70-Oyt5 L78-Ahx8 L86-Qbd9 L94-Hkj3 L102-Mhx9 L110-Pej9 L118-Gol3 L126-Afp1 L134-Czh7 L15-Qee6 L23-Htd2 L31-R_l8 L39-Wrz6 L47-Udw6 L55-Bmp0 L63-Zps6 L71-Iqs8 L79-Fak5 L87-Cii9 L95-Rfo4 L103-Gqj0 L111-Ecv1 L119-Vnc5 L127-Xhv9 L135-Shn9 L16-Qee6 L24-Nrf1 L32-Qw_3 L40-Ttn3 L48-Gqk2 L56-Rkh4 L64-Xbe3 L72-Mkw0 L80-Wcp4 L88-W_u6 L96-Oc_0 L104-Bqi0 L112-Bbm3 L120-Udq7 L128-Hdl8 L136-Ym_9
L1-K_n7 L9-Pmq9 L17-Djb4 L25-Otf4 L33-Asp3 L41-Pis4 L49-Mwb5 L57-Sgk7 L65-M__6 L73-J_m5 L81-Aft2 L89-Wpj0 L97-Hil4 L105-Qoa3 L113-Iv_3 L121-Pgm8 L129-Ddl7 L2-Dk_0 L10-Rpf9 L18-W_h3 L26-Tbi3 L34-Nux8 L42-D_r9 L50-Sr_9 L58-Nqg2 L66-Ovc0 L74-Gml1 L82-Won7 L90-Rdf0 L98-Cgl5 L106-Yms3 L114-Wdd8 L122-Y_u8 L130-Mit8 L137-Ibw2 L3-Wbv3 L11-Adh5 L19-Kl_5 L27-Wxz3 L35-Ptu4 L43-Q_l3 L51-Xj_4 L59-Ixg5 L67-Oyk8 L75-E_h3 L83-Rok0 L91-Eu_4 L99-Rje9 L107-Hcr5 L115-Ih_5 L123-Wzq2 L131-Sae3 L138-Ntt4 L4-Qee6 L12-Ft_2 L20-Kvd5 L28-R_p8 L36-Eat5 L44-Otx9 L52-Pfh8 L60-Az_2 L68-Ral4 L76-Jb_4 L84-Atd6 L92-Juq2 L100-Ejo6 L108-P_l2 L116-Ept4 L124-Qqo1 L132-Jqv4 L139-Plu4 L13-Qee6 L21-Krt8 L29-Gau7 L37-Mrl6 L45-Rmt5 L53-Fag9 L61-Cyl3 L69-T_v3 L77-Dez1 L85-U_d9 L93-I_d9 L101-Egp3 L109-Eig6 L117-Jxy7 L125-Zp_5 L133-Tv_7 L140-Mnq0 L14-Qee6 L22-Gfz0 L30-Bfe2 L38-Frz4 L46-Rbc3 L54-D_i1 L62-Pjz0 L70-B_k6 L78-Oyt5 L86-Ahx8 L94-Qbd9 L102-Hkj3 L110-Mhx9 L118-Pej9 L126-Gol3 L134-Afp1 L141-Czh7 L23-Qee6 L31-Htd2 L39-R_l8 L47-Wrz6 L55-Udw6 L63-Bmp0 L71-Zps6 L79-Iqs8 L87-Fak5 L95-Cii9 L103-Rfo4 L111-Gqj0 L119-Ecv1 L127-Vnc5 L135-Xhv9 L142-Shn9 L24-Qee6 L32-Nrf1 L40-Qw_3 L48-Ttn3 L56-Gqk2 L64-Rkh4 L72-Xbe3 L80-Mkw0 L88-Wcp4 L96-W_u6 L104-Oc_0 L112-Bqi0 L120-Bbm3 L128-Udq7 L136-Hdl8 L143-Ym_9
L1-Rjc7 L9-K_n7 L17-Pmq9 L25-Djb4 L33-Otf4 L41-Asp3 L49-Pis4 L57-Mwb5 L65-Sgk7 L73-M__6 L81-J_m5 L89-Aft2 L97-Wpj0 L105-Hil4 L113-Qoa3 L121-Iv_3 L129-Pgm8 L2-Ugd8 L10-Dk_0 L18-Rpf9 L26-W_h3 L34-Tbi3 L42-Nux8 L50-D_r9 L58-Sr_9 L66-Nqg2 L74-Ovc0 L82-Gml1 L90-Won7 L98-Rdf0 L106-Cgl5 L114-Yms3 L122-Wdd8 L130-Y_u8 L137-Mit8 L3-Exf3 L11-Wbv3 L19-Adh5 L27-Kl_5 L35-Wxz3 L43-Ptu4 L51-Q_l3 L59-Xj_4 L67-Ixg5 L75-Oyk8 L83-E_h3 L91-Rok0 L99-Eu_4 L107-Rje9 L115-Hcr5 L123-Ih_5 L131-Wzq2 L138-Sae3 L12-Qee6 L20-Ft_2 L28-Kvd5 L36-R_p8 L44-Eat5 L52-Otx9 L60-Pfh8 L68-Az_2 L76-Ral4 L84-Jb_4 L92-Atd6 L100-Juq2 L108-Ejo6 L116-P_l2 L124-Ept4 L132-Qqo1 L139-Jqv4 L21-Qee6 L29-Krt8 L37-Gau7 L45-Mrl6 L53-Rmt5 L61-Fag9 L69-Cyl3 L77-T_v3 L85-Dez1 L93-U_d9 L101-I_d9 L109-Egp3 L117-Eig6 L125-Jxy7 L133-Zp_5 L140-Tv_7 L22-Qee6 L30-Gfz0 L38-Bfe2 L46-Frz4 L54-Rbc3 L62-D_i1 L70-Pjz0 L78-B_k6 L86-Oyt5 L94-Ahx8 L102-Qbd9 L110-Hkj3 L118-Mhx9 L126-Pej9 L134-Gol3 L141-Afp1 L31-Qee6 L39-Htd2 L47-R_l8 L55-Wrz6 L63-Udw6 L71-Bmp0 L79-Zps6 L87-Iqs8 L95-Fak5 L103-Cii9 L111-Rfo4 L119-Gqj0 L127-Ecv1 L135-Vnc5 L142-Xhv9 L32-Qee6 L40-Nrf1 L48-Qw_3 L56-Ttn3 L64-Gqk2 L72-Rkh4 L80-Xbe3 L88-Mkw0 L96-Wcp4 L104-W_u6 L112-Oc_0 L120-Bqi0 L128-Bbm3 L136-Udq7 L143-Hdl8
L1-F__8 L9-Rjc7 L17-K_n7 L25-Pmq9 L33-Djb4 L41-Otf4 L49-Asp3 L57-Pis4 L65-Mwb5 L73-Sgk7 L81-M__6 L89-J_m5 L97-Aft2 L105-Wpj0 L113-Hil4 L121-Qoa3 L129-Iv_3 L2-Ney6 L10-Ugd8 L18-Dk_0 L26-Rpf9 L34-W_h3 L42-Tbi3 L50-Nux8 L58-D_r9 L66-Sr_9 L74-Nqg2 L82-Ovc0 L90-Gml1 L98-Won7 L106-Rdf0 L114-Cgl5 L122-Yms3 L130-Wdd8 L137-Y_u8 L3-Ipe4 L11-Exf3 L19-Wbv3 L27-Adh5 L35-Kl_5 L43-Wxz3 L51-Ptu4 L59-Q_l3 L67-Xj_4 L75-Ixg5 L83-Oyk8 L91-E_h3 L99-Rok0 L107-Eu_4 L115-Rje9 L123-Hcr5 L131-Ih_5 L138-Wzq2 L20-Qee6 L28-Ft_2 L36-Kvd5 L44-R_p8 L52-Eat5 L60-Otx9 L68-Pfh8 L76-Az_2 L84-Ral4 L92-Jb_4 L100-Atd6 L108-Juq2 L116-Ejo6 L124-P_l2 L132-Ept4 L139-Qqo1 L29-Qee6 L37-Krt8 L45-Gau7 L53-Mrl6 L61-Rmt5 L69-Fag9 L77-Cyl3 L85-T_v3 L93-Dez1 L101-U_d9 L109-I_d9 L117-Egp3 L125-Eig6 L133-Jxy7 L140-Zp_5 L30-Qee6 L38-Gfz0 L46-Bfe2 L54-Frz4 L62-Rbc3 L70-D_i1 L78-Pjz0 L86-B_k6 L94-Oyt5 L102-Ahx8 L110-Qbd9 L118-Hkj3 L126-Mhx9 L134-Pej9 L141-Gol3 L39-Qee6 L47-Htd2 L55-R_l8 L63-Wrz6 L71-Udw6 L79-Bmp0 L87-Zps6 L95-Iqs8 L103-Fak5 L111-Cii9 L119-Rfo4 L127-Gqj0 L135-Ecv1 L142-Vnc5 L40-Qee6 L48-Nrf1 L56-Qw_3 L64-Ttn3 L72-Gqk2 L80-Rkh4 L88-Xbe3 L96-Mkw0 L104-Wcp4 L112-W_u6 L120-Oc_0 L128-Bqi0 L136-Bbm3 L143-Udq7
L1-Qee6 L9-F__8 L17-Rjc7 L25-K_n7 L33-Pmq9 L41-Djb4 L49-Otf4 L57-Asp3 L65-Pis4 L73-Mwb5 L81-Sgk7 L89-M__6 L97-J_m5 L105-Aft2 L113-Wpj0 L121-Hil4 L129-Qoa3 L2-Qee6 L10-Ney6 L18-Ugd8 L26-Dk_0 L34-Rpf9 L42-W_h3 L50-Tbi3 L58-Nux8 L66-D_r9 L74-Sr_9 L82-Nqg2 L90-Ovc0 L98-Gml1 L106-Won7 L114-Rdf0 L122-Cgl5 L130-Yms3 L137-Wdd8 L3-Qee6 L11-Ipe4 L19-Exf3 L27-Wbv3 L35-Adh5 L43-Kl_5 L51-Wxz3 L59-Ptu4 L67-Q_l3 L75-Xj_4 L83-Ixg5 L91-Oyk8 L99-E_h3 L107-Rok0 L115-Eu_4 L123-Rje9 L131-Hcr5 L138-Ih_5 L28-Qee6 L36-Ft_2 L44-Kvd5 L52-R_p8 L60-Eat5 L68-Otx9 L76-Pfh8 L84-Az_2 L92-Ral4 L100-Jb_4 L108-Atd6 L116-Juq2 L124-Ejo6 L132-P_l2 L139-Ept4 L37-Qee6 L45-Krt8 L53-Gau7 L61-Mrl6 L69-Rmt5 L77-Fag9 L85-Cyl3 L93-T_v3 L101-Dez1 L109-U_d9 L117-I_d9 L125-Egp3 L133-Eig6 L140-Jxy7 L38-Qee6 L46-Gfz0 L54-Bfe2 L62-Frz4 L70-Rbc3 L78-D_i1 L86-Pjz0 L94-B_k6 L102-Oyt5 L110-Ahx8 L118-Qbd9 L126-Hkj3 L134-Mhx9 L141-Pej9 L47-Qee6 L55-Htd2 L63-R_l8 L71-Wrz6 L79-Udw6 L87-Bmp0 L95-Zps6 L103-Iqs8 L111-Fak5 L119-Cii9 L127-Rfo4 L135-Gqj0 L142-Ecv1 L48-Qee6 L56-Nrf1 L64-Qw_3 L72-Ttn3 L80-Gqk2 L88-Rkh4 L96-Xbe3 L104-Mkw0 L112-Wcp4 L120-W_u6 L128-Oc_0 L136-Bqi0 L143-Bbm3
L9-Qee6 L17-F__8 L25-Rjc7 L33-K_n7 L41-Pmq9 L49-Djb4 L57-Otf4 L65-Asp3 L73-Pis4 L81-Mwb5 L89-Sgk7 L97-M__6 L105-J_m5 L113-Aft2 L121-Wpj0 L129-Hil4 L10-Qee6 L18-Ney6 L26-Ugd8 L34-Dk_0 L42-Rpf9 L50-W_h3 L58-Tbi3 L66-Nux8 L74-D_r9 L82-Sr_9 L90-Nqg2 L98-Ovc0 L106-Gml1 L114-Won7 L122-Rdf0 L130-Cgl5 L137-Yms3 L11-Qee6 L19-Ipe4 L27-Exf3 L35-Wbv3 L43-Adh5 L51-Kl_5 L59-Wxz3 L67-Ptu4 L75-Q_l3 L83-Xj_4 L91-Ixg5 L99-Oyk8 L107-E_h3 L115-Rok0 L123-Eu_4 L131-Rje9 L138-Hcr5 L36-Qee6 L44-Ft_2 L52-Kvd5 L60-R_p8 L68-Eat5 L76-Otx9 L84-Pfh8 L92-Az_2 L100-Ral4 L108-Jb_4 L116-Atd6 L124-Juq2 L132-Ejo6 L139-P_l2 L45-Qee6 L53-Krt8 L61-Gau7 L69-Mrl6 L77-Rmt5 L85-Fag9 L93-Cyl3 L101-T_v3 L109-Dez1 L117-U_d9 L125-I_d9 L133-Egp3 L140-Eig6 L46-Qee6 L54-Gfz0 L62-Bfe2 L70-Frz4 L78-Rbc3 L86-D_i1 L94-Pjz0 L102-B_k6 L110-Oyt5 L118-Ahx8 L126-Qbd9 L134-Hkj3 L141-Mhx9 L55-Qee6 L63-Htd2 L71-R_l8 L79-Wrz6 L87-Udw6 L95-Bmp0 L103-Zps6 L111-Iqs8 L119-Fak5 L127-Cii9 L135-Rfo4 L142-Gqj0 L56-Qee6 L64-Nrf1 L72-Qw_3 L80-Ttn3 L88-Gqk2 L96-Rkh4 L104-Xbe3 L112-Mkw0 L120-Wcp4 L128-W_u6 L136-Oc_0 L143-Bqi0
L17-Qee6 L25-F__8 L33-Rjc7 L41-K_n7 L49-Pmq9 L57-Djb4 L65-Otf4 L73-Asp3 L81-Pis4 L89-Mwb5 L97-Sgk7 L105-M__6 L113-J_m5 L121-Aft2 L129-Wpj0 L18-Qee6 L26-Ney6 L34-Ugd8 L42-Dk_0 L50-Rpf9 L58-W_h3 L66-Tbi3 L74-Nux8 L82-D_r9 L90-Sr_9 L98-Nqg2 L106-Ovc0 L114-Gml1 L122-Won7 L130-Rdf0 L137-Cgl5 L19-Qee6 L27-Ipe4 L35-Exf3 L43-Wbv3 L51-Adh5 L59-Kl_5 L67-Wxz3 L75-Ptu4 L83-Q_l3 L91-Xj_4 L99-Ixg5 L107-Oyk8 L115-E_h3 L123-Rok0 L131-Eu_4 L138-Rje9 L44-Qee6 L52-Ft_2 L60-Kvd5 L68-R_p8 L76-Eat5 L84-Otx9 L92-Pfh8 L100-Az_2 L108-Ral4 L116-Jb_4 L124-Atd6 L132-Juq2 L139-Ejo6 L53-Qee6 L61-Krt8 L69-Gau7 L77-Mrl6 L85-Rmt5 L93-Fag9 L101-Cyl3 L109-T_v3 L117-Dez1 L125-U_d9 L133-I_d9 L140-Egp3 L54-Qee6 L62-Gfz0 L70-Bfe2 L78-Frz4 L86-Rbc3 L94-D_i1 L102-Pjz0 L110-B_k6 L118-Oyt5 L126-Ahx8 L134-Qbd9 L141-Hkj3 L63-Qee6 L71-Htd2 L79-R_l8 L87-Wrz6 L95-Udw6 L103-Bmp0 L111-Zps6 L119-Iqs8 L127-Fak5 L135-Cii9 L142-Rfo4 L64-Qee6 L72-Nrf1 L80-Qw_3 L88-Ttn3 L96-Gqk2 L104-Rkh4 L112-Xbe3 L120-Mkw0 L128-Wcp4 L136-W_u6 L143-Oc_0
L25-Qee6 L33-F__8 L41-Rjc7 L49-K_n7 L57-Pmq9 L65-Djb4 L73-Otf4 L81-Asp3 L89-Pis4 L97-Mwb5 L105-Sgk7 L113-M__6 L121-J_m5 L129-Aft2 L26-Qee6 L34-Ney6 L42-Ugd8 L50-Dk_0 L58-Rpf9 L66-W_h3 L74-Tbi3 L82-Nux8 L90-D_r9 L98-Sr_9 L106-Nqg2 L114-Ovc0 L122-Gml1 L130-Won7 L137-Rdf0 L27-Qee6 L35-Ipe4 L43-Exf3 L51-Wbv3 L59-Adh5 L67-Kl_5 L75-Wxz3 L83-Ptu4 L91-Q_l3 L99-Xj_4 L107-Ixg5 L115-Oyk8 L123-E_h3 L131-Rok0 L138-Eu_4 L52-Qee6 L60-Ft_2 L68-Kvd5 L76-R_p8 L84-Eat5 L92-Otx9 L100-Pfh8 L108-Az_2 L116-Ral4 L124-Jb_4 L132-Atd6 L139-Juq2 L61-Qee6 L69-Krt8 L77-Gau7 L85-Mrl6 L93-Rmt5 L101-Fag9 L109-Cyl3 L117-T_v3 L125-Dez1 L133-U_d9 L140-I_d9 L62-Qee6 L70-Gfz0 L78-Bfe2 L86-Frz4 L94-Rbc3 L102-D_i1 L110-Pjz0 L118-B_k6 L126-Oyt5 L134-Ahx8 L141-Qbd9 L71-Qee6 L79-Htd2 L87-R_l8 L95-Wrz6 L103-Udw6 L111-Bmp0 L119-Zps6 L127-Iqs8 L135-Fak5 L142-Cii9 L72-Qee6 L80-Nrf1 L88-Qw_3 L96-Ttn3 L104-Gqk2 L112-Rkh4 L120-Xbe3 L128-Mkw0 L136-Wcp4 L143-W_u6
L33-Qee6 L41-F__8 L49-Rjc7 L57-K_n7 L65-Pmq9 L73-Djb4 L81-Otf4 L89-Asp3 L97-Pis4 L105-Mwb5 L113-Sgk7 L121-M__6 L129-J_m5 L34-Qee6 L42-Ney6 L50-Ugd8 L58-Dk_0 L66-Rpf9 L74-W_h3 L82-Tbi3 L90-Nux8 L98-D_r9 L106-Sr_9 L114-Nqg2 L122-Ovc0 L130-Gml1 L137-Won7 L35-Qee6 L43-Ipe4 L51-Exf3 L59-Wbv3 L67-Adh5 L75-Kl_5 L83-Wxz3 L91-Ptu4 L99-Q_l3 L107-Xj_4 L115-Ixg5 L123-Oyk8 L131-E_h3 L138-Rok0 L60-Qee6 L68-Ft_2 L76-Kvd5 L84-R_p8 L92-Eat5 L100-Otx9 L108-Pfh8 L116-Az_2 L124-Ral4 L132-Jb_4 L139-Atd6 L69-Qee6 L77-Krt8 L85-Gau7 L93-Mrl6 L101-Rmt5 L109-Fag9 L117-Cyl3 L125-T_v3 L133-Dez1 L140-U_d9 L70-Qee6 L78-Gfz0 L86-Bfe2 L94-Frz4 L102-Rbc3 L110-D_i1 L118-Pjz0 L126-B_k6 L134-Oyt5 L141-Ahx8 L79-Qee6 L87-Htd2 L95-R_l8 L103-Wrz6 L111-Udw6 L119-Bmp0 L127-Zps6 L135-Iqs8 L142-Fak5 L80-Qee6 L88-Nrf1 L96-Qw_3 L104-Ttn3 L112-Gqk2 L120-Rkh4 L128-Xbe3 L136-Mkw0 L143-Wcp4
L41-Qee6 L49-F__8 L57-Rjc7 L65-K_n7 L73-Pmq9 L81-Djb4 L89-Otf4 L97-Asp3 L105-Pis4 L113-Mwb5 L121-Sgk7 L129-M__6 L42-Qee6 L50-Ney6 L58-Ugd8 L66-Dk_0 L74-Rpf9 L82-W_h3 L90-Tbi3 L98-Nux8 L106-D_r9 L114-Sr_9 L122-Nqg2 L130-Ovc0 L137-Gml1 L43-Qee6 L51-Ipe4 L59-Exf3 L67-Wbv3 L75-Adh5 L83-Kl_5 L91-Wxz3 L99-Ptu4 L107-Q_l3 L115-Xj_4 L123-Ixg5 L131-Oyk8 L138-E_h3 L68-Qee6 L76-Ft_2 L84-Kvd5 L92-R_p8 L100-Eat5 L108-Otx9 L116-Pfh8 L124-Az_2 L132-Ral4 L139-Jb_4 L77-Qee6 L85-Krt8 L93-Gau7 L101-Mrl6 L109-Rmt5 L117-Fag9 L125-Cyl3 L133-T_v3 L140-Dez1 L78-Qee6 L86-Gfz0 L94-Bfe2 L102-Frz4 L110-Rbc3 L118-D_i1 L126-Pjz0 L134-B_k6 L141-Oyt5 L87-Qee6 L95-Htd2 L103-R_l8 L111-Wrz6 L119-Udw6 L127-Bmp0 L135-Zps6 L142-Iqs8 L88-Qee6 L96-Nrf1 L104-Qw_3 L112-Ttn3 L120-Gqk2 L128-Rkh4 L136-Xbe3 L143-Mkw0
L49-Qee6 L57-F__8 L65-Rjc7 L73-K_n7 L81-Pmq9 L89-Djb4 L97-Otf4 L105-Asp3 L113-Pis4 L121-Mwb5 L129-Sgk7 L50-Qee6 L58-Ney6 L66-Ugd8 L74-Dk_0 L82-Rpf9 L90-W_h3 L98-Tbi3 L106-Nux8 L114-D_r9 L122-Sr_9 L130-Nqg2 L137-Ovc0 L51-Qee6 L59-Ipe4 L67-Exf3 L75-Wbv3 L83-Adh5 L91-Kl_5 L99-Wxz3 L107-Ptu4 L115-Q_l3 L123-Xj_4 L131-Ixg5 L138-Oyk8 L76-Qee6 L84-Ft_2 L92-Kvd5 L100-R_p8 L108-Eat5 L116-Otx9 L124-Pfh8 L132-Az_2 L139-Ral4 L85-Qee6 L93-Krt8 L101-Gau7 L109-Mrl6 L117-Rmt5 L125-Fag9 L133-Cyl3 L140-T_v3 L86-Qee6 L94-Gfz0 L102-Bfe2 L110-Frz4 L118-Rbc3 L126-D_i1 L134-Pjz0 L141-B_k6 L95-Qee6 L103-Htd2 L111-R_l8 L119-Wrz6 L127-Udw6 L135-Bmp0 L142-Zps6 L96-Qee6 L104-Nrf1 L112-Qw_3 L120-Ttn3 L128-Gqk2 L136-Rkh4 L143-Xbe3
L57-Qee6 L65-F__8 L73-Rjc7 L81-K_n7 L89-Pmq9 L97-Djb4 L105-Otf4 L113-Asp3 L121-Pis4 L129-Mwb5 L58-Qee6 L66-Ney6 L74-Ugd8 L82-Dk_0 L90-Rpf9 L98-W_h3 L106-Tbi3 L114-Nux8 L122-D_r9 L130-Sr_9 L137-Nqg2 L59-Qee6 L67-Ipe4 L75-Exf3 L83-Wbv3 L91-Adh5 L99-Kl_5 L107-Wxz3 L115-Ptu4 L123-Q_l3 L131-Xj_4 L138-Ixg5 L84-Qee6 L92-Ft_2 L100-Kvd5 L108-R_p8 L116-Eat5 L124-Otx9 L132-Pfh8 L139-Az_2 L93-Qee6 L101-Krt8 L109-Gau7 L117-Mrl6 L125-Rmt5 L133-Fag9 L140-Cyl3 L94-Qee6 L102-Gfz0 L110-Bfe2 L118-Frz4 L126-Rbc3 L134-D_i1 L141-Pjz0 L103-Qee6 L111-Htd2 L119-R_l8 L127-Wrz6 L135-Udw6 L142-Bmp0 L104-Qee6 L112-Nrf1 L120-Qw_3 L128-Ttn3 L136-Gqk2 L143-Rkh4
L65-Qee6 L73-F__8 L81-Rjc7 L89-K_n7 L97-Pmq9 L105-Djb4 L113-Otf4 L121-Asp3 L129-Pis4 L66-Qee6 L74-Ney6 L82-Ugd8 L90-Dk_0 L98-Rpf9 L106-W_h3 L114-Tbi3 L122-Nux8 L130-D_r9 L137-Sr_9 L67-Qee6 L75-Ipe4 L83-Exf3 L91-Wbv3 L99-Adh5 L107-Kl_5 L115-Wxz3 L123-Ptu4 L131-Q_l3 L138-Xj_4 L92-Qee6 L100-Ft_2 L108-Kvd5 L116-R_p8 L124-Eat5 L132-Otx9 L139-Pfh8 L101-Qee6 L109-Krt8 L117-Gau7 L125-Mrl6 L133-Rmt5 L140-Fag9 L102-Qee6 L110-Gfz0 L118-Bfe2 L126-Frz4 L134-Rbc3 L141-D_i1 L111-Qee6 L119-Htd2 L127-R_l8 L135-Wrz6 L142-Udw6 L112-Qee6 L120-Nrf1 L128-Qw_3 L136-Ttn3 L143-Gqk2
L73-Qee6 L81-F__8 L89-Rjc7 L97-K_n7 L105-Pmq9 L113-Djb4 L121-Otf4 L129-Asp3 L74-Qee6 L82-Ney6 L90-Ugd8 L98-Dk_0 L106-Rpf9 L114-W_h3 L122-Tbi3 L130-Nux8 L137-D_r9 L75-Qee6 L83-Ipe4 L91-Exf3 L99-Wbv3 L107-Adh5 L115-Kl_5 L123-Wxz3 L131-Ptu4 L138-Q_l3 L100-Qee6 L108-Ft_2 L116-Kvd5 L124-R_p8 L132-Eat5 L139-Otx9 L109-Qee6 L117-Krt8 L125-Gau7 L133-Mrl6 L140-Rmt5 L110-Qee6 L118-Gfz0 L126-Bfe2 L134-Frz4 L141-Rbc3 L119-Qee6 L127-Htd2 L135-R_l8 L142-Wrz6 L120-Qee6 L128-Nrf1 L136-Qw_3 L143-Ttn3
L81-Qee6 L89-F__8 L97-Rjc7 L105-K_n7 L113-Pmq9 L121-Djb4 L129-Otf4 L82-Qee6 L90-Ney6 L98-Ugd8 L106-Dk_0 L114-Rpf9 L122-W_h3 L130-Tbi3 L137-Nux8 L83-Qee6 L91-Ipe4 L99-Exf3 L107-Wbv3 L115-Adh5 L123-Kl_5 L131-Wxz3 L138-Ptu4 L108-Qee6 L116-Ft_2 L124-Kvd5 L132-R_p8 L139-Eat5 L117-Qee6 L125-Krt8 L133-Gau7 L140-Mrl6 L118-Qee6 L126-Gfz0 L134-Bfe2 L141-Frz4 L127-Qee6 L135-Htd2 L142-R_l8 L128-Qee6 L136-Nrf1 L143-Qw_3
L89-Qee6 L97-F__8 L105-Rjc7 L113-K_n7 L121-Pmq9 L129-Djb4 L90-Qee6 L98-Ney6 L106-Ugd8 L114-Dk_0 L122-Rpf9 L130-W_h3 L137-Tbi3 L91-Qee6 L99-Ipe4 L107-Exf3 L115-Wbv3 L123-Adh5 L131-Kl_5 L138-Wxz3 L116-Qee6 L124-Ft_2 L132-Kvd5 L139-R_p8 L125-Qee6 L133-Krt8 L140-Gau7 L126-Qee6 L134-Gfz0 L141-Bfe2 L135-Qee6 L142-Htd2 L136-Qee6 L143-Nrf1
L97-Qee6 L105-F__8 L113-Rjc7 L121-K_n7 L129-Pmq9 L98-Qee6 L106-Ney6 L114-Ugd8 L122-Dk_0 L130-Rpf9 L137-W_h3 L99-Qee6 L107-Ipe4 L115-Exf3 L123-Wbv3 L131-Adh5 L138-Kl_5 L124-Qee6 L132-Ft_2 L139-Kvd5 L133-Qee6 L140-Krt8 L134-Qee6 L141-Gfz0 L142-Qee6 L143-Qee6
L105-Qee6 L113-F__8 L121-Rjc7 L129-K_n7 L106-Qee6 L114-Ney6 L122-Ugd8 L130-Dk_0 L137-Rpf9 L107-Qee6 L115-Ipe4 L123-Exf3 L131-Wbv3 L138-Adh5 L132-Qee6 L139-Ft_2 L140-Qee6 L141-Qee6
L113-Qee6 L121-F__8 L129-Rjc7 L114-Qee6 L122-Ney6 L130-Ugd8 L137-Dk_0 L115-Qee6 L123-Ipe4 L131-Exf3 L138-Wbv3 L139-Qee6
L121-Qee6 L129-F__8 L122-Qee6 L130-Ney6 L137-Ugd8 L123-Qee6 L131-Ipe4 L138-Exf3
L129-Qee6 L130-Qee6 L137-Ney6 L131-Qee6 L138-Ipe4
L137-Qee6 L138-Qee6
