99
#Here is the number of lines required: 30
##start
Jhh0 0 0
##end
Nhx8 5 5
Xwk3 6 6
Bfo2 10 10
Ppd5 12 12
Izx3 16 16
Aiz0 21 21
Vwm4 23 23
Dzr8 26 26
Wxn1 28 28
Irf9 31 31
Ir_0 35 35
Yqz5 38 38
Eqg3 41 41
Phy6 44 44
Wmk2 49 49
Mag2 52 52
Cld9 54 54
Cnx5 56 56
Wfq5 58 58
Haj7 61 61
Nj_4 64 64
Fpm8 67 67
Cme0 70 70
Dri9 73 73
Py_9 76 76
Dlz4 79 79
Cdn7 84 84
Jtf3 88 88
Ucz6 91 91
Zqu9 92 92
Usi3 94 94
Dui0 98 98
Tpt2 103 103
Qam6 106 106
Qha7 110 110
Azb3 112 112
Omd0 116 116
Bmv6 119 119
Emt5 123 123
Qnr5 124 124
Rkw6 126 126
Coa3 127 127
Vtk7 128 128
R_y5 132 132
El_7 133 133
N_v8 134 134
H__8 137 137
U_b4 140 140
Ihe0 141 141
Vyx6 144 144
Beg8 147 147
H_x7 151 151
Ix_9 156 156
Fc_0 160 160
Iut5 163 163
Yli6 164 164
Mc_6 167 167
Irk7 170 170
Fqy7 173 173
Vcv3 176 176
Aui8 180 180
Abn0 183 183
Wej7 185 185
Eip9 190 190
Nuh9 194 194
Wur6 196 196
B_o3 200 200
Og_9 204 204
Zwi1 208 208
Me_1 211 211
S__0 214 214
Ebu2 216 216
Hni5 219 219
Bwu1 221 221
Suo8 222 222
Mnc5 226 226
Npo6 230 230
Coa6 233 233
Fik2 237 237
J_p1 242 242
Rlm4 245 245
Qyq8 246 246
Ftl9 250 250
Dkj3 254 254
Pgk8 257 257
Sov1 259 259
Uby9 262 262
Twl5 264 264
Yjq5 267 267
Sy_7 269 269
Yzk1 271 271
Smx0 274 274
Esq2 276 276
Xnn0 279 279
Mho2 282 282
Afl0 284 284
Oer3 287 287
Uao6 292 292
Nbu8 294 294
Ylg3 297 297
Xgn9 300 300
Cy_5 305 305
Myu4 308 308
Jzl1 311 311
Ivh3 314 314
Yxu0 318 318
P_f1 322 322
Qu_7 326 326
Q_j8 329 329
Xmm2 330 330
Pyv8 333 333
Smu3 334 334
Evl2 336 336
P_g3 338 338
Tyv6 341 341
Kgq2 346 346
Vse9 350 350
Shy6 354 354
Jgi5 356 356
Ory0 358 358
Tn_4 361 361
Ytz7 364 364
Dwi8 367 367
Jje6 368 368
Fwp6 371 371
Bat1 375 375
Xvh6 378 378
Vbo1 380 380
S_o2 382 382
Wjf7 385 385
Yxi5 389 389
Mil6 392 392
Ict5 393 393
Fwp7 396 396
N_q5 401 401
Fad1 405 405
Mec9 410 410
Eub8 411 411
Wdn3 415 415
Kby0 416 416
Bhg3 418 418
Pxn8 421 421
Vpb7 425 425
Ipl4 428 428
Sgq6 431 431
Bhq9 433 433
Pfo2 437 437
Dvl0 439 439
Xyy0 444 444
Hya0 448 448
Ri_4 452 452
Gol7 456 456
Pb_8 458 458
Rbe6 461 461
Jer1 463 463
Dyb6 467 467
Htt9 471 471
Iio7 473 473
Sa_2 474 474
Ktx3 476 476
Jrl5 478 478
W_u5 480 480
Cku9 485 485
Jhr7 488 488
Pcm8 491 491
Nop3 495 495
Ifz7 497 497
Cbq6 499 499
Nom9 503 503
E__1 505 505
Wou7 508 508
Bke1 510 510
Oxt6 514 514
Ji_8 519 519
Usc8 522 522
Vys5 526 526
Zia2 531 531
Idt1 533 533
Tc_6 534 534
Srn3 539 539
Tju1 540 540
J__5 543 543
Wzn1 547 547
Xkv9 550 550
R_v2 551 551
X__9 555 555
Sr_2 558 558
Kat2 559 559
Wfp2 562 562
Bgx5 565 565
Tqc5 570 570
Qjo5 573 573
Yvz5 574 574
Noq5 578 578
Rmm8 580 580
Inx1 585 585
Vwg0 590 590
Uwa7 593 593
Wni4 596 596
Nim9 600 600
Kke6 604 604
Uhp6 606 606
Pen6 607 607
T_n9 611 611
Kyl6 614 614
Ikj9 615 615
Vff2 617 617
Rzh6 619 619
Nif3 623 623
Pfb2 626 626
Udn4 629 629
Vli1 631 631
Wtr6 636 636
Qcc0 637 637
Znr0 639 639
Esb7 640 640
C_k2 642 642
J__8 644 644
Djt1 649 649
Y_q1 652 652
Rrd7 654 654
Dwl9 655 655
Wrp8 659 659
Rlo8 662 662
Ybm5 664 664
Fsq7 666 666
Idg0 668 668
Nid5 672 672
S_j5 674 674
Kkf3 676 676
Wps8 681 681
Rvg8 685 685
M_b7 687 687
Acl0 691 691
Zvm4 694 694
Bpp9 697 697
Kur2 698 698
Xnl9 702 702
Hxs8 706 706
Tiy9 707 707
Ap_2 709 709
Y_x6 713 713
Ekq5 716 716
Zot9 718 718
Cte6 720 720
Ri_9 722 722
Flf0 725 725
Uhm0 730 730
Id_7 735 735
Uke6 738 738
Cpt0 741 741
Sak6 745 745
Qfp1 747 747
Cu_7 751 751
Qwk5 754 754
Kdu8 756 756
Znf0 761 761
Pwn5 765 765
Ui_1 766 766
Y_r1 768 768
Dwj2 771 771
Ysf0 773 773
Nny0 774 774
Ggl5 777 777
Q_h7 782 782
Vcs6 786 786
Kf_2 791 791
Ivl5 794 794
O_f4 796 796
Jtc8 799 799
Gge0 800 800
Gtc1 803 803
Mao0 806 806
Nzo8 810 810
Hic0 811 811
Wvs4 814 814
Arw8 818 818
Pbv2 820 820
Rza4 824 824
Yey1 828 828
Qy_3 831 831
Vxi6 836 836
Aqg6 840 840
Od_5 843 843
Ucc6 846 846
Tvr1 847 847
Dba4 850 850
Qti5 854 854
H_h3 857 857
Mwp2 859 859
Bvk1 864 864
C_v4 868 868
Bkq8 872 872
Jxt7 875 875
Obc1 878 878
Hnz2 883 883
Gte8 887 887
Cvn0 892 892
A_s7 895 895
Vzb6 899 899
Ihy5 900 900
Oed9 901 901
Iux9 904 904
Mho4 907 907
Flv2 910 910
Znr6 914 914
Zut1 918 918
J_o1 920 920
Dqc7 923 923
Jsw8 924 924
Eax5 928 928
Qmf1 933 933
Eea5 936 936
Crc8 938 938
Ruz8 940 940
Zza4 942 942
Pr_9 944 944
Slj1 945 945
Ckx4 949 949
Wzy9 953 953
Bkv9 955 955
Inm2 958 958
Wqz4 959 959
Con7 961 961
Uzb8 964 964
Bby9 968 968
Imo1 971 971
N_z9 974 974
Avt1 977 977
Poq3 982 982
X_b5 985 985
Xcu4 989 989
Tkh0 994 994
Mob6 996 996
Bch8 1000 1000
Ioa7 1005 1005
Brb8 1007 1007
Qtc2 1012 1012
B_y4 1017 1017
Xox9 1018 1018
Zdn6 1022 1022
Uvu9 1026 1026
Gfk3 1028 1028
Xox5 1030 1030
Noh2 1035 1035
Fry4 1038 1038
Ktn8 1042 1042
Hko5 1045 1045
K_s0 1047 1047
Mnc9 1050 1050
Nje9 1055 1055
Zpl0 1058 1058
Ikw1 1061 1061
Vww0 1065 1065
Hnl0 1070 1070
Uey7 1073 1073
T_c2 1076 1076
Vtd6 1079 1079
Tdo9 1080 1080
Ygs5 1082 1082
Iwc9 1085 1085
Yny1 1087 1087
Sn_9 1089 1089
Jvq9 1092 1092
Oge7 1096 1096
Ocv0 1099 1099
H_i9 1102 1102
Ts_6 1104 1104
Iug5 1107 1107
Czi3 1110 1110
Waf1 1114 1114
Dyo3 1117 1117
Kgz7 1118 1118
Dvz1 1122 1122
Uis7 1126 1126
Axu6 1129 1129
Rk_7 1131 1131
Qwo3 1133 1133
Ot_3 1135 1135
Txk4 1136 1136
Avk6 1137 1137
Vaj1 1140 1140
Ucy7 1144 1144
Whx1 1148 1148
Cxx2 1151 1151
Sl_2 1155 1155
Wai8 1159 1159
Des0 1162 1162
Oju4 1164 1164
Pmt7 1166 1166
Xma7 1169 1169
G_o4 1171 1171
Hvz0 1175 1175
Kur8 1179 1179
Gmg1 1181 1181
Ghk8 1184 1184
Zze4 1187 1187
Uoa9 1190 1190
Zmk4 1193 1193
Alp9 1195 1195
Xu_4 1198 1198
Akt9 1202 1202
Gfb9 1206 1206
Ymw4 1209 1209
Iai5 1211 1211
Tlq5 1213 1213
Ekt8 1217 1217
Ken1 1222 1222
Edr0 1225 1225
Zks5 1227 1227
Vtv1 1228 1228
Nz_6 1233 1233
Bkq8-Vtv1
Qtc2-Zks5
Mag2-Ppd5
Ygs5-Aiz0
Hnl0-Tlq5
U_b4-Iai5
Twl5-Vwm4
Kur8-Irf9
W_u5-Ir_0
Ktx3-Eqg3
Cvn0-Wmk2
Rvg8-Zmk4
Czi3-Ghk8
Ysf0-Gmg1
Nzo8-Wfq5
Dvl0-Kur8
Ioa7-G_o4
Vaj1-Pmt7
Bgx5-Oju4
Rmm8-Des0
Xkv9-Fpm8
Tyv6-Sl_2
Rkw6-Cme0
Zpl0-Ucy7
Evl2-Vaj1
Tvr1-Dri9
Xcu4-Avk6
Xox9-Py_9
Vpb7-Dlz4
Pbv2-Txk4
Qwo3-Cdn7
Ftl9-Ucz6
N_v8-Ot_3
Gfk3-Qwo3
Vyx6-Rk_7
Pb_8-Usi3
Ihy5-Dui0
Sov1-Tpt2
Vff2-Axu6
Fc_0-Qam6
Xyy0-Kgz7
Og_9-Dyo3
Avt1-Czi3
Usc8-Omd0
Eip9-Iug5
Smu3-Oge7
Gte8-Yny1
Wzn1-Qnr5
Znr6-Rkw6
Mao0-Coa3
Uhm0-Ygs5
Uby9-Tdo9
Uhp6-Vtd6
R_y5-Uey7
Vww0-El_7
H__8-N_v8
Nje9-Zpl0
K_s0-Mnc9
U_b4-Hko5
Beg8-Ktn8
Fry4-Beg8
Noh2-Fry4
Xox5-Noh2
H_x7-Gfk3
Fc_0-Ix_9
Uvu9-Fc_0
Zdn6-Uvu9
Iut5-Zdn6
Mc_6-Xox9
Irk7-Mc_6
B_y4-Irk7
Fqy7-Qtc2
Bch8-Vcv3
Tkh0-Eip9
Xcu4-Tkh0
Nuh9-Xcu4
Og_9-B_o3
Poq3-X_b5
Me_1-Poq3
Avt1-Ebu2
N_z9-Avt1
Imo1-N_z9
Hni5-Bby9
Bwu1-Hni5
Suo8-Bwu1
Mnc5-Uzb8
Npo6-Mnc5
Coa6-Npo6
J_p1-Fik2
Rlm4-Inm2
Qyq8-Rlm4
Ftl9-Bkv9
Wzy9-Ftl9
Slj1-Ckx4
Pr_9-Slj1
Pgk8-Pr_9
Zza4-Pgk8
Sov1-Zza4
Ruz8-Sov1
Eea5-Crc8
Uby9-Eea5
Qmf1-Uby9
Twl5-Eax5
Yjq5-Jsw8
Sy_7-Yjq5
Yzk1-Sy_7
Dqc7-Yzk1
J_o1-Nhx8
Smx0-J_o1
Znr6-Zut1
Flv2-Znr6
Mho4-Xnn0
Mho2-Mho4
Afl0-Mho2
Oer3-Afl0
Uao6-Iux9
Xgn9-Ylg3
Ihy5-Xgn9
Jhh0-Gte8
Cy_5-Hnz2
Obc1-Myu4
Ivh3-Jzl1
Jxt7-Ivh3
Yxu0-Jxt7
Bkq8-Yxu0
Bvk1-C_v4
Mwp2-Qu_7
Q_j8-Mwp2
Xmm2-Q_j8
Pyv8-Xmm2
Qti5-Nhx8
Dba4-Evl2
Tvr1-Dba4
Aqg6-Od_5
Shy6-Vse9
Jgi5-Yey1
Tn_4-Ory0
Rza4-Tn_4
Pbv2-Rza4
Ytz7-Pbv2
Jhh0-Arw8
Hic0-Wvs4
Jje6-Nzo8
Bat1-Fwp6
Mao0-Bat1
Vbo1-Xvh6
Gtc1-Vbo1
S_o2-Gge0
Wjf7-S_o2
Mil6-Yxi5
Jtc8-Mil6
Ict5-Nhx8
Fwp7-Ict5
Fad1-N_q5
Mec9-Fad1
Kf_2-Mec9
Vcs6-Kf_2
Ggl5-Eub8
Ysf0-Nny0
Wdn3-Ysf0
Pxn8-Nhx8
Ui_1-Ipl4
Pwn5-Ui_1
Sgq6-Pwn5
Znf0-Bhq9
Dvl0-Pfo2
Cu_7-Qwk5
Sak6-Qfp1
Cpt0-Hya0
Ri_4-Nhx8
Uke6-Ri_4
Id_7-Uke6
Jer1-Rbe6
Htt9-Y_x6
Iio7-Tiy9
Hxs8-Iio7
Xnl9-Hxs8
Sa_2-Xnl9
Jhh0-Sa_2
Ktx3-Nhx8
Jrl5-Ktx3
Kur2-W_u5
Bpp9-Kur2
Zvm4-Bpp9
Acl0-Zvm4
Kkf3-Wps8
S_j5-Kkf3
Nop3-Nid5
Idg0-Nop3
E__1-Nom9
Wou7-Rlo8
Wrp8-Wou7
Dwl9-Wrp8
Bke1-Dwl9
Rrd7-Ji_8
Y_q1-Rrd7
C_k2-J__8
Zia2-Vys5
Idt1-Esb7
Znr0-Idt1
Wtr6-Qcc0
Tc_6-Vli1
Udn4-Tc_6
Srn3-Udn4
Tju1-Srn3
Wzn1-J__5
Pfb2-Wzn1
Nif3-Pfb2
Sr_2-Vff2
Kat2-Sr_2
Wfp2-Kyl6
T_n9-Bgx5
Pen6-T_n9
Kke6-Uhp6
Uwa7-Wni4
Yvz5-Uwa7
Noq5-Yvz5
Vwg0-Noq5
Jhh0-Rmm8
Rmm8-Vwg0
Wni4-Nim9
Nim9-Qjo5
Qjo5-Kke6
Uhp6-Tqc5
Tqc5-Pen6
Bgx5-Inx1
Inx1-Nhx8
Jhh0-Wfp2
Kyl6-Ikj9
Ikj9-Kat2
Vff2-Rzh6
Rzh6-X__9
X__9-R_v2
R_v2-Xkv9
Xkv9-Nif3
J__5-Tju1
Vli1-Wtr6
Qcc0-Znr0
Esb7-Nhx8
Jhh0-Zia2
Vys5-C_k2
J__8-Usc8
Usc8-Djt1
Djt1-Y_q1
Ji_8-Oxt6
Oxt6-Bke1
Rlo8-E__1
Nom9-Ybm5
Ybm5-Cbq6
Cbq6-Fsq7
Fsq7-Ifz7
Ifz7-Nhx8
Jhh0-Idg0
Nid5-S_j5
Wps8-Rvg8
Rvg8-M_b7
M_b7-Pcm8
Pcm8-Jhr7
Jhr7-Cku9
Cku9-Acl0
W_u5-Jrl5
Tiy9-Ap_2
Ap_2-Htt9
Y_x6-Ekq5
Ekq5-Zot9
Zot9-Dyb6
Dyb6-Cte6
Cte6-Jer1
Rbe6-Ri_9
Ri_9-Pb_8
Pb_8-Gol7
Gol7-Flf0
Flf0-Uhm0
Uhm0-Id_7
Jhh0-Cpt0
Hya0-Sak6
Qfp1-Cu_7
Qwk5-Xyy0
Xyy0-Kdu8
Kdu8-Dvl0
Pfo2-Znf0
Bhq9-Sgq6
Ipl4-Vpb7
Vpb7-Pxn8
Jhh0-Y_r1
Y_r1-Bhg3
Bhg3-Dwj2
Dwj2-Kby0
Kby0-Wdn3
Nny0-Ggl5
Eub8-Q_h7
Q_h7-Vcs6
N_q5-Ivl5
Ivl5-Fwp7
Jhh0-O_f4
O_f4-Jtc8
Yxi5-Wjf7
Gge0-Gtc1
Xvh6-Mao0
Fwp6-Jje6
Nzo8-Dwi8
Dwi8-Hic0
Wvs4-Nhx8
Arw8-Ytz7
Ory0-Jgi5
Yey1-Qy_3
Qy_3-Vxi6
Vxi6-Shy6
Vse9-Kgq2
Kgq2-Tyv6
Tyv6-P_g3
P_g3-Aqg6
Od_5-Ucc6
Ucc6-Tvr1
Evl2-Qti5
Jhh0-H_h3
H_h3-Smu3
Smu3-Pyv8
Qu_7-P_f1
P_f1-Bvk1
C_v4-Bkq8
Jzl1-Obc1
Myu4-Cy_5
Hnz2-Nhx8
Gte8-Cvn0
Cvn0-A_s7
A_s7-Vzb6
Vzb6-Ihy5
Ylg3-Oed9
Oed9-Nbu8
Nbu8-Uao6
Iux9-Oer3
Xnn0-Flv2
Zut1-Esq2
Esq2-Smx0
Jhh0-Dqc7
Jsw8-Twl5
Eax5-Qmf1
Crc8-Ruz8
Ckx4-Dkj3
Dkj3-Wzy9
Bkv9-Qyq8
Inm2-Wqz4
Wqz4-J_p1
Fik2-Con7
Con7-Coa6
Uzb8-Suo8
Bby9-Imo1
Ebu2-S__0
S__0-Me_1
X_b5-Zwi1
Zwi1-Og_9
B_o3-Wur6
Wur6-Nhx8
Jhh0-Nuh9
Eip9-Wej7
Wej7-Abn0
Abn0-Aui8
Aui8-Mob6
Mob6-Bch8
Vcv3-Ioa7
Ioa7-Brb8
Brb8-Fqy7
Qtc2-B_y4
Xox9-Yli6
Yli6-Iut5
Ix_9-H_x7
Gfk3-Xox5
Ktn8-Vyx6
Vyx6-Ihe0
Ihe0-U_b4
Hko5-K_s0
Mnc9-Nje9
Zpl0-Ikw1
Ikw1-H__8
N_v8-Vww0
El_7-Hnl0
Hnl0-R_y5
Uey7-Vtk7
Vtk7-T_c2
T_c2-Nhx8
Uby9-Iwc9
M_b7-Sn_9
Uao6-Jvq9
Rlo8-Ocv0
Qy_3-H_i9
Xmm2-Ts_6
O_f4-Emt5
Acl0-Bmv6
Smx0-Waf1
Uhp6-Dvz1
Xox9-Azb3
Tn_4-Qha7
Ihe0-Uis7
Qmf1-Zqu9
Od_5-Jtf3
Vbo1-Whx1
Rrd7-Cxx2
Dyo3-Wai8
Dqc7-Nj_4
Hxs8-Haj7
Pxn8-Xma7
Oju4-Hvz0
Inx1-Cnx5
T_c2-Cld9
Ap_2-Mag2
Vzb6-Zze4
Gmg1-Uoa9
Waf1-Phy6
Wou7-Yqz5
Bmv6-Alp9
Ri_9-Xu_4
Znr0-Akt9
Cy_5-Gfb9
Oxt6-Ymw4
Q_j8-Wxn1
Tn_4-Dzr8
Jtc8-Ekt8
Bkq8-Ken1
Iux9-Edr0
Mnc9-Izx3
Srn3-Bfo2
Txk4-Nz_6
Yjq5-Xwk3
#Here is the number of lines required: 30

L1-Sa_2 L2-Arw8 L3-Gte8 L4-Zia2 L5-H_h3 L6-O_f4 L7-Y_r1 L8-Cpt0 L9-Idg0 L10-Rmm8
L1-Xnl9 L11-Sa_2 L2-Ytz7 L12-Arw8 L3-Cvn0 L13-Gte8 L4-Vys5 L14-Zia2 L5-Smu3 L15-H_h3 L6-Jtc8 L16-O_f4 L7-Bhg3 L17-Y_r1 L8-Hya0 L18-Cpt0 L9-Nop3 L19-Idg0 L10-Vwg0 L20-Rmm8
L1-Hxs8 L11-Xnl9 L21-Sa_2 L2-Pbv2 L12-Ytz7 L22-Arw8 L3-A_s7 L13-Cvn0 L23-Gte8 L4-C_k2 L14-Vys5 L24-Zia2 L5-Pyv8 L15-Smu3 L25-H_h3 L6-Mil6 L16-Jtc8 L26-O_f4 L7-Dwj2 L17-Bhg3 L27-Y_r1 L8-Sak6 L18-Hya0 L28-Cpt0 L9-Nid5 L19-Nop3 L29-Idg0 L10-Noq5 L20-Vwg0 L30-Rmm8
L1-Iio7 L11-Hxs8 L21-Xnl9 L31-Sa_2 L2-Rza4 L12-Pbv2 L22-Ytz7 L32-Arw8 L3-Vzb6 L13-A_s7 L23-Cvn0 L33-Gte8 L4-J__8 L14-C_k2 L24-Vys5 L34-Zia2 L5-Xmm2 L15-Pyv8 L25-Smu3 L35-H_h3 L6-Yxi5 L16-Mil6 L26-Jtc8 L36-O_f4 L7-Kby0 L17-Dwj2 L27-Bhg3 L37-Y_r1 L8-Qfp1 L18-Sak6 L28-Hya0 L38-Cpt0 L9-S_j5 L19-Nid5 L29-Nop3 L39-Idg0 L10-Yvz5 L20-Noq5 L30-Vwg0 L40-Rmm8
L1-Tiy9 L11-Iio7 L21-Hxs8 L31-Xnl9 L41-Sa_2 L2-Tn_4 L12-Rza4 L22-Pbv2 L32-Ytz7 L42-Arw8 L3-Ihy5 L13-Vzb6 L23-A_s7 L33-Cvn0 L43-Gte8 L4-Usc8 L14-J__8 L24-C_k2 L34-Vys5 L44-Zia2 L5-Q_j8 L15-Xmm2 L25-Pyv8 L35-Smu3 L45-H_h3 L6-Wjf7 L16-Yxi5 L26-Mil6 L36-Jtc8 L46-O_f4 L7-Wdn3 L17-Kby0 L27-Dwj2 L37-Bhg3 L47-Y_r1 L8-Cu_7 L18-Qfp1 L28-Sak6 L38-Hya0 L48-Cpt0 L9-Kkf3 L19-S_j5 L29-Nid5 L39-Nop3 L49-Idg0 L10-Uwa7 L20-Yvz5 L30-Noq5 L40-Vwg0 L50-Rmm8
L1-Ap_2 L11-Tiy9 L21-Iio7 L31-Hxs8 L41-Xnl9 L51-Sa_2 L2-Ory0 L12-Tn_4 L22-Rza4 L32-Pbv2 L42-Ytz7 L52-Arw8 L3-Xgn9 L13-Ihy5 L23-Vzb6 L33-A_s7 L43-Cvn0 L53-Gte8 L4-Djt1 L14-Usc8 L24-J__8 L34-C_k2 L44-Vys5 L54-Zia2 L5-Mwp2 L15-Q_j8 L25-Xmm2 L35-Pyv8 L45-Smu3 L55-H_h3 L6-S_o2 L16-Wjf7 L26-Yxi5 L36-Mil6 L46-Jtc8 L56-O_f4 L7-Ysf0 L17-Wdn3 L27-Kby0 L37-Dwj2 L47-Bhg3 L57-Y_r1 L8-Qwk5 L18-Cu_7 L28-Qfp1 L38-Sak6 L48-Hya0 L58-Cpt0 L9-Wps8 L19-Kkf3 L29-S_j5 L39-Nid5 L49-Nop3 L59-Idg0 L10-Wni4 L20-Uwa7 L30-Yvz5 L40-Noq5 L50-Vwg0 L60-Rmm8
L1-Htt9 L11-Ap_2 L21-Tiy9 L31-Iio7 L41-Hxs8 L51-Xnl9 L61-Sa_2 L2-Jgi5 L12-Ory0 L22-Tn_4 L32-Rza4 L42-Pbv2 L52-Ytz7 L62-Arw8 L3-Ylg3 L13-Xgn9 L23-Ihy5 L33-Vzb6 L43-A_s7 L53-Cvn0 L63-Gte8 L4-Y_q1 L14-Djt1 L24-Usc8 L34-J__8 L44-C_k2 L54-Vys5 L64-Zia2 L5-Qu_7 L15-Mwp2 L25-Q_j8 L35-Xmm2 L45-Pyv8 L55-Smu3 L65-H_h3 L6-Gge0 L16-S_o2 L26-Wjf7 L36-Yxi5 L46-Mil6 L56-Jtc8 L66-O_f4 L7-Nny0 L17-Ysf0 L27-Wdn3 L37-Kby0 L47-Dwj2 L57-Bhg3 L67-Y_r1 L8-Xyy0 L18-Qwk5 L28-Cu_7 L38-Qfp1 L48-Sak6 L58-Hya0 L68-Cpt0 L9-Rvg8 L19-Wps8 L29-Kkf3 L39-S_j5 L49-Nid5 L59-Nop3 L69-Idg0 L10-Nim9 L20-Wni4 L30-Uwa7 L40-Yvz5 L50-Noq5 L60-Vwg0 L70-Rmm8
L1-Y_x6 L11-Htt9 L21-Ap_2 L31-Tiy9 L41-Iio7 L51-Hxs8 L61-Xnl9 L71-Sa_2 L2-Yey1 L12-Jgi5 L22-Ory0 L32-Tn_4 L42-Rza4 L52-Pbv2 L62-Ytz7 L72-Arw8 L3-Oed9 L13-Ylg3 L23-Xgn9 L33-Ihy5 L43-Vzb6 L53-A_s7 L63-Cvn0 L73-Gte8 L4-Rrd7 L14-Y_q1 L24-Djt1 L34-Usc8 L44-J__8 L54-C_k2 L64-Vys5 L74-Zia2 L5-P_f1 L15-Qu_7 L25-Mwp2 L35-Q_j8 L45-Xmm2 L55-Pyv8 L65-Smu3 L75-H_h3 L6-Gtc1 L16-Gge0 L26-S_o2 L36-Wjf7 L46-Yxi5 L56-Mil6 L66-Jtc8 L76-O_f4 L7-Ggl5 L17-Nny0 L27-Ysf0 L37-Wdn3 L47-Kby0 L57-Dwj2 L67-Bhg3 L77-Y_r1 L8-Kdu8 L18-Xyy0 L28-Qwk5 L38-Cu_7 L48-Qfp1 L58-Sak6 L68-Hya0 L78-Cpt0 L9-M_b7 L19-Rvg8 L29-Wps8 L39-Kkf3 L49-S_j5 L59-Nid5 L69-Nop3 L79-Idg0 L10-Qjo5 L20-Nim9 L30-Wni4 L40-Uwa7 L50-Yvz5 L60-Noq5 L70-Vwg0 L80-Rmm8
L1-Ekq5 L11-Y_x6 L21-Htt9 L31-Ap_2 L41-Tiy9 L51-Iio7 L61-Hxs8 L71-Xnl9 L81-Sa_2 L2-Qy_3 L12-Yey1 L22-Jgi5 L32-Ory0 L42-Tn_4 L52-Rza4 L62-Pbv2 L72-Ytz7 L82-Arw8 L3-Nbu8 L13-Oed9 L23-Ylg3 L33-Xgn9 L43-Ihy5 L53-Vzb6 L63-A_s7 L73-Cvn0 L83-Gte8 L4-Ji_8 L14-Rrd7 L24-Y_q1 L34-Djt1 L44-Usc8 L54-J__8 L64-C_k2 L74-Vys5 L84-Zia2 L5-Bvk1 L15-P_f1 L25-Qu_7 L35-Mwp2 L45-Q_j8 L55-Xmm2 L65-Pyv8 L75-Smu3 L85-H_h3 L6-Vbo1 L16-Gtc1 L26-Gge0 L36-S_o2 L46-Wjf7 L56-Yxi5 L66-Mil6 L76-Jtc8 L86-O_f4 L7-Eub8 L17-Ggl5 L27-Nny0 L37-Ysf0 L47-Wdn3 L57-Kby0 L67-Dwj2 L77-Bhg3 L87-Y_r1 L8-Dvl0 L18-Kdu8 L28-Xyy0 L38-Qwk5 L48-Cu_7 L58-Qfp1 L68-Sak6 L78-Hya0 L88-Cpt0 L9-Pcm8 L19-M_b7 L29-Rvg8 L39-Wps8 L49-Kkf3 L59-S_j5 L69-Nid5 L79-Nop3 L89-Idg0 L10-Kke6 L20-Qjo5 L30-Nim9 L40-Wni4 L50-Uwa7 L60-Yvz5 L70-Noq5 L80-Vwg0 L90-Rmm8
L1-Zot9 L11-Ekq5 L21-Y_x6 L31-Htt9 L41-Ap_2 L51-Tiy9 L61-Iio7 L71-Hxs8 L81-Xnl9 L2-Vxi6 L12-Qy_3 L22-Yey1 L32-Jgi5 L42-Ory0 L52-Tn_4 L62-Rza4 L72-Pbv2 L82-Ytz7 L91-Arw8 L3-Uao6 L13-Nbu8 L23-Oed9 L33-Ylg3 L43-Xgn9 L53-Ihy5 L63-Vzb6 L73-A_s7 L83-Cvn0 L92-Gte8 L4-Oxt6 L14-Ji_8 L24-Rrd7 L34-Y_q1 L44-Djt1 L54-Usc8 L64-J__8 L74-C_k2 L84-Vys5 L93-Zia2 L5-C_v4 L15-Bvk1 L25-P_f1 L35-Qu_7 L45-Mwp2 L55-Q_j8 L65-Xmm2 L75-Pyv8 L85-Smu3 L94-H_h3 L6-Xvh6 L16-Vbo1 L26-Gtc1 L36-Gge0 L46-S_o2 L56-Wjf7 L66-Yxi5 L76-Mil6 L86-Jtc8 L95-O_f4 L7-Q_h7 L17-Eub8 L27-Ggl5 L37-Nny0 L47-Ysf0 L57-Wdn3 L67-Kby0 L77-Dwj2 L87-Bhg3 L96-Y_r1 L8-Pfo2 L18-Dvl0 L28-Kdu8 L38-Xyy0 L48-Qwk5 L58-Cu_7 L68-Qfp1 L78-Sak6 L88-Hya0 L97-Cpt0 L9-Jhr7 L19-Pcm8 L29-M_b7 L39-Rvg8 L49-Wps8 L59-Kkf3 L69-S_j5 L79-Nid5 L89-Nop3 L98-Idg0 L10-Uhp6 L20-Kke6 L30-Qjo5 L40-Nim9 L50-Wni4 L60-Uwa7 L70-Yvz5 L80-Noq5 L90-Vwg0 L99-Rmm8
L1-Dyb6 L11-Zot9 L21-Ekq5 L31-Y_x6 L41-Htt9 L51-Ap_2 L61-Tiy9 L71-Iio7 L81-Hxs8 L2-Shy6 L12-Vxi6 L22-Qy_3 L32-Yey1 L42-Jgi5 L52-Ory0 L62-Tn_4 L72-Rza4 L82-Pbv2 L91-Ytz7 L3-Iux9 L13-Uao6 L23-Nbu8 L33-Oed9 L43-Ylg3 L53-Xgn9 L63-Ihy5 L73-Vzb6 L83-A_s7 L92-Cvn0 L4-Bke1 L14-Oxt6 L24-Ji_8 L34-Rrd7 L44-Y_q1 L54-Djt1 L64-Usc8 L74-J__8 L84-C_k2 L93-Vys5 L5-Bkq8 L15-C_v4 L25-Bvk1 L35-P_f1 L45-Qu_7 L55-Mwp2 L65-Q_j8 L75-Xmm2 L85-Pyv8 L94-Smu3 L6-Mao0 L16-Xvh6 L26-Vbo1 L36-Gtc1 L46-Gge0 L56-S_o2 L66-Wjf7 L76-Yxi5 L86-Mil6 L95-Jtc8 L7-Vcs6 L17-Q_h7 L27-Eub8 L37-Ggl5 L47-Nny0 L57-Ysf0 L67-Wdn3 L77-Kby0 L87-Dwj2 L96-Bhg3 L8-Znf0 L18-Pfo2 L28-Dvl0 L38-Kdu8 L48-Xyy0 L58-Qwk5 L68-Cu_7 L78-Qfp1 L88-Sak6 L97-Hya0 L9-Cku9 L19-Jhr7 L29-Pcm8 L39-M_b7 L49-Rvg8 L59-Wps8 L69-Kkf3 L79-S_j5 L89-Nid5 L98-Nop3 L10-Tqc5 L20-Uhp6 L30-Kke6 L40-Qjo5 L50-Nim9 L60-Wni4 L70-Uwa7 L80-Yvz5 L90-Noq5 L99-Vwg0
L1-Cte6 L11-Dyb6 L21-Zot9 L31-Ekq5 L41-Y_x6 L51-Htt9 L61-Ap_2 L71-Tiy9 L81-Iio7 L2-Vse9 L12-Shy6 L22-Vxi6 L32-Qy_3 L42-Yey1 L52-Jgi5 L62-Ory0 L72-Tn_4 L82-Rza4 L91-Pbv2 L3-Oer3 L13-Iux9 L23-Uao6 L33-Nbu8 L43-Oed9 L53-Ylg3 L63-Xgn9 L73-Ihy5 L83-Vzb6 L92-A_s7 L4-Dwl9 L14-Bke1 L24-Oxt6 L34-Ji_8 L44-Rrd7 L54-Y_q1 L64-Djt1 L74-Usc8 L84-J__8 L93-C_k2 L5-Yxu0 L15-Bkq8 L25-C_v4 L35-Bvk1 L45-P_f1 L55-Qu_7 L65-Mwp2 L75-Q_j8 L85-Xmm2 L94-Pyv8 L6-Bat1 L16-Mao0 L26-Xvh6 L36-Vbo1 L46-Gtc1 L56-Gge0 L66-S_o2 L76-Wjf7 L86-Yxi5 L95-Mil6 L7-Kf_2 L17-Vcs6 L27-Q_h7 L37-Eub8 L47-Ggl5 L57-Nny0 L67-Ysf0 L77-Wdn3 L87-Kby0 L96-Dwj2 L8-Bhq9 L18-Znf0 L28-Pfo2 L38-Dvl0 L48-Kdu8 L58-Xyy0 L68-Qwk5 L78-Cu_7 L88-Qfp1 L97-Sak6 L9-Acl0 L19-Cku9 L29-Jhr7 L39-Pcm8 L49-M_b7 L59-Rvg8 L69-Wps8 L79-Kkf3 L89-S_j5 L98-Nid5 L10-Pen6 L20-Tqc5 L30-Uhp6 L40-Kke6 L50-Qjo5 L60-Nim9 L70-Wni4 L80-Uwa7 L90-Yvz5 L99-Noq5
L1-Jer1 L11-Cte6 L21-Dyb6 L31-Zot9 L41-Ekq5 L51-Y_x6 L61-Htt9 L71-Ap_2 L81-Tiy9 L2-Kgq2 L12-Vse9 L22-Shy6 L32-Vxi6 L42-Qy_3 L52-Yey1 L62-Jgi5 L72-Ory0 L82-Tn_4 L91-Rza4 L3-Afl0 L13-Oer3 L23-Iux9 L33-Uao6 L43-Nbu8 L53-Oed9 L63-Ylg3 L73-Xgn9 L83-Ihy5 L92-Vzb6 L4-Wrp8 L14-Dwl9 L24-Bke1 L34-Oxt6 L44-Ji_8 L54-Rrd7 L64-Y_q1 L74-Djt1 L84-Usc8 L93-J__8 L5-Jxt7 L15-Yxu0 L25-Bkq8 L35-C_v4 L45-Bvk1 L55-P_f1 L65-Qu_7 L75-Mwp2 L85-Q_j8 L94-Xmm2 L6-Fwp6 L16-Bat1 L26-Mao0 L36-Xvh6 L46-Vbo1 L56-Gtc1 L66-Gge0 L76-S_o2 L86-Wjf7 L95-Yxi5 L7-Mec9 L17-Kf_2 L27-Vcs6 L37-Q_h7 L47-Eub8 L57-Ggl5 L67-Nny0 L77-Ysf0 L87-Wdn3 L96-Kby0 L8-Sgq6 L18-Bhq9 L28-Znf0 L38-Pfo2 L48-Dvl0 L58-Kdu8 L68-Xyy0 L78-Qwk5 L88-Cu_7 L97-Qfp1 L9-Zvm4 L19-Acl0 L29-Cku9 L39-Jhr7 L49-Pcm8 L59-M_b7 L69-Rvg8 L79-Wps8 L89-Kkf3 L98-S_j5 L10-T_n9 L20-Pen6 L30-Tqc5 L40-Uhp6 L50-Kke6 L60-Qjo5 L70-Nim9 L80-Wni4 L90-Uwa7 L99-Yvz5
L1-Rbe6 L11-Jer1 L21-Cte6 L31-Dyb6 L41-Zot9 L51-Ekq5 L61-Y_x6 L71-Htt9 L81-Ap_2 L2-Tyv6 L12-Kgq2 L22-Vse9 L32-Shy6 L42-Vxi6 L52-Qy_3 L62-Yey1 L72-Jgi5 L82-Ory0 L91-Tn_4 L3-Mho2 L13-Afl0 L23-Oer3 L33-Iux9 L43-Uao6 L53-Nbu8 L63-Oed9 L73-Ylg3 L83-Xgn9 L92-Ihy5 L4-Wou7 L14-Wrp8 L24-Dwl9 L34-Bke1 L44-Oxt6 L54-Ji_8 L64-Rrd7 L74-Y_q1 L84-Djt1 L93-Usc8 L5-Ivh3 L15-Jxt7 L25-Yxu0 L35-Bkq8 L45-C_v4 L55-Bvk1 L65-P_f1 L75-Qu_7 L85-Mwp2 L94-Q_j8 L6-Jje6 L16-Fwp6 L26-Bat1 L36-Mao0 L46-Xvh6 L56-Vbo1 L66-Gtc1 L76-Gge0 L86-S_o2 L95-Wjf7 L7-Fad1 L17-Mec9 L27-Kf_2 L37-Vcs6 L47-Q_h7 L57-Eub8 L67-Ggl5 L77-Nny0 L87-Ysf0 L96-Wdn3 L8-Pwn5 L18-Sgq6 L28-Bhq9 L38-Znf0 L48-Pfo2 L58-Dvl0 L68-Kdu8 L78-Xyy0 L88-Qwk5 L97-Cu_7 L9-Bpp9 L19-Zvm4 L29-Acl0 L39-Cku9 L49-Jhr7 L59-Pcm8 L69-M_b7 L79-Rvg8 L89-Wps8 L98-Kkf3 L10-Bgx5 L20-T_n9 L30-Pen6 L40-Tqc5 L50-Uhp6 L60-Kke6 L70-Qjo5 L80-Nim9 L90-Wni4 L99-Uwa7
L1-Ri_9 L11-Rbe6 L21-Jer1 L31-Cte6 L41-Dyb6 L51-Zot9 L61-Ekq5 L71-Y_x6 L81-Htt9 L2-P_g3 L12-Tyv6 L22-Kgq2 L32-Vse9 L42-Shy6 L52-Vxi6 L62-Qy_3 L72-Yey1 L82-Jgi5 L91-Ory0 L3-Mho4 L13-Mho2 L23-Afl0 L33-Oer3 L43-Iux9 L53-Uao6 L63-Nbu8 L73-Oed9 L83-Ylg3 L92-Xgn9 L4-Rlo8 L14-Wou7 L24-Wrp8 L34-Dwl9 L44-Bke1 L54-Oxt6 L64-Ji_8 L74-Rrd7 L84-Y_q1 L93-Djt1 L5-Jzl1 L15-Ivh3 L25-Jxt7 L35-Yxu0 L45-Bkq8 L55-C_v4 L65-Bvk1 L75-P_f1 L85-Qu_7 L94-Mwp2 L6-Nzo8 L16-Jje6 L26-Fwp6 L36-Bat1 L46-Mao0 L56-Xvh6 L66-Vbo1 L76-Gtc1 L86-Gge0 L95-S_o2 L7-N_q5 L17-Fad1 L27-Mec9 L37-Kf_2 L47-Vcs6 L57-Q_h7 L67-Eub8 L77-Ggl5 L87-Nny0 L96-Ysf0 L8-Ui_1 L18-Pwn5 L28-Sgq6 L38-Bhq9 L48-Znf0 L58-Pfo2 L68-Dvl0 L78-Kdu8 L88-Xyy0 L97-Qwk5 L9-Kur2 L19-Bpp9 L29-Zvm4 L39-Acl0 L49-Cku9 L59-Jhr7 L69-Pcm8 L79-M_b7 L89-Rvg8 L98-Wps8 L10-Inx1 L20-Bgx5 L30-T_n9 L40-Pen6 L50-Tqc5 L60-Uhp6 L70-Kke6 L80-Qjo5 L90-Nim9 L99-Wni4
L1-Pb_8 L11-Ri_9 L21-Rbe6 L31-Jer1 L41-Cte6 L51-Dyb6 L61-Zot9 L71-Ekq5 L81-Y_x6 L2-Aqg6 L12-P_g3 L22-Tyv6 L32-Kgq2 L42-Vse9 L52-Shy6 L62-Vxi6 L72-Qy_3 L82-Yey1 L91-Jgi5 L3-Xnn0 L13-Mho4 L23-Mho2 L33-Afl0 L43-Oer3 L53-Iux9 L63-Uao6 L73-Nbu8 L83-Oed9 L92-Ylg3 L4-E__1 L14-Rlo8 L24-Wou7 L34-Wrp8 L44-Dwl9 L54-Bke1 L64-Oxt6 L74-Ji_8 L84-Rrd7 L93-Y_q1 L5-Obc1 L15-Jzl1 L25-Ivh3 L35-Jxt7 L45-Yxu0 L55-Bkq8 L65-C_v4 L75-Bvk1 L85-P_f1 L94-Qu_7 L6-Dwi8 L16-Nzo8 L26-Jje6 L36-Fwp6 L46-Bat1 L56-Mao0 L66-Xvh6 L76-Vbo1 L86-Gtc1 L95-Gge0 L7-Ivl5 L17-N_q5 L27-Fad1 L37-Mec9 L47-Kf_2 L57-Vcs6 L67-Q_h7 L77-Eub8 L87-Ggl5 L96-Nny0 L8-Ipl4 L18-Ui_1 L28-Pwn5 L38-Sgq6 L48-Bhq9 L58-Znf0 L68-Pfo2 L78-Dvl0 L88-Kdu8 L97-Xyy0 L9-W_u5 L19-Kur2 L29-Bpp9 L39-Zvm4 L49-Acl0 L59-Cku9 L69-Jhr7 L79-Pcm8 L89-M_b7 L98-Rvg8 L10-Nhx8 L20-Inx1 L30-Bgx5 L40-T_n9 L50-Pen6 L60-Tqc5 L70-Uhp6 L80-Kke6 L90-Qjo5 L99-Nim9
L1-Gol7 L11-Pb_8 L21-Ri_9 L31-Rbe6 L41-Jer1 L51-Cte6 L61-Dyb6 L71-Zot9 L81-Ekq5 L2-Od_5 L12-Aqg6 L22-P_g3 L32-Tyv6 L42-Kgq2 L52-Vse9 L62-Shy6 L72-Vxi6 L82-Qy_3 L91-Yey1 L3-Flv2 L13-Xnn0 L23-Mho4 L33-Mho2 L43-Afl0 L53-Oer3 L63-Iux9 L73-Uao6 L83-Nbu8 L92-Oed9 L4-Nom9 L14-E__1 L24-Rlo8 L34-Wou7 L44-Wrp8 L54-Dwl9 L64-Bke1 L74-Oxt6 L84-Ji_8 L93-Rrd7 L5-Myu4 L15-Obc1 L25-Jzl1 L35-Ivh3 L45-Jxt7 L55-Yxu0 L65-Bkq8 L75-C_v4 L85-Bvk1 L94-P_f1 L6-Hic0 L16-Dwi8 L26-Nzo8 L36-Jje6 L46-Fwp6 L56-Bat1 L66-Mao0 L76-Xvh6 L86-Vbo1 L95-Gtc1 L7-Fwp7 L17-Ivl5 L27-N_q5 L37-Fad1 L47-Mec9 L57-Kf_2 L67-Vcs6 L77-Q_h7 L87-Eub8 L96-Ggl5 L8-Vpb7 L18-Ipl4 L28-Ui_1 L38-Pwn5 L48-Sgq6 L58-Bhq9 L68-Znf0 L78-Pfo2 L88-Dvl0 L97-Kdu8 L9-Jrl5 L19-W_u5 L29-Kur2 L39-Bpp9 L49-Zvm4 L59-Acl0 L69-Cku9 L79-Jhr7 L89-Pcm8 L98-M_b7 L20-Nhx8 L30-Inx1 L40-Bgx5 L50-T_n9 L60-Pen6 L70-Tqc5 L80-Uhp6 L90-Kke6 L99-Qjo5
L1-Flf0 L11-Gol7 L21-Pb_8 L31-Ri_9 L41-Rbe6 L51-Jer1 L61-Cte6 L71-Dyb6 L81-Zot9 L2-Ucc6 L12-Od_5 L22-Aqg6 L32-P_g3 L42-Tyv6 L52-Kgq2 L62-Vse9 L72-Shy6 L82-Vxi6 L91-Qy_3 L3-Znr6 L13-Flv2 L23-Xnn0 L33-Mho4 L43-Mho2 L53-Afl0 L63-Oer3 L73-Iux9 L83-Uao6 L92-Nbu8 L4-Ybm5 L14-Nom9 L24-E__1 L34-Rlo8 L44-Wou7 L54-Wrp8 L64-Dwl9 L74-Bke1 L84-Oxt6 L93-Ji_8 L5-Cy_5 L15-Myu4 L25-Obc1 L35-Jzl1 L45-Ivh3 L55-Jxt7 L65-Yxu0 L75-Bkq8 L85-C_v4 L94-Bvk1 L6-Wvs4 L16-Hic0 L26-Dwi8 L36-Nzo8 L46-Jje6 L56-Fwp6 L66-Bat1 L76-Mao0 L86-Xvh6 L95-Vbo1 L7-Ict5 L17-Fwp7 L27-Ivl5 L37-N_q5 L47-Fad1 L57-Mec9 L67-Kf_2 L77-Vcs6 L87-Q_h7 L96-Eub8 L8-Pxn8 L18-Vpb7 L28-Ipl4 L38-Ui_1 L48-Pwn5 L58-Sgq6 L68-Bhq9 L78-Znf0 L88-Pfo2 L97-Dvl0 L9-Ktx3 L19-Jrl5 L29-W_u5 L39-Kur2 L49-Bpp9 L59-Zvm4 L69-Acl0 L79-Cku9 L89-Jhr7 L98-Pcm8 L30-Nhx8 L40-Inx1 L50-Bgx5 L60-T_n9 L70-Pen6 L80-Tqc5 L90-Uhp6 L99-Kke6
L1-Uhm0 L11-Flf0 L21-Gol7 L31-Pb_8 L41-Ri_9 L51-Rbe6 L61-Jer1 L71-Cte6 L81-Dyb6 L2-Tvr1 L12-Ucc6 L22-Od_5 L32-Aqg6 L42-P_g3 L52-Tyv6 L62-Kgq2 L72-Vse9 L82-Shy6 L91-Vxi6 L3-Zut1 L13-Znr6 L23-Flv2 L33-Xnn0 L43-Mho4 L53-Mho2 L63-Afl0 L73-Oer3 L83-Iux9 L92-Uao6 L4-Cbq6 L14-Ybm5 L24-Nom9 L34-E__1 L44-Rlo8 L54-Wou7 L64-Wrp8 L74-Dwl9 L84-Bke1 L93-Oxt6 L5-Hnz2 L15-Cy_5 L25-Myu4 L35-Obc1 L45-Jzl1 L55-Ivh3 L65-Jxt7 L75-Yxu0 L85-Bkq8 L94-C_v4 L6-Nhx8 L16-Wvs4 L26-Hic0 L36-Dwi8 L46-Nzo8 L56-Jje6 L66-Fwp6 L76-Bat1 L86-Mao0 L95-Xvh6 L7-Nhx8 L17-Ict5 L27-Fwp7 L37-Ivl5 L47-N_q5 L57-Fad1 L67-Mec9 L77-Kf_2 L87-Vcs6 L96-Q_h7 L8-Nhx8 L18-Pxn8 L28-Vpb7 L38-Ipl4 L48-Ui_1 L58-Pwn5 L68-Sgq6 L78-Bhq9 L88-Znf0 L97-Pfo2 L9-Nhx8 L19-Ktx3 L29-Jrl5 L39-W_u5 L49-Kur2 L59-Bpp9 L69-Zvm4 L79-Acl0 L89-Cku9 L98-Jhr7 L40-Nhx8 L50-Inx1 L60-Bgx5 L70-T_n9 L80-Pen6 L90-Tqc5 L99-Uhp6
L1-Id_7 L11-Uhm0 L21-Flf0 L31-Gol7 L41-Pb_8 L51-Ri_9 L61-Rbe6 L71-Jer1 L81-Cte6 L2-Dba4 L12-Tvr1 L22-Ucc6 L32-Od_5 L42-Aqg6 L52-P_g3 L62-Tyv6 L72-Kgq2 L82-Vse9 L91-Shy6 L3-Esq2 L13-Zut1 L23-Znr6 L33-Flv2 L43-Xnn0 L53-Mho4 L63-Mho2 L73-Afl0 L83-Oer3 L92-Iux9 L4-Fsq7 L14-Cbq6 L24-Ybm5 L34-Nom9 L44-E__1 L54-Rlo8 L64-Wou7 L74-Wrp8 L84-Dwl9 L93-Bke1 L5-Nhx8 L15-Hnz2 L25-Cy_5 L35-Myu4 L45-Obc1 L55-Jzl1 L65-Ivh3 L75-Jxt7 L85-Yxu0 L94-Bkq8 L16-Nhx8 L26-Wvs4 L36-Hic0 L46-Dwi8 L56-Nzo8 L66-Jje6 L76-Fwp6 L86-Bat1 L95-Mao0 L17-Nhx8 L27-Ict5 L37-Fwp7 L47-Ivl5 L57-N_q5 L67-Fad1 L77-Mec9 L87-Kf_2 L96-Vcs6 L18-Nhx8 L28-Pxn8 L38-Vpb7 L48-Ipl4 L58-Ui_1 L68-Pwn5 L78-Sgq6 L88-Bhq9 L97-Znf0 L19-Nhx8 L29-Ktx3 L39-Jrl5 L49-W_u5 L59-Kur2 L69-Bpp9 L79-Zvm4 L89-Acl0 L98-Cku9 L50-Nhx8 L60-Inx1 L70-Bgx5 L80-T_n9 L90-Pen6 L99-Tqc5
L1-Uke6 L11-Id_7 L21-Uhm0 L31-Flf0 L41-Gol7 L51-Pb_8 L61-Ri_9 L71-Rbe6 L81-Jer1 L2-Evl2 L12-Dba4 L22-Tvr1 L32-Ucc6 L42-Od_5 L52-Aqg6 L62-P_g3 L72-Tyv6 L82-Kgq2 L91-Vse9 L3-Smx0 L13-Esq2 L23-Zut1 L33-Znr6 L43-Flv2 L53-Xnn0 L63-Mho4 L73-Mho2 L83-Afl0 L92-Oer3 L4-Ifz7 L14-Fsq7 L24-Cbq6 L34-Ybm5 L44-Nom9 L54-E__1 L64-Rlo8 L74-Wou7 L84-Wrp8 L93-Dwl9 L15-Nhx8 L25-Hnz2 L35-Cy_5 L45-Myu4 L55-Obc1 L65-Jzl1 L75-Ivh3 L85-Jxt7 L94-Yxu0 L26-Nhx8 L36-Wvs4 L46-Hic0 L56-Dwi8 L66-Nzo8 L76-Jje6 L86-Fwp6 L95-Bat1 L27-Nhx8 L37-Ict5 L47-Fwp7 L57-Ivl5 L67-N_q5 L77-Fad1 L87-Mec9 L96-Kf_2 L28-Nhx8 L38-Pxn8 L48-Vpb7 L58-Ipl4 L68-Ui_1 L78-Pwn5 L88-Sgq6 L97-Bhq9 L29-Nhx8 L39-Ktx3 L49-Jrl5 L59-W_u5 L69-Kur2 L79-Bpp9 L89-Zvm4 L98-Acl0 L60-Nhx8 L70-Inx1 L80-Bgx5 L90-T_n9 L99-Pen6
L1-Ri_4 L11-Uke6 L21-Id_7 L31-Uhm0 L41-Flf0 L51-Gol7 L61-Pb_8 L71-Ri_9 L81-Rbe6 L2-Qti5 L12-Evl2 L22-Dba4 L32-Tvr1 L42-Ucc6 L52-Od_5 L62-Aqg6 L72-P_g3 L82-Tyv6 L91-Kgq2 L3-J_o1 L13-Smx0 L23-Esq2 L33-Zut1 L43-Znr6 L53-Flv2 L63-Xnn0 L73-Mho4 L83-Mho2 L92-Afl0 L4-Nhx8 L14-Ifz7 L24-Fsq7 L34-Cbq6 L44-Ybm5 L54-Nom9 L64-E__1 L74-Rlo8 L84-Wou7 L93-Wrp8 L25-Nhx8 L35-Hnz2 L45-Cy_5 L55-Myu4 L65-Obc1 L75-Jzl1 L85-Ivh3 L94-Jxt7 L36-Nhx8 L46-Wvs4 L56-Hic0 L66-Dwi8 L76-Nzo8 L86-Jje6 L95-Fwp6 L37-Nhx8 L47-Ict5 L57-Fwp7 L67-Ivl5 L77-N_q5 L87-Fad1 L96-Mec9 L38-Nhx8 L48-Pxn8 L58-Vpb7 L68-Ipl4 L78-Ui_1 L88-Pwn5 L97-Sgq6 L39-Nhx8 L49-Ktx3 L59-Jrl5 L69-W_u5 L79-Kur2 L89-Bpp9 L98-Zvm4 L70-Nhx8 L80-Inx1 L90-Bgx5 L99-T_n9
L1-Nhx8 L11-Ri_4 L21-Uke6 L31-Id_7 L41-Uhm0 L51-Flf0 L61-Gol7 L71-Pb_8 L81-Ri_9 L2-Nhx8 L12-Qti5 L22-Evl2 L32-Dba4 L42-Tvr1 L52-Ucc6 L62-Od_5 L72-Aqg6 L82-P_g3 L91-Tyv6 L3-Nhx8 L13-J_o1 L23-Smx0 L33-Esq2 L43-Zut1 L53-Znr6 L63-Flv2 L73-Xnn0 L83-Mho4 L92-Mho2 L14-Nhx8 L24-Ifz7 L34-Fsq7 L44-Cbq6 L54-Ybm5 L64-Nom9 L74-E__1 L84-Rlo8 L93-Wou7 L35-Nhx8 L45-Hnz2 L55-Cy_5 L65-Myu4 L75-Obc1 L85-Jzl1 L94-Ivh3 L46-Nhx8 L56-Wvs4 L66-Hic0 L76-Dwi8 L86-Nzo8 L95-Jje6 L47-Nhx8 L57-Ict5 L67-Fwp7 L77-Ivl5 L87-N_q5 L96-Fad1 L48-Nhx8 L58-Pxn8 L68-Vpb7 L78-Ipl4 L88-Ui_1 L97-Pwn5 L49-Nhx8 L59-Ktx3 L69-Jrl5 L79-W_u5 L89-Kur2 L98-Bpp9 L80-Nhx8 L90-Inx1 L99-Bgx5
L11-Nhx8 L21-Ri_4 L31-Uke6 L41-Id_7 L51-Uhm0 L61-Flf0 L71-Gol7 L81-Pb_8 L12-Nhx8 L22-Qti5 L32-Evl2 L42-Dba4 L52-Tvr1 L62-Ucc6 L72-Od_5 L82-Aqg6 L91-P_g3 L13-Nhx8 L23-J_o1 L33-Smx0 L43-Esq2 L53-Zut1 L63-Znr6 L73-Flv2 L83-Xnn0 L92-Mho4 L24-Nhx8 L34-Ifz7 L44-Fsq7 L54-Cbq6 L64-Ybm5 L74-Nom9 L84-E__1 L93-Rlo8 L45-Nhx8 L55-Hnz2 L65-Cy_5 L75-Myu4 L85-Obc1 L94-Jzl1 L56-Nhx8 L66-Wvs4 L76-Hic0 L86-Dwi8 L95-Nzo8 L57-Nhx8 L67-Ict5 L77-Fwp7 L87-Ivl5 L96-N_q5 L58-Nhx8 L68-Pxn8 L78-Vpb7 L88-Ipl4 L97-Ui_1 L59-Nhx8 L69-Ktx3 L79-Jrl5 L89-W_u5 L98-Kur2 L90-Nhx8 L99-Inx1
L21-Nhx8 L31-Ri_4 L41-Uke6 L51-Id_7 L61-Uhm0 L71-Flf0 L81-Gol7 L22-Nhx8 L32-Qti5 L42-Evl2 L52-Dba4 L62-Tvr1 L72-Ucc6 L82-Od_5 L91-Aqg6 L23-Nhx8 L33-J_o1 L43-Smx0 L53-Esq2 L63-Zut1 L73-Znr6 L83-Flv2 L92-Xnn0 L34-Nhx8 L44-Ifz7 L54-Fsq7 L64-Cbq6 L74-Ybm5 L84-Nom9 L93-E__1 L55-Nhx8 L65-Hnz2 L75-Cy_5 L85-Myu4 L94-Obc1 L66-Nhx8 L76-Wvs4 L86-Hic0 L95-Dwi8 L67-Nhx8 L77-Ict5 L87-Fwp7 L96-Ivl5 L68-Nhx8 L78-Pxn8 L88-Vpb7 L97-Ipl4 L69-Nhx8 L79-Ktx3 L89-Jrl5 L98-W_u5 L99-Nhx8
L31-Nhx8 L41-Ri_4 L51-Uke6 L61-Id_7 L71-Uhm0 L81-Flf0 L32-Nhx8 L42-Qti5 L52-Evl2 L62-Dba4 L72-Tvr1 L82-Ucc6 L91-Od_5 L33-Nhx8 L43-J_o1 L53-Smx0 L63-Esq2 L73-Zut1 L83-Znr6 L92-Flv2 L44-Nhx8 L54-Ifz7 L64-Fsq7 L74-Cbq6 L84-Ybm5 L93-Nom9 L65-Nhx8 L75-Hnz2 L85-Cy_5 L94-Myu4 L76-Nhx8 L86-Wvs4 L95-Hic0 L77-Nhx8 L87-Ict5 L96-Fwp7 L78-Nhx8 L88-Pxn8 L97-Vpb7 L79-Nhx8 L89-Ktx3 L98-Jrl5
L41-Nhx8 L51-Ri_4 L61-Uke6 L71-Id_7 L81-Uhm0 L42-Nhx8 L52-Qti5 L62-Evl2 L72-Dba4 L82-Tvr1 L91-Ucc6 L43-Nhx8 L53-J_o1 L63-Smx0 L73-Esq2 L83-Zut1 L92-Znr6 L54-Nhx8 L64-Ifz7 L74-Fsq7 L84-Cbq6 L93-Ybm5 L75-Nhx8 L85-Hnz2 L94-Cy_5 L86-Nhx8 L95-Wvs4 L87-Nhx8 L96-Ict5 L88-Nhx8 L97-Pxn8 L89-Nhx8 L98-Ktx3
L51-Nhx8 L61-Ri_4 L71-Uke6 L81-Id_7 L52-Nhx8 L62-Qti5 L72-Evl2 L82-Dba4 L91-Tvr1 L53-Nhx8 L63-J_o1 L73-Smx0 L83-Esq2 L92-Zut1 L64-Nhx8 L74-Ifz7 L84-Fsq7 L93-Cbq6 L85-Nhx8 L94-Hnz2 L95-Nhx8 L96-Nhx8 L97-Nhx8 L98-Nhx8
L61-Nhx8 L71-Ri_4 L81-Uke6 L62-Nhx8 L72-Qti5 L82-Evl2 L91-Dba4 L63-Nhx8 L73-J_o1 L83-Smx0 L92-Esq2 L74-Nhx8 L84-Ifz7 L93-Fsq7 L94-Nhx8
L71-Nhx8 L81-Ri_4 L72-Nhx8 L82-Qti5 L91-Evl2 L73-Nhx8 L83-J_o1 L92-Smx0 L84-Nhx8 L93-Ifz7
L81-Nhx8 L82-Nhx8 L91-Qti5 L83-Nhx8 L92-J_o1 L93-Nhx8
L91-Nhx8 L92-Nhx8
