1
#Here is the number of lines required: 27
##start
R_q7 3 3
##end
Qzb6 6 6
K_a0 9 9
Jzq8 12 12
Hfk7 14 14
Gic0 17 17
Rfw4 20 20
Rpl5 24 24
Ayv1 26 26
Krw7 30 30
Oyc3 33 33
Dqk9 36 36
K_u3 39 39
Zak9 42 42
Rfh5 46 46
Mk_0 50 50
Jev9 54 54
Euk6 56 56
Nmt5 58 58
Cun5 62 62
H_n2 67 67
Yjs5 69 69
Tue4 70 70
Wvo4 75 75
Eyu6 77 77
Vxw2 80 80
Ggx7 84 84
Xcs8 88 88
Zdp0 91 91
Pwc6 95 95
Clp7 96 96
Rae1 99 99
Kyq4 103 103
Muz6 105 105
Rmn0 107 107
Qkl3 108 108
Ogx6 111 111
Bhx1 114 114
Nrr5 115 115
Ccn2 118 118
Nsy5 122 122
Yhy7 124 124
Vvw6 129 129
Qg_8 134 134
Brb3 137 137
Sy_0 141 141
Yrp2 144 144
Xda4 146 146
Kpt0 147 147
Bxn9 150 150
Ub_9 155 155
Zjv7 158 158
Xtx2 161 161
Voe0 163 163
Hvr8 168 168
Jpy4 171 171
Iaj2 174 174
O_w9 175 175
Ary0 179 179
Jgy3 181 181
Fwr4 186 186
Xxh5 190 190
Abk8 194 194
Uco3 197 197
Rn_1 200 200
Jkl8 205 205
Ssn2 206 206
Xkz7 209 209
Ou_8 212 212
Hyw3 215 215
Fvz8 219 219
Ppf0 223 223
Kdl1 226 226
Jyx4 230 230
Fjo9 232 232
Njn8 234 234
Iqf3 238 238
Jw_0 243 243
Dmj8 247 247
Zz_4 251 251
Re_4 254 254
Zge1 258 258
Mqa1 262 262
Syq5 263 263
Rvq0 264 264
Evi9 267 267
Zxf6 271 271
Igy4 273 273
Xj_3 274 274
U_s7 281 281
Vmy7 284 284
Qvs5 285 285
D_x2 288 288
Vk_6 292 292
C_z8 297 297
Ono5 298 298
Mye9 302 302
Jtm7 305 305
Yfg4 307 307
Xsg8 310 310
Yco7 312 312
Ygp7 317 317
Qcn0 322 322
Ydf6 323 323
Adw0 328 328
Qxx1 332 332
Ojm8 333 333
Czz5 337 337
Ttv3 341 341
Mah3 345 345
Aaj9 346 346
Eb_3 347 347
X_t5 349 349
Oxy5 352 352
Kjr1 355 355
Syh1 359 359
Jzc0 363 363
Rzn2 366 366
Bft0 368 368
Exf4 370 370
Bal8 372 372
Ant9 375 375
Dcy7 378 378
A_x8 379 379
Un_9 383 383
Hmd1 384 384
Spy7 386 386
Xhw9 390 390
I_p9 393 393
Yqz8 397 397
H_o7 400 400
Xzw6 405 405
Oko6 408 408
Pwh7 411 411
Sg_7 416 416
Ozb2 418 418
Xcb4 421 421
Jiw9 424 424
Tvd8 427 427
Vpx9 429 429
Zl_4 431 431
Xzo8 433 433
Fxo5 434 434
Ik_2 437 437
Ymd7 440 440
Eln4 444 444
Ndc2 447 447
Oaq5 449 449
H_f1 451 451
Bwb0 454 454
Hgn5 457 457
Oxi7 461 461
Nv_0 462 462
Ssc8 465 465
Tni2 469 469
Tml5 473 473
Uf_6 476 476
Tck5 477 477
Zin1 480 480
Pxf6 483 483
Gqv4 487 487
Omy0 491 491
Aos1 493 493
Nuo5 495 495
Tnt3 496 496
Wdy9 501 501
Eoh4 506 506
Wwf3 508 508
Iyz7 511 511
Pwi0 512 512
Eii5 513 513
Iyw8 516 516
Zsl8 519 519
Wpn5 523 523
Fqx5 525 525
D_z0 527 527
Ueu3 531 531
Hw_3 533 533
Fof5 537 537
W__0 538 538
U_n5 542 542
Yc_6 544 544
Kya3 546 546
Ydx9 549 549
P_i7 553 553
W__0-P_i7
Tck5-Ydx9
Mye9-K_a0
Gqv4-Kya3
Xj_3-Yc_6
Iqf3-Jzq8
Zjv7-Hfk7
Bwb0-Rfw4
Ary0-W__0
Oaq5-Rpl5
Jgy3-Ueu3
O_w9-Krw7
Kyq4-D_z0
Xsg8-K_u3
Syh1-Zak9
Omy0-Fqx5
Wwf3-Wpn5
Ary0-Iyw8
Zge1-Rfh5
Wvo4-Mk_0
Bwb0-Eii5
Zge1-Pwi0
Zxf6-Jev9
Wdy9-Iyz7
Nrr5-Euk6
Ydf6-Wwf3
Evi9-Eoh4
Jzc0-Wdy9
Zl_4-Yjs5
Tni2-Tue4
Ggx7-Wvo4
Fvz8-Eyu6
Jiw9-Vxw2
Muz6-Gqv4
Syh1-Pwc6
Iaj2-Tck5
Vvw6-Ssc8
Abk8-Muz6
Ant9-Oxi7
O_w9-Bwb0
Spy7-H_f1
Spy7-Ndc2
Mqa1-Nrr5
Mqa1-Ccn2
Njn8-Xzo8
Ttv3-Zl_4
Jpy4-Vpx9
Zxf6-Ozb2
Xsg8-Sg_7
Spy7-Qg_8
Ttv3-Brb3
Pwh7-Qzb6
Yqz8-H_o7
I_p9-Yqz8
Spy7-Xhw9
Sy_0-Spy7
Hmd1-Sy_0
Un_9-Yrp2
Xda4-Un_9
Kpt0-Xda4
Bxn9-Kpt0
Zjv7-Ub_9
Xtx2-Zjv7
Hvr8-Voe0
Bal8-Jpy4
Ary0-O_w9
Bft0-Ary0
Rzn2-Jgy3
Xxh5-Fwr4
Abk8-Xxh5
Jzc0-Abk8
Uco3-Jzc0
Xkz7-Ssn2
Syh1-Xkz7
Ou_8-Syh1
Hyw3-Ou_8
Kjr1-Hyw3
Oxy5-Fvz8
Ppf0-Oxy5
Kdl1-X_t5
Eb_3-Kdl1
Aaj9-Eb_3
Mah3-Aaj9
Ttv3-Mah3
Czz5-Ttv3
Ojm8-Jyx4
Fjo9-Ojm8
Qxx1-Fjo9
Iqf3-Njn8
Adw0-Iqf3
Jw_0-Adw0
Xj_3-Qzb6
Dmj8-Ydf6
Qcn0-Dmj8
Yco7-Ygp7
Re_4-Yco7
Jtm7-Yfg4
Ono5-Mye9
Mqa1-Zge1
Syq5-Mqa1
Evi9-Rvq0
D_x2-Evi9
Qvs5-D_x2
Zxf6-Qvs5
Vmy7-Zxf6
U_s7-Igy4
R_q7-U_s7
Igy4-Vmy7
Rvq0-Vk_6
Vk_6-C_z8
C_z8-Syq5
Zge1-Ono5
Mye9-Jtm7
Yfg4-Xsg8
Xsg8-Re_4
Ygp7-Zz_4
Zz_4-Qcn0
Ydf6-Xj_3
R_q7-Jw_0
Njn8-Qxx1
Jyx4-Czz5
X_t5-Ppf0
Fvz8-Kjr1
Ssn2-Jkl8
Jkl8-Rn_1
Rn_1-Uco3
Fwr4-Rzn2
Jgy3-Bft0
O_w9-Iaj2
Iaj2-Exf4
Exf4-Bal8
Jpy4-Hvr8
Voe0-Ant9
Ant9-Dcy7
Dcy7-Xtx2
Ub_9-A_x8
A_x8-Bxn9
Yrp2-Hmd1
Xhw9-I_p9
H_o7-Xzw6
Xzw6-Oko6
Oko6-Pwh7
Brb3-Vvw6
Ssn2-Xcb4
Xkz7-Jiw9
Jpy4-Tvd8
Vmy7-Yhy7
X_t5-Nsy5
Xsg8-Fxo5
Xzw6-Ik_2
Igy4-Ymd7
Exf4-Eln4
Pwh7-Oaq5
Zz_4-Hgn5
Tvd8-Bhx1
Xtx2-Nv_0
Jtm7-Ogx6
Ppf0-Qkl3
Fjo9-Rmn0
Yrp2-Kyq4
Evi9-Rae1
Qg_8-Tni2
Oko6-Tml5
Tml5-Uf_6
Oaq5-Clp7
D_x2-Zin1
Ydf6-Zdp0
Pwh7-Pxf6
Qvs5-Omy0
Ogx6-Xcs8
Qxx1-Ggx7
Qkl3-Aos1
Ik_2-Nuo5
Tni2-Tnt3
Qxx1-H_n2
Kjr1-Cun5
Kpt0-Nmt5
Bwb0-Zsl8
Omy0-Dqk9
Xcs8-Oyc3
Czz5-Ayv1
Tnt3-Hw_3
Ant9-Fof5
Pwh7-Gic0
Tni2-U_n5
#Here is the number of lines required: 27

L1-U_s7
L1-Igy4
L1-Vmy7
L1-Zxf6
L1-Qvs5
L1-D_x2
L1-Evi9
L1-Rvq0
L1-Vk_6
L1-C_z8
L1-Syq5
L1-Mqa1
L1-Zge1
L1-Ono5
L1-Mye9
L1-Jtm7
L1-Yfg4
L1-Xsg8
L1-Re_4
L1-Yco7
L1-Ygp7
L1-Zz_4
L1-Qcn0
L1-Dmj8
L1-Ydf6
L1-Xj_3
L1-Qzb6
