11
#Here is the number of lines required: 30
##start
Bpp3 0 0
##end
Mtv1 3 3
Oqj2 8 8
Hpd8 13 13
Mud1 16 16
Evp0 20 20
Yfa8 22 22
Bwq5 25 25
Goo4 29 29
Rzk5 33 33
Uxx2 38 38
Ifh8 41 41
Izj5 44 44
Kck3 47 47
Cxf9 49 49
Mhc4 52 52
Yza4 56 56
Aqt1 61 61
Kaq0 64 64
Guj3 66 66
Edw8 69 69
Uhy6 72 72
Vwl3 75 75
Gkd6 78 78
Jnn4 81 81
Yka5 84 84
Sks2 89 89
Ggq9 94 94
Vrj8 97 97
Sbi0 100 100
Rcs2 102 102
Fyx9 107 107
A_p6 110 110
N_s6 111 111
E_f3 112 112
Kkj5 116 116
Bcv2 119 119
Rgf3 123 123
Iib3 127 127
Abi6 128 128
Tm_7 133 133
Ugo5 136 136
Dwv5 139 139
Aon5 141 141
Iyy3 144 144
Hyw6 146 146
F_q2 147 147
Tns7 150 150
Vl_5 154 154
Sky3 156 156
Iiw0 158 158
B_e8 160 160
Djv0 163 163
Ipv8 166 166
Htc6 169 169
Vkk7 171 171
Vue0 173 173
Mnf9 176 176
Eke9 180 180
Jdn7 184 184
Ves0 189 189
G_w5 191 191
Olu6 194 194
Gmo7 196 196
Nh_5 198 198
Dhw3 199 199
Dkh5 201 201
Q_b7 203 203
Xfc8 206 206
Uix9 209 209
Kvl1 211 211
Vxb1 214 214
Tsk3 217 217
H_h5 218 218
Gde8 221 221
Ppg8 223 223
Uvm4 228 228
Huy6 230 230
Stu2 233 233
Fjx0 236 236
Vcf0 238 238
Ycc7 242 242
Fls4 243 243
Vrr7 247 247
C_u8 249 249
Gil5 251 251
Wxq4 255 255
S_k3 256 256
Bqr3 259 259
Twz6 261 261
Jvs6 264 264
Zat5 266 266
Fuw2 270 270
Ape0 274 274
B_a6 276 276
Oag2 280 280
Rsd4 283 283
Rmo1 287 287
Baa1 290 290
Cvn4 294 294
Qwc9 296 296
O_q9 301 301
Uji4 305 305
Aif3 308 308
El_3 311 311
Gvy0 314 314
Umo9 316 316
Xrr1 319 319
Vam6 322 322
Gzm5 326 326
Z_l3 328 328
Y_s1 331 331
Tc_0 334 334
I_q2 338 338
Kqf6 343 343
Hx_7 346 346
Pyt3 349 349
Aib3 351 351
Vid2 354 354
Cdy7 356 356
Mzy6 360 360
Sid3 362 362
Wpw2 366 366
D_o1 369 369
Wky3 370 370
Yog4 375 375
Tmt5 377 377
Wwa4 379 379
Dmu2 382 382
Ncv5 384 384
Vqk3 386 386
Pnl6 388 388
Oro1 389 389
Qky3 391 391
Dqr7 394 394
Pyk5 397 397
Cyw4 400 400
Vmh3 405 405
R_o8 407 407
Xwa2 410 410
Ieg8 413 413
Xjs1 414 414
Ib_2 418 418
Bqd1 421 421
Cvq8 424 424
Sv_1 425 425
Ss_4 430 430
Gbd5 433 433
Fhl3 436 436
Ys_5 441 441
Kdv3 444 444
Ukv9 447 447
X_k6 449 449
Sou5 451 451
Vz_0 455 455
Mdr8 459 459
Qdo4 461 461
Cjy9 465 465
Dsn8 470 470
Cqy5 472 472
Jwa0 475 475
Tsf5 478 478
Abv7 483 483
X_e1 485 485
Usd2 488 488
Svc6 491 491
I_h5 493 493
Sxt6 497 497
Omz7 498 498
O_p1 501 501
Vtx7 504 504
Zkn2 505 505
D_f0 507 507
Fpd7 508 508
Tzk9 511 511
Yde9 515 515
Yrt1 518 518
Fei6 523 523
Ozu5 524 524
Til2 527 527
Fkl4 529 529
Erg4 532 532
Wq_5 534 534
Mwl8 537 537
P_q1 541 541
Hyb5 545 545
Glu1 548 548
Uee0 549 549
Zqa3 552 552
Xzz9 555 555
Ozp6 558 558
Dq_8 560 560
Kto4 563 563
Yk_4 566 566
Qnb2 568 568
Xe_1 572 572
Fir6 575 575
Bmd7 578 578
Ytd6 582 582
Fb_9 585 585
Esj2 588 588
Xcj4 590 590
Aff5 592 592
Fkr2 594 594
Ewl0 596 596
Dwa1 599 599
Bug4 603 603
R_b6 606 606
Kys7 609 609
Qwm0 611 611
Hs_2 614 614
Avq7 618 618
Mkm2 621 621
Yrc7 625 625
U__5 630 630
Eog6 633 633
Vlf5 635 635
V_n1 639 639
Vgb7 642 642
Dfc4 646 646
M_q0 648 648
Aqm4 651 651
Nap2 656 656
Ddz6 658 658
Fej9 661 661
Iml1 664 664
Jgj2 665 665
Hsm7 669 669
Jiv7 670 670
W_v4 675 675
Ryj5 679 679
Ru_8 681 681
Ndx6 685 685
Hpk1 689 689
Fec7 692 692
Vkb8 700 700
Mrw3 703 703
Sdf3 706 706
C_f9 710 710
Tqp2 712 712
Vtb6 714 714
Cch1 716 716
Gz_0 718 718
Pql4 721 721
Ttz7 725 725
Dpf7 727 727
Tad0 729 729
Wjt9 733 733
Tne6 736 736
Ak_2 740 740
Pcc3 744 744
Sbx3 746 746
C_p7 749 749
Rkp9 751 751
Bcp9 755 755
Vvu9 757 757
Txr8 761 761
T__0 765 765
Rxh2 767 767
Gxi9 771 771
Gtn0 776 776
Dun4 777 777
Inp7 779 779
Qzb5 783 783
Opg8 788 788
Xyb5 790 790
Blf0 793 793
Qdy9 794 794
Qqr9 797 797
T_p7 798 798
Uev7 803 803
De_1 808 808
Uph6 809 809
Qin6 813 813
Dqc5 814 814
Y_u6 816 816
Iae5 819 819
Xje7 822 822
Zqo4 825 825
B_m5 828 828
Yk_1 830 830
G_h3 835 835
Yzx2 837 837
Fgd8 841 841
Bmd1 843 843
Fe_2 846 846
Xlz5 850 850
Ctu2 852 852
Xwz6 856 856
Anv5 857 857
Gdb0 861 861
Pvp9 863 863
C_k9 867 867
Yae8 870 870
Jjx9 874 874
Xbv1 877 877
Vho9 881 881
Jjn2 885 885
Sj_2 888 888
Zjm4 893 893
Yzc3 896 896
Qg_0 899 899
Dss8 902 902
Fub8 905 905
Cfs4 908 908
Hdg2 913 913
Gf_1 916 916
E_o5 921 921
H_x1 924 924
Avc0 925 925
Mpa7 927 927
Dzy3 931 931
X_v5 936 936
Bdy4 941 941
V_c5 943 943
Bzs0 946 946
Aho4 949 949
Fv_1 951 951
Kbw1 955 955
Paf4 956 956
Rgd6 959 959
Evd5 962 962
Hqi9 963 963
Jih2 968 968
Yop0 972 972
Nf_3 974 974
Bkf7 976 976
Ix_5 980 980
Mlz8 985 985
Yfy9 989 989
Hil5 991 991
Mem7 995 995
Bax6 999 999
Kvs3 1001 1001
Qti7 1006 1006
Bdc5 1011 1011
Ryz8 1013 1013
Mhd3 1017 1017
Nlu4 1018 1018
Zom9 1020 1020
Bfz4 1023 1023
Ku_8 1027 1027
Akf9 1030 1030
Q_l8 1032 1032
Ifg3 1034 1034
Gom6 1036 1036
Q_n2 1039 1039
Jgf8 1043 1043
D_g6 1045 1045
Zrk7 1047 1047
Srl8 1050 1050
Moc5 1051 1051
Xfm4 1054 1054
Max3 1058 1058
Xhi5 1060 1060
Gcc9 1062 1062
Fqx1 1065 1065
Pcs9 1070 1070
Bpr4 1072 1072
Hpj2 1074 1074
Q_i4 1078 1078
Fye5 1082 1082
G_u6 1085 1085
Mcj9 1087 1087
Oev8 1091 1091
Dff1 1095 1095
Gjx7 1097 1097
Gtu6 1099 1099
Omi0 1102 1102
Ebw5 1105 1105
S_l7 1110 1110
Opi3 1112 1112
Gfx8 1115 1115
Jet6 1119 1119
Hqb9 1122 1122
Bej7 1125 1125
Ysb5 1128 1128
Rjp9 1131 1131
Zda4 1132 1132
Rot9 1136 1136
Fce2 1137 1137
Y_y0 1141 1141
Sdd8 1144 1144
Jsn7 1147 1147
S_h1 1151 1151
Rgk5 1155 1155
Afk8 1156 1156
Cbx5 1158 1158
Z_o4 1161 1161
Zwb7 1163 1163
Roo2 1166 1166
Aqy0 1167 1167
Mtp5 1169 1169
X_u8 1170 1170
Sdl9 1172 1172
Ozt0 1175 1175
Nfa5 1178 1178
Zll7 1181 1181
Eyo4 1185 1185
Kfq0 1188 1188
Ymz1 1190 1190
Dut0 1193 1193
Pmc1 1195 1195
Cgi2 1198 1198
Vip0 1199 1199
Wgx1 1202 1202
Njh6 1205 1205
Sgz7 1206 1206
Emd4 1211 1211
Vru7 1214 1214
Fch2 1219 1219
Tvc4 1223 1223
Pdu7 1225 1225
Vji7 1228 1228
Bxm3 1231 1231
Dzk5 1236 1236
Afp2 1237 1237
Tra8 1242 1242
Phd6 1247 1247
Bd_3 1250 1250
Xij4 1253 1253
Pxb5 1256 1256
Eva8 1259 1259
D_i3 1263 1263
Yqr1 1266 1266
Dpt9 1269 1269
Qqz1 1271 1271
Zhh4 1275 1275
N_f0 1277 1277
Fjv1 1280 1280
H_d9 1284 1284
Fop9 1286 1286
Zix0 1287 1287
Nfx4 1291 1291
Hfo0 1292 1292
Ucq7 1296 1296
Sf_6 1297 1297
Fas5 1300 1300
Vuv1 1303 1303
Xfo8 1306 1306
Sko9 1311 1311
Ou_6 1313 1313
Y_k6 1317 1317
W_p5 1321 1321
Iuf3 1324 1324
Evr5 1326 1326
N_r2 1328 1328
Qfb1 1331 1331
Hlp8 1335 1335
Dje2 1339 1339
Iul2 1342 1342
Dje2-Iul2
Sj_2-Dje2
Eke9-Hlp8
Ddz6-Oqj2
Qnb2-Hpd8
Yka5-Mud1
Srl8-Evp0
Evd5-W_p5
Srl8-Y_k6
Wpw2-Ou_6
Qnb2-Sko9
I_h5-Rzk5
Nh_5-Uxx2
I_h5-Xfo8
Opi3-Kck3
Djv0-Vuv1
Eke9-Sf_6
Mcj9-Hfo0
Yde9-Nfx4
H_h5-Mhc4
Xrr1-Aqt1
Tvc4-Kaq0
Dqc5-Fop9
Fqx1-N_f0
Omi0-Edw8
Ryj5-Dpt9
Sky3-Vwl3
Qdo4-Gkd6
Ddz6-Xij4
S_k3-Bd_3
Paf4-Phd6
Gtn0-Jnn4
Bmd1-Tra8
Anv5-Vrj8
Sxt6-Dzk5
Gzm5-Sbi0
Ib_2-Bxm3
Xje7-A_p6
Ozt0-N_s6
Sdd8-E_f3
Qwc9-Tvc4
Qzb5-Kkj5
Qky3-Bcv2
Fye5-Iib3
Gcc9-Abi6
Emd4-Mtv1
Njh6-Sgz7
Cgi2-Vip0
Tm_7-Pmc1
Dwv5-Dut0
Aon5-Dwv5
Iyy3-Aon5
F_q2-Hyw6
Ymz1-F_q2
Tns7-Ymz1
Eyo4-Kfq0
Zll7-Eyo4
Nfa5-Zll7
Mtp5-X_u8
Aqy0-Sky3
Roo2-B_e8
Htc6-Ipv8
Zwb7-Vkk7
Vue0-Zwb7
Eke9-Z_o4
Cbx5-Eke9
Ves0-Afk8
G_w5-Ves0
S_h1-Rgk5
Jsn7-Olu6
Gmo7-Jsn7
Nh_5-Gmo7
Sdd8-Nh_5
Dhw3-Y_y0
Fce2-Dhw3
Dkh5-Fce2
Rot9-Dkh5
Q_b7-Zda4
Kvl1-Uix9
Rjp9-Vxb1
Ysb5-Rjp9
Gfx8-Tsk3
Bpp3-Gde8
Ppg8-Mtv1
Opi3-Ppg8
S_l7-Opi3
Ebw5-S_l7
Uvm4-Ebw5
Oev8-Dff1
Vcf0-Oev8
Fls4-Ycc7
Vrr7-Fls4
G_u6-Vrr7
Gil5-C_u8
S_k3-Wxq4
Twz6-Q_i4
Fuw2-Zat5
Hpj2-Fuw2
Ape0-Bpr4
B_a6-Ape0
Oag2-B_a6
Rsd4-Oag2
Pcs9-Rmo1
Fqx1-Baa1
Gcc9-Fqx1
Uji4-O_q9
Aif3-Uji4
Xfm4-El_3
Moc5-Umo9
Z_l3-Gzm5
Zrk7-Z_l3
Bpp3-Zrk7
D_g6-Mtv1
Jgf8-D_g6
Gom6-Y_s1
Kqf6-Akf9
Hx_7-Kqf6
Ku_8-Hx_7
Bfz4-Ku_8
Pyt3-Bfz4
Nlu4-Cdy7
Mzy6-Nlu4
Sid3-Ryz8
Wpw2-Sid3
Wky3-D_o1
Tmt5-Yog4
Wwa4-Tmt5
Qti7-Wwa4
Dmu2-Kvs3
Ncv5-Dmu2
Bax6-Ncv5
Mem7-Bax6
Vqk3-Mem7
Hil5-Vqk3
Bkf7-Qky3
Nf_3-Pyk5
Cyw4-Yop0
Hqi9-Jih2
Evd5-Hqi9
Vmh3-Evd5
Rgd6-Vmh3
Paf4-Xjs1
Kbw1-Ib_2
Aho4-Fv_1
Bzs0-Aho4
Bqd1-V_c5
Cvq8-Bqd1
Bdy4-Cvq8
X_v5-Sv_1
Dzy3-X_v5
Avc0-Mpa7
H_x1-Avc0
Ukv9-Kdv3
Vz_0-Sou5
Hdg2-Vz_0
Cfs4-Hdg2
Qdo4-Fub8
Cjy9-Dss8
Qg_0-Cjy9
Sj_2-Zjm4
Jjn2-Sj_2
C_k9-Yae8
Pvp9-C_k9
Tsf5-Anv5
Ctu2-Xwz6
Svc6-Usd2
Fgd8-Svc6
G_h3-Yzx2
I_h5-G_h3
Sxt6-I_h5
Yk_1-Sxt6
Omz7-Yk_1
B_m5-Omz7
Bpp3-Xje7
Vtx7-O_p1
Zkn2-Vtx7
D_f0-Zkn2
Y_u6-Iae5
Fpd7-Y_u6
Uph6-Qin6
Tzk9-De_1
T_p7-Uev7
Qqr9-Til2
Fkl4-Qdy9
Erg4-Mtv1
P_q1-Mwl8
Hyb5-P_q1
Qzb5-Uee0
Zqa3-Qzb5
Ozp6-Inp7
Dq_8-Ozp6
Dun4-Dq_8
Kto4-Dun4
Yk_4-Gtn0
Gxi9-Yk_4
Qnb2-Gxi9
Xe_1-Rxh2
Bmd7-Fir6
Ytd6-Bmd7
Vvu9-Txr8
Esj2-Vvu9
Bpp3-Esj2
Aff5-Xcj4
Rkp9-Aff5
Fkr2-Rkp9
Dwa1-Ewl0
R_b6-Bug4
C_p7-Hs_2
Sbx3-Avq7
Pcc3-Sbx3
Mkm2-Pcc3
U__5-Yrc7
Eog6-U__5
Tne6-Eog6
Vlf5-Tne6
Vgb7-V_n1
Dfc4-Mtv1
Tad0-Dfc4
M_q0-Ttz7
Nap2-Aqm4
Fej9-Ddz6
Pql4-Fej9
Jgj2-Iml1
Hsm7-Gz_0
W_v4-Jiv7
Vtb6-Cch1
Ru_8-Vtb6
Ndx6-Ru_8
Sdf3-C_f9
Mrw3-Sdf3
Vkb8-Mrw3
Bpp3-Hpk1
Hpk1-Vkb8
C_f9-Tqp2
Tqp2-Ndx6
Cch1-Ryj5
Ryj5-W_v4
Jiv7-Hsm7
Gz_0-Jgj2
Iml1-Pql4
Ddz6-Nap2
Aqm4-M_q0
Ttz7-Dpf7
Dpf7-Tad0
Bpp3-Vgb7
V_n1-Wjt9
Wjt9-Vlf5
Yrc7-Ak_2
Ak_2-Mkm2
Avq7-C_p7
Hs_2-Qwm0
Qwm0-Kys7
Kys7-R_b6
Bug4-Dwa1
Ewl0-Fkr2
Xcj4-Bcp9
Bcp9-Mtv1
Txr8-Fb_9
Fb_9-T__0
T__0-Ytd6
Fir6-Xe_1
Rxh2-Qnb2
Gtn0-Kto4
Inp7-Xzz9
Xzz9-Zqa3
Uee0-Glu1
Glu1-Hyb5
Mwl8-Wq_5
Wq_5-Erg4
Bpp3-Opg8
Opg8-Xyb5
Xyb5-Blf0
Blf0-Fkl4
Qdy9-Qqr9
Til2-Ozu5
Ozu5-T_p7
Uev7-Fei6
Fei6-Yrt1
Yrt1-Yde9
Yde9-Tzk9
De_1-Uph6
Qin6-Dqc5
Dqc5-Fpd7
Iae5-D_f0
O_p1-Fec7
Fec7-Mtv1
Xje7-Zqo4
Zqo4-B_m5
Yzx2-Fgd8
Usd2-Bmd1
Bmd1-Fe_2
Fe_2-Xlz5
Xlz5-X_e1
X_e1-Abv7
Abv7-Ctu2
Xwz6-Tsf5
Anv5-Gdb0
Gdb0-Pvp9
Yae8-Jjx9
Jjx9-Xbv1
Xbv1-Vho9
Vho9-Jwa0
Jwa0-Jjn2
Zjm4-Yzc3
Yzc3-Cqy5
Cqy5-Mtv1
Bpp3-Dsn8
Dsn8-Qg_0
Dss8-Qdo4
Fub8-Mdr8
Mdr8-Cfs4
Sou5-X_k6
X_k6-Ukv9
Kdv3-Gf_1
Gf_1-Ys_5
Ys_5-Fhl3
Fhl3-Gbd5
Gbd5-Ss_4
Ss_4-E_o5
E_o5-H_x1
Mpa7-Dzy3
Sv_1-Bdy4
V_c5-Bzs0
Fv_1-Kbw1
Ib_2-Paf4
Xjs1-Ieg8
Ieg8-Xwa2
Xwa2-R_o8
R_o8-Rgd6
Jih2-Cyw4
Yop0-Nf_3
Pyk5-Dqr7
Dqr7-Bkf7
Qky3-Ix_5
Ix_5-Mlz8
Mlz8-Yfy9
Yfy9-Oro1
Oro1-Pnl6
Pnl6-Hil5
Kvs3-Qti7
Yog4-Wky3
D_o1-Bdc5
Bdc5-Wpw2
Ryz8-Mhd3
Mhd3-Mzy6
Cdy7-Vid2
Vid2-Aib3
Aib3-Zom9
Zom9-Pyt3
Akf9-Q_l8
Q_l8-I_q2
I_q2-Tc_0
Tc_0-Ifg3
Ifg3-Gom6
Y_s1-Q_n2
Q_n2-Jgf8
Gzm5-Vam6
Vam6-Srl8
Srl8-Xrr1
Xrr1-Moc5
Umo9-Gvy0
Gvy0-Xfm4
El_3-Aif3
O_q9-Qwc9
Qwc9-Max3
Max3-Xhi5
Xhi5-Cvn4
Cvn4-Gcc9
Baa1-Pcs9
Rmo1-Rsd4
Bpr4-Hpj2
Zat5-Jvs6
Jvs6-Twz6
Q_i4-Bqr3
Bqr3-S_k3
Wxq4-Gil5
C_u8-Fye5
Fye5-G_u6
Ycc7-Mcj9
Mcj9-Vcf0
Dff1-Gjx7
Gjx7-Gtu6
Gtu6-Fjx0
Fjx0-Stu2
Stu2-Omi0
Omi0-Huy6
Huy6-Uvm4
Gde8-H_h5
H_h5-Gfx8
Tsk3-Jet6
Jet6-Hqb9
Hqb9-Bej7
Bej7-Ysb5
Vxb1-Kvl1
Uix9-Xfc8
Xfc8-Q_b7
Zda4-Rot9
Y_y0-Sdd8
Olu6-S_h1
Rgk5-G_w5
Afk8-Jdn7
Jdn7-Cbx5
Z_o4-Mnf9
Mnf9-Vue0
Vkk7-Htc6
Ipv8-Djv0
Djv0-Roo2
B_e8-Iiw0
Iiw0-Aqy0
Sky3-Mtp5
X_u8-Sdl9
Sdl9-Vl_5
Vl_5-Ozt0
Ozt0-Nfa5
Kfq0-Tns7
Hyw6-Iyy3
Dut0-Ugo5
Ugo5-Tm_7
Pmc1-Cgi2
Vip0-Wgx1
Wgx1-Njh6
Sgz7-Emd4
Dwa1-Vru7
Kvl1-Fch2
X_k6-Rgf3
Opg8-Pdu7
Y_y0-Fyx9
Abi6-Vji7
Vlf5-Rcs2
R_b6-Afp2
C_k9-Ggq9
Dfc4-Sks2
Htc6-Yka5
Ru_8-Pxb5
Rmo1-Eva8
Avc0-D_i3
Pnl6-Uhy6
Anv5-Yqr1
Fub8-Qqz1
Ib_2-Zhh4
Hpj2-Fjv1
Qwm0-H_d9
Yk_4-Guj3
Ctu2-Zix0
Xfm4-Yza4
Ix_5-Cxf9
Yqr1-Ucq7
Dun4-Fas5
Guj3-Izj5
Xe_1-Ifh8
Xe_1-Goo4
Iyy3-Bwq5
O_q9-Yfa8
Dzk5-Iuf3
Bfz4-Evr5
Zix0-N_r2
Dq_8-Qfb1
#Here is the number of lines required: 30

L1-Hpk1 L2-Vgb7 L3-Opg8
L1-Vkb8 L4-Hpk1 L2-V_n1 L5-Vgb7 L3-Xyb5 L6-Opg8
L1-Mrw3 L4-Vkb8 L7-Hpk1 L2-Wjt9 L5-V_n1 L8-Vgb7 L3-Blf0 L6-Xyb5 L9-Opg8
L1-Sdf3 L4-Mrw3 L7-Vkb8 L2-Vlf5 L5-Wjt9 L8-V_n1 L10-Vgb7 L3-Fkl4 L6-Blf0 L9-Xyb5 L11-Opg8
L1-C_f9 L4-Sdf3 L7-Mrw3 L2-Tne6 L5-Vlf5 L8-Wjt9 L10-V_n1 L3-Qdy9 L6-Fkl4 L9-Blf0 L11-Xyb5
L1-Tqp2 L4-C_f9 L7-Sdf3 L2-Eog6 L5-Tne6 L8-Vlf5 L10-Wjt9 L3-Qqr9 L6-Qdy9 L9-Fkl4 L11-Blf0
L1-Ndx6 L4-Tqp2 L7-C_f9 L2-U__5 L5-Eog6 L8-Tne6 L10-Vlf5 L3-Til2 L6-Qqr9 L9-Qdy9 L11-Fkl4
L1-Ru_8 L4-Ndx6 L7-Tqp2 L2-Yrc7 L5-U__5 L8-Eog6 L10-Tne6 L3-Ozu5 L6-Til2 L9-Qqr9 L11-Qdy9
L1-Vtb6 L4-Ru_8 L7-Ndx6 L2-Ak_2 L5-Yrc7 L8-U__5 L10-Eog6 L3-T_p7 L6-Ozu5 L9-Til2 L11-Qqr9
L1-Cch1 L4-Vtb6 L7-Ru_8 L2-Mkm2 L5-Ak_2 L8-Yrc7 L10-U__5 L3-Uev7 L6-T_p7 L9-Ozu5 L11-Til2
L1-Ryj5 L4-Cch1 L7-Vtb6 L2-Pcc3 L5-Mkm2 L8-Ak_2 L10-Yrc7 L3-Fei6 L6-Uev7 L9-T_p7 L11-Ozu5
L1-W_v4 L4-Ryj5 L7-Cch1 L2-Sbx3 L5-Pcc3 L8-Mkm2 L10-Ak_2 L3-Yrt1 L6-Fei6 L9-Uev7 L11-T_p7
L1-Jiv7 L4-W_v4 L7-Ryj5 L2-Avq7 L5-Sbx3 L8-Pcc3 L10-Mkm2 L3-Yde9 L6-Yrt1 L9-Fei6 L11-Uev7
L1-Hsm7 L4-Jiv7 L7-W_v4 L2-C_p7 L5-Avq7 L8-Sbx3 L10-Pcc3 L3-Tzk9 L6-Yde9 L9-Yrt1 L11-Fei6
L1-Gz_0 L4-Hsm7 L7-Jiv7 L2-Hs_2 L5-C_p7 L8-Avq7 L10-Sbx3 L3-De_1 L6-Tzk9 L9-Yde9 L11-Yrt1
L1-Jgj2 L4-Gz_0 L7-Hsm7 L2-Qwm0 L5-Hs_2 L8-C_p7 L10-Avq7 L3-Uph6 L6-De_1 L9-Tzk9 L11-Yde9
L1-Iml1 L4-Jgj2 L7-Gz_0 L2-Kys7 L5-Qwm0 L8-Hs_2 L10-C_p7 L3-Dqc5 L6-Uph6 L9-De_1 L11-Tzk9
L1-Pql4 L4-Iml1 L7-Jgj2 L2-R_b6 L5-Kys7 L8-Qwm0 L10-Hs_2 L3-Fpd7 L6-Dqc5 L9-Uph6 L11-De_1
L1-Fej9 L4-Pql4 L7-Iml1 L2-Bug4 L5-R_b6 L8-Kys7 L10-Qwm0 L3-Y_u6 L6-Fpd7 L9-Dqc5 L11-Uph6
L1-Ddz6 L4-Fej9 L7-Pql4 L2-Dwa1 L5-Bug4 L8-R_b6 L10-Kys7 L3-Iae5 L6-Y_u6 L9-Fpd7 L11-Dqc5
L1-Nap2 L4-Ddz6 L7-Fej9 L2-Ewl0 L5-Dwa1 L8-Bug4 L10-R_b6 L3-D_f0 L6-Iae5 L9-Y_u6 L11-Fpd7
L1-Aqm4 L4-Nap2 L7-Ddz6 L2-Fkr2 L5-Ewl0 L8-Dwa1 L10-Bug4 L3-Zkn2 L6-D_f0 L9-Iae5 L11-Y_u6
L1-M_q0 L4-Aqm4 L7-Nap2 L2-Rkp9 L5-Fkr2 L8-Ewl0 L10-Dwa1 L3-Vtx7 L6-Zkn2 L9-D_f0 L11-Iae5
L1-Ttz7 L4-M_q0 L7-Aqm4 L2-Aff5 L5-Rkp9 L8-Fkr2 L10-Ewl0 L3-O_p1 L6-Vtx7 L9-Zkn2 L11-D_f0
L1-Dpf7 L4-Ttz7 L7-M_q0 L2-Xcj4 L5-Aff5 L8-Rkp9 L10-Fkr2 L3-Fec7 L6-O_p1 L9-Vtx7 L11-Zkn2
L1-Tad0 L4-Dpf7 L7-Ttz7 L2-Bcp9 L5-Xcj4 L8-Aff5 L10-Rkp9 L3-Mtv1 L6-Fec7 L9-O_p1 L11-Vtx7
L1-Dfc4 L4-Tad0 L7-Dpf7 L2-Mtv1 L5-Bcp9 L8-Xcj4 L10-Aff5 L6-Mtv1 L9-Fec7 L11-O_p1
L1-Mtv1 L4-Dfc4 L7-Tad0 L5-Mtv1 L8-Bcp9 L10-Xcj4 L9-Mtv1 L11-Fec7
L4-Mtv1 L7-Dfc4 L8-Mtv1 L10-Bcp9 L11-Mtv1
L7-Mtv1 L10-Mtv1
